-1 1528712540.185235 -0.534667 0.429843 1.09475
-1 1528712540.194982 -0.534192 0.430068 1.0943
-1 1528712540.204444 -0.534226 0.43005 1.09424
-1 1528712540.216821 -0.534252 0.430033 1.09419
-1 1528712540.228679 -0.534279 0.430019 1.09409
-1 1528712540.236807 -0.534299 0.430028 1.09399
-1 1528712540.248628 -0.534319 0.430043 1.09391
-1 1528712540.255368 -0.534344 0.430062 1.09382
-1 1528712540.262173 -0.534369 0.430078 1.09372
-1 1528712540.276465 -0.534391 0.430086 1.09361
-1 1528712540.284943 -0.534425 0.430099 1.09343
-1 1528712540.295201 -0.534458 0.430106 1.09329
-1 1528712540.307368 -0.534535 0.430119 1.09307
-1 1528712540.311635 -0.534608 0.430138 1.09291
-1 1528712540.326405 -0.534687 0.430159 1.09274
-1 1528712540.335247 -0.534811 0.430191 1.09244
-1 1528712540.344707 -0.534885 0.430198 1.09223
-1 1528712540.351468 -0.534958 0.43023 1.092
-1 1528712540.370081 -0.535045 0.430289 1.09163
-1 1528712540.377366 -0.535105 0.43036 1.09123
-1 1528712540.396122 -0.535161 0.4305 1.09064
-1 1528712540.407553 -0.535193 0.430621 1.09016
-1 1528712540.419470 -0.535217 0.430765 1.08966
-1 1528712540.425705 -0.535217 0.430857 1.08931
-1 1528712540.455913 -0.535176 0.430996 1.08859
-1 1528712540.462029 -0.535074 0.431102 1.08767
-1 1528712540.470783 -0.535046 0.431109 1.08729
-1 1528712540.486877 -0.535008 0.431092 1.08672
-1 1528712540.493442 -0.534971 0.431072 1.08634
-1 1528712540.500403 -0.534915 0.431056 1.08596
-1 1528712540.517337 -0.534793 0.431044 1.08539
-1 1528712540.523858 -0.534692 0.431037 1.08501
-1 1528712540.530409 -0.534585 0.431035 1.08464
-1 1528712540.538272 -0.534474 0.43103 1.08426
-1 1528712540.544194 -0.534425 0.431029 1.08408
-1 1528712540.561223 -0.534294 0.431024 1.08352
-1 1528712540.569706 -0.534126 0.430951 1.08281
-1 1528712540.576188 -0.534077 0.430925 1.08264
-1 1528712540.589920 -0.533962 0.43087 1.0823
-1 1528712540.598693 -0.533682 0.430772 1.08166
-1 1528712540.608350 -0.533615 0.43075 1.08151
-1 1528712540.615937 -0.533454 0.430676 1.08107
-1 1528712540.622658 -0.533417 0.430648 1.08092
-1 1528712540.636221 -0.533384 0.430535 1.08049
-1 1528712540.647125 -0.533449 0.430378 1.08008
-1 1528712540.659436 -0.533526 0.430222 1.07968
-1 1528712540.669810 -0.533551 0.430132 1.07943
-1 1528712540.676341 -0.533551 0.430064 1.07918
-1 1528712540.682637 -0.533538 0.430011 1.07894
-1 1528712540.709451 -0.533564 0.429867 1.07829
-1 1528712540.720979 -0.533651 0.429788 1.07799
-1 1528712540.732409 -0.533737 0.429723 1.0777
-1 1528712540.744266 -0.533757 0.429654 1.0775
-1 1528712540.750742 -0.533765 0.429601 1.0773
-1 1528712540.756883 -0.53376 0.429576 1.07719
-1 1528712540.764371 -0.533738 0.429529 1.07698
-1 1528712540.775006 -0.533698 0.429455 1.07667
-1 1528712540.786779 -0.533669 0.429394 1.07647
-1 1528712540.799685 -0.533633 0.429274 1.07607
-1 1528712540.808157 -0.533627 0.429216 1.07587
-1 1528712540.817248 -0.533622 0.429181 1.07577
-1 1528712540.825108 -0.533593 0.429059 1.07546
-1 1528712540.837234 -0.533571 0.428951 1.07515
-1 1528712540.845454 -0.533566 0.428921 1.07504
-1 1528712540.855333 -0.533536 0.42883 1.0747
-1 1528712540.862604 -0.533489 0.428766 1.07448
-1 1528712540.872527 -0.533419 0.428693 1.07425
-1 1528712540.880467 -0.533335 0.428609 1.07403
-1 1528712540.888865 -0.533246 0.428514 1.07382
-1 1528712540.898434 -0.533107 0.428372 1.07352
-1 1528712540.905452 -0.533059 0.428325 1.07342
-1 1528712540.913617 -0.532972 0.428232 1.07323
-1 1528712540.923268 -0.532899 0.428143 1.07304
-1 1528712540.930432 -0.532841 0.428049 1.07284
-1 1528712540.937721 -0.532777 0.427938 1.07264
-1 1528712540.952485 -0.532671 0.42777 1.07234
-1 1528712540.968648 -0.532526 0.427552 1.07196
-1 1528712540.977623 -0.532443 0.427444 1.07177
-1 1528712540.984445 -0.532359 0.427342 1.07159
-1 1528712540.998414 -0.532269 0.427242 1.07142
-1 1528712541.008694 -0.532052 0.427042 1.07109
-1 1528712541.014520 -0.53192 0.426939 1.07093
-1 1528712541.027923 -0.531848 0.42689 1.07085
-1 1528712541.040759 -0.531523 0.426697 1.07054
-1 1528712541.050410 -0.531247 0.426542 1.07033
-1 1528712541.056867 -0.531156 0.426486 1.07026
-1 1528712541.063707 -0.530975 0.426367 1.07012
-1 1528712541.072278 -0.530781 0.426252 1.06998
-1 1528712541.077892 -0.530571 0.426141 1.06985
-1 1528712541.090746 -0.530462 0.42609 1.06979
-1 1528712541.101061 -0.530125 0.425926 1.0696
-1 1528712541.107504 -0.529789 0.425739 1.06942
-1 1528712541.113673 -0.529682 0.425671 1.06937
-1 1528712541.121216 -0.529482 0.425534 1.06926
-1 1528712541.124974 -0.52939 0.425463 1.06921
-1 1528712541.132507 -0.529221 0.42532 1.06911
-1 1528712541.144380 -0.529076 0.425181 1.06901
-1 1528712541.152067 -0.528949 0.425041 1.06892
-1 1528712541.157638 -0.52889 0.42497 1.06887
-1 1528712541.164252 -0.528785 0.424817 1.06876
-1 1528712541.175840 -0.528694 0.424636 1.06866
-1 1528712541.186958 -0.528535 0.424232 1.06845
-1 1528712541.194649 -0.528478 0.424028 1.06835
-1 1528712541.205669 -0.528431 0.423839 1.06827
-1 1528712541.211803 -0.52839 0.423658 1.0682
-1 1528712541.221317 -0.528347 0.423482 1.06813
-1 1528712541.227051 -0.528306 0.423305 1.06807
-1 1528712541.237901 -0.528284 0.423216 1.06805
-1 1528712541.244499 -0.528212 0.422949 1.06797
-1 1528712541.256991 -0.528158 0.422774 1.06792
-1 1528712541.266792 -0.528108 0.422603 1.06787
-1 1528712541.274513 -0.528063 0.422427 1.06782
-1 1528712541.297832 -0.52802 0.421984 1.0677
-1 1528712541.305717 -0.528091 0.421716 1.06764
-1 1528712541.321478 -0.528257 0.421345 1.06758
-1 1528712541.328923 -0.52833 0.421151 1.06756
-1 1528712541.336244 -0.528401 0.420942 1.06755
-1 1528712541.347924 -0.528448 0.420738 1.06753
-1 1528712541.359665 -0.528487 0.420446 1.0675
-1 1528712541.365761 -0.528506 0.420262 1.06749
-1 1528712541.377115 -0.528511 0.420175 1.06748
-1 1528712541.389244 -0.528515 0.419927 1.06747
-1 1528712541.396068 -0.528525 0.419675 1.06746
-1 1528712541.398974 -0.528529 0.419589 1.06746
-1 1528712541.402900 -0.528534 0.419502 1.06745
-1 1528712541.415999 -0.528546 0.419317 1.06743
-1 1528712541.421451 -0.528565 0.419121 1.06742
-1 1528712541.432612 -0.528607 0.418812 1.06739
-1 1528712541.445126 -0.528643 0.418601 1.06737
-1 1528712541.458727 -0.528676 0.418391 1.06734
-1 1528712541.467103 -0.528741 0.417983 1.06728
-1 1528712541.483861 -0.528755 0.417881 1.06727
-1 1528712541.495759 -0.528817 0.417306 1.06717
-1 1528712541.510325 -0.52885 0.416939 1.06711
-1 1528712541.516997 -0.528876 0.416585 1.06706
-1 1528712541.523462 -0.528885 0.416473 1.06704
-1 1528712541.539762 -0.528907 0.416166 1.06698
-1 1528712541.548468 -0.528932 0.415861 1.06693
-1 1528712541.555370 -0.528947 0.415684 1.06689
-1 1528712541.567650 -0.528968 0.415522 1.06685
-1 1528712541.575230 -0.529001 0.41537 1.0668
-1 1528712541.586785 -0.529051 0.415161 1.06672
-1 1528712541.598111 -0.529096 0.415017 1.06666
-1 1528712541.604679 -0.529161 0.414861 1.06658
-1 1528712541.614086 -0.529252 0.414701 1.06651
-1 1528712541.619799 -0.52942 0.414458 1.06638
-1 1528712541.627848 -0.529484 0.414379 1.06634
-1 1528712541.637032 -0.529682 0.414141 1.06621
-1 1528712541.644244 -0.529746 0.414061 1.06616
-1 1528712541.655133 -0.529936 0.413807 1.06601
-1 1528712541.666495 -0.530079 0.413626 1.0659
-1 1528712541.674039 -0.530331 0.413346 1.06572
-1 1528712541.686591 -0.530518 0.413143 1.0656
-1 1528712541.697659 -0.530825 0.412824 1.06538
-1 1528712541.703277 -0.531061 0.412625 1.06523
-1 1528712541.708416 -0.531182 0.412527 1.06515
-1 1528712541.725312 -0.531654 0.412159 1.06482
-1 1528712541.733908 -0.531888 0.411997 1.06465
-1 1528712541.744474 -0.532118 0.411839 1.06449
-1 1528712541.796058 -0.53282 0.411327 1.0639
-1 1528712541.807216 -0.533611 0.410853 1.06313
-1 1528712541.816382 -0.533823 0.410787 1.06294
-1 1528712541.821960 -0.534053 0.410735 1.06275
-1 1528712541.837664 -0.534453 0.410687 1.06246
-1 1528712541.843733 -0.534744 0.41067 1.06226
-1 1528712541.847161 -0.534893 0.410664 1.06216
-1 1528712541.864006 -0.535199 0.410652 1.06196
-1 1528712541.874689 -0.535676 0.41061 1.06165
-1 1528712541.882977 -0.535986 0.410562 1.06144
-1 1528712541.889533 -0.536431 0.410482 1.06111
-1 1528712541.900418 -0.536728 0.410433 1.0609
-1 1528712541.913747 -0.537348 0.410348 1.06049
-1 1528712541.929951 -0.537989 0.410335 1.06008
-1 1528712541.936606 -0.538261 0.410326 1.05986
-1 1528712541.944927 -0.538541 0.410335 1.05963
-1 1528712541.957105 -0.538844 0.410354 1.05938
-1 1528712541.970199 -0.539473 0.410395 1.05888
-1 1528712541.978562 -0.539788 0.410408 1.05862
-1 1528712541.989311 -0.540115 0.410432 1.05837
-1 1528712541.997761 -0.540446 0.410492 1.05811
-1 1528712542.005082 -0.540763 0.410569 1.05785
-1 1528712542.023516 -0.541082 0.410676 1.0576
-1 1528712542.029799 -0.541768 0.410915 1.05706
-1 1528712542.032964 -0.541961 0.41098 1.05691
-1 1528712542.046056 -0.542337 0.411115 1.05661
-1 1528712542.060530 -0.543087 0.411366 1.056
-1 1528712542.065273 -0.543444 0.411471 1.05568
-1 1528712542.074771 -0.543794 0.411594 1.05535
-1 1528712542.085737 -0.544147 0.41174 1.05502
-1 1528712542.093743 -0.544488 0.411893 1.05468
-1 1528712542.105304 -0.544964 0.412142 1.05419
-1 1528712542.114614 -0.545273 0.412338 1.05386
-1 1528712542.126414 -0.545572 0.412541 1.05353
-1 1528712542.135615 -0.546024 0.412819 1.05301
-1 1528712542.143332 -0.546319 0.412964 1.05266
-1 1528712542.147587 -0.546464 0.413047 1.05248
-1 1528712542.156660 -0.546763 0.413204 1.05212
-1 1528712542.163791 -0.547065 0.413394 1.05175
-1 1528712542.172081 -0.547372 0.413586 1.05137
-1 1528712542.178852 -0.547688 0.413796 1.051
-1 1528712542.188122 -0.548009 0.414011 1.05062
-1 1528712542.196956 -0.548166 0.41411 1.05043
-1 1528712542.202231 -0.548478 0.414297 1.05004
-1 1528712542.209562 -0.548806 0.41449 1.04965
-1 1528712542.219294 -0.549142 0.414674 1.04926
-1 1528712542.230675 -0.549624 0.414938 1.04867
-1 1528712542.237643 -0.549928 0.415135 1.04828
-1 1528712542.250269 -0.550356 0.415428 1.0477
-1 1528712542.258247 -0.550619 0.415595 1.04733
-1 1528712542.265671 -0.550878 0.415733 1.04697
-1 1528712542.270050 -0.551015 0.4158 1.04679
-1 1528712542.287411 -0.55145 0.415989 1.04627
-1 1528712542.296298 -0.551879 0.416137 1.04579
-1 1528712542.304234 -0.552147 0.416213 1.04549
-1 1528712542.311048 -0.552277 0.41625 1.04535
-1 1528712542.317838 -0.552406 0.416287 1.0452
-1 1528712542.324207 -0.552666 0.416351 1.04493
-1 1528712542.336051 -0.553073 0.41643 1.04442
-1 1528712542.345828 -0.553168 0.416457 1.0443
-1 1528712542.352614 -0.553357 0.416497 1.04408
-1 1528712542.360681 -0.553545 0.416545 1.04386
-1 1528712542.371469 -0.553833 0.416635 1.04357
-1 1528712542.384766 -0.554068 0.416706 1.04333
-1 1528712542.397713 -0.554194 0.416744 1.04319
-1 1528712542.406355 -0.554371 0.41681 1.04299
-1 1528712542.411791 -0.554483 0.416845 1.04287
-1 1528712542.430266 -0.554681 0.416891 1.04263
-1 1528712542.439865 -0.55473 0.416945 1.04251
-1 1528712542.447962 -0.554749 0.416999 1.04241
-1 1528712542.453913 -0.554743 0.417034 1.04232
-1 1528712542.465881 -0.554719 0.417046 1.04224
-1 1528712542.472306 -0.554683 0.417042 1.04217
-1 1528712542.495894 -0.554592 0.417007 1.0421
-1 1528712542.509226 -0.554508 0.416944 1.04214
-1 1528712542.520857 -0.554392 0.416865 1.04222
-1 1528712542.527383 -0.554288 0.416813 1.04231
-1 1528712542.541656 -0.554157 0.416759 1.04241
-1 1528712542.553231 -0.553741 0.416659 1.04269
-1 1528712542.558178 -0.553517 0.416622 1.04286
-1 1528712542.561834 -0.5534 0.416603 1.04295
-1 1528712542.567276 -0.55328 0.416584 1.04306
-1 1528712542.575371 -0.55316 0.416568 1.04316
-1 1528712542.588759 -0.552666 0.416517 1.04367
-1 1528712542.615839 -0.551737 0.416419 1.04459
-1 1528712542.628356 -0.551371 0.41638 1.04493
-1 1528712542.645129 -0.550354 0.416242 1.04586
-1 1528712542.652103 -0.549903 0.416165 1.04626
-1 1528712542.660185 -0.549433 0.416078 1.04667
-1 1528712542.672787 -0.548961 0.415972 1.04709
-1 1528712542.686844 -0.547825 0.415582 1.04814
-1 1528712542.694310 -0.54761 0.415494 1.04835
-1 1528712542.706781 -0.546976 0.415207 1.049
-1 1528712542.719414 -0.546145 0.41477 1.04987
-1 1528712542.725342 -0.545729 0.414551 1.05031
-1 1528712542.741468 -0.545521 0.414449 1.05052
-1 1528712542.749803 -0.544616 0.41408 1.05138
-1 1528712542.767628 -0.544162 0.413904 1.05179
-1 1528712542.774343 -0.543487 0.41366 1.0524
-1 1528712542.785050 -0.54282 0.413413 1.05301
-1 1528712542.795489 -0.542376 0.413237 1.0534
-1 1528712542.810205 -0.541711 0.412959 1.05397
-1 1528712542.822037 -0.540896 0.412552 1.05472
-1 1528712542.829482 -0.54053 0.412332 1.05509
-1 1528712542.840659 -0.540191 0.412118 1.05545
-1 1528712542.847903 -0.539706 0.41181 1.05598
-1 1528712542.856497 -0.539537 0.411707 1.05616
-1 1528712542.865159 -0.539184 0.411493 1.0565
-1 1528712542.871850 -0.538814 0.411272 1.05683
-1 1528712542.877511 -0.538445 0.411067 1.05715
-1 1528712542.884223 -0.538257 0.410969 1.05731
-1 1528712542.892335 -0.537874 0.410788 1.05763
-1 1528712542.899894 -0.537497 0.41061 1.05795
-1 1528712542.910183 -0.537132 0.410453 1.05826
-1 1528712542.921918 -0.536775 0.410308 1.05856
-1 1528712542.932761 -0.536237 0.410079 1.05907
-1 1528712542.949174 -0.535732 0.409852 1.05964
-1 1528712542.965256 -0.535177 0.409634 1.06025
-1 1528712542.974109 -0.534458 0.409283 1.06108
-1 1528712542.982757 -0.534127 0.409103 1.0615
-1 1528712542.996480 -0.533525 0.408769 1.06233
-1 1528712543.007466 -0.533242 0.408611 1.06272
-1 1528712543.018167 -0.532828 0.408364 1.06328
-1 1528712543.023973 -0.532552 0.408208 1.06364
-1 1528712543.036152 -0.532278 0.408058 1.06398
-1 1528712543.048716 -0.532023 0.407912 1.06431
-1 1528712543.066479 -0.531429 0.407573 1.06509
-1 1528712543.072792 -0.531212 0.407458 1.06536
-1 1528712543.081488 -0.530999 0.407361 1.06563
-1 1528712543.090057 -0.530788 0.407282 1.06588
-1 1528712543.098133 -0.530684 0.407242 1.066
-1 1528712543.102334 -0.530478 0.407166 1.06623
-1 1528712543.106359 -0.530373 0.407128 1.06634
-1 1528712543.116803 -0.530156 0.407065 1.06656
-1 1528712543.130872 -0.529809 0.406986 1.06686
-1 1528712543.150063 -0.529353 0.406881 1.06721
-1 1528712543.159950 -0.528864 0.406755 1.06754
-1 1528712543.170094 -0.52875 0.406714 1.06761
-1 1528712543.184801 -0.528238 0.406496 1.06796
-1 1528712543.191977 -0.528051 0.406415 1.06808
-1 1528712543.200474 -0.527856 0.406352 1.06818
-1 1528712543.207500 -0.527651 0.406305 1.06829
-1 1528712543.222105 -0.527545 0.406283 1.06834
-1 1528712543.233429 -0.527087 0.406208 1.06855
-1 1528712543.251270 -0.526692 0.406165 1.06869
-1 1528712543.258653 -0.526271 0.406127 1.06881
-1 1528712543.275943 -0.525765 0.406108 1.06893
-1 1528712543.288941 -0.525535 0.406104 1.06898
-1 1528712543.298610 -0.525059 0.406035 1.0691
-1 1528712543.310868 -0.524979 0.406017 1.06912
-1 1528712543.330916 -0.524711 0.405963 1.06919
-1 1528712543.338129 -0.524587 0.405942 1.06925
-1 1528712543.347319 -0.524567 0.405933 1.06927
-1 1528712543.368412 -0.524592 0.40584 1.06932
-1 1528712543.374181 -0.524624 0.405792 1.06934
-1 1528712543.383040 -0.524673 0.405752 1.06935
-1 1528712543.388933 -0.524741 0.405704 1.06936
-1 1528712543.394073 -0.524781 0.405685 1.06936
-1 1528712543.397911 -0.524822 0.405667 1.06937
-1 1528712543.405033 -0.524901 0.40564 1.06937
-1 1528712543.413120 -0.524976 0.405619 1.06936
-1 1528712543.424579 -0.525074 0.405588 1.06935
-1 1528712543.432096 -0.525112 0.405566 1.06935
-1 1528712543.443404 -0.525121 0.405538 1.06935
-1 1528712543.455915 -0.525122 0.405495 1.06936
-1 1528712543.472417 -0.525133 0.405447 1.06938
-1 1528712543.485120 -0.525148 0.405422 1.06938
-1 1528712543.491634 -0.52515 0.4054 1.06938
-1 1528712543.499675 -0.525154 0.405378 1.06938
-1 1528712543.519702 -0.525181 0.405346 1.06937
-1 1528712543.536950 -0.525247 0.405294 1.06935
-1 1528712543.555085 -0.52545 0.405282 1.06934
-1 1528712543.565417 -0.525598 0.405295 1.06934
-1 1528712543.576215 -0.525696 0.405302 1.06934
-1 1528712543.596473 -0.525962 0.405311 1.06934
-1 1528712543.613622 -0.526327 0.405328 1.06934
-1 1528712543.628071 -0.52648 0.405329 1.06935
-1 1528712543.638293 -0.526703 0.405317 1.06935
-1 1528712543.644938 -0.526919 0.405334 1.06935
-1 1528712543.659187 -0.527064 0.405356 1.06935
-1 1528712543.665323 -0.527198 0.405373 1.06935
-1 1528712543.676130 -0.527396 0.405384 1.06934
-1 1528712543.696322 -0.527659 0.405401 1.06932
-1 1528712543.702309 -0.527787 0.405419 1.06932
-1 1528712543.712036 -0.527916 0.405442 1.06932
-1 1528712543.718774 -0.528053 0.405471 1.06932
-1 1528712543.724110 -0.528125 0.405483 1.06932
-1 1528712543.729194 -0.52826 0.405507 1.06931
-1 1528712543.736526 -0.528406 0.405553 1.06931
-1 1528712543.743884 -0.528477 0.405583 1.0693
-1 1528712543.756017 -0.52868 0.405657 1.06929
-1 1528712543.779732 -0.528872 0.405718 1.06928
-1 1528712543.794548 -0.529266 0.405839 1.06924
-1 1528712543.818141 -0.529611 0.405933 1.06921
-1 1528712543.834597 -0.530002 0.406033 1.06918
-1 1528712543.874151 -0.530471 0.406118 1.06913
-1 1528712543.909554 -0.531067 0.406178 1.06906
-1 1528712543.974421 -0.531872 0.40636 1.06899
-1 1528712543.996092 -0.532758 0.40666 1.069
-1 1528712544.013291 -0.533029 0.406719 1.06904
-1 1528712544.024646 -0.533344 0.406714 1.06909
-1 1528712544.030209 -0.533433 0.406704 1.0691
-1 1528712544.038262 -0.533624 0.406673 1.06913
-1 1528712544.042873 -0.533825 0.406635 1.06915
-1 1528712544.051127 -0.534031 0.406592 1.06918
-1 1528712544.058739 -0.534233 0.406555 1.06921
-1 1528712544.079187 -0.534432 0.406516 1.06925
-1 1528712544.086964 -0.534822 0.406423 1.06932
-1 1528712544.099206 -0.535112 0.406364 1.06938
-1 1528712544.117297 -0.53546 0.406309 1.06947
-1 1528712544.135752 -0.535753 0.406245 1.06957
-1 1528712544.149573 -0.535836 0.406237 1.0696
-1 1528712544.153962 -0.535904 0.406247 1.06964
-1 1528712544.172165 -0.53596 0.406267 1.06967
-1 1528712544.183170 -0.536097 0.406319 1.06977
-1 1528712544.192567 -0.536145 0.406309 1.06979
-1 1528712544.216160 -0.536221 0.406243 1.06982
-1 1528712544.224086 -0.536279 0.406125 1.06987
-1 1528712544.239256 -0.536267 0.406065 1.0699
-1 1528712544.242841 -0.536242 0.406041 1.06992
-1 1528712544.251790 -0.536212 0.406024 1.06993
-1 1528712544.265535 -0.536155 0.405997 1.06994
-1 1528712544.277487 -0.53609 0.405965 1.06995
-1 1528712544.286112 -0.536044 0.405933 1.06995
-1 1528712544.296292 -0.535989 0.405891 1.06996
-1 1528712544.302228 -0.535921 0.405841 1.06998
-1 1528712544.308931 -0.53588 0.405816 1.06998
-1 1528712544.315827 -0.535731 0.405737 1.07
-1 1528712544.332438 -0.535504 0.405663 1.07001
-1 1528712544.335329 -0.535455 0.405659 1.07001
-1 1528712544.344150 -0.535403 0.405653 1.07001
-1 1528712544.351257 -0.535296 0.405653 1.07
-1 1528712544.365255 -0.535149 0.405674 1.07
-1 1528712544.390793 -0.53491 0.405716 1.07
-1 1528712544.403645 -0.534751 0.405729 1.06999
-1 1528712544.419009 -0.534514 0.405753 1.06997
-1 1528712544.426648 -0.534342 0.405797 1.06995
-1 1528712544.433850 -0.534238 0.405833 1.06994
-1 1528712544.449133 -0.534138 0.405863 1.06992
-1 1528712544.457610 -0.534004 0.405899 1.06989
-1 1528712544.463481 -0.533933 0.405925 1.06987
-1 1528712544.470284 -0.533904 0.405939 1.06986
-1 1528712544.486670 -0.533829 0.406012 1.06982
-1 1528712544.493681 -0.533818 0.406023 1.06981
-1 1528712544.504760 -0.53379 0.406042 1.06979
-1 1528712544.534588 -0.533716 0.406096 1.06976
-1 1528712544.565053 -0.533548 0.40631 1.06968
-1 1528712544.571296 -0.533525 0.406339 1.06967
-1 1528712544.580632 -0.533506 0.406368 1.06966
-1 1528712544.586046 -0.533491 0.406388 1.06965
-1 1528712544.597403 -0.533485 0.406395 1.06965
-1 1528712544.604121 -0.533473 0.406402 1.06964
-1 1528712544.612094 -0.533472 0.4064 1.06964
-1 1528712544.622828 -0.533485 0.406378 1.06963
-1 1528712544.633410 -0.533518 0.406338 1.06963
-1 1528712544.658293 -0.53358 0.406274 1.06963
-1 1528712544.661148 -0.533613 0.406252 1.06963
-1 1528712544.670578 -0.533648 0.406231 1.06963
-1 1528712544.684653 -0.533698 0.406201 1.06963
-1 1528712544.691225 -0.533729 0.406182 1.06962
-1 1528712544.701835 -0.533754 0.406163 1.06962
-1 1528712544.708091 -0.533771 0.406148 1.06963
-1 1528712544.714782 -0.533777 0.406144 1.06963
-1 1528712544.731983 -0.533801 0.406148 1.06964
-1 1528712544.746268 -0.533855 0.40616 1.06964
-1 1528712544.752726 -0.533898 0.406158 1.06965
-1 1528712544.767744 -0.533936 0.40615 1.06965
