-1 1528713007.860490 0.413744 -0.369574 1.09392
-1 1528713007.869081 0.414086 -0.369838 1.09385
-1 1528713007.872690 0.414101 -0.369895 1.09385
-1 1528713007.880269 0.414117 -0.369951 1.09385
-1 1528713007.887740 0.414132 -0.370002 1.09384
-1 1528713007.897775 0.41415 -0.370056 1.09383
-1 1528713007.903311 0.414174 -0.370113 1.09381
-1 1528713007.913265 0.4142 -0.370174 1.0938
-1 1528713007.920035 0.414222 -0.370239 1.09378
-1 1528713007.926205 0.41423 -0.370275 1.09378
-1 1528713007.933843 0.414243 -0.370348 1.09377
-1 1528713007.942663 0.414252 -0.370424 1.09376
-1 1528713007.959438 0.414247 -0.370539 1.09375
-1 1528713007.967967 0.414235 -0.37062 1.09375
-1 1528713007.974997 0.414227 -0.370749 1.09373
-1 1528713007.986485 0.41423 -0.370838 1.09373
-1 1528713007.993111 0.414238 -0.370927 1.09372
-1 1528713007.999665 0.414247 -0.371016 1.09371
-1 1528713008.003968 0.414252 -0.371058 1.09371
-1 1528713008.014794 0.414258 -0.371141 1.09371
-1 1528713008.022358 0.414265 -0.371225 1.09371
-1 1528713008.030471 0.414281 -0.371313 1.0937
-1 1528713008.038124 0.414298 -0.371398 1.0937
-1 1528713008.059708 0.414313 -0.371476 1.0937
-1 1528713008.070058 0.414334 -0.371592 1.09368
-1 1528713008.074139 0.414342 -0.371676 1.09368
-1 1528713008.081861 0.414357 -0.371754 1.09367
-1 1528713008.093611 0.414385 -0.371862 1.09367
-1 1528713008.101005 0.414414 -0.37197 1.09366
-1 1528713008.109751 0.414439 -0.372044 1.09365
-1 1528713008.116040 0.414471 -0.372116 1.09365
-1 1528713008.118662 0.41449 -0.372154 1.09364
-1 1528713008.124003 0.41451 -0.372186 1.09364
-1 1528713008.136802 0.414544 -0.372247 1.09363
-1 1528713008.147781 0.414576 -0.372307 1.09362
-1 1528713008.153144 0.414612 -0.372393 1.09361
-1 1528713008.166226 0.414627 -0.372447 1.09361
-1 1528713008.168529 0.414633 -0.372474 1.09361
-1 1528713008.182564 0.414642 -0.372526 1.0936
-1 1528713008.191469 0.414652 -0.372619 1.0936
-1 1528713008.198013 0.414656 -0.372643 1.09359
-1 1528713008.208528 0.414673 -0.372712 1.09359
-1 1528713008.220582 0.41468 -0.372734 1.09359
-1 1528713008.226067 0.414693 -0.372801 1.09359
-1 1528713008.234756 0.414698 -0.372843 1.09358
-1 1528713008.240809 0.4147 -0.372881 1.09358
-1 1528713008.249112 0.4147 -0.372915 1.09358
-1 1528713008.255669 0.414704 -0.372934 1.09358
-1 1528713008.264790 0.41472 -0.372955 1.09358
-1 1528713008.270292 0.414732 -0.372971 1.09358
-1 1528713008.278323 0.41474 -0.372984 1.09358
-1 1528713008.288684 0.41474 -0.372991 1.09358
-1 1528713008.298949 0.414743 -0.37301 1.09359
-1 1528713008.306093 0.414746 -0.373023 1.0936
-1 1528713008.315130 0.414747 -0.373037 1.0936
-1 1528713008.325267 0.414746 -0.373049 1.0936
-1 1528713008.329556 0.414741 -0.373059 1.09361
-1 1528713008.335283 0.414737 -0.373063 1.09361
-1 1528713008.351626 0.414718 -0.373075 1.09361
-1 1528713008.356681 0.414697 -0.373093 1.09362
-1 1528713008.363106 0.414689 -0.373099 1.09362
-1 1528713008.368950 0.414682 -0.373104 1.09363
-1 1528713008.379689 0.414667 -0.373111 1.09363
-1 1528713008.388667 0.414652 -0.373119 1.09363
-1 1528713008.393761 0.414645 -0.373125 1.09363
-1 1528713008.405863 0.414641 -0.373133 1.09363
-1 1528713008.413481 0.414635 -0.373141 1.09363
-1 1528713008.431957 0.414626 -0.373149 1.09363
-1 1528713008.439272 0.4146 -0.373184 1.09362
-1 1528713008.446903 0.414583 -0.373202 1.09362
-1 1528713008.457397 0.414573 -0.37322 1.09362
-1 1528713008.467475 0.414559 -0.373225 1.09362
-1 1528713008.472975 0.414542 -0.373221 1.09362
-1 1528713008.489053 0.414522 -0.37321 1.09362
-1 1528713008.501139 0.414454 -0.373222 1.09361
-1 1528713008.525963 0.414428 -0.373233 1.09361
-1 1528713008.532582 0.414365 -0.373236 1.0936
-1 1528713008.549786 0.414334 -0.373237 1.0936
-1 1528713008.566881 0.414286 -0.373255 1.09359
-1 1528713008.573658 0.414197 -0.373317 1.09358
-1 1528713008.589677 0.414174 -0.373337 1.09358
-1 1528713008.595549 0.414156 -0.373354 1.09358
-1 1528713008.603230 0.414143 -0.373373 1.09358
-1 1528713008.623094 0.41415 -0.373424 1.09358
-1 1528713008.632900 0.414162 -0.373455 1.09357
-1 1528713008.641189 0.414163 -0.373477 1.09356
-1 1528713008.650225 0.414161 -0.373489 1.09356
-1 1528713008.658541 0.414159 -0.373521 1.09356
-1 1528713008.664286 0.414168 -0.373526 1.09355
-1 1528713008.669429 0.414188 -0.373536 1.09355
-1 1528713008.681627 0.414199 -0.373541 1.09355
-1 1528713008.686386 0.414236 -0.373557 1.09354
-1 1528713008.696160 0.414267 -0.373565 1.09353
-1 1528713008.706642 0.414301 -0.373573 1.09352
-1 1528713008.713659 0.414326 -0.37358 1.09351
-1 1528713008.722288 0.414345 -0.373592 1.0935
-1 1528713008.730619 0.414363 -0.37361 1.0935
-1 1528713008.735904 0.414372 -0.37362 1.09349
-1 1528713008.742316 0.41439 -0.373636 1.09349
-1 1528713008.745281 0.414398 -0.373643 1.09349
-1 1528713008.751800 0.414408 -0.373651 1.09348
-1 1528713008.772063 0.414467 -0.373684 1.09347
-1 1528713008.776449 0.414479 -0.373689 1.09347
-1 1528713008.787506 0.414521 -0.37371 1.09346
-1 1528713008.800436 0.414551 -0.373724 1.09345
-1 1528713008.817726 0.414597 -0.373738 1.09344
-1 1528713008.849176 0.414665 -0.373761 1.09342
-1 1528713008.864026 0.414757 -0.373791 1.09341
-1 1528713008.873679 0.414792 -0.373795 1.0934
-1 1528713008.878669 0.414805 -0.373798 1.0934
-1 1528713008.886650 0.414808 -0.373798 1.0934
-1 1528713008.895245 0.414809 -0.373804 1.0934
-1 1528713008.918918 0.414793 -0.373801 1.09339
-1 1528713008.928454 0.414784 -0.373793 1.09339
-1 1528713008.938197 0.414776 -0.373781 1.09339
-1 1528713008.945592 0.414765 -0.373761 1.09338
-1 1528713008.956602 0.414745 -0.37374 1.09338
-1 1528713008.977947 0.414706 -0.373709 1.09337
-1 1528713008.980491 0.414697 -0.373701 1.09337
-1 1528713009.008912 0.414662 -0.373671 1.09337
-1 1528713009.024855 0.414645 -0.373658 1.09337
-1 1528713009.041307 0.414625 -0.373633 1.09337
-1 1528713009.050622 0.414607 -0.373611 1.09337
-1 1528713009.071130 0.414591 -0.373576 1.09337
-1 1528713009.076321 0.414565 -0.373551 1.09337
-1 1528713009.087026 0.414531 -0.37353 1.09338
-1 1528713009.091698 0.414516 -0.373523 1.09338
-1 1528713009.101169 0.414501 -0.373516 1.09338
-1 1528713009.108197 0.414457 -0.373499 1.09338
-1 1528713009.121114 0.414419 -0.373471 1.09338
-1 1528713009.127109 0.414407 -0.373458 1.09338
-1 1528713009.136266 0.414386 -0.373426 1.09338
-1 1528713009.147512 0.414368 -0.373397 1.09338
-1 1528713009.159163 0.414337 -0.373358 1.09339
-1 1528713009.166287 0.414293 -0.373339 1.09339
-1 1528713009.177094 0.414253 -0.373333 1.0934
-1 1528713009.186524 0.414238 -0.373335 1.0934
-1 1528713009.200701 0.414185 -0.373342 1.09341
-1 1528713009.208854 0.414161 -0.373346 1.09342
-1 1528713009.219646 0.41415 -0.373348 1.09342
-1 1528713009.228546 0.414121 -0.373363 1.09342
-1 1528713009.246528 0.414079 -0.373354 1.09343
-1 1528713009.254731 0.414079 -0.373356 1.09343
-1 1528713009.263791 0.414092 -0.373368 1.09343
-1 1528713009.277709 0.414097 -0.373375 1.09343
-1 1528713009.282776 0.414095 -0.37339 1.09343
-1 1528713009.296693 0.414085 -0.373406 1.09343
-1 1528713009.308841 0.414054 -0.373444 1.09343
-1 1528713009.322192 0.414013 -0.373543 1.09342
-1 1528713009.334698 0.413983 -0.373631 1.09342
-1 1528713009.343735 0.413971 -0.373683 1.09342
-1 1528713009.350222 0.413963 -0.373734 1.09343
-1 1528713009.353009 0.41396 -0.37376 1.09343
-1 1528713009.365098 0.413956 -0.373812 1.09343
-1 1528713009.374925 0.413956 -0.373867 1.09343
-1 1528713009.382558 0.413957 -0.373924 1.09343
-1 1528713009.395048 0.413956 -0.374004 1.09343
-1 1528713009.403891 0.413965 -0.374081 1.09343
-1 1528713009.415385 0.413971 -0.374135 1.09343
-1 1528713009.427072 0.413977 -0.374203 1.09343
-1 1528713009.437967 0.413975 -0.374243 1.09343
-1 1528713009.442273 0.413972 -0.374283 1.09342
-1 1528713009.457493 0.413988 -0.374337 1.09342
-1 1528713009.467590 0.414014 -0.374369 1.09342
-1 1528713009.477140 0.41404 -0.374427 1.09341
-1 1528713009.488255 0.414049 -0.37447 1.09341
-1 1528713009.499110 0.414052 -0.374537 1.09341
-1 1528713009.506260 0.414052 -0.374584 1.09341
-1 1528713009.517757 0.414052 -0.374629 1.09341
-1 1528713009.520337 0.414048 -0.374663 1.0934
-1 1528713009.534575 0.414032 -0.374716 1.0934
-1 1528713009.545789 0.414025 -0.374766 1.0934
-1 1528713009.553666 0.414019 -0.374847 1.0934
-1 1528713009.558333 0.414019 -0.374871 1.0934
-1 1528713009.566220 0.41402 -0.374895 1.0934
-1 1528713009.581599 0.414032 -0.374967 1.0934
-1 1528713009.587003 0.414048 -0.375031 1.0934
-1 1528713009.595698 0.41405 -0.375064 1.0934
-1 1528713009.611536 0.414046 -0.375095 1.09339
-1 1528713009.618259 0.414034 -0.375136 1.09339
-1 1528713009.625198 0.414025 -0.375165 1.09339
-1 1528713009.637268 0.414015 -0.375194 1.09339
-1 1528713009.645559 0.414004 -0.37522 1.09339
-1 1528713009.653018 0.414008 -0.375239 1.09339
-1 1528713009.662753 0.41402 -0.375255 1.09338
-1 1528713009.671476 0.414032 -0.375273 1.09338
-1 1528713009.681828 0.414046 -0.375289 1.09338
-1 1528713009.688546 0.414072 -0.37532 1.09339
-1 1528713009.692751 0.41408 -0.375333 1.09339
-1 1528713009.708496 0.414095 -0.37538 1.0934
-1 1528713009.721064 0.4141 -0.375411 1.0934
-1 1528713009.728512 0.414098 -0.375454 1.09341
-1 1528713009.738019 0.414098 -0.375481 1.09342
-1 1528713009.744587 0.41411 -0.375517 1.09342
-1 1528713009.756394 0.414122 -0.375532 1.09342
-1 1528713009.768399 0.414138 -0.375544 1.09342
-1 1528713009.776112 0.414146 -0.375551 1.09342
-1 1528713009.786041 0.414159 -0.375564 1.09342
-1 1528713009.793024 0.414166 -0.375571 1.09342
-1 1528713009.796546 0.414188 -0.375587 1.09342
-1 1528713009.804230 0.414212 -0.375606 1.09343
-1 1528713009.839242 0.414239 -0.375627 1.09343
-1 1528713009.848631 0.414345 -0.37571 1.09343
-1 1528713009.857237 0.41436 -0.375723 1.09343
-1 1528713009.863851 0.414393 -0.375737 1.09342
-1 1528713009.869084 0.414424 -0.375749 1.09342
-1 1528713009.875007 0.414438 -0.375756 1.09342
-1 1528713009.886161 0.414462 -0.375771 1.09341
-1 1528713009.890700 0.414484 -0.375791 1.0934
-1 1528713009.912438 0.414505 -0.375813 1.0934
-1 1528713009.919106 0.414562 -0.375873 1.09338
-1 1528713009.925555 0.414578 -0.375887 1.09337
-1 1528713009.935972 0.414612 -0.375914 1.09337
-1 1528713009.941894 0.414647 -0.375945 1.09336
-1 1528713009.950255 0.414662 -0.375959 1.09336
-1 1528713009.960859 0.4147 -0.375995 1.09335
-1 1528713009.969308 0.414725 -0.376018 1.09334
-1 1528713009.974110 0.414737 -0.376029 1.09334
-1 1528713009.983610 0.414763 -0.376051 1.09333
-1 1528713009.992093 0.414802 -0.376086 1.09332
-1 1528713009.994981 0.414814 -0.376098 1.09332
-1 1528713009.997578 0.414827 -0.376108 1.09331
-1 1528713010.004269 0.414838 -0.376116 1.09331
-1 1528713010.014235 0.414849 -0.376122 1.0933
-1 1528713010.019058 0.414856 -0.376123 1.09329
-1 1528713010.025462 0.414859 -0.37612 1.09328
-1 1528713010.033410 0.414869 -0.37612 1.09327
-1 1528713010.047074 0.414883 -0.37614 1.09326
-1 1528713010.057577 0.414893 -0.376165 1.09326
-1 1528713010.066760 0.414907 -0.376188 1.09325
-1 1528713010.077562 0.414927 -0.376221 1.09324
-1 1528713010.091458 0.414942 -0.376239 1.09323
-1 1528713010.106638 0.414965 -0.376279 1.09322
-1 1528713010.114853 0.414982 -0.376357 1.09319
-1 1528713010.122622 0.414995 -0.376386 1.09317
-1 1528713010.136693 0.415014 -0.376408 1.09315
-1 1528713010.144171 0.415027 -0.376416 1.09313
-1 1528713010.153610 0.415058 -0.376424 1.0931
-1 1528713010.162995 0.415085 -0.376429 1.09308
-1 1528713010.168997 0.4151 -0.37643 1.09307
-1 1528713010.177055 0.415135 -0.376433 1.09304
-1 1528713010.185250 0.41517 -0.376436 1.09302
-1 1528713010.195860 0.415203 -0.37644 1.09299
-1 1528713010.206295 0.415238 -0.376442 1.09294
-1 1528713010.213460 0.415254 -0.376434 1.0929
-1 1528713010.226408 0.415272 -0.37641 1.09285
-1 1528713010.236497 0.415297 -0.376389 1.09281
-1 1528713010.239614 0.415313 -0.376378 1.09279
-1 1528713010.250566 0.41539 -0.376342 1.09273
-1 1528713010.257854 0.415457 -0.376317 1.0927
-1 1528713010.284589 0.415648 -0.376265 1.09259
-1 1528713010.291183 0.415705 -0.376237 1.09256
-1 1528713010.303041 0.415783 -0.376167 1.09251
-1 1528713010.307061 0.415808 -0.376138 1.09249
-1 1528713010.313250 0.415832 -0.376109 1.09248
-1 1528713010.336607 0.415939 -0.37596 1.09238
-1 1528713010.342117 0.415976 -0.375896 1.09234
-1 1528713010.351880 0.416012 -0.375837 1.09229
-1 1528713010.357114 0.416027 -0.375811 1.09226
-1 1528713010.367468 0.416049 -0.375759 1.0922
-1 1528713010.376589 0.416068 -0.375665 1.0921
-1 1528713010.386626 0.416082 -0.375593 1.09203
-1 1528713010.394106 0.416099 -0.37551 1.09196
-1 1528713010.409005 0.416131 -0.375362 1.09185
-1 1528713010.415370 0.416151 -0.375247 1.09178
-1 1528713010.418956 0.416161 -0.375189 1.09175
-1 1528713010.430764 0.416182 -0.37507 1.09168
-1 1528713010.439676 0.416227 -0.374891 1.09157
-1 1528713010.447048 0.416246 -0.374832 1.09154
-1 1528713010.453875 0.416294 -0.374714 1.09146
-1 1528713010.461520 0.416351 -0.37459 1.09139
-1 1528713010.480435 0.416405 -0.374471 1.09132
-1 1528713010.486394 0.416521 -0.374193 1.09113
-1 1528713010.493475 0.416539 -0.374139 1.09109
-1 1528713010.500060 0.416566 -0.374026 1.091
-1 1528713010.505930 0.416576 -0.373971 1.09095
-1 1528713010.512022 0.416593 -0.373858 1.09085
-1 1528713010.515825 0.416601 -0.373799 1.09079
-1 1528713010.523990 0.41662 -0.373672 1.09068
-1 1528713010.527032 0.41663 -0.373604 1.09063
-1 1528713010.535254 0.416642 -0.373534 1.09057
-1 1528713010.545431 0.416668 -0.37338 1.09044
-1 1528713010.549811 0.416689 -0.373216 1.09031
-1 1528713010.556379 0.416696 -0.373132 1.09025
-1 1528713010.565564 0.416709 -0.372966 1.09011
-1 1528713010.575871 0.416713 -0.372806 1.08997
-1 1528713010.579686 0.416701 -0.372646 1.08984
-1 1528713010.584044 0.416693 -0.372566 1.08977
-1 1528713010.591383 0.416675 -0.372398 1.08963
-1 1528713010.597878 0.416666 -0.372309 1.08956
-1 1528713010.609043 0.41664 -0.372035 1.08935
-1 1528713010.613080 0.416635 -0.371942 1.08928
-1 1528713010.619995 0.416631 -0.371747 1.08913
-1 1528713010.626582 0.416629 -0.371646 1.08905
-1 1528713010.630112 0.416628 -0.371543 1.08897
-1 1528713010.658924 0.41667 -0.370876 1.08848
-1 1528713010.671213 0.416673 -0.370401 1.08815
-1 1528713010.688423 0.416669 -0.370033 1.0879
-1 1528713010.698259 0.416687 -0.369659 1.08764
-1 1528713010.706300 0.416712 -0.36941 1.08746
-1 1528713010.719437 0.416751 -0.369169 1.08728
-1 1528713010.726818 0.416824 -0.368838 1.08702
-1 1528713010.735390 0.416865 -0.368636 1.08685
-1 1528713010.745251 0.416902 -0.368444 1.08667
-1 1528713010.749256 0.416927 -0.368262 1.0865
-1 1528713010.757724 0.416933 -0.368175 1.08642
-1 1528713010.762275 0.416932 -0.368008 1.08625
-1 1528713010.767711 0.416927 -0.367925 1.08615
-1 1528713010.776443 0.416919 -0.367749 1.08596
-1 1528713010.784211 0.416924 -0.36757 1.08576
-1 1528713010.794002 0.416942 -0.367389 1.08555
-1 1528713010.802501 0.416969 -0.367216 1.08534
-1 1528713010.813009 0.417016 -0.36696 1.08502
-1 1528713010.820020 0.417038 -0.366794 1.08482
-1 1528713010.825959 0.417044 -0.366715 1.08473
-1 1528713010.836315 0.417054 -0.366566 1.08455
-1 1528713010.839072 0.417057 -0.366494 1.08446
-1 1528713010.849494 0.417072 -0.366355 1.08426
-1 1528713010.865706 0.41717 -0.366058 1.08386
-1 1528713010.889298 0.417444 -0.365742 1.08334
-1 1528713010.900585 0.41766 -0.365594 1.08305
-1 1528713010.912774 0.417891 -0.36545 1.0827
-1 1528713010.922837 0.417963 -0.365403 1.08253
-1 1528713010.929043 0.417987 -0.365383 1.08245
-1 1528713010.933129 0.418008 -0.365348 1.08229
-1 1528713010.945398 0.417998 -0.365318 1.08213
-1 1528713010.958141 0.417969 -0.36526 1.08188
-1 1528713010.965252 0.417952 -0.365213 1.0817
-1 1528713010.971097 0.417942 -0.365164 1.08152
-1 1528713010.984071 0.417954 -0.365115 1.08134
-1 1528713010.993917 0.418011 -0.365051 1.08106
-1 1528713011.002943 0.418065 -0.36502 1.08088
-1 1528713011.016479 0.418149 -0.364991 1.08058
-1 1528713011.024167 0.4182 -0.364982 1.08037
-1 1528713011.030110 0.418247 -0.364974 1.08016
-1 1528713011.054158 0.418269 -0.364971 1.08005
-1 1528713011.069800 0.418433 -0.364978 1.07942
-1 1528713011.088054 0.418638 -0.365069 1.07896
-1 1528713011.097136 0.418765 -0.365179 1.0787
-1 1528713011.110674 0.418886 -0.365304 1.07842
-1 1528713011.126131 0.419046 -0.365481 1.07793
-1 1528713011.140103 0.419096 -0.365539 1.07773
-1 1528713011.170855 0.419257 -0.365789 1.07701
-1 1528713011.180052 0.419326 -0.365887 1.07678
-1 1528713011.190068 0.41938 -0.365961 1.07663
-1 1528713011.196284 0.419407 -0.366004 1.07656
-1 1528713011.202009 0.419433 -0.366051 1.07648
-1 1528713011.209369 0.419483 -0.366157 1.07634
-1 1528713011.216682 0.419524 -0.366278 1.07619
-1 1528713011.228726 0.419559 -0.366475 1.07597
-1 1528713011.233135 0.419563 -0.366608 1.07582
-1 1528713011.237758 0.41956 -0.366676 1.07575
-1 1528713011.244127 0.419545 -0.366819 1.07559
-1 1528713011.246913 0.419536 -0.366893 1.07552
-1 1528713011.256811 0.419527 -0.366969 1.07544
-1 1528713011.267333 0.419512 -0.367199 1.07522
-1 1528713011.276410 0.419507 -0.367359 1.07507
-1 1528713011.286037 0.419501 -0.367526 1.07493
-1 1528713011.295360 0.419488 -0.367698 1.0748
-1 1528713011.302134 0.419469 -0.367873 1.07466
-1 1528713011.306845 0.419449 -0.368053 1.07452
-1 1528713011.319405 0.41944 -0.368147 1.07446
-1 1528713011.326082 0.419409 -0.368429 1.07425
-1 1528713011.329588 0.419395 -0.368524 1.07418
-1 1528713011.339314 0.419361 -0.368715 1.07405
-1 1528713011.346467 0.419311 -0.368905 1.07392
-1 1528713011.354620 0.419248 -0.369097 1.0738
-1 1528713011.362986 0.419189 -0.369277 1.07368
-1 1528713011.371224 0.419138 -0.369449 1.07357
-1 1528713011.391733 0.419116 -0.369531 1.07351
-1 1528713011.398674 0.419003 -0.369974 1.0732
-1 1528713011.406733 0.418988 -0.370039 1.07316
-1 1528713011.411741 0.418966 -0.37016 1.07306
-1 1528713011.422250 0.418962 -0.370218 1.07302
-1 1528713011.435657 0.418994 -0.370448 1.07284
-1 1528713011.441508 0.419012 -0.370504 1.0728
-1 1528713011.448310 0.419056 -0.370615 1.07272
-1 1528713011.455291 0.419106 -0.370725 1.07265
-1 1528713011.465583 0.419149 -0.370825 1.07258
-1 1528713011.472613 0.41919 -0.37092 1.07251
-1 1528713011.483335 0.419226 -0.371007 1.07245
-1 1528713011.486670 0.41925 -0.371089 1.07238
-1 1528713011.494338 0.419256 -0.371128 1.07234
-1 1528713011.507640 0.419265 -0.371248 1.07221
-1 1528713011.525331 0.41926 -0.371306 1.07211
-1 1528713011.529813 0.419253 -0.371332 1.07204
-1 1528713011.536728 0.41924 -0.371347 1.07197
-1 1528713011.544937 0.419232 -0.37135 1.07193
-1 1528713011.551629 0.419211 -0.371347 1.07186
-1 1528713011.560620 0.419182 -0.371332 1.07179
-1 1528713011.567079 0.419149 -0.371301 1.07172
-1 1528713011.576128 0.419107 -0.371255 1.07165
-1 1528713011.585543 0.419059 -0.371196 1.07157
-1 1528713011.599475 0.41897 -0.371074 1.07144
-1 1528713011.605878 0.4189 -0.370965 1.07134
-1 1528713011.616683 0.418819 -0.370847 1.07124
-1 1528713011.628040 0.418683 -0.370638 1.07107
-1 1528713011.634141 0.418568 -0.370445 1.07094
-1 1528713011.655335 0.418205 -0.369857 1.07057
-1 1528713011.669034 0.41805 -0.369607 1.07041
-1 1528713011.683178 0.417842 -0.369231 1.07011
-1 1528713011.687816 0.417655 -0.368864 1.06976
-1 1528713011.696318 0.41754 -0.368609 1.06951
-1 1528713011.707035 0.417434 -0.368351 1.06924
-1 1528713011.717906 0.417265 -0.367955 1.0688
-1 1528713011.727402 0.41714 -0.367682 1.0685
-1 1528713011.741084 0.416923 -0.367238 1.068
-1 1528713011.746153 0.416789 -0.366908 1.06763
-1 1528713011.749842 0.416736 -0.366739 1.06743
-1 1528713011.753221 0.416693 -0.366571 1.06722
-1 1528713011.766079 0.41662 -0.366247 1.06677
-1 1528713011.773660 0.416542 -0.365932 1.06627
-1 1528713011.778108 0.416463 -0.3656 1.06573
-1 1528713011.787539 0.416447 -0.365416 1.06544
-1 1528713011.797374 0.416514 -0.364792 1.06449
-1 1528713011.808490 0.416731 -0.364083 1.06342
-1 1528713011.817245 0.416821 -0.363829 1.06304
-1 1528713011.821339 0.417009 -0.3633 1.06224
-1 1528713011.826861 0.417104 -0.363028 1.06182
-1 1528713011.840589 0.417372 -0.362201 1.0605
-1 1528713011.847175 0.41759 -0.361374 1.0591
-1 1528713011.856314 0.417652 -0.361089 1.05861
-1 1528713011.864403 0.41774 -0.360509 1.05762
-1 1528713011.871905 0.417819 -0.359877 1.05661
-1 1528713011.876767 0.417901 -0.359178 1.05557
-1 1528713011.889052 0.417926 -0.358815 1.05505
-1 1528713011.899292 0.417928 -0.357799 1.05347
-1 1528713011.906847 0.417839 -0.356879 1.0519
-1 1528713011.918891 0.417809 -0.35657 1.05138
-1 1528713011.923385 0.41777 -0.355915 1.05035
-1 1528713011.934546 0.417771 -0.355231 1.04935
-1 1528713011.946394 0.417776 -0.354218 1.04788
-1 1528713011.953332 0.417756 -0.353521 1.04691
-1 1528713011.961609 0.417708 -0.35279 1.04595
-1 1528713011.969415 0.417651 -0.352027 1.04499
-1 1528713011.977581 0.417579 -0.351224 1.04401
-1 1528713011.983297 0.417488 -0.350383 1.04303
-1 1528713011.993052 0.417411 -0.349569 1.04205
-1 1528713011.997216 0.417366 -0.348806 1.04108
-1 1528713012.008891 0.417348 -0.348441 1.04059
-1 1528713012.013516 0.417322 -0.347724 1.03959
-1 1528713012.017160 0.417323 -0.347367 1.03909
-1 1528713012.020585 0.417339 -0.347006 1.03859
-1 1528713012.038187 0.417468 -0.345953 1.03703
-1 1528713012.048796 0.41768 -0.344946 1.03541
-1 1528713012.054102 0.41783 -0.344263 1.03429
-1 1528713012.066165 0.417967 -0.34358 1.03314
-1 1528713012.072800 0.418102 -0.342917 1.03196
-1 1528713012.080152 0.418207 -0.342281 1.03073
-1 1528713012.083144 0.418246 -0.341977 1.03009
-1 1528713012.087969 0.418268 -0.341685 1.02945
-1 1528713012.091775 0.418268 -0.341404 1.02881
-1 1528713012.098511 0.418175 -0.340853 1.02746
-1 1528713012.103140 0.418085 -0.340593 1.02678
-1 1528713012.112300 0.417975 -0.340349 1.02609
-1 1528713012.117302 0.417738 -0.339903 1.02468
-1 1528713012.120727 0.41761 -0.339701 1.02396
-1 1528713012.129043 0.417489 -0.339515 1.02322
-1 1528713012.132731 0.417255 -0.339161 1.02172
-1 1528713012.141659 0.417032 -0.338829 1.02019
-1 1528713012.154646 0.416769 -0.338327 1.01785
-1 1528713012.161206 0.416646 -0.337999 1.01623
-1 1528713012.166623 0.416597 -0.337839 1.0154
-1 1528713012.171186 0.416545 -0.337675 1.01457
-1 1528713012.180902 0.416425 -0.337351 1.01287
-1 1528713012.187915 0.416282 -0.337049 1.01114
-1 1528713012.195800 0.416156 -0.336785 1.00938
-1 1528713012.205443 0.416013 -0.336528 1.00761
-1 1528713012.210111 0.415924 -0.336439 1.00672
-1 1528713012.217154 0.415831 -0.336346 1.0058
-1 1528713012.224437 0.415654 -0.336217 1.00391
-1 1528713012.227698 0.415566 -0.336149 1.00294
-1 1528713012.236066 0.415376 -0.335984 1.00102
-1 1528713012.247681 0.415076 -0.335734 0.99818
-1 1528713012.257432 0.414914 -0.335598 0.996262
-1 1528713012.265346 0.414809 -0.335487 0.994348
-1 1528713012.271443 0.414709 -0.335368 0.992398
-1 1528713012.276330 0.414664 -0.335305 0.991414
-1 1528713012.282976 0.414551 -0.335163 0.989419
-1 1528713012.293403 0.414409 -0.334978 0.987387
-1 1528713012.298766 0.414217 -0.334776 0.985327
-1 1528713012.310731 0.414095 -0.334689 0.984294
-1 1528713012.316271 0.413751 -0.334444 0.981217
-1 1528713012.330119 0.413572 -0.334269 0.97916
-1 1528713012.341502 0.413406 -0.334076 0.977092
-1 1528713012.350598 0.41314 -0.333757 0.973934
-1 1528713012.360744 0.412853 -0.333449 0.970739
-1 1528713012.368940 0.412653 -0.333258 0.968609
-1 1528713012.373765 0.412545 -0.333175 0.967551
-1 1528713012.385839 0.412236 -0.332914 0.964394
-1 1528713012.391559 0.412082 -0.332707 0.962293
-1 1528713012.399624 0.41202 -0.332608 0.961244
-1 1528713012.407119 0.41184 -0.332297 0.95811
-1 1528713012.415807 0.411774 -0.332196 0.957074
-1 1528713012.425277 0.411633 -0.331984 0.954997
-1 1528713012.429138 0.411469 -0.33175 0.952905
-1 1528713012.433036 0.411383 -0.331636 0.951859
-1 1528713012.440156 0.411293 -0.331519 0.95082
-1 1528713012.447262 0.411042 -0.33119 0.947717
-1 1528713012.457393 0.410982 -0.3311 0.946683
-1 1528713012.467045 0.410903 -0.330884 0.944637
-1 1528713012.471012 0.410837 -0.330614 0.9426
-1 1528713012.477813 0.410747 -0.330329 0.940571
-1 1528713012.487020 0.4107 -0.330202 0.939563
-1 1528713012.493338 0.410575 -0.32995 0.93755
-1 1528713012.496495 0.410504 -0.329826 0.93655
-1 1528713012.505934 0.410359 -0.329579 0.934569
-1 1528713012.518713 0.410217 -0.329356 0.932617
-1 1528713012.525261 0.409945 -0.329067 0.929752
-1 1528713012.534045 0.409729 -0.328862 0.927869
-1 1528713012.540528 0.409508 -0.328683 0.926012
-1 1528713012.553733 0.409208 -0.328372 0.92331
-1 1528713012.558951 0.409119 -0.32824 0.922428
-1 1528713012.565108 0.409035 -0.328094 0.921558
-1 1528713012.575656 0.408849 -0.327559 0.919031
-1 1528713012.587858 0.408664 -0.326861 0.916651
-1 1528713012.597768 0.408443 -0.326058 0.9144
-1 1528713012.605885 0.408361 -0.325784 0.913672
-1 1528713012.610791 0.408273 -0.325511 0.91295
-1 1528713012.627558 0.408102 -0.324986 0.911541
-1 1528713012.635706 0.407827 -0.323968 0.908844
-1 1528713012.641444 0.407702 -0.323456 0.907551
-1 1528713012.651233 0.407568 -0.322955 0.906299
-1 1528713012.665310 0.407387 -0.322201 0.904473
-1 1528713012.674432 0.407274 -0.321695 0.903285
-1 1528713012.681910 0.407158 -0.321187 0.90211
-1 1528713012.689241 0.407048 -0.32066 0.900938
-1 1528713012.694831 0.406992 -0.320394 0.900351
-1 1528713012.703456 0.406874 -0.319869 0.899171
-1 1528713012.710140 0.406761 -0.31936 0.898009
-1 1528713012.717681 0.406654 -0.31886 0.896881
-1 1528713012.725835 0.406549 -0.318363 0.895786
-1 1528713012.734222 0.40645 -0.317882 0.894719
-1 1528713012.744044 0.406338 -0.317437 0.893654
-1 1528713012.759322 0.406129 -0.316804 0.892042
-1 1528713012.762586 0.405986 -0.316423 0.890956
-1 1528713012.773559 0.405858 -0.316077 0.889854
-1 1528713012.789883 0.405721 -0.315659 0.888117
-1 1528713012.803435 0.40558 -0.315226 0.88566
-1 1528713012.822274 0.40544 -0.314968 0.883758
-1 1528713012.834697 0.405132 -0.314658 0.881232
-1 1528713012.841588 0.404824 -0.314466 0.87932
-1 1528713012.846648 0.404717 -0.314417 0.87868
-1 1528713012.866368 0.404308 -0.314364 0.876043
-1 1528713012.873134 0.404136 -0.3144 0.874656
-1 1528713012.878616 0.403971 -0.314496 0.873185
-1 1528713012.883325 0.403884 -0.314562 0.872427
-1 1528713012.887164 0.403798 -0.314631 0.871667
-1 1528713012.892498 0.403719 -0.314702 0.870904
-1 1528713012.904697 0.403488 -0.314897 0.868615
-1 1528713012.912051 0.403334 -0.315059 0.867075
-1 1528713012.919742 0.403178 -0.315221 0.865541
-1 1528713012.926589 0.403016 -0.31538 0.863986
-1 1528713012.934632 0.402924 -0.315459 0.863206
-1 1528713012.938042 0.402827 -0.315539 0.86242
-1 1528713012.947326 0.402636 -0.315698 0.860837
-1 1528713012.957674 0.402463 -0.31585 0.859227
-1 1528713012.965522 0.402318 -0.316013 0.857619
-1 1528713012.970385 0.402269 -0.316092 0.856807
-1 1528713012.982463 0.40227 -0.316291 0.854378
-1 1528713012.989853 0.402402 -0.316448 0.851974
-1 1528713013.002677 0.402468 -0.316499 0.851159
-1 1528713013.018352 0.402713 -0.316651 0.848752
-1 1528713013.027170 0.403055 -0.316799 0.84561
-1 1528713013.037668 0.403311 -0.316889 0.843299
-1 1528713013.042999 0.403389 -0.316915 0.842533
-1 1528713013.059930 0.40362 -0.316989 0.840249
-1 1528713013.068440 0.40382 -0.317028 0.837963
-1 1528713013.073684 0.403923 -0.317059 0.836439
-1 1528713013.082896 0.403991 -0.317079 0.835681
-1 1528713013.088408 0.404134 -0.317106 0.834158
-1 1528713013.097843 0.404274 -0.317138 0.832672
-1 1528713013.107264 0.404463 -0.317211 0.830521
-1 1528713013.118053 0.404512 -0.31724 0.829812
-1 1528713013.122978 0.404584 -0.317289 0.828383
-1 1528713013.127219 0.404609 -0.317306 0.827669
-1 1528713013.133038 0.404633 -0.317323 0.826955
-1 1528713013.138417 0.404661 -0.317368 0.825523
-1 1528713013.146677 0.404658 -0.317422 0.824087
-1 1528713013.154561 0.404645 -0.317455 0.822679
-1 1528713013.163389 0.40464 -0.317457 0.821299
-1 1528713013.169532 0.404637 -0.317421 0.819943
-1 1528713013.177028 0.404633 -0.317401 0.819275
-1 1528713013.187416 0.40463 -0.317377 0.817966
-1 1528713013.190208 0.404635 -0.317373 0.816697
-1 1528713013.197779 0.404663 -0.317382 0.815453
-1 1528713013.209225 0.404685 -0.317387 0.814838
-1 1528713013.217794 0.404751 -0.317364 0.813053
-1 1528713013.224665 0.404782 -0.317314 0.81193
-1 1528713013.236695 0.404792 -0.317258 0.810844
-1 1528713013.242719 0.404809 -0.317208 0.809791
-1 1528713013.257358 0.404839 -0.317183 0.808263
-1 1528713013.270123 0.404885 -0.317175 0.806811
-1 1528713013.278892 0.40494 -0.317184 0.805446
-1 1528713013.283657 0.404968 -0.317194 0.805011
-1 1528713013.293890 0.405067 -0.317249 0.803775
-1 1528713013.297339 0.405109 -0.317277 0.803393
-1 1528713013.305640 0.405156 -0.317311 0.803026
-1 1528713013.308949 0.405207 -0.317345 0.802673
-1 1528713013.320819 0.405311 -0.317415 0.802002
-1 1528713013.326530 0.405415 -0.317481 0.801378
-1 1528713013.333838 0.405515 -0.317551 0.800819
-1 1528713013.338889 0.405561 -0.317588 0.800566
-1 1528713013.347054 0.405641 -0.317678 0.800087
-1 1528713013.356399 0.405711 -0.317795 0.799628
-1 1528713013.367293 0.405766 -0.317934 0.799197
-1 1528713013.370762 0.405794 -0.318082 0.798795
-1 1528713013.377107 0.405822 -0.318221 0.798446
-1 1528713013.386434 0.405847 -0.318292 0.79829
-1 1528713013.397800 0.405971 -0.318512 0.797897
-1 1528713013.407454 0.406082 -0.318657 0.797706
-1 1528713013.423331 0.406206 -0.318797 0.797567
-1 1528713013.436818 0.406579 -0.319207 0.79747
-1 1528713013.445608 0.4067 -0.31938 0.797534
-1 1528713013.451365 0.406781 -0.319565 0.797634
-1 1528713013.459694 0.406838 -0.319753 0.797764
-1 1528713013.469456 0.406848 -0.319849 0.797839
-1 1528713013.475924 0.406833 -0.320123 0.798126
-1 1528713013.479101 0.40683 -0.32021 0.798256
-1 1528713013.487390 0.406835 -0.320384 0.798575
-1 1528713013.491480 0.406841 -0.32047 0.798761
-1 1528713013.500171 0.406849 -0.320641 0.799179
-1 1528713013.505387 0.406849 -0.320725 0.79941
-1 1528713013.511733 0.406849 -0.320808 0.799658
-1 1528713013.516476 0.406851 -0.320977 0.800192
-1 1528713013.524823 0.406843 -0.321153 0.800775
-1 1528713013.538395 0.406842 -0.321336 0.801404
-1 1528713013.547926 0.406875 -0.321614 0.802433
-1 1528713013.572739 0.406878 -0.321995 0.803991
-1 1528713013.580957 0.406881 -0.322365 0.805865
-1 1528713013.590753 0.40688 -0.322553 0.806918
-1 1528713013.600254 0.406875 -0.322734 0.808029
-1 1528713013.615517 0.406743 -0.323076 0.810362
-1 1528713013.622446 0.406632 -0.323238 0.811587
-1 1528713013.632532 0.406489 -0.323396 0.812835
-1 1528713013.636067 0.406302 -0.323566 0.814109
-1 1528713013.641119 0.406192 -0.323657 0.814762
-1 1528713013.656381 0.405811 -0.323937 0.816795
-1 1528713013.661283 0.405544 -0.324127 0.81821
-1 1528713013.677694 0.40527 -0.324309 0.819678
-1 1528713013.686555 0.404896 -0.324552 0.821965
-1 1528713013.696301 0.404686 -0.324703 0.823564
-1 1528713013.705124 0.404416 -0.324905 0.826101
-1 1528713013.715293 0.404232 -0.325028 0.827884
-1 1528713013.727058 0.403961 -0.325204 0.830696
-1 1528713013.735091 0.403776 -0.325324 0.832645
-1 1528713013.739888 0.403587 -0.325459 0.834625
-1 1528713013.749606 0.403495 -0.325535 0.835631
-1 1528713013.756119 0.403297 -0.325701 0.837691
-1 1528713013.764802 0.403072 -0.325873 0.839801
-1 1528713013.770908 0.402956 -0.32596 0.84087
-1 1528713013.786953 0.402373 -0.326379 0.846421
-1 1528713013.795258 0.402268 -0.326457 0.847578
-1 1528713013.807941 0.402 -0.326674 0.851135
-1 1528713013.816471 0.401863 -0.326801 0.853594
-1 1528713013.825332 0.401758 -0.326919 0.856127
-1 1528713013.837238 0.401666 -0.3271 0.860037
-1 1528713013.843134 0.401632 -0.327238 0.862721
-1 1528713013.851715 0.401594 -0.327384 0.865459
-1 1528713013.858661 0.401532 -0.327522 0.868246
-1 1528713013.882009 0.401252 -0.327887 0.875356
-1 1528713013.893493 0.401115 -0.328028 0.878263
-1 1528713013.907677 0.400843 -0.328338 0.884151
-1 1528713013.916420 0.400683 -0.32851 0.887112
-1 1528713013.922251 0.400527 -0.328678 0.89009
-1 1528713013.934354 0.40029 -0.328936 0.894565
-1 1528713013.940922 0.400118 -0.329109 0.897555
-1 1528713013.947520 0.399945 -0.329297 0.900548
-1 1528713013.957366 0.399862 -0.329388 0.90205
-1 1528713013.967266 0.399703 -0.329563 0.905055
-1 1528713013.978047 0.399463 -0.329839 0.909541
-1 1528713013.992395 0.39917 -0.330214 0.915479
-1 1528713014.000998 0.399042 -0.330428 0.918428
-1 1528713014.016502 0.398858 -0.330782 0.922813
-1 1528713014.027246 0.398687 -0.33117 0.927137
-1 1528713014.042799 0.398581 -0.33145 0.929977
-1 1528713014.048264 0.398531 -0.331597 0.931381
-1 1528713014.053810 0.398449 -0.33192 0.934144
-1 1528713014.062439 0.39836 -0.33244 0.938206
-1 1528713014.069545 0.398298 -0.33282 0.940844
-1 1528713014.077724 0.398249 -0.333215 0.943448
-1 1528713014.087406 0.398202 -0.333828 0.947311
-1 1528713014.096089 0.398195 -0.334044 0.948587
-1 1528713014.125597 0.398264 -0.335551 0.957541
-1 1528713014.135882 0.398402 -0.336154 0.961327
-1 1528713014.149660 0.398652 -0.336927 0.966229
-1 1528713014.199032 0.399715 -0.33871 0.978063
-1 1528713014.202866 0.399972 -0.339089 0.980392
-1 1528713014.210508 0.400201 -0.339493 0.982698
-1 1528713014.221192 0.400383 -0.339928 0.984978
-1 1528713014.231642 0.400511 -0.340369 0.987227
-1 1528713014.236535 0.400669 -0.341036 0.990564
-1 1528713014.246526 0.400757 -0.341502 0.992757
-1 1528713014.258846 0.400853 -0.341967 0.99493
-1 1528713014.265493 0.400939 -0.342427 0.997085
-1 1528713014.274399 0.401065 -0.343163 1.00028
-1 1528713014.287367 0.401162 -0.343659 1.00238
-1 1528713014.296886 0.401276 -0.34439 1.00548
-1 1528713014.303769 0.401318 -0.344644 1.0065
-1 1528713014.316878 0.40147 -0.345453 1.00957
-1 1528713014.326254 0.401601 -0.346287 1.01254
-1 1528713014.335621 0.401679 -0.346865 1.01448
-1 1528713014.340052 0.401761 -0.347469 1.01638
-1 1528713014.345560 0.401805 -0.347777 1.01731
-1 1528713014.354776 0.401883 -0.348389 1.01912
-1 1528713014.361477 0.401905 -0.348681 1.02
-1 1528713014.370152 0.401921 -0.349537 1.02256
-1 1528713014.378687 0.401934 -0.350114 1.0242
-1 1528713014.392194 0.401958 -0.350662 1.0258
-1 1528713014.411408 0.402002 -0.35167 1.02885
-1 1528713014.420397 0.402074 -0.352653 1.03174
-1 1528713014.440183 0.40208 -0.353524 1.03448
-1 1528713014.447160 0.40207 -0.353903 1.03582
-1 1528713014.453468 0.402066 -0.354069 1.03648
-1 1528713014.479445 0.402219 -0.355273 1.0407
-1 1528713014.486055 0.402252 -0.355479 1.04126
-1 1528713014.519296 0.402381 -0.357445 1.0454
-1 1528713014.527296 0.402406 -0.357977 1.04634
-1 1528713014.538756 0.40249 -0.35878 1.04769
-1 1528713014.545996 0.402585 -0.359294 1.04856
-1 1528713014.556642 0.402691 -0.359799 1.04941
-1 1528713014.561359 0.402742 -0.360065 1.04983
-1 1528713014.572609 0.402875 -0.360931 1.05105
-1 1528713014.579688 0.402941 -0.36153 1.05185
-1 1528713014.585515 0.402968 -0.361825 1.05224
-1 1528713014.594033 0.403021 -0.362435 1.053
-1 1528713014.600358 0.403081 -0.363049 1.05376
-1 1528713014.617627 0.403192 -0.36396 1.05485
-1 1528713014.630240 0.403348 -0.364812 1.05589
-1 1528713014.637385 0.403541 -0.36565 1.05687
-1 1528713014.645647 0.403683 -0.366188 1.05749
-1 1528713014.659130 0.403928 -0.367014 1.05838
-1 1528713014.663789 0.404033 -0.367285 1.05867
-1 1528713014.676119 0.404343 -0.368077 1.05949
-1 1528713014.684428 0.404556 -0.368591 1.06003
-1 1528713014.697186 0.404913 -0.369415 1.06081
-1 1528713014.705379 0.405147 -0.369961 1.06133
-1 1528713014.712492 0.405388 -0.370466 1.06183
-1 1528713014.721040 0.405614 -0.37092 1.06232
-1 1528713014.776623 0.405949 -0.371594 1.06303
-1 1528713014.785243 0.406174 -0.372032 1.06352
-1 1528713014.798195 0.40639 -0.372463 1.06401
-1 1528713014.805738 0.406712 -0.37316 1.06473
-1 1528713014.813637 0.406897 -0.373654 1.06521
-1 1528713014.817962 0.407065 -0.374154 1.06569
-1 1528713014.825452 0.407138 -0.374406 1.06592
-1 1528713014.832982 0.407329 -0.375162 1.06663
-1 1528713014.838802 0.407396 -0.375415 1.06686
-1 1528713014.843218 0.40753 -0.375939 1.06732
-1 1528713014.850047 0.407596 -0.376208 1.06754
-1 1528713014.858229 0.407719 -0.376745 1.06797
-1 1528713014.873688 0.40785 -0.377531 1.06859
-1 1528713014.882268 0.408054 -0.378766 1.06955
-1 1528713014.893014 0.408146 -0.379238 1.0699
-1 1528713014.900613 0.408234 -0.379665 1.07023
-1 1528713014.905464 0.408329 -0.380019 1.07052
-1 1528713014.920509 0.408431 -0.380333 1.07078
-1 1528713014.931939 0.408689 -0.381058 1.0713
-1 1528713014.945221 0.408881 -0.381621 1.07169
-1 1528713014.952878 0.408916 -0.381712 1.07183
-1 1528713014.963043 0.408925 -0.381791 1.07188
-1 1528713014.967353 0.408955 -0.382203 1.07193
-1 1528713014.976922 0.408965 -0.382508 1.07195
-1 1528713014.982965 0.408991 -0.382831 1.07198
-1 1528713014.990318 0.409049 -0.38316 1.072
-1 1528713014.994274 0.409091 -0.383331 1.07201
-1 1528713015.003352 0.409211 -0.383686 1.07201
-1 1528713015.010891 0.409428 -0.384276 1.07199
-1 1528713015.017567 0.409602 -0.384709 1.07196
-1 1528713015.025033 0.409805 -0.385162 1.07192
-1 1528713015.034474 0.410037 -0.385613 1.07187
-1 1528713015.042017 0.410306 -0.386039 1.07182
-1 1528713015.051983 0.410595 -0.386445 1.07177
-1 1528713015.070058 0.411199 -0.387063 1.07167
-1 1528713015.081725 0.411707 -0.387571 1.07162
-1 1528713015.087247 0.412231 -0.388107 1.07157
-1 1528713015.091958 0.412398 -0.388291 1.07156
-1 1528713015.118587 0.413218 -0.38942 1.07141
-1 1528713015.127813 0.413439 -0.389797 1.07134
-1 1528713015.134892 0.413669 -0.390181 1.07127
-1 1528713015.142110 0.413908 -0.390572 1.07118
-1 1528713015.153671 0.414152 -0.390957 1.0711
-1 1528713015.165013 0.414523 -0.391484 1.07095
-1 1528713015.174293 0.414921 -0.391952 1.0708
-1 1528713015.186695 0.415193 -0.392251 1.07068
-1 1528713015.199865 0.415677 -0.392851 1.07043
-1 1528713015.216499 0.415997 -0.393299 1.07023
-1 1528713015.221237 0.416103 -0.393442 1.07016
-1 1528713015.226603 0.416321 -0.39372 1.07002
-1 1528713015.234758 0.416564 -0.393995 1.06988
-1 1528713015.242866 0.416842 -0.394264 1.06974
-1 1528713015.251374 0.417138 -0.394475 1.0696
-1 1528713015.258199 0.417441 -0.394646 1.06947
-1 1528713015.275754 0.417742 -0.394813 1.06933
-1 1528713015.285347 0.418346 -0.39513 1.06903
-1 1528713015.288767 0.418497 -0.395202 1.06896
-1 1528713015.295509 0.418643 -0.395276 1.06888
-1 1528713015.309098 0.419068 -0.39554 1.06866
-1 1528713015.327677 0.419476 -0.395845 1.06844
-1 1528713015.337683 0.419902 -0.396207 1.06818
-1 1528713015.343640 0.42007 -0.396384 1.06805
-1 1528713015.350293 0.420223 -0.396575 1.06791
-1 1528713015.369765 0.420446 -0.396878 1.06772
-1 1528713015.373674 0.420583 -0.397087 1.0676
-1 1528713015.393077 0.420809 -0.3975 1.06737
-1 1528713015.398494 0.420935 -0.397791 1.06721
-1 1528713015.404910 0.420975 -0.397887 1.06716
-1 1528713015.416030 0.421053 -0.398074 1.06706
-1 1528713015.426558 0.42116 -0.398345 1.06692
-1 1528713015.433313 0.421216 -0.398516 1.06683
-1 1528713015.441664 0.421255 -0.398679 1.06674
-1 1528713015.448546 0.421286 -0.398841 1.06665
-1 1528713015.463180 0.421296 -0.398889 1.06661
-1 1528713015.467545 0.421347 -0.399057 1.0665
-1 1528713015.476444 0.421389 -0.399184 1.06643
-1 1528713015.489181 0.421435 -0.399333 1.06637
-1 1528713015.494407 0.421493 -0.399498 1.06632
-1 1528713015.506842 0.421561 -0.399678 1.06627
-1 1528713015.515692 0.421687 -0.399965 1.06621
-1 1528713015.527344 0.421806 -0.400251 1.06615
-1 1528713015.534240 0.421878 -0.400448 1.06612
-1 1528713015.540858 0.421953 -0.400645 1.06609
-1 1528713015.553648 0.421993 -0.400744 1.06608
-1 1528713015.559687 0.422116 -0.401038 1.06603
-1 1528713015.589570 0.422218 -0.401312 1.06598
-1 1528713015.621814 0.422447 -0.402085 1.06579
-1 1528713015.646537 0.422519 -0.40238 1.06572
-1 1528713015.661305 0.422548 -0.40262 1.06567
-1 1528713015.670115 0.42252 -0.402694 1.06566
-1 1528713015.681338 0.422451 -0.402754 1.06565
-1 1528713015.687526 0.422405 -0.402784 1.06564
-1 1528713015.728711 0.422202 -0.402827 1.06565
-1 1528713015.735140 0.422142 -0.402812 1.06566
-1 1528713015.758639 0.422018 -0.40274 1.06571
-1 1528713015.763277 0.421973 -0.402698 1.06573
-1 1528713015.773463 0.421937 -0.402649 1.06575
-1 1528713015.804453 0.421758 -0.40247 1.06582
-1 1528713015.816075 0.42166 -0.402393 1.06585
-1 1528713015.822442 0.421624 -0.402367 1.06587
-1 1528713015.847244 0.421477 -0.402248 1.06593
-1 1528713015.853412 0.421286 -0.402089 1.06604
-1 1528713015.866255 0.42121 -0.402028 1.06608
-1 1528713015.876031 0.421091 -0.401945 1.06614
-1 1528713015.885306 0.420967 -0.40186 1.0662
-1 1528713015.893901 0.420888 -0.401796 1.06625
-1 1528713015.904569 0.420814 -0.401734 1.06629
-1 1528713015.913631 0.420749 -0.401674 1.06634
-1 1528713015.917769 0.420698 -0.401611 1.06639
-1 1528713015.927827 0.420673 -0.401579 1.06642
-1 1528713015.938233 0.420624 -0.401509 1.06647
-1 1528713015.942645 0.420572 -0.401432 1.06652
-1 1528713015.950613 0.42052 -0.401347 1.06657
-1 1528713015.956789 0.420462 -0.401251 1.06663
-1 1528713015.967577 0.420396 -0.401143 1.06668
