-1 1530707001.508646 0.0712978 0.256506 1.11561
-1 1530707001.514226 0.0663815 0.256434 1.11535
-1 1530707001.522785 0.0662605 0.256387 1.11534
-1 1530707001.532979 0.0661497 0.256342 1.11533
-1 1530707001.538990 0.0660447 0.2563 1.11532
-1 1530707001.547121 0.0659375 0.256268 1.11532
-1 1530707001.554716 0.0658817 0.256252 1.11532
-1 1530707001.569689 0.0657097 0.256206 1.11531
-1 1530707001.576676 0.0655123 0.256138 1.1153
-1 1530707001.582715 0.0654429 0.25611 1.1153
-1 1530707001.585747 0.0653718 0.256081 1.1153
-1 1530707001.593746 0.0652278 0.256023 1.11529
-1 1530707001.605676 0.0650798 0.255962 1.11528
-1 1530707001.612345 0.0649384 0.255905 1.11528
-1 1530707001.618981 0.0647963 0.255851 1.11527
-1 1530707001.626316 0.0646519 0.255801 1.11527
-1 1530707001.634487 0.0645798 0.25578 1.11527
-1 1530707001.641389 0.0644408 0.255746 1.11528
-1 1530707001.649339 0.0643071 0.25571 1.11528
-1 1530707001.689921 0.0642412 0.255691 1.11528
-1 1530707001.695042 0.0641779 0.255672 1.11528
-1 1530707001.701557 0.064117 0.255652 1.11528
-1 1530707001.708440 0.064003 0.25561 1.11529
-1 1530707001.713220 0.0639503 0.25559 1.11529
-1 1530707001.721735 0.0638519 0.255552 1.11529
-1 1530707001.726963 0.0637607 0.255517 1.11529
-1 1530707001.729862 0.0637189 0.255503 1.1153
-1 1530707001.734493 0.06368 0.255489 1.1153
-1 1530707001.741813 0.0636093 0.255467 1.1153
-1 1530707001.747534 0.0635424 0.255444 1.11531
-1 1530707001.756280 0.0634788 0.255418 1.11531
-1 1530707001.759220 0.0634493 0.255403 1.11531
-1 1530707001.767737 0.0634204 0.255391 1.11531
-1 1530707001.773530 0.063338 0.255346 1.11531
-1 1530707001.780111 0.0632943 0.255314 1.1153
-1 1530707001.788561 0.0632519 0.25528 1.1153
-1 1530707001.793883 0.0632031 0.255246 1.1153
-1 1530707001.801855 0.0631512 0.255217 1.11529
-1 1530707001.806234 0.0631236 0.255202 1.11529
-1 1530707001.815355 0.0630295 0.255143 1.11528
-1 1530707001.823834 0.0629608 0.255092 1.11528
-1 1530707001.834172 0.0628975 0.255044 1.11527
-1 1530707001.840755 0.0627996 0.254967 1.11527
-1 1530707001.848711 0.0627309 0.254911 1.11527
-1 1530707001.856838 0.0626971 0.254882 1.11528
-1 1530707001.864211 0.0625958 0.254802 1.11528
-1 1530707001.874449 0.0625064 0.254737 1.11529
-1 1530707001.878928 0.0624786 0.254719 1.11529
-1 1530707001.887549 0.0624237 0.254688 1.11529
-1 1530707001.896269 0.0623743 0.254664 1.11529
-1 1530707001.920448 0.0623097 0.254635 1.11529
-1 1530707001.924223 0.0622189 0.254584 1.11529
-1 1530707001.929963 0.062197 0.254554 1.11529
-1 1530707001.941053 0.0621804 0.254522 1.11528
-1 1530707001.947654 0.062165 0.254469 1.11528
-1 1530707001.968229 0.0621705 0.254371 1.11528
-1 1530707001.974238 0.0621737 0.25435 1.11528
-1 1530707001.983030 0.0621825 0.254305 1.11529
-1 1530707001.987722 0.062188 0.254281 1.11529
-1 1530707001.993705 0.0622039 0.25423 1.11529
-1 1530707002.003066 0.0622215 0.254176 1.11529
-1 1530707002.005886 0.0622302 0.254147 1.1153
-1 1530707002.015640 0.0622467 0.254097 1.1153
-1 1530707002.022631 0.0622566 0.254047 1.1153
-1 1530707002.033348 0.0622583 0.254 1.1153
-1 1530707002.039900 0.0622556 0.25396 1.11531
-1 1530707002.046574 0.0622478 0.25392 1.11531
-1 1530707002.052393 0.0622418 0.253896 1.11531
-1 1530707002.063463 0.0622297 0.253846 1.11532
-1 1530707002.070944 0.0622129 0.253794 1.11533
-1 1530707002.075275 0.0622051 0.253767 1.11533
-1 1530707002.083902 0.0621875 0.253708 1.11534
-1 1530707002.089995 0.0621754 0.253647 1.11535
-1 1530707002.095917 0.0621648 0.253591 1.11535
-1 1530707002.105543 0.0621594 0.253563 1.11535
-1 1530707002.110724 0.062155 0.253509 1.11535
-1 1530707002.117999 0.062155 0.253483 1.11535
-1 1530707002.121625 0.0621575 0.253435 1.11535
-1 1530707002.137147 0.0621599 0.253395 1.11535
-1 1530707002.154287 0.062165 0.253312 1.11536
-1 1530707002.163769 0.0621824 0.253281 1.11536
-1 1530707002.171885 0.0622003 0.253251 1.11537
-1 1530707002.175234 0.0622079 0.253235 1.11537
-1 1530707002.186232 0.0622208 0.253202 1.11538
-1 1530707002.190549 0.0622318 0.25317 1.11538
-1 1530707002.200292 0.0622409 0.253135 1.11539
-1 1530707002.208545 0.0622467 0.253095 1.11539
-1 1530707002.220255 0.0622517 0.253052 1.1154
-1 1530707002.228267 0.0622557 0.253011 1.1154
-1 1530707002.233406 0.0622576 0.252972 1.1154
-1 1530707002.243843 0.0622755 0.252927 1.1154
-1 1530707002.256143 0.0622925 0.252901 1.1154
-1 1530707002.265807 0.0623176 0.252864 1.1154
-1 1530707002.272671 0.0623371 0.252847 1.11541
-1 1530707002.282752 0.0623595 0.252832 1.11541
-1 1530707002.286746 0.0623729 0.252824 1.11541
-1 1530707002.294036 0.0623994 0.252802 1.11541
-1 1530707002.303777 0.0624299 0.252776 1.11542
-1 1530707002.310637 0.0624646 0.252747 1.11543
-1 1530707002.317786 0.0625014 0.252717 1.11543
-1 1530707002.326267 0.0625368 0.25269 1.11544
-1 1530707002.333812 0.0625542 0.252677 1.11544
-1 1530707002.342643 0.0625893 0.252649 1.11544
-1 1530707002.347651 0.0626319 0.252631 1.11545
-1 1530707002.352580 0.062651 0.252625 1.11545
-1 1530707002.356657 0.062666 0.252621 1.11545
-1 1530707002.367123 0.0626908 0.252615 1.11545
-1 1530707002.373985 0.0627144 0.252608 1.11545
-1 1530707002.383646 0.0627488 0.252603 1.11545
-1 1530707002.387572 0.0627712 0.252599 1.11545
-1 1530707002.392350 0.0627945 0.252596 1.11545
-1 1530707002.402277 0.0628422 0.252585 1.11545
-1 1530707002.406649 0.0628965 0.252576 1.11546
-1 1530707002.411535 0.0629266 0.252573 1.11546
-1 1530707002.415690 0.0629564 0.25257 1.11546
-1 1530707002.426332 0.0630147 0.252562 1.11547
-1 1530707002.434593 0.0630731 0.252546 1.11548
-1 1530707002.445619 0.063158 0.25252 1.11548
-1 1530707002.452508 0.0632164 0.252499 1.11548
-1 1530707002.463800 0.0632753 0.252477 1.11548
-1 1530707002.469288 0.0633049 0.252468 1.11548
-1 1530707002.475323 0.0633608 0.252452 1.11548
-1 1530707002.484051 0.0634093 0.252434 1.11548
-1 1530707002.489048 0.0634528 0.252416 1.11549
-1 1530707002.497302 0.0634947 0.252405 1.11549
-1 1530707002.534546 0.0635552 0.252406 1.11549
-1 1530707002.538984 0.0637104 0.252426 1.11551
-1 1530707002.543856 0.0637359 0.252424 1.11551
-1 1530707002.556386 0.0638001 0.252431 1.11551
-1 1530707002.561790 0.0638697 0.252435 1.11551
-1 1530707002.570877 0.0639435 0.252439 1.11551
-1 1530707002.583864 0.0640531 0.252457 1.11551
-1 1530707002.589780 0.0641235 0.252469 1.11551
-1 1530707002.596320 0.0641899 0.252479 1.11551
-1 1530707002.604546 0.0642229 0.252484 1.11551
-1 1530707002.610416 0.0642893 0.252493 1.11551
-1 1530707002.617037 0.0643546 0.252506 1.11551
-1 1530707002.622854 0.0643867 0.252513 1.11551
-1 1530707002.633263 0.0644509 0.252521 1.11551
-1 1530707002.641477 0.0645134 0.252519 1.11552
-1 1530707002.647353 0.0645813 0.252518 1.11552
-1 1530707002.653770 0.0646179 0.252518 1.11552
-1 1530707002.660999 0.0646908 0.252515 1.11552
-1 1530707002.668247 0.0647652 0.25251 1.11552
-1 1530707002.675897 0.0648408 0.252505 1.11551
-1 1530707002.683742 0.0648778 0.252504 1.11551
-1 1530707002.692163 0.0649501 0.252508 1.11551
-1 1530707002.696218 0.064986 0.252511 1.1155
-1 1530707002.704296 0.0650574 0.252516 1.1155
-1 1530707002.710309 0.0651315 0.25252 1.11549
-1 1530707002.718251 0.0652102 0.252522 1.11549
-1 1530707002.723087 0.0652496 0.252524 1.11549
-1 1530707002.734075 0.0653224 0.252525 1.11548
-1 1530707002.739673 0.0653861 0.252517 1.11548
-1 1530707002.742857 0.0654193 0.252509 1.11548
-1 1530707002.746937 0.0654526 0.252501 1.11548
-1 1530707002.753432 0.0654853 0.252492 1.11548
-1 1530707002.759858 0.0655504 0.252471 1.11548
-1 1530707002.763490 0.065581 0.25246 1.11548
-1 1530707002.776057 0.0656356 0.25244 1.11548
-1 1530707002.807448 0.0658407 0.2524 1.11547
-1 1530707002.813157 0.0658709 0.252397 1.11547
-1 1530707002.820463 0.0659346 0.252394 1.11547
-1 1530707002.826789 0.0659668 0.252393 1.11547
-1 1530707002.834216 0.0660311 0.252389 1.11547
-1 1530707002.840144 0.0660943 0.252381 1.11547
-1 1530707002.843685 0.0661269 0.252375 1.11548
-1 1530707002.853898 0.0661977 0.252358 1.11548
-1 1530707002.860630 0.0662681 0.252332 1.11548
-1 1530707002.869090 0.0663331 0.252293 1.11548
-1 1530707002.877135 0.0664019 0.25225 1.11549
-1 1530707002.886212 0.0664383 0.25223 1.11549
-1 1530707002.892050 0.0665154 0.252194 1.11549
-1 1530707002.901101 0.0665944 0.25216 1.11549
-1 1530707002.905621 0.0666696 0.25213 1.11549
-1 1530707002.916140 0.0667071 0.252118 1.1155
-1 1530707002.920698 0.0667811 0.252104 1.1155
-1 1530707002.924306 0.0668193 0.252097 1.1155
-1 1530707002.929320 0.0668582 0.252092 1.1155
-1 1530707002.936881 0.0668982 0.252086 1.11551
-1 1530707002.940548 0.0669807 0.252075 1.11551
-1 1530707002.945371 0.067027 0.252073 1.11551
-1 1530707002.948219 0.0670745 0.25207 1.11552
-1 1530707002.956355 0.0671705 0.252067 1.11552
-1 1530707002.963041 0.0672198 0.252065 1.11552
-1 1530707002.970239 0.0673161 0.252065 1.11553
-1 1530707002.982760 0.0674586 0.252065 1.11553
-1 1530707002.987327 0.0675043 0.252066 1.11553
-1 1530707002.991455 0.0675488 0.252067 1.11553
-1 1530707002.998688 0.0676333 0.252066 1.11554
-1 1530707003.004800 0.067674 0.252068 1.11554
-1 1530707003.010851 0.0677503 0.252073 1.11554
-1 1530707003.014448 0.0677876 0.252076 1.11554
-1 1530707003.018674 0.0678224 0.252078 1.11554
-1 1530707003.024897 0.0678934 0.252079 1.11554
-1 1530707003.033454 0.0679285 0.252077 1.11554
-1 1530707003.042748 0.0680374 0.252061 1.11555
-1 1530707003.048206 0.0680748 0.252053 1.11555
-1 1530707003.055806 0.0681507 0.252037 1.11555
-1 1530707003.064672 0.0682296 0.252023 1.11555
-1 1530707003.075627 0.0683094 0.252009 1.11555
-1 1530707003.084059 0.0683877 0.251998 1.11555
-1 1530707003.091597 0.0684651 0.251985 1.11554
-1 1530707003.096868 0.0685463 0.251974 1.11554
-1 1530707003.118126 0.0687473 0.251966 1.11554
-1 1530707003.140672 0.0688682 0.251965 1.11554
-1 1530707003.150053 0.0690233 0.25196 1.11554
-1 1530707003.155361 0.069062 0.251957 1.11554
-1 1530707003.161777 0.069138 0.251943 1.11554
-1 1530707003.167338 0.0691789 0.251933 1.11554
-1 1530707003.173599 0.0692639 0.251917 1.11554
-1 1530707003.185662 0.0693483 0.251901 1.11554
-1 1530707003.193377 0.0694277 0.251885 1.11554
-1 1530707003.199008 0.0695044 0.251873 1.11554
-1 1530707003.205681 0.069586 0.251868 1.11554
-1 1530707003.216471 0.0696285 0.251864 1.11554
-1 1530707003.221506 0.0697161 0.251853 1.11553
-1 1530707003.232305 0.0698504 0.251831 1.11552
-1 1530707003.241843 0.0699425 0.251815 1.11552
-1 1530707003.246296 0.070035 0.251796 1.11552
-1 1530707003.252188 0.0700786 0.251785 1.11551
-1 1530707003.255759 0.0701218 0.251772 1.11551
-1 1530707003.262980 0.0701626 0.251758 1.11551
-1 1530707003.268917 0.0702443 0.251723 1.11551
-1 1530707003.276264 0.0702848 0.251704 1.11551
-1 1530707003.282794 0.0703631 0.25166 1.1155
-1 1530707003.290502 0.0704436 0.251612 1.1155
-1 1530707003.293431 0.0704843 0.251584 1.1155
-1 1530707003.304487 0.0705658 0.251522 1.1155
-1 1530707003.310898 0.070646 0.251458 1.1155
-1 1530707003.320672 0.0707245 0.251396 1.1155
-1 1530707003.332683 0.0708486 0.251319 1.11549
-1 1530707003.338893 0.0709339 0.251273 1.11549
-1 1530707003.346629 0.0709764 0.251249 1.1155
-1 1530707003.352670 0.0710616 0.251197 1.1155
-1 1530707003.358853 0.0711457 0.251137 1.1155
-1 1530707003.366914 0.0712301 0.251062 1.1155
-1 1530707003.372806 0.0712752 0.251021 1.1155
-1 1530707003.376861 0.0713219 0.250977 1.1155
-1 1530707003.383056 0.0713693 0.250933 1.1155
-1 1530707003.386362 0.0714174 0.250886 1.1155
-1 1530707003.416624 0.0717967 0.250415 1.1155
-1 1530707003.459829 0.0721929 0.249801 1.1155
-1 1530707003.465945 0.0722762 0.249673 1.11551
-1 1530707003.475384 0.0724063 0.249473 1.11552
-1 1530707003.486477 0.0724493 0.249404 1.11552
-1 1530707003.495507 0.0725832 0.249199 1.11554
-1 1530707003.503525 0.0726765 0.249065 1.11555
-1 1530707003.509189 0.0727689 0.248937 1.11556
-1 1530707003.515459 0.0728135 0.248876 1.11557
-1 1530707003.533439 0.0729894 0.248642 1.1156
-1 1530707003.539933 0.0730723 0.248522 1.11561
-1 1530707003.550958 0.0731579 0.248408 1.11562
-1 1530707003.557260 0.0732398 0.2483 1.11563
-1 1530707003.563493 0.0732804 0.248246 1.11563
-1 1530707003.570170 0.0733596 0.248138 1.11564
-1 1530707003.583257 0.0734802 0.247988 1.11564
-1 1530707003.586599 0.0735206 0.247937 1.11564
-1 1530707003.595775 0.0736044 0.247832 1.11565
-1 1530707003.605118 0.0736915 0.247723 1.11565
-1 1530707003.611441 0.0737821 0.247614 1.11565
-1 1530707003.615619 0.0738261 0.247561 1.11566
-1 1530707003.618714 0.0738688 0.247508 1.11566
-1 1530707003.624670 0.0739505 0.247404 1.11567
-1 1530707003.633723 0.0739919 0.247358 1.11567
-1 1530707003.638350 0.0740317 0.247314 1.11567
-1 1530707003.644551 0.0741084 0.24723 1.11568
-1 1530707003.653169 0.0741772 0.24714 1.11569
-1 1530707003.663692 0.07424 0.247048 1.11571
-1 1530707003.669563 0.0743059 0.246957 1.11572
-1 1530707003.679111 0.0743727 0.246863 1.11573
-1 1530707003.685247 0.0744379 0.246767 1.11573
-1 1530707003.689924 0.0744702 0.24672 1.11574
-1 1530707003.697435 0.0745355 0.246626 1.11574
-1 1530707003.709562 0.0745708 0.24658 1.11574
-1 1530707003.717494 0.0746853 0.246448 1.11575
-1 1530707003.723259 0.0747606 0.246357 1.11575
-1 1530707003.732946 0.0748326 0.246268 1.11575
-1 1530707003.736730 0.0748663 0.246226 1.11575
-1 1530707003.745570 0.0749304 0.246145 1.11575
-1 1530707003.756824 0.0750248 0.246024 1.11575
-1 1530707003.764045 0.075088 0.245944 1.11576
-1 1530707003.769395 0.0751198 0.245902 1.11576
-1 1530707003.775435 0.0751844 0.245822 1.11577
-1 1530707003.785073 0.0752172 0.245783 1.11577
-1 1530707003.788874 0.0752829 0.245709 1.11578
-1 1530707003.800889 0.0753497 0.245636 1.11579
-1 1530707003.889971 0.0759438 0.24502 1.11581
-1 1530707003.903647 0.0760705 0.244896 1.11583
-1 1530707003.908782 0.0761236 0.24484 1.11584
-1 1530707003.915241 0.0761509 0.244808 1.11585
-1 1530707003.921699 0.0762103 0.244738 1.11587
-1 1530707003.933931 0.0762791 0.244662 1.11589
-1 1530707003.947499 0.0764262 0.244497 1.11591
-1 1530707003.953301 0.0764636 0.244458 1.11592
-1 1530707003.964746 0.076535 0.244383 1.11592
-1 1530707003.970218 0.0766025 0.244314 1.11592
-1 1530707003.976813 0.0766626 0.244244 1.11592
-1 1530707003.983468 0.0766913 0.244209 1.11592
-1 1530707003.986120 0.0767184 0.244176 1.11592
-1 1530707003.993214 0.0767695 0.244111 1.11591
-1 1530707004.005083 0.0768221 0.244049 1.11591
-1 1530707004.012025 0.0768747 0.24399 1.11592
-1 1530707004.017971 0.0769003 0.243962 1.11592
-1 1530707004.023490 0.0769517 0.243909 1.11593
-1 1530707004.033362 0.0770007 0.243857 1.11594
-1 1530707004.041356 0.0770503 0.243808 1.11596
-1 1530707004.050781 0.0771012 0.24376 1.11598
-1 1530707004.062006 0.0771734 0.24368 1.11602
-1 1530707004.083147 0.0772396 0.243589 1.11605
-1 1530707004.090407 0.0772822 0.243533 1.11607
-1 1530707004.096652 0.0773233 0.243481 1.11609
-1 1530707004.107556 0.0773632 0.24343 1.11611
-1 1530707004.114457 0.0774195 0.243355 1.11615
-1 1530707004.122105 0.0774538 0.243307 1.11617
-1 1530707004.127566 0.0774837 0.243255 1.1162
-1 1530707004.133694 0.0774962 0.243229 1.11621
-1 1530707004.136662 0.0775088 0.243205 1.11623
-1 1530707004.147551 0.0775211 0.243182 1.11624
-1 1530707004.152888 0.0775561 0.243116 1.11629
-1 1530707004.165520 0.0776187 0.243036 1.11637
-1 1530707004.185445 0.0776728 0.24298 1.11644
-1 1530707004.190459 0.0777088 0.242942 1.11649
-1 1530707004.201041 0.0777413 0.242904 1.11654
-1 1530707004.209557 0.0777701 0.242863 1.11659
-1 1530707004.217895 0.0778093 0.242792 1.11667
-1 1530707004.222957 0.0778204 0.242769 1.1167
-1 1530707004.233847 0.0778391 0.242732 1.11676
-1 1530707004.237050 0.0778475 0.242715 1.11679
-1 1530707004.243881 0.0778662 0.242687 1.11685
-1 1530707004.250186 0.077875 0.242672 1.11688
-1 1530707004.256972 0.0778927 0.242644 1.11695
-1 1530707004.266456 0.0779092 0.24262 1.11702
-1 1530707004.273319 0.07793 0.242603 1.11709
-1 1530707004.277309 0.0779421 0.242595 1.11713
-1 1530707004.283869 0.0779538 0.242588 1.11717
-1 1530707004.290559 0.0779803 0.242573 1.11725
-1 1530707004.297427 0.0780019 0.242557 1.11734
-1 1530707004.302347 0.0780071 0.242549 1.11738
-1 1530707004.305004 0.0780107 0.242539 1.11742
-1 1530707004.312207 0.078012 0.24253 1.11746
-1 1530707004.324328 0.078007 0.242498 1.11759
-1 1530707004.334594 0.0779995 0.242473 1.11769
-1 1530707004.341517 0.0779816 0.242443 1.11779
-1 1530707004.347237 0.077961 0.242413 1.11789
-1 1530707004.354749 0.0779521 0.242401 1.11794
-1 1530707004.362663 0.0779358 0.242382 1.11805
-1 1530707004.372693 0.077909 0.242364 1.11822
-1 1530707004.385127 0.0778904 0.242353 1.11834
-1 1530707004.388693 0.0778799 0.242349 1.11841
-1 1530707004.397130 0.0778597 0.242341 1.11854
-1 1530707004.399796 0.0778512 0.242338 1.1186
-1 1530707004.406496 0.0778355 0.242335 1.11874
-1 1530707004.421378 0.0778078 0.24234 1.11894
-1 1530707004.433892 0.0777673 0.242363 1.11915
-1 1530707004.441329 0.0777381 0.242382 1.1193
-1 1530707004.448279 0.0777001 0.242398 1.11945
-1 1530707004.452200 0.0776782 0.242403 1.11952
-1 1530707004.458704 0.0776322 0.24241 1.11968
-1 1530707004.473211 0.0775662 0.242425 1.11991
-1 1530707004.486170 0.077524 0.24244 1.12007
-1 1530707004.491053 0.0774851 0.242459 1.12024
-1 1530707004.494318 0.0774645 0.242468 1.12032
-1 1530707004.498397 0.0774457 0.242476 1.12041
-1 1530707004.503874 0.0774291 0.242484 1.1205
-1 1530707004.510165 0.0773993 0.242499 1.12067
-1 1530707004.517612 0.0773841 0.242506 1.12076
-1 1530707004.522232 0.0773502 0.24252 1.12094
-1 1530707004.533051 0.0773087 0.242534 1.12112
-1 1530707004.538678 0.0772648 0.242547 1.1213
-1 1530707004.542261 0.0772436 0.242557 1.12139
-1 1530707004.547572 0.0772222 0.242566 1.12148
-1 1530707004.553740 0.0772027 0.24257 1.12157
-1 1530707004.564402 0.0771642 0.242579 1.12174
-1 1530707004.574448 0.077091 0.242581 1.12203
-1 1530707004.583318 0.0770386 0.242576 1.12221
-1 1530707004.586676 0.077014 0.242569 1.12231
-1 1530707004.594301 0.076956 0.242552 1.1225
-1 1530707004.603436 0.0768908 0.24253 1.12269
-1 1530707004.610060 0.0768286 0.242509 1.12289
-1 1530707004.623791 0.0767705 0.242489 1.12308
-1 1530707004.634034 0.0766614 0.242469 1.12338
-1 1530707004.637480 0.0766222 0.24246 1.12348
-1 1530707004.645416 0.076543 0.242442 1.12367
-1 1530707004.653297 0.0764541 0.242421 1.12386
-1 1530707004.659733 0.0763585 0.242398 1.12406
-1 1530707004.663069 0.076311 0.242386 1.12416
-1 1530707004.675056 0.076219 0.242359 1.12435
-1 1530707004.684397 0.0761255 0.242324 1.12455
-1 1530707004.690821 0.0760329 0.242283 1.12474
-1 1530707004.698187 0.075938 0.242239 1.12494
-1 1530707004.705472 0.0758482 0.242197 1.12513
-1 1530707004.713945 0.075805 0.242177 1.12523
-1 1530707004.721661 0.0757199 0.242134 1.12543
-1 1530707004.727871 0.075638 0.242086 1.12562
-1 1530707004.732724 0.0755969 0.242064 1.12571
-1 1530707004.739484 0.0755081 0.24202 1.1259
-1 1530707004.748808 0.0754093 0.241976 1.12609
-1 1530707004.755440 0.0753216 0.241927 1.12628
-1 1530707004.762532 0.075278 0.241901 1.12638
-1 1530707004.787035 0.075036 0.241731 1.12693
-1 1530707004.806086 0.074886 0.2416 1.1273
-1 1530707004.810069 0.0748379 0.241515 1.12748
-1 1530707004.814360 0.0748138 0.241468 1.12756
-1 1530707004.817501 0.074786 0.241419 1.12765
-1 1530707004.824105 0.0747574 0.24137 1.12774
-1 1530707004.834413 0.074701 0.241272 1.12791
-1 1530707004.840447 0.0746483 0.241169 1.1281
-1 1530707004.845063 0.074624 0.241118 1.12819
-1 1530707004.853701 0.0745876 0.241014 1.12837
-1 1530707004.861762 0.0745579 0.240908 1.12856
-1 1530707004.866397 0.0745444 0.240855 1.12865
-1 1530707004.872449 0.0745203 0.240744 1.12883
-1 1530707004.887701 0.0744963 0.240629 1.12902
-1 1530707004.892986 0.0744777 0.240513 1.12921
-1 1530707004.897953 0.0744705 0.240455 1.12931
-1 1530707004.904666 0.0744503 0.240331 1.12951
-1 1530707004.915408 0.0744308 0.240201 1.12972
-1 1530707004.920519 0.0744269 0.24007 1.12992
-1 1530707004.926164 0.0744322 0.240006 1.13003
-1 1530707004.935910 0.0744389 0.239879 1.13025
-1 1530707004.942114 0.0744464 0.239755 1.13047
-1 1530707004.949885 0.0744538 0.239626 1.13071
-1 1530707004.958867 0.0744654 0.23949 1.13095
-1 1530707004.966058 0.074478 0.239345 1.13119
-1 1530707004.973098 0.074497 0.239205 1.13142
-1 1530707004.985855 0.0745209 0.239069 1.13165
-1 1530707004.990562 0.0745497 0.238935 1.13189
-1 1530707004.999091 0.0745856 0.238802 1.13212
-1 1530707005.004719 0.0746092 0.238737 1.13223
-1 1530707005.011325 0.0746553 0.23861 1.13246
-1 1530707005.020546 0.0746924 0.238489 1.13269
-1 1530707005.028904 0.0747202 0.238372 1.13293
-1 1530707005.033067 0.0747318 0.238315 1.13304
-1 1530707005.040809 0.0747571 0.238198 1.13328
-1 1530707005.044505 0.0747669 0.238138 1.13339
-1 1530707005.051016 0.0747762 0.238077 1.1335
-1 1530707005.056800 0.0747913 0.237955 1.13373
-1 1530707005.065166 0.0748087 0.237835 1.13395
-1 1530707005.072915 0.0748238 0.237718 1.13416
-1 1530707005.088841 0.0748277 0.237608 1.13438
-1 1530707005.094835 0.0748348 0.237442 1.13468
-1 1530707005.103351 0.0748413 0.23733 1.13487
-1 1530707005.107035 0.074844 0.237275 1.13497
-1 1530707005.114701 0.0748434 0.237163 1.13515
-1 1530707005.119409 0.0748386 0.237107 1.13524
-1 1530707005.125808 0.074825 0.236995 1.13542
-1 1530707005.136362 0.0748178 0.236941 1.1355
-1 1530707005.139893 0.0748085 0.236891 1.13559
-1 1530707005.148792 0.074781 0.236792 1.13575
-1 1530707005.152738 0.0747592 0.236749 1.13583
-1 1530707005.155298 0.074741 0.236707 1.13591
-1 1530707005.159379 0.0747243 0.236664 1.13598
-1 1530707005.167922 0.0747094 0.23662 1.13606
-1 1530707005.172831 0.0746854 0.23653 1.13619
-1 1530707005.180542 0.074668 0.236436 1.13631
-1 1530707005.187616 0.0746465 0.236339 1.13643
-1 1530707005.192442 0.0746318 0.236294 1.13649
-1 1530707005.196983 0.0746138 0.236248 1.13654
-1 1530707005.204352 0.0745815 0.236157 1.13664
-1 1530707005.209914 0.0745513 0.236062 1.13674
-1 1530707005.216975 0.0745202 0.235961 1.13683
-1 1530707005.223277 0.0745026 0.235912 1.13688
-1 1530707005.237030 0.074465 0.235817 1.13696
-1 1530707005.239998 0.0744177 0.235729 1.13705
-1 1530707005.252608 0.0743684 0.235642 1.13712
-1 1530707005.264370 0.0742702 0.235448 1.13726
-1 1530707005.272983 0.0742273 0.235329 1.13733
-1 1530707005.275746 0.074205 0.235266 1.13735
-1 1530707005.284810 0.0741835 0.235198 1.13738
-1 1530707005.294358 0.0741426 0.23505 1.13744
-1 1530707005.300189 0.074104 0.234894 1.13749
-1 1530707005.304611 0.0740859 0.234812 1.13752
-1 1530707005.310708 0.0740514 0.234641 1.13756
-1 1530707005.314139 0.0740361 0.234552 1.13758
-1 1530707005.322598 0.074009 0.234374 1.13763
-1 1530707005.326814 0.0739956 0.234286 1.13765
-1 1530707005.336333 0.0739837 0.234197 1.13767
-1 1530707005.343752 0.073947 0.233924 1.13773
-1 1530707005.363855 0.0738582 0.233484 1.13781
-1 1530707005.377235 0.0738248 0.23329 1.13783
-1 1530707005.387557 0.0737691 0.232969 1.13786
-1 1530707005.396000 0.0737368 0.232741 1.13788
-1 1530707005.403327 0.0737089 0.232504 1.13789
-1 1530707005.410628 0.0736846 0.232255 1.13791
-1 1530707005.418368 0.0736622 0.231997 1.13792
-1 1530707005.424430 0.0736504 0.231866 1.13793
-1 1530707005.438591 0.0736269 0.231598 1.13794
-1 1530707005.445937 0.0735996 0.231317 1.13795
-1 1530707005.451722 0.0735712 0.231033 1.13796
-1 1530707005.466713 0.0735368 0.230598 1.13796
-1 1530707005.472615 0.0735247 0.230292 1.13796
-1 1530707005.476571 0.0735223 0.230133 1.13796
-1 1530707005.483927 0.0735206 0.229804 1.13795
-1 1530707005.487094 0.0735227 0.229634 1.13794
-1 1530707005.494968 0.0735267 0.229461 1.13794
-1 1530707005.500193 0.0735425 0.229104 1.13793
-1 1530707005.504776 0.0735539 0.228922 1.13792
-1 1530707005.507300 0.0735676 0.228738 1.13791
-1 1530707005.512224 0.0735814 0.228553 1.13791
-1 1530707005.524610 0.0736115 0.228178 1.13789
-1 1530707005.534646 0.0736539 0.227607 1.13787
-1 1530707005.541271 0.0736818 0.227219 1.13786
-1 1530707005.548355 0.0736972 0.226827 1.13784
-1 1530707005.553423 0.0737083 0.226628 1.13783
-1 1530707005.561985 0.073727 0.226225 1.13781
-1 1530707005.566234 0.0737354 0.226019 1.1378
-1 1530707005.573054 0.073748 0.225594 1.13778
-1 1530707005.583704 0.0737463 0.22515 1.13775
-1 1530707005.591577 0.0737358 0.224682 1.13772
-1 1530707005.599810 0.073727 0.224194 1.1377
-1 1530707005.607545 0.0737202 0.223692 1.13767
-1 1530707005.613546 0.0737198 0.223435 1.13765
-1 1530707005.619176 0.0737208 0.222903 1.13762
-1 1530707005.623579 0.0737235 0.22263 1.13761
-1 1530707005.627366 0.0737282 0.222354 1.13759
-1 1530707005.633350 0.0737329 0.222074 1.13758
-1 1530707005.635993 0.0737396 0.22179 1.13756
-1 1530707005.643289 0.0737483 0.221504 1.13754
-1 1530707005.646645 0.0737687 0.22093 1.13751
-1 1530707005.653453 0.0737772 0.220642 1.1375
-1 1530707005.660413 0.0737861 0.220066 1.13747
-1 1530707005.668596 0.0737872 0.219487 1.13744
-1 1530707005.674144 0.0737857 0.219194 1.13743
-1 1530707005.682893 0.0737775 0.218588 1.1374
-1 1530707005.693460 0.0737751 0.217632 1.13737
-1 1530707005.708533 0.0737912 0.216289 1.13732
-1 1530707005.717040 0.0737867 0.215581 1.13729
-1 1530707005.819688 0.0737829 0.215217 1.13728
-1 1530707005.828672 0.0734496 0.205321 1.13717
-1 1530707005.836097 0.0734349 0.204439 1.13717
-1 1530707005.849277 0.0734194 0.203084 1.13718
-1 1530707005.863133 0.0734088 0.201699 1.13719
-1 1530707005.876381 0.0733591 0.200282 1.1372
-1 1530707005.885043 0.0733114 0.199327 1.13721
-1 1530707005.896673 0.0732368 0.197894 1.13721
-1 1530707005.904531 0.0731812 0.19694 1.13721
-1 1530707005.913964 0.0731122 0.19599 1.13722
-1 1530707005.924046 0.0730162 0.194572 1.13722
-1 1530707005.927488 0.0729866 0.194099 1.13723
-1 1530707005.931714 0.0729589 0.193624 1.13723
-1 1530707005.939375 0.0729111 0.192664 1.13724
-1 1530707005.951261 0.0728582 0.19171 1.13725
-1 1530707005.956165 0.0728167 0.19075 1.13726
-1 1530707005.960746 0.0727963 0.19027 1.13727
-1 1530707005.966745 0.0727591 0.189309 1.13728
-1 1530707005.972921 0.0727428 0.188829 1.13728
-1 1530707005.983658 0.0727116 0.18787 1.13729
-1 1530707005.990275 0.0726797 0.186909 1.1373
-1 1530707005.994742 0.0726635 0.186426 1.1373
-1 1530707006.001648 0.072643 0.185942 1.13731
-1 1530707006.009149 0.0725812 0.184477 1.13732
-1 1530707006.017800 0.0725428 0.183496 1.13731
-1 1530707006.027289 0.0725224 0.183003 1.13731
-1 1530707006.035525 0.072491 0.182017 1.1373
-1 1530707006.039489 0.072464 0.181029 1.13729
-1 1530707006.043176 0.0724477 0.180535 1.13729
-1 1530707006.052738 0.07242 0.179545 1.13728
-1 1530707006.074308 0.0723982 0.177082 1.13725
-1 1530707006.082482 0.0723903 0.176078 1.13724
-1 1530707006.088907 0.0723725 0.175046 1.13722
-1 1530707006.096433 0.0723546 0.174002 1.1372
-1 1530707006.102565 0.07235 0.173481 1.13719
-1 1530707006.124140 0.072321 0.170859 1.13711
-1 1530707006.133266 0.0722928 0.169811 1.13707
-1 1530707006.140765 0.0722437 0.168779 1.13703
-1 1530707006.144331 0.0722085 0.168277 1.13701
-1 1530707006.155890 0.07215 0.167284 1.13697
-1 1530707006.160415 0.0720842 0.166301 1.13694
-1 1530707006.168644 0.0720091 0.16533 1.13691
-1 1530707006.175396 0.0719333 0.164375 1.13688
-1 1530707006.184291 0.0718929 0.163906 1.13685
-1 1530707006.190904 0.0718065 0.162966 1.13681
-1 1530707006.194221 0.0717688 0.162498 1.13679
-1 1530707006.202229 0.0716974 0.161565 1.13674
-1 1530707006.213655 0.0716367 0.160613 1.13668
-1 1530707006.220755 0.0715845 0.159639 1.13661
-1 1530707006.225285 0.0715614 0.159147 1.13657
-1 1530707006.229149 0.0715388 0.158655 1.13654
-1 1530707006.239412 0.0714787 0.157224 1.13644
-1 1530707006.243650 0.0714573 0.156766 1.13641
-1 1530707006.246990 0.0714381 0.156318 1.13638
-1 1530707006.257763 0.0714064 0.15544 1.13631
-1 1530707006.262643 0.07139 0.155009 1.13628
-1 1530707006.269213 0.0713522 0.154164 1.13621
-1 1530707006.274597 0.0713354 0.153752 1.13618
-1 1530707006.276578 0.0713209 0.153345 1.13615
-1 1530707006.281492 0.0713104 0.152946 1.13612
-1 1530707006.288967 0.0712841 0.152168 1.13604
-1 1530707006.292756 0.071265 0.151788 1.13601
-1 1530707006.296382 0.071241 0.151411 1.13597
-1 1530707006.303949 0.0712155 0.151037 1.13594
-1 1530707006.308831 0.0711603 0.150312 1.13587
-1 1530707006.322642 0.0710861 0.149272 1.13578
-1 1530707006.333466 0.0710515 0.148614 1.13572
-1 1530707006.335871 0.0710343 0.148298 1.13568
-1 1530707006.343624 0.0709919 0.147711 1.13562
-1 1530707006.347207 0.0709711 0.147439 1.13559
-1 1530707006.352960 0.0709555 0.147169 1.13556
-1 1530707006.363353 0.0709344 0.146635 1.1355
-1 1530707006.373473 0.0708902 0.145875 1.13541
-1 1530707006.382497 0.0708397 0.14534 1.13535
-1 1530707006.385117 0.0708087 0.145065 1.13532
-1 1530707006.389895 0.0707788 0.144789 1.13528
-1 1530707006.392955 0.0707574 0.144515 1.13525
-1 1530707006.399553 0.0707444 0.144246 1.13521
-1 1530707006.409763 0.0707263 0.14372 1.13514
-1 1530707006.422745 0.0707007 0.142761 1.13501
-1 1530707006.425093 0.0706913 0.14254 1.13498
-1 1530707006.432958 0.0706831 0.14233 1.13495
-1 1530707006.436838 0.0706784 0.142128 1.13492
-1 1530707006.444797 0.0706731 0.14174 1.13486
-1 1530707006.456220 0.0706426 0.141384 1.13481
-1 1530707006.463755 0.0705639 0.140919 1.13474
-1 1530707006.472607 0.0705038 0.14064 1.1347
-1 1530707006.483218 0.0704406 0.140385 1.13466
-1 1530707006.485877 0.0704109 0.140267 1.13464
-1 1530707006.492730 0.0703826 0.140149 1.13462
-1 1530707006.498545 0.0703356 0.139918 1.13459
-1 1530707006.504491 0.0703173 0.139807 1.13458
-1 1530707006.507697 0.0703019 0.1397 1.13456
-1 1530707006.512291 0.0702902 0.139593 1.13455
-1 1530707006.522595 0.070241 0.139295 1.13451
-1 1530707006.527874 0.0702152 0.139208 1.1345
-1 1530707006.534028 0.070187 0.139129 1.13449
-1 1530707006.540305 0.0701503 0.139069 1.13447
-1 1530707006.546690 0.0701192 0.139015 1.13446
-1 1530707006.552922 0.070088 0.138968 1.13445
-1 1530707006.557839 0.0700565 0.138927 1.13445
-1 1530707006.565282 0.0699985 0.138858 1.13443
-1 1530707006.569246 0.0699759 0.138828 1.13442
-1 1530707006.576592 0.0699421 0.138767 1.1344
-1 1530707006.580218 0.06993 0.138735 1.13439
-1 1530707006.584607 0.0699214 0.138703 1.13438
-1 1530707006.588293 0.0699161 0.138668 1.13437
-1 1530707006.596107 0.0699123 0.138632 1.13436
-1 1530707006.603569 0.0699077 0.13856 1.13434
-1 1530707006.608834 0.069901 0.138499 1.13433
-1 1530707006.629455 0.0698959 0.138429 1.13429
-1 1530707006.640554 0.0698997 0.13839 1.13427
-1 1530707006.644871 0.0699077 0.138384 1.13427
-1 1530707006.653131 0.069934 0.138382 1.13426
-1 1530707006.663309 0.0699717 0.138379 1.13424
-1 1530707006.666154 0.0699931 0.138367 1.13424
-1 1530707006.674557 0.0700343 0.138318 1.13422
-1 1530707006.680165 0.0700541 0.138288 1.13421
-1 1530707006.686049 0.0700964 0.138236 1.13419
-1 1530707006.690097 0.0701168 0.138216 1.13418
-1 1530707006.695139 0.0701386 0.138201 1.13417
-1 1530707006.697889 0.0701612 0.13819 1.13416
-1 1530707006.706238 0.0702044 0.138184 1.13415
-1 1530707006.712362 0.070238 0.138211 1.13414
-1 1530707006.722608 0.0702625 0.138266 1.13414
-1 1530707006.733526 0.070293 0.138345 1.13414
-1 1530707006.739725 0.0703318 0.138444 1.13414
-1 1530707006.743679 0.0703496 0.13851 1.13414
-1 1530707006.752866 0.0704001 0.138631 1.13416
-1 1530707006.759595 0.0704625 0.138738 1.13417
-1 1530707006.769723 0.070539 0.138838 1.13419
-1 1530707006.772241 0.0705803 0.138887 1.1342
-1 1530707006.776305 0.0706248 0.138936 1.13421
-1 1530707006.784784 0.07067 0.138984 1.13422
-1 1530707006.790106 0.0707682 0.139069 1.13424
-1 1530707006.797797 0.0708783 0.139126 1.13426
-1 1530707006.803033 0.0709407 0.139146 1.13426
-1 1530707006.809852 0.071073 0.139174 1.13428
-1 1530707006.814284 0.0711426 0.139184 1.13429
-1 1530707006.825613 0.0712893 0.139195 1.1343
-1 1530707006.832448 0.071442 0.139194 1.13431
-1 1530707006.842400 0.0716752 0.13917 1.13434
-1 1530707006.852281 0.0718269 0.13916 1.13436
-1 1530707006.855896 0.0719034 0.139157 1.13437
-1 1530707006.863694 0.0720545 0.139156 1.13439
-1 1530707006.866927 0.0721285 0.139162 1.1344
-1 1530707006.876053 0.0722714 0.139182 1.13442
-1 1530707006.883226 0.0723419 0.139197 1.13443
-1 1530707006.889851 0.0724775 0.139239 1.13445
-1 1530707006.899898 0.0726079 0.139292 1.13447
-1 1530707006.905526 0.0727352 0.139356 1.13449
-1 1530707006.908628 0.0727978 0.13939 1.1345
-1 1530707006.914213 0.0728605 0.139425 1.13451
-1 1530707006.917823 0.0729237 0.13946 1.13452
-1 1530707006.921923 0.0729821 0.139493 1.13453
-1 1530707006.933846 0.0730919 0.139547 1.13455
-1 1530707006.939726 0.0731963 0.139576 1.13457
-1 1530707006.942715 0.0732477 0.139585 1.13458
-1 1530707006.948055 0.0733068 0.139584 1.13459
-1 1530707006.952634 0.0733698 0.139575 1.1346
-1 1530707006.966226 0.0735002 0.139548 1.13461
-1 1530707006.975695 0.0737133 0.139497 1.13463
-1 1530707006.982475 0.0738457 0.139461 1.13464
-1 1530707006.990443 0.0739571 0.139425 1.13465
-1 1530707006.996519 0.074062 0.139392 1.13467
-1 1530707007.001742 0.0741147 0.139381 1.13467
-1 1530707007.009054 0.0741676 0.139374 1.13468
-1 1530707007.012716 0.0742206 0.139369 1.13469
-1 1530707007.015608 0.0742745 0.139367 1.1347
-1 1530707007.024320 0.0743812 0.139371 1.13472
-1 1530707007.033957 0.0745003 0.139373 1.13473
-1 1530707007.040211 0.0746242 0.139376 1.13475
-1 1530707007.047901 0.0747408 0.139389 1.13476
-1 1530707007.259007 0.0748011 0.139398 1.13477
-1 1530707007.277357 0.0779085 0.138872 1.13549
-1 1530707007.294090 0.0781476 0.138744 1.13553
-1 1530707007.307745 0.078246 0.138646 1.13555
-1 1530707007.325112 0.0783867 0.138501 1.13555
-1 1530707007.338093 0.0784711 0.138428 1.13555
-1 1530707007.348724 0.0786436 0.138248 1.13554
-1 1530707007.358611 0.0787155 0.138129 1.13553
-1 1530707007.369287 0.0788226 0.137952 1.13551
-1 1530707007.385537 0.0789445 0.137787 1.13548
-1 1530707007.396642 0.0790458 0.137613 1.13546
-1 1530707007.403952 0.079086 0.137486 1.13546
-1 1530707007.416647 0.0791081 0.137351 1.13546
-1 1530707007.425394 0.0791597 0.137153 1.13543
-1 1530707007.432347 0.079194 0.137017 1.13541
-1 1530707007.445062 0.0792225 0.136799 1.13538
-1 1530707007.453361 0.079236 0.136636 1.13536
-1 1530707007.472744 0.0792398 0.136194 1.1353
-1 1530707007.486796 0.0792356 0.13601 1.13527
-1 1530707007.493507 0.0792223 0.135707 1.13523
-1 1530707007.504386 0.0792312 0.135495 1.13519
-1 1530707007.510810 0.0792412 0.135284 1.13517
-1 1530707007.517323 0.0792615 0.135079 1.13515
-1 1530707007.523750 0.0792736 0.134983 1.13514
-1 1530707007.535086 0.0792981 0.134796 1.13512
-1 1530707007.541906 0.0793283 0.134618 1.13509
-1 1530707007.547081 0.0793589 0.134438 1.13507
-1 1530707007.553311 0.0793794 0.13434 1.13506
-1 1530707007.560501 0.0794106 0.134139 1.13504
-1 1530707007.564220 0.0794192 0.134037 1.13503
-1 1530707007.573187 0.0794341 0.133839 1.13502
-1 1530707007.588104 0.0794622 0.133648 1.135
-1 1530707007.593897 0.0794896 0.133375 1.13496
-1 1530707007.603458 0.0794735 0.133187 1.13495
-1 1530707007.606757 0.0794622 0.133094 1.13494
-1 1530707007.611508 0.0794636 0.133004 1.13493
-1 1530707007.616741 0.0794662 0.132912 1.13491
-1 1530707007.624366 0.0794818 0.13272 1.13488
-1 1530707007.633045 0.0795092 0.132518 1.13486
-1 1530707007.643285 0.079524 0.132413 1.13485
-1 1530707007.649072 0.0795757 0.132086 1.1348
-1 1530707007.655852 0.0796176 0.131862 1.13476
-1 1530707007.665354 0.0796667 0.131629 1.13471
-1 1530707007.673577 0.0796893 0.131389 1.13467
-1 1530707007.676599 0.079692 0.131267 1.13466
-1 1530707007.683275 0.079692 0.131144 1.13464
-1 1530707007.692380 0.0796871 0.130904 1.1346
-1 1530707007.697880 0.079681 0.130672 1.13456
-1 1530707007.715303 0.0796683 0.130331 1.13449
-1 1530707007.724983 0.0796371 0.129974 1.13443
-1 1530707007.729966 0.0796253 0.129849 1.1344
-1 1530707007.735650 0.0796022 0.129591 1.13436
-1 1530707007.746436 0.0795701 0.129349 1.13431
-1 1530707007.752506 0.0795492 0.129114 1.13427
-1 1530707007.767686 0.0795436 0.128903 1.13423
-1 1530707007.773578 0.0795756 0.128644 1.13415
-1 1530707007.782583 0.0796031 0.12851 1.1341
-1 1530707007.794261 0.0796496 0.128348 1.13403
-1 1530707007.806134 0.0796835 0.128249 1.13397
-1 1530707007.810638 0.0797256 0.128145 1.1339
-1 1530707007.815547 0.0797497 0.128092 1.13387
-1 1530707007.823630 0.0797906 0.127991 1.13379
-1 1530707007.832607 0.0798282 0.127889 1.13372
-1 1530707007.837154 0.0798472 0.127841 1.13369
-1 1530707007.842549 0.0798853 0.127749 1.13361
-1 1530707007.852377 0.0799261 0.127667 1.13353
-1 1530707007.859522 0.0799662 0.127604 1.13346
-1 1530707007.868563 0.0800182 0.127581 1.13338
-1 1530707007.877324 0.080055 0.12758 1.13331
-1 1530707007.884421 0.0800723 0.127589 1.13328
-1 1530707007.890830 0.0801185 0.127632 1.13322
-1 1530707007.894632 0.0801397 0.127669 1.13318
-1 1530707007.903281 0.0801755 0.12777 1.13311
-1 1530707007.910613 0.0802139 0.127886 1.13303
-1 1530707007.913232 0.0802374 0.127947 1.13299
-1 1530707007.922374 0.0802783 0.128081 1.1329
-1 1530707007.932908 0.0803177 0.128229 1.13282
-1 1530707007.939570 0.0803851 0.128351 1.13273
-1 1530707007.944128 0.0804172 0.128407 1.13268
-1 1530707007.953264 0.0804909 0.128528 1.1326
-1 1530707007.959565 0.080583 0.128644 1.1325
-1 1530707007.968332 0.0806932 0.128748 1.13241
-1 1530707007.972980 0.0807515 0.1288 1.13236
-1 1530707007.975772 0.0808088 0.128851 1.13232
-1 1530707007.983711 0.0808658 0.128904 1.13227
-1 1530707007.989441 0.0809918 0.12901 1.13218
-1 1530707007.993686 0.0810558 0.129055 1.13213
-1 1530707008.003723 0.0811776 0.129153 1.13202
-1 1530707008.009484 0.0812925 0.129261 1.13193
-1 1530707008.017031 0.0813935 0.129374 1.13183
-1 1530707008.031715 0.0814376 0.129428 1.13179
-1 1530707008.037490 0.0815811 0.129586 1.13166
-1 1530707008.044273 0.0816937 0.129681 1.13157
-1 1530707008.085966 0.0822825 0.130222 1.13114
-1 1530707008.093656 0.0823378 0.13027 1.1311
-1 1530707008.104449 0.0825098 0.130359 1.13099
-1 1530707008.110686 0.0826428 0.13038 1.13093
-1 1530707008.122128 0.0828901 0.130378 1.13083
-1 1530707008.134660 0.0830779 0.130364 1.13077
-1 1530707008.140326 0.0832864 0.130358 1.13071
-1 1530707008.147411 0.0835224 0.13032 1.13064
-1 1530707008.155675 0.0836384 0.130315 1.13062
-1 1530707008.166272 0.0838649 0.130327 1.13057
-1 1530707008.170903 0.0840831 0.130377 1.13054
-1 1530707008.175692 0.0841855 0.130422 1.13052
-1 1530707008.183256 0.0843743 0.130518 1.13049
-1 1530707008.188586 0.08455 0.130604 1.13047
-1 1530707008.195141 0.0846354 0.130645 1.13046
-1 1530707008.204357 0.0848088 0.130725 1.13044
-1 1530707008.209439 0.0849885 0.130796 1.13042
-1 1530707008.217565 0.0851742 0.130859 1.13041
-1 1530707008.223068 0.0852724 0.130893 1.1304
-1 1530707008.233806 0.0854796 0.13096 1.13039
-1 1530707008.238182 0.0855891 0.130994 1.13039
-1 1530707008.245253 0.0858086 0.131062 1.13038
-1 1530707008.253102 0.0860269 0.131132 1.13038
-1 1530707008.486434 0.0915874 0.130167 1.13013
-1 1530707008.510985 0.0921976 0.129992 1.13003
-1 1530707008.526969 0.0926128 0.129924 1.12997
-1 1530707008.545291 0.0930402 0.129885 1.1299
-1 1530707008.553470 0.0933545 0.129877 1.12985
-1 1530707008.570507 0.0937579 0.129865 1.12979
-1 1530707008.583202 0.0940331 0.12984 1.12975
-1 1530707008.593335 0.0943175 0.129807 1.12969
-1 1530707008.605775 0.0946253 0.129758 1.12965
-1 1530707008.624210 0.0950622 0.129678 1.12959
-1 1530707008.633708 0.0952721 0.129632 1.12956
-1 1530707008.646049 0.0955582 0.129581 1.12954
-1 1530707008.653172 0.0957265 0.129548 1.12953
-1 1530707008.662548 0.0958919 0.129519 1.12953
-1 1530707008.673599 0.0961356 0.129458 1.12951
-1 1530707008.682595 0.0962971 0.129401 1.12951
-1 1530707008.686780 0.0963759 0.12937 1.1295
-1 1530707008.694185 0.0965316 0.129304 1.12949
-1 1530707008.703449 0.0966816 0.129237 1.12948
-1 1530707008.710407 0.0968208 0.129171 1.12947
-1 1530707008.722879 0.097027 0.12908 1.12945
-1 1530707008.726979 0.0970927 0.12905 1.12944
-1 1530707008.733688 0.0971608 0.12902 1.12943
-1 1530707008.740062 0.0972964 0.128958 1.12941
-1 1530707008.747956 0.097428 0.128902 1.1294
-1 1530707008.755624 0.0974887 0.128867 1.12939
-1 1530707008.762002 0.0975972 0.12879 1.12939
-1 1530707008.769535 0.0976502 0.128752 1.12939
-1 1530707008.777629 0.0978026 0.128635 1.12938
-1 1530707008.783891 0.0978611 0.128601 1.12937
-1 1530707008.789601 0.0979493 0.128539 1.12937
-1 1530707008.794770 0.0979914 0.128511 1.12938
-1 1530707008.803388 0.098089 0.128467 1.12938
-1 1530707008.812302 0.0982006 0.128438 1.12938
-1 1530707008.817822 0.0982599 0.128422 1.12939
-1 1530707008.823980 0.0983847 0.128382 1.12938
-1 1530707008.835789 0.0985616 0.128305 1.12936
-1 1530707008.839833 0.0986231 0.12827 1.12936
-1 1530707008.847253 0.0986744 0.128235 1.12935
-1 1530707008.852908 0.098759 0.128153 1.12934
-1 1530707008.861851 0.0988142 0.128087 1.12933
-1 1530707008.872061 0.0988734 0.128041 1.12933
-1 1530707008.888844 0.0989466 0.128013 1.12933
-1 1530707008.905642 0.0990165 0.128007 1.12935
-1 1530707008.914773 0.0991073 0.127982 1.12938
-1 1530707008.927951 0.0991855 0.127916 1.1294
-1 1530707008.932529 0.0992251 0.127841 1.12942
-1 1530707008.938751 0.0992826 0.127757 1.12942
-1 1530707008.947804 0.0992997 0.127709 1.12941
-1 1530707008.964931 0.0993261 0.127557 1.12942
-1 1530707008.974167 0.0993366 0.127373 1.12945
-1 1530707008.984511 0.0993607 0.127297 1.12945
-1 1530707008.989873 0.0993844 0.127237 1.12947
-1 1530707008.996428 0.0994107 0.12718 1.12949
-1 1530707009.003925 0.0994259 0.127148 1.12951
-1 1530707009.011104 0.0994394 0.127072 1.12954
-1 1530707009.035931 0.0994267 0.126882 1.12962
-1 1530707009.048867 0.0993808 0.126748 1.1297
-1 1530707009.052982 0.0993575 0.126726 1.12972
-1 1530707009.061398 0.0993262 0.126684 1.12977
-1 1530707009.067771 0.0993138 0.126639 1.12981
-1 1530707009.084238 0.0993043 0.126553 1.12989
-1 1530707009.090065 0.0993102 0.126492 1.12994
-1 1530707009.093705 0.0993182 0.126458 1.12998
-1 1530707009.102841 0.0993475 0.126381 1.13003
-1 1530707009.108275 0.0993664 0.126341 1.13006
-1 1530707009.114251 0.0994343 0.12626 1.1301
-1 1530707009.124995 0.0994974 0.126155 1.13013
-1 1530707009.133907 0.0995576 0.12603 1.13017
-1 1530707009.141928 0.0996225 0.125872 1.1302
-1 1530707009.148204 0.0996754 0.125689 1.13023
-1 1530707009.152844 0.0996901 0.125582 1.13024
-1 1530707009.162894 0.0997334 0.125265 1.13027
-1 1530707009.168886 0.0997455 0.125151 1.13028
-1 1530707009.177577 0.0997531 0.125026 1.13028
-1 1530707009.183532 0.0997395 0.12476 1.13029
-1 1530707009.189043 0.09971 0.124508 1.13031
-1 1530707009.192862 0.0996901 0.124394 1.13032
-1 1530707009.202320 0.0996385 0.124199 1.13034
-1 1530707009.215073 0.0995626 0.124007 1.13036
-1 1530707009.220125 0.0993116 0.123775 1.1304
-1 1530707009.227887 0.0992014 0.123672 1.13045
-1 1530707009.234468 0.0991071 0.123546 1.13043
-1 1530707009.241432 0.0990291 0.123436 1.13036
-1 1530707009.252371 0.0989499 0.123275 1.13032
-1 1530707009.257076 0.0989261 0.123225 1.13031
-1 1530707009.267867 0.0989079 0.123177 1.1303
-1 1530707009.274272 0.0988477 0.123039 1.13028
-1 1530707009.281745 0.0988033 0.12296 1.13026
-1 1530707009.289214 0.0987453 0.122891 1.13025
-1 1530707009.292323 0.098711 0.122862 1.13025
-1 1530707009.297485 0.0986758 0.122841 1.13024
-1 1530707009.303470 0.0986422 0.122825 1.13024
-1 1530707009.312104 0.0985696 0.12281 1.13023
-1 1530707009.318651 0.0984969 0.122822 1.13023
-1 1530707009.338045 0.0982871 0.122944 1.13022
-1 1530707009.344283 0.098241 0.122975 1.13022
-1 1530707009.353044 0.0981462 0.123048 1.1302
-1 1530707009.360241 0.0980414 0.123106 1.13019
-1 1530707009.366491 0.097936 0.123163 1.13016
-1 1530707009.373015 0.0978832 0.123193 1.13015
-1 1530707009.378541 0.0978331 0.123222 1.13014
-1 1530707009.387215 0.0977323 0.12328 1.13011
-1 1530707009.394521 0.0976289 0.123332 1.13008
-1 1530707009.405205 0.097524 0.123378 1.13005
-1 1530707009.409425 0.0974154 0.123417 1.13002
-1 1530707009.415472 0.0972994 0.123452 1.12998
-1 1530707009.423552 0.0972382 0.123469 1.12997
-1 1530707009.427642 0.0971763 0.123488 1.12995
-1 1530707009.437441 0.0970488 0.123528 1.12992
-1 1530707009.442619 0.0969855 0.123548 1.1299
-1 1530707009.448483 0.096857 0.123584 1.12987
-1 1530707009.453376 0.0967926 0.1236 1.12985
-1 1530707009.460289 0.0966574 0.123628 1.12982
-1 1530707009.466696 0.0965258 0.123655 1.12979
-1 1530707009.473171 0.0964622 0.123668 1.12977
-1 1530707009.475580 0.0963966 0.123682 1.12976
-1 1530707009.487085 0.0963289 0.123697 1.12974
-1 1530707009.493659 0.0960936 0.123747 1.12971
-1 1530707009.497643 0.0960071 0.123766 1.1297
-1 1530707009.502318 0.0959203 0.123784 1.12969
-1 1530707009.505568 0.0958338 0.123805 1.12968
-1 1530707009.513589 0.0956492 0.123852 1.12965
-1 1530707009.516501 0.0955477 0.123874 1.12964
-1 1530707009.522540 0.0954432 0.123897 1.12963
-1 1530707009.527111 0.0953369 0.12392 1.12961
-1 1530707009.536323 0.0952316 0.123945 1.1296
-1 1530707009.544009 0.0949126 0.124041 1.12957
-1 1530707009.548591 0.0947985 0.124074 1.12956
-1 1530707009.561082 0.094564 0.124153 1.12953
-1 1530707009.564257 0.094324 0.124247 1.12952
-1 1530707009.575028 0.0940708 0.124347 1.1295
-1 1530707009.604150 0.0938042 0.124441 1.12948
-1 1530707009.610982 0.0929283 0.124727 1.12942
-1 1530707009.618372 0.0926784 0.124837 1.12943
-1 1530707009.624135 0.0925481 0.124901 1.12944
-1 1530707009.645026 0.0918993 0.12524 1.12947
-1 1530707009.653280 0.0916365 0.125375 1.12948
-1 1530707009.664217 0.0913832 0.125503 1.1295
-1 1530707009.676340 0.0911177 0.12563 1.12952
-1 1530707009.682487 0.090728 0.125823 1.12958
-1 1530707009.689949 0.0904896 0.12596 1.12961
-1 1530707009.694585 0.0903697 0.126028 1.12963
-1 1530707009.698324 0.0902597 0.126095 1.12965
-1 1530707009.702218 0.0901575 0.126159 1.12967
-1 1530707009.710086 0.0899617 0.126284 1.12971
-1 1530707009.719138 0.0898711 0.126341 1.12973
-1 1530707009.723622 0.0897816 0.126393 1.12975
-1 1530707009.732761 0.0894935 0.126545 1.12983
-1 1530707009.739750 0.0893931 0.12659 1.12985
-1 1530707009.744046 0.0891927 0.126691 1.12991
-1 1530707009.753480 0.0889815 0.126785 1.12995
-1 1530707009.761136 0.0887653 0.126877 1.13001
-1 1530707009.766286 0.0885468 0.126972 1.13006
-1 1530707009.772679 0.0884334 0.127021 1.13008
-1 1530707009.784342 0.0881951 0.127112 1.13013
-1 1530707009.793413 0.0879612 0.127186 1.13018
-1 1530707009.798845 0.0877304 0.127234 1.13023
-1 1530707009.802996 0.0876147 0.127248 1.13025
-1 1530707009.811602 0.0873918 0.127266 1.1303
-1 1530707009.817133 0.0871749 0.127264 1.13035
-1 1530707009.824235 0.0870707 0.127256 1.13038
-1 1530707009.827219 0.0869694 0.127246 1.1304
-1 1530707009.833305 0.0868695 0.127233 1.13043
-1 1530707009.841668 0.0866723 0.12721 1.13048
-1 1530707009.846633 0.086486 0.12719 1.13053
-1 1530707009.853310 0.0863944 0.12718 1.13055
-1 1530707009.857307 0.0863029 0.127176 1.13057
-1 1530707009.862066 0.0862086 0.127176 1.1306
-1 1530707009.874259 0.0859318 0.127183 1.13065
-1 1530707009.885042 0.0857357 0.127188 1.13069
-1 1530707009.894753 0.0855324 0.127184 1.13072
-1 1530707009.899373 0.0853297 0.127175 1.13076
-1 1530707009.907396 0.0851278 0.127163 1.13079
-1 1530707009.915676 0.0849353 0.12713 1.13083
-1 1530707009.923598 0.084756 0.127081 1.13088
-1 1530707009.934550 0.0845974 0.127031 1.13094
-1 1530707009.944183 0.0844774 0.126967 1.131
-1 1530707009.948103 0.0843816 0.126901 1.13105
-1 1530707009.951774 0.0843425 0.126871 1.13108
-1 1530707009.957638 0.0843052 0.126843 1.13111
-1 1530707009.963701 0.084268 0.126817 1.13114
-1 1530707009.970239 0.0841935 0.126772 1.1312
-1 1530707009.974607 0.0841553 0.12675 1.13123
-1 1530707009.983438 0.0840763 0.126711 1.13128
-1 1530707009.989374 0.0839892 0.126668 1.13133
-1 1530707009.997080 0.0839432 0.126635 1.13135
-1 1530707010.003697 0.0838574 0.126556 1.1314
-1 1530707010.013479 0.0837785 0.12646 1.13144
-1 1530707010.019055 0.0837069 0.12634 1.13148
-1 1530707010.023705 0.0836702 0.126276 1.1315
-1 1530707010.027197 0.0836357 0.12621 1.13152
-1 1530707010.036111 0.0835676 0.126071 1.13156
-1 1530707010.046507 0.0835057 0.125922 1.13159
-1 1530707010.054955 0.0834494 0.125771 1.13162
-1 1530707010.058440 0.0834229 0.125701 1.13164
-1 1530707010.065729 0.0833663 0.125571 1.13166
-1 1530707010.083326 0.0833056 0.125457 1.13169
-1 1530707010.090729 0.0832452 0.125356 1.13171
-1 1530707010.094377 0.0832181 0.12531 1.13173
-1 1530707010.101506 0.083174 0.125224 1.13176
-1 1530707010.108740 0.0831397 0.125138 1.13179
-1 1530707010.115282 0.0831176 0.125032 1.13182
-1 1530707010.121927 0.0831036 0.124903 1.13185
-1 1530707010.128156 0.0831 0.124829 1.13187
-1 1530707010.134804 0.0831149 0.124658 1.13189
-1 1530707010.137709 0.0831261 0.124566 1.1319
-1 1530707010.149367 0.0831522 0.124373 1.13192
-1 1530707010.156426 0.0831763 0.124198 1.13195
-1 1530707010.168936 0.0832316 0.123929 1.13199
-1 1530707010.172691 0.083265 0.123768 1.13201
-1 1530707010.183078 0.0832928 0.123623 1.13203
-1 1530707010.192328 0.0833193 0.123488 1.13205
-1 1530707010.197618 0.0833487 0.123361 1.13206
-1 1530707010.206500 0.0833811 0.123241 1.13207
-1 1530707010.213323 0.083421 0.123118 1.13208
-1 1530707010.216631 0.0834413 0.123055 1.13208
-1 1530707010.223268 0.083462 0.122992 1.13208
-1 1530707010.232596 0.0835035 0.122871 1.13209
-1 1530707010.256572 0.0836256 0.122558 1.13214
-1 1530707010.262032 0.0836497 0.122513 1.13214
-1 1530707010.275295 0.0837017 0.122428 1.13215
-1 1530707010.285878 0.08379 0.122307 1.13216
-1 1530707010.296615 0.0838787 0.122185 1.13216
-1 1530707010.304704 0.0839452 0.122099 1.13215
-1 1530707010.327362 0.0841081 0.121899 1.13211
-1 1530707010.336228 0.0842163 0.121821 1.13208
-1 1530707010.348475 0.0842981 0.12176 1.13205
-1 1530707010.357900 0.0844298 0.12166 1.13202
-1 1530707010.364775 0.0845407 0.121565 1.13198
-1 1530707010.374251 0.0846631 0.121467 1.13193
-1 1530707010.385491 0.0847902 0.12138 1.13188
-1 1530707010.398978 0.085049 0.121238 1.13179
-1 1530707010.416295 0.0852373 0.121133 1.13173
-1 1530707010.420161 0.0853605 0.121065 1.13168
-1 1530707010.425094 0.0854216 0.121033 1.13166
-1 1530707010.432739 0.0855419 0.120977 1.13161
-1 1530707010.459720 0.0860232 0.120799 1.13142
-1 1530707010.478192 0.0862944 0.120722 1.13133
-1 1530707010.482654 0.0864992 0.120669 1.13126
-1 1530707010.486295 0.086607 0.120642 1.13123
-1 1530707010.494248 0.0868201 0.120586 1.13117
-1 1530707010.504160 0.0870253 0.120524 1.1311
-1 1530707010.511454 0.087223 0.120456 1.13104
-1 1530707010.517169 0.0873171 0.120422 1.13101
-1 1530707010.523292 0.0874936 0.120355 1.13095
-1 1530707010.535333 0.087648 0.120288 1.13089
-1 1530707010.540453 0.0877892 0.12022 1.13083
-1 1530707010.547863 0.0879269 0.120176 1.13077
-1 1530707010.552862 0.0880035 0.120153 1.13073
-1 1530707010.564945 0.0882618 0.12012 1.1306
-1 1530707010.573408 0.0884685 0.120123 1.13051
-1 1530707010.577517 0.0885742 0.120127 1.13047
-1 1530707010.585047 0.0886795 0.120128 1.13042
-1 1530707010.590660 0.0888948 0.120127 1.13034
-1 1530707010.597510 0.0891125 0.120111 1.13027
-1 1530707010.603445 0.089221 0.120099 1.13023
-1 1530707010.610859 0.0893313 0.120084 1.13019
-1 1530707010.613441 0.0895527 0.120052 1.13011
-1 1530707010.624839 0.0897722 0.120021 1.13003
-1 1530707010.634336 0.0899928 0.120008 1.12996
-1 1530707010.637171 0.090105 0.120009 1.12992
-1 1530707010.641997 0.0902166 0.120016 1.12988
-1 1530707010.649011 0.0904406 0.120047 1.1298
-1 1530707010.653601 0.0905497 0.120071 1.12976
-1 1530707010.664150 0.0908664 0.120147 1.12965
-1 1530707010.674073 0.0910675 0.120179 1.12957
-1 1530707010.683800 0.0912487 0.120189 1.12949
-1 1530707010.686447 0.0913388 0.12019 1.12945
-1 1530707010.691551 0.091429 0.120189 1.12941
-1 1530707010.698090 0.0916059 0.120179 1.12932
-1 1530707010.705245 0.0917778 0.120166 1.12923
-1 1530707010.714031 0.0918597 0.120164 1.12919
-1 1530707010.720042 0.0920246 0.120181 1.1291
-1 1530707010.725529 0.0921095 0.120205 1.12906
-1 1530707010.732093 0.0922738 0.12027 1.129
-1 1530707010.735072 0.0923523 0.120305 1.12897
-1 1530707010.739208 0.092436 0.12034 1.12894
-1 1530707010.746509 0.0925174 0.120376 1.12891
-1 1530707010.756907 0.0927326 0.120466 1.12884
-1 1530707010.766339 0.0928645 0.120487 1.12878
-1 1530707010.773743 0.0929879 0.12048 1.12873
-1 1530707010.776310 0.0930497 0.120469 1.1287
-1 1530707010.781879 0.0931122 0.120455 1.12868
-1 1530707010.789343 0.0932448 0.120424 1.12862
-1 1530707010.793946 0.0933144 0.120411 1.12859
-1 1530707010.805654 0.093451 0.120396 1.12853
-1 1530707010.814927 0.0935865 0.120401 1.12847
-1 1530707010.824025 0.093786 0.120425 1.1284
-1 1530707010.834497 0.0939101 0.120449 1.12834
-1 1530707010.840450 0.0940171 0.12048 1.12829
-1 1530707010.847208 0.0940624 0.120499 1.12827
-1 1530707010.852880 0.0941437 0.120533 1.12822
-1 1530707010.860203 0.0942123 0.120562 1.12818
-1 1530707010.873798 0.0943006 0.120626 1.12814
-1 1530707010.883678 0.0943618 0.120697 1.12812
-1 1530707010.890844 0.0944269 0.120787 1.12812
-1 1530707010.897202 0.0944955 0.120876 1.12812
-1 1530707010.911813 0.0945677 0.120942 1.12812
-1 1530707010.932578 0.0947573 0.12093 1.12812
-1 1530707010.937841 0.0947788 0.1209 1.12811
-1 1530707010.941125 0.0947961 0.120865 1.12811
-1 1530707010.945209 0.0948101 0.120825 1.1281
-1 1530707010.955456 0.0948237 0.120743 1.12808
-1 1530707010.963884 0.0948379 0.120663 1.12807
-1 1530707010.973124 0.0948344 0.120666 1.12806
-1 1530707010.982934 0.0948264 0.120701 1.12807
-1 1530707010.985989 0.0948217 0.120732 1.12807
-1 1530707010.993234 0.0948078 0.120805 1.12809
-1 1530707010.996961 0.0948053 0.120847 1.12811
-1 1530707011.003027 0.0948042 0.120889 1.12812
-1 1530707011.006964 0.0948054 0.120932 1.12814
-1 1530707011.011680 0.0948098 0.120973 1.12816
-1 1530707011.023913 0.0948294 0.121079 1.12821
-1 1530707011.033198 0.0948332 0.121134 1.12824
-1 1530707011.035643 0.094833 0.121159 1.12826
-1 1530707011.040408 0.094829 0.121181 1.12827
-1 1530707011.047506 0.0948043 0.121226 1.12831
-1 1530707011.053320 0.0947866 0.121249 1.12833
-1 1530707011.058161 0.0947679 0.121271 1.12835
-1 1530707011.065012 0.0947288 0.121324 1.12838
-1 1530707011.075123 0.0946839 0.121389 1.12841
-1 1530707011.082072 0.0946332 0.121463 1.12844
-1 1530707011.086565 0.0946037 0.121503 1.12846
-1 1530707011.094239 0.0945726 0.121546 1.12848
-1 1530707011.100060 0.0945141 0.121637 1.12852
-1 1530707011.104677 0.094485 0.121684 1.12854
-1 1530707011.114592 0.0943989 0.121823 1.12859
-1 1530707011.123314 0.0943445 0.121906 1.12862
-1 1530707011.134127 0.0942893 0.121981 1.12865
-1 1530707011.140449 0.0942215 0.122054 1.12867
-1 1530707011.148879 0.0941478 0.122113 1.12869
-1 1530707011.153499 0.0941109 0.12214 1.1287
-1 1530707011.163644 0.094043 0.122186 1.12872
-1 1530707011.173448 0.0939648 0.122236 1.12873
-1 1530707011.182724 0.0938309 0.122307 1.12875
-1 1530707011.199969 0.0936877 0.122387 1.12875
-1 1530707011.206590 0.0935218 0.122481 1.12876
-1 1530707011.234406 0.0931174 0.122687 1.12879
-1 1530707011.241477 0.0929555 0.122755 1.12881
-1 1530707011.247671 0.0928717 0.122792 1.12882
-1 1530707011.253475 0.0927069 0.122868 1.12883
-1 1530707011.263002 0.0925498 0.122945 1.12885
-1 1530707011.275633 0.0923311 0.123043 1.12886
-1 1530707011.283333 0.092193 0.123101 1.12886
-1 1530707011.289826 0.0920569 0.123151 1.12886
-1 1530707011.292802 0.0919881 0.123176 1.12886
-1 1530707011.297843 0.091916 0.123202 1.12886
-1 1530707011.302213 0.0918395 0.123228 1.12886
-1 1530707011.306473 0.0917597 0.123255 1.12886
-1 1530707011.313299 0.0915888 0.123323 1.12887
-1 1530707011.332145 0.0914108 0.123404 1.12888
-1 1530707011.335385 0.0911395 0.123546 1.12889
-1 1530707011.340598 0.0910416 0.123591 1.12889
-1 1530707011.346915 0.0908398 0.12368 1.1289
-1 1530707011.353255 0.0907391 0.123727 1.1289
-1 1530707011.358013 0.0906395 0.123778 1.12891
-1 1530707011.361924 0.0905414 0.123834 1.12891
-1 1530707011.371638 0.090351 0.123953 1.12892
-1 1530707011.384736 0.0900869 0.124141 1.12893
-1 1530707011.389768 0.0900036 0.124205 1.12893
-1 1530707011.399193 0.0897625 0.124399 1.12894
-1 1530707011.404806 0.0896846 0.124463 1.12894
-1 1530707011.410693 0.0895282 0.124584 1.12894
-1 1530707011.417145 0.089371 0.124695 1.12893
-1 1530707011.424718 0.0892903 0.124747 1.12893
-1 1530707011.433076 0.0891247 0.124842 1.12892
-1 1530707011.436270 0.0890387 0.124886 1.12892
-1 1530707011.440269 0.0889517 0.124928 1.12891
-1 1530707011.445294 0.0888611 0.124969 1.1289
-1 1530707011.449330 0.0887667 0.125012 1.1289
-1 1530707011.453304 0.088671 0.125056 1.12889
-1 1530707011.466190 0.0884764 0.125151 1.12887
-1 1530707011.469721 0.0882746 0.125258 1.12885
-1 1530707011.480428 0.0880688 0.125374 1.12883
-1 1530707011.484865 0.0878493 0.125506 1.12882
-1 1530707011.495764 0.0876176 0.125651 1.12881
-1 1530707011.503287 0.0873816 0.125798 1.1288
-1 1530707011.513339 0.0871457 0.125934 1.1288
-1 1530707011.556285 0.0861007 0.126673 1.12885
-1 1530707011.565068 0.085789 0.126909 1.12887
-1 1530707011.573687 0.0855788 0.127058 1.12888
-1 1530707011.601867 0.0853653 0.127196 1.12889
-1 1530707011.606722 0.0847176 0.127536 1.12894
-1 1530707011.612999 0.0846131 0.127582 1.12894
-1 1530707011.617528 0.0844092 0.127663 1.12895
-1 1530707011.624330 0.0843071 0.127701 1.12896
-1 1530707011.635095 0.0841067 0.127777 1.12897
-1 1530707011.643692 0.0838133 0.127897 1.12899
-1 1530707011.646579 0.083714 0.127939 1.129
-1 1530707011.653355 0.0836114 0.12798 1.129
-1 1530707011.658849 0.0835082 0.128021 1.12901
-1 1530707011.666190 0.0832992 0.128111 1.12903
-1 1530707011.673003 0.08309 0.128203 1.12904
-1 1530707011.685239 0.0828775 0.128296 1.12906
-1 1530707011.692812 0.0826668 0.128385 1.12907
-1 1530707011.697975 0.0824574 0.128472 1.1291
-1 1530707011.704119 0.0823581 0.128518 1.12911
-1 1530707011.711159 0.0821631 0.12862 1.12913
-1 1530707011.714979 0.0820639 0.128673 1.12914
-1 1530707011.723667 0.0818689 0.12878 1.12917
-1 1530707011.739283 0.0816962 0.128891 1.1292
-1 1530707011.743917 0.0814515 0.129053 1.12926
-1 1530707011.747915 0.0813772 0.129103 1.12928
-1 1530707011.753410 0.081309 0.12915 1.1293
-1 1530707011.756762 0.0812444 0.129195 1.12932
-1 1530707011.763859 0.0811309 0.129278 1.12936
-1 1530707011.774023 0.0810333 0.129347 1.12939
-1 1530707011.788303 0.0809363 0.129407 1.12943
-1 1530707011.796663 0.0808059 0.129487 1.12948
-1 1530707011.803205 0.0807274 0.129526 1.12951
-1 1530707011.811425 0.0806486 0.129566 1.12955
-1 1530707011.823746 0.0805371 0.129649 1.12961
-1 1530707011.826848 0.0805044 0.129677 1.12963
-1 1530707011.832284 0.0804729 0.129705 1.12965
-1 1530707011.840506 0.0804138 0.129767 1.12969
-1 1530707011.843322 0.0803835 0.129801 1.12971
-1 1530707011.855894 0.0803321 0.129862 1.12976
-1 1530707011.860893 0.0802833 0.129921 1.1298
-1 1530707011.865958 0.0802554 0.129952 1.12982
-1 1530707011.873728 0.080194 0.130028 1.12987
-1 1530707011.883963 0.0801417 0.130092 1.12992
-1 1530707011.890029 0.0801205 0.130118 1.12995
-1 1530707011.898501 0.0800749 0.130182 1.13002
-1 1530707011.903245 0.0800652 0.130196 1.13005
-1 1530707011.915361 0.0800446 0.130223 1.13011
-1 1530707011.921001 0.0800267 0.130265 1.13017
-1 1530707011.927866 0.0800128 0.130317 1.13023
-1 1530707011.942173 0.0799965 0.130413 1.13033
-1 1530707011.948660 0.0799866 0.130484 1.13039
-1 1530707011.955172 0.0799779 0.130559 1.13046
-1 1530707011.961803 0.0799737 0.130636 1.13052
-1 1530707011.975082 0.0799776 0.130709 1.13058
-1 1530707011.981583 0.0799913 0.130778 1.13064
-1 1530707011.985175 0.080002 0.130811 1.13067
-1 1530707011.992474 0.0800163 0.130846 1.1307
-1 1530707012.003629 0.0800794 0.13095 1.13079
-1 1530707012.006718 0.0801065 0.130987 1.13082
-1 1530707012.016310 0.0801736 0.131058 1.13088
-1 1530707012.023189 0.0802461 0.131131 1.13094
-1 1530707012.034168 0.0803265 0.131208 1.13099
-1 1530707012.044291 0.0804022 0.131284 1.13105
-1 1530707012.049981 0.0804725 0.131353 1.1311
-1 1530707012.057556 0.0805347 0.131419 1.13116
-1 1530707012.066195 0.0805913 0.13148 1.1312
-1 1530707012.073309 0.0806353 0.131541 1.13124
-1 1530707012.088169 0.080672 0.131616 1.13129
-1 1530707012.095169 0.0807272 0.131772 1.13136
-1 1530707012.103131 0.0807677 0.13188 1.1314
-1 1530707012.108572 0.0807919 0.131932 1.13142
-1 1530707012.115247 0.0808513 0.132037 1.13146
-1 1530707012.124497 0.0809194 0.13214 1.13149
-1 1530707012.134225 0.0809957 0.132235 1.13153
-1 1530707012.141097 0.0810788 0.132326 1.13156
-1 1530707012.153959 0.0811994 0.132478 1.13162
-1 1530707012.162835 0.0813184 0.132619 1.13167
-1 1530707012.185353 0.0815465 0.132802 1.13173
-1 1530707012.190585 0.0816785 0.13288 1.13175
-1 1530707012.197542 0.0818166 0.132953 1.13177
-1 1530707012.201313 0.0818875 0.132989 1.13177
-1 1530707012.213242 0.0820339 0.133062 1.13178
-1 1530707012.218790 0.082176 0.13314 1.13179
-1 1530707012.223552 0.0822412 0.133183 1.1318
-1 1530707012.231962 0.0823654 0.133277 1.1318
-1 1530707012.240000 0.082475 0.133382 1.13181
-1 1530707012.251784 0.0826411 0.133554 1.1318
-1 1530707012.263531 0.0827585 0.133669 1.1318
-1 1530707012.269614 0.0828855 0.133769 1.13179
-1 1530707012.274679 0.0829527 0.133811 1.13179
-1 1530707012.285109 0.0830917 0.133882 1.13178
-1 1530707012.291924 0.083236 0.13394 1.13176
-1 1530707012.300322 0.0833819 0.13398 1.13175
-1 1530707012.310305 0.0834538 0.134 1.13174
-1 1530707012.327075 0.0838427 0.134089 1.1317
-1 1530707012.335611 0.0840099 0.134121 1.13167
-1 1530707012.338917 0.0840966 0.134135 1.13165
-1 1530707012.350572 0.0841839 0.134153 1.13164
-1 1530707012.353797 0.0844472 0.134241 1.13159
-1 1530707012.362721 0.084621 0.134304 1.13155
-1 1530707012.371820 0.0847899 0.134367 1.13151
-1 1530707012.377069 0.084958 0.13442 1.13147
-1 1530707012.383899 0.085044 0.134445 1.13145
-1 1530707012.388143 0.0851308 0.134469 1.13143
-1 1530707012.397068 0.0853094 0.134514 1.13139
-1 1530707012.408417 0.085585 0.134575 1.13133
-1 1530707012.417831 0.0857711 0.134611 1.13129
-1 1530707012.424755 0.0859591 0.134642 1.13125
-1 1530707012.433666 0.0861482 0.134659 1.13121
-1 1530707012.441673 0.086334 0.134663 1.13116
-1 1530707012.448605 0.0865195 0.134664 1.13111
-1 1530707012.457435 0.0867122 0.134668 1.13106
-1 1530707012.466212 0.0869079 0.134678 1.13101
-1 1530707012.473686 0.0871043 0.134689 1.13095
-1 1530707012.487485 0.0874017 0.134703 1.13087
