-1 1530613031.465039 0.0712978 0.256506 1.11561
-1 1530613031.475322 0.0697482 0.256521 1.11552
-1 1530613031.491317 0.0694 0.256572 1.11548
-1 1530613031.497066 0.0691735 0.256609 1.11546
-1 1530613031.507374 0.0689549 0.256645 1.11545
-1 1530613031.520880 0.0686604 0.256682 1.11544
-1 1530613031.534306 0.0684101 0.256709 1.11544
-1 1530613031.541430 0.0682603 0.256719 1.11544
-1 1530613031.551950 0.0681142 0.256712 1.11544
-1 1530613031.563433 0.0680418 0.256704 1.11543
-1 1530613031.570223 0.0678274 0.256675 1.11542
-1 1530613031.580410 0.0676876 0.256648 1.11541
-1 1530613031.592234 0.0674789 0.256608 1.11539
-1 1530613031.601607 0.067338 0.256594 1.11538
-1 1530613031.607965 0.0671943 0.256584 1.11537
-1 1530613031.612128 0.0671196 0.256577 1.11537
-1 1530613031.621564 0.0669644 0.256564 1.11536
-1 1530613031.631637 0.0668111 0.256542 1.11536
-1 1530613031.639449 0.0666596 0.256514 1.11536
-1 1530613031.644994 0.0665161 0.256477 1.11535
-1 1530613031.650453 0.0664476 0.256457 1.11535
-1 1530613031.662080 0.0663188 0.256411 1.11534
-1 1530613031.671943 0.0661497 0.256342 1.11533
-1 1530613031.675692 0.0660958 0.25632 1.11533
-1 1530613031.685761 0.0659923 0.256283 1.11532
-1 1530613031.694469 0.0658817 0.256252 1.11532
-1 1530613031.722780 0.0655123 0.256138 1.1153
-1 1530613031.730443 0.0654429 0.25611 1.1153
-1 1530613031.746213 0.0652278 0.256023 1.11529
-1 1530613031.750806 0.0650798 0.255962 1.11528
-1 1530613031.760002 0.0649384 0.255905 1.11528
-1 1530613031.770941 0.0648681 0.255877 1.11528
-1 1530613031.778292 0.0646519 0.255801 1.11527
-1 1530613031.786853 0.0645098 0.255763 1.11528
-1 1530613031.797290 0.0643742 0.255728 1.11528
-1 1530613031.804486 0.0642412 0.255691 1.11528
-1 1530613031.811427 0.0641779 0.255672 1.11528
-1 1530613031.820818 0.064003 0.25561 1.11529
-1 1530613031.826413 0.0639503 0.25559 1.11529
-1 1530613031.830076 0.0639006 0.255571 1.11529
-1 1530613031.847413 0.0638519 0.255552 1.11529
-1 1530613031.858649 0.0637607 0.255517 1.11529
-1 1530613031.865986 0.06368 0.255489 1.1153
-1 1530613031.875986 0.0636093 0.255467 1.1153
-1 1530613031.884641 0.0635424 0.255444 1.11531
-1 1530613031.893554 0.0634788 0.255418 1.11531
-1 1530613031.905489 0.0633908 0.255378 1.11531
-1 1530613031.909149 0.0633605 0.25536 1.11531
-1 1530613031.922548 0.0632943 0.255314 1.1153
-1 1530613031.929842 0.0632519 0.25528 1.1153
-1 1530613031.933862 0.0632283 0.255262 1.1153
-1 1530613031.945861 0.0631777 0.255231 1.11529
-1 1530613031.955727 0.0631236 0.255202 1.11529
-1 1530613031.959334 0.0630622 0.255166 1.11528
-1 1530613031.967639 0.0629954 0.255118 1.11528
-1 1530613031.980478 0.0628975 0.255044 1.11527
-1 1530613031.988863 0.0628335 0.254993 1.11527
-1 1530613032.002443 0.0627309 0.254911 1.11527
-1 1530613032.010860 0.0626628 0.254854 1.11528
-1 1530613032.024935 0.0625651 0.254778 1.11528
-1 1530613032.032535 0.0625064 0.254737 1.11529
-1 1530613032.040638 0.0624512 0.254703 1.11529
-1 1530613032.052554 0.0623743 0.254664 1.11529
-1 1530613032.059125 0.062351 0.254653 1.11529
-1 1530613032.065094 0.0623097 0.254635 1.11529
-1 1530613032.075223 0.0622924 0.254628 1.11529
-1 1530613032.081069 0.06226 0.254615 1.11529
-1 1530613032.091619 0.0622189 0.254584 1.11529
-1 1530613032.104528 0.0621881 0.254538 1.11529
-1 1530613032.112073 0.0621728 0.254506 1.11528
-1 1530613032.123723 0.062165 0.254469 1.11528
-1 1530613032.134987 0.0621677 0.254413 1.11528
-1 1530613032.143759 0.0621705 0.254371 1.11528
-1 1530613032.155470 0.0621778 0.254328 1.11528
-1 1530613032.161025 0.062188 0.254281 1.11529
-1 1530613032.169382 0.0622039 0.25423 1.11529
-1 1530613032.179051 0.0622215 0.254176 1.11529
-1 1530613032.186106 0.0622384 0.25412 1.1153
-1 1530613032.193413 0.0622528 0.254072 1.1153
-1 1530613032.197234 0.0622566 0.254047 1.1153
-1 1530613032.209154 0.0622582 0.25398 1.1153
-1 1530613032.216974 0.0622525 0.253941 1.11531
-1 1530613032.228982 0.0622418 0.253896 1.11531
-1 1530613032.241391 0.0622212 0.253821 1.11533
-1 1530613032.245180 0.0622051 0.253767 1.11533
-1 1530613032.252747 0.062196 0.253738 1.11534
-1 1530613032.262898 0.0621754 0.253647 1.11535
-1 1530613032.271591 0.0621648 0.253591 1.11535
-1 1530613032.281231 0.0621594 0.253563 1.11535
-1 1530613032.290628 0.062155 0.253483 1.11535
-1 1530613032.300650 0.0621591 0.253414 1.11535
-1 1530613032.309402 0.0621588 0.253379 1.11535
-1 1530613032.316519 0.0621579 0.253363 1.11535
-1 1530613032.327675 0.062165 0.253312 1.11536
-1 1530613032.338854 0.0621824 0.253281 1.11536
-1 1530613032.346383 0.0622003 0.253251 1.11537
-1 1530613032.353534 0.0622146 0.253219 1.11538
-1 1530613032.362285 0.0622265 0.253186 1.11538
-1 1530613032.367654 0.0622369 0.253153 1.11538
-1 1530613032.376992 0.0622435 0.253116 1.11539
-1 1530613032.389160 0.0622517 0.253052 1.1154
-1 1530613032.399486 0.0622557 0.253011 1.1154
-1 1530613032.419891 0.0622755 0.252927 1.1154
-1 1530613032.424550 0.0622925 0.252901 1.1154
-1 1530613032.437054 0.0623094 0.252876 1.1154
-1 1530613032.445014 0.0623371 0.252847 1.11541
-1 1530613032.450811 0.0623484 0.252841 1.11541
-1 1530613032.457843 0.0623729 0.252824 1.11541
-1 1530613032.467708 0.0623994 0.252802 1.11541
-1 1530613032.479528 0.0624299 0.252776 1.11542
-1 1530613032.490650 0.0624826 0.252731 1.11543
-1 1530613032.501961 0.0625191 0.252704 1.11544
-1 1530613032.507351 0.0625542 0.252677 1.11544
-1 1530613032.517016 0.0625893 0.252649 1.11544
-1 1530613032.528788 0.062651 0.252625 1.11545
-1 1530613032.535000 0.0626799 0.252618 1.11545
-1 1530613032.546328 0.0627025 0.252611 1.11545
-1 1530613032.553700 0.0627296 0.252605 1.11545
-1 1530613032.560064 0.0627712 0.252599 1.11545
-1 1530613032.571374 0.0628422 0.252585 1.11545
-1 1530613032.582840 0.0628965 0.252576 1.11546
-1 1530613032.591576 0.0629863 0.252567 1.11547
-1 1530613032.603295 0.0630438 0.252555 1.11547
-1 1530613032.609004 0.0631014 0.252538 1.11548
-1 1530613032.615242 0.0631293 0.252529 1.11548
-1 1530613032.627839 0.0632164 0.252499 1.11548
-1 1530613032.638335 0.0632753 0.252477 1.11548
-1 1530613032.651275 0.0633858 0.252444 1.11548
-1 1530613032.662185 0.0634093 0.252434 1.11548
-1 1530613032.674187 0.0634734 0.252409 1.11549
-1 1530613032.681855 0.0635346 0.252404 1.11549
-1 1530613032.690103 0.0635552 0.252406 1.11549
-1 1530613032.696187 0.0635962 0.252412 1.1155
-1 1530613032.711646 0.0636383 0.252418 1.1155
-1 1530613032.715249 0.0636854 0.252423 1.11551
-1 1530613032.725703 0.0637359 0.252424 1.11551
-1 1530613032.732200 0.0638001 0.252431 1.11551
-1 1530613032.737343 0.0638341 0.252433 1.11551
-1 1530613032.750635 0.063906 0.252437 1.11551
-1 1530613032.760935 0.0640177 0.252449 1.11551
-1 1530613032.770118 0.0640885 0.252463 1.11551
-1 1530613032.780238 0.0641573 0.252475 1.11551
-1 1530613032.799366 0.0642229 0.252484 1.11551
-1 1530613032.807989 0.0643546 0.252506 1.11551
-1 1530613032.816845 0.0644191 0.252519 1.11551
-1 1530613032.830678 0.0644818 0.25252 1.11552
-1 1530613032.841624 0.0645813 0.252518 1.11552
-1 1530613032.858398 0.0646908 0.252515 1.11552
-1 1530613032.865533 0.0648034 0.252506 1.11551
-1 1530613032.871760 0.0648408 0.252505 1.11551
-1 1530613032.884658 0.064986 0.252511 1.1155
-1 1530613032.895713 0.0650574 0.252516 1.1155
-1 1530613032.900379 0.0651315 0.25252 1.11549
-1 1530613032.922429 0.0652866 0.252526 1.11548
-1 1530613032.935329 0.0654853 0.252492 1.11548
-1 1530613032.947236 0.065581 0.25246 1.11548
-1 1530613032.962940 0.0656602 0.252432 1.11547
-1 1530613032.970595 0.065685 0.252423 1.11547
-1 1530613032.976156 0.0657097 0.252416 1.11547
-1 1530613032.984537 0.0657338 0.252411 1.11547
-1 1530613033.000647 0.0658407 0.2524 1.11547
-1 1530613033.004616 0.0659023 0.252395 1.11547
-1 1530613033.013546 0.0659668 0.252393 1.11547
-1 1530613033.017327 0.0659989 0.252391 1.11547
-1 1530613033.029874 0.0660943 0.252381 1.11547
-1 1530613033.039200 0.0661617 0.252368 1.11548
-1 1530613033.050961 0.0662338 0.252347 1.11548
-1 1530613033.055329 0.0663662 0.252271 1.11548
-1 1530613033.069848 0.0664761 0.252212 1.11549
-1 1530613033.074838 0.0665154 0.252194 1.11549
-1 1530613033.082713 0.0665551 0.252177 1.11549
-1 1530613033.089123 0.0665944 0.25216 1.11549
-1 1530613033.101263 0.0666696 0.25213 1.11549
-1 1530613033.106921 0.066744 0.252109 1.1155
-1 1530613033.112426 0.0667811 0.252104 1.1155
-1 1530613033.120421 0.0668582 0.252092 1.1155
-1 1530613033.137803 0.067027 0.252073 1.11551
-1 1530613033.147612 0.0671219 0.252069 1.11552
-1 1530613033.155180 0.0672684 0.252064 1.11553
-1 1530613033.161073 0.0673636 0.252064 1.11553
-1 1530613033.175352 0.0675917 0.252066 1.11554
-1 1530613033.185014 0.067674 0.252068 1.11554
-1 1530613033.189049 0.0677127 0.25207 1.11554
-1 1530613033.197332 0.0677876 0.252076 1.11554
-1 1530613033.208519 0.067858 0.252079 1.11554
-1 1530613033.217030 0.0679641 0.252074 1.11555
-1 1530613033.224294 0.0680374 0.252061 1.11555
-1 1530613033.230525 0.0680748 0.252053 1.11555
-1 1530613033.236012 0.0681507 0.252037 1.11555
-1 1530613033.240890 0.0681897 0.25203 1.11555
-1 1530613033.248376 0.0682296 0.252023 1.11555
-1 1530613033.253619 0.0683094 0.252009 1.11555
-1 1530613033.263454 0.0683877 0.251998 1.11555
-1 1530613033.272254 0.0684651 0.251985 1.11554
-1 1530613033.277992 0.0685463 0.251974 1.11554
-1 1530613033.286232 0.0686277 0.251968 1.11554
-1 1530613033.290800 0.068668 0.251966 1.11554
-1 1530613033.297247 0.068707 0.251965 1.11554
-1 1530613033.306991 0.068828 0.251967 1.11554
-1 1530613033.316024 0.0689081 0.251964 1.11554
-1 1530613033.325739 0.0689852 0.251963 1.11554
-1 1530613033.337902 0.069062 0.251957 1.11554
-1 1530613033.344475 0.0691789 0.251933 1.11554
-1 1530613033.348084 0.069221 0.251925 1.11554
-1 1530613033.358644 0.0693071 0.25191 1.11554
-1 1530613033.364929 0.0693884 0.251893 1.11554
-1 1530613033.378128 0.0694664 0.251878 1.11554
-1 1530613033.388709 0.069586 0.251868 1.11554
-1 1530613033.394840 0.0696715 0.251859 1.11553
-1 1530613033.401508 0.0697161 0.251853 1.11553
-1 1530613033.408991 0.0698059 0.251838 1.11553
-1 1530613033.420302 0.0698504 0.251831 1.11552
-1 1530613033.430815 0.0699425 0.251815 1.11552
-1 1530613033.443645 0.0700786 0.251785 1.11551
-1 1530613033.465093 0.0701626 0.251758 1.11551
-1 1530613033.481909 0.0703631 0.25166 1.1155
-1 1530613033.495723 0.0705251 0.251553 1.1155
-1 1530613033.510680 0.070606 0.251489 1.1155
-1 1530613033.516671 0.0707652 0.251368 1.1155
-1 1530613033.523081 0.0708061 0.251342 1.11549
-1 1530613033.530333 0.0708486 0.251319 1.11549
-1 1530613033.544035 0.0709764 0.251249 1.1155
-1 1530613033.550657 0.0710616 0.251197 1.1155
-1 1530613033.561566 0.0711457 0.251137 1.1155
-1 1530613033.573415 0.0713693 0.250933 1.1155
-1 1530613033.589583 0.0715145 0.250786 1.1155
-1 1530613033.597457 0.0717048 0.250551 1.1155
-1 1530613033.606066 0.0718416 0.250344 1.1155
-1 1530613033.617434 0.0719786 0.250134 1.1155
-1 1530613033.626934 0.0720666 0.249999 1.1155
-1 1530613033.634857 0.0721514 0.249866 1.1155
-1 1530613033.642177 0.0721929 0.249801 1.1155
-1 1530613033.656337 0.0723627 0.249541 1.11551
-1 1530613033.666701 0.0724063 0.249473 1.11552
-1 1530613033.691322 0.0725832 0.249199 1.11554
-1 1530613033.699522 0.0726765 0.249065 1.11555
-1 1530613033.709050 0.0727689 0.248937 1.11556
-1 1530613033.720934 0.0728579 0.248818 1.11558
-1 1530613033.728840 0.0729455 0.248701 1.11559
-1 1530613033.744228 0.0730315 0.248583 1.1156
-1 1530613033.757374 0.0733207 0.248192 1.11563
-1 1530613033.763365 0.0733984 0.248088 1.11564
-1 1530613033.786998 0.0736915 0.247723 1.11565
-1 1530613033.800648 0.0738261 0.247561 1.11566
-1 1530613033.816382 0.0740317 0.247314 1.11567
-1 1530613033.825907 0.0741436 0.247186 1.11569
-1 1530613033.835076 0.0742086 0.247093 1.1157
-1 1530613033.844539 0.0743059 0.246957 1.11572
-1 1530613033.851040 0.0743727 0.246863 1.11573
-1 1530613033.860778 0.0744379 0.246767 1.11573
-1 1530613033.866052 0.0744702 0.24672 1.11574
-1 1530613033.880897 0.0745355 0.246626 1.11574
-1 1530613033.892754 0.074608 0.246536 1.11575
-1 1530613033.903615 0.0746853 0.246448 1.11575
-1 1530613033.907588 0.0747229 0.246403 1.11575
-1 1530613033.918669 0.0747971 0.246312 1.11575
-1 1530613033.929016 0.0748663 0.246226 1.11575
-1 1530613033.935418 0.0748995 0.246186 1.11575
-1 1530613033.942980 0.0749631 0.246105 1.11575
-1 1530613033.952743 0.0750248 0.246024 1.11575
-1 1530613033.961759 0.075088 0.245944 1.11576
-1 1530613033.966630 0.0751523 0.245861 1.11576
-1 1530613033.974747 0.0752172 0.245783 1.11577
-1 1530613033.992212 0.0753817 0.245602 1.11579
-1 1530613034.006255 0.0754772 0.245504 1.1158
-1 1530613034.019098 0.0756079 0.245384 1.11581
-1 1530613034.029273 0.0757001 0.245292 1.11581
-1 1530613034.039906 0.0757862 0.245196 1.11581
-1 1530613034.053364 0.0758945 0.245075 1.11581
-1 1530613034.061377 0.0759438 0.24502 1.11581
-1 1530613034.072933 0.0760199 0.244946 1.11582
-1 1530613034.084295 0.0760705 0.244896 1.11583
-1 1530613034.095625 0.0761788 0.244775 1.11586
-1 1530613034.103847 0.0762442 0.2447 1.11588
-1 1530613034.114272 0.0763502 0.244578 1.1159
-1 1530613034.126653 0.0764636 0.244458 1.11592
-1 1530613034.133440 0.0765 0.24442 1.11592
-1 1530613034.142746 0.0766025 0.244314 1.11592
-1 1530613034.151712 0.0766626 0.244244 1.11592
-1 1530613034.158283 0.0767184 0.244176 1.11592
-1 1530613034.170560 0.0767695 0.244111 1.11591
-1 1530613034.180310 0.0768482 0.244019 1.11591
-1 1530613034.188261 0.0768747 0.24399 1.11592
-1 1530613034.199778 0.0769517 0.243909 1.11593
-1 1530613034.207701 0.0770007 0.243857 1.11594
-1 1530613034.216824 0.0770503 0.243808 1.11596
-1 1530613034.226155 0.0771012 0.24376 1.11598
-1 1530613034.233054 0.0771498 0.243708 1.11601
-1 1530613034.244895 0.077218 0.24362 1.11604
-1 1530613034.248055 0.0772396 0.243589 1.11605
-1 1530613034.260995 0.0773028 0.243506 1.11608
-1 1530613034.266475 0.0773233 0.243481 1.11609
-1 1530613034.273959 0.0773632 0.24343 1.11611
-1 1530613034.281072 0.0773824 0.243404 1.11612
-1 1530613034.294995 0.077437 0.243332 1.11616
-1 1530613034.304368 0.0774837 0.243255 1.1162
-1 1530613034.317010 0.0775088 0.243205 1.11623
-1 1530613034.327001 0.0775435 0.243137 1.11627
-1 1530613034.336466 0.0775853 0.243075 1.11633
-1 1530613034.345581 0.0776019 0.243055 1.11635
-1 1530613034.353199 0.0776546 0.242998 1.11642
-1 1530613034.362011 0.077691 0.242961 1.11646
-1 1530613034.367029 0.0777088 0.242942 1.11649
-1 1530613034.380657 0.0777413 0.242904 1.11654
-1 1530613034.389383 0.0777838 0.24284 1.11662
-1 1530613034.393576 0.0777971 0.242817 1.11664
-1 1530613034.401578 0.0778204 0.242769 1.1167
-1 1530613034.409920 0.0778391 0.242732 1.11676
-1 1530613034.415821 0.0778475 0.242715 1.11679
-1 1530613034.425059 0.0778662 0.242687 1.11685
-1 1530613034.435283 0.0778927 0.242644 1.11695
-1 1530613034.440070 0.0779005 0.242631 1.11698
-1 1530613034.450660 0.0779092 0.24262 1.11702
-1 1530613034.465656 0.0779421 0.242595 1.11713
-1 1530613034.473746 0.0779943 0.242565 1.11729
-1 1530613034.479404 0.0780071 0.242549 1.11738
-1 1530613034.488805 0.078012 0.24253 1.11746
-1 1530613034.492502 0.0780114 0.24252 1.11751
-1 1530613034.496430 0.0780093 0.24251 1.11755
-1 1530613034.505269 0.078004 0.242486 1.11764
-1 1530613034.513083 0.0779926 0.242458 1.11774
-1 1530613034.525714 0.0779708 0.242428 1.11784
-1 1530613034.538220 0.0779437 0.24239 1.118
-1 1530613034.546610 0.0779176 0.242371 1.11817
-1 1530613034.554753 0.0779 0.242357 1.11828
-1 1530613034.563560 0.0778904 0.242353 1.11834
-1 1530613034.571548 0.0778597 0.242341 1.11854
-1 1530613034.580368 0.0778427 0.242335 1.11867
-1 1530613034.583179 0.0778355 0.242335 1.11874
-1 1530613034.591581 0.0778177 0.242337 1.11887
-1 1530613034.595866 0.0778078 0.24234 1.11894
-1 1530613034.599547 0.0777965 0.242345 1.11901
-1 1530613034.609841 0.0777822 0.242353 1.11908
-1 1530613034.621028 0.07772 0.24239 1.11937
-1 1530613034.636224 0.0776782 0.242403 1.11952
-1 1530613034.649657 0.0775875 0.242418 1.11983
-1 1530613034.672185 0.0774851 0.242459 1.12024
-1 1530613034.678698 0.0774457 0.242476 1.12041
-1 1530613034.688464 0.0774145 0.242492 1.12058
-1 1530613034.710456 0.0773841 0.242506 1.12076
-1 1530613034.718000 0.0772859 0.242539 1.12121
-1 1530613034.726778 0.0772436 0.242557 1.12139
-1 1530613034.744271 0.0771642 0.242579 1.12174
-1 1530613034.777261 0.076956 0.242552 1.1225
-1 1530613034.790381 0.0768592 0.24252 1.12279
-1 1530613034.797681 0.0767984 0.242499 1.12298
-1 1530613034.808472 0.0767377 0.242483 1.12318
-1 1530613034.823522 0.076543 0.242442 1.12367
-1 1530613034.829596 0.0764997 0.242432 1.12377
-1 1530613034.839888 0.0764068 0.24241 1.12396
-1 1530613034.849507 0.076264 0.242373 1.12426
-1 1530613034.858882 0.0761719 0.242341 1.12445
-1 1530613034.871633 0.0760789 0.242304 1.12465
-1 1530613034.884412 0.075938 0.242239 1.12494
-1 1530613034.893444 0.0758482 0.242197 1.12513
-1 1530613034.900143 0.075805 0.242177 1.12523
-1 1530613034.907073 0.0757199 0.242134 1.12543
-1 1530613034.913724 0.0756793 0.242111 1.12552
-1 1530613034.926102 0.0755554 0.242042 1.12581
-1 1530613034.935656 0.0754569 0.241998 1.126
-1 1530613034.958192 0.0751921 0.241846 1.12656
-1 1530613034.961615 0.0751124 0.241791 1.12675
-1 1530613034.973718 0.0750751 0.241762 1.12684
-1 1530613034.979710 0.0749563 0.241668 1.12712
-1 1530613034.985390 0.0749187 0.241636 1.12721
-1 1530613034.991371 0.074886 0.2416 1.1273
-1 1530613035.009935 0.0747574 0.24137 1.12774
-1 1530613035.023455 0.0746733 0.241221 1.128
-1 1530613035.031904 0.0746032 0.241067 1.12828
-1 1530613035.047956 0.0745728 0.240962 1.12846
-1 1530613035.055001 0.0745312 0.2408 1.12874
-1 1530613035.064937 0.0744963 0.240629 1.12902
-1 1530613035.069030 0.0744862 0.240571 1.12912
-1 1530613035.077264 0.0744705 0.240455 1.12931
-1 1530613035.081920 0.074461 0.240393 1.12941
-1 1530613035.093446 0.0744393 0.240267 1.12961
-1 1530613035.102028 0.0744257 0.240135 1.12982
-1 1530613035.109786 0.0744322 0.240006 1.13003
-1 1530613035.119407 0.0744389 0.239879 1.13025
-1 1530613035.129629 0.07445 0.239691 1.13059
-1 1530613035.140081 0.0744582 0.23956 1.13083
-1 1530613035.156319 0.074478 0.239345 1.13119
-1 1530613035.161860 0.074497 0.239205 1.13142
-1 1530613035.178419 0.0745359 0.239002 1.13177
-1 1530613035.190415 0.0746092 0.238737 1.13223
-1 1530613035.201512 0.074675 0.238549 1.13257
-1 1530613035.210232 0.0747075 0.23843 1.13281
-1 1530613035.223513 0.0747445 0.238257 1.13316
-1 1530613035.232768 0.0747669 0.238138 1.13339
-1 1530613035.240818 0.0747838 0.238017 1.13362
-1 1530613035.249387 0.0747998 0.237895 1.13384
-1 1530613035.257122 0.0748087 0.237835 1.13395
-1 1530613035.264473 0.0748238 0.237718 1.13416
-1 1530613035.270574 0.0748268 0.237663 1.13427
-1 1530613035.286203 0.0748348 0.237442 1.13468
-1 1530613035.290290 0.0748387 0.237386 1.13478
-1 1530613035.301562 0.074844 0.237275 1.13497
-1 1530613035.311637 0.0748386 0.237107 1.13524
-1 1530613035.319422 0.0748313 0.237051 1.13533
-1 1530613035.328358 0.0748085 0.236891 1.13559
-1 1530613035.332062 0.0747965 0.236841 1.13567
-1 1530613035.340392 0.0747592 0.236749 1.13583
-1 1530613035.353055 0.074696 0.236575 1.13612
-1 1530613035.370797 0.0746592 0.236387 1.13637
-1 1530613035.380793 0.074596 0.236202 1.13659
-1 1530613035.394847 0.074535 0.236012 1.13679
-1 1530613035.401750 0.0745202 0.235961 1.13683
-1 1530613035.407111 0.074484 0.235864 1.13692
-1 1530613035.427984 0.0743939 0.235686 1.13709
-1 1530613035.434235 0.0743411 0.235598 1.13716
-1 1530613035.441313 0.0743151 0.235551 1.1372
-1 1530613035.452693 0.0742702 0.235448 1.13726
-1 1530613035.459186 0.0742273 0.235329 1.13733
-1 1530613035.471541 0.0741835 0.235198 1.13738
-1 1530613035.478610 0.0741426 0.23505 1.13744
-1 1530613035.487180 0.074104 0.234894 1.13749
-1 1530613035.497708 0.0740676 0.234728 1.13754
-1 1530613035.509607 0.0740361 0.234552 1.13758
-1 1530613035.519773 0.0739956 0.234286 1.13765
-1 1530613035.527333 0.0739837 0.234197 1.13767
-1 1530613035.534112 0.073947 0.233924 1.13773
-1 1530613035.537534 0.0739262 0.233839 1.13775
-1 1530613035.545608 0.0739104 0.233752 1.13777
-1 1530613035.559079 0.0738248 0.23329 1.13783
-1 1530613035.571446 0.0737872 0.23308 1.13785
-1 1530613035.586156 0.0737227 0.232624 1.13788
-1 1530613035.589837 0.0736846 0.232255 1.13791
-1 1530613035.601328 0.0736504 0.231866 1.13793
-1 1530613035.604934 0.0736389 0.231734 1.13794
-1 1530613035.615094 0.0736139 0.231459 1.13795
-1 1530613035.626231 0.073586 0.231176 1.13796
-1 1530613035.636121 0.0735471 0.230745 1.13796
-1 1530613035.640342 0.0735368 0.230598 1.13796
-1 1530613035.658973 0.0735223 0.230133 1.13796
-1 1530613035.666805 0.0735227 0.229634 1.13794
-1 1530613035.678992 0.0735267 0.229461 1.13794
-1 1530613035.687789 0.0735539 0.228922 1.13792
-1 1530613035.693883 0.0735814 0.228553 1.13791
-1 1530613035.700009 0.0735965 0.228366 1.1379
-1 1530613035.706894 0.0736266 0.22799 1.13789
-1 1530613035.717151 0.0736539 0.227607 1.13787
-1 1530613035.722731 0.0736685 0.227413 1.13786
-1 1530613035.729910 0.0736872 0.227025 1.13785
-1 1530613035.741725 0.0737175 0.226428 1.13782
-1 1530613035.747860 0.073727 0.226225 1.13781
-1 1530613035.761691 0.073748 0.225594 1.13778
-1 1530613035.779238 0.0737409 0.224919 1.13774
-1 1530613035.794254 0.0737232 0.223944 1.13768
-1 1530613035.800168 0.0737197 0.223172 1.13764
-1 1530613035.813430 0.0737282 0.222354 1.13759
-1 1530613035.821539 0.0737396 0.22179 1.13756
-1 1530613035.830045 0.0737592 0.221217 1.13753
-1 1530613035.845556 0.073783 0.220355 1.13748
-1 1530613035.853690 0.0737876 0.219776 1.13745
-1 1530613035.870261 0.0737817 0.218894 1.13741
-1 1530613035.877198 0.0737741 0.218275 1.13739
-1 1530613035.886450 0.0737751 0.217632 1.13737
-1 1530613035.896942 0.073785 0.216972 1.13734
-1 1530613035.904391 0.0737912 0.216289 1.13732
-1 1530613035.915320 0.0737829 0.215217 1.13728
-1 1530613035.925210 0.0737693 0.214098 1.13725
-1 1530613035.929220 0.0737602 0.213721 1.13725
-1 1530613035.940393 0.0737295 0.212602 1.13722
-1 1530613035.951349 0.0736962 0.211466 1.13721
-1 1530613035.956863 0.0736812 0.211081 1.1372
-1 1530613035.969939 0.0736217 0.20991 1.13719
-1 1530613035.989023 0.0735793 0.208708 1.13718
-1 1530613036.013969 0.0734601 0.20576 1.13717
-1 1530613036.021673 0.0734418 0.204882 1.13717
-1 1530613036.025695 0.0734349 0.204439 1.13717
-1 1530613036.036916 0.073425 0.203538 1.13718
-1 1530613036.045890 0.0734172 0.202625 1.13718
-1 1530613036.055162 0.0734088 0.201699 1.13719
-1 1530613036.075113 0.0733591 0.200282 1.1372
-1 1530613036.084372 0.073262 0.198372 1.13721
-1 1530613036.103374 0.0731812 0.19694 1.13721
-1 1530613036.109585 0.0730799 0.195517 1.13722
-1 1530613036.113761 0.0730481 0.195045 1.13722
-1 1530613036.124918 0.0729589 0.193624 1.13723
-1 1530613036.136310 0.0728582 0.19171 1.13725
-1 1530613036.146218 0.0728167 0.19075 1.13726
-1 1530613036.155064 0.0727591 0.189309 1.13728
-1 1530613036.162323 0.0727275 0.18835 1.13729
-1 1530613036.172603 0.0727116 0.18787 1.13729
-1 1530613036.184519 0.072643 0.185942 1.13731
-1 1530613036.191278 0.0726011 0.184967 1.13732
-1 1530613036.211573 0.0725224 0.183003 1.13731
-1 1530613036.222762 0.072491 0.182017 1.1373
-1 1530613036.238403 0.07242 0.179545 1.13728
-1 1530613036.253947 0.0723971 0.178065 1.13726
-1 1530613036.276912 0.0723619 0.174525 1.13721
-1 1530613036.285577 0.0723491 0.172957 1.13717
-1 1530613036.294396 0.0723341 0.171911 1.13714
-1 1530613036.305266 0.072321 0.170859 1.13711
-1 1530613036.311075 0.0722928 0.169811 1.13707
-1 1530613036.315176 0.0722711 0.169293 1.13705
-1 1530613036.323414 0.0722085 0.168277 1.13701
-1 1530613036.330820 0.07215 0.167284 1.13697
-1 1530613036.340675 0.0720842 0.166301 1.13694
-1 1530613036.350329 0.0720091 0.16533 1.13691
-1 1530613036.356114 0.0719333 0.164375 1.13688
-1 1530613036.362872 0.07185 0.163437 1.13683
-1 1530613036.373256 0.0717688 0.162498 1.13679
-1 1530613036.382232 0.0716974 0.161565 1.13674
-1 1530613036.425985 0.0714381 0.156318 1.13638
-1 1530613036.435919 0.0714064 0.15544 1.13631
-1 1530613036.442482 0.0713717 0.154584 1.13625
-1 1530613036.450915 0.0713354 0.153752 1.13618
-1 1530613036.460376 0.0713104 0.152946 1.13612
-1 1530613036.471477 0.0712841 0.152168 1.13604
-1 1530613036.481638 0.0712155 0.151037 1.13594
-1 1530613036.490511 0.0711603 0.150312 1.13587
-1 1530613036.493981 0.0711335 0.149959 1.13584
-1 1530613036.502541 0.0710861 0.149272 1.13578
-1 1530613036.515289 0.0710343 0.148298 1.13568
-1 1530613036.520263 0.0710171 0.147992 1.13565
-1 1530613036.529228 0.0709711 0.147439 1.13559
-1 1530613036.536068 0.070944 0.146899 1.13553
-1 1530613036.544767 0.0709223 0.146381 1.13547
-1 1530613036.556080 0.0708902 0.145875 1.13541
-1 1530613036.563595 0.0708397 0.14534 1.13535
-1 1530613036.571876 0.0707788 0.144789 1.13528
-1 1530613036.584478 0.0707353 0.143979 1.13518
-1 1530613036.595205 0.0707195 0.14347 1.13511
-1 1530613036.603175 0.0707081 0.142989 1.13504
-1 1530613036.625333 0.0706766 0.141931 1.13489
-1 1530613036.635350 0.0706613 0.141558 1.13483
-1 1530613036.645885 0.070618 0.141221 1.13478
-1 1530613036.655808 0.0705639 0.140919 1.13474
-1 1530613036.664384 0.0705038 0.14064 1.1347
-1 1530613036.676337 0.0704109 0.140267 1.13464
-1 1530613036.687251 0.0703173 0.139807 1.13458
-1 1530613036.698991 0.0703019 0.1397 1.13456
-1 1530613036.706521 0.0702625 0.139387 1.13452
-1 1530613036.723063 0.070187 0.139129 1.13449
-1 1530613036.728412 0.070088 0.138968 1.13445
-1 1530613036.732835 0.0700565 0.138927 1.13445
-1 1530613036.743321 0.0699985 0.138858 1.13443
-1 1530613036.751740 0.0699421 0.138767 1.1344
-1 1530613036.759165 0.06993 0.138735 1.13439
-1 1530613036.764872 0.0699161 0.138668 1.13437
-1 1530613036.781551 0.0699077 0.13856 1.13434
-1 1530613036.790878 0.0698983 0.138478 1.13432
-1 1530613036.799246 0.069898 0.138462 1.13431
-1 1530613036.807818 0.0698959 0.138429 1.13429
-1 1530613036.823987 0.0698949 0.138398 1.13428
-1 1530613036.834664 0.069934 0.138382 1.13426
-1 1530613036.866929 0.0699931 0.138367 1.13424
-1 1530613036.872720 0.0701168 0.138216 1.13418
-1 1530613036.889000 0.0702044 0.138184 1.13415
-1 1530613036.893576 0.070238 0.138211 1.13414
-1 1530613036.897167 0.0702511 0.138236 1.13414
-1 1530613036.903539 0.0702625 0.138266 1.13414
-1 1530613036.909903 0.070293 0.138345 1.13414
-1 1530613036.933413 0.0703115 0.138393 1.13414
-1 1530613036.943746 0.0704991 0.138789 1.13418
-1 1530613036.949513 0.070539 0.138838 1.13419
-1 1530613036.959153 0.0706248 0.138936 1.13421
-1 1530613036.964492 0.0707183 0.13903 1.13423
-1 1530613036.972301 0.0708214 0.139102 1.13425
-1 1530613036.976665 0.0708783 0.139126 1.13426
-1 1530613036.990571 0.0710052 0.139161 1.13427
-1 1530613037.000252 0.0712893 0.139195 1.1343
-1 1530613037.008322 0.0713652 0.139197 1.13431
-1 1530613037.019750 0.0715984 0.139178 1.13433
-1 1530613037.036742 0.0717511 0.139165 1.13435
-1 1530613037.043112 0.0720545 0.139156 1.13439
-1 1530613037.050999 0.0721998 0.13917 1.13441
-1 1530613037.061805 0.0723419 0.139197 1.13443
-1 1530613037.075974 0.0725427 0.139265 1.13446
-1 1530613037.104411 0.0730377 0.139522 1.13454
-1 1530613037.107707 0.0730919 0.139547 1.13455
-1 1530613037.116697 0.0731963 0.139576 1.13457
-1 1530613037.127820 0.0733698 0.139575 1.1346
-1 1530613037.141201 0.0735689 0.139533 1.13462
-1 1530613037.147603 0.0737133 0.139497 1.13463
-1 1530613037.151745 0.0737824 0.139478 1.13463
-1 1530613037.156756 0.0738457 0.139461 1.13464
-1 1530613037.162777 0.0739028 0.139442 1.13464
-1 1530613037.174230 0.074062 0.139392 1.13467
-1 1530613037.191823 0.0742206 0.139369 1.13469
-1 1530613037.198663 0.0743276 0.139369 1.13471
-1 1530613037.204654 0.0744383 0.139373 1.13473
-1 1530613037.208928 0.0745003 0.139373 1.13473
-1 1530613037.217753 0.0746242 0.139376 1.13475
-1 1530613037.225929 0.0747408 0.139389 1.13476
-1 1530613037.235960 0.0748652 0.139408 1.13478
-1 1530613037.242195 0.0749962 0.139425 1.13479
-1 1530613037.256414 0.0751221 0.139439 1.13481
-1 1530613037.270159 0.0752947 0.139446 1.13485
-1 1530613037.276211 0.0754712 0.139436 1.13489
-1 1530613037.284350 0.0755924 0.139431 1.13492
-1 1530613037.290367 0.075652 0.139429 1.13493
-1 1530613037.296818 0.075772 0.139418 1.13496
-1 1530613037.303623 0.0758323 0.13941 1.13498
-1 1530613037.309648 0.0759523 0.139384 1.13501
-1 1530613037.317806 0.0760742 0.139347 1.13503
-1 1530613037.327440 0.0761965 0.139319 1.13506
-1 1530613037.352130 0.0765596 0.139262 1.13516
-1 1530613037.357260 0.0766154 0.139258 1.13517
-1 1530613037.360394 0.0766692 0.139256 1.13519
-1 1530613037.365180 0.0767229 0.139252 1.13521
-1 1530613037.376274 0.0767739 0.139248 1.13522
-1 1530613037.381814 0.0769265 0.139231 1.13527
-1 1530613037.388025 0.0769766 0.139222 1.13528
-1 1530613037.402945 0.0771948 0.139172 1.13535
-1 1530613037.416355 0.0773693 0.139114 1.13539
-1 1530613037.437487 0.0776773 0.138966 1.13545
-1 1530613037.442395 0.0777956 0.138917 1.13547
-1 1530613037.445994 0.077853 0.138893 1.13548
-1 1530613037.455049 0.0779616 0.13885 1.1355
-1 1530613037.459630 0.0780122 0.138826 1.13551
-1 1530613037.467182 0.0781057 0.138772 1.13553
-1 1530613037.476059 0.0781844 0.138713 1.13554
-1 1530613037.493181 0.0783119 0.138575 1.13555
-1 1530613037.500252 0.0783867 0.138501 1.13555
-1 1530613037.512607 0.078515 0.13839 1.13555
-1 1530613037.521857 0.0786031 0.138301 1.13554
-1 1530613037.534456 0.0786812 0.13819 1.13553
-1 1530613037.550479 0.0788637 0.137898 1.1355
-1 1530613037.568698 0.079016 0.137671 1.13547
-1 1530613037.572688 0.0790704 0.13755 1.13546
-1 1530613037.581003 0.0790925 0.137419 1.13546
-1 1530613037.588696 0.0791215 0.137285 1.13546
-1 1530613037.596958 0.0791597 0.137153 1.13543
-1 1530613037.608948 0.0792062 0.136947 1.1354
-1 1530613037.612832 0.0792144 0.136875 1.13539
-1 1530613037.621577 0.079229 0.13672 1.13537
-1 1530613037.629397 0.0792449 0.136548 1.13535
-1 1530613037.643385 0.0792407 0.136282 1.13531
-1 1530613037.651356 0.0792382 0.136103 1.13528
-1 1530613037.663707 0.0792261 0.135814 1.13524
-1 1530613037.670899 0.0792299 0.1356 1.13521
-1 1530613037.678310 0.0792347 0.135389 1.13518
-1 1530613037.684001 0.0792412 0.135284 1.13517
-1 1530613037.692389 0.0792615 0.135079 1.13515
-1 1530613037.716186 0.0793283 0.134618 1.13509
-1 1530613037.726308 0.0793589 0.134438 1.13507
-1 1530613037.732617 0.0793961 0.13424 1.13505
-1 1530613037.751257 0.0794341 0.133839 1.13502
-1 1530613037.760865 0.0794622 0.133648 1.135
-1 1530613037.768047 0.079486 0.133466 1.13497
-1 1530613037.777995 0.0794844 0.133281 1.13496
-1 1530613037.785277 0.0794622 0.133094 1.13494
-1 1530613037.793796 0.0794662 0.132912 1.13491
-1 1530613037.798501 0.0794739 0.132818 1.13489
-1 1530613037.813658 0.0795092 0.132518 1.13486
-1 1530613037.821127 0.0795399 0.132306 1.13483
-1 1530613037.833117 0.0795948 0.131976 1.13478
-1 1530613037.844368 0.0796176 0.131862 1.13476
-1 1530613037.863105 0.0796893 0.131389 1.13467
-1 1530613037.874978 0.0796898 0.131023 1.13462
-1 1530613037.889578 0.0796764 0.130558 1.13454
-1 1530613037.899210 0.0796597 0.130215 1.13447
-1 1530613037.911737 0.0796253 0.129849 1.1344
-1 1530613037.921456 0.0796022 0.129591 1.13436
-1 1530613037.936095 0.0795442 0.129003 1.13425
-1 1530613037.948011 0.0795638 0.128721 1.13418
-1 1530613037.954048 0.0795878 0.128574 1.13413
-1 1530613037.960794 0.0796031 0.12851 1.1341
-1 1530613037.965604 0.0796344 0.128397 1.13405
-1 1530613037.974942 0.0796496 0.128348 1.13403
-1 1530613037.989526 0.0797034 0.128198 1.13393
-1 1530613038.000439 0.0797906 0.127991 1.13379
-1 1530613038.006341 0.0798282 0.127889 1.13372
-1 1530613038.018634 0.0798853 0.127749 1.13361
-1 1530613038.028463 0.0799261 0.127667 1.13353
-1 1530613038.038040 0.0799662 0.127604 1.13346
-1 1530613038.047669 0.0800355 0.127576 1.13335
-1 1530613038.057228 0.0800953 0.127606 1.13325
-1 1530613038.061087 0.0801185 0.127632 1.13322
-1 1530613038.069212 0.0801587 0.127717 1.13315
-1 1530613038.076844 0.0801755 0.12777 1.13311
-1 1530613038.088563 0.0802374 0.127947 1.13299
-1 1530613038.096809 0.0802975 0.128155 1.13286
-1 1530613038.105641 0.0803517 0.128293 1.13277
-1 1530613038.113326 0.0804172 0.128407 1.13268
-1 1530613038.120821 0.0804909 0.128528 1.1326
-1 1530613038.128329 0.080583 0.128644 1.1325
-1 1530613038.138901 0.0806932 0.128748 1.13241
-1 1530613038.148943 0.0808658 0.128904 1.13227
-1 1530613038.157230 0.080927 0.128958 1.13222
-1 1530613038.165740 0.0811145 0.129101 1.13207
-1 1530613038.173841 0.0812374 0.129207 1.13197
-1 1530613038.183115 0.0813456 0.129318 1.13188
-1 1530613038.192697 0.0814376 0.129428 1.13179
-1 1530613038.200185 0.0815811 0.129586 1.13166
-1 1530613038.206067 0.0816362 0.129629 1.13161
-1 1530613038.215791 0.081757 0.129732 1.13153
-1 1530613038.225429 0.0819275 0.12988 1.1314
-1 1530613038.232217 0.0820466 0.129999 1.13132
-1 1530613038.236163 0.0821067 0.130057 1.13127
-1 1530613038.243173 0.0821676 0.130114 1.13123
-1 1530613038.254410 0.0823378 0.13027 1.1311
-1 1530613038.262366 0.0823928 0.13031 1.13106
-1 1530613038.268695 0.0825098 0.130359 1.13099
-1 1530613038.279006 0.0826428 0.13038 1.13093
-1 1530613038.292235 0.0828008 0.130385 1.13086
-1 1530613038.299906 0.0829819 0.130368 1.1308
-1 1530613038.305206 0.0830779 0.130364 1.13077
-1 1530613038.311649 0.0831797 0.130362 1.13074
-1 1530613038.322715 0.0834075 0.130338 1.13067
-1 1530613038.328461 0.0835224 0.13032 1.13064
-1 1530613038.335023 0.0836384 0.130315 1.13062
-1 1530613038.347329 0.0838649 0.130327 1.13057
-1 1530613038.357138 0.0840831 0.130377 1.13054
-1 1530613038.361335 0.0841855 0.130422 1.13052
-1 1530613038.369213 0.0843743 0.130518 1.13049
-1 1530613038.377561 0.08455 0.130604 1.13047
-1 1530613038.384985 0.0847209 0.130685 1.13045
-1 1530613038.390633 0.0848088 0.130725 1.13044
-1 1530613038.402861 0.0850802 0.130828 1.13042
-1 1530613038.409454 0.0851742 0.130859 1.13041
-1 1530613038.416021 0.0852724 0.130893 1.1304
-1 1530613038.422012 0.0854796 0.13096 1.13039
-1 1530613038.425364 0.0855891 0.130994 1.13039
-1 1530613038.431300 0.0858086 0.131062 1.13038
-1 1530613038.439448 0.0860269 0.131132 1.13038
-1 1530613038.446556 0.086245 0.131196 1.13038
-1 1530613038.453029 0.0863519 0.131222 1.13039
-1 1530613038.457133 0.0865628 0.131263 1.13039
-1 1530613038.462217 0.0866683 0.131277 1.13039
-1 1530613038.471050 0.086882 0.131299 1.13039
-1 1530613038.477396 0.0870897 0.131311 1.13038
-1 1530613038.482407 0.0873009 0.131312 1.13037
-1 1530613038.498420 0.0875109 0.131308 1.13036
-1 1530613038.501891 0.0877418 0.131292 1.13034
-1 1530613038.509347 0.0879694 0.131266 1.13032
-1 1530613038.513992 0.088078 0.131245 1.13032
-1 1530613038.522495 0.0881819 0.13122 1.13032
-1 1530613038.529010 0.0884996 0.131098 1.13032
-1 1530613038.532751 0.0886023 0.131053 1.13032
-1 1530613038.548784 0.0890071 0.130861 1.13031
-1 1530613038.556031 0.0891099 0.130816 1.13031
-1 1530613038.563944 0.0894093 0.130704 1.13029
-1 1530613038.570476 0.0896042 0.130641 1.13028
-1 1530613038.579266 0.0897968 0.130581 1.13027
-1 1530613038.586413 0.0898946 0.130554 1.13027
-1 1530613038.600792 0.0900857 0.13051 1.13026
-1 1530613038.605156 0.0902683 0.130475 1.13026
-1 1530613038.616285 0.0905315 0.13043 1.13025
-1 1530613038.620299 0.0906199 0.130417 1.13025
-1 1530613038.634656 0.0908989 0.130368 1.13023
-1 1530613038.670149 0.0918956 0.130075 1.13008
-1 1530613038.673455 0.0919976 0.130044 1.13006
-1 1530613038.684391 0.0920979 0.130017 1.13005
-1 1530613038.688382 0.0923991 0.129952 1.13
-1 1530613038.696456 0.0926128 0.129924 1.12997
-1 1530613038.703444 0.0927222 0.129912 1.12995
-1 1530613038.708233 0.0929359 0.129893 1.12992
-1 1530613038.716745 0.0931436 0.129881 1.12988
-1 1530613038.728141 0.0933545 0.129877 1.12985
-1 1530613038.735592 0.0936615 0.12987 1.12981
-1 1530613038.746269 0.0939419 0.129849 1.12976
-1 1530613038.755445 0.0940331 0.12984 1.12975
-1 1530613038.776481 0.0943175 0.129807 1.12969
-1 1530613038.789974 0.0947322 0.12974 1.12963
-1 1530613038.800922 0.0951691 0.129654 1.12958
-1 1530613038.810143 0.0953709 0.129613 1.12955
-1 1530613038.821628 0.0956436 0.129564 1.12954
-1 1530613038.833163 0.0958102 0.129532 1.12953
-1 1530613038.842937 0.0960536 0.129482 1.12952
-1 1530613038.850027 0.0962165 0.12943 1.12951
-1 1530613038.858097 0.0963759 0.12937 1.1295
-1 1530613038.869654 0.0966089 0.129271 1.12948
-1 1530613038.878198 0.0967522 0.129203 1.12947
-1 1530613038.888935 0.0968898 0.12914 1.12946
-1 1530613038.894539 0.0969591 0.12911 1.12945
-1 1530613038.900407 0.097027 0.12908 1.12945
-1 1530613038.907147 0.0971608 0.12902 1.12943
-1 1530613038.917406 0.0972964 0.128958 1.12941
-1 1530613038.923177 0.097428 0.128902 1.1294
-1 1530613038.926900 0.0974887 0.128867 1.12939
-1 1530613038.936762 0.0975972 0.12879 1.12939
-1 1530613038.943845 0.0977024 0.128713 1.12939
-1 1530613038.951742 0.0978026 0.128635 1.12938
-1 1530613038.964951 0.0979056 0.12857 1.12937
-1 1530613038.976344 0.098034 0.128487 1.12938
-1 1530613038.984401 0.0982006 0.128438 1.12938
-1 1530613038.988436 0.0982599 0.128422 1.12939
-1 1530613038.997137 0.0983847 0.128382 1.12938
-1 1530613039.008645 0.0985084 0.128336 1.12937
-1 1530613039.021377 0.0986744 0.128235 1.12935
-1 1530613039.028631 0.0987893 0.12812 1.12934
-1 1530613039.037624 0.0988432 0.12806 1.12933
-1 1530613039.046523 0.0989 0.128027 1.12932
-1 1530613039.053025 0.0989466 0.128013 1.12933
-1 1530613039.060753 0.0989977 0.128008 1.12934
-1 1530613039.069123 0.0990165 0.128007 1.12935
-1 1530613039.079273 0.0990773 0.127991 1.12937
-1 1530613039.090364 0.0991623 0.127945 1.12939
-1 1530613039.097363 0.0992076 0.127882 1.12941
-1 1530613039.104417 0.0992539 0.127799 1.12942
-1 1530613039.112092 0.0992997 0.127709 1.12941
-1 1530613039.121662 0.0993221 0.127608 1.12942
-1 1530613039.127218 0.0993226 0.127507 1.12943
-1 1530613039.132030 0.0993219 0.127459 1.12944
-1 1530613039.139327 0.0993366 0.127373 1.12945
-1 1530613039.142699 0.0993492 0.127332 1.12945
-1 1530613039.152193 0.099373 0.127267 1.12946
-1 1530613039.156509 0.0993844 0.127237 1.12947
-1 1530613039.165041 0.0994107 0.12718 1.12949
-1 1530613039.173521 0.0994356 0.127112 1.12952
-1 1530613039.183093 0.0994442 0.12703 1.12955
-1 1530613039.192635 0.0994381 0.126953 1.12958
-1 1530613039.197622 0.0994349 0.126917 1.1296
-1 1530613039.206909 0.0994267 0.126882 1.12962
-1 1530613039.214862 0.0994027 0.126811 1.12966
-1 1530613039.219244 0.0993899 0.126775 1.12968
-1 1530613039.226239 0.0993808 0.126748 1.1297
-1 1530613039.230947 0.0993355 0.126703 1.12975
-1 1530613039.234825 0.0993262 0.126684 1.12977
-1 1530613039.243658 0.0993138 0.126639 1.12981
-1 1530613039.247159 0.099307 0.126611 1.12984
-1 1530613039.255499 0.0993043 0.126553 1.12989
-1 1530613039.259555 0.0993067 0.126526 1.12992
-1 1530613039.263725 0.0993102 0.126492 1.12994
-1 1530613039.273985 0.0993303 0.126422 1.13
-1 1530613039.283075 0.0993664 0.126341 1.13006
-1 1530613039.293270 0.0994664 0.126211 1.13011
-1 1530613039.297285 0.0994974 0.126155 1.13013
-1 1530613039.306009 0.0995284 0.126096 1.13015
-1 1530613039.309426 0.0995883 0.125956 1.13019
-1 1530613039.313103 0.0996225 0.125872 1.1302
-1 1530613039.321686 0.0996754 0.125689 1.13023
-1 1530613039.325285 0.0996901 0.125582 1.13024
-1 1530613039.330642 0.0997076 0.125475 1.13025
-1 1530613039.341072 0.0997334 0.125265 1.13027
-1 1530613039.346055 0.0997531 0.125026 1.13028
-1 1530613039.356195 0.0997395 0.12476 1.13029
-1 1530613039.361515 0.09971 0.124508 1.13031
-1 1530613039.366463 0.0996901 0.124394 1.13032
-1 1530613039.374186 0.0996385 0.124199 1.13034
-1 1530613039.380839 0.0995626 0.124007 1.13036
-1 1530613039.388949 0.0993116 0.123775 1.1304
-1 1530613039.398273 0.0991474 0.123602 1.13046
-1 1530613039.410985 0.0990291 0.123436 1.13036
-1 1530613039.416458 0.0989736 0.123328 1.13033
-1 1530613039.427102 0.0989261 0.123225 1.13031
-1 1530613039.431899 0.0988889 0.123129 1.13029
-1 1530613039.443312 0.0988477 0.123039 1.13028
-1 1530613039.451388 0.0987758 0.122924 1.13026
-1 1530613039.460925 0.098711 0.122862 1.13025
-1 1530613039.466621 0.0986422 0.122825 1.13024
-1 1530613039.470032 0.0986062 0.122814 1.13024
-1 1530613039.477388 0.0985696 0.12281 1.13023
-1 1530613039.486091 0.0984589 0.122838 1.13023
-1 1530613039.497057 0.0983762 0.122885 1.13022
-1 1530613039.504907 0.098241 0.122975 1.13022
-1 1530613039.516452 0.0981462 0.123048 1.1302
-1 1530613039.533966 0.097988 0.123134 1.13017
-1 1530613039.554181 0.0976289 0.123332 1.13008
-1 1530613039.592652 0.097113 0.123507 1.12993
-1 1530613039.605301 0.0969221 0.123567 1.12988
-1 1530613039.612342 0.0967926 0.1236 1.12985
-1 1530613039.618996 0.0967251 0.123615 1.12984
-1 1530613039.626392 0.0965913 0.123641 1.1298
-1 1530613039.632562 0.0964622 0.123668 1.12977
-1 1530613039.638238 0.0963966 0.123682 1.12976
-1 1530613039.648649 0.0962572 0.123714 1.12973
-1 1530613039.655568 0.0960936 0.123747 1.12971
-1 1530613039.662515 0.0959203 0.123784 1.12969
-1 1530613039.668340 0.0958338 0.123805 1.12968
-1 1530613039.675059 0.0956492 0.123852 1.12965
-1 1530613039.685726 0.0955477 0.123874 1.12964
-1 1530613039.692707 0.0952316 0.123945 1.1296
-1 1530613039.700638 0.0950227 0.124012 1.12958
-1 1530613039.710039 0.0947985 0.124074 1.12956
-1 1530613039.717371 0.094564 0.124153 1.12953
-1 1530613039.723660 0.0944469 0.124199 1.12953
-1 1530613039.730032 0.094199 0.124297 1.12951
-1 1530613039.735424 0.0940708 0.124347 1.1295
-1 1530613039.739381 0.0939383 0.124394 1.12949
-1 1530613039.750419 0.0938042 0.124441 1.12948
-1 1530613039.758177 0.0934231 0.124566 1.12945
-1 1530613039.764148 0.0931757 0.124641 1.12943
-1 1530613039.768529 0.0930504 0.124681 1.12942
-1 1530613039.778401 0.092805 0.124777 1.12942
-1 1530613039.788897 0.0924189 0.124967 1.12944
-1 1530613039.792206 0.0922887 0.125034 1.12945
-1 1530613039.803025 0.0921575 0.125101 1.12946
-1 1530613039.810519 0.091768 0.125308 1.12947
-1 1530613039.818029 0.091511 0.125439 1.12949
-1 1530613039.829214 0.0912557 0.125566 1.12951
-1 1530613039.834739 0.0909857 0.125691 1.12954
-1 1530613039.839815 0.0908554 0.125753 1.12956
-1 1530613039.843161 0.090728 0.125823 1.12958
-1 1530613039.858540 0.0904896 0.12596 1.12961
-1 1530613039.866534 0.0901575 0.126159 1.12967
-1 1530613039.871338 0.0899617 0.126284 1.12971
-1 1530613039.877779 0.0898711 0.126341 1.12973
-1 1530613039.883081 0.0896906 0.126444 1.12978
-1 1530613039.890477 0.0895941 0.126496 1.1298
-1 1530613039.895452 0.0893931 0.12659 1.12985
-1 1530613039.906500 0.0891927 0.126691 1.12991
-1 1530613039.917779 0.0889815 0.126785 1.12995
-1 1530613039.921689 0.0887653 0.126877 1.13001
-1 1530613039.925342 0.0886584 0.126923 1.13003
-1 1530613039.932011 0.0885468 0.126972 1.13006
-1 1530613039.941727 0.0881951 0.127112 1.13013
-1 1530613039.950282 0.0879612 0.127186 1.13018
-1 1530613039.962121 0.0876147 0.127248 1.13025
-1 1530613039.967977 0.0875009 0.127259 1.13028
-1 1530613039.973928 0.0872819 0.127268 1.13033
-1 1530613039.982856 0.0870707 0.127256 1.13038
-1 1530613039.995238 0.0867708 0.12722 1.13045
-1 1530613040.000826 0.0865769 0.127199 1.1305
-1 1530613040.005744 0.086486 0.12719 1.13053
-1 1530613040.023630 0.0861163 0.127178 1.13062
-1 1530613040.027472 0.0859318 0.127183 1.13065
-1 1530613040.031884 0.0858344 0.127185 1.13067
-1 1530613040.048785 0.0854317 0.127179 1.13074
-1 1530613040.063240 0.085229 0.127172 1.13077
-1 1530613040.071107 0.0848443 0.127107 1.13086
-1 1530613040.074281 0.084756 0.127081 1.13088
-1 1530613040.078654 0.0846762 0.12705 1.1309
-1 1530613040.092014 0.0845974 0.127031 1.13094
-1 1530613040.096142 0.0844267 0.126933 1.13102
-1 1530613040.103374 0.0843816 0.126901 1.13105
-1 1530613040.112414 0.0843425 0.126871 1.13108
-1 1530613040.119633 0.084268 0.126817 1.13114
-1 1530613040.132409 0.0841553 0.12675 1.13123
-1 1530613040.141582 0.0840763 0.126711 1.13128
-1 1530613040.148410 0.0839892 0.126668 1.13133
-1 1530613040.154767 0.0839001 0.126598 1.13138
-1 1530613040.166085 0.083817 0.126511 1.13142
-1 1530613040.174887 0.0837069 0.12634 1.13148
-1 1530613040.182906 0.0836357 0.12621 1.13152
-1 1530613040.196165 0.0835676 0.126071 1.13156
-1 1530613040.202508 0.0834762 0.125845 1.13161
-1 1530613040.208187 0.0834494 0.125771 1.13162
-1 1530613040.216129 0.083395 0.125634 1.13165
-1 1530613040.221718 0.0833375 0.125511 1.13167
-1 1530613040.227473 0.0833056 0.125457 1.13169
-1 1530613040.234596 0.0832452 0.125356 1.13171
-1 1530613040.245971 0.0831953 0.125266 1.13174
-1 1530613040.253701 0.0831549 0.125182 1.13177
-1 1530613040.262757 0.0831268 0.125088 1.1318
-1 1530613040.273196 0.0831036 0.124903 1.13185
-1 1530613040.281387 0.0831055 0.124746 1.13188
-1 1530613040.288714 0.0831261 0.124566 1.1319
-1 1530613040.295257 0.0831378 0.12447 1.13191
-1 1530613040.300827 0.0831671 0.124276 1.13193
-1 1530613040.307327 0.0831925 0.124105 1.13197
-1 1530613040.315579 0.0832316 0.123929 1.13199
-1 1530613040.323918 0.083265 0.123768 1.13201
-1 1530613040.331898 0.0832928 0.123623 1.13203
-1 1530613040.339151 0.0833193 0.123488 1.13205
-1 1530613040.353086 0.0833487 0.123361 1.13206
-1 1530613040.365483 0.083401 0.12318 1.13207
-1 1530613040.369396 0.0834413 0.123055 1.13208
-1 1530613040.375580 0.083462 0.122992 1.13208
-1 1530613040.381367 0.0835035 0.122871 1.13209
-1 1530613040.386790 0.083522 0.122813 1.1321
-1 1530613040.394894 0.0835596 0.122705 1.13211
-1 1530613040.403976 0.083602 0.122606 1.13213
-1 1530613040.411070 0.0836497 0.122513 1.13214
-1 1530613040.418964 0.0837017 0.122428 1.13215
-1 1530613040.426719 0.0837597 0.122347 1.13216
-1 1530613040.435905 0.0838212 0.122266 1.13216
-1 1530613040.446563 0.0839118 0.122144 1.13215
-1 1530613040.454849 0.0839782 0.122054 1.13214
-1 1530613040.463080 0.0840463 0.121969 1.13213
-1 1530613040.473911 0.0841081 0.121899 1.13211
-1 1530613040.480387 0.0841417 0.121874 1.1321
-1 1530613040.486900 0.0842163 0.121821 1.13208
-1 1530613040.497571 0.0842981 0.12176 1.13205
-1 1530613040.510001 0.0843787 0.121703 1.13204
-1 1530613040.514204 0.0844845 0.121613 1.132
-1 1530613040.520645 0.0845407 0.121565 1.13198
-1 1530613040.528442 0.0846631 0.121467 1.13193
-1 1530613040.537367 0.0847902 0.12138 1.13188
-1 1530613040.547610 0.0849213 0.121307 1.13184
-1 1530613040.554257 0.085049 0.121238 1.13179
-1 1530613040.573325 0.0851753 0.121169 1.13175
-1 1530613040.579321 0.0854216 0.121033 1.13166
-1 1530613040.589219 0.0855419 0.120977 1.13161
-1 1530613040.594788 0.0856634 0.120929 1.13156
-1 1530613040.598308 0.0857274 0.120906 1.13153
-1 1530613040.602647 0.0857953 0.120881 1.13151
-1 1530613040.612885 0.0859422 0.120826 1.13145
-1 1530613040.618568 0.0861091 0.120773 1.13139
-1 1530613040.622450 0.0861995 0.120747 1.13136
-1 1530613040.629766 0.0863939 0.120696 1.1313
-1 1530613040.634170 0.0864992 0.120669 1.13126
-1 1530613040.644709 0.0867144 0.120614 1.1312
-1 1530613040.652320 0.0869226 0.120557 1.13114
-1 1530613040.659036 0.0871265 0.12049 1.13107
-1 1530613040.670639 0.0873171 0.120422 1.13101
-1 1530613040.682884 0.0875728 0.120321 1.13092
-1 1530613040.692729 0.0877892 0.12022 1.13083
-1 1530613040.698506 0.0878555 0.120202 1.1308
-1 1530613040.706811 0.0879269 0.120176 1.13077
-1 1530613040.712915 0.0880821 0.120136 1.13069
-1 1530613040.718227 0.0882618 0.12012 1.1306
-1 1530613040.722253 0.0883637 0.12012 1.13056
-1 1530613040.730500 0.0885742 0.120127 1.13047
-1 1530613040.734339 0.0886795 0.120128 1.13042
-1 1530613040.742872 0.0888948 0.120127 1.13034
-1 1530613040.750749 0.0890039 0.120121 1.13031
-1 1530613040.759135 0.0893313 0.120084 1.13019
-1 1530613040.762524 0.0894428 0.120069 1.13015
-1 1530613040.774874 0.0896629 0.120035 1.13007
-1 1530613040.785399 0.0899928 0.120008 1.12996
-1 1530613040.794227 0.0902166 0.120016 1.12988
-1 1530613040.802775 0.0905497 0.120071 1.12976
-1 1530613040.809753 0.090762 0.120124 1.12969
-1 1530613040.817135 0.0908664 0.120147 1.12965
-1 1530613040.833795 0.0910675 0.120179 1.12957
-1 1530613040.841611 0.0912487 0.120189 1.12949
-1 1530613040.848975 0.091429 0.120189 1.12941
-1 1530613040.854571 0.0915184 0.120185 1.12936
-1 1530613040.861554 0.0916924 0.120172 1.12928
-1 1530613040.871973 0.0918597 0.120164 1.12919
-1 1530613040.884368 0.0921095 0.120205 1.12906
-1 1530613040.890407 0.0922738 0.12027 1.129
-1 1530613040.902442 0.0925174 0.120376 1.12891
-1 1530613040.906220 0.0925942 0.120409 1.12889
-1 1530613040.914180 0.0927326 0.120466 1.12884
-1 1530613040.921070 0.0928006 0.12048 1.12881
-1 1530613040.927189 0.0929275 0.120486 1.12876
-1 1530613040.930937 0.0929879 0.12048 1.12873
-1 1530613040.939397 0.0931122 0.120455 1.12868
-1 1530613040.943027 0.0931762 0.120438 1.12865
-1 1530613040.952431 0.0933144 0.120411 1.12859
-1 1530613040.965056 0.0935188 0.120396 1.1285
-1 1530613040.969828 0.0935865 0.120401 1.12847
-1 1530613040.979976 0.09372 0.120416 1.12842
-1 1530613040.988706 0.0938492 0.120436 1.12837
-1 1530613040.997034 0.093967 0.120464 1.12832
-1 1530613041.007906 0.0940624 0.120499 1.12827
-1 1530613041.020804 0.0942123 0.120562 1.12818
-1 1530613041.026267 0.0942419 0.120577 1.12816
-1 1530613041.035419 0.0943006 0.120626 1.12814
-1 1530613041.042502 0.0943618 0.120697 1.12812
-1 1530613041.046776 0.0943945 0.120741 1.12812
-1 1530613041.055986 0.09446 0.120832 1.12812
-1 1530613041.063403 0.0945319 0.120913 1.12812
-1 1530613041.073077 0.0946027 0.120962 1.12812
-1 1530613041.081550 0.0946387 0.120974 1.12813
-1 1530613041.085254 0.0947056 0.12097 1.12813
-1 1530613041.093295 0.0947573 0.12093 1.12812
-1 1530613041.101367 0.0947961 0.120865 1.12811
-1 1530613041.111069 0.0948174 0.120786 1.12809
-1 1530613041.118218 0.0948278 0.120707 1.12808
-1 1530613041.121697 0.0948336 0.120681 1.12807
-1 1530613041.125428 0.0948379 0.120663 1.12807
-1 1530613041.130795 0.0948382 0.12066 1.12806
-1 1530613041.139449 0.0948301 0.120679 1.12806
-1 1530613041.149153 0.0948217 0.120732 1.12807
-1 1530613041.156007 0.0948078 0.120805 1.12809
-1 1530613041.167565 0.0948042 0.120889 1.12812
-1 1530613041.177387 0.0948165 0.121012 1.12817
-1 1530613041.186144 0.0948239 0.121048 1.12819
-1 1530613041.198699 0.094833 0.121159 1.12826
-1 1530613041.207410 0.0948191 0.121203 1.12829
-1 1530613041.243558 0.0947062 0.121354 1.12839
-1 1530613041.251572 0.0945726 0.121546 1.12848
-1 1530613041.255887 0.0945431 0.121591 1.1285
-1 1530613041.264452 0.094485 0.121684 1.12854
-1 1530613041.271522 0.0944563 0.121731 1.12856
-1 1530613041.278640 0.0943989 0.121823 1.12859
-1 1530613041.285748 0.0943711 0.121867 1.12861
-1 1530613041.294397 0.0943187 0.121944 1.12864
-1 1530613041.297910 0.0942893 0.121981 1.12865
-1 1530613041.306880 0.0942215 0.122054 1.12867
-1 1530613041.315045 0.0941848 0.122085 1.12868
-1 1530613041.324667 0.0940764 0.122164 1.12871
-1 1530613041.330987 0.094043 0.122186 1.12872
-1 1530613041.340054 0.0939648 0.122236 1.12873
-1 1530613041.345404 0.0938772 0.122282 1.12875
-1 1530613041.357606 0.0938309 0.122307 1.12875
-1 1530613041.363892 0.0936877 0.122387 1.12875
-1 1530613041.371583 0.0935775 0.122449 1.12876
-1 1530613041.382404 0.0934624 0.122514 1.12877
-1 1530613041.387935 0.0933355 0.122583 1.12878
-1 1530613041.395595 0.093193 0.122652 1.12879
-1 1530613041.405975 0.0930384 0.122721 1.1288
-1 1530613041.412298 0.0928717 0.122792 1.12882
-1 1530613041.423733 0.0927891 0.12283 1.12883
-1 1530613041.432674 0.0925498 0.122945 1.12885
-1 1530613041.439134 0.0924026 0.123012 1.12886
-1 1530613041.448336 0.0922618 0.123073 1.12886
-1 1530613041.452360 0.092193 0.123101 1.12886
-1 1530613041.460498 0.0920569 0.123151 1.12886
-1 1530613041.467794 0.0919881 0.123176 1.12886
-1 1530613041.474563 0.0918395 0.123228 1.12886
-1 1530613041.480645 0.0917597 0.123255 1.12886
-1 1530613041.489908 0.0915888 0.123323 1.12887
-1 1530613041.499671 0.0914108 0.123404 1.12888
-1 1530613041.507463 0.0912293 0.123494 1.12889
-1 1530613041.519443 0.0910416 0.123591 1.12889
-1 1530613041.528940 0.0908398 0.12368 1.1289
-1 1530613041.533894 0.0907391 0.123727 1.1289
-1 1530613041.539648 0.0906395 0.123778 1.12891
-1 1530613041.548936 0.0905414 0.123834 1.12891
-1 1530613041.560399 0.09026 0.124015 1.12892
-1 1530613041.578102 0.0899214 0.12427 1.12894
-1 1530613041.585369 0.0897625 0.124399 1.12894
-1 1530613041.604116 0.0894506 0.124641 1.12893
-1 1530613041.611353 0.0892077 0.124796 1.12892
-1 1530613041.617114 0.0890387 0.124886 1.12892
-1 1530613041.643582 0.0883764 0.125203 1.12886
-1 1530613041.657286 0.0880688 0.125374 1.12883
-1 1530613041.663670 0.0877351 0.125578 1.12881
-1 1530613041.672668 0.0874997 0.125725 1.12881
-1 1530613041.679001 0.087262 0.125868 1.1288
-1 1530613041.696533 0.0868138 0.12613 1.12881
-1 1530613041.702684 0.0866023 0.126272 1.12882
-1 1530613041.716787 0.0863022 0.126513 1.12883
-1 1530613041.722590 0.0862025 0.126593 1.12884
-1 1530613041.733466 0.0859976 0.126753 1.12885
-1 1530613041.750342 0.0855788 0.127058 1.12888
-1 1530613041.766352 0.0850392 0.127375 1.12892
-1 1530613041.781902 0.0848241 0.127484 1.12893
-1 1530613041.790609 0.0844092 0.127663 1.12895
-1 1530613041.801401 0.0841067 0.127777 1.12897
-1 1530613041.825416 0.0835082 0.128021 1.12901
-1 1530613041.839047 0.0831956 0.128157 1.12903
-1 1530613041.849217 0.0828775 0.128296 1.12906
-1 1530613041.853301 0.0827716 0.128342 1.12907
-1 1530613041.861789 0.0825606 0.128428 1.12908
-1 1530613041.871091 0.0823581 0.128518 1.12911
-1 1530613041.878602 0.0822606 0.128567 1.12912
-1 1530613041.882236 0.0821631 0.12862 1.12913
-1 1530613041.887125 0.0820639 0.128673 1.12914
-1 1530613041.895432 0.0818689 0.12878 1.12917
-1 1530613041.903827 0.0816962 0.128891 1.1292
-1 1530613041.911801 0.0815312 0.129002 1.12924
-1 1530613041.920480 0.0813772 0.129103 1.12928
-1 1530613041.930684 0.0812444 0.129195 1.12932
-1 1530613041.942066 0.0810799 0.129315 1.12938
-1 1530613041.948277 0.0809844 0.129378 1.12941
-1 1530613041.952356 0.0809363 0.129407 1.12943
-1 1530613041.958002 0.0808916 0.129436 1.12945
-1 1530613041.966594 0.0808484 0.129463 1.12946
-1 1530613041.971915 0.0807668 0.129507 1.1295
-1 1530613041.984184 0.0806486 0.129566 1.12955
-1 1530613041.987478 0.0806095 0.129592 1.12957
-1 1530613041.996408 0.0805371 0.129649 1.12961
-1 1530613042.010389 0.0804438 0.129734 1.12967
-1 1530613042.014962 0.0804138 0.129767 1.12969
-1 1530613042.021941 0.0803835 0.129801 1.12971
-1 1530613042.027329 0.0803321 0.129862 1.12976
-1 1530613042.032736 0.0803092 0.129892 1.12978
-1 1530613042.040867 0.0802554 0.129952 1.12982
-1 1530613042.050966 0.0801665 0.130062 1.1299
-1 1530613042.064204 0.0801014 0.130142 1.12997
-1 1530613042.077147 0.0800652 0.130196 1.13005
-1 1530613042.084962 0.0800446 0.130223 1.13011
-1 1530613042.095020 0.0800267 0.130265 1.13017
-1 1530613042.104382 0.0800075 0.130342 1.13026
-1 1530613042.115360 0.0799916 0.130449 1.13036
-1 1530613042.126527 0.0799825 0.13052 1.13043
-1 1530613042.134950 0.0799737 0.130636 1.13052
-1 1530613042.143529 0.0799776 0.130709 1.13058
-1 1530613042.150961 0.0799849 0.130744 1.13061
-1 1530613042.159809 0.0800163 0.130846 1.1307
-1 1530613042.176086 0.0800794 0.13095 1.13079
-1 1530613042.185968 0.0801736 0.131058 1.13088
-1 1530613042.190383 0.0802097 0.131093 1.13091
-1 1530613042.194317 0.0802461 0.131131 1.13094
-1 1530613042.199197 0.080286 0.13117 1.13097
-1 1530613042.208191 0.0803265 0.131208 1.13099
-1 1530613042.216402 0.0804383 0.13132 1.13108
-1 1530613042.223095 0.0805042 0.131387 1.13113
-1 1530613042.227409 0.0805347 0.131419 1.13116
-1 1530613042.241955 0.0806152 0.13151 1.13122
-1 1530613042.249593 0.0806549 0.131575 1.13127
-1 1530613042.260734 0.0807087 0.131716 1.13133
-1 1530613042.265105 0.0807272 0.131772 1.13136
-1 1530613042.268745 0.0807452 0.131827 1.13138
-1 1530613042.274303 0.0807677 0.13188 1.1314
-1 1530613042.283373 0.0808202 0.131985 1.13144
-1 1530613042.290476 0.0808853 0.132089 1.13148
-1 1530613042.294164 0.0809194 0.13214 1.13149
-1 1530613042.299052 0.0809559 0.132189 1.13151
-1 1530613042.308954 0.0810373 0.13228 1.13154
-1 1530613042.316442 0.0811201 0.132372 1.13158
-1 1530613042.323224 0.0811994 0.132478 1.13162
-1 1530613042.326842 0.0812376 0.132525 1.13164
-1 1530613042.336962 0.0812762 0.132572 1.13165
-1 1530613042.347173 0.0814231 0.132712 1.1317
-1 1530613042.359869 0.0816115 0.132841 1.13174
-1 1530613042.368871 0.0818166 0.132953 1.13177
-1 1530613042.375757 0.0819602 0.133025 1.13178
-1 1530613042.379839 0.0820339 0.133062 1.13178
-1 1530613042.388720 0.082176 0.13314 1.13179
-1 1530613042.396230 0.0823047 0.133229 1.1318
-1 1530613042.403750 0.0824216 0.133329 1.13181
-1 1530613042.416794 0.0825835 0.133495 1.13181
-1 1530613042.425149 0.0826988 0.133612 1.1318
-1 1530613042.431825 0.0828216 0.133721 1.1318
-1 1530613042.435990 0.0828855 0.133769 1.13179
-1 1530613042.447323 0.083022 0.133849 1.13178
-1 1530613042.455848 0.083236 0.13394 1.13176
-1 1530613042.469612 0.0834538 0.134 1.13174
-1 1530613042.478286 0.083604 0.134038 1.13172
-1 1530613042.483361 0.0837612 0.134072 1.13171
-1 1530613042.493876 0.0839258 0.134105 1.13168
-1 1530613042.505850 0.0840966 0.134135 1.13165
-1 1530613042.509113 0.0842721 0.134186 1.13162
-1 1530613042.521752 0.0845342 0.134273 1.13157
-1 1530613042.530360 0.0847064 0.134337 1.13153
-1 1530613042.537965 0.0848736 0.134394 1.13149
-1 1530613042.550608 0.085044 0.134445 1.13145
-1 1530613042.559730 0.0853094 0.134514 1.13139
-1 1530613042.568717 0.0854918 0.134556 1.13135
-1 1530613042.573546 0.0856779 0.134594 1.13131
-1 1530613042.582624 0.0858646 0.134628 1.13127
-1 1530613042.593218 0.0860538 0.134653 1.13123
-1 1530613042.601336 0.086334 0.134663 1.13116
-1 1530613042.605518 0.0864261 0.134664 1.13114
-1 1530613042.617005 0.0866144 0.134665 1.13109
-1 1530613042.621662 0.0868095 0.134673 1.13104
-1 1530613042.630718 0.0870067 0.134683 1.13098
-1 1530613042.640138 0.0874017 0.134703 1.13087
