-1 1528712825.282925 0.117133 0.127412 1.07008
-1 1528712825.299297 0.117058 0.127447 1.07009
-1 1528712825.313661 0.11703 0.127459 1.07009
-1 1528712825.326299 0.116996 0.127491 1.0701
-1 1528712825.330317 0.116984 0.1275 1.0701
-1 1528712825.343654 0.116941 0.12753 1.0701
-1 1528712825.354246 0.116896 0.12756 1.0701
-1 1528712825.360159 0.116762 0.127519 1.07007
-1 1528712825.367382 0.116757 0.12753 1.07007
-1 1528712825.381605 0.116733 0.127566 1.07007
-1 1528712825.391031 0.116716 0.127586 1.07007
-1 1528712825.400027 0.116694 0.127617 1.07007
-1 1528712825.405587 0.116687 0.127637 1.07007
-1 1528712825.432142 0.11668 0.127652 1.07007
-1 1528712825.441177 0.116655 0.127677 1.07007
-1 1528712825.453438 0.11665 0.127685 1.07007
-1 1528712825.459552 0.116586 0.127731 1.07005
-1 1528712825.477944 0.11656 0.127782 1.07005
-1 1528712825.495046 0.116527 0.127874 1.07003
-1 1528712825.505257 0.116524 0.127893 1.07003
-1 1528712825.518341 0.11653 0.127915 1.07002
-1 1528712825.527901 0.116538 0.127925 1.07002
-1 1528712825.537542 0.116552 0.127947 1.07001
-1 1528712825.544871 0.11657 0.12796 1.07001
-1 1528712825.552032 0.116587 0.127968 1.07001
-1 1528712825.567096 0.116548 0.128039 1.07
-1 1528712825.575885 0.116537 0.128056 1.06999
-1 1528712825.587277 0.116539 0.128064 1.06999
-1 1528712825.599641 0.11656 0.128077 1.06999
-1 1528712825.607192 0.116588 0.128089 1.06999
-1 1528712825.615531 0.11664 0.128108 1.06998
-1 1528712825.623766 0.116683 0.128124 1.06998
-1 1528712825.630881 0.116733 0.128149 1.06998
-1 1528712825.638580 0.116782 0.128187 1.06998
-1 1528712825.643056 0.116807 0.128208 1.06998
-1 1528712825.650071 0.116858 0.128254 1.06998
-1 1528712825.656697 0.11697 0.12837 1.06998
-1 1528712825.663631 0.116979 0.128413 1.06998
-1 1528712825.673693 0.116979 0.128439 1.06998
-1 1528712825.692236 0.117003 0.128481 1.06998
-1 1528712825.699352 0.117051 0.128548 1.06997
-1 1528712825.707750 0.117115 0.128651 1.06996
-1 1528712825.719867 0.117137 0.128692 1.06996
-1 1528712825.729005 0.117215 0.128844 1.06995
-1 1528712825.735820 0.117271 0.128968 1.06994
-1 1528712825.747596 0.117325 0.129104 1.06993
-1 1528712825.760863 0.117492 0.129428 1.06992
-1 1528712825.769320 0.117513 0.129611 1.06989
-1 1528712825.778476 0.11752 0.129673 1.06988
-1 1528712825.785175 0.117537 0.129809 1.06986
-1 1528712825.797124 0.117567 0.130031 1.06983
-1 1528712825.809411 0.117587 0.130276 1.06979
-1 1528712825.819389 0.117623 0.130529 1.06976
-1 1528712825.826429 0.117659 0.130705 1.06973
-1 1528712825.832708 0.117681 0.130794 1.06972
-1 1528712825.840254 0.117737 0.130974 1.0697
-1 1528712825.847122 0.117809 0.131163 1.06968
-1 1528712825.853504 0.117902 0.131416 1.06965
-1 1528712825.870162 0.117936 0.131595 1.06963
-1 1528712825.879991 0.117985 0.131886 1.0696
-1 1528712825.891375 0.118025 0.132213 1.06956
-1 1528712825.900983 0.118052 0.132444 1.06954
-1 1528712825.908746 0.118092 0.132692 1.06952
-1 1528712825.916669 0.118141 0.132955 1.0695
-1 1528712825.928611 0.118194 0.13323 1.06948
-1 1528712825.933689 0.118253 0.133516 1.06946
-1 1528712825.939502 0.118321 0.133815 1.06944
-1 1528712825.946130 0.118357 0.133968 1.06943
-1 1528712825.952486 0.11843 0.134283 1.06941
-1 1528712825.957961 0.118471 0.134469 1.0694
-1 1528712825.969526 0.118547 0.134957 1.06936
-1 1528712825.980837 0.118631 0.13546 1.06932
-1 1528712825.986837 0.118659 0.135632 1.06931
-1 1528712826.017201 0.118862 0.136924 1.0692
-1 1528712826.024059 0.118923 0.137324 1.06917
-1 1528712826.028103 0.118955 0.13753 1.06916
-1 1528712826.042001 0.119058 0.138162 1.06912
-1 1528712826.050231 0.119096 0.138379 1.0691
-1 1528712826.058447 0.119219 0.139053 1.06906
-1 1528712826.067484 0.119272 0.139509 1.06903
-1 1528712826.079948 0.119354 0.140204 1.06899
-1 1528712826.086884 0.119383 0.140437 1.06897
-1 1528712826.091954 0.119448 0.140904 1.06894
-1 1528712826.111889 0.119578 0.141883 1.06888
-1 1528712826.121085 0.119671 0.142646 1.06883
-1 1528712826.124817 0.119705 0.142906 1.06881
-1 1528712826.132320 0.119775 0.143431 1.06878
-1 1528712826.141396 0.119848 0.143968 1.06874
-1 1528712826.154194 0.119923 0.144527 1.06871
-1 1528712826.166999 0.120062 0.145687 1.06864
-1 1528712826.178960 0.120141 0.146582 1.06858
-1 1528712826.190880 0.120238 0.147522 1.06852
-1 1528712826.202188 0.120277 0.147843 1.06849
-1 1528712826.208946 0.120402 0.148819 1.06842
-1 1528712826.215775 0.12049 0.149483 1.06837
-1 1528712826.226608 0.120584 0.150156 1.06831
-1 1528712826.245367 0.120674 0.150836 1.06826
-1 1528712826.253897 0.120887 0.152643 1.06811
-1 1528712826.261688 0.120991 0.153362 1.06806
-1 1528712826.268706 0.121081 0.154103 1.068
-1 1528712826.276198 0.121126 0.154482 1.06797
-1 1528712826.282458 0.121221 0.155255 1.06791
-1 1528712826.295986 0.12136 0.156435 1.06781
-1 1528712826.307170 0.121494 0.157629 1.06771
-1 1528712826.320554 0.121574 0.15843 1.06763
-1 1528712826.338313 0.121673 0.15964 1.06752
-1 1528712826.343143 0.121727 0.160452 1.06744
-1 1528712826.355321 0.121778 0.16127 1.06737
-1 1528712826.363458 0.121881 0.162474 1.06725
-1 1528712826.368845 0.121973 0.163209 1.06717
-1 1528712826.374722 0.122063 0.163979 1.06709
-1 1528712826.404007 0.122197 0.165196 1.06696
-1 1528712826.412706 0.122467 0.167769 1.06669
-1 1528712826.425254 0.12259 0.169102 1.06655
-1 1528712826.436929 0.122706 0.170455 1.06641
-1 1528712826.443961 0.122781 0.171362 1.06631
-1 1528712826.456564 0.122914 0.172719 1.06615
-1 1528712826.469959 0.123 0.173574 1.06605
-1 1528712826.474917 0.123073 0.174457 1.06595
-1 1528712826.485216 0.123179 0.17582 1.06578
-1 1528712826.498761 0.123245 0.176743 1.06567
-1 1528712826.509573 0.123331 0.178129 1.0655
-1 1528712826.517788 0.123387 0.179061 1.06538
-1 1528712826.536094 0.123506 0.180938 1.06514
-1 1528712826.545887 0.123598 0.18236 1.06495
-1 1528712826.552216 0.12365 0.183316 1.06483
-1 1528712826.560545 0.123707 0.183761 1.06477
-1 1528712826.571104 0.123773 0.185057 1.06459
-1 1528712826.578111 0.123806 0.185948 1.06447
-1 1528712826.584728 0.12382 0.186401 1.06441
-1 1528712826.596580 0.123863 0.187789 1.06423
-1 1528712826.604308 0.123916 0.1892 1.06404
-1 1528712826.618732 0.123958 0.190148 1.06393
-1 1528712826.631682 0.124006 0.191558 1.0638
-1 1528712826.638952 0.124035 0.192949 1.0637
-1 1528712826.647786 0.124045 0.193411 1.06367
-1 1528712826.655531 0.124067 0.194336 1.06361
-1 1528712826.662817 0.124154 0.195139 1.06357
-1 1528712826.668762 0.124209 0.195957 1.06353
-1 1528712826.675968 0.124238 0.196376 1.06351
-1 1528712826.682870 0.124299 0.197236 1.06346
-1 1528712826.692842 0.12433 0.197676 1.06344
-1 1528712826.700712 0.12441 0.19903 1.06338
-1 1528712826.711254 0.124467 0.20041 1.06333
-1 1528712826.723837 0.124498 0.20133 1.0633
-1 1528712826.732726 0.124538 0.202703 1.06326
-1 1528712826.749648 0.124593 0.204055 1.06322
-1 1528712826.757337 0.124756 0.205671 1.06318
-1 1528712826.780600 0.124782 0.206049 1.06317
-1 1528712826.787319 0.124881 0.208425 1.0631
-1 1528712826.800017 0.124893 0.208823 1.06308
-1 1528712826.814004 0.12493 0.210007 1.06303
-1 1528712826.828897 0.124966 0.211558 1.06295
-1 1528712826.853804 0.125007 0.2131 1.06286
-1 1528712826.865632 0.125105 0.215118 1.06273
-1 1528712826.873999 0.125107 0.215754 1.06269
-1 1528712826.880605 0.12511 0.21642 1.06265
-1 1528712826.893142 0.125112 0.216759 1.06263
-1 1528712826.902303 0.125119 0.217786 1.06257
-1 1528712826.909311 0.125134 0.218807 1.06252
-1 1528712826.917962 0.125147 0.219144 1.0625
-1 1528712826.932384 0.12522 0.220153 1.06243
-1 1528712826.940288 0.125332 0.22117 1.06235
-1 1528712826.946354 0.125376 0.221511 1.06233
-1 1528712826.965243 0.125571 0.223051 1.06219
-1 1528712826.977496 0.125627 0.223664 1.06213
-1 1528712826.988159 0.125711 0.224576 1.06205
-1 1528712826.994201 0.125754 0.225153 1.062
-1 1528712827.002379 0.125804 0.225705 1.06196
-1 1528712827.020850 0.12592 0.226775 1.06189
-1 1528712827.027113 0.125976 0.227297 1.06185
-1 1528712827.038977 0.126005 0.227558 1.06184
-1 1528712827.049541 0.126135 0.228603 1.06176
-1 1528712827.069591 0.126267 0.229606 1.06166
-1 1528712827.079419 0.126346 0.23038 1.06158
-1 1528712827.087288 0.126408 0.230893 1.06151
-1 1528712827.097115 0.126467 0.231401 1.06146
-1 1528712827.104183 0.126525 0.231899 1.0614
-1 1528712827.111327 0.126555 0.232142 1.06137
-1 1528712827.124269 0.126665 0.232854 1.06127
-1 1528712827.131007 0.126815 0.233561 1.06117
-1 1528712827.142531 0.126929 0.234039 1.0611
-1 1528712827.149039 0.127045 0.234521 1.06102
-1 1528712827.160870 0.127195 0.234936 1.06094
-1 1528712827.166677 0.12729 0.235361 1.06086
-1 1528712827.175695 0.127385 0.235794 1.06078
-1 1528712827.201517 0.12753 0.236444 1.06067
-1 1528712827.228617 0.127936 0.238662 1.06026
-1 1528712827.235581 0.128021 0.239084 1.06018
-1 1528712827.248063 0.12812 0.239503 1.0601
-1 1528712827.266304 0.128275 0.24009 1.05997
-1 1528712827.277630 0.128336 0.240838 1.05981
-1 1528712827.283726 0.128378 0.24123 1.05973
-1 1528712827.290874 0.128418 0.241621 1.05965
-1 1528712827.303572 0.128472 0.242202 1.05954
-1 1528712827.319170 0.128531 0.242773 1.05944
-1 1528712827.326703 0.128574 0.243145 1.05938
-1 1528712827.353372 0.128665 0.244063 1.05923
-1 1528712827.369545 0.128629 0.244926 1.05908
-1 1528712827.380001 0.128546 0.245451 1.05899
-1 1528712827.393239 0.128498 0.245954 1.05891
-1 1528712827.406537 0.128448 0.246571 1.05881
-1 1528712827.416159 0.12842 0.246866 1.05876
-1 1528712827.458015 0.12839 0.247157 1.05872
-1 1528712827.484304 0.128109 0.24919 1.05846
-1 1528712827.550407 0.128102 0.251017 1.05816
-1 1528712827.560873 0.128092 0.251226 1.05812
-1 1528712827.590766 0.128074 0.251549 1.05804
-1 1528712827.594640 0.128032 0.252265 1.05787
-1 1528712827.601666 0.128005 0.252476 1.05783
-1 1528712827.613149 0.127977 0.2527 1.05779
-1 1528712827.617700 0.127954 0.25293 1.05775
-1 1528712827.624055 0.127946 0.253044 1.05773
-1 1528712827.670753 0.127968 0.254128 1.05752
-1 1528712827.690109 0.127939 0.25442 1.05747
-1 1528712827.697102 0.127935 0.254766 1.05741
-1 1528712827.702380 0.127935 0.254936 1.05738
-1 1528712827.717067 0.12794 0.255193 1.05732
-1 1528712827.740563 0.127996 0.255705 1.05723
-1 1528712827.756824 0.128021 0.255866 1.0572
-1 1528712827.772473 0.127983 0.256223 1.05712
-1 1528712827.780684 0.127976 0.256455 1.05706
-1 1528712827.791939 0.128026 0.256651 1.05701
-1 1528712827.799542 0.128046 0.256768 1.05698
-1 1528712827.819768 0.128086 0.256987 1.05692
-1 1528712827.829915 0.128106 0.257192 1.05688
-1 1528712827.843323 0.128113 0.257243 1.05687
-1 1528712827.855008 0.128153 0.257387 1.05683
-1 1528712827.862015 0.128178 0.257559 1.05678
-1 1528712827.867977 0.128166 0.257675 1.05674
-1 1528712827.879965 0.128166 0.257807 1.05672
-1 1528712827.891793 0.128173 0.258028 1.05669
-1 1528712827.897694 0.128185 0.258184 1.05667
-1 1528712827.907194 0.128196 0.258338 1.05666
-1 1528712827.918213 0.128197 0.258557 1.05664
-1 1528712827.928604 0.128186 0.258691 1.05663
-1 1528712827.940028 0.128167 0.258819 1.05662
-1 1528712827.963158 0.128034 0.259259 1.05658
-1 1528712827.971239 0.127908 0.259409 1.05657
-1 1528712827.983999 0.127785 0.25965 1.05655
-1 1528712827.993813 0.127739 0.259812 1.05654
-1 1528712828.002197 0.12771 0.259975 1.05652
-1 1528712828.010052 0.127691 0.26014 1.05651
-1 1528712828.018343 0.127664 0.260389 1.05649
-1 1528712828.026796 0.127655 0.260469 1.05649
-1 1528712828.036792 0.12763 0.260685 1.05647
-1 1528712828.051408 0.127628 0.26089 1.05645
-1 1528712828.058463 0.127601 0.261066 1.05643
-1 1528712828.070781 0.12742 0.261247 1.0564
-1 1528712828.081912 0.127336 0.261355 1.05639
-1 1528712828.085361 0.12728 0.261461 1.05638
-1 1528712828.095250 0.127244 0.261566 1.05636
-1 1528712828.106562 0.12722 0.261718 1.05634
-1 1528712828.118261 0.127212 0.261816 1.05632
-1 1528712828.125200 0.12721 0.261918 1.05631
-1 1528712828.127549 0.127211 0.26197 1.0563
-1 1528712828.137312 0.127216 0.262078 1.05628
-1 1528712828.147289 0.127227 0.262187 1.05627
-1 1528712828.156806 0.127247 0.262285 1.05625
-1 1528712828.162535 0.127227 0.262379 1.05623
-1 1528712828.180247 0.127172 0.262411 1.0562
-1 1528712828.187313 0.127201 0.262422 1.05618
-1 1528712828.200915 0.12724 0.262448 1.05616
-1 1528712828.211705 0.127305 0.262586 1.05612
-1 1528712828.218200 0.127321 0.262628 1.05612
-1 1528712828.230881 0.127381 0.262814 1.05608
-1 1528712828.238070 0.127391 0.262864 1.05607
-1 1528712828.246331 0.127408 0.262965 1.05605
-1 1528712828.254985 0.127444 0.26312 1.05601
-1 1528712828.268911 0.127419 0.263203 1.05598
-1 1528712828.279899 0.127444 0.263341 1.05594
-1 1528712828.290255 0.127505 0.263482 1.0559
-1 1528712828.299739 0.127528 0.263539 1.05589
-1 1528712828.310165 0.127608 0.263735 1.05586
-1 1528712828.316216 0.127662 0.263868 1.05584
-1 1528712828.327466 0.127718 0.263991 1.05582
-1 1528712828.333574 0.127776 0.264104 1.0558
-1 1528712828.341104 0.127834 0.26421 1.05578
-1 1528712828.350815 0.127923 0.264354 1.05575
-1 1528712828.358207 0.12796 0.264428 1.05572
-1 1528712828.360827 0.127952 0.264468 1.05571
-1 1528712828.370689 0.127964 0.264538 1.05567
-1 1528712828.377491 0.127996 0.264606 1.05564
-1 1528712828.388649 0.12804 0.264675 1.05561
-1 1528712828.396136 0.128087 0.264737 1.05559
-1 1528712828.408643 0.128186 0.264847 1.05555
-1 1528712828.421063 0.128209 0.264876 1.05554
-1 1528712828.430275 0.128323 0.265039 1.05552
-1 1528712828.437472 0.128354 0.265101 1.05551
-1 1528712828.450952 0.128416 0.265256 1.0555
-1 1528712828.456919 0.128521 0.265566 1.05548
-1 1528712828.463483 0.128537 0.265655 1.05547
-1 1528712828.482396 0.128597 0.265924 1.05545
-1 1528712828.489009 0.128658 0.266172 1.05542
-1 1528712828.495212 0.128709 0.266317 1.0554
-1 1528712828.506944 0.128769 0.266441 1.05538
-1 1528712828.519478 0.128935 0.266657 1.05533
-1 1528712828.525794 0.128982 0.266711 1.05533
-1 1528712828.530921 0.129096 0.266822 1.05531
-1 1528712828.535622 0.129167 0.266879 1.0553
-1 1528712828.545373 0.129301 0.267016 1.0553
-1 1528712828.556072 0.129446 0.267287 1.05528
-1 1528712828.577038 0.129447 0.267473 1.05527
-1 1528712828.582008 0.129494 0.267822 1.05526
-1 1528712828.606223 0.12956 0.268054 1.05524
-1 1528712828.616797 0.129706 0.268357 1.05519
-1 1528712828.637713 0.129866 0.26855 1.05511
-1 1528712828.655502 0.129992 0.268674 1.05506
-1 1528712828.663514 0.129997 0.268763 1.05502
-1 1528712828.686196 0.129982 0.268837 1.05498
-1 1528712828.704540 0.130035 0.268988 1.05489
-1 1528712828.721528 0.13013 0.269086 1.05483
-1 1528712828.733199 0.130196 0.269177 1.05477
-1 1528712828.754429 0.130249 0.269227 1.05473
-1 1528712828.771014 0.130274 0.269317 1.05464
-1 1528712828.776938 0.130278 0.269335 1.05461
-1 1528712828.790332 0.130306 0.269369 1.05457
-1 1528712828.807084 0.130363 0.269554 1.05455
-1 1528712828.820130 0.130382 0.269755 1.05455
-1 1528712828.829157 0.130385 0.269923 1.05455
-1 1528712828.848375 0.130389 0.270108 1.05456
-1 1528712828.853482 0.130408 0.270462 1.05455
-1 1528712828.870617 0.130341 0.270719 1.05452
-1 1528712828.881233 0.130306 0.270864 1.0545
-1 1528712828.899672 0.130302 0.270992 1.05447
-1 1528712828.906832 0.130309 0.271036 1.05446
-1 1528712828.914565 0.130323 0.271063 1.05445
-1 1528712828.929332 0.130354 0.271089 1.05444
-1 1528712828.938527 0.130387 0.271112 1.05444
-1 1528712828.945687 0.130404 0.271129 1.05444
-1 1528712828.953311 0.130417 0.271151 1.05444
-1 1528712828.963308 0.130354 0.271214 1.05442
-1 1528712828.976341 0.130288 0.271267 1.05441
-1 1528712828.986183 0.130272 0.27132 1.05439
-1 1528712829.000072 0.130276 0.271372 1.05438
-1 1528712829.007205 0.130288 0.271428 1.05437
-1 1528712829.017827 0.130291 0.271446 1.05436
-1 1528712829.050714 0.130286 0.271563 1.05435
-1 1528712829.057770 0.130253 0.271659 1.05434
-1 1528712829.067050 0.13014 0.271772 1.05433
-1 1528712829.082480 0.130111 0.271809 1.05432
-1 1528712829.096124 0.129996 0.271974 1.05431
-1 1528712829.104169 0.129926 0.272099 1.05431
-1 1528712829.114220 0.129896 0.272187 1.0543
-1 1528712829.127115 0.129876 0.272326 1.0543
-1 1528712829.139834 0.12988 0.272498 1.05429
-1 1528712829.146330 0.12988 0.272636 1.05428
-1 1528712829.153161 0.12987 0.272795 1.05428
-1 1528712829.168344 0.129751 0.273126 1.05427
-1 1528712829.185326 0.129636 0.273544 1.05426
-1 1528712829.207859 0.129676 0.274008 1.05369
-1 1528712829.222078 0.12984 0.274219 1.05372
-1 1528712829.231217 0.129923 0.274299 1.05376
-1 1528712829.238065 0.130003 0.274375 1.05382
-1 1528712829.245644 0.130086 0.274458 1.05388
-1 1528712829.251453 0.130179 0.274556 1.05394
-1 1528712829.264024 0.130246 0.274819 1.05402
-1 1528712829.275362 0.130298 0.274992 1.05406
-1 1528712829.294609 0.13042 0.275443 1.05413
-1 1528712829.305869 0.13047 0.275628 1.05415
-1 1528712829.317207 0.130545 0.2759 1.05418
-1 1528712829.338447 0.130657 0.276158 1.05425
-1 1528712829.351415 0.130895 0.276507 1.05438
-1 1528712829.360205 0.131041 0.276695 1.05446
-1 1528712829.367150 0.131121 0.276948 1.05452
-1 1528712829.376521 0.131288 0.27727 1.0546
-1 1528712829.391326 0.131519 0.277553 1.05468
-1 1528712829.398823 0.131641 0.277635 1.05471
-1 1528712829.409404 0.131778 0.27769 1.05475
-1 1528712829.415143 0.131924 0.277746 1.05478
-1 1528712829.428621 0.13208 0.277821 1.0548
-1 1528712829.440598 0.132353 0.277958 1.05481
-1 1528712829.446234 0.132561 0.278064 1.05479
-1 1528712829.452235 0.132791 0.278174 1.05477
-1 1528712829.460177 0.132927 0.278355 1.05473
-1 1528712829.467163 0.133002 0.278438 1.05471
-1 1528712829.477324 0.133237 0.278672 1.05465
-1 1528712829.488674 0.133463 0.278876 1.05458
-1 1528712829.497641 0.133534 0.278938 1.05456
-1 1528712829.513866 0.133825 0.279172 1.05446
-1 1528712829.535770 0.13405 0.279367 1.05439
-1 1528712829.550114 0.134424 0.279679 1.05431
-1 1528712829.567677 0.134562 0.279926 1.05429
-1 1528712829.589950 0.13468 0.280049 1.05428
-1 1528712829.600804 0.134797 0.280115 1.05425
-1 1528712829.606365 0.134897 0.280166 1.05421
-1 1528712829.618286 0.13496 0.280194 1.05419
-1 1528712829.625209 0.13503 0.280224 1.05416
-1 1528712829.637138 0.135137 0.280282 1.05411
-1 1528712829.650354 0.13521 0.280329 1.05408
-1 1528712829.662223 0.13528 0.280476 1.054
-1 1528712829.680144 0.135338 0.280569 1.05396
-1 1528712829.687044 0.135458 0.280632 1.05392
-1 1528712829.697477 0.135555 0.280661 1.05389
-1 1528712829.732997 0.135827 0.280774 1.05378
-1 1528712829.742927 0.136045 0.280878 1.05364
-1 1528712829.752744 0.136121 0.280909 1.0536
-1 1528712829.767124 0.136109 0.280981 1.05355
-1 1528712829.773283 0.136139 0.281055 1.0535
-1 1528712829.782853 0.136193 0.281082 1.05347
-1 1528712829.788082 0.136268 0.281088 1.05344
-1 1528712829.797166 0.136315 0.281084 1.05343
-1 1528712829.809115 0.136486 0.281066 1.05283
-1 1528712829.811650 0.136549 0.281068 1.05281
-1 1528712829.818914 0.136688 0.281065 1.05279
-1 1528712829.827785 0.13676 0.281069 1.05229
-1 1528712829.835145 0.136913 0.281088 1.05226
-1 1528712829.847169 0.137154 0.281098 1.05227
-1 1528712829.858549 0.137329 0.281147 1.05232
-1 1528712829.869956 0.137388 0.281258 1.0524
-1 1528712829.877452 0.137421 0.281286 1.05243
-1 1528712829.883493 0.137499 0.281347 1.0525
-1 1528712829.890386 0.137578 0.281419 1.05256
-1 1528712829.899367 0.137663 0.281491 1.05261
-1 1528712829.919161 0.137838 0.281598 1.05271
-1 1528712829.940282 0.138094 0.281616 1.05291
-1 1528712829.946834 0.138207 0.281607 1.05301
-1 1528712829.953824 0.138321 0.281613 1.05309
-1 1528712829.962731 0.138292 0.281705 1.05316
-1 1528712829.969025 0.13827 0.281789 1.0532
-1 1528712829.996066 0.138265 0.281829 1.05321
-1 1528712830.023090 0.138928 0.28188 1.05337
-1 1528712830.048593 0.139173 0.281796 1.05349
-1 1528712830.055704 0.139433 0.28173 1.0538
-1 1528712830.061570 0.139401 0.281838 1.05391
-1 1528712830.074750 0.139342 0.282011 1.05408
-1 1528712830.099131 0.139244 0.282314 1.05435
-1 1528712830.107751 0.13925 0.282415 1.05453
-1 1528712830.118291 0.139351 0.282435 1.0547
-1 1528712830.128549 0.139477 0.282432 1.05483
-1 1528712830.135519 0.139658 0.28243 1.05494
-1 1528712830.147506 0.139884 0.28243 1.05506
-1 1528712830.158448 0.140226 0.28245 1.05525
-1 1528712830.170373 0.140624 0.282429 1.05553
-1 1528712830.177512 0.14078 0.282389 1.05565
-1 1528712830.191698 0.141301 0.282227 1.05603
-1 1528712830.198959 0.141851 0.282094 1.05645
-1 1528712830.205131 0.142164 0.282055 1.05673
-1 1528712830.219591 0.142417 0.28207 1.057
-1 1528712830.227862 0.142601 0.282138 1.05726
-1 1528712830.318324 0.142589 0.282954 1.059
-1 1528712830.328673 0.143025 0.28302 1.05985
-1 1528712830.339110 0.143194 0.283115 1.06013
-1 1528712830.369368 0.143397 0.283456 1.06059
-1 1528712830.376383 0.14348 0.283557 1.0607
-1 1528712830.398003 0.143673 0.283641 1.06087
-1 1528712830.406909 0.144145 0.283664 1.06116
-1 1528712830.417242 0.144349 0.283647 1.06128
-1 1528712830.428415 0.144551 0.283617 1.06139
-1 1528712830.436376 0.144757 0.283569 1.0615
-1 1528712830.447608 0.145051 0.283461 1.06162
-1 1528712830.453265 0.145238 0.283377 1.06169
-1 1528712830.462230 0.145371 0.283412 1.06174
-1 1528712830.468538 0.145516 0.283416 1.06179
-1 1528712830.476969 0.145591 0.283419 1.06182
-1 1528712830.485143 0.145738 0.283431 1.06187
-1 1528712830.491357 0.145882 0.283456 1.06192
-1 1528712830.508083 0.146138 0.283564 1.06201
-1 1528712830.517416 0.146246 0.283629 1.06204
-1 1528712830.528092 0.146342 0.28369 1.06208
-1 1528712830.535567 0.146465 0.283757 1.06214
-1 1528712830.547951 0.146535 0.283789 1.06218
-1 1528712830.552171 0.146568 0.283802 1.06221
-1 1528712830.565840 0.146568 0.283949 1.06229
-1 1528712830.579438 0.14654 0.284078 1.06237
-1 1528712830.584964 0.146509 0.284145 1.06242
-1 1528712830.601047 0.146452 0.284202 1.06247
-1 1528712830.608674 0.146419 0.284184 1.0625
-1 1528712830.619802 0.146443 0.284087 1.06253
-1 1528712830.626492 0.146472 0.284044 1.06253
-1 1528712830.638592 0.146546 0.283954 1.06255
-1 1528712830.646818 0.146677 0.283851 1.06258
-1 1528712830.655532 0.146787 0.283871 1.0626
-1 1528712830.666758 0.146819 0.283933 1.06261
-1 1528712830.676025 0.146857 0.283987 1.06261
-1 1528712830.682838 0.146899 0.284033 1.0626
-1 1528712830.707091 0.146964 0.284079 1.06257
-1 1528712830.713383 0.147045 0.284113 1.06253
-1 1528712830.729787 0.147135 0.284086 1.06249
-1 1528712830.738359 0.147197 0.284048 1.06246
-1 1528712830.745541 0.147267 0.283997 1.06243
-1 1528712830.757611 0.147345 0.283969 1.06238
-1 1528712830.767686 0.147356 0.283969 1.06234
-1 1528712830.779809 0.147393 0.283934 1.06228
-1 1528712830.788335 0.147423 0.283896 1.06225
-1 1528712830.798133 0.147447 0.28385 1.0622
-1 1528712830.809803 0.147469 0.283731 1.06211
-1 1528712830.824831 0.147467 0.283626 1.06204
-1 1528712830.835891 0.147467 0.283524 1.06197
-1 1528712830.847236 0.147464 0.283464 1.06192
-1 1528712830.860010 0.147462 0.283429 1.06187
-1 1528712830.872084 0.147405 0.283424 1.06181
-1 1528712830.879739 0.147368 0.28338 1.06176
-1 1528712830.891658 0.147354 0.283346 1.06172
-1 1528712830.897731 0.147346 0.283316 1.06169
-1 1528712830.909336 0.147345 0.28329 1.06166
-1 1528712830.918109 0.147336 0.283271 1.06163
-1 1528712830.927393 0.14733 0.283268 1.06163
-1 1528712830.938971 0.14731 0.28326 1.0616
-1 1528712830.945734 0.1473 0.283245 1.06159
-1 1528712830.952480 0.147296 0.283227 1.06158
-1 1528712830.967646 0.147229 0.283342 1.06155
-1 1528712830.978025 0.147173 0.283395 1.06151
-1 1528712830.983997 0.147138 0.283415 1.06149
-1 1528712830.998968 0.147104 0.283425 1.06147
-1 1528712831.014793 0.147072 0.283427 1.06144
-1 1528712831.031845 0.147005 0.283423 1.06139
-1 1528712831.040133 0.146944 0.283441 1.06135
-1 1528712831.054423 0.146872 0.283461 1.06132
-1 1528712831.063383 0.146762 0.283577 1.0613
-1 1528712831.075394 0.146589 0.283678 1.06127
-1 1528712831.081518 0.14654 0.283705 1.06126
-1 1528712831.094485 0.146403 0.283779 1.06123
-1 1528712831.101935 0.146263 0.283849 1.06119
-1 1528712831.118454 0.14608 0.283921 1.06114
-1 1528712831.126920 0.145851 0.284 1.06109
-1 1528712831.141473 0.14569 0.284038 1.06105
-1 1528712831.151426 0.145544 0.284061 1.06101
-1 1528712831.163080 0.145279 0.28417 1.0609
-1 1528712831.176548 0.145111 0.284261 1.06082
-1 1528712831.185168 0.145037 0.28431 1.06077
-1 1528712831.197820 0.144986 0.284371 1.06071
-1 1528712831.228459 0.145003 0.284502 1.06057
-1 1528712831.235612 0.145016 0.284556 1.06054
-1 1528712831.243232 0.145022 0.284651 1.06049
-1 1528712831.251539 0.145022 0.28471 1.06047
-1 1528712831.257903 0.144956 0.28485 1.06044
-1 1528712831.280101 0.144843 0.285083 1.06038
-1 1528712831.289058 0.144803 0.28515 1.06036
-1 1528712831.300967 0.144786 0.285174 1.06035
-1 1528712831.303711 0.14476 0.285204 1.06033
-1 1528712831.315757 0.144744 0.285208 1.06031
-1 1528712831.332427 0.144733 0.285182 1.06028
-1 1528712831.344278 0.144727 0.285122 1.06026
-1 1528712831.350616 0.144722 0.285101 1.06026
-1 1528712831.357220 0.144687 0.285146 1.06026
-1 1528712831.364297 0.14461 0.285197 1.06027
-1 1528712831.376142 0.144543 0.285248 1.06029
-1 1528712831.382357 0.144485 0.285296 1.06031
-1 1528712831.409694 0.144459 0.285321 1.06032
-1 1528712831.419918 0.144332 0.285469 1.06044
-1 1528712831.430757 0.144282 0.285513 1.0605
-1 1528712831.437210 0.144235 0.285549 1.06054
-1 1528712831.449806 0.144221 0.285557 1.06055
-1 1528712831.458461 0.144195 0.28557 1.06056
-1 1528712831.467531 0.144058 0.285694 1.06056
-1 1528712831.477118 0.143981 0.285729 1.06056
-1 1528712831.483878 0.143922 0.28575 1.06056
-1 1528712831.491956 0.143875 0.285755 1.06055
-1 1528712831.505036 0.143838 0.285743 1.06053
-1 1528712831.511503 0.143826 0.285726 1.06051
-1 1528712831.520386 0.143815 0.285706 1.06048
-1 1528712831.524990 0.143811 0.285693 1.06047
-1 1528712831.532420 0.143803 0.285666 1.06044
-1 1528712831.542511 0.143805 0.285644 1.06042
-1 1528712831.552254 0.143839 0.285634 1.06038
-1 1528712831.559709 0.143824 0.285711 1.06036
-1 1528712831.566124 0.143812 0.285738 1.06035
-1 1528712831.572910 0.143798 0.285778 1.06034
-1 1528712831.584566 0.1438 0.285811 1.06033
-1 1528712831.590460 0.143814 0.285833 1.06031
-1 1528712831.596306 0.143824 0.285841 1.06031
-1 1528712831.602862 0.143836 0.285847 1.06031
-1 1528712831.609998 0.143861 0.285855 1.0603
-1 1528712831.621762 0.143918 0.285864 1.06028
-1 1528712831.627219 0.14396 0.285866 1.06027
-1 1528712831.634311 0.144004 0.285871 1.06026
-1 1528712831.641231 0.144027 0.285875 1.06026
-1 1528712831.652937 0.144095 0.285884 1.06024
-1 1528712831.663978 0.144059 0.285958 1.06023
-1 1528712831.670275 0.144022 0.285996 1.06022
-1 1528712831.675147 0.144009 0.286011 1.06021
-1 1528712831.689185 0.143999 0.286044 1.0602
-1 1528712831.694031 0.144014 0.28606 1.06018
-1 1528712831.703178 0.144043 0.286075 1.06017
-1 1528712831.725825 0.14411 0.286113 1.06015
-1 1528712831.733295 0.144215 0.28617 1.06014
-1 1528712831.756712 0.144307 0.28621 1.06013
-1 1528712831.764936 0.144397 0.286293 1.06012
-1 1528712831.768608 0.144426 0.286332 1.06011
-1 1528712831.781605 0.144444 0.286347 1.06011
-1 1528712831.790682 0.144521 0.286376 1.06009
-1 1528712831.799049 0.144636 0.286385 1.06008
-1 1528712831.804051 0.14467 0.28639 1.06011
-1 1528712831.813782 0.144721 0.286391 1.06011
-1 1528712831.838048 0.145044 0.286492 1.0601
-1 1528712831.855980 0.145169 0.286586 1.0601
-1 1528712831.867684 0.145188 0.286728 1.06011
-1 1528712831.874595 0.145164 0.286803 1.06012
-1 1528712831.886421 0.145145 0.286876 1.06013
-1 1528712831.903564 0.145133 0.286948 1.06015
-1 1528712831.909557 0.145122 0.286999 1.06017
-1 1528712831.922010 0.145119 0.287037 1.06018
-1 1528712831.931900 0.145093 0.287057 1.06019
-1 1528712831.938349 0.14508 0.287116 1.06021
-1 1528712831.942212 0.145067 0.287136 1.06021
-1 1528712831.959132 0.145019 0.287186 1.06024
-1 1528712831.970795 0.144807 0.286828 1.06043
-1 1528712831.978219 0.144825 0.286796 1.06054
-1 1528712831.986742 0.144828 0.28677 1.06061
-1 1528712831.990949 0.144831 0.286746 1.06064
-1 1528712831.998186 0.144826 0.286727 1.06066
-1 1528712832.005740 0.144815 0.286707 1.06066
-1 1528712832.019877 0.144801 0.286683 1.06066
-1 1528712832.033553 0.144783 0.286634 1.06065
-1 1528712832.051006 0.14478 0.286539 1.06061
-1 1528712832.059444 0.144801 0.286477 1.06055
-1 1528712832.066306 0.144844 0.286441 1.06049
-1 1528712832.081694 0.14492 0.286416 1.06043
-1 1528712832.100936 0.145518 0.286465 1.06022
-1 1528712832.110059 0.145602 0.286475 1.0602
-1 1528712832.116118 0.145776 0.28646 1.06014
-1 1528712832.125499 0.145824 0.286408 1.06009
-1 1528712832.137292 0.14587 0.28634 1.06005
-1 1528712832.143186 0.1459 0.286263 1.06
-1 1528712832.148296 0.145915 0.286182 1.05996
-1 1528712832.155952 0.145893 0.28601 1.05993
-1 1528712832.172172 0.145993 0.285897 1.05993
-1 1528712832.186881 0.146128 0.285662 1.0599
-1 1528712832.198445 0.146151 0.28559 1.05987
-1 1528712832.204898 0.146177 0.285541 1.05984
-1 1528712832.210377 0.146192 0.285531 1.05983
-1 1528712832.214681 0.146224 0.285546 1.05979
-1 1528712832.229238 0.146264 0.285597 1.05974
-1 1528712832.241953 0.1463 0.285668 1.05969
-1 1528712832.249575 0.146302 0.285811 1.0596
-1 1528712832.260778 0.14623 0.285887 1.05961
-1 1528712832.268874 0.146165 0.28599 1.05955
-1 1528712832.279017 0.146149 0.286017 1.05953
-1 1528712832.286516 0.146108 0.286078 1.05949
-1 1528712832.308465 0.146084 0.286093 1.05946
-1 1528712832.318772 0.146047 0.286082 1.05938
-1 1528712832.323600 0.146026 0.286068 1.05936
-1 1528712832.340662 0.146012 0.286061 1.05934
-1 1528712832.358050 0.145959 0.28603 1.0593
-1 1528712832.367370 0.145911 0.286009 1.05926
-1 1528712832.379148 0.145857 0.285999 1.05922
-1 1528712832.388994 0.145814 0.285984 1.05919
-1 1528712832.402565 0.14579 0.28596 1.05918
-1 1528712832.407446 0.145774 0.285941 1.05918
-1 1528712832.419751 0.145776 0.285911 1.05918
-1 1528712832.423719 0.145786 0.285897 1.05919
-1 1528712832.430168 0.145841 0.285865 1.05927
-1 1528712832.441313 0.145761 0.285731 1.05928
-1 1528712832.468474 0.145696 0.285472 1.05932
-1 1528712832.480923 0.145683 0.284668 1.0594
-1 1528712832.500969 0.145769 0.284389 1.05941
-1 1528712832.508009 0.146011 0.284563 1.05935
-1 1528712832.519303 0.146202 0.284747 1.0593
-1 1528712832.529711 0.146376 0.284929 1.05923
-1 1528712832.535364 0.146522 0.285087 1.05916
-1 1528712832.545394 0.146644 0.285218 1.05908
-1 1528712832.555097 0.146794 0.285347 1.05897
-1 1528712832.562967 0.146843 0.285394 1.05889
-1 1528712832.568872 0.146902 0.285446 1.0588
-1 1528712832.580134 0.146922 0.2855 1.05872
-1 1528712832.592927 0.146874 0.285588 1.0586
-1 1528712832.600016 0.146756 0.28566 1.05851
-1 1528712832.618133 0.146632 0.285694 1.05843
-1 1528712832.628950 0.146518 0.285681 1.05836
-1 1528712832.636523 0.146457 0.285651 1.05833
-1 1528712832.649031 0.146406 0.285613 1.05829
-1 1528712832.654717 0.14637 0.285567 1.05826
-1 1528712832.661046 0.146281 0.285512 1.05821
-1 1528712832.667279 0.146262 0.28549 1.05819
-1 1528712832.678610 0.146228 0.285447 1.05814
-1 1528712832.686674 0.146185 0.285406 1.05809
-1 1528712832.697005 0.146093 0.285353 1.05804
-1 1528712832.702391 0.14602 0.285312 1.05801
-1 1528712832.711024 0.145942 0.28527 1.05798
-1 1528712832.720540 0.14586 0.285217 1.05795
-1 1528712832.727814 0.145821 0.285188 1.05793
-1 1528712832.733173 0.145742 0.285131 1.0579
-1 1528712832.740368 0.145668 0.285066 1.05786
-1 1528712832.751123 0.145588 0.284954 1.05779
-1 1528712832.758077 0.145526 0.284912 1.05777
-1 1528712832.773629 0.145468 0.284849 1.05773
-1 1528712832.782864 0.145405 0.284746 1.05764
-1 1528712832.788896 0.145392 0.284699 1.0576
-1 1528712832.801271 0.145388 0.284671 1.05757
-1 1528712832.826499 0.145388 0.28451 1.05744
-1 1528712832.837535 0.145496 0.284086 1.05722
-1 1528712832.841939 0.145585 0.283883 1.05713
-1 1528712832.852032 0.145695 0.283717 1.05701
-1 1528712832.864757 0.145735 0.283591 1.05688
-1 1528712832.880327 0.145755 0.283423 1.05662
-1 1528712832.903063 0.145558 0.283208 1.0562
-1 1528712832.921845 0.145378 0.282995 1.0559
-1 1528712832.939189 0.145303 0.282723 1.05559
-1 1528712832.956889 0.145271 0.282438 1.05527
-1 1528712832.966917 0.14512 0.282077 1.05496
-1 1528712832.980393 0.145062 0.281898 1.05481
-1 1528712832.984109 0.144998 0.281721 1.05466
-1 1528712832.993484 0.144926 0.281548 1.05453
-1 1528712833.004286 0.144813 0.281279 1.05433
-1 1528712833.014661 0.14474 0.28109 1.05421
-1 1528712833.018803 0.144669 0.280894 1.0541
-1 1528712833.026330 0.144632 0.280794 1.05404
-1 1528712833.037656 0.144558 0.280586 1.05394
-1 1528712833.058551 0.144219 0.279768 1.05368
-1 1528712833.067847 0.144171 0.279621 1.05365
-1 1528712833.082255 0.144081 0.279327 1.05359
-1 1528712833.097123 0.143862 0.278634 1.05343
-1 1528712833.109807 0.143773 0.278381 1.05337
-1 1528712833.120396 0.143621 0.277907 1.05327
-1 1528712833.150975 0.143541 0.277682 1.05322
-1 1528712833.178200 0.142777 0.276204 1.05292
-1 1528712833.190148 0.142615 0.275936 1.05288
-1 1528712833.207330 0.142196 0.27522 1.05278
-1 1528712833.226066 0.141995 0.274734 1.05272
-1 1528712833.234620 0.141866 0.274006 1.05268
-1 1528712833.249414 0.141833 0.273647 1.05268
-1 1528712833.255887 0.141779 0.273299 1.0527
-1 1528712833.266944 0.141566 0.272739 1.05277
-1 1528712833.297607 0.140811 0.271434 1.05294
-1 1528712833.306670 0.140411 0.270818 1.05298
-1 1528712833.317140 0.140106 0.27035 1.053
-1 1528712833.329517 0.139775 0.269743 1.05306
-1 1528712833.343071 0.139374 0.269023 1.05314
-1 1528712833.357772 0.138874 0.268178 1.05327
-1 1528712833.369908 0.138582 0.267762 1.05335
-1 1528712833.373961 0.138312 0.267387 1.05343
-1 1528712833.402482 0.137311 0.266195 1.05357
-1 1528712833.416565 0.136969 0.265734 1.05352
-1 1528712833.457759 0.136189 0.264753 1.05314
-1 1528712833.471104 0.135916 0.264529 1.05299
-1 1528712833.482242 0.1356 0.264134 1.05277
-1 1528712833.522121 0.134658 0.263501 1.05229
-1 1528712833.537726 0.134343 0.263233 1.05207
-1 1528712833.546671 0.134383 0.262865 1.052
-1 1528712833.555244 0.134592 0.262305 1.05195
-1 1528712833.570117 0.135 0.261314 1.05192
-1 1528712833.601149 0.13599 0.25905 1.05189
-1 1528712833.629783 0.136118 0.258273 1.05202
-1 1528712833.638408 0.136077 0.257849 1.05213
-1 1528712833.651270 0.136009 0.257225 1.05228
-1 1528712833.670839 0.135942 0.256897 1.05236
-1 1528712833.699464 0.136042 0.256017 1.05244
-1 1528712833.735274 0.136329 0.255131 1.05238
-1 1528712833.741773 0.13642 0.254907 1.05237
-1 1528712833.752501 0.136576 0.254583 1.05237
-1 1528712833.757763 0.136615 0.254555 1.05237
-1 1528712833.788966 0.136892 0.253973 1.05242
-1 1528712833.797170 0.137012 0.253822 1.05243
-1 1528712833.804696 0.137131 0.253707 1.05244
-1 1528712833.818727 0.13727 0.253599 1.05245
-1 1528712833.829157 0.137354 0.253547 1.05246
-1 1528712833.839586 0.137425 0.253516 1.05246
-1 1528712833.851238 0.137453 0.253505 1.05247
-1 1528712833.857896 0.137537 0.253557 1.05248
-1 1528712833.861116 0.137544 0.25358 1.05248
-1 1528712833.868454 0.137585 0.253644 1.0525
-1 1528712833.878254 0.137646 0.253684 1.05251
-1 1528712833.885106 0.13771 0.253709 1.05253
-1 1528712833.890033 0.13774 0.253718 1.05254
-1 1528712833.894366 0.137771 0.253725 1.05254
-1 1528712833.901268 0.137803 0.253731 1.05255
-1 1528712833.909390 0.137869 0.253747 1.05256
-1 1528712833.919896 0.137983 0.253785 1.05257
-1 1528712833.925846 0.138028 0.253807 1.05258
-1 1528712833.933098 0.138122 0.253873 1.05259
-1 1528712833.947159 0.138293 0.254096 1.0526
-1 1528712833.955322 0.138328 0.254301 1.0526
-1 1528712833.967049 0.138328 0.254497 1.0526
-1 1528712833.976312 0.138342 0.254662 1.0526
-1 1528712833.987781 0.138397 0.254849 1.0526
-1 1528712833.998295 0.138443 0.254942 1.05259
-1 1528712834.005255 0.13849 0.255005 1.05258
-1 1528712834.017890 0.138563 0.255054 1.05257
-1 1528712834.027583 0.138615 0.255069 1.05257
-1 1528712834.038300 0.13871 0.255076 1.05257
-1 1528712834.049766 0.138823 0.255072 1.05256
-1 1528712834.060339 0.13886 0.255147 1.05254
-1 1528712834.063932 0.138856 0.255231 1.05253
-1 1528712834.074781 0.138867 0.255329 1.05252
-1 1528712834.091690 0.138885 0.255572 1.05251
-1 1528712834.102881 0.13889 0.255753 1.0525
-1 1528712834.117234 0.13891 0.255908 1.05249
-1 1528712834.127895 0.138955 0.256029 1.05248
-1 1528712834.136231 0.138978 0.256093 1.05247
-1 1528712834.158832 0.138975 0.25629 1.05245
-1 1528712834.168389 0.13891 0.256439 1.05244
-1 1528712834.183418 0.138886 0.256523 1.05243
-1 1528712834.196172 0.138884 0.256615 1.05242
-1 1528712834.207177 0.138925 0.256663 1.05239
-1 1528712834.210793 0.138936 0.256666 1.05239
-1 1528712834.221222 0.138955 0.25667 1.05238
-1 1528712834.233668 0.138976 0.256664 1.05238
-1 1528712834.248020 0.139012 0.256657 1.05238
-1 1528712834.259036 0.139033 0.256711 1.05238
-1 1528712834.275013 0.138997 0.256787 1.05239
-1 1528712834.287484 0.138968 0.25693 1.05239
-1 1528712834.300107 0.138968 0.25696 1.05239
-1 1528712834.310407 0.138967 0.257048 1.05239
-1 1528712834.314590 0.138969 0.257111 1.05239
-1 1528712834.328035 0.138971 0.257175 1.05238
-1 1528712834.335469 0.138967 0.257232 1.05238
-1 1528712834.346382 0.13895 0.257306 1.05237
-1 1528712834.352404 0.138937 0.257344 1.05236
-1 1528712834.363163 0.138867 0.257458 1.05236
-1 1528712834.375494 0.138769 0.257566 1.05235
-1 1528712834.391006 0.138683 0.257619 1.05234
-1 1528712834.417461 0.138592 0.257645 1.05232
-1 1528712834.430530 0.138598 0.257634 1.05232
-1 1528712834.436634 0.138623 0.257607 1.05233
-1 1528712834.451248 0.138643 0.257579 1.05234
-1 1528712834.460261 0.138633 0.257575 1.05234
-1 1528712834.469398 0.138551 0.257577 1.05235
-1 1528712834.484201 0.138503 0.257555 1.05236
-1 1528712834.492646 0.138447 0.257506 1.05236
-1 1528712834.498639 0.138415 0.257466 1.05236
-1 1528712834.508270 0.13839 0.257421 1.05237
-1 1528712834.514398 0.138365 0.257383 1.05237
-1 1528712834.526102 0.138336 0.25736 1.05238
-1 1528712834.537725 0.138293 0.257344 1.05239
-1 1528712834.547863 0.138261 0.257346 1.0524
-1 1528712834.557890 0.138162 0.257413 1.05242
-1 1528712834.569999 0.138053 0.257478 1.05243
