-1 1530706853.123855 0.120758 0.172686 1.11509
-1 1530706853.129656 0.120643 0.172581 1.11508
-1 1530706853.139681 0.120628 0.17259 1.11508
-1 1530706853.142283 0.120619 0.172594 1.11508
-1 1530706853.147697 0.12061 0.172597 1.11508
-1 1530706853.151506 0.120601 0.172598 1.11508
-1 1530706853.156287 0.120592 0.172599 1.11508
-1 1530706853.168654 0.120571 0.172601 1.11508
-1 1530706853.176678 0.120536 0.1726 1.11509
-1 1530706853.183404 0.120531 0.172596 1.11509
-1 1530706853.200722 0.120519 0.172583 1.11509
-1 1530706853.213223 0.120518 0.172543 1.11509
-1 1530706853.224365 0.120521 0.172525 1.1151
-1 1530706853.230281 0.12052 0.172501 1.1151
-1 1530706853.234359 0.120518 0.172492 1.1151
-1 1530706853.242606 0.120515 0.172483 1.1151
-1 1530706853.256331 0.120504 0.172466 1.11511
-1 1530706853.262732 0.120484 0.172451 1.11511
-1 1530706853.271106 0.120468 0.172446 1.11512
-1 1530706853.287596 0.120424 0.172436 1.11512
-1 1530706853.298017 0.120395 0.172428 1.11513
-1 1530706853.301984 0.120385 0.172425 1.11513
-1 1530706853.305269 0.120375 0.172422 1.11514
-1 1530706853.312244 0.120366 0.172418 1.11514
-1 1530706853.323888 0.12034 0.172415 1.11515
-1 1530706853.332965 0.120323 0.172414 1.11516
-1 1530706853.338381 0.120306 0.172409 1.11517
-1 1530706853.347112 0.120291 0.172398 1.11518
-1 1530706853.354553 0.120274 0.172391 1.11519
-1 1530706853.364978 0.120267 0.172389 1.11519
-1 1530706853.372593 0.120251 0.172389 1.1152
-1 1530706853.381557 0.120234 0.172387 1.11521
-1 1530706853.447164 0.120037 0.17238 1.11523
-1 1530706853.453481 0.120025 0.172376 1.11523
-1 1530706853.460675 0.120004 0.172366 1.11523
-1 1530706853.466139 0.119995 0.17236 1.11523
-1 1530706853.470143 0.119987 0.172353 1.11523
-1 1530706853.478136 0.119973 0.172336 1.11523
-1 1530706853.489887 0.119949 0.172313 1.11522
-1 1530706853.493211 0.119942 0.172305 1.11522
-1 1530706853.502655 0.119924 0.17229 1.11522
-1 1530706853.506174 0.119915 0.172283 1.11522
-1 1530706853.525491 0.119881 0.172275 1.11522
-1 1530706853.534324 0.119853 0.172269 1.11522
-1 1530706853.545038 0.119833 0.172262 1.11522
-1 1530706853.553822 0.119814 0.172253 1.11522
-1 1530706853.561485 0.119797 0.17224 1.11522
-1 1530706853.567907 0.119781 0.172222 1.11522
-1 1530706853.579374 0.119767 0.172201 1.11521
-1 1530706853.584134 0.119754 0.172178 1.11521
-1 1530706853.590903 0.119749 0.172166 1.11521
-1 1530706853.612786 0.119732 0.172106 1.11521
-1 1530706853.618513 0.119724 0.172087 1.11521
-1 1530706853.625098 0.119718 0.17207 1.11521
-1 1530706853.632631 0.119716 0.172062 1.11521
-1 1530706853.639536 0.119714 0.172048 1.11522
-1 1530706853.643555 0.119713 0.172041 1.11522
-1 1530706853.655964 0.119714 0.17202 1.11522
-1 1530706853.689033 0.119709 0.171957 1.11522
-1 1530706853.694807 0.119708 0.171947 1.11522
-1 1530706853.700894 0.119706 0.171929 1.11522
-1 1530706853.704767 0.119707 0.171919 1.11522
-1 1530706853.713801 0.119712 0.171902 1.11522
-1 1530706853.723035 0.119721 0.171887 1.11522
-1 1530706853.734796 0.119738 0.171883 1.11522
-1 1530706853.740740 0.119754 0.171887 1.11522
-1 1530706853.752803 0.119768 0.17188 1.11522
-1 1530706853.759641 0.119782 0.171867 1.11522
-1 1530706853.763712 0.119789 0.17186 1.11522
-1 1530706853.772055 0.119808 0.171845 1.11522
-1 1530706853.777378 0.119819 0.171838 1.11522
-1 1530706853.784531 0.119841 0.171827 1.11522
-1 1530706853.790998 0.119865 0.171816 1.11522
-1 1530706853.796661 0.119875 0.17181 1.11522
-1 1530706853.804926 0.119899 0.171801 1.11522
-1 1530706853.813054 0.11991 0.171799 1.11522
-1 1530706853.820858 0.119928 0.171796 1.11522
-1 1530706853.825476 0.119947 0.171792 1.11522
-1 1530706853.831808 0.119959 0.171791 1.11522
-1 1530706853.858143 0.120066 0.171776 1.1152
-1 1530706853.876111 0.12021 0.171754 1.11519
-1 1530706853.885005 0.120245 0.171754 1.11519
-1 1530706853.889531 0.120314 0.17176 1.11519
-1 1530706853.895254 0.120349 0.171765 1.11519
-1 1530706853.901929 0.120419 0.171778 1.11519
-1 1530706853.911958 0.120486 0.171792 1.11519
-1 1530706853.917845 0.120552 0.171799 1.11519
-1 1530706853.924649 0.120614 0.171814 1.11519
-1 1530706853.931994 0.120647 0.171816 1.11519
-1 1530706853.943350 0.120745 0.171821 1.11518
-1 1530706853.950885 0.120809 0.171819 1.11518
-1 1530706853.962098 0.12087 0.171814 1.11518
-1 1530706853.973114 0.120933 0.171807 1.11517
-1 1530706853.977958 0.121003 0.171796 1.11517
-1 1530706853.985164 0.12108 0.171792 1.11516
-1 1530706853.994003 0.121119 0.171791 1.11516
-1 1530706853.999932 0.121205 0.171803 1.11515
-1 1530706854.004228 0.121249 0.171814 1.11514
-1 1530706854.009043 0.121295 0.171832 1.11514
-1 1530706854.017486 0.121386 0.17189 1.11513
-1 1530706854.023423 0.121481 0.17197 1.11513
-1 1530706854.030206 0.121586 0.172066 1.11512
-1 1530706854.035765 0.121644 0.172114 1.11512
-1 1530706854.045321 0.121829 0.17223 1.1151
-1 1530706854.054187 0.121897 0.172257 1.11509
-1 1530706854.060622 0.122036 0.172308 1.11507
-1 1530706854.064361 0.122105 0.172336 1.11505
-1 1530706854.068187 0.122174 0.172369 1.11504
-1 1530706854.072902 0.122242 0.172407 1.11502
-1 1530706854.081869 0.122375 0.172495 1.11499
-1 1530706854.089839 0.122523 0.172597 1.11495
-1 1530706854.096909 0.122683 0.172703 1.11491
-1 1530706854.103790 0.122845 0.172801 1.11486
-1 1530706854.111589 0.122925 0.172845 1.11483
-1 1530706854.114635 0.123004 0.172887 1.1148
-1 1530706854.125694 0.123238 0.173012 1.11471
-1 1530706854.131074 0.123315 0.173047 1.11468
-1 1530706854.138064 0.12346 0.173112 1.11461
-1 1530706854.144897 0.123529 0.173144 1.11458
-1 1530706854.151365 0.12366 0.173205 1.11451
-1 1530706854.160513 0.123784 0.173266 1.11445
-1 1530706854.168455 0.123883 0.173325 1.11438
-1 1530706854.173190 0.123923 0.17335 1.11435
-1 1530706854.181139 0.123982 0.173395 1.1143
-1 1530706854.191888 0.124027 0.173435 1.11425
-1 1530706854.201494 0.124102 0.17348 1.11418
-1 1530706854.204825 0.124135 0.173493 1.11416
-1 1530706854.214254 0.124176 0.173506 1.11414
-1 1530706854.219378 0.124281 0.173536 1.1141
-1 1530706854.226985 0.12442 0.173573 1.11407
-1 1530706854.232953 0.124501 0.173592 1.11405
-1 1530706854.239423 0.124678 0.173629 1.11401
-1 1530706854.245676 0.124775 0.173648 1.11399
-1 1530706854.251788 0.124975 0.173681 1.11395
-1 1530706854.256442 0.12508 0.173696 1.11393
-1 1530706854.262516 0.125188 0.173713 1.11391
-1 1530706854.266135 0.125299 0.173732 1.11389
-1 1530706854.269533 0.125413 0.173755 1.11386
-1 1530706854.277222 0.125529 0.173785 1.11384
-1 1530706854.280297 0.125755 0.173852 1.1138
-1 1530706854.286419 0.125866 0.173884 1.11379
-1 1530706854.294888 0.125977 0.173917 1.11377
-1 1530706854.317127 0.126311 0.174016 1.11373
-1 1530706854.325348 0.126879 0.174207 1.11369
-1 1530706854.329640 0.127127 0.174292 1.11367
-1 1530706854.336828 0.127259 0.174335 1.11366
-1 1530706854.343221 0.127531 0.17442 1.11365
-1 1530706854.352401 0.12781 0.174494 1.11365
-1 1530706854.358968 0.128094 0.174564 1.11364
-1 1530706854.363909 0.12824 0.174603 1.11364
-1 1530706854.367870 0.128386 0.174633 1.11364
-1 1530706854.376098 0.128686 0.174697 1.11364
-1 1530706854.383617 0.128841 0.17473 1.11364
-1 1530706854.386684 0.128999 0.174762 1.11363
-1 1530706854.398585 0.129323 0.174824 1.11363
-1 1530706854.405760 0.129817 0.174931 1.11364
-1 1530706854.412326 0.12998 0.174971 1.11364
-1 1530706854.415489 0.130139 0.175014 1.11364
-1 1530706854.423042 0.130454 0.175113 1.11365
-1 1530706854.430702 0.130765 0.175214 1.11365
-1 1530706854.435174 0.130916 0.175266 1.11365
-1 1530706854.450629 0.131352 0.175412 1.11366
-1 1530706854.460410 0.131774 0.175559 1.11368
-1 1530706854.470771 0.132065 0.175658 1.11368
-1 1530706854.475400 0.13236 0.175747 1.11367
-1 1530706854.494641 0.132653 0.175828 1.11366
-1 1530706854.502448 0.133184 0.175959 1.11363
-1 1530706854.513963 0.133563 0.176054 1.11358
-1 1530706854.521086 0.133808 0.17613 1.11353
-1 1530706854.531553 0.134036 0.176222 1.11348
-1 1530706854.538900 0.134248 0.176319 1.11341
-1 1530706854.546395 0.134444 0.17641 1.11333
-1 1530706854.553664 0.134538 0.176453 1.11328
-1 1530706854.561523 0.134717 0.176544 1.11318
-1 1530706854.567733 0.134881 0.176644 1.11305
-1 1530706854.576832 0.135005 0.176743 1.1129
-1 1530706854.583618 0.135076 0.176836 1.11273
-1 1530706854.588464 0.135098 0.176877 1.11263
-1 1530706854.593139 0.135102 0.176912 1.11253
-1 1530706854.601548 0.135066 0.176974 1.11232
-1 1530706854.606798 0.135033 0.176999 1.1122
-1 1530706854.614465 0.134962 0.177044 1.11195
-1 1530706854.618057 0.134922 0.177068 1.11182
-1 1530706854.624243 0.134883 0.177091 1.11168
-1 1530706854.631182 0.134803 0.177114 1.11137
-1 1530706854.635462 0.134761 0.177112 1.1112
-1 1530706854.646843 0.134622 0.177044 1.1107
-1 1530706854.655619 0.134578 0.176994 1.11052
-1 1530706854.662390 0.134501 0.176852 1.11014
-1 1530706854.669088 0.134406 0.176674 1.10974
-1 1530706854.676135 0.134238 0.176502 1.10932
-1 1530706854.684482 0.134126 0.176428 1.10909
-1 1530706854.693786 0.133674 0.176232 1.10837
-1 1530706854.699612 0.133487 0.176179 1.10811
-1 1530706854.713218 0.132853 0.176119 1.10726
-1 1530706854.719511 0.132416 0.176198 1.10665
-1 1530706854.722842 0.132202 0.176262 1.10634
-1 1530706854.727472 0.131992 0.176336 1.10602
-1 1530706854.730444 0.131788 0.176423 1.1057
-1 1530706854.735384 0.131593 0.176504 1.10537
-1 1530706854.742376 0.131407 0.17658 1.10504
-1 1530706854.744947 0.131231 0.176656 1.1047
-1 1530706854.752973 0.130913 0.176809 1.10402
-1 1530706854.763518 0.130547 0.177 1.10299
-1 1530706854.767497 0.13045 0.17705 1.10265
-1 1530706854.777637 0.130293 0.177117 1.10196
-1 1530706854.784728 0.130195 0.177131 1.10126
-1 1530706854.790195 0.130162 0.177143 1.10091
-1 1530706854.805964 0.130123 0.177202 1.10019
-1 1530706854.816928 0.12997 0.177445 1.09865
-1 1530706854.820971 0.12989 0.177516 1.09823
-1 1530706854.824897 0.129789 0.177574 1.09779
-1 1530706854.832888 0.129558 0.177665 1.09687
-1 1530706854.842453 0.129315 0.177761 1.09588
-1 1530706854.847517 0.129059 0.177845 1.09483
-1 1530706854.855197 0.128764 0.177902 1.09373
-1 1530706854.862280 0.128619 0.177915 1.09316
-1 1530706854.868835 0.128341 0.177902 1.09201
-1 1530706854.873434 0.128218 0.177892 1.09142
-1 1530706854.877842 0.128103 0.177881 1.09083
-1 1530706854.883502 0.128 0.177865 1.09022
-1 1530706854.890079 0.127842 0.177805 1.08898
-1 1530706854.894284 0.127768 0.177776 1.08836
-1 1530706854.901697 0.127618 0.177693 1.08707
-1 1530706854.911605 0.127492 0.177579 1.08573
-1 1530706854.918448 0.127391 0.177432 1.08431
-1 1530706854.924973 0.127358 0.177349 1.08358
-1 1530706854.930398 0.127334 0.177201 1.08206
-1 1530706854.951486 0.127364 0.177065 1.07797
-1 1530706854.963622 0.127406 0.177155 1.07619
-1 1530706854.971411 0.12746 0.177289 1.07433
-1 1530706854.982200 0.127478 0.177486 1.07142
-1 1530706854.991958 0.12752 0.17761 1.06941
-1 1530706854.995991 0.127568 0.177716 1.06735
-1 1530706855.001776 0.1276 0.177764 1.06632
-1 1530706855.004523 0.127642 0.177809 1.06529
-1 1530706855.012432 0.127699 0.177856 1.06425
-1 1530706855.018354 0.127816 0.177957 1.06214
-1 1530706855.024014 0.127868 0.178025 1.06106
-1 1530706855.044605 0.128044 0.178303 1.05669
-1 1530706855.063519 0.128242 0.178538 1.051
-1 1530706855.067068 0.128227 0.178602 1.04866
-1 1530706855.074182 0.128199 0.178628 1.0475
-1 1530706855.080379 0.128138 0.178762 1.04521
-1 1530706855.085053 0.1281 0.178866 1.04408
-1 1530706855.090796 0.128063 0.178998 1.04295
-1 1530706855.098368 0.127998 0.179313 1.0407
-1 1530706855.102852 0.127959 0.1795 1.03959
-1 1530706855.113236 0.127872 0.179852 1.0374
-1 1530706855.119346 0.127791 0.180154 1.03522
-1 1530706855.125477 0.127748 0.18041 1.03305
-1 1530706855.135258 0.127707 0.180502 1.03198
-1 1530706855.140022 0.127645 0.180633 1.02985
-1 1530706855.148832 0.127568 0.180681 1.02768
-1 1530706855.166974 0.127436 0.180679 1.02438
-1 1530706855.175699 0.127351 0.180647 1.02103
-1 1530706855.180659 0.127315 0.180661 1.0188
-1 1530706855.184409 0.12729 0.180683 1.01769
-1 1530706855.187348 0.127275 0.180727 1.0166
-1 1530706855.191852 0.127257 0.180783 1.01551
-1 1530706855.194757 0.127247 0.18086 1.01443
-1 1530706855.201691 0.127234 0.180937 1.01337
-1 1530706855.205110 0.127231 0.180997 1.01231
-1 1530706855.210203 0.127256 0.181054 1.01126
-1 1530706855.216814 0.127249 0.181095 1.0102
-1 1530706855.222256 0.127223 0.18115 1.00814
-1 1530706855.228930 0.127191 0.181185 1.00606
-1 1530706855.233401 0.127161 0.181205 1.00502
-1 1530706855.237882 0.127111 0.181209 1.00398
-1 1530706855.240535 0.127061 0.181208 1.00293
-1 1530706855.244445 0.127011 0.181211 1.00187
-1 1530706855.251978 0.126944 0.181202 1.00081
-1 1530706855.259241 0.126775 0.181182 0.998703
-1 1530706855.269325 0.126584 0.181194 0.996562
-1 1530706855.275355 0.126329 0.181225 0.994399
-1 1530706855.283208 0.126194 0.18123 0.993309
-1 1530706855.293294 0.125749 0.181246 0.990038
-1 1530706855.299800 0.125601 0.181238 0.988952
-1 1530706855.304376 0.125359 0.181237 0.986794
-1 1530706855.311637 0.125268 0.181233 0.985737
-1 1530706855.322120 0.125135 0.181251 0.983682
-1 1530706855.327712 0.125084 0.18131 0.981687
-1 1530706855.331403 0.125091 0.181351 0.980708
-1 1530706855.335979 0.125115 0.181387 0.979747
-1 1530706855.344578 0.125188 0.181464 0.977842
-1 1530706855.351658 0.125262 0.181541 0.975936
-1 1530706855.357233 0.125291 0.181564 0.974982
-1 1530706855.362131 0.125317 0.181583 0.974019
-1 1530706855.366416 0.125324 0.181588 0.973054
-1 1530706855.373488 0.125323 0.181597 0.971124
-1 1530706855.381139 0.125311 0.181602 0.969195
-1 1530706855.387538 0.125296 0.181596 0.96824
-1 1530706855.393647 0.125315 0.181557 0.966364
-1 1530706855.402987 0.125344 0.181543 0.964534
-1 1530706855.421694 0.125556 0.181695 0.959992
-1 1530706855.432375 0.125663 0.181798 0.957418
-1 1530706855.438778 0.125701 0.181908 0.955747
-1 1530706855.446575 0.125749 0.182014 0.95412
-1 1530706855.450480 0.125779 0.182044 0.953318
-1 1530706855.453207 0.125814 0.18206 0.952525
-1 1530706855.464231 0.125855 0.182082 0.951738
-1 1530706855.469434 0.125965 0.182128 0.950177
-1 1530706855.478899 0.126074 0.18216 0.948621
-1 1530706855.483942 0.126191 0.182173 0.947067
-1 1530706855.493563 0.126251 0.182177 0.946287
-1 1530706855.499607 0.126319 0.182184 0.945505
-1 1530706855.507390 0.126447 0.182189 0.943933
-1 1530706855.517324 0.126573 0.182222 0.942353
-1 1530706855.524261 0.126696 0.182265 0.940775
-1 1530706855.530241 0.12683 0.182324 0.939201
-1 1530706855.535174 0.126893 0.182361 0.938414
-1 1530706855.541288 0.127044 0.182457 0.936838
-1 1530706855.544991 0.127123 0.182529 0.936046
-1 1530706855.549345 0.127206 0.182613 0.935247
-1 1530706855.553667 0.127281 0.182705 0.934439
-1 1530706855.561378 0.127438 0.1829 0.932803
-1 1530706855.568744 0.127579 0.183109 0.931136
-1 1530706855.575778 0.127638 0.183202 0.930287
-1 1530706855.582980 0.127745 0.183358 0.928558
-1 1530706855.589341 0.127872 0.183464 0.926789
-1 1530706855.592506 0.12794 0.183504 0.925895
-1 1530706855.615056 0.128385 0.183617 0.921414
-1 1530706855.625935 0.12862 0.183631 0.919618
-1 1530706855.634808 0.12897 0.183631 0.91688
-1 1530706855.640812 0.129095 0.183631 0.915954
-1 1530706855.651687 0.129422 0.183612 0.913151
-1 1530706855.660587 0.129624 0.18361 0.911251
-1 1530706855.673574 0.129888 0.183654 0.908375
-1 1530706855.678856 0.129971 0.183681 0.90741
-1 1530706855.685931 0.130118 0.183754 0.905472
-1 1530706855.692752 0.130253 0.183838 0.903513
-1 1530706855.697647 0.130313 0.183884 0.902529
-1 1530706855.703554 0.130361 0.183937 0.901541
-1 1530706855.711056 0.130454 0.184051 0.899536
-1 1530706855.719129 0.130528 0.184224 0.897503
-1 1530706855.725025 0.130617 0.184414 0.89545
-1 1530706855.732993 0.130665 0.184501 0.894413
-1 1530706855.739163 0.130758 0.184706 0.892349
-1 1530706855.744011 0.130808 0.184814 0.891315
-1 1530706855.751741 0.130901 0.185016 0.889244
-1 1530706855.762386 0.130982 0.185204 0.887187
-1 1530706855.769275 0.131042 0.185387 0.885136
-1 1530706855.772054 0.131064 0.185468 0.884107
-1 1530706855.781766 0.131116 0.185605 0.882088
-1 1530706855.792606 0.131163 0.185728 0.880117
-1 1530706855.798511 0.131208 0.185847 0.878185
-1 1530706855.815046 0.131235 0.185947 0.876259
-1 1530706855.823175 0.131215 0.186135 0.872389
-1 1530706855.831612 0.131191 0.186174 0.871417
-1 1530706855.840627 0.131073 0.186292 0.868506
-1 1530706855.847955 0.130964 0.186371 0.866578
-1 1530706855.853923 0.130907 0.186406 0.865622
-1 1530706855.860993 0.130777 0.186473 0.86371
-1 1530706855.867760 0.130715 0.186497 0.862766
-1 1530706855.874910 0.130542 0.186566 0.859942
-1 1530706855.884230 0.130479 0.186583 0.859
-1 1530706855.889473 0.13035 0.1866 0.857116
-1 1530706855.911329 0.129983 0.186588 0.852465
-1 1530706855.915360 0.129896 0.186578 0.851546
-1 1530706855.923864 0.12974 0.186577 0.84972
-1 1530706855.933371 0.12959 0.186568 0.847907
-1 1530706855.940278 0.129438 0.186615 0.846114
-1 1530706855.945134 0.129291 0.186697 0.844336
-1 1530706855.960666 0.129076 0.186865 0.841668
-1 1530706855.963395 0.129004 0.186925 0.840768
-1 1530706855.973657 0.128931 0.186993 0.839873
-1 1530706855.986458 0.128701 0.187287 0.836294
-1 1530706855.992699 0.128608 0.187394 0.834496
-1 1530706856.001848 0.128513 0.1875 0.83269
-1 1530706856.004689 0.128456 0.187556 0.831778
-1 1530706856.012014 0.128349 0.187644 0.829953
-1 1530706856.026447 0.12825 0.187711 0.82814
-1 1530706856.034711 0.128143 0.187742 0.826328
-1 1530706856.050649 0.12786 0.18759 0.821779
-1 1530706856.074162 0.127753 0.187457 0.819939
-1 1530706856.090086 0.127618 0.187184 0.817187
-1 1530706856.095418 0.127446 0.186829 0.813615
-1 1530706856.104209 0.127368 0.186654 0.811886
-1 1530706856.108164 0.127339 0.186572 0.811039
-1 1530706856.119348 0.127278 0.186431 0.809358
-1 1530706856.124108 0.127206 0.186304 0.807688
-1 1530706856.131641 0.127132 0.186137 0.806029
-1 1530706856.141855 0.12704 0.185973 0.80439
-1 1530706856.151031 0.126868 0.185709 0.801964
-1 1530706856.157001 0.126733 0.185521 0.800412
-1 1530706856.167531 0.126498 0.185402 0.798917
-1 1530706856.171408 0.126267 0.185252 0.797475
-1 1530706856.183276 0.12605 0.185027 0.79608
-1 1530706856.190880 0.125868 0.184728 0.794695
-1 1530706856.196991 0.125685 0.184414 0.793312
-1 1530706856.203415 0.125497 0.184108 0.791937
-1 1530706856.212425 0.125404 0.183957 0.791256
-1 1530706856.220583 0.125218 0.183651 0.789905
-1 1530706856.226120 0.12504 0.183358 0.788599
-1 1530706856.230267 0.124949 0.183217 0.787965
-1 1530706856.253908 0.124577 0.182608 0.784989
-1 1530706856.261723 0.124454 0.182371 0.783879
-1 1530706856.271588 0.124349 0.18213 0.782795
-1 1530706856.277724 0.124252 0.181903 0.781742
-1 1530706856.285868 0.124158 0.181704 0.780727
-1 1530706856.293315 0.124057 0.181501 0.779745
-1 1530706856.302595 0.123943 0.181303 0.778805
-1 1530706856.308330 0.123819 0.18109 0.777914
-1 1530706856.316665 0.123756 0.180975 0.77749
-1 1530706856.323056 0.123621 0.180714 0.776694
-1 1530706856.333344 0.123468 0.180488 0.77605
-1 1530706856.341907 0.123316 0.180277 0.775543
-1 1530706856.350481 0.123165 0.180091 0.775152
-1 1530706856.355395 0.123011 0.179909 0.774849
-1 1530706856.362428 0.122933 0.179819 0.774727
-1 1530706856.384921 0.12278 0.17964 0.774543
-1 1530706856.419053 0.122127 0.178468 0.774793
-1 1530706856.425385 0.122104 0.178366 0.774876
-1 1530706856.432128 0.122078 0.178175 0.775069
-1 1530706856.439631 0.122075 0.177988 0.775294
-1 1530706856.467505 0.122202 0.177316 0.776319
-1 1530706856.474128 0.122255 0.1771 0.776693
-1 1530706856.518667 0.122367 0.176557 0.778032
-1 1530706856.523225 0.122424 0.176254 0.779387
-1 1530706856.539409 0.122444 0.176108 0.77997
-1 1530706856.552172 0.122524 0.175817 0.781212
-1 1530706856.560599 0.122607 0.175582 0.782223
-1 1530706856.564998 0.122641 0.175507 0.782576
-1 1530706856.578952 0.122726 0.175356 0.783313
-1 1530706856.584704 0.122873 0.175119 0.784501
-1 1530706856.589885 0.122922 0.175035 0.784919
-1 1530706856.607512 0.123096 0.17471 0.786703
-1 1530706856.621542 0.123201 0.174504 0.788171
-1 1530706856.636529 0.123269 0.174379 0.78922
-1 1530706856.644205 0.123352 0.174185 0.790869
-1 1530706856.652287 0.123395 0.174037 0.791999
-1 1530706856.665126 0.123428 0.173882 0.793153
-1 1530706856.673364 0.123488 0.173665 0.794937
-1 1530706856.684396 0.123539 0.173529 0.796162
-1 1530706856.693873 0.123599 0.173401 0.797416
-1 1530706856.700861 0.12366 0.17329 0.798695
-1 1530706856.708609 0.123715 0.173193 0.800001
-1 1530706856.721690 0.123754 0.173113 0.801316
-1 1530706856.726163 0.123769 0.173043 0.802646
-1 1530706856.739107 0.123744 0.172959 0.804005
-1 1530706856.748285 0.123659 0.172847 0.806856
-1 1530706856.758092 0.123599 0.172805 0.808328
-1 1530706856.767613 0.123482 0.172739 0.810582
-1 1530706856.774913 0.123376 0.172697 0.8121
-1 1530706856.784100 0.123259 0.172666 0.813627
-1 1530706856.788474 0.123128 0.172633 0.815159
-1 1530706856.794475 0.12306 0.172608 0.815928
-1 1530706856.804937 0.122925 0.172542 0.817472
-1 1530706856.811324 0.122784 0.172445 0.819013
-1 1530706856.814913 0.12271 0.172383 0.819785
-1 1530706856.823128 0.122545 0.172259 0.821342
-1 1530706856.837600 0.122151 0.172079 0.824504
-1 1530706856.841498 0.122044 0.172046 0.825309
-1 1530706856.848260 0.121935 0.172019 0.826118
-1 1530706856.864600 0.121461 0.171955 0.829397
-1 1530706856.870036 0.12133 0.171948 0.830227
-1 1530706856.881110 0.120903 0.171961 0.832777
-1 1530706856.888134 0.120749 0.171976 0.833663
-1 1530706856.894227 0.120419 0.172013 0.835469
-1 1530706856.907437 0.120058 0.172037 0.837313
-1 1530706856.914409 0.119493 0.172013 0.840135
-1 1530706856.919999 0.1193 0.171996 0.841089
-1 1530706856.925405 0.118914 0.171964 0.843026
-1 1530706856.963964 0.117344 0.17188 0.851165
-1 1530706856.971553 0.117002 0.171915 0.853319
-1 1530706856.982106 0.116677 0.171972 0.855514
-1 1530706856.991917 0.11618 0.172098 0.858874
-1 1530706857.003308 0.115652 0.172273 0.862277
-1 1530706857.014783 0.115116 0.172494 0.86572
-1 1530706857.023286 0.114782 0.172691 0.868046
-1 1530706857.028865 0.11447 0.17293 0.870407
-1 1530706857.043202 0.114031 0.173351 0.873997
-1 1530706857.055450 0.11376 0.173694 0.876419
-1 1530706857.067580 0.113267 0.174463 0.881286
-1 1530706857.074614 0.113149 0.174657 0.882504
-1 1530706857.082932 0.112917 0.17502 0.884924
-1 1530706857.087069 0.112696 0.175336 0.887333
-1 1530706857.095959 0.112478 0.175611 0.88974
-1 1530706857.101879 0.112369 0.175735 0.890943
-1 1530706857.111389 0.112263 0.175859 0.892142
-1 1530706857.117519 0.111966 0.17621 0.895752
-1 1530706857.125071 0.111805 0.176449 0.898177
-1 1530706857.131443 0.111728 0.176574 0.899393
-1 1530706857.140785 0.111559 0.176812 0.901819
-1 1530706857.151091 0.111414 0.177067 0.904243
-1 1530706857.161499 0.111233 0.177494 0.907891
-1 1530706857.172679 0.111084 0.177908 0.911537
-1 1530706857.181429 0.11098 0.178161 0.913958
-1 1530706857.189627 0.110881 0.178383 0.916363
-1 1530706857.197207 0.110797 0.178586 0.918765
-1 1530706857.203978 0.110756 0.178685 0.919965
-1 1530706857.218973 0.110642 0.179037 0.924773
-1 1530706857.224950 0.110595 0.179189 0.927185
-1 1530706857.242036 0.11058 0.179265 0.928393
-1 1530706857.247825 0.110568 0.179565 0.933254
-1 1530706857.257322 0.110606 0.179718 0.935703
-1 1530706857.264558 0.110634 0.1798 0.936932
-1 1530706857.268956 0.110694 0.179969 0.939407
-1 1530706857.277626 0.110749 0.180141 0.941891
-1 1530706857.282833 0.110771 0.180233 0.943133
-1 1530706857.292448 0.110811 0.180412 0.94562
-1 1530706857.298957 0.110867 0.180581 0.948115
-1 1530706857.309077 0.110931 0.180724 0.950615
-1 1530706857.322366 0.111074 0.180926 0.955645
-1 1530706857.331000 0.111129 0.180978 0.958165
-1 1530706857.351525 0.111229 0.181069 0.963199
-1 1530706857.356371 0.111315 0.181133 0.965719
-1 1530706857.383797 0.111417 0.181199 0.968262
-1 1530706857.391368 0.111793 0.181352 0.975938
-1 1530706857.398006 0.111927 0.181373 0.978501
-1 1530706857.404195 0.112051 0.181396 0.981053
-1 1530706857.417321 0.112114 0.181407 0.982335
-1 1530706857.422512 0.112296 0.181463 0.986179
-1 1530706857.426751 0.112358 0.181477 0.987462
-1 1530706857.438896 0.112423 0.181494 0.98874
-1 1530706857.449884 0.112756 0.181464 0.995151
-1 1530706857.453879 0.112831 0.181473 0.996431
-1 1530706857.461089 0.112908 0.181486 0.99771
-1 1530706857.473693 0.11307 0.181515 1.00027
-1 1530706857.480960 0.113322 0.181541 1.00408
-1 1530706857.496257 0.113698 0.181662 1.00915
-1 1530706857.502662 0.113793 0.181693 1.01042
-1 1530706857.506865 0.113886 0.181726 1.01168
-1 1530706857.514753 0.114068 0.18177 1.01419
-1 1530706857.562332 0.114984 0.182208 1.02797
-1 1530706857.572675 0.11521 0.182287 1.03051
-1 1530706857.581791 0.115561 0.182403 1.03431
-1 1530706857.588006 0.1158 0.182459 1.03683
-1 1530706857.593116 0.115925 0.18249 1.03809
-1 1530706857.602222 0.116173 0.182547 1.04058
-1 1530706857.611688 0.116432 0.182607 1.04306
-1 1530706857.614412 0.116564 0.182637 1.0443
-1 1530706857.618670 0.11669 0.182665 1.04553
-1 1530706857.625872 0.116949 0.182738 1.04787
-1 1530706857.633053 0.117065 0.182764 1.04894
-1 1530706857.639265 0.117296 0.182886 1.0511
-1 1530706857.646915 0.117541 0.183056 1.05327
-1 1530706857.653658 0.117663 0.183152 1.05436
-1 1530706857.660848 0.117899 0.183359 1.05653
-1 1530706857.665279 0.11802 0.183464 1.05762
-1 1530706857.673856 0.118298 0.183673 1.05977
-1 1530706857.703087 0.119407 0.184398 1.06806
-1 1530706857.712823 0.119541 0.184472 1.06906
-1 1530706857.719961 0.119803 0.184653 1.071
-1 1530706857.727564 0.12002 0.184849 1.07289
-1 1530706857.731404 0.120123 0.184951 1.07381
-1 1530706857.742866 0.120366 0.185183 1.07562
-1 1530706857.750587 0.120684 0.185402 1.07742
-1 1530706857.756497 0.121076 0.185617 1.07918
-1 1530706857.767124 0.121537 0.185824 1.08089
-1 1530706857.777828 0.122341 0.186102 1.08335
-1 1530706857.784991 0.122938 0.186253 1.08491
-1 1530706857.792574 0.123562 0.186396 1.08644
-1 1530706857.802747 0.124188 0.186534 1.08792
-1 1530706857.810184 0.124824 0.186678 1.08932
-1 1530706857.827456 0.125135 0.186745 1.09001
-1 1530706857.837515 0.127193 0.187243 1.09391
-1 1530706857.845063 0.127541 0.187361 1.09454
-1 1530706857.856842 0.1282 0.187631 1.0958
-1 1530706857.863449 0.12883 0.187945 1.097
-1 1530706857.867651 0.129423 0.188286 1.0982
-1 1530706857.876117 0.130055 0.188628 1.09935
-1 1530706857.882627 0.130384 0.188793 1.0999
-1 1530706857.889938 0.131091 0.189108 1.10099
-1 1530706857.896566 0.131826 0.189406 1.10204
-1 1530706857.900439 0.132209 0.189542 1.10254
-1 1530706857.908141 0.132593 0.189671 1.10304
-1 1530706857.946544 0.132966 0.189798 1.10352
-1 1530706857.955523 0.133671 0.190061 1.10446
-1 1530706857.971306 0.134789 0.190621 1.10622
-1 1530706857.979901 0.135319 0.19092 1.10701
-1 1530706857.985667 0.135857 0.191228 1.10775
-1 1530706857.992481 0.136389 0.191536 1.10846
-1 1530706857.997407 0.136634 0.19169 1.10881
-1 1530706858.000134 0.136887 0.191848 1.10915
-1 1530706858.007176 0.137394 0.192176 1.10981
-1 1530706858.012830 0.137662 0.192352 1.11013
-1 1530706858.021519 0.138226 0.192746 1.11072
-1 1530706858.025927 0.138869 0.193173 1.11125
-1 1530706858.037154 0.139843 0.193781 1.11199
-1 1530706858.045150 0.140468 0.194174 1.11244
-1 1530706858.053993 0.141068 0.194536 1.11283
-1 1530706858.058779 0.141588 0.194848 1.11322
-1 1530706858.066051 0.142036 0.195126 1.1136
-1 1530706858.072846 0.14247 0.195388 1.11391
-1 1530706858.104434 0.143516 0.196093 1.11478
-1 1530706858.111861 0.143627 0.196239 1.11493
-1 1530706858.120423 0.143671 0.196403 1.11505
-1 1530706858.127146 0.143693 0.19661 1.11512
-1 1530706858.137399 0.143687 0.197035 1.11518
-1 1530706858.141512 0.143664 0.197181 1.11521
-1 1530706858.145403 0.143645 0.197327 1.11522
-1 1530706858.156770 0.143556 0.197608 1.11522
-1 1530706858.163749 0.143437 0.198019 1.11521
-1 1530706858.174354 0.143407 0.198308 1.11522
-1 1530706858.177869 0.143392 0.198598 1.11522
-1 1530706858.189451 0.143318 0.199018 1.11524
-1 1530706858.196655 0.143256 0.199264 1.11524
-1 1530706858.206836 0.143136 0.199545 1.11522
-1 1530706858.218131 0.142914 0.199697 1.11521
-1 1530706858.223336 0.142736 0.199745 1.11519
-1 1530706858.231444 0.142603 0.199767 1.11516
-1 1530706858.241798 0.142515 0.199805 1.11512
-1 1530706858.246363 0.142492 0.19982 1.11513
-1 1530706858.253517 0.142475 0.199836 1.11514
-1 1530706858.259749 0.142448 0.199871 1.11517
-1 1530706858.267700 0.142374 0.199906 1.11522
-1 1530706858.274879 0.142171 0.199911 1.11529
-1 1530706858.282779 0.141896 0.199884 1.11536
-1 1530706858.296937 0.140391 0.199787 1.11572
-1 1530706858.303431 0.140135 0.199759 1.11562
-1 1530706858.312566 0.139714 0.19971 1.11542
-1 1530706858.317893 0.139362 0.199667 1.11527
-1 1530706858.325594 0.13916 0.199648 1.11522
-1 1530706858.331241 0.13877 0.199588 1.11513
-1 1530706858.344817 0.138157 0.199428 1.11498
-1 1530706858.354014 0.138041 0.199387 1.11494
-1 1530706858.362067 0.137856 0.199304 1.11488
-1 1530706858.368923 0.137707 0.199238 1.11485
-1 1530706858.387094 0.13753 0.199098 1.11485
-1 1530706858.394375 0.137466 0.198997 1.11486
-1 1530706858.422097 0.137206 0.198566 1.11488
-1 1530706858.433270 0.137126 0.198447 1.11486
-1 1530706858.442201 0.137083 0.198379 1.11485
-1 1530706858.450629 0.136853 0.198049 1.11483
-1 1530706858.453889 0.136781 0.197956 1.11483
-1 1530706858.463429 0.136706 0.197855 1.11483
-1 1530706858.465645 0.136625 0.197748 1.11484
-1 1530706858.469993 0.136547 0.197635 1.11485
-1 1530706858.476991 0.136395 0.1974 1.11485
-1 1530706858.480409 0.136322 0.197283 1.11486
-1 1530706858.500650 0.136172 0.197059 1.11488
-1 1530706858.507052 0.135933 0.196626 1.11491
-1 1530706858.509908 0.135887 0.196521 1.11492
-1 1530706858.523243 0.13581 0.196317 1.11493
-1 1530706858.531216 0.135617 0.19602 1.11495
-1 1530706858.539250 0.13548 0.195815 1.11496
-1 1530706858.554258 0.135333 0.19552 1.11495
-1 1530706858.560107 0.135248 0.195327 1.11465
-1 1530706858.568517 0.135173 0.195117 1.11437
-1 1530706858.574683 0.135063 0.194933 1.11435
-1 1530706858.581567 0.135001 0.194839 1.11434
-1 1530706858.584706 0.13494 0.194747 1.11434
-1 1530706858.596723 0.134799 0.194563 1.11433
-1 1530706858.601980 0.134645 0.194383 1.11433
-1 1530706858.608750 0.134467 0.194202 1.11434
-1 1530706858.616243 0.134257 0.19402 1.11437
-1 1530706858.633926 0.133779 0.193657 1.11446
-1 1530706858.641943 0.133528 0.193456 1.11451
-1 1530706858.652906 0.133272 0.193247 1.11456
-1 1530706858.663049 0.133018 0.193041 1.1146
-1 1530706858.668546 0.132763 0.19284 1.11464
-1 1530706858.675278 0.13251 0.192635 1.11467
-1 1530706858.682033 0.132384 0.192534 1.11467
-1 1530706858.685549 0.132258 0.192432 1.11468
-1 1530706858.689978 0.132132 0.192332 1.11469
-1 1530706858.698471 0.131882 0.19214 1.1147
-1 1530706858.706284 0.131758 0.192051 1.11471
-1 1530706858.713846 0.131397 0.191782 1.11474
-1 1530706858.721101 0.131096 0.191591 1.11476
-1 1530706858.733896 0.13081 0.191388 1.11479
-1 1530706858.739153 0.130535 0.191185 1.11482
-1 1530706858.744139 0.130397 0.191087 1.11484
-1 1530706858.751654 0.130131 0.190894 1.11488
-1 1530706858.755866 0.130001 0.190803 1.11489
-1 1530706858.765525 0.129874 0.190717 1.11491
-1 1530706858.768570 0.12975 0.190633 1.11492
-1 1530706858.776319 0.129515 0.190467 1.11495
-1 1530706858.781149 0.129394 0.190386 1.11496
-1 1530706858.789804 0.129157 0.190232 1.11497
-1 1530706858.794547 0.129042 0.190161 1.11497
-1 1530706858.804730 0.128808 0.190033 1.11496
-1 1530706858.811803 0.12857 0.189905 1.11495
-1 1530706858.825170 0.128201 0.189676 1.11494
-1 1530706858.834073 0.127935 0.189514 1.11494
-1 1530706858.841955 0.127501 0.189264 1.11496
-1 1530706858.845351 0.127344 0.189184 1.11497
-1 1530706858.852899 0.127032 0.189023 1.11501
-1 1530706858.859394 0.126875 0.188946 1.11503
-1 1530706858.867468 0.126412 0.188725 1.1151
-1 1530706858.870407 0.12626 0.188651 1.11512
-1 1530706858.883963 0.125958 0.188502 1.11517
-1 1530706858.891591 0.125658 0.188342 1.11521
-1 1530706858.898895 0.125369 0.188175 1.11524
-1 1530706858.912797 0.124945 0.187906 1.11529
-1 1530706858.924035 0.12453 0.18764 1.11534
-1 1530706858.931235 0.124231 0.187474 1.11536
-1 1530706858.942549 0.123927 0.187302 1.11539
-1 1530706858.948458 0.123642 0.187132 1.11542
-1 1530706858.954358 0.123374 0.18697 1.11544
-1 1530706858.961868 0.123244 0.18689 1.11546
-1 1530706858.971587 0.122871 0.186646 1.11549
-1 1530706858.981760 0.122633 0.186476 1.11551
-1 1530706858.987283 0.122518 0.186388 1.11552
-1 1530706858.992332 0.122297 0.186208 1.11554
-1 1530706859.005390 0.122086 0.186025 1.11556
-1 1530706859.013491 0.121788 0.185766 1.11558
-1 1530706859.018099 0.121693 0.185683 1.11558
-1 1530706859.021132 0.121599 0.185602 1.11559
-1 1530706859.034049 0.121415 0.185441 1.11561
-1 1530706859.063509 0.120854 0.184973 1.1157
-1 1530706859.068418 0.120731 0.184849 1.11573
-1 1530706859.083139 0.120675 0.18479 1.11575
-1 1530706859.096143 0.120461 0.184579 1.11581
-1 1530706859.106776 0.120358 0.184475 1.11584
-1 1530706859.116522 0.120204 0.184319 1.11587
-1 1530706859.124344 0.120096 0.184223 1.1159
-1 1530706859.133358 0.119951 0.184142 1.11591
-1 1530706859.137340 0.11988 0.184105 1.11592
-1 1530706859.141295 0.119808 0.18407 1.11592
-1 1530706859.145853 0.119735 0.184036 1.11593
-1 1530706859.153316 0.119587 0.183972 1.11594
