-1 1536064670.930240 -1.17345 0.0887172 1.11182
-1 1536064670.978687 -1.17357 0.0888373 1.11184
-1 1536064670.991251 -1.17384 0.0890879 1.11188
-1 1536064670.997225 -1.17393 0.089172 1.11189
-1 1536064671.046735 -1.17437 0.0894028 1.11191
-1 1536064671.066794 -1.17445 0.089499 1.1119
-1 1536064671.071866 -1.17447 0.089549 1.1119
-1 1536064671.078078 -1.17449 0.089576 1.1119
-1 1536064671.083472 -1.17452 0.0896318 1.1119
-1 1536064671.098916 -1.17457 0.0897163 1.1119
-1 1536064671.113444 -1.1746 0.0898031 1.1119
-1 1536064671.121900 -1.1748 0.0898959 1.11191
-1 1536064671.141478 -1.17486 0.0899561 1.11191
-1 1536064671.147711 -1.17489 0.090038 1.1119
-1 1536064671.159120 -1.17491 0.0900789 1.1119
-1 1536064671.170071 -1.17493 0.0901367 1.1119
-1 1536064671.181348 -1.17495 0.0901881 1.11189
-1 1536064671.196715 -1.17497 0.0902356 1.11189
-1 1536064671.202681 -1.175 0.0902833 1.11189
-1 1536064671.214930 -1.17513 0.090331 1.1119
-1 1536064671.225923 -1.17521 0.090389 1.1119
-1 1536064671.238972 -1.17526 0.0904485 1.11189
-1 1536064671.249959 -1.17529 0.0905073 1.11189
-1 1536064671.263153 -1.17532 0.0905608 1.11189
-1 1536064671.281620 -1.17534 0.0906456 1.11188
-1 1536064671.319557 -1.17551 0.0908032 1.11188
-1 1536064671.325041 -1.17555 0.090825 1.11187
-1 1536064671.336210 -1.17557 0.0908446 1.11187
-1 1536064671.351230 -1.1756 0.0908677 1.11187
-1 1536064671.359910 -1.1756 0.0908747 1.11186
-1 1536064671.367803 -1.1756 0.0908887 1.11186
-1 1536064671.377667 -1.17561 0.0909059 1.11186
-1 1536064671.385110 -1.17561 0.0909146 1.11186
-1 1536064671.392778 -1.17561 0.0909233 1.11186
-1 1536064671.405702 -1.1756 0.0909397 1.11186
-1 1536064671.415543 -1.17559 0.0909537 1.11186
-1 1536064671.427536 -1.17557 0.0909575 1.11186
-1 1536064671.435063 -1.17561 0.0910003 1.11186
-1 1536064671.447555 -1.17564 0.0910333 1.11186
-1 1536064671.452882 -1.17564 0.0910528 1.11186
-1 1536064671.458501 -1.17564 0.0910589 1.11185
-1 1536064671.477029 -1.17563 0.0910718 1.11185
-1 1536064671.485035 -1.17559 0.0910872 1.11184
-1 1536064671.497176 -1.17556 0.0910956 1.11183
-1 1536064671.509467 -1.17552 0.0910999 1.11182
-1 1536064671.516613 -1.17549 0.0911004 1.11181
-1 1536064671.526985 -1.17547 0.0910966 1.11181
-1 1536064671.532684 -1.17545 0.0910957 1.1118
-1 1536064671.559239 -1.17543 0.0910926 1.1118
-1 1536064671.600143 -1.17544 0.0912094 1.11178
-1 1536064671.607441 -1.17543 0.0912137 1.11178
-1 1536064671.623357 -1.17542 0.0911987 1.11177
-1 1536064671.633217 -1.17541 0.0911896 1.11177
-1 1536064671.644444 -1.1754 0.0911692 1.11177
-1 1536064671.660788 -1.17538 0.0911196 1.11176
-1 1536064671.683489 -1.17536 0.091096 1.11176
-1 1536064671.693283 -1.17538 0.09111 1.11175
-1 1536064671.704879 -1.17539 0.0911026 1.11175
-1 1536064671.718095 -1.17538 0.0910844 1.11174
-1 1536064671.736791 -1.17535 0.091018 1.11173
-1 1536064671.748761 -1.17534 0.0909938 1.11172
-1 1536064671.762347 -1.1753 0.0909189 1.11171
-1 1536064671.773599 -1.17528 0.090882 1.11171
-1 1536064671.803385 -1.17532 0.0907756 1.1117
-1 1536064671.812145 -1.17534 0.0907213 1.1117
-1 1536064671.852493 -1.17533 0.0904789 1.1117
-1 1536064671.865903 -1.17532 0.0904223 1.11169
-1 1536064671.874027 -1.1753 0.0903651 1.11169
-1 1536064671.899466 -1.17536 0.0901462 1.11169
-1 1536064671.907382 -1.17537 0.0900858 1.11169
-1 1536064671.915085 -1.17537 0.0900292 1.11169
-1 1536064671.926867 -1.17536 0.0899542 1.11169
-1 1536064671.939733 -1.17532 0.0898227 1.11169
-1 1536064671.956844 -1.17529 0.0897007 1.11168
-1 1536064671.995867 -1.17537 0.0894904 1.11168
-1 1536064672.001054 -1.17538 0.0894244 1.11167
-1 1536064672.005607 -1.17538 0.089371 1.11167
-1 1536064672.017400 -1.17536 0.089316 1.11167
-1 1536064672.031946 -1.17532 0.0892306 1.11166
-1 1536064672.042727 -1.17528 0.0891387 1.11166
-1 1536064672.063401 -1.17522 0.0890415 1.11165
-1 1536064672.074114 -1.17518 0.0888872 1.11165
-1 1536064672.079259 -1.17519 0.0888037 1.11165
-1 1536064672.107517 -1.17519 0.0887325 1.11166
-1 1536064672.139654 -1.17494 0.0883722 1.11164
-1 1536064672.142738 -1.17489 0.0882809 1.11164
-1 1536064672.154826 -1.17487 0.0882485 1.11163
-1 1536064672.160839 -1.17488 0.0881609 1.11164
-1 1536064672.172094 -1.17488 0.0880572 1.11164
-1 1536064672.190355 -1.17485 0.0879214 1.11163
-1 1536064672.203692 -1.1748 0.0878253 1.11163
-1 1536064672.212574 -1.17477 0.0877607 1.11163
-1 1536064672.220925 -1.17472 0.0876984 1.11163
-1 1536064672.228556 -1.17468 0.0876342 1.11163
-1 1536064672.240654 -1.17463 0.0875659 1.11163
-1 1536064672.251482 -1.17455 0.0874758 1.11163
-1 1536064672.261609 -1.17453 0.0874119 1.11163
-1 1536064672.270465 -1.17453 0.0873914 1.11163
-1 1536064672.277297 -1.17452 0.0873457 1.11163
-1 1536064672.288233 -1.17447 0.0872867 1.11163
-1 1536064672.308181 -1.17439 0.0872335 1.11162
-1 1536064672.311845 -1.17435 0.087215 1.11162
-1 1536064672.319716 -1.17431 0.0872014 1.11162
-1 1536064672.325730 -1.17428 0.0871877 1.11162
-1 1536064672.332497 -1.17426 0.0871813 1.11162
-1 1536064672.338037 -1.17423 0.0871673 1.11161
-1 1536064672.349236 -1.17417 0.0871363 1.11161
-1 1536064672.357336 -1.17414 0.0870849 1.11161
-1 1536064672.366370 -1.17412 0.0870384 1.1116
-1 1536064672.379579 -1.17409 0.0870167 1.11158
-1 1536064672.404131 -1.17407 0.0870162 1.11157
-1 1536064672.419419 -1.17377 0.0870076 1.11146
-1 1536064672.424979 -1.1737 0.0869945 1.11144
-1 1536064672.436082 -1.17362 0.0869773 1.11141
-1 1536064672.441185 -1.17356 0.0869635 1.11139
-1 1536064672.454202 -1.17342 0.0869406 1.11135
-1 1536064672.478940 -1.17331 0.0869317 1.11133
-1 1536064672.485372 -1.17289 0.0869963 1.11124
-1 1536064672.501868 -1.1727 0.0870695 1.11119
-1 1536064672.509560 -1.17251 0.0871518 1.11114
-1 1536064672.517686 -1.1723 0.0872448 1.11109
-1 1536064672.521362 -1.17223 0.0872793 1.11108
-1 1536064672.529623 -1.17209 0.0873437 1.11104
-1 1536064672.541960 -1.17196 0.0874209 1.11101
-1 1536064672.554856 -1.17155 0.0876327 1.11092
-1 1536064672.561857 -1.17136 0.0877219 1.11087
-1 1536064672.571535 -1.17126 0.0877674 1.11085
-1 1536064672.577981 -1.17096 0.0879066 1.11078
-1 1536064672.600721 -1.17076 0.0880183 1.11073
-1 1536064672.606379 -1.17015 0.0884227 1.11057
-1 1536064672.613688 -1.17004 0.0884974 1.11055
-1 1536064672.621734 -1.16986 0.0886618 1.1105
-1 1536064672.624871 -1.16973 0.088874 1.11045
-1 1536064672.634324 -1.16957 0.0890778 1.11041
-1 1536064672.649272 -1.16931 0.0893741 1.11033
-1 1536064672.664406 -1.169 0.0896686 1.11026
-1 1536064672.678441 -1.16854 0.09006 1.11017
-1 1536064672.690411 -1.16804 0.0904597 1.11007
-1 1536064672.712141 -1.16716 0.0912545 1.1099
-1 1536064672.719579 -1.16693 0.0915232 1.10985
-1 1536064672.731142 -1.16655 0.0919336 1.10978
-1 1536064672.738019 -1.16641 0.0920743 1.10975
-1 1536064672.751135 -1.16602 0.0925102 1.10968
-1 1536064672.768112 -1.16546 0.0931266 1.10958
-1 1536064672.774482 -1.16518 0.0934475 1.10955
-1 1536064672.783439 -1.16475 0.0939344 1.10951
-1 1536064672.794402 -1.16461 0.0940976 1.1095
-1 1536064672.809574 -1.16404 0.0947684 1.10948
-1 1536064672.813286 -1.1638 0.0951216 1.10947
-1 1536064672.823709 -1.16368 0.0952969 1.10947
-1 1536064672.829320 -1.16342 0.0956439 1.10947
-1 1536064672.835695 -1.16315 0.0959909 1.10947
-1 1536064672.843783 -1.16301 0.096165 1.10947
-1 1536064672.854622 -1.1626 0.0967007 1.10948
-1 1536064672.861886 -1.16231 0.0970772 1.10948
-1 1536064672.871260 -1.16203 0.0974698 1.10948
-1 1536064672.885609 -1.16174 0.0978769 1.10949
-1 1536064672.896567 -1.16116 0.0987297 1.10949
-1 1536064672.902551 -1.16087 0.099177 1.10949
-1 1536064672.918062 -1.16029 0.100204 1.10948
-1 1536064672.927056 -1.16 0.100702 1.10947
-1 1536064672.950985 -1.15972 0.101195 1.10945
-1 1536064672.966690 -1.15889 0.102684 1.10939
-1 1536064672.975536 -1.15834 0.103688 1.10934
-1 1536064672.984562 -1.15807 0.104197 1.1093
-1 1536064672.995263 -1.1578 0.104709 1.10927
-1 1536064673.014865 -1.15746 0.105502 1.10921
-1 1536064673.045024 -1.15663 0.107955 1.10894
-1 1536064673.069546 -1.15653 0.108239 1.10891
-1 1536064673.087441 -1.15573 0.111015 1.10856
-1 1536064673.098993 -1.15547 0.112047 1.10845
-1 1536064673.106374 -1.15531 0.112849 1.10839
-1 1536064673.130332 -1.15503 0.114964 1.10824
-1 1536064673.136415 -1.15486 0.11583 1.10819
-1 1536064673.171285 -1.15423 0.118457 1.108
-1 1536064673.181052 -1.15401 0.119322 1.10793
-1 1536064673.190304 -1.15376 0.120178 1.10786
-1 1536064673.200014 -1.15364 0.120605 1.10782
-1 1536064673.217755 -1.15337 0.121468 1.10774
-1 1536064673.226812 -1.15288 0.123319 1.10756
-1 1536064673.235882 -1.1528 0.124383 1.10745
-1 1536064673.249518 -1.15267 0.125399 1.10732
-1 1536064673.255997 -1.1525 0.126368 1.10717
-1 1536064673.275898 -1.1521 0.128199 1.10681
-1 1536064673.285370 -1.152 0.128642 1.10671
-1 1536064673.295310 -1.15178 0.129511 1.10654
-1 1536064673.332058 -1.15095 0.132769 1.10594
-1 1536064673.337733 -1.15088 0.133163 1.1059
-1 1536064673.344891 -1.15081 0.133557 1.10587
-1 1536064673.352464 -1.15079 0.134108 1.10585
-1 1536064673.362082 -1.15085 0.135181 1.10583
-1 1536064673.369907 -1.15086 0.13569 1.10582
-1 1536064673.375170 -1.15084 0.136187 1.10582
-1 1536064673.381746 -1.1508 0.136674 1.10583
-1 1536064673.390483 -1.15076 0.137152 1.10583
-1 1536064673.397617 -1.15062 0.138075 1.10586
-1 1536064673.408680 -1.15053 0.138519 1.10588
-1 1536064673.425352 -1.15031 0.139384 1.10592
-1 1536064673.435503 -1.1499 0.140626 1.10601
-1 1536064673.440491 -1.14975 0.141027 1.10604
-1 1536064673.451970 -1.1494 0.141816 1.1061
-1 1536064673.464529 -1.14903 0.14258 1.10616
-1 1536064673.470525 -1.14882 0.142954 1.10618
-1 1536064673.487130 -1.14842 0.143696 1.10623
-1 1536064673.498737 -1.14788 0.145072 1.10629
-1 1536064673.517102 -1.14738 0.14643 1.10634
-1 1536064673.553876 -1.14345 0.150111 1.10642
-1 1536064673.578261 -1.14272 0.150758 1.10621
-1 1536064673.592952 -1.14234 0.151209 1.10608
-1 1536064673.669384 -1.14165 0.152204 1.10579
-1 1536064673.697414 -1.13432 0.15898 1.1076
-1 1536064673.707078 -1.13373 0.159704 1.10783
-1 1536064673.715977 -1.13322 0.160342 1.10803
-1 1536064673.731916 -1.13226 0.161554 1.10835
-1 1536064673.734648 -1.1321 0.161731 1.10839
-1 1536064673.750547 -1.13146 0.162244 1.10848
-1 1536064673.752888 -1.13109 0.162406 1.10848
-1 1536064673.757875 -1.13069 0.162518 1.10845
-1 1536064673.765559 -1.13002 0.162583 1.10837
-1 1536064673.772349 -1.12932 0.162903 1.10818
-1 1536064673.783604 -1.12867 0.163016 1.10799
-1 1536064673.793542 -1.12818 0.163057 1.10784
-1 1536064673.796752 -1.12765 0.163071 1.10767
-1 1536064673.802895 -1.12736 0.163071 1.10759
-1 1536064673.807853 -1.12676 0.163062 1.1074
-1 1536064673.815743 -1.12613 0.163036 1.10719
-1 1536064673.830399 -1.12581 0.163018 1.10709
-1 1536064673.837121 -1.12451 0.162921 1.10667
-1 1536064673.843235 -1.12386 0.162862 1.10644
-1 1536064673.849123 -1.12353 0.162834 1.10633
-1 1536064673.854488 -1.12303 0.162978 1.10611
-1 1536064673.867093 -1.12247 0.163057 1.10589
-1 1536064673.882840 -1.12111 0.163154 1.10547
-1 1536064673.891400 -1.12033 0.163178 1.10528
-1 1536064673.902340 -1.11909 0.163165 1.10502
-1 1536064673.915953 -1.11678 0.163102 1.10461
-1 1536064673.919244 -1.11628 0.163094 1.10454
-1 1536064673.935272 -1.11524 0.163079 1.10439
-1 1536064673.948981 -1.11225 0.163193 1.10397
-1 1536064673.958614 -1.11128 0.163202 1.10384
-1 1536064673.966515 -1.11029 0.163185 1.10372
-1 1536064673.972853 -1.10923 0.163131 1.10361
-1 1536064673.977914 -1.10868 0.163089 1.10355
-1 1536064673.985013 -1.10756 0.162984 1.10343
-1 1536064673.995479 -1.10641 0.162857 1.10332
-1 1536064674.005248 -1.10463 0.162656 1.10312
-1 1536064674.016108 -1.1034 0.162518 1.10298
-1 1536064674.025194 -1.10154 0.16231 1.10276
-1 1536064674.037736 -1.10028 0.162165 1.1026
-1 1536064674.045293 -1.09882 0.162001 1.10236
-1 1536064674.052615 -1.09778 0.161851 1.10218
-1 1536064674.059342 -1.09723 0.161773 1.10209
-1 1536064674.064688 -1.09609 0.161616 1.1019
-1 1536064674.072224 -1.09488 0.161442 1.1017
-1 1536064674.083302 -1.09362 0.161246 1.10149
-1 1536064674.088599 -1.09231 0.161021 1.10128
-1 1536064674.100555 -1.09094 0.160775 1.10107
-1 1536064674.112040 -1.0888 0.160399 1.10074
-1 1536064674.118756 -1.08733 0.160154 1.10052
-1 1536064674.124635 -1.0858 0.159905 1.10029
-1 1536064674.129033 -1.08501 0.159778 1.10018
-1 1536064674.142662 -1.08437 0.159699 1.10008
-1 1536064674.151355 -1.08086 0.159028 1.09951
-1 1536064674.158005 -1.07929 0.158733 1.09925
-1 1536064674.167764 -1.07763 0.15843 1.09898
-1 1536064674.173242 -1.07592 0.158115 1.09869
-1 1536064674.181047 -1.07415 0.157774 1.09841
-1 1536064674.190058 -1.07324 0.157589 1.09828
-1 1536064674.194915 -1.0704 0.156995 1.09793
-1 1536064674.215016 -1.06943 0.156789 1.09784
-1 1536064674.220439 -1.06366 0.155609 1.0975
-1 1536064674.229553 -1.06201 0.155188 1.09744
-1 1536064674.238341 -1.06023 0.154733 1.09739
-1 1536064674.250485 -1.05728 0.153955 1.09736
-1 1536064674.261013 -1.05401 0.153013 1.09739
-1 1536064674.268347 -1.05171 0.152271 1.09744
-1 1536064674.292030 -1.04742 0.151199 1.09773
-1 1536064674.297713 -1.04317 0.150417 1.09809
-1 1536064674.302514 -1.04206 0.150208 1.09821
-1 1536064674.311592 -1.03981 0.149779 1.09848
-1 1536064674.329488 -1.03674 0.149061 1.09895
-1 1536064674.350335 -1.03242 0.147838 1.09971
-1 1536064674.358434 -1.02902 0.146637 1.10034
-1 1536064674.372111 -1.02664 0.145684 1.10079
-1 1536064674.380486 -1.02296 0.14409 1.10152
-1 1536064674.390382 -1.02048 0.142978 1.10203
-1 1536064674.398432 -1.01798 0.14185 1.10256
-1 1536064674.414232 -1.01422 0.140203 1.10339
-1 1536064674.433030 -1.00936 0.138161 1.10455
-1 1536064674.452103 -1.00579 0.136777 1.10547
-1 1536064674.456670 -1.00205 0.135442 1.10638
-1 1536064674.463172 -1.00078 0.134994 1.10669
-1 1536064674.480115 -0.996888 0.133617 1.10759
-1 1536064674.489691 -0.99287 0.132161 1.10849
-1 1536064674.500744 -0.990115 0.131133 1.10907
-1 1536064674.507052 -0.987316 0.130081 1.10964
-1 1536064674.512034 -0.9859 0.129556 1.10991
-1 1536064674.518620 -0.984473 0.129037 1.11018
-1 1536064674.524952 -0.981576 0.128011 1.11068
-1 1536064674.530550 -0.980111 0.12751 1.11093
-1 1536064674.537705 -0.978808 0.127004 1.11116
-1 1536064674.558827 -0.973368 0.12516 1.11208
-1 1536064674.567157 -0.969139 0.123828 1.1127
-1 1536064674.575229 -0.966307 0.122916 1.11309
-1 1536064674.587580 -0.963493 0.121995 1.11347
-1 1536064674.597715 -0.960696 0.12107 1.11383
-1 1536064674.604847 -0.957916 0.120146 1.11419
-1 1536064674.612213 -0.955155 0.119228 1.11453
-1 1536064674.624269 -0.95242 0.11833 1.11487
-1 1536064674.629640 -0.951063 0.117892 1.11503
-1 1536064674.635379 -0.94838 0.11703 1.11535
-1 1536064674.663844 -0.938414 0.113537 1.11656
-1 1536064674.668534 -0.937136 0.113099 1.1167
-1 1536064674.679215 -0.934539 0.112197 1.11696
-1 1536064674.692702 -0.930593 0.110784 1.11731
-1 1536064674.696966 -0.927929 0.109816 1.11751
-1 1536064674.711374 -0.923885 0.108341 1.11776
-1 1536064674.720345 -0.921147 0.107363 1.11789
-1 1536064674.734202 -0.917007 0.105911 1.11804
-1 1536064674.740801 -0.915615 0.105418 1.11807
-1 1536064674.754946 -0.913019 0.104295 1.11811
-1 1536064674.760558 -0.911681 0.103768 1.11812
-1 1536064674.772875 -0.90895 0.102762 1.11812
-1 1536064674.782195 -0.907565 0.102278 1.1181
-1 1536064674.790445 -0.904796 0.101323 1.11804
-1 1536064674.798946 -0.902033 0.100366 1.11794
-1 1536064674.807359 -0.899278 0.0994126 1.11781
-1 1536064674.810289 -0.897903 0.0989398 1.11774
-1 1536064674.818536 -0.895152 0.0980062 1.11758
-1 1536064674.827379 -0.892392 0.0970884 1.1174
-1 1536064674.837651 -0.88963 0.0961906 1.1172
-1 1536064674.843929 -0.886875 0.0953095 1.11698
-1 1536064674.857953 -0.885498 0.0948736 1.11687
-1 1536064674.860862 -0.881521 0.0934661 1.11651
-1 1536064674.876493 -0.87766 0.0919976 1.11612
-1 1536064674.888896 -0.875068 0.0910651 1.11584
-1 1536064674.899871 -0.872474 0.0901576 1.11554
-1 1536064674.903821 -0.871177 0.0897092 1.11538
-1 1536064674.911979 -0.86988 0.0892613 1.11522
-1 1536064674.917724 -0.867294 0.0883598 1.1149
-1 1536064674.923953 -0.864696 0.0874607 1.11463
-1 1536064674.932481 -0.862111 0.0865696 1.11443
-1 1536064674.942759 -0.859535 0.085668 1.11427
-1 1536064674.948236 -0.856967 0.0847513 1.11415
-1 1536064674.974534 -0.849526 0.0817672 1.11393
-1 1536064674.986153 -0.844768 0.0796546 1.11383
-1 1536064674.992192 -0.842412 0.0786316 1.11378
-1 1536064674.999365 -0.840077 0.0776088 1.11371
-1 1536064675.010018 -0.836605 0.0761088 1.11359
-1 1536064675.021763 -0.835462 0.0756333 1.11355
-1 1536064675.028999 -0.833209 0.0746927 1.11346
-1 1536064675.036133 -0.83098 0.0737619 1.11335
-1 1536064675.046605 -0.828754 0.0728622 1.11324
-1 1536064675.049777 -0.82764 0.0724306 1.11318
-1 1536064675.059419 -0.825428 0.0715982 1.11305
-1 1536064675.068563 -0.824332 0.0711944 1.11299
-1 1536064675.081909 -0.821319 0.0696831 1.11284
-1 1536064675.089910 -0.817908 0.0685092 1.11268
-1 1536064675.107793 -0.816446 0.0687575 1.11271
-1 1536064675.111701 -0.815404 0.069485 1.11291
-1 1536064675.122526 -0.814611 0.0698712 1.11311
-1 1536064675.144742 -0.811841 0.0700134 1.11365
-1 1536064675.150652 -0.811164 0.0699257 1.11376
-1 1536064675.158569 -0.810459 0.0698123 1.11385
-1 1536064675.168718 -0.808975 0.069529 1.11402
-1 1536064675.188433 -0.807407 0.0689209 1.11416
-1 1536064675.196128 -0.804941 0.0681235 1.11433
-1 1536064675.206259 -0.803244 0.0676403 1.11442
-1 1536064675.211750 -0.801516 0.0671864 1.11449
-1 1536064675.219406 -0.799772 0.0667544 1.11453
-1 1536064675.236972 -0.796258 0.0659348 1.11454
-1 1536064675.242825 -0.794511 0.0655281 1.11452
-1 1536064675.267560 -0.788629 0.0639403 1.11432
-1 1536064675.274265 -0.786318 0.0627928 1.11421
-1 1536064675.279339 -0.784935 0.0621556 1.11414
-1 1536064675.287374 -0.783685 0.0616171 1.11406
-1 1536064675.297800 -0.782548 0.0611692 1.114
-1 1536064675.305393 -0.780962 0.0606494 1.11392
-1 1536064675.325792 -0.780434 0.0604966 1.1139
-1 1536064675.342449 -0.775886 0.0596337 1.11375
-1 1536064675.349221 -0.774636 0.0594824 1.11371
-1 1536064675.383650 -0.772704 0.0589383 1.11362
-1 1536064675.403545 -0.76398 0.0570526 1.11299
-1 1536064675.416434 -0.761632 0.0566227 1.11276
-1 1536064675.422356 -0.760045 0.0563736 1.1126
-1 1536064675.435813 -0.758448 0.0561685 1.11242
-1 1536064675.448215 -0.755173 0.0556515 1.11206
-1 1536064675.709232 -0.746704 0.0541479 1.11111
-1 1536064676.100273 -0.647517 0.0578213 1.10126
-1 1536064676.113812 -0.643384 0.0580892 1.10092
-1 1536064676.133328 -0.63779 0.058587 1.10058
-1 1536064676.147530 -0.631639 0.0590668 1.10036
-1 1536064676.153524 -0.627822 0.0593472 1.10033
-1 1536064676.165659 -0.625291 0.0595227 1.10035
-1 1536064676.170171 -0.622794 0.0595834 1.10039
-1 1536064676.175890 -0.621471 0.0597345 1.10067
-1 1536064676.189938 -0.617519 0.0600655 1.10089
-1 1536064676.198208 -0.614982 0.0604418 1.10105
-1 1536064676.206434 -0.611393 0.0610757 1.10133
-1 1536064676.219948 -0.609105 0.0615719 1.10153
-1 1536064676.228694 -0.605683 0.0623586 1.10184
-1 1536064676.234539 -0.603353 0.0628556 1.10204
-1 1536064676.248082 -0.600988 0.0633132 1.10221
-1 1536064676.269794 -0.592329 0.0646258 1.10263
-1 1536064676.276544 -0.589711 0.0650226 1.1027
-1 1536064676.279777 -0.588396 0.0652717 1.10273
-1 1536064676.294442 -0.585756 0.0658614 1.10278
-1 1536064676.300608 -0.581723 0.0669196 1.10285
-1 1536064676.312473 -0.577682 0.0680787 1.10289
-1 1536064676.317833 -0.575023 0.0688672 1.1029
-1 1536064676.324690 -0.572378 0.0696505 1.1029
-1 1536064676.334888 -0.569722 0.0704091 1.1029
-1 1536064676.340422 -0.567045 0.0711201 1.10291
-1 1536064676.351095 -0.564377 0.0717954 1.10294
-1 1536064676.357751 -0.560296 0.0723879 1.103
-1 1536064676.364378 -0.558928 0.0726061 1.10302
-1 1536064676.369478 -0.556175 0.0730723 1.10307
-1 1536064676.379275 -0.553412 0.0735744 1.10313
-1 1536064676.388346 -0.549259 0.074363 1.10323
-1 1536064676.398969 -0.546473 0.0749044 1.10331
-1 1536064676.404434 -0.543655 0.0754621 1.1034
-1 1536064676.412014 -0.540815 0.076037 1.10352
-1 1536064676.416325 -0.539389 0.0763337 1.10358
-1 1536064676.422824 -0.536525 0.0769288 1.1037
-1 1536064676.429422 -0.533652 0.0775262 1.10382
-1 1536064676.438034 -0.532216 0.0778254 1.10387
-1 1536064676.447344 -0.527919 0.0785251 1.10403
-1 1536064676.466226 -0.52506 0.0789976 1.10417
-1 1536064676.474347 -0.51656 0.0807564 1.10479
-1 1536064676.488872 -0.512334 0.0817402 1.10516
-1 1536064676.496143 -0.508131 0.0827201 1.10555
-1 1536064676.517493 -0.499852 0.0845779 1.10635
-1 1536064676.522072 -0.49849 0.0848757 1.10648
-1 1536064676.528756 -0.495779 0.0853502 1.10673
-1 1536064676.536016 -0.493082 0.0857603 1.10699
-1 1536064676.546693 -0.48904 0.0864805 1.10737
-1 1536064676.552348 -0.487698 0.0867446 1.10749
-1 1536064676.558191 -0.485021 0.0873057 1.10774
-1 1536064676.569777 -0.482341 0.0879156 1.10798
-1 1536064676.591652 -0.474259 0.0899102 1.10874
-1 1536064676.599382 -0.470213 0.0909051 1.10913
-1 1536064676.607251 -0.467536 0.0915484 1.1094
-1 1536064676.614050 -0.464881 0.0921747 1.10966
-1 1536064676.622371 -0.462255 0.0925611 1.10992
-1 1536064676.631944 -0.458374 0.0932265 1.11031
-1 1536064676.634416 -0.457089 0.0934771 1.11043
-1 1536064676.638613 -0.455806 0.0937409 1.11056
-1 1536064676.647440 -0.454525 0.0940178 1.11068
-1 1536064676.655486 -0.450692 0.0949015 1.11102
-1 1536064676.666108 -0.448158 0.0955124 1.11123
-1 1536064676.676733 -0.443152 0.0967725 1.11162
-1 1536064676.684074 -0.440686 0.0974282 1.11179
-1 1536064676.696606 -0.43825 0.0980959 1.11196
-1 1536064676.702685 -0.434625 0.0991377 1.1122
-1 1536064676.712338 -0.432232 0.0996446 1.11236
-1 1536064676.719897 -0.429867 0.100222 1.11251
-1 1536064676.728039 -0.427519 0.100863 1.11265
-1 1536064676.736283 -0.425186 0.101553 1.11278
-1 1536064676.741607 -0.424024 0.101913 1.11284
-1 1536064676.748969 -0.421707 0.102655 1.11295
-1 1536064676.763278 -0.419407 0.103417 1.11305
-1 1536064676.768703 -0.415978 0.104572 1.11319
-1 1536064676.779177 -0.413708 0.105359 1.11327
-1 1536064676.784531 -0.411453 0.106149 1.11335
-1 1536064676.797412 -0.410329 0.106544 1.11339
-1 1536064676.802247 -0.406967 0.107724 1.11348
-1 1536064676.811420 -0.404704 0.108296 1.11354
-1 1536064676.822099 -0.401308 0.109226 1.11361
-1 1536064676.831023 -0.399046 0.10988 1.11364
-1 1536064676.841719 -0.396788 0.110555 1.11366
-1 1536064676.844806 -0.395658 0.110893 1.11367
-1 1536064676.849093 -0.394532 0.111228 1.11367
-1 1536064676.872027 -0.39116 0.112207 1.11367
-1 1536064676.882667 -0.385543 0.113804 1.11358
-1 1536064676.891892 -0.383316 0.114438 1.11351
-1 1536064676.912360 -0.377875 0.115769 1.11333
-1 1536064676.927150 -0.374708 0.116437 1.1132
-1 1536064676.934305 -0.37263 0.116908 1.11311
-1 1536064676.944966 -0.369559 0.117628 1.11295
-1 1536064676.952699 -0.367536 0.118116 1.11282
-1 1536064676.966000 -0.364557 0.118852 1.11262
-1 1536064676.970785 -0.363581 0.119095 1.11254
-1 1536064676.979680 -0.362612 0.119339 1.11246
-1 1536064676.988576 -0.359728 0.120069 1.1122
-1 1536064677.002592 -0.357826 0.12056 1.11201
-1 1536064677.012824 -0.354144 0.121397 1.11159
-1 1536064677.019801 -0.352372 0.121769 1.11137
-1 1536064677.027062 -0.35063 0.122181 1.11112
-1 1536064677.035296 -0.348987 0.12266 1.11088
-1 1536064677.045953 -0.348243 0.122954 1.11076
-1 1536064677.053780 -0.346545 0.124144 1.11055
-1 1536064677.063699 -0.345719 0.125083 1.11054
-1 1536064677.070814 -0.344918 0.125992 1.11063
-1 1536064677.078648 -0.344012 0.126794 1.11078
-1 1536064677.087465 -0.342968 0.127469 1.11096
-1 1536064677.094785 -0.341798 0.128028 1.11114
-1 1536064677.101283 -0.341157 0.128259 1.11123
-1 1536064677.113598 -0.339025 0.128779 1.11149
-1 1536064677.121926 -0.337455 0.129018 1.11164
-1 1536064677.130197 -0.335786 0.129244 1.11177
-1 1536064677.135998 -0.334057 0.129483 1.11188
-1 1536064677.142550 -0.333168 0.129602 1.11193
-1 1536064677.148208 -0.332274 0.129719 1.11197
-1 1536064677.155641 -0.330444 0.129948 1.11206
-1 1536064677.162716 -0.328596 0.130171 1.11214
-1 1536064677.172681 -0.325829 0.130533 1.11223
-1 1536064677.186591 -0.324001 0.130773 1.11228
-1 1536064677.197919 -0.321266 0.13114 1.11232
-1 1536064677.205672 -0.319486 0.131407 1.11234
-1 1536064677.217188 -0.316777 0.131749 1.11234
-1 1536064677.222348 -0.314969 0.131968 1.11233
-1 1536064677.226869 -0.31406 0.132099 1.11232
-1 1536064677.233356 -0.313156 0.132252 1.11231
-1 1536064677.242871 -0.311337 0.132585 1.11228
-1 1536064677.248855 -0.309521 0.132947 1.11223
-1 1536064677.257188 -0.307739 0.133326 1.11216
-1 1536064677.264101 -0.306865 0.133512 1.11212
-1 1536064677.272982 -0.305166 0.133901 1.11202
-1 1536064677.284356 -0.303501 0.134252 1.11192
-1 1536064677.301096 -0.299504 0.134927 1.1116
-1 1536064677.311770 -0.297142 0.135211 1.11138
-1 1536064677.320856 -0.295574 0.135289 1.11125
-1 1536064677.332621 -0.29325 0.135378 1.11105
-1 1536064677.341422 -0.291744 0.135455 1.11092
-1 1536064677.353116 -0.289467 0.135571 1.11075
-1 1536064677.360965 -0.287951 0.135641 1.11064
-1 1536064677.370728 -0.286445 0.135709 1.11054
-1 1536064677.388329 -0.283454 0.135856 1.11034
-1 1536064677.395225 -0.281999 0.135967 1.11025
-1 1536064677.408886 -0.280542 0.136067 1.11015
-1 1536064677.428520 -0.275904 0.136345 1.10988
-1 1536064677.435400 -0.274353 0.136484 1.10979
-1 1536064677.445120 -0.27355 0.13655 1.10975
-1 1536064677.456734 -0.271073 0.136744 1.10962
-1 1536064677.463795 -0.269376 0.136867 1.10954
-1 1536064677.472493 -0.267641 0.136975 1.10945
-1 1536064677.485556 -0.265062 0.137122 1.10929
-1 1536064677.499180 -0.263371 0.137197 1.10918
-1 1536064677.506430 -0.261681 0.137246 1.10906
-1 1536064677.517961 -0.259089 0.137334 1.10886
-1 1536064677.529359 -0.256537 0.137366 1.10867
-1 1536064677.537804 -0.253963 0.137403 1.10846
-1 1536064677.547343 -0.252229 0.137449 1.1083
-1 1536064677.554019 -0.250497 0.137511 1.10813
-1 1536064677.562922 -0.248786 0.137589 1.10795
-1 1536064677.580255 -0.245388 0.137799 1.10758
-1 1536064677.654571 -0.229918 0.138862 1.10575
-1 1536064677.660698 -0.22818 0.138955 1.10555
-1 1536064677.665085 -0.227315 0.138996 1.10545
-1 1536064677.675840 -0.225593 0.139062 1.10525
-1 1536064677.685205 -0.223033 0.139138 1.10496
-1 1536064677.696512 -0.221339 0.139169 1.10477
-1 1536064677.718232 -0.217917 0.139133 1.10446
-1 1536064677.726261 -0.215259 0.138957 1.10429
-1 1536064677.738735 -0.212613 0.138713 1.10416
-1 1536064677.746085 -0.21083 0.138516 1.10409
-1 1536064677.764518 -0.20631 0.137983 1.10401
-1 1536064677.788499 -0.201842 0.137418 1.10399
-1 1536064677.831291 -0.191998 0.135644 1.104
-1 1536064677.849024 -0.188313 0.134869 1.10395
-1 1536064677.866629 -0.184543 0.134101 1.10386
-1 1536064677.873075 -0.182605 0.133717 1.10378
-1 1536064677.881968 -0.180638 0.133331 1.10368
-1 1536064677.902363 -0.177637 0.132785 1.10348
-1 1536064677.910021 -0.174553 0.132221 1.10323
-1 1536064677.916736 -0.1724 0.131799 1.10306
-1 1536064677.934409 -0.168077 0.13093 1.10272
-1 1536064677.941817 -0.165904 0.130491 1.10254
-1 1536064677.947459 -0.16481 0.130275 1.10245
-1 1536064677.955625 -0.162603 0.129851 1.10227
-1 1536064677.966022 -0.159234 0.129228 1.102
-1 1536064677.972921 -0.158103 0.129026 1.10192
-1 1536064677.983171 -0.154689 0.128469 1.10175
-1 1536064678.005821 -0.150115 0.127866 1.10161
-1 1536064678.013703 -0.146631 0.127385 1.10154
-1 1536064678.029275 -0.141872 0.126714 1.1015
-1 1536064678.035762 -0.13952 0.126241 1.10179
-1 1536064678.040718 -0.13853 0.126438 1.10185
-1 1536064678.050670 -0.136417 0.126056 1.10195
-1 1536064678.062853 -0.133325 0.125545 1.10213
-1 1536064678.070713 -0.131274 0.125198 1.10228
-1 1536064678.078687 -0.129204 0.124834 1.10244
-1 1536064678.093631 -0.127094 0.124449 1.1026
-1 1536064678.098125 -0.123794 0.123796 1.10288
-1 1536064678.110580 -0.122629 0.123549 1.10296
-1 1536064678.118471 -0.118861 0.122725 1.10319
-1 1536064678.133701 -0.11627 0.122156 1.10334
-1 1536064678.149908 -0.110951 0.120879 1.10364
-1 1536064678.161780 -0.104173 0.119152 1.10398
-1 1536064678.169755 -0.101478 0.118484 1.1041
-1 1536064678.184771 -0.0960943 0.117195 1.10438
-1 1536064678.194798 -0.0947506 0.116876 1.10444
-1 1536064678.218671 -0.0851153 0.114605 1.10497
-1 1536064678.241350 -0.0823399 0.114034 1.10513
-1 1536064678.264493 -0.0699546 0.112233 1.10596
-1 1536064678.271497 -0.0673004 0.111855 1.10619
-1 1536064678.279663 -0.065981 0.111646 1.10632
-1 1536064678.304113 -0.0606207 0.110656 1.10691
-1 1536064678.320302 -0.0517862 0.108654 1.10802
-1 1536064678.341302 -0.0457087 0.107321 1.10884
-1 1536064678.364931 -0.0380648 0.105792 1.10984
-1 1536064678.373661 -0.0349995 0.105258 1.11021
-1 1536064678.382244 -0.0334616 0.105006 1.11039
-1 1536064678.391972 -0.0303919 0.104534 1.11072
-1 1536064678.407130 -0.0288685 0.104314 1.11088
-1 1536064678.415561 -0.0243277 0.10369 1.11131
-1 1536064678.425973 -0.0197492 0.103 1.11169
-1 1536064678.446817 -0.0150535 0.10225 1.11205
-1 1536064678.454092 -0.00729924 0.100773 1.11262
-1 1536064678.463850 -0.0041575 0.100076 1.11286
-1 1536064678.476461 0.00220086 0.0985739 1.11334
-1 1536064678.487371 0.00696027 0.097432 1.11371
-1 1536064678.500866 0.0116884 0.0962957 1.11409
-1 1536064678.514818 0.0178873 0.0947932 1.11457
-1 1536064678.527232 0.0210021 0.0940779 1.11478
-1 1536064678.536915 0.0255887 0.0929744 1.11507
-1 1536064678.550388 0.0315988 0.0913022 1.1154
-1 1536064678.554388 0.0345496 0.0903924 1.11554
-1 1536064678.562181 0.03746 0.0894669 1.11566
-1 1536064678.575701 0.0417843 0.0880641 1.11581
-1 1536064678.580432 0.0446498 0.0871551 1.11589
-1 1536064678.586672 0.0460704 0.0867127 1.11592
-1 1536064678.591673 0.0474829 0.0862784 1.11594
-1 1536064678.603981 0.0516795 0.0850022 1.11599
-1 1536064678.617182 0.0560415 0.0838056 1.11598
-1 1536064678.621637 0.0588881 0.0830121 1.11593
-1 1536064678.630578 0.0602998 0.0826124 1.1159
-1 1536064678.641548 0.0631107 0.0818055 1.11584
-1 1536064678.665815 0.0672972 0.0806021 1.11569
-1 1536064678.703763 0.082414 0.0761211 1.11483
-1 1536064678.719132 0.0851003 0.0752798 1.11461
-1 1536064678.735131 0.0892666 0.0740388 1.11425
-1 1536064678.748420 0.0932973 0.0728418 1.11383
-1 1536064678.784412 0.102348 0.0700801 1.11289
-1 1536064678.794311 0.104884 0.0693298 1.11272
-1 1536064678.800783 0.106147 0.0689613 1.11264
-1 1536064678.825320 0.11116 0.067507 1.11236
-1 1536064678.830894 0.112408 0.0671403 1.11228
-1 1536064678.842807 0.113652 0.0667704 1.11221
-1 1536064678.852742 0.117435 0.0656012 1.11195
-1 1536064678.867527 0.121215 0.0643975 1.11167
-1 1536064678.873756 0.122453 0.0640001 1.11156
-1 1536064678.887356 0.1249 0.0632314 1.11135
-1 1536064678.905831 0.129731 0.0618468 1.11088
-1 1536064678.926332 0.13315 0.060968 1.11052
-1 1536064678.936157 0.136322 0.0601076 1.11014
-1 1536064678.956126 0.138837 0.0593776 1.10984
-1 1536064678.968953 0.139756 0.0591393 1.10974
-1 1536064678.977115 0.140476 0.0590462 1.10981
-1 1536064678.984421 0.140717 0.0590372 1.10988
-1 1536064678.996033 0.141313 0.0589819 1.11007
-1 1536064679.004572 0.143182 0.0586789 1.11057
-1 1536064679.016119 0.144448 0.058449 1.11084
-1 1536064679.029839 0.148309 0.0577261 1.11151
-1 1536064679.038252 0.151857 0.0570896 1.11199
-1 1536064679.048994 0.153703 0.0567583 1.11222
-1 1536064679.060457 0.156511 0.0562541 1.11255
-1 1536064679.088920 0.164029 0.0553053 1.11327
-1 1536064679.098651 0.165708 0.0551694 1.11341
-1 1536064679.107011 0.168067 0.0550559 1.1136
-1 1536064679.119988 0.169545 0.0550304 1.11371
-1 1536064679.133656 0.172366 0.0550031 1.11388
-1 1536064679.142678 0.175048 0.0549544 1.11396
-1 1536064679.155743 0.177136 0.0549062 1.11398
-1 1536064679.169728 0.179836 0.0547693 1.11398
-1 1536064679.181249 0.181797 0.0545954 1.11395
-1 1536064679.188480 0.183093 0.0544665 1.11393
-1 1536064679.195248 0.184367 0.0543403 1.11389
-1 1536064679.205319 0.186236 0.0541759 1.11379
-1 1536064679.212651 0.187471 0.0540977 1.11371
-1 1536064679.219930 0.188702 0.0540481 1.11361
-1 1536064679.238524 0.191156 0.0540084 1.11337
-1 1536064679.245528 0.192504 0.0540429 1.11323
-1 1536064679.260604 0.1957 0.0541316 1.11286
-1 1536064679.273657 0.196306 0.0541501 1.11278
-1 1536064679.282033 0.198674 0.0542233 1.11245
-1 1536064679.293261 0.200967 0.054289 1.11216
-1 1536064679.306009 0.202673 0.0543368 1.11196
-1 1536064679.315500 0.204373 0.0543932 1.11177
-1 1536064679.323465 0.205492 0.0544349 1.11167
-1 1536064679.333475 0.207288 0.0545225 1.11152
-1 1536064679.344233 0.208964 0.0546032 1.11141
-1 1536064679.355251 0.21004 0.0546716 1.11135
-1 1536064679.378940 0.213497 0.0550003 1.11129
-1 1536064679.390827 0.214886 0.0551856 1.11132
-1 1536064679.397467 0.215831 0.0553146 1.11133
-1 1536064679.403206 0.216757 0.0554418 1.11136
-1 1536064679.414828 0.218242 0.0556144 1.11142
-1 1536064679.434994 0.219766 0.0558352 1.11147
-1 1536064679.440282 0.221771 0.0561798 1.11156
-1 1536064679.454920 0.223244 0.0564582 1.11163
-1 1536064679.468199 0.225711 0.0569657 1.11174
-1 1536064679.477524 0.226722 0.0571976 1.11178
-1 1536064679.489979 0.227713 0.0574401 1.11181
-1 1536064679.501848 0.229229 0.0578175 1.11186
-1 1536064679.507550 0.230332 0.0580624 1.11188
-1 1536064679.518682 0.232008 0.0584929 1.11189
-1 1536064679.531532 0.233109 0.0587824 1.11187
-1 1536064679.562176 0.236904 0.0597938 1.11164
-1 1536064679.575386 0.238529 0.060271 1.11147
-1 1536064679.587496 0.23961 0.0606255 1.11135
-1 1536064679.599378 0.240702 0.0609908 1.11121
-1 1536064679.611523 0.24181 0.0613682 1.11106
-1 1536064679.622098 0.24293 0.0617533 1.11091
-1 1536064679.637350 0.245423 0.0625113 1.11056
-1 1536064679.647322 0.246646 0.0628393 1.11037
-1 1536064679.656856 0.24725 0.0629763 1.11026
-1 1536064679.675963 0.249605 0.0632831 1.10979
-1 1536064679.685769 0.250748 0.0633063 1.10951
-1 1536064679.692589 0.251886 0.0632749 1.10921
-1 1536064679.704127 0.253006 0.0632317 1.1089
-1 1536064679.715388 0.254102 0.0632413 1.10859
-1 1536064679.723517 0.255179 0.0633253 1.10827
-1 1536064679.730586 0.256292 0.0634475 1.10802
-1 1536064679.747211 0.257481 0.0635705 1.10783
-1 1536064679.764697 0.259689 0.0637899 1.10757
-1 1536064679.772596 0.261498 0.0641321 1.10769
-1 1536064679.795602 0.26314 0.064548 1.10768
-1 1536064679.809243 0.264552 0.065631 1.10756
-1 1536064679.813712 0.264963 0.0662361 1.10749
-1 1536064679.819928 0.265135 0.0665447 1.10745
-1 1536064679.829265 0.265487 0.0673959 1.10731
-1 1536064679.836826 0.265786 0.0679773 1.10724
-1 1536064679.845362 0.265952 0.0684745 1.10719
-1 1536064679.854686 0.265952 0.0690674 1.10712
-1 1536064679.868975 0.265905 0.0692225 1.10709
-1 1536064679.876068 0.265506 0.069655 1.10699
-1 1536064679.887842 0.265007 0.0697736 1.10693
-1 1536064679.895312 0.264581 0.0697919 1.1069
-1 1536064679.908938 0.263802 0.0697476 1.1069
-1 1536064679.921202 0.262513 0.0695996 1.10696
-1 1536064679.934526 0.261933 0.0695566 1.10703
-1 1536064679.942743 0.260814 0.06939 1.10716
-1 1536064679.955226 0.259391 0.0690686 1.10734
-1 1536064679.961512 0.257696 0.0686202 1.10755
-1 1536064679.975986 0.255764 0.0680937 1.1078
-1 1536064679.989734 0.253608 0.0675781 1.10811
-1 1536064679.998833 0.251264 0.0671626 1.10847
-1 1536064680.012909 0.248764 0.0668909 1.10888
-1 1536064680.018715 0.246362 0.0668786 1.10932
-1 1536064680.022592 0.245545 0.0669355 1.10947
-1 1536064680.030644 0.244684 0.0670249 1.1096
-1 1536064680.053975 0.236497 0.0685684 1.11044
-1 1536064680.060968 0.232969 0.0692283 1.11069
-1 1536064680.073809 0.229128 0.0699376 1.11097
-1 1536064680.094183 0.219502 0.0716686 1.11176
-1 1536064680.103462 0.212389 0.0727326 1.11249
-1 1536064680.110158 0.21081 0.0729493 1.11268
-1 1536064680.116970 0.207755 0.0733355 1.1131
-1 1536064680.123155 0.204757 0.0735868 1.11354
-1 1536064680.133791 0.201788 0.0737297 1.11398
-1 1536064680.141851 0.198825 0.0737929 1.11443
-1 1536064680.145016 0.197344 0.0737912 1.11464
-1 1536064680.153046 0.19434 0.0737355 1.11502
-1 1536064680.159435 0.192828 0.0736823 1.11519
-1 1536064680.171257 0.188118 0.073515 1.11555
-1 1536064680.182509 0.183218 0.0734852 1.11572
-1 1536064680.191309 0.179872 0.0736193 1.11576
-1 1536064680.204020 0.174825 0.0740684 1.11578
-1 1536064680.215497 0.171753 0.0746081 1.11577
-1 1536064680.222586 0.167088 0.0755571 1.11574
-1 1536064680.231633 0.163921 0.0762698 1.11569
-1 1536064680.244526 0.160727 0.0770341 1.11565
-1 1536064680.249088 0.157458 0.077819 1.1156
-1 1536064680.255584 0.155801 0.0782169 1.11557
-1 1536064680.263072 0.152446 0.0790078 1.11549
-1 1536064680.270692 0.148986 0.0797674 1.11539
-1 1536064680.286412 0.143646 0.0808073 1.11519
-1 1536064680.292292 0.139934 0.0814227 1.11503
-1 1536064680.302939 0.136094 0.0819828 1.11484
-1 1536064680.307863 0.132286 0.0825182 1.11463
-1 1536064680.314807 0.128482 0.0830183 1.11443
-1 1536064680.321023 0.126478 0.0832503 1.11432
-1 1536064680.329765 0.124423 0.0834649 1.1142
-1 1536064680.335064 0.120131 0.083854 1.11395
-1 1536064680.344644 0.113285 0.0843612 1.11354
-1 1536064680.377913 0.0957178 0.0853239 1.11237
