-1 1531129846.468863 0.104281 0.160027 1.06715
-1 1531129846.654631 0.104104 0.160293 1.06723
-1 1531129846.726538 0.103893 0.160327 1.06725
-1 1531129846.765904 0.103744 0.160401 1.06726
-1 1531129846.851443 0.103536 0.160531 1.0673
-1 1531129846.886527 0.10346 0.160581 1.06732
-1 1531129846.929757 0.103465 0.160636 1.06734
-1 1531129846.978224 0.10345 0.160836 1.06737
-1 1531129847.018368 0.103468 0.1609 1.06738
-1 1531129847.071315 0.103444 0.160943 1.06738
-1 1531129847.098722 0.10337 0.161036 1.0674
-1 1531129847.164424 0.103373 0.161036 1.06741
-1 1531129847.177624 0.103333 0.16112 1.06742
-1 1531129847.231997 0.103289 0.161208 1.06744
-1 1531129847.339832 0.103254 0.161334 1.06746
-1 1531129847.418463 0.103167 0.161493 1.06747
-1 1531129847.478599 0.102988 0.161559 1.06747
-1 1531129847.694782 0.102196 0.161487 1.06747
-1 1531129847.790094 0.102025 0.16137 1.06746
-1 1531129847.895792 0.102018 0.161144 1.06743
-1 1531129848.138713 0.101746 0.160567 1.06735
-1 1531129848.167382 0.101664 0.160538 1.06736
-1 1531129848.544475 0.101367 0.160862 1.06735
-1 1531129848.638970 0.101245 0.161063 1.06738
-1 1531129848.662447 0.101284 0.161091 1.06739
-1 1531129848.698869 0.101293 0.161157 1.0674
-1 1531129848.728561 0.101315 0.161245 1.06741
-1 1531129848.743917 0.101331 0.161278 1.06741
-1 1531129848.861333 0.101473 0.161507 1.06742
-1 1531129848.889662 0.101527 0.161578 1.06743
-1 1531129849.026936 0.101579 0.161677 1.06744
-1 1531129849.055141 0.101665 0.161663 1.06745
-1 1531129849.147065 0.101829 0.161763 1.06746
-1 1531129849.218375 0.102162 0.161899 1.06746
-1 1531129849.314624 0.102455 0.162101 1.06747
-1 1531129849.338572 0.102619 0.162238 1.06748
-1 1531129849.365376 0.102741 0.162392 1.06749
-1 1531129849.462866 0.103037 0.163117 1.06752
-1 1531129849.497241 0.103173 0.163437 1.06756
-1 1531129849.568577 0.103439 0.164269 1.06765
-1 1531129849.592323 0.103491 0.164825 1.06766
-1 1531129849.628246 0.103436 0.165971 1.06766
-1 1531129849.678633 0.103278 0.167047 1.06765
-1 1531129849.698903 0.103019 0.168408 1.06765
-1 1531129849.735631 0.102691 0.170024 1.06771
-1 1531129849.787492 0.102483 0.171071 1.06777
-1 1531129852.592483 0.104267 0.160033 1.06715
-1 1531129855.878820 0.104273 0.16003 1.06715
-1 1531129855.982116 0.104095 0.160303 1.06723
-1 1531129856.010085 0.104055 0.160325 1.06724
-1 1531129856.055580 0.103906 0.160329 1.06724
-1 1531129856.116175 0.103825 0.16035 1.06725
-1 1531129856.132962 0.103711 0.16042 1.06726
-1 1531129856.277199 0.10347 0.160609 1.06733
-1 1531129856.464625 0.10337 0.161036 1.0674
-1 1531129856.492669 0.103373 0.161036 1.06741
-1 1531129856.525578 0.103352 0.161082 1.06741
-1 1531129856.609473 0.10328 0.161211 1.06744
-1 1531129856.637121 0.103262 0.161229 1.06744
-1 1531129856.670115 0.103262 0.161256 1.06745
-1 1531129856.899525 0.102836 0.161604 1.06747
-1 1531129857.008462 0.102384 0.16154 1.06747
-1 1531129857.056144 0.102196 0.161487 1.06747
-1 1531129857.086638 0.102115 0.161489 1.06747
-1 1531129857.137899 0.102056 0.161444 1.06747
-1 1531129857.246116 0.102021 0.161124 1.06743
-1 1531129857.295630 0.101989 0.16103 1.06742
-1 1531129857.321883 0.101968 0.160919 1.0674
-1 1531129857.373682 0.101953 0.160801 1.06738
-1 1531129857.447027 0.101939 0.160754 1.06738
-1 1531129857.504025 0.101787 0.160597 1.06736
-1 1531129857.527775 0.101707 0.16056 1.06735
-1 1531129857.567723 0.101632 0.160512 1.06736
-1 1531129857.620505 0.101492 0.160454 1.06736
-1 1531129857.700718 0.10147 0.16046 1.06736
-1 1531129857.750288 0.101431 0.160586 1.06736
-1 1531129857.800216 0.101415 0.160648 1.06735
-1 1531129857.844005 0.101395 0.160808 1.06735
-1 1531129857.885679 0.1014 0.160838 1.06735
-1 1531129857.952060 0.101291 0.160994 1.06737
-1 1531129858.037874 0.101284 0.161091 1.06739
-1 1531129858.085321 0.101302 0.161194 1.0674
-1 1531129858.138759 0.101359 0.161338 1.06742
-1 1531129858.152828 0.101373 0.161407 1.06741
-1 1531129858.179037 0.101397 0.161432 1.06741
-1 1531129858.232999 0.101451 0.161476 1.06742
-1 1531129858.271570 0.101527 0.161578 1.06743
-1 1531129858.296034 0.101592 0.161618 1.06743
-1 1531129858.341905 0.101579 0.161675 1.06744
-1 1531129858.391566 0.101647 0.161661 1.06745
-1 1531129858.430986 0.101683 0.16167 1.06746
-1 1531129858.485865 0.101829 0.161763 1.06746
-1 1531129858.508413 0.101924 0.161785 1.06746
-1 1531129858.562375 0.102087 0.161859 1.06747
-1 1531129858.632541 0.102211 0.161925 1.06746
-1 1531129858.674196 0.102489 0.162124 1.06747
-1 1531129858.713359 0.102692 0.162321 1.06749
-1 1531129858.770265 0.102888 0.162625 1.0675
-1 1531129858.790099 0.102943 0.162779 1.06751
-1 1531129858.861109 0.103126 0.163358 1.06755
-1 1531129858.935930 0.103403 0.164047 1.06764
-1 1531129858.979330 0.103492 0.165268 1.06766
-1 1531129859.053018 0.103332 0.166765 1.06765
-1 1531129859.072741 0.102925 0.168914 1.06766
-1 1531129859.099425 0.102691 0.170024 1.06771
-1 1531129859.131742 0.102442 0.171297 1.06778
-1 1531129859.247923 0.102078 0.173272 1.06791
-1 1531129859.339383 0.0988826 0.186707 1.06877
-1 1531129859.380043 0.0979081 0.190452 1.06888
-1 1531129859.485726 0.0949238 0.200779 1.06878
-1 1531129859.521248 0.0940256 0.203923 1.06863
-1 1531129859.549907 0.0929676 0.207029 1.06844
-1 1531129859.607179 0.0907097 0.213042 1.06785
-1 1531129859.625660 0.0901337 0.214544 1.06769
-1 1531129859.706055 0.0884972 0.219535 1.06719
-1 1531129859.724756 0.0877535 0.222877 1.06692
-1 1531129859.765412 0.08705 0.225733 1.06662
-1 1531129859.780553 0.0867191 0.226722 1.06647
-1 1531129859.801493 0.0863597 0.227631 1.06628
-1 1531129859.829019 0.0858828 0.228786 1.066
-1 1531129859.886195 0.0847002 0.231473 1.0653
-1 1531129859.925510 0.0840272 0.232758 1.065
-1 1531129859.957243 0.0828932 0.234608 1.06471
-1 1531129859.975511 0.0826051 0.235342 1.06464
-1 1531129860.019131 0.0822001 0.236354 1.06455
-1 1531129860.036803 0.0820874 0.236589 1.06452
-1 1531129860.071704 0.0818641 0.237108 1.06444
-1 1531129860.116964 0.0816663 0.23789 1.06443
-1 1531129860.139098 0.0817051 0.238252 1.06452
-1 1531129860.167057 0.0818436 0.238424 1.06465
-1 1531129860.431051 0.0816472 0.233771 1.06624
-1 1531129860.534776 0.0815974 0.231699 1.06689
-1 1531129860.568878 0.0815164 0.229635 1.06777
-1 1531129860.592366 0.0815158 0.228483 1.06828
-1 1531129860.646565 0.0815393 0.227241 1.06881
-1 1531129860.674107 0.0814892 0.22616 1.06928
-1 1531129860.704285 0.081469 0.225374 1.06958
-1 1531129860.741226 0.0815261 0.224337 1.06999
-1 1531129860.822588 0.0817707 0.222798 1.07059
-1 1531129860.841626 0.0819554 0.221901 1.07095
-1 1531129860.886025 0.0821786 0.221288 1.07127
-1 1531129860.920690 0.082519 0.220405 1.07177
-1 1531129861.011931 0.0834337 0.218852 1.07295
-1 1531129861.041930 0.0839254 0.218024 1.0735
-1 1531129861.054410 0.0841059 0.217699 1.07371
-1 1531129861.102861 0.0846746 0.216879 1.07423
-1 1531129861.129774 0.0850292 0.216469 1.07452
-1 1531129861.155763 0.0855303 0.215834 1.07491
-1 1531129861.188194 0.0856699 0.215611 1.07502
-1 1531129861.196275 0.0860722 0.214963 1.07529
-1 1531129861.232769 0.0863676 0.21443 1.07548
-1 1531129861.251160 0.0865756 0.214062 1.0756
-1 1531129861.291366 0.0869124 0.213355 1.07576
-1 1531129861.401844 0.0875867 0.21158 1.07608
-1 1531129861.442586 0.0883345 0.209172 1.07618
-1 1531129861.459258 0.0885204 0.208695 1.07619
-1 1531129861.486210 0.0886133 0.208218 1.07619
-1 1531129861.519355 0.088661 0.207685 1.07619
-1 1531129861.561877 0.0887183 0.207246 1.07618
-1 1531129861.589721 0.0886121 0.206662 1.07619
-1 1531129861.622869 0.0883748 0.206134 1.07621
-1 1531129861.694888 0.0879236 0.20546 1.07625
-1 1531129861.766975 0.087089 0.20429 1.07631
-1 1531129861.786994 0.0868925 0.204035 1.07632
-1 1531129861.796322 0.0866994 0.203748 1.07631
-1 1531129861.819990 0.086502 0.203471 1.07629
-1 1531129861.831947 0.0863546 0.203278 1.07627
-1 1531129861.872422 0.0861708 0.203028 1.07625
-1 1531129861.965598 0.0850909 0.201196 1.0762
-1 1531129861.978958 0.0845987 0.200339 1.07618
-1 1531129862.016463 0.0842096 0.19972 1.07611
-1 1531129862.029241 0.0840136 0.199477 1.07607
-1 1531129862.059934 0.0837568 0.199252 1.07604
-1 1531129862.108330 0.0832378 0.199117 1.076
-1 1531129862.193858 0.0826456 0.199249 1.07599
-1 1531129862.217964 0.0812119 0.199409 1.076
-1 1531129862.263675 0.0807193 0.199431 1.07605
-1 1531129862.298632 0.0799399 0.199575 1.07614
-1 1531129862.320707 0.0793609 0.199625 1.07618
-1 1531129862.342146 0.0789699 0.199643 1.07624
-1 1531129862.359696 0.0786964 0.199647 1.07629
-1 1531129862.375669 0.0784363 0.199659 1.07634
-1 1531129862.412635 0.0779557 0.199782 1.07644
-1 1531129862.427739 0.0776547 0.199865 1.07651
-1 1531129862.460526 0.0773316 0.199889 1.07655
-1 1531129862.474636 0.0769492 0.199921 1.07662
-1 1531129862.544375 0.0762682 0.200459 1.07675
-1 1531129862.565721 0.0759995 0.200647 1.07681
-1 1531129862.604099 0.0756937 0.200789 1.07688
-1 1531129862.630365 0.075261 0.200979 1.07698
-1 1531129862.685175 0.0744532 0.201188 1.07713
-1 1531129862.762649 0.0738409 0.201291 1.0773
-1 1531129862.787228 0.073338 0.201503 1.07742
-1 1531129862.812991 0.0731914 0.201591 1.07745
-1 1531129862.876193 0.0725769 0.201886 1.07754
-1 1531129862.890725 0.0716356 0.202075 1.07753
-1 1531129862.937354 0.0714992 0.2021 1.07752
-1 1531129862.954244 0.0704691 0.202218 1.0775
-1 1531129862.972419 0.070175 0.202236 1.07749
-1 1531129863.098886 0.0685337 0.202103 1.07733
-1 1531129863.126002 0.0681224 0.201981 1.07726
-1 1531129863.140202 0.0677468 0.20175 1.07719
-1 1531129863.203132 0.0670294 0.201106 1.07703
-1 1531129863.233568 0.0667284 0.20053 1.07692
-1 1531129863.300079 0.0663747 0.19985 1.07682
-1 1531129863.354378 0.0659085 0.198758 1.07661
-1 1531129863.365127 0.0655527 0.197942 1.07644
-1 1531129863.404123 0.065404 0.197311 1.07631
-1 1531129863.419153 0.0653545 0.19679 1.07621
-1 1531129863.484261 0.0652235 0.195243 1.07602
-1 1531129863.525428 0.0649453 0.194176 1.0759
-1 1531129863.552130 0.0647154 0.193517 1.07585
-1 1531129863.597399 0.0642683 0.192625 1.07583
-1 1531129863.624581 0.0639234 0.192021 1.07578
-1 1531129863.642042 0.0636627 0.191491 1.0757
-1 1531129863.665355 0.0633584 0.190948 1.07561
-1 1531129863.697863 0.0628889 0.190141 1.07542
-1 1531129863.739674 0.0625582 0.189602 1.07527
-1 1531129863.758390 0.0620417 0.188556 1.075
-1 1531129863.779092 0.0618852 0.188171 1.07491
-1 1531129863.807135 0.0615228 0.187239 1.07472
-1 1531129863.833251 0.0610886 0.185955 1.07448
-1 1531129863.873823 0.0605978 0.184149 1.07416
-1 1531129863.899279 0.0603772 0.183095 1.07397
-1 1531129863.926952 0.0601318 0.181881 1.07372
-1 1531129863.948803 0.0598763 0.180382 1.07333
-1 1531129864.006957 0.0597006 0.17923 1.073
-1 1531129864.083640 0.0591015 0.176272 1.07201
-1 1531129864.158141 0.0584156 0.173235 1.07093
-1 1531129864.171585 0.0576573 0.169762 1.06965
-1 1531129864.202239 0.0572927 0.168218 1.06905
-1 1531129864.232379 0.0571098 0.167283 1.06869
-1 1531129864.261401 0.0568669 0.166393 1.06831
-1 1531129864.301964 0.0564676 0.165123 1.06777
-1 1531129864.325714 0.0559685 0.163379 1.067
-1 1531129864.380135 0.0554813 0.161603 1.06623
-1 1531129864.409615 0.055229 0.160378 1.06568
-1 1531129864.431243 0.0549895 0.159326 1.06518
-1 1531129864.499441 0.0546307 0.157566 1.06427
-1 1531129864.529235 0.0542531 0.155209 1.063
-1 1531129864.563536 0.05402 0.153367 1.06176
-1 1531129864.593056 0.0539327 0.15286 1.0614
-1 1531129864.617601 0.053735 0.151231 1.06022
-1 1531129864.658137 0.0539204 0.149518 1.05909
-1 1531129864.681721 0.0540969 0.148739 1.05878
-1 1531129864.694685 0.0542645 0.148082 1.05856
-1 1531129864.716652 0.0543449 0.147246 1.05832
-1 1531129864.798956 0.0544176 0.146024 1.05796
-1 1531129864.827448 0.0544569 0.142784 1.05673
-1 1531129864.861284 0.054433 0.14183 1.05625
-1 1531129864.896106 0.0543246 0.140768 1.05556
-1 1531129864.979155 0.0540443 0.138476 1.05356
-1 1531129865.072980 0.0536754 0.137169 1.05188
-1 1531129865.115003 0.053695 0.135111 1.04931
-1 1531129865.137861 0.0537528 0.134474 1.04817
-1 1531129865.152890 0.05378 0.134225 1.04766
-1 1531129865.184557 0.0538381 0.133646 1.04652
-1 1531129865.193786 0.0538518 0.133542 1.04627
-1 1531129865.214998 0.0538749 0.133414 1.0459
-1 1531129865.253544 0.0539385 0.133266 1.04539
-1 1531129865.279443 0.0540824 0.132999 1.04405
-1 1531129865.337568 0.0543987 0.13299 1.04268
-1 1531129865.399020 0.0549042 0.132726 1.04054
-1 1531129865.410275 0.0549713 0.132674 1.04028
-1 1531129865.459942 0.0551932 0.132611 1.03964
-1 1531129865.512608 0.0554636 0.132707 1.03903
-1 1531129865.545189 0.0555714 0.132672 1.03884
-1 1531129865.567408 0.0556787 0.132586 1.03875
-1 1531129865.592636 0.0559354 0.132492 1.03862
-1 1531129865.619463 0.0561699 0.132495 1.03855
-1 1531129865.660249 0.0564089 0.132508 1.0385
-1 1531129865.685809 0.0567017 0.132618 1.03849
-1 1531129865.698955 0.0569735 0.132862 1.0385
-1 1531129865.724610 0.0572858 0.13316 1.03849
-1 1531129865.801666 0.057922 0.133674 1.03847
-1 1531129865.901865 0.0595053 0.134877 1.0384
-1 1531129865.911808 0.0615568 0.13674 1.03813
-1 1531129865.947263 0.0619454 0.137152 1.03807
-1 1531129865.965383 0.0627398 0.137871 1.038
-1 1531129865.995421 0.0633914 0.138384 1.03796
-1 1531129866.032956 0.0647526 0.139408 1.03799
-1 1531129866.046185 0.0655911 0.13997 1.03802
-1 1531129866.082520 0.0669874 0.140859 1.03802
-1 1531129866.120149 0.0678384 0.141303 1.03804
-1 1531129866.141055 0.0685218 0.141648 1.03808
-1 1531129866.172486 0.0694829 0.142155 1.03819
-1 1531129866.258891 0.0719952 0.143676 1.03859
-1 1531129866.288483 0.0729411 0.144387 1.03882
-1 1531129866.313770 0.0738807 0.144992 1.039
-1 1531129866.339094 0.0746105 0.14537 1.0391
-1 1531129866.390185 0.0760085 0.145962 1.03925
-1 1531129866.409287 0.0764314 0.146136 1.03925
-1 1531129866.473845 0.0772434 0.146578 1.03922
-1 1531129866.549369 0.0785032 0.147194 1.03894
-1 1531129866.566116 0.0794495 0.147723 1.03859
-1 1531129866.617522 0.0798715 0.147884 1.03846
-1 1531129866.645952 0.0804371 0.147813 1.03826
-1 1531129866.700124 0.0807883 0.147642 1.03813
-1 1531129866.726176 0.0807615 0.147164 1.03823
-1 1531129866.753736 0.0806809 0.146853 1.03839
-1 1531129866.779316 0.0806644 0.146682 1.03849
-1 1531129866.799281 0.0806267 0.146552 1.03855
-1 1531129866.819069 0.0805719 0.14642 1.03859
-1 1531129866.851910 0.0805409 0.146247 1.0386
-1 1531129866.886105 0.080466 0.146096 1.03863
-1 1531129866.906086 0.0803746 0.146116 1.03863
-1 1531129866.940597 0.0802926 0.146115 1.0386
-1 1531129866.971901 0.0802212 0.146076 1.03858
-1 1531129867.006804 0.0799713 0.145707 1.03849
-1 1531129867.032055 0.0798025 0.145401 1.0384
-1 1531129867.060755 0.0795539 0.144983 1.03831
-1 1531129867.115601 0.0791607 0.144475 1.03824
-1 1531129867.173184 0.0787758 0.144039 1.03816
-1 1531129867.216536 0.078114 0.143397 1.038
-1 1531129867.248056 0.0773318 0.142555 1.03791
-1 1531129867.334153 0.0767586 0.141955 1.03787
-1 1531129867.380370 0.0746692 0.140257 1.03785
-1 1531129867.405517 0.0743547 0.14007 1.03786
-1 1531129867.428475 0.0735506 0.139749 1.03792
-1 1531129867.471850 0.0732406 0.139647 1.03795
-1 1531129867.492041 0.0724508 0.139458 1.038
-1 1531129867.519233 0.0719818 0.139437 1.03805
-1 1531129867.539881 0.0712636 0.139519 1.0381
-1 1531129867.582251 0.0709275 0.139643 1.03811
-1 1531129867.688040 0.0685472 0.141244 1.03838
-1 1531129867.727530 0.0682565 0.141504 1.03837
-1 1531129867.858817 0.0666276 0.142027 1.03789
-1 1531129867.898644 0.066286 0.141818 1.03765
-1 1531129867.975837 0.0652638 0.141261 1.03699
-1 1531129867.997102 0.0650216 0.141165 1.0368
-1 1531129868.062800 0.0644387 0.14106 1.0362
-1 1531129868.087903 0.0642427 0.141347 1.03601
-1 1531129868.138587 0.0641982 0.141681 1.03592
-1 1531129868.178559 0.06419 0.142788 1.03621
-1 1531129868.354640 0.0650581 0.145497 1.03795
-1 1531129868.394793 0.0657821 0.146803 1.03926
-1 1531129868.454887 0.0662167 0.147388 1.03995
-1 1531129868.485245 0.0670354 0.14839 1.04112
-1 1531129868.522392 0.0673694 0.149023 1.04181
-1 1531129868.612606 0.0685514 0.151358 1.0446
-1 1531129868.659904 0.0692774 0.152252 1.04564
-1 1531129868.745993 0.0712324 0.155391 1.04902
-1 1531129868.768634 0.071924 0.156588 1.05027
-1 1531129868.811107 0.0726787 0.157901 1.05153
-1 1531129868.829738 0.0732521 0.1589 1.05244
-1 1531129868.887523 0.0742433 0.160872 1.05416
-1 1531129868.979217 0.0756278 0.16454 1.05689
-1 1531129868.995854 0.0756785 0.164654 1.05698
-1 1531129869.006170 0.075936 0.16523 1.0574
-1 1531129869.052007 0.0761508 0.166019 1.05798
-1 1531129869.124426 0.0766554 0.168214 1.05913
-1 1531129869.159658 0.0768758 0.169309 1.05958
-1 1531129869.185613 0.0769331 0.17002 1.05991
-1 1531129869.306418 0.0765958 0.172029 1.06095
-1 1531129869.365814 0.0755325 0.174469 1.06222
-1 1531129869.392978 0.0750031 0.175308 1.06281
-1 1531129869.410347 0.0748088 0.175529 1.06305
-1 1531129869.432136 0.0746218 0.175675 1.06327
-1 1531129869.448172 0.0744253 0.175735 1.06347
-1 1531129869.502012 0.0740215 0.175649 1.06374
-1 1531129869.569356 0.0734115 0.175249 1.06379
-1 1531129869.605709 0.0732123 0.174794 1.0637
-1 1531129869.632402 0.0728969 0.173525 1.06369
-1 1531129869.655773 0.0729203 0.172747 1.06371
-1 1531129869.701248 0.0730106 0.171889 1.06381
-1 1531129869.737370 0.0734117 0.170531 1.06423
-1 1531129869.769866 0.0735544 0.17023 1.06435
-1 1531129869.829308 0.0734677 0.170211 1.06436
-1 1531129869.861619 0.0732837 0.170464 1.06391
-1 1531129869.901471 0.0729254 0.170817 1.06301
-1 1531129869.955924 0.0716677 0.171436 1.06044
-1 1531129869.994660 0.0707746 0.171448 1.05857
-1 1531129870.196517 0.0638176 0.171725 1.03837
-1 1531129870.283271 0.0629224 0.172201 1.02851
-1 1531129870.351090 0.0641322 0.172892 1.01183
-1 1531129870.406961 0.0646644 0.17318 1.00698
-1 1531129870.424263 0.065783 0.174265 0.996866
-1 1531129870.454912 0.0662627 0.174876 0.991522
-1 1531129870.467248 0.0666465 0.175176 0.987783
-1 1531129870.485828 0.0670238 0.175273 0.984897
-1 1531129870.502043 0.0672365 0.175324 0.983516
-1 1531129870.528911 0.0678634 0.175362 0.980212
-1 1531129870.605997 0.0688712 0.175282 0.975785
-1 1531129870.691775 0.0731454 0.175512 0.95784
-1 1531129870.755569 0.0740493 0.175355 0.954744
-1 1531129870.779931 0.0754781 0.174585 0.950569
-1 1531129870.811276 0.0759629 0.173968 0.94894
-1 1531129870.856084 0.0766296 0.173697 0.946599
-1 1531129870.900309 0.0773569 0.173486 0.944057
-1 1531129871.015463 0.0786899 0.172845 0.93974
-1 1531129871.046103 0.0791727 0.172284 0.937836
-1 1531129871.095525 0.0795289 0.1716 0.936306
-1 1531129871.169611 0.079555 0.170567 0.934337
-1 1531129871.220011 0.0794601 0.170349 0.934026
-1 1531129871.292126 0.0787877 0.169162 0.933286
-1 1531129871.321142 0.0786133 0.16898 0.933115
-1 1531129871.341960 0.0785229 0.16899 0.933029
-1 1531129871.405800 0.078147 0.16888 0.932863
-1 1531129871.459233 0.0777335 0.168968 0.932794
-1 1531129871.504989 0.0772976 0.169115 0.933091
-1 1531129871.532776 0.077139 0.169159 0.933398
-1 1531129871.634566 0.0767158 0.169318 0.934328
-1 1531129871.675537 0.0753505 0.169485 0.939
-1 1531129871.692325 0.0749344 0.169432 0.940887
-1 1531129871.739321 0.0744549 0.169179 0.943458
-1 1531129871.779970 0.0738386 0.168635 0.947724
-1 1531129871.832371 0.0729627 0.168135 0.954327
-1 1531129871.858622 0.0726515 0.167957 0.956899
-1 1531129871.902168 0.0724473 0.167809 0.959071
-1 1531129871.940318 0.0716639 0.167166 0.966398
-1 1531129871.954013 0.071224 0.16682 0.970447
-1 1531129871.968944 0.0709505 0.166591 0.9728
-1 1531129872.021046 0.0701638 0.165743 0.979281
-1 1531129872.096799 0.0688046 0.164623 0.988243
-1 1531129872.134894 0.0678319 0.164044 0.992948
-1 1531129872.172804 0.0666252 0.163181 0.998038
-1 1531129872.206846 0.0659934 0.162808 1.00044
-1 1531129872.259293 0.0647302 0.162224 1.00456
-1 1531129872.303880 0.0623583 0.161741 1.01177
-1 1531129872.347457 0.061109 0.161413 1.01568
-1 1531129872.372319 0.0593342 0.161047 1.02044
-1 1531129872.420338 0.0578813 0.160593 1.02469
-1 1531129872.466364 0.0558833 0.160104 1.02976
-1 1531129872.500136 0.0551619 0.160042 1.03185
-1 1531129872.566338 0.0527251 0.159795 1.03885
-1 1531129872.588883 0.051972 0.159975 1.04124
-1 1531129872.767163 0.0529155 0.163448 1.0544
-1 1531129872.792599 0.0542008 0.164397 1.05609
-1 1531129872.805798 0.0547099 0.164798 1.05661
-1 1531129872.860649 0.0557451 0.165794 1.05767
-1 1531129872.884794 0.0561206 0.166523 1.05807
-1 1531129872.912792 0.0562299 0.166769 1.0582
-1 1531129872.932030 0.0568036 0.167484 1.05844
-1 1531129872.979982 0.0570473 0.16781 1.0585
-1 1531129872.998852 0.0573586 0.168165 1.05858
-1 1531129873.019140 0.0573958 0.168234 1.0586
-1 1531129873.051662 0.0574234 0.168363 1.05864
-1 1531129873.119449 0.0578007 0.168437 1.05887
-1 1531129873.153687 0.0581476 0.168479 1.05905
-1 1531129873.184929 0.0586317 0.168552 1.05935
-1 1531129873.219419 0.0590374 0.168501 1.05956
-1 1531129873.255005 0.0596883 0.168494 1.05984
-1 1531129873.272369 0.0602837 0.16851 1.06011
-1 1531129873.301818 0.0612127 0.168601 1.06052
-1 1531129873.365685 0.0628353 0.168662 1.06123
-1 1531129873.432949 0.0649624 0.168688 1.06205
-1 1531129873.498302 0.0680273 0.169198 1.06321
-1 1531129873.535782 0.0697913 0.169723 1.0638
-1 1531129873.590781 0.0712546 0.170255 1.06439
-1 1531129873.619141 0.0728212 0.170751 1.06519
-1 1531129873.706636 0.0750116 0.171471 1.06618
-1 1531129873.737790 0.0771224 0.172719 1.06721
-1 1531129873.762256 0.07747 0.173041 1.06739
-1 1531129873.806974 0.078263 0.173739 1.06774
-1 1531129873.842731 0.0787077 0.174195 1.0679
-1 1531129873.901393 0.0797125 0.175049 1.06819
-1 1531129873.911293 0.0801495 0.175505 1.06822
-1 1531129873.929511 0.0802351 0.175723 1.06821
-1 1531129873.969560 0.0805561 0.176619 1.06819
-1 1531129874.007761 0.0808276 0.177741 1.06811
-1 1531129874.042956 0.0808819 0.178597 1.06799
-1 1531129874.061323 0.0808052 0.179131 1.06788
-1 1531129874.076938 0.0807611 0.179617 1.06776
-1 1531129874.100590 0.0807133 0.179893 1.06765
-1 1531129874.125649 0.0806203 0.180163 1.06752
-1 1531129874.179724 0.0800788 0.180879 1.06709
-1 1531129874.198713 0.0798554 0.181185 1.06689
-1 1531129874.232436 0.0796687 0.181431 1.0667
-1 1531129874.252510 0.0794545 0.181737 1.06644
-1 1531129874.276047 0.0793599 0.181883 1.06628
-1 1531129874.346572 0.0787608 0.182689 1.06515
-1 1531129874.439009 0.078771 0.183482 1.06407
-1 1531129874.459246 0.078819 0.183771 1.06375
-1 1531129874.488637 0.0788449 0.183854 1.06367
-1 1531129874.528050 0.0788533 0.184496 1.06339
-1 1531129874.602268 0.0783616 0.185506 1.06335
-1 1531129874.645884 0.078137 0.186008 1.06352
-1 1531129874.685830 0.0779981 0.186373 1.06363
-1 1531129874.722458 0.0776896 0.186766 1.0637
-1 1531129874.750930 0.0775916 0.187032 1.06379
-1 1531129874.789239 0.0775603 0.187257 1.06393
-1 1531129874.829747 0.0776394 0.187415 1.06412
-1 1531129874.855630 0.0777368 0.187357 1.0642
-1 1531129874.946858 0.0781084 0.187469 1.06453
-1 1531129874.960650 0.0781698 0.187623 1.06464
-1 1531129875.033658 0.0785568 0.187423 1.06492
-1 1531129875.065303 0.0791808 0.187345 1.06531
-1 1531129875.088488 0.0796875 0.187567 1.06569
-1 1531129875.120971 0.0800796 0.187742 1.06595
-1 1531129875.139494 0.0805066 0.187863 1.0662
-1 1531129875.157910 0.0808805 0.187995 1.06644
-1 1531129875.230166 0.0813632 0.188109 1.0667
-1 1531129875.295729 0.0834689 0.187808 1.06755
-1 1531129875.323064 0.0846424 0.187726 1.0679
-1 1531129875.432278 0.0885192 0.187585 1.06887
-1 1531129875.470353 0.0899754 0.187302 1.06907
-1 1531129875.488785 0.0902866 0.187226 1.0691
-1 1531129875.541624 0.0917913 0.186589 1.06932
-1 1531129875.566849 0.0929593 0.185993 1.06945
-1 1531129875.655645 0.0954191 0.185606 1.06972
-1 1531129875.686780 0.0962628 0.185525 1.06985
-1 1531129875.751884 0.0975875 0.18531 1.07016
-1 1531129875.795261 0.0981582 0.185038 1.07041
-1 1531129875.857108 0.0984507 0.184685 1.07059
-1 1531129875.913439 0.0982111 0.18397 1.07086
-1 1531129875.947685 0.097804 0.183625 1.07091
-1 1531129875.990966 0.0972249 0.183811 1.07079
-1 1531129876.055220 0.0967385 0.183884 1.07058
-1 1531129876.078461 0.0965483 0.183816 1.07052
-1 1531129876.107774 0.0961153 0.183699 1.0704
-1 1531129876.182924 0.0957064 0.183537 1.07029
-1 1531129876.227073 0.0952938 0.183243 1.07004
-1 1531129876.255986 0.095027 0.183021 1.06994
-1 1531129876.305275 0.0947779 0.182926 1.06983
-1 1531129876.326912 0.0946451 0.182924 1.06976
-1 1531129876.349383 0.0945743 0.182911 1.0697
-1 1531129876.377191 0.0945175 0.183035 1.06961
-1 1531129876.435349 0.0942053 0.184141 1.06936
-1 1531129876.551188 0.0938553 0.185608 1.06912
-1 1531129876.574376 0.0933033 0.187479 1.06863
-1 1531129876.629779 0.0932748 0.188881 1.0683
-1 1531129876.656108 0.0930847 0.190036 1.06807
-1 1531129876.687093 0.0926784 0.191664 1.06772
-1 1531129876.705300 0.0922956 0.193127 1.06736
-1 1531129876.841095 0.0910478 0.197595 1.06645
-1 1531129876.915447 0.0886342 0.205718 1.06509
-1 1531129876.952581 0.0873289 0.210363 1.06442
-1 1531129877.005191 0.0869366 0.21189 1.06421
-1 1531129877.099458 0.0851317 0.219729 1.06317
-1 1531129877.141244 0.0848008 0.222153 1.0625
-1 1531129877.213306 0.0845289 0.223902 1.06177
-1 1531129877.245621 0.0836399 0.227215 1.06018
-1 1531129877.325522 0.0829966 0.229816 1.05878
-1 1531129877.349752 0.0828684 0.230729 1.05821
-1 1531129877.420648 0.0828065 0.231076 1.05807
-1 1531129877.452503 0.0832105 0.230451 1.05879
-1 1531129877.467051 0.0833465 0.229879 1.05926
-1 1531129877.505330 0.083632 0.228991 1.06001
-1 1531129877.544459 0.0843899 0.227373 1.0614
-1 1531129877.570147 0.0850397 0.225955 1.06274
-1 1531129877.593954 0.0856261 0.224999 1.06378
-1 1531129877.630373 0.0861243 0.224348 1.06449
-1 1531129877.688956 0.0889998 0.22112 1.06776
-1 1531129877.708859 0.0900297 0.220046 1.06873
-1 1531129877.812516 0.0939451 0.216141 1.07161
-1 1531129877.853564 0.0949588 0.215432 1.07216
-1 1531129877.898179 0.0968731 0.21355 1.07299
-1 1531129878.019639 0.0989996 0.21078 1.0737
-1 1531129878.046018 0.10096 0.208087 1.07403
-1 1531129878.080284 0.101767 0.20678 1.0742
-1 1531129878.107346 0.102694 0.205515 1.0744
-1 1531129878.228895 0.106323 0.202807 1.07523
-1 1531129878.259377 0.107578 0.202051 1.07553
-1 1531129878.287575 0.10845 0.201471 1.07577
-1 1531129878.302759 0.109203 0.200944 1.07597
-1 1531129878.365684 0.110828 0.199612 1.07642
-1 1531129878.430297 0.11227 0.198482 1.07678
-1 1531129878.480639 0.114786 0.196675 1.07747
-1 1531129878.511153 0.115573 0.196105 1.07772
-1 1531129878.580218 0.118347 0.193897 1.07868
-1 1531129878.674561 0.121907 0.190183 1.07973
-1 1531129878.712248 0.122608 0.189346 1.07985
-1 1531129878.726757 0.12343 0.188242 1.07996
-1 1531129878.797766 0.124071 0.187271 1.08007
-1 1531129878.899675 0.125671 0.184784 1.08044
-1 1531129878.979478 0.126526 0.18257 1.08092
-1 1531129879.020915 0.126761 0.181886 1.08108
-1 1531129879.047326 0.126895 0.181525 1.08119
-1 1531129879.094725 0.127105 0.181044 1.08141
-1 1531129879.137067 0.127198 0.180857 1.08161
-1 1531129879.185908 0.127284 0.180661 1.08189
-1 1531129879.212139 0.127295 0.180603 1.08202
-1 1531129879.289138 0.127122 0.180615 1.08268
-1 1531129879.346359 0.126717 0.180639 1.08312
-1 1531129879.365480 0.12667 0.180628 1.08317
-1 1531129879.458939 0.126163 0.18109 1.08374
-1 1531129879.539332 0.125773 0.181382 1.08419
-1 1531129879.634992 0.125172 0.181785 1.08457
-1 1531129879.698293 0.124729 0.182001 1.08479
-1 1531129879.750326 0.124091 0.182322 1.08503
-1 1531129879.806404 0.123546 0.18252 1.08522
-1 1531129879.823579 0.122935 0.182741 1.08536
-1 1531129879.888296 0.122673 0.182778 1.0854
-1 1531129879.929355 0.121421 0.183073 1.08546
-1 1531129879.971763 0.121013 0.183172 1.08545
-1 1531129879.998364 0.120801 0.183221 1.08544
-1 1531129880.031910 0.120458 0.18331 1.08543
-1 1531129880.074558 0.119797 0.183492 1.08542
-1 1531129880.099309 0.119623 0.183565 1.08542
-1 1531129880.116327 0.119353 0.183731 1.08543
-1 1531129880.178017 0.118681 0.184309 1.08545
-1 1531129880.203915 0.118406 0.184589 1.08546
-1 1531129880.256924 0.117799 0.185181 1.0854
-1 1531129880.318963 0.117227 0.185591 1.08528
-1 1531129880.335197 0.116972 0.185817 1.08521
-1 1531129880.354688 0.116821 0.185977 1.08516
-1 1531129880.363096 0.116473 0.186352 1.08505
-1 1531129880.376592 0.116407 0.186415 1.08503
-1 1531129880.429267 0.116136 0.186652 1.08494
-1 1531129880.470876 0.114621 0.187746 1.0844
-1 1531129880.514562 0.114193 0.187942 1.08426
-1 1531129880.550683 0.113387 0.188332 1.08403
-1 1531129880.557205 0.112549 0.188654 1.08373
-1 1531129880.620379 0.111765 0.188896 1.08345
-1 1531129880.693984 0.110296 0.18952 1.08288
-1 1531129880.778379 0.106782 0.190986 1.08051
-1 1531129880.857783 0.105387 0.191587 1.07965
-1 1531129880.895052 0.102215 0.192848 1.07796
-1 1531129880.961629 0.100073 0.193567 1.07696
-1 1531129880.980474 0.0988562 0.194044 1.07635
-1 1531129881.031614 0.0977838 0.194632 1.07586
-1 1531129881.092319 0.0949729 0.196839 1.07447
-1 1531129881.138991 0.0937111 0.198251 1.07393
-1 1531129881.165155 0.091874 0.200416 1.07313
-1 1531129881.265147 0.0883974 0.204804 1.07194
-1 1531129881.304953 0.0857529 0.207291 1.07099
-1 1531129881.331617 0.0851503 0.208003 1.07071
-1 1531129881.405917 0.0814753 0.211247 1.06924
-1 1531129881.449085 0.0802265 0.212307 1.06869
-1 1531129881.510608 0.0780081 0.214499 1.06738
-1 1531129881.606161 0.0759901 0.216457 1.06598
-1 1531129881.713057 0.0704722 0.222259 1.06049
-1 1531129881.737611 0.0700565 0.223209 1.05966
-1 1531129881.886147 0.0701278 0.22638 1.05816
-1 1531129881.910204 0.0706668 0.228208 1.05781
-1 1531129881.958754 0.0708863 0.228708 1.05778
-1 1531129881.978838 0.071199 0.229311 1.05772
-1 1531129882.005333 0.0713734 0.229556 1.05766
-1 1531129882.062526 0.0715347 0.229719 1.05749
-1 1531129882.137032 0.0712661 0.229588 1.05706
-1 1531129882.205824 0.0712636 0.228837 1.05646
-1 1531129882.220402 0.0714887 0.228473 1.05637
-1 1531129882.233792 0.0716334 0.228202 1.05641
-1 1531129882.309392 0.0729421 0.226272 1.05709
-1 1531129882.390088 0.0758244 0.224265 1.05831
-1 1531129882.413874 0.0768292 0.223628 1.05871
-1 1531129882.424345 0.0777453 0.222869 1.05906
-1 1531129882.466482 0.0782667 0.222376 1.05929
-1 1531129882.528418 0.0802274 0.219964 1.06
-1 1531129882.558791 0.0812647 0.218475 1.06029
-1 1531129882.584898 0.0822101 0.217024 1.06051
-1 1531129882.651868 0.0828584 0.215638 1.06056
-1 1531129882.719342 0.0835292 0.213016 1.06042
-1 1531129882.727843 0.0841226 0.209779 1.06019
-1 1531129882.745649 0.0841665 0.20872 1.06008
-1 1531129882.763366 0.0841805 0.208178 1.06001
-1 1531129882.793092 0.0842794 0.206298 1.05974
-1 1531129882.807605 0.0843122 0.20481 1.05949
-1 1531129882.840444 0.0843333 0.204103 1.05934
-1 1531129882.852961 0.0844042 0.202703 1.05904
-1 1531129882.873099 0.084442 0.202018 1.05888
-1 1531129882.939397 0.084595 0.199608 1.05814
-1 1531129882.978908 0.0847522 0.197027 1.05711
-1 1531129883.025603 0.0848182 0.194823 1.05571
-1 1531129883.039863 0.0847747 0.193488 1.05463
-1 1531129883.072653 0.0846551 0.192692 1.0539
-1 1531129883.103109 0.0844093 0.191243 1.05232
-1 1531129883.125542 0.0842967 0.190833 1.05185
-1 1531129883.179830 0.0841121 0.189702 1.05048
-1 1531129883.207511 0.0839822 0.18864 1.04842
-1 1531129883.277116 0.0840016 0.188255 1.04761
-1 1531129883.312457 0.0842401 0.187418 1.04486
-1 1531129883.329425 0.0844179 0.187154 1.0435
-1 1531129883.366341 0.0847219 0.186957 1.04182
-1 1531129883.394246 0.0852768 0.186796 1.03977
-1 1531129883.409268 0.0855321 0.186741 1.03878
-1 1531129883.453672 0.0859776 0.186619 1.03679
-1 1531129883.457935 0.0860843 0.1865 1.03605
-1 1531129883.472091 0.0861248 0.186386 1.03555
-1 1531129883.494322 0.0862189 0.186051 1.03437
-1 1531129883.514307 0.0862523 0.185792 1.03347
-1 1531129883.529928 0.0864067 0.185325 1.03229
-1 1531129883.538343 0.0864932 0.185139 1.03195
-1 1531129883.553722 0.0865744 0.184952 1.03164
-1 1531129883.583912 0.0867819 0.184399 1.03096
-1 1531129883.600157 0.0869744 0.183177 1.03012
-1 1531129883.628978 0.0869799 0.182265 1.02968
-1 1531129883.652599 0.0868732 0.181308 1.0293
-1 1531129883.663472 0.0868084 0.180953 1.02915
-1 1531129883.734580 0.0867053 0.180541 1.02896
-1 1531129883.771712 0.0860905 0.178919 1.02825
-1 1531129883.839009 0.0856114 0.178015 1.02783
-1 1531129883.872249 0.084413 0.176036 1.02682
-1 1531129883.887892 0.0840556 0.175575 1.02664
-1 1531129883.939004 0.0833898 0.174993 1.02679
-1 1531129883.975965 0.0829395 0.174739 1.02715
-1 1531129884.016770 0.0825883 0.174419 1.02785
-1 1531129884.047277 0.0821877 0.174116 1.02915
-1 1531129884.070365 0.0820303 0.173945 1.03011
-1 1531129884.095596 0.081952 0.17385 1.03144
-1 1531129884.120993 0.0820282 0.173904 1.03282
-1 1531129884.139554 0.0820925 0.173958 1.0336
-1 1531129884.164530 0.0821551 0.174055 1.03497
-1 1531129884.228653 0.0826759 0.174259 1.0392
-1 1531129884.244274 0.0830184 0.174442 1.04116
-1 1531129884.311052 0.083945 0.174739 1.04454
-1 1531129884.339794 0.0854539 0.175488 1.04935
-1 1531129884.360191 0.0859018 0.175741 1.05069
-1 1531129884.392983 0.0866146 0.176026 1.05235
-1 1531129884.420545 0.088101 0.176704 1.05554
-1 1531129884.450882 0.0891997 0.177185 1.05734
-1 1531129884.486207 0.0902646 0.177721 1.05906
-1 1531129884.513255 0.091143 0.178153 1.06042
-1 1531129884.554996 0.0933968 0.17925 1.06337
-1 1531129884.568267 0.0940353 0.179698 1.06427
-1 1531129884.582973 0.0947273 0.180153 1.06513
-1 1531129884.607764 0.0958192 0.180799 1.06634
-1 1531129884.647998 0.098279 0.182428 1.06876
-1 1531129884.689200 0.0992204 0.183162 1.06967
-1 1531129884.792537 0.101422 0.184689 1.07142
-1 1531129884.820488 0.103897 0.186906 1.07329
-1 1531129884.871749 0.105402 0.188588 1.07425
-1 1531129884.898944 0.105733 0.189294 1.07451
-1 1531129884.913772 0.106073 0.190126 1.07476
-1 1531129884.926107 0.10633 0.190643 1.07488
-1 1531129884.952752 0.106447 0.190885 1.07492
-1 1531129884.983347 0.1066 0.191551 1.07503
-1 1531129885.000456 0.10682 0.192353 1.07515
-1 1531129885.019772 0.106969 0.192855 1.07524
-1 1531129885.079048 0.107134 0.193364 1.07532
-1 1531129885.116552 0.107396 0.194688 1.07548
-1 1531129885.140488 0.107181 0.195516 1.0756
-1 1531129885.184379 0.107085 0.195974 1.07563
-1 1531129885.270349 0.106933 0.19664 1.07562
-1 1531129885.288926 0.106605 0.197596 1.07554
-1 1531129885.348645 0.106431 0.198214 1.0755
-1 1531129885.392763 0.105676 0.200092 1.07546
-1 1531129885.450696 0.104939 0.201882 1.07548
-1 1531129885.472538 0.103936 0.204544 1.07553
-1 1531129885.497941 0.10356 0.205434 1.07554
-1 1531129885.533324 0.103191 0.206766 1.07549
-1 1531129885.553254 0.102908 0.207823 1.07549
-1 1531129885.600086 0.102631 0.208926 1.07551
-1 1531129885.648485 0.102167 0.210441 1.07553
-1 1531129885.676428 0.101401 0.213085 1.07551
-1 1531129885.710608 0.100914 0.214414 1.07547
-1 1531129885.739214 0.100048 0.216369 1.07543
-1 1531129885.749934 0.099718 0.216978 1.07541
-1 1531129885.792588 0.0990662 0.218129 1.07534
-1 1531129885.913751 0.0972104 0.221413 1.07446
-1 1531129885.926241 0.0966939 0.222152 1.07401
-1 1531129885.941396 0.0965736 0.222316 1.0739
-1 1531129885.956835 0.0963443 0.222625 1.07368
-1 1531129885.970114 0.0962469 0.222767 1.07358
-1 1531129885.981784 0.0961138 0.222972 1.07343
-1 1531129886.006231 0.0959877 0.223173 1.0733
-1 1531129886.087296 0.0952681 0.224436 1.07268
-1 1531129886.123592 0.0943571 0.226036 1.0721
-1 1531129886.180440 0.0935553 0.227399 1.07156
-1 1531129886.227089 0.0927446 0.228581 1.07092
-1 1531129886.245555 0.0922893 0.229118 1.07062
-1 1531129886.286064 0.0917593 0.229914 1.07022
-1 1531129886.313178 0.0909344 0.23101 1.06949
-1 1531129886.345082 0.0902431 0.231873 1.06889
-1 1531129886.379058 0.0897531 0.232456 1.06852
-1 1531129886.419434 0.0887709 0.233506 1.06768
-1 1531129886.487468 0.0874625 0.234605 1.06662
-1 1531129886.524176 0.0857255 0.235919 1.06531
-1 1531129886.538110 0.0849628 0.236531 1.06477
-1 1531129886.553056 0.0846116 0.236844 1.06451
-1 1531129886.585882 0.0840341 0.23753 1.06395
-1 1531129886.628372 0.083486 0.238254 1.06334
-1 1531129886.672370 0.0822088 0.239955 1.06198
-1 1531129886.724786 0.0816815 0.240698 1.06144
-1 1531129886.767413 0.0809985 0.241583 1.06082
-1 1531129886.801553 0.0798777 0.242928 1.06012
-1 1531129886.836571 0.0794656 0.24342 1.05986
-1 1531129886.886265 0.0787949 0.244088 1.05962
-1 1531129886.919290 0.0779257 0.24481 1.0594
-1 1531129886.939897 0.0772539 0.24508 1.05926
-1 1531129886.993125 0.0767129 0.245296 1.05913
-1 1531129887.072460 0.0746077 0.245707 1.05899
-1 1531129887.089477 0.0737487 0.245704 1.05895
-1 1531129887.132730 0.0724874 0.245761 1.059
-1 1531129887.153607 0.0722108 0.245767 1.05902
-1 1531129887.166056 0.0717512 0.24578 1.05908
-1 1531129887.181169 0.071358 0.245772 1.05913
-1 1531129887.218771 0.070639 0.245719 1.05925
-1 1531129887.247283 0.0700013 0.245577 1.05935
-1 1531129887.272934 0.0695109 0.245448 1.05945
-1 1531129887.340707 0.068713 0.245233 1.0596
-1 1531129887.389789 0.0672307 0.244759 1.05982
-1 1531129887.412842 0.0655962 0.244054 1.06008
-1 1531129887.434535 0.0651747 0.24394 1.06015
-1 1531129887.483502 0.0643511 0.243704 1.06029
-1 1531129887.507687 0.0639603 0.243547 1.06036
-1 1531129887.540385 0.0631067 0.243253 1.0605
-1 1531129887.572403 0.0623902 0.243078 1.06066
-1 1531129887.585637 0.0618778 0.242918 1.06079
-1 1531129887.604415 0.0615423 0.242795 1.06089
-1 1531129887.619626 0.061292 0.242714 1.06096
-1 1531129887.645848 0.0607941 0.242533 1.0611
-1 1531129887.675876 0.0602017 0.242277 1.06128
-1 1531129887.703048 0.0595919 0.24201 1.06148
-1 1531129887.820556 0.0584781 0.241289 1.06201
-1 1531129887.859422 0.0588859 0.240672 1.06238
-1 1531129887.912254 0.0594491 0.240294 1.06276
-1 1531129887.981958 0.0602269 0.239104 1.06339
-1 1531129887.991102 0.061257 0.237758 1.06412
-1 1531129888.004800 0.0616826 0.237293 1.06443
-1 1531129888.021189 0.0620321 0.236954 1.06467
-1 1531129888.059543 0.063095 0.23599 1.06534
-1 1531129888.090205 0.0645886 0.234984 1.06619
-1 1531129888.120447 0.0653459 0.234637 1.06657
-1 1531129888.141036 0.0669035 0.233969 1.0673
-1 1531129888.165920 0.0673136 0.233771 1.06749
-1 1531129888.188922 0.0690613 0.232977 1.06818
-1 1531129888.238451 0.0715139 0.231624 1.0689
-1 1531129888.258331 0.0726106 0.230901 1.06917
-1 1531129888.324346 0.0737703 0.230129 1.0694
-1 1531129888.363292 0.0780798 0.227526 1.06996
-1 1531129888.472695 0.0812464 0.225979 1.07011
-1 1531129888.538205 0.0855634 0.224016 1.07025
-1 1531129888.567197 0.0868761 0.223127 1.07019
-1 1531129888.592577 0.0875186 0.222678 1.07015
-1 1531129888.611852 0.0883349 0.222185 1.07011
-1 1531129888.630848 0.0888192 0.222126 1.07014
-1 1531129888.654356 0.0894981 0.222542 1.07026
-1 1531129888.674299 0.0899539 0.223112 1.07037
-1 1531129888.716366 0.0910897 0.225105 1.07045
-1 1531129888.765749 0.0935873 0.228838 1.07032
-1 1531129888.785409 0.0954076 0.231179 1.07008
-1 1531129888.815873 0.097145 0.23338 1.06975
-1 1531129888.848992 0.099338 0.23651 1.06918
-1 1531129888.872964 0.10263 0.241331 1.06803
-1 1531129888.952576 0.117675 0.260002 1.06457
-1 1531129888.969955 0.120551 0.262816 1.06406
-1 1531129889.007369 0.132066 0.269426 1.06328
-1 1531129889.099034 0.165765 0.278012 1.06525
-1 1531129889.127838 0.185659 0.283231 1.06554
-1 1531129889.185723 0.207659 0.28769 1.06392
-1 1531129889.239424 0.218241 0.289554 1.06285
-1 1531129889.316362 0.262451 0.297235 1.05668
-1 1531129889.351589 0.299226 0.304538 1.05082
-1 1531129889.362772 0.322073 0.308148 1.04844
-1 1531129889.379503 0.328094 0.308929 1.04805
-1 1531129889.405914 0.350714 0.311694 1.04753
-1 1531129889.452664 0.394163 0.315114 1.04861
-1 1531129889.498098 0.407411 0.315629 1.04982
-1 1531129889.537916 0.459253 0.319059 1.0534
-1 1531129889.570122 0.504528 0.318856 1.05936
-1 1531129889.701005 0.521953 0.318587 1.06174
-1 1531129889.777825 0.715342 0.305234 1.07255
-1 1531129889.789671 0.731853 0.303954 1.07188
-1 1531129889.805732 0.744257 0.302995 1.07121
-1 1531129889.865908 0.781545 0.299731 1.06832
-1 1531129889.927556 0.823309 0.294877 1.06334
-1 1531129890.059515 0.952416 0.293365 1.0492
-1 1531129890.165957 1.04554 0.297505 1.04407
-1 1531129890.232061 1.2213 0.298479 1.06542
-1 1531129890.249890 1.26214 0.298308 1.07208
-1 1531129890.285800 1.30167 0.301417 1.07543
-1 1531129890.327818 1.33253 0.303669 1.07651
-1 1531129890.405781 1.40909 0.315348 1.07434
-1 1531129890.435901 1.42768 0.320291 1.0725
-1 1531129890.477368 1.4778 0.332675 1.06574
-1 1531129890.520527 1.49016 0.334745 1.06409
-1 1531129890.570556 1.55899 0.33846 1.05652
-1 1531129890.596981 1.60237 0.337237 1.05307
-1 1531129890.615484 1.62389 0.3371 1.05225
-1 1531129890.678033 1.66551 0.339331 1.05242
-1 1531129890.727618 1.75551 0.341335 1.0521
-1 1531129890.752899 1.78073 0.34216 1.05499
-1 1531129890.809711 1.83247 0.336602 1.06288
-1 1531129890.831171 1.86973 0.334789 1.06861
-1 1531129890.858644 1.89211 0.334264 1.07122
-1 1531129890.887264 1.91397 0.332875 1.07271
-1 1531129890.915458 1.94916 0.329602 1.07363
-1 1531129890.936600 1.96221 0.328621 1.07356
-1 1531129890.987664 1.98936 0.327117 1.07239
-1 1531129891.034146 2.01066 0.327404 1.07112
-1 1531129891.073860 2.05944 0.329991 1.06891
-1 1531129891.118287 2.08742 0.337707 1.06763
-1 1531129891.145919 2.10384 0.343468 1.06694
-1 1531129891.193322 2.14748 0.354911 1.06651
-1 1531129891.206381 2.1716 0.3599 1.06753
-1 1531129891.229625 2.18697 0.365356 1.06773
-1 1531129891.273007 2.21641 0.379247 1.0649
-1 1531129891.300510 2.22477 0.377958 1.06446
-1 1531129891.346248 2.24664 0.37368 1.06831
-1 1531129891.368068 2.25978 0.375865 1.07033
-1 1531129891.380239 2.26715 0.377428 1.07117
-1 1531129891.408377 2.27416 0.379033 1.0719
-1 1531129891.510197 2.29303 0.384498 1.07312
-1 1531129891.543975 2.30988 0.388462 1.07296
-1 1531129891.567881 2.32113 0.388083 1.07192
-1 1531129891.640242 2.34311 0.385588 1.07274
-1 1531129891.658217 2.35039 0.383103 1.0725
-1 1531129891.686624 2.3559 0.38032 1.07225
-1 1531129891.740794 2.36256 0.376855 1.07191
-1 1531129891.764305 2.36984 0.374013 1.07138
-1 1531129891.819304 2.37632 0.372293 1.071
-1 1531129891.886203 2.38636 0.370373 1.07022
-1 1531129891.926426 2.39465 0.367917 1.06962
-1 1531129891.954723 2.39754 0.367127 1.06949
-1 1531129891.985010 2.40007 0.366543 1.06947
-1 1531129892.032159 2.40369 0.36589 1.06956
-1 1531129892.058819 2.40581 0.365601 1.06964
-1 1531129892.077571 2.4069 0.365471 1.0697
-1 1531129892.099990 2.40848 0.365376 1.06977
-1 1531129892.148908 2.41055 0.365129 1.06983
-1 1531129892.233009 2.41201 0.364962 1.0699
-1 1531129892.243279 2.41558 0.365208 1.06992
-1 1531129892.321025 2.41799 0.365873 1.06987
-1 1531129892.370150 2.41981 0.36637 1.06976
-1 1531129892.401308 2.42056 0.366488 1.06972
-1 1531129892.420186 2.42105 0.366459 1.0697
-1 1531129892.445697 2.42156 0.366314 1.06965
-1 1531129892.462750 2.42188 0.366188 1.06961
-1 1531129892.507503 2.42227 0.365999 1.06956
-1 1531129892.529774 2.4228 0.365636 1.06948
-1 1531129892.566352 2.42304 0.36542 1.06945
-1 1531129892.600558 2.4235 0.36481 1.06933
-1 1531129892.620384 2.42357 0.364692 1.06931
-1 1531129892.650166 2.42371 0.36441 1.06925
-1 1531129892.704561 2.42391 0.363994 1.06918
-1 1531129892.754151 2.42409 0.363351 1.06914
-1 1531129892.779160 2.42418 0.363035 1.06909
-1 1531129892.859322 2.42426 0.362425 1.069
-1 1531129892.886569 2.4243 0.362251 1.06898
-1 1531129892.938369 2.42428 0.36195 1.06895
-1 1531129893.029366 2.42446 0.361588 1.06891
-1 1531129893.121628 2.42473 0.361371 1.06892
-1 1531129893.138949 2.42491 0.361294 1.06889
-1 1531129893.163759 2.42497 0.361251 1.0689
-1 1531129893.206554 2.42509 0.361271 1.06893
-1 1531129893.213095 2.4252 0.361263 1.06894
-1 1531129893.247658 2.42533 0.361177 1.06895
-1 1531129893.326932 2.42562 0.361089 1.06896
-1 1531129893.355987 2.4257 0.361087 1.06898
-1 1531129893.392202 2.4258 0.361101 1.06899
-1 1531129893.417365 2.42605 0.361086 1.069
-1 1531129893.436424 2.42616 0.361087 1.06899
-1 1531129893.466442 2.42627 0.361089 1.06899
-1 1531129893.538338 2.42657 0.361203 1.06894
