-1 1528276948.731136 0.115881 0.108947 1.071
-1 1528276948.741802 0.115588 0.108924 1.07104
-1 1528276948.747478 0.115574 0.108927 1.07104
-1 1528276948.752002 0.115558 0.108928 1.07104
-1 1528276948.763045 0.115529 0.108931 1.07105
-1 1528276948.768641 0.115458 0.109115 1.07103
-1 1528276948.772224 0.115462 0.109142 1.07103
-1 1528276948.780235 0.115467 0.109166 1.07102
-1 1528276948.786799 0.115472 0.109207 1.07101
-1 1528276948.793859 0.11547 0.10924 1.071
-1 1528276948.802962 0.11546 0.109263 1.07098
-1 1528276948.811938 0.115444 0.109279 1.07097
-1 1528276948.818954 0.115422 0.109292 1.07096
-1 1528276948.825786 0.115412 0.1093 1.07095
-1 1528276948.835193 0.115383 0.109329 1.07094
-1 1528276948.847076 0.115353 0.109355 1.07093
-1 1528276948.851532 0.115341 0.109364 1.07092
-1 1528276948.858443 0.115319 0.109379 1.07092
-1 1528276948.866238 0.115282 0.109487 1.07091
-1 1528276948.873332 0.115246 0.109557 1.0709
-1 1528276948.880129 0.11522 0.109596 1.07089
-1 1528276948.889837 0.115202 0.109625 1.07087
-1 1528276948.896606 0.115183 0.109648 1.07086
-1 1528276948.903977 0.115162 0.109664 1.07085
-1 1528276948.924180 0.115117 0.109674 1.07082
-1 1528276948.935724 0.115101 0.109675 1.0708
-1 1528276948.941278 0.115083 0.109677 1.07079
-1 1528276948.947463 0.115069 0.109682 1.07079
-1 1528276948.951281 0.115065 0.109685 1.07078
-1 1528276948.958250 0.115063 0.109688 1.07078
-1 1528276948.963584 0.115024 0.109856 1.07077
-1 1528276948.972166 0.114987 0.109904 1.07076
-1 1528276948.976681 0.114968 0.109922 1.07076
-1 1528276948.985628 0.114936 0.109945 1.07075
-1 1528276948.995332 0.114911 0.109957 1.07074
-1 1528276949.002905 0.114893 0.109967 1.07073
-1 1528276949.010195 0.114876 0.109976 1.07073
-1 1528276949.015573 0.114871 0.10998 1.07072
-1 1528276949.020737 0.114867 0.109982 1.07072
-1 1528276949.030304 0.114862 0.109985 1.07071
-1 1528276949.035220 0.114857 0.109989 1.07071
-1 1528276949.046789 0.114847 0.109991 1.0707
-1 1528276949.054605 0.114835 0.109984 1.07069
-1 1528276949.059482 0.114827 0.109977 1.07069
-1 1528276949.071108 0.114783 0.110146 1.07068
-1 1528276949.078393 0.114741 0.110147 1.07067
-1 1528276949.082377 0.114722 0.110141 1.07067
-1 1528276949.089528 0.114705 0.110134 1.07066
-1 1528276949.094244 0.114676 0.110117 1.07065
-1 1528276949.099503 0.114662 0.110107 1.07065
-1 1528276949.107442 0.114637 0.110086 1.07064
-1 1528276949.116388 0.11461 0.110061 1.07062
-1 1528276949.122866 0.114578 0.110037 1.07061
-1 1528276949.127030 0.11456 0.110026 1.07061
-1 1528276949.138398 0.114511 0.10999 1.07059
-1 1528276949.146518 0.114475 0.109969 1.07058
-1 1528276949.151207 0.114458 0.109962 1.07057
-1 1528276949.166299 0.114441 0.109958 1.07057
-1 1528276949.174982 0.114441 0.110122 1.07056
-1 1528276949.181391 0.114401 0.110194 1.07055
-1 1528276949.185441 0.11438 0.110225 1.07054
-1 1528276949.193361 0.11434 0.110279 1.07053
-1 1528276949.200024 0.114307 0.110329 1.07052
-1 1528276949.208524 0.114282 0.110377 1.07051
-1 1528276949.216697 0.114256 0.11043 1.0705
-1 1528276949.223339 0.114232 0.110486 1.07049
-1 1528276949.226778 0.114219 0.110516 1.07048
-1 1528276949.231345 0.114205 0.110549 1.07048
-1 1528276949.238848 0.11417 0.110624 1.07047
-1 1528276949.242790 0.114151 0.110666 1.07047
-1 1528276949.250192 0.114112 0.110757 1.07046
-1 1528276949.254092 0.114093 0.110807 1.07045
-1 1528276949.258729 0.114074 0.11086 1.07045
-1 1528276949.267417 0.114061 0.111149 1.07043
-1 1528276949.278299 0.11403 0.111428 1.0704
-1 1528276949.284328 0.114016 0.11151 1.0704
-1 1528276949.289613 0.113983 0.111658 1.07038
-1 1528276949.299129 0.113944 0.111786 1.07037
-1 1528276949.307708 0.113901 0.111899 1.07035
-1 1528276949.314894 0.113852 0.112007 1.07033
-1 1528276949.320685 0.113825 0.112063 1.07032
-1 1528276949.327172 0.113766 0.112178 1.0703
-1 1528276949.331099 0.113735 0.112238 1.07029
-1 1528276949.339920 0.113669 0.112365 1.07027
-1 1528276949.344688 0.113638 0.112432 1.07025
-1 1528276949.352692 0.113604 0.112504 1.07024
-1 1528276949.357542 0.113534 0.112656 1.07021
-1 1528276949.365146 0.11351 0.112989 1.07017
-1 1528276949.369449 0.113497 0.113135 1.07015
-1 1528276949.373730 0.113482 0.113271 1.07013
-1 1528276949.383112 0.113444 0.113517 1.0701
-1 1528276949.389690 0.113401 0.113738 1.07006
-1 1528276949.398129 0.113358 0.113941 1.07002
-1 1528276949.407423 0.113315 0.11413 1.06998
-1 1528276949.414242 0.113271 0.114319 1.06994
-1 1528276949.421318 0.11323 0.114511 1.06989
-1 1528276949.429794 0.113199 0.114717 1.06985
-1 1528276949.433990 0.11319 0.114826 1.06982
-1 1528276949.442861 0.113185 0.114938 1.0698
-1 1528276949.449691 0.113178 0.115306 1.06972
-1 1528276949.466850 0.113297 0.1159 1.06962
-1 1528276949.473321 0.113376 0.11633 1.06955
-1 1528276949.479754 0.11341 0.116527 1.06952
-1 1528276949.485285 0.113463 0.116887 1.06944
-1 1528276949.491405 0.113489 0.117053 1.06941
-1 1528276949.498636 0.113533 0.117354 1.06933
-1 1528276949.506239 0.11356 0.117623 1.06925
-1 1528276949.516422 0.11358 0.117868 1.06916
-1 1528276949.528904 0.113588 0.118097 1.06908
-1 1528276949.535907 0.113584 0.118416 1.06896
-1 1528276949.542268 0.113579 0.118518 1.06892
-1 1528276949.548410 0.113562 0.11871 1.06884
-1 1528276949.555909 0.11354 0.118889 1.06876
-1 1528276949.562864 0.113618 0.119229 1.06868
-1 1528276949.567551 0.113635 0.119387 1.06864
-1 1528276949.574505 0.113636 0.119653 1.06855
-1 1528276949.580634 0.11362 0.119765 1.0685
-1 1528276949.586068 0.113595 0.119862 1.06846
-1 1528276949.593298 0.113517 0.120022 1.06837
-1 1528276949.603001 0.113414 0.120144 1.06828
-1 1528276949.608290 0.113307 0.12023 1.06818
-1 1528276949.617486 0.113253 0.120261 1.06813
-1 1528276949.627805 0.113098 0.120332 1.06796
-1 1528276949.634376 0.113014 0.120371 1.06783
-1 1528276949.639956 0.112976 0.120392 1.06777
-1 1528276949.651849 0.112915 0.120442 1.06764
-1 1528276949.659042 0.11288 0.120504 1.06752
-1 1528276949.666114 0.112953 0.120799 1.0674
-1 1528276949.676289 0.112999 0.121066 1.06729
-1 1528276949.685760 0.113008 0.121385 1.06718
-1 1528276949.693731 0.11297 0.121571 1.06714
-1 1528276949.702768 0.112894 0.121744 1.06711
-1 1528276949.708339 0.112794 0.121913 1.06708
-1 1528276949.713609 0.112737 0.122001 1.06707
-1 1528276949.717075 0.11268 0.122091 1.06706
-1 1528276949.727232 0.112573 0.122291 1.06704
-1 1528276949.738171 0.112472 0.122507 1.06702
-1 1528276949.746418 0.112382 0.122741 1.067
-1 1528276949.751989 0.112301 0.123004 1.06698
-1 1528276949.762221 0.112309 0.123379 1.06695
-1 1528276949.770425 0.1123 0.123882 1.06693
-1 1528276949.777438 0.112272 0.124347 1.0669
-1 1528276949.787030 0.112243 0.124781 1.06688
-1 1528276949.797742 0.11222 0.125181 1.06687
-1 1528276949.805948 0.112202 0.12555 1.06685
-1 1528276949.812276 0.112172 0.125897 1.06682
-1 1528276949.815347 0.112151 0.126066 1.06681
-1 1528276949.820430 0.112127 0.126231 1.0668
-1 1528276949.825379 0.112102 0.126397 1.06679
-1 1528276949.831470 0.112049 0.126726 1.06678
-1 1528276949.835781 0.112022 0.126894 1.06677
-1 1528276949.844259 0.111995 0.127064 1.06675
-1 1528276949.852374 0.111924 0.127595 1.06672
-1 1528276949.855874 0.111904 0.12778 1.06671
-1 1528276949.863187 0.111945 0.127988 1.06669
-1 1528276949.867521 0.11194 0.128456 1.06666
-1 1528276949.873597 0.111929 0.128683 1.06664
-1 1528276949.880682 0.111899 0.129125 1.06662
-1 1528276949.887269 0.11188 0.129342 1.06661
-1 1528276949.892530 0.111831 0.129781 1.06659
-1 1528276949.898629 0.111804 0.13 1.06658
-1 1528276949.906113 0.111748 0.130442 1.06657
-1 1528276949.915394 0.111684 0.130876 1.06655
-1 1528276949.919828 0.11165 0.131087 1.06654
-1 1528276949.923803 0.111617 0.131298 1.06653
-1 1528276949.928770 0.111582 0.131509 1.06651
-1 1528276949.935767 0.111517 0.131934 1.06648
-1 1528276949.940001 0.111487 0.132146 1.06646
-1 1528276949.947505 0.111461 0.132359 1.06644
-1 1528276949.958349 0.111392 0.132989 1.06638
-1 1528276949.967015 0.111391 0.133395 1.06634
-1 1528276949.973777 0.111391 0.133811 1.0663
-1 1528276949.979523 0.111385 0.134229 1.06626
-1 1528276949.983917 0.111381 0.134438 1.06624
-1 1528276949.993972 0.111376 0.13465 1.06622
-1 1528276950.002341 0.111362 0.135312 1.06617
-1 1528276950.009072 0.111352 0.135772 1.06613
-1 1528276950.017181 0.111342 0.136235 1.06609
-1 1528276950.023126 0.111336 0.136702 1.06604
-1 1528276950.027889 0.111335 0.136935 1.06602
-1 1528276950.034668 0.111333 0.137166 1.066
-1 1528276950.039459 0.111332 0.137395 1.06598
-1 1528276950.046103 0.111329 0.137843 1.06594
-1 1528276950.054678 0.111329 0.138068 1.06593
-1 1528276950.070013 0.111363 0.138626 1.06587
-1 1528276950.074346 0.111414 0.138955 1.06583
-1 1528276950.082456 0.111452 0.139306 1.06579
-1 1528276950.094115 0.111479 0.13967 1.06575
-1 1528276950.100578 0.111493 0.140236 1.06568
-1 1528276950.107491 0.111497 0.140431 1.06566
-1 1528276950.112533 0.111512 0.140834 1.06562
-1 1528276950.117908 0.111523 0.141036 1.06559
-1 1528276950.125571 0.111546 0.141431 1.06555
-1 1528276950.134162 0.111567 0.141828 1.0655
-1 1528276950.143396 0.111592 0.142223 1.06546
-1 1528276950.149112 0.111627 0.14261 1.06542
-1 1528276950.157147 0.111645 0.142797 1.0654
-1 1528276950.164205 0.111629 0.142988 1.06535
-1 1528276950.173983 0.111648 0.143175 1.06531
-1 1528276950.178450 0.111679 0.143399 1.06526
-1 1528276950.186881 0.111694 0.143521 1.06524
-1 1528276950.191394 0.111725 0.143781 1.0652
-1 1528276950.198885 0.11176 0.144058 1.06516
-1 1528276950.202038 0.111781 0.144203 1.06514
-1 1528276950.207358 0.111804 0.144349 1.06513
-1 1528276950.215232 0.111825 0.144496 1.06511
-1 1528276950.222599 0.111847 0.144643 1.0651
-1 1528276950.229730 0.111891 0.144934 1.06507
-1 1528276950.236314 0.111935 0.145213 1.06504
-1 1528276950.248671 0.11198 0.145474 1.06502
-1 1528276950.261069 0.112029 0.145724 1.06499
-1 1528276950.267826 0.112119 0.145939 1.06494
-1 1528276950.278805 0.112181 0.145999 1.06492
-1 1528276950.284103 0.112241 0.14608 1.06491
-1 1528276950.291671 0.112269 0.146123 1.06491
-1 1528276950.299394 0.112316 0.146209 1.06491
-1 1528276950.305055 0.112355 0.146282 1.06493
-1 1528276950.311528 0.112375 0.146316 1.06494
-1 1528276950.321012 0.11244 0.146398 1.06497
-1 1528276950.329091 0.112488 0.146437 1.065
-1 1528276950.335925 0.112515 0.146453 1.06502
-1 1528276950.343333 0.112579 0.146476 1.06505
-1 1528276950.353225 0.112647 0.146488 1.06508
-1 1528276950.360871 0.112654 0.146398 1.06512
-1 1528276950.369091 0.112684 0.146168 1.06516
-1 1528276950.376293 0.112711 0.146074 1.06517
-1 1528276950.383438 0.11278 0.14592 1.0652
-1 1528276950.389603 0.112856 0.145801 1.06523
-1 1528276950.396772 0.112895 0.145752 1.06525
-1 1528276950.403277 0.112978 0.145664 1.06528
-1 1528276950.411156 0.113074 0.145579 1.06531
-1 1528276950.419352 0.11318 0.145487 1.06535
-1 1528276950.428712 0.11329 0.145378 1.06539
-1 1528276950.457803 0.113735 0.144865 1.06553
-1 1528276950.463645 0.113795 0.144532 1.06556
-1 1528276950.470888 0.113879 0.14418 1.0656
-1 1528276950.477849 0.11397 0.143878 1.06564
-1 1528276950.488317 0.11402 0.143741 1.06566
-1 1528276950.491872 0.114128 0.143488 1.0657
-1 1528276950.501419 0.114186 0.14337 1.06572
-1 1528276950.508516 0.114365 0.143046 1.06578
-1 1528276950.520627 0.114492 0.142838 1.06582
-1 1528276950.529167 0.114616 0.142634 1.06585
-1 1528276950.537771 0.114737 0.142428 1.06588
-1 1528276950.546620 0.114855 0.14221 1.06592
-1 1528276950.556834 0.114976 0.141978 1.06595
-1 1528276950.566428 0.115058 0.141484 1.066
-1 1528276950.573993 0.115117 0.141079 1.06602
-1 1528276950.581441 0.1152 0.140723 1.06604
-1 1528276950.585678 0.115248 0.140559 1.06605
-1 1528276950.592674 0.115299 0.140403 1.06606
-1 1528276950.597714 0.115407 0.140118 1.06608
-1 1528276950.604598 0.115464 0.139988 1.06609
-1 1528276950.619154 0.115654 0.139635 1.06611
-1 1528276950.624639 0.115869 0.139326 1.06613
-1 1528276950.629986 0.115946 0.139226 1.06614
-1 1528276950.637165 0.11602 0.139126 1.06614
-1 1528276950.647507 0.116172 0.138922 1.06615
-1 1528276950.657207 0.116404 0.138614 1.06615
-1 1528276950.677716 0.116384 0.138298 1.06614
-1 1528276950.685859 0.116462 0.137353 1.06613
-1 1528276950.696789 0.116531 0.136993 1.06612
-1 1528276950.703778 0.116611 0.136642 1.06612
-1 1528276950.713278 0.116695 0.136307 1.06612
-1 1528276950.721096 0.116776 0.135984 1.06613
-1 1528276950.736162 0.116895 0.135498 1.06614
-1 1528276950.739753 0.116975 0.135169 1.06615
-1 1528276950.747232 0.117053 0.134834 1.06616
-1 1528276950.755689 0.117125 0.134491 1.06618
-1 1528276950.760785 0.11708 0.134325 1.06617
-1 1528276950.771227 0.11702 0.133816 1.06618
-1 1528276950.775923 0.116991 0.133333 1.06618
-1 1528276950.783035 0.116987 0.133104 1.06618
-1 1528276950.788760 0.116997 0.132665 1.06618
-1 1528276950.792966 0.117007 0.132451 1.06619
-1 1528276950.802554 0.117033 0.132029 1.06619
-1 1528276950.831429 0.117063 0.131376 1.06619
-1 1528276950.837834 0.117157 0.130058 1.06618
-1 1528276950.848675 0.117175 0.129836 1.06618
-1 1528276950.857347 0.117213 0.129391 1.06618
-1 1528276950.861806 0.117172 0.128963 1.06617
-1 1528276950.871502 0.117128 0.128693 1.06617
-1 1528276950.881443 0.117057 0.1279 1.06617
-1 1528276950.891228 0.117049 0.127165 1.06616
-1 1528276950.897968 0.117063 0.126697 1.06615
-1 1528276950.902496 0.117073 0.12647 1.06615
-1 1528276950.912728 0.117099 0.126029 1.06614
-1 1528276950.918405 0.117134 0.125605 1.06613
-1 1528276950.931575 0.117178 0.125199 1.06612
-1 1528276950.938020 0.117268 0.124615 1.06613
-1 1528276950.946402 0.117334 0.124234 1.06617
-1 1528276950.954094 0.117368 0.124046 1.0662
-1 1528276950.957622 0.117327 0.1237 1.06627
-1 1528276950.965300 0.117289 0.123475 1.06631
-1 1528276950.979160 0.11724 0.123021 1.0664
-1 1528276950.995935 0.117217 0.122377 1.06656
-1 1528276951.003226 0.117209 0.121585 1.06679
-1 1528276951.010362 0.117209 0.121393 1.06684
-1 1528276951.018854 0.117208 0.12082 1.06703
-1 1528276951.026364 0.117208 0.120436 1.06715
-1 1528276951.033782 0.117208 0.120243 1.06721
-1 1528276951.039542 0.117207 0.119852 1.06734
-1 1528276951.046558 0.117199 0.119454 1.06747
-1 1528276951.049921 0.117191 0.119253 1.06753
-1 1528276951.055674 0.117179 0.119052 1.0676
-1 1528276951.068153 0.116988 0.11863 1.06773
-1 1528276951.079094 0.116831 0.117942 1.06794
-1 1528276951.090248 0.116762 0.117508 1.06807
-1 1528276951.096028 0.116711 0.117084 1.06821
-1 1528276951.101155 0.116688 0.116875 1.06827
-1 1528276951.108505 0.116648 0.11646 1.06841
-1 1528276951.117657 0.11663 0.116251 1.06848
-1 1528276951.127485 0.11658 0.11562 1.06868
-1 1528276951.132109 0.116548 0.115195 1.0688
-1 1528276951.145184 0.116503 0.114548 1.06899
-1 1528276951.151979 0.116471 0.114115 1.06911
-1 1528276951.156832 0.116454 0.1139 1.06917
-1 1528276951.160124 0.116356 0.11372 1.06923
-1 1528276951.168115 0.116222 0.113269 1.06935
-1 1528276951.172313 0.116166 0.113044 1.06941
-1 1528276951.181452 0.116115 0.112818 1.06947
-1 1528276951.189230 0.115989 0.11216 1.06964
-1 1528276951.196312 0.115915 0.111732 1.06975
-1 1528276951.204355 0.115849 0.111309 1.06986
-1 1528276951.208909 0.115818 0.111098 1.06991
-1 1528276951.220722 0.115761 0.110676 1.07002
-1 1528276951.230296 0.115694 0.11005 1.07017
-1 1528276951.234345 0.115677 0.109848 1.07022
-1 1528276951.237824 0.11566 0.109652 1.07027
-1 1528276951.243587 0.115646 0.10946 1.07031
-1 1528276951.249464 0.115618 0.109087 1.07041
-1 1528276951.253549 0.115603 0.108907 1.07045
-1 1528276951.263722 0.115421 0.108643 1.07055
-1 1528276951.275350 0.11531 0.108326 1.07063
-1 1528276951.282696 0.115222 0.108004 1.07072
-1 1528276951.287455 0.115142 0.107671 1.0708
-1 1528276951.297456 0.115102 0.107498 1.07085
-1 1528276951.306324 0.11502 0.107145 1.07093
-1 1528276951.310780 0.114938 0.106791 1.07101
-1 1528276951.313757 0.114904 0.106618 1.07105
-1 1528276951.317472 0.114871 0.106448 1.07109
-1 1528276951.328020 0.11482 0.106114 1.07116
-1 1528276951.335564 0.114779 0.105788 1.07123
-1 1528276951.341650 0.114754 0.105471 1.07129
-1 1528276951.347103 0.114748 0.105318 1.07132
-1 1528276951.354657 0.114742 0.105021 1.07138
-1 1528276951.361793 0.114607 0.104842 1.07145
-1 1528276951.366319 0.114563 0.104722 1.07148
-1 1528276951.375613 0.11452 0.104601 1.07151
-1 1528276951.385923 0.114392 0.104219 1.07159
-1 1528276951.391682 0.114349 0.104087 1.07162
-1 1528276951.399843 0.114272 0.103816 1.07167
-1 1528276951.404631 0.114205 0.103537 1.07172
-1 1528276951.416748 0.114154 0.103259 1.07177
-1 1528276951.423563 0.114117 0.102983 1.07181
-1 1528276951.430873 0.114094 0.102702 1.07186
-1 1528276951.434299 0.114083 0.102559 1.07188
-1 1528276951.440400 0.114073 0.102413 1.0719
-1 1528276951.446321 0.114062 0.102268 1.07192
-1 1528276951.454539 0.114037 0.101984 1.07195
-1 1528276951.458797 0.114019 0.101842 1.07197
-1 1528276951.462432 0.113948 0.10179 1.072
-1 1528276951.467553 0.113893 0.101705 1.07202
-1 1528276951.471584 0.113845 0.101605 1.07204
-1 1528276951.476480 0.113797 0.101495 1.07205
-1 1528276951.487866 0.113711 0.101258 1.07209
-1 1528276951.491971 0.113632 0.101009 1.07212
-1 1528276951.501450 0.113559 0.100752 1.07215
-1 1528276951.508871 0.113504 0.100488 1.07218
-1 1528276951.515125 0.11346 0.100222 1.07221
-1 1528276951.519898 0.113438 0.100084 1.07222
-1 1528276951.526766 0.113394 0.0997982 1.07225
-1 1528276951.532707 0.113373 0.0996514 1.07227
-1 1528276951.539328 0.113331 0.0993534 1.07231
-1 1528276951.546917 0.113312 0.0992037 1.07233
-1 1528276951.550114 0.113271 0.0989049 1.07238
-1 1528276951.557325 0.113254 0.0987582 1.0724
-1 1528276951.565055 0.11321 0.0986154 1.07245
-1 1528276951.573015 0.113175 0.0984294 1.07248
-1 1528276951.577014 0.113155 0.0983274 1.0725
-1 1528276951.584085 0.113106 0.0981117 1.07253
-1 1528276951.595370 0.113052 0.0978848 1.07255
-1 1528276951.607163 0.112994 0.0976503 1.07258
-1 1528276951.614436 0.112893 0.0972848 1.07262
-1 1528276951.623536 0.112818 0.0970257 1.07265
-1 1528276951.630796 0.112739 0.0967608 1.07269
-1 1528276951.638090 0.112698 0.0966257 1.0727
-1 1528276951.644751 0.112616 0.0963564 1.07274
-1 1528276951.654492 0.112498 0.0959488 1.07281
-1 1528276951.657786 0.112473 0.0958967 1.07283
-1 1528276951.665761 0.1124 0.0957048 1.07288
-1 1528276951.672108 0.112363 0.0955904 1.0729
-1 1528276951.677745 0.112288 0.0953316 1.07295
-1 1528276951.685783 0.112248 0.0951926 1.07298
-1 1528276951.693007 0.112167 0.0949053 1.07303
-1 1528276951.697998 0.112125 0.0947586 1.07306
-1 1528276951.706349 0.112041 0.0944632 1.07311
-1 1528276951.717044 0.111949 0.0941658 1.07316
-1 1528276951.727108 0.111796 0.0937214 1.07324
-1 1528276951.734394 0.111692 0.0934154 1.07329
-1 1528276951.740847 0.11164 0.0932598 1.07331
-1 1528276951.744698 0.111588 0.0931035 1.07334
-1 1528276951.749683 0.111536 0.0929464 1.07337
-1 1528276951.758291 0.11144 0.0926294 1.07342
-1 1528276951.765473 0.111454 0.0924689 1.07347
-1 1528276951.774186 0.111421 0.0922452 1.07352
-1 1528276951.784477 0.111326 0.091876 1.0736
-1 1528276951.792306 0.111287 0.0917481 1.07362
-1 1528276951.799922 0.111175 0.0913435 1.07369
-1 1528276951.808981 0.11114 0.0912003 1.07371
-1 1528276951.815152 0.111076 0.0909149 1.07375
-1 1528276951.821681 0.111007 0.0906277 1.07379
-1 1528276951.829743 0.110927 0.0903377 1.07382
-1 1528276951.834937 0.110882 0.0901939 1.07383
-1 1528276951.839590 0.110834 0.0900467 1.07384
-1 1528276951.845334 0.110788 0.0898961 1.07385
-1 1528276951.852618 0.110699 0.0895865 1.07386
-1 1528276951.860973 0.110695 0.0893768 1.07388
-1 1528276951.865501 0.110692 0.0892659 1.07388
-1 1528276951.873843 0.110662 0.0889921 1.07388
-1 1528276951.880651 0.11061 0.0886934 1.07388
-1 1528276951.888508 0.110536 0.0883832 1.07387
-1 1528276951.896318 0.110495 0.0882247 1.07387
-1 1528276951.904471 0.110406 0.087895 1.07387
-1 1528276951.913342 0.110308 0.0875434 1.07387
-1 1528276951.919478 0.110204 0.0871684 1.07387
-1 1528276951.924982 0.11015 0.0869739 1.07387
-1 1528276951.936821 0.110046 0.086574 1.07387
-1 1528276951.944479 0.10989 0.0859517 1.07387
-1 1528276951.951728 0.109777 0.085523 1.07387
-1 1528276951.958693 0.109787 0.0851937 1.07387
-1 1528276951.966273 0.109796 0.0848529 1.07384
-1 1528276951.971103 0.109783 0.0846608 1.07383
-1 1528276951.977502 0.109736 0.0842451 1.07378
-1 1528276951.983959 0.109701 0.0840242 1.07376
-1 1528276951.992004 0.109616 0.0835636 1.07371
-1 1528276951.999250 0.109565 0.0833248 1.07369
-1 1528276952.003787 0.109451 0.0828323 1.07365
-1 1528276952.007611 0.109391 0.082582 1.07364
-1 1528276952.016846 0.109326 0.0823298 1.07363
-1 1528276952.023693 0.109188 0.0818198 1.07361
-1 1528276952.029778 0.109044 0.0813006 1.07359
-1 1528276952.038414 0.10897 0.0810383 1.07358
-1 1528276952.045068 0.108818 0.0805068 1.07356
-1 1528276952.048834 0.10874 0.0802405 1.07354
-1 1528276952.054460 0.10866 0.0799738 1.07353
-1 1528276952.062794 0.108628 0.0795408 1.07351
-1 1528276952.073278 0.108549 0.0789004 1.07345
-1 1528276952.078691 0.108507 0.078675 1.07343
-1 1528276952.085935 0.108394 0.0782208 1.07339
-1 1528276952.092527 0.108258 0.0777716 1.07336
-1 1528276952.099555 0.108183 0.0775517 1.07336
-1 1528276952.106295 0.108032 0.0771162 1.07334
-1 1528276952.117672 0.107791 0.0764495 1.07332
-1 1528276952.124325 0.107623 0.0759899 1.07331
-1 1528276952.134866 0.107449 0.0755237 1.0733
-1 1528276952.146853 0.107164 0.0748167 1.07327
-1 1528276952.164701 0.106957 0.0743391 1.07324
-1 1528276952.170861 0.107005 0.0742297 1.07323
-1 1528276952.177320 0.106924 0.0739427 1.07318
-1 1528276952.184446 0.1068 0.0736036 1.07313
-1 1528276952.192176 0.106654 0.07323 1.07308
-1 1528276952.202493 0.106483 0.0728291 1.07302
-1 1528276952.207821 0.10628 0.0724211 1.07297
-1 1528276952.211465 0.106173 0.072217 1.07294
-1 1528276952.217072 0.106066 0.0720142 1.07291
-1 1528276952.225142 0.105853 0.0716156 1.07286
-1 1528276952.232165 0.105661 0.0712244 1.0728
-1 1528276952.235791 0.105569 0.0710282 1.07277
-1 1528276952.244705 0.105481 0.0708335 1.07274
-1 1528276952.253770 0.105218 0.0702777 1.07264
-1 1528276952.264472 0.105045 0.0699336 1.07258
-1 1528276952.268981 0.105101 0.0698726 1.07252
-1 1528276952.271512 0.105076 0.069816 1.07248
-1 1528276952.279442 0.104985 0.0696643 1.07241
-1 1528276952.283545 0.104928 0.069573 1.07237
-1 1528276952.291973 0.104805 0.0693715 1.0723
-1 1528276952.294948 0.10474 0.0692632 1.07226
-1 1528276952.299689 0.104678 0.0691525 1.07222
-1 1528276952.306318 0.10456 0.0689244 1.07214
-1 1528276952.311688 0.104506 0.0688102 1.0721
-1 1528276952.321010 0.104409 0.0685845 1.07201
-1 1528276952.325889 0.104321 0.0683618 1.07194
-1 1528276952.329295 0.10428 0.0682523 1.0719
-1 1528276952.332723 0.10424 0.0681463 1.07186
-1 1528276952.344631 0.104163 0.0679392 1.07179
-1 1528276952.353646 0.104089 0.0677434 1.07173
-1 1528276952.368920 0.104256 0.0677524 1.07165
-1 1528276952.372834 0.104323 0.0677989 1.07159
-1 1528276952.376389 0.104342 0.0678037 1.07157
-1 1528276952.384788 0.104357 0.0677918 1.07151
-1 1528276952.391215 0.104357 0.0677775 1.07149
-1 1528276952.396068 0.104346 0.0677352 1.07144
-1 1528276952.400689 0.104337 0.0677054 1.07142
-1 1528276952.407784 0.10431 0.0676309 1.07139
-1 1528276952.416488 0.104277 0.0675401 1.07136
-1 1528276952.422263 0.104261 0.0674918 1.07134
-1 1528276952.427054 0.104236 0.067395 1.07132
-1 1528276952.435486 0.104227 0.0673493 1.07131
-1 1528276952.446305 0.104219 0.0672261 1.07129
-1 1528276952.453547 0.104227 0.0671632 1.07129
-1 1528276952.457368 0.104428 0.0672668 1.07129
-1 1528276952.466116 0.104535 0.0673619 1.07129
-1 1528276952.472754 0.104709 0.0675045 1.07129
-1 1528276952.477202 0.104778 0.0675574 1.07129
-1 1528276952.480583 0.104837 0.067601 1.07129
-1 1528276952.489262 0.104928 0.0676666 1.07131
-1 1528276952.497317 0.104962 0.0676918 1.07132
-1 1528276952.502640 0.10501 0.067731 1.07135
-1 1528276952.509188 0.105025 0.0677494 1.07136
-1 1528276952.527600 0.105046 0.0677869 1.0714
-1 1528276952.537164 0.105089 0.0678938 1.07151
-1 1528276952.548442 0.105109 0.0679627 1.07156
-1 1528276952.558666 0.105293 0.0682566 1.07168
-1 1528276952.562503 0.105379 0.0684106 1.07171
-1 1528276952.567950 0.105459 0.0685469 1.07174
-1 1528276952.577136 0.105576 0.068786 1.07181
-1 1528276952.584897 0.105661 0.0689884 1.07188
-1 1528276952.593238 0.105723 0.0691618 1.07195
-1 1528276952.597494 0.105749 0.0692397 1.07198
-1 1528276952.604576 0.105791 0.0693839 1.07205
-1 1528276952.613406 0.105807 0.0694542 1.07209
-1 1528276952.618289 0.105836 0.0696045 1.07217
-1 1528276952.626176 0.10585 0.0696836 1.0722
-1 1528276952.634211 0.105895 0.0699292 1.07233
-1 1528276952.646460 0.105911 0.0700136 1.07237
-1 1528276952.654095 0.105979 0.070278 1.07249
-1 1528276952.676222 0.106426 0.0712222 1.07269
-1 1528276952.687645 0.106552 0.0716014 1.07278
-1 1528276952.693738 0.106584 0.0717114 1.07281
-1 1528276952.706178 0.106666 0.0720112 1.0729
-1 1528276952.713505 0.106711 0.0721991 1.07296
-1 1528276952.719001 0.106753 0.0723775 1.07302
-1 1528276952.722907 0.106771 0.072462 1.07305
-1 1528276952.730459 0.106787 0.0725444 1.07308
-1 1528276952.737731 0.106804 0.072625 1.07311
-1 1528276952.743531 0.106839 0.0727835 1.07317
-1 1528276952.746748 0.106859 0.0728631 1.0732
-1 1528276952.749945 0.106881 0.0729425 1.07323
-1 1528276952.757483 0.106996 0.0731665 1.07328
-1 1528276952.766564 0.107058 0.0733388 1.0733
-1 1528276952.771755 0.107173 0.0736485 1.07334
-1 1528276952.776980 0.107222 0.0737855 1.07336
-1 1528276952.779854 0.107265 0.0739115 1.07339
-1 1528276952.785654 0.107303 0.0740295 1.07341
-1 1528276952.791846 0.107362 0.074243 1.07345
-1 1528276952.798934 0.1074 0.074425 1.07349
-1 1528276952.804182 0.107416 0.0745062 1.07351
-1 1528276952.809496 0.107428 0.0745824 1.07353
-1 1528276952.816681 0.107455 0.0747253 1.07358
-1 1528276952.826074 0.107483 0.0748633 1.07363
-1 1528276952.828630 0.107495 0.0749324 1.07366
-1 1528276952.838634 0.107516 0.0750704 1.07371
-1 1528276952.845655 0.107536 0.0752116 1.07377
-1 1528276952.849192 0.107547 0.0752851 1.0738
-1 1528276952.862500 0.107644 0.075664 1.07387
-1 1528276952.870787 0.107683 0.0758367 1.07389
-1 1528276952.875722 0.107747 0.0761566 1.07394
-1 1528276952.879539 0.107773 0.0763048 1.07397
-1 1528276952.885595 0.107797 0.0764465 1.07399
-1 1528276952.892930 0.107839 0.0767104 1.07404
-1 1528276952.897757 0.107856 0.0768344 1.07406
-1 1528276952.904572 0.107893 0.0770764 1.07411
-1 1528276952.910120 0.107912 0.0771923 1.07413
-1 1528276952.917476 0.107927 0.0773062 1.07415
-1 1528276952.923975 0.107955 0.077534 1.07419
-1 1528276952.927438 0.107965 0.0776521 1.07421
-1 1528276952.945573 0.107994 0.0781438 1.07429
-1 1528276952.948346 0.108 0.0782791 1.07431
-1 1528276952.953414 0.108005 0.0784204 1.07433
-1 1528276952.962919 0.108043 0.0787494 1.07435
-1 1528276952.968595 0.108085 0.0792285 1.07437
-1 1528276952.975447 0.108103 0.0794619 1.07439
-1 1528276952.980727 0.108134 0.079918 1.07441
-1 1528276952.985118 0.108148 0.0801422 1.07443
-1 1528276952.989131 0.108161 0.080363 1.07444
-1 1528276952.994192 0.108174 0.0805838 1.07445
-1 1528276953.000774 0.108205 0.081021 1.07447
-1 1528276953.006737 0.108223 0.0812375 1.07448
-1 1528276953.012663 0.108261 0.0816627 1.07449
-1 1528276953.021221 0.10828 0.0818725 1.0745
-1 1528276953.030993 0.108336 0.0824912 1.07451
-1 1528276953.035748 0.108354 0.0826913 1.07452
-1 1528276953.042439 0.108397 0.083084 1.07452
-1 1528276953.046282 0.108427 0.0832792 1.07453
-1 1528276953.049332 0.108466 0.0834725 1.07453
-1 1528276953.057289 0.108575 0.0838694 1.07452
-1 1528276953.067694 0.108661 0.0843844 1.07451
-1 1528276953.071319 0.108697 0.084626 1.07451
-1 1528276953.075358 0.108727 0.084856 1.07451
-1 1528276953.082696 0.108773 0.0852897 1.0745
-1 1528276953.094409 0.108815 0.0856961 1.07448
-1 1528276953.102992 0.108858 0.0860898 1.07447
-1 1528276953.107213 0.108877 0.0862806 1.07446
-1 1528276953.114488 0.108922 0.0866522 1.07444
-1 1528276953.122832 0.108947 0.0868343 1.07443
-1 1528276953.126934 0.108997 0.0871921 1.0744
-1 1528276953.130506 0.109024 0.0873689 1.07439
-1 1528276953.139031 0.10905 0.0875448 1.07438
-1 1528276953.143250 0.109098 0.0879001 1.07435
-1 1528276953.154319 0.109135 0.0882613 1.07433
-1 1528276953.159690 0.109188 0.088637 1.0743
-1 1528276953.168497 0.109211 0.0891315 1.07427
-1 1528276953.176750 0.109234 0.089606 1.07425
-1 1528276953.188963 0.109261 0.0900594 1.07422
-1 1528276953.192913 0.109287 0.0904965 1.07418
-1 1528276953.197268 0.109297 0.0907134 1.07416
-1 1528276953.203337 0.109303 0.0909306 1.07414
-1 1528276953.209248 0.109306 0.091367 1.0741
-1 1528276953.218501 0.109311 0.0918156 1.07406
-1 1528276953.228965 0.109313 0.0920413 1.07404
-1 1528276953.234321 0.109325 0.092706 1.07398
-1 1528276953.241015 0.109332 0.0929234 1.07396
-1 1528276953.244356 0.109337 0.0931384 1.07394
-1 1528276953.250569 0.109343 0.0933518 1.07392
-1 1528276953.258624 0.109354 0.0937819 1.07387
-1 1528276953.265643 0.109399 0.0942557 1.07381
-1 1528276953.272134 0.109404 0.0945262 1.07378
-1 1528276953.280826 0.109423 0.0953026 1.07371
-1 1528276953.285539 0.109428 0.0955471 1.07368
-1 1528276953.293643 0.109433 0.0960173 1.07363
-1 1528276953.297339 0.109432 0.0962419 1.07361
-1 1528276953.301836 0.109431 0.0964602 1.07358
-1 1528276953.308933 0.109423 0.0968805 1.07353
-1 1528276953.334756 0.109392 0.0981117 1.07337
-1 1528276953.338245 0.109384 0.0983167 1.07334
-1 1528276953.343474 0.109377 0.0985246 1.07332
-1 1528276953.351674 0.109364 0.0989496 1.07326
-1 1528276953.357850 0.109385 0.0993685 1.0732
-1 1528276953.365577 0.109375 0.0996339 1.07317
-1 1528276953.369963 0.109367 0.0999055 1.07314
-1 1528276953.372983 0.109362 0.100167 1.07311
-1 1528276953.377337 0.109359 0.100419 1.07308
-1 1528276953.385501 0.109361 0.100893 1.07302
-1 1528276953.394986 0.109369 0.101346 1.07297
-1 1528276953.398919 0.109374 0.101566 1.07294
-1 1528276953.403901 0.109382 0.101781 1.07291
-1 1528276953.408226 0.109387 0.101991 1.07288
-1 1528276953.415838 0.109396 0.102388 1.07283
-1 1528276953.420277 0.109399 0.102578 1.0728
-1 1528276953.430284 0.109406 0.102946 1.07274
-1 1528276953.436707 0.109412 0.103304 1.07268
-1 1528276953.449836 0.10941 0.103481 1.07265
-1 1528276953.457208 0.109362 0.104205 1.07254
-1 1528276953.464063 0.109349 0.104607 1.07249
-1 1528276953.468456 0.109312 0.104843 1.07246
-1 1528276953.473093 0.10927 0.105074 1.07244
-1 1528276953.479923 0.10918 0.105522 1.07239
-1 1528276953.485395 0.109133 0.105738 1.07236
-1 1528276953.492384 0.109032 0.106152 1.07231
-1 1528276953.500562 0.108931 0.106548 1.07226
-1 1528276953.507645 0.108828 0.106938 1.07221
-1 1528276953.517200 0.108776 0.107133 1.07218
-1 1528276953.522591 0.108672 0.10753 1.07214
-1 1528276953.531869 0.108621 0.107732 1.07211
-1 1528276953.540306 0.108487 0.10836 1.07204
-1 1528276953.547346 0.108445 0.108571 1.07202
-1 1528276953.558717 0.108318 0.10919 1.07194
-1 1528276953.564897 0.108247 0.109602 1.07189
-1 1528276953.570974 0.108188 0.109834 1.07186
-1 1528276953.578126 0.108067 0.11028 1.07181
-1 1528276953.585834 0.107941 0.110706 1.07175
-1 1528276953.593868 0.107812 0.11112 1.07169
-1 1528276953.602308 0.107689 0.111529 1.07163
-1 1528276953.610593 0.107572 0.111933 1.07157
-1 1528276953.621012 0.107463 0.112329 1.07151
-1 1528276953.625576 0.10736 0.112731 1.07145
-1 1528276953.635341 0.107306 0.112932 1.07142
-1 1528276953.644276 0.107142 0.11353 1.07133
-1 1528276953.652469 0.107042 0.113911 1.07128
-1 1528276953.657876 0.106979 0.114256 1.07122
-1 1528276953.665478 0.106919 0.114461 1.0712
-1 1528276953.672537 0.106798 0.114863 1.07115
-1 1528276953.680493 0.106678 0.115232 1.0711
-1 1528276953.688262 0.106559 0.115574 1.07106
-1 1528276953.695938 0.106503 0.115739 1.07103
-1 1528276953.703488 0.106401 0.116057 1.07099
-1 1528276953.710869 0.1063 0.116362 1.07094
-1 1528276953.718712 0.106197 0.116655 1.07089
-1 1528276953.726805 0.106149 0.116799 1.07087
-1 1528276953.730641 0.106055 0.117093 1.07082
-1 1528276953.739115 0.106007 0.117247 1.0708
-1 1528276953.742866 0.105904 0.117559 1.07075
-1 1528276953.749665 0.10585 0.117719 1.07073
-1 1528276953.759604 0.105713 0.118188 1.07066
-1 1528276953.767384 0.105574 0.118575 1.07061
-1 1528276953.774213 0.1055 0.118762 1.07059
-1 1528276953.784999 0.105272 0.119288 1.07051
-1 1528276953.789259 0.105192 0.119452 1.07048
-1 1528276953.800484 0.105033 0.119773 1.07042
-1 1528276953.812499 0.104792 0.12025 1.07035
-1 1528276953.819676 0.104631 0.120561 1.0703
-1 1528276953.823483 0.104553 0.120714 1.07027
-1 1528276953.829471 0.104478 0.120864 1.07025
-1 1528276953.835390 0.104329 0.121153 1.0702
-1 1528276953.846907 0.104102 0.121546 1.07014
-1 1528276953.855951 0.104024 0.121668 1.07012
-1 1528276953.859729 0.103889 0.121873 1.07009
-1 1528276953.867242 0.103694 0.122143 1.07006
-1 1528276953.877413 0.103505 0.122411 1.07002
-1 1528276953.883510 0.103329 0.12267 1.06999
-1 1528276953.888312 0.103244 0.122795 1.06998
-1 1528276953.897244 0.103084 0.123031 1.06995
-1 1528276953.905263 0.10293 0.123241 1.06992
-1 1528276953.912230 0.102782 0.123431 1.0699
-1 1528276953.920274 0.102642 0.123609 1.06987
-1 1528276953.929854 0.102505 0.123775 1.06985
-1 1528276953.941317 0.102368 0.123932 1.06983
-1 1528276953.950595 0.102176 0.12415 1.06979
-1 1528276953.953348 0.102114 0.124223 1.06978
-1 1528276953.964813 0.102007 0.124321 1.06976
-1 1528276953.971762 0.101859 0.12447 1.06973
-1 1528276953.976185 0.101784 0.124545 1.06972
-1 1528276953.984812 0.10171 0.124618 1.06971
-1 1528276953.994834 0.101487 0.124812 1.06966
-1 1528276954.002319 0.101342 0.124917 1.06963
-1 1528276954.007871 0.101274 0.124963 1.06961
-1 1528276954.013561 0.10115 0.125044 1.06958
-1 1528276954.020297 0.101093 0.125081 1.06957
-1 1528276954.031126 0.100928 0.125168 1.06953
-1 1528276954.034973 0.100872 0.125191 1.06951
-1 1528276954.046812 0.100761 0.125235 1.06949
-1 1528276954.055549 0.100619 0.125318 1.06947
-1 1528276954.062666 0.100566 0.125337 1.06946
-1 1528276954.065847 0.100522 0.125366 1.06945
-1 1528276954.070369 0.100482 0.125391 1.06945
-1 1528276954.077606 0.100407 0.125433 1.06944
-1 1528276954.087006 0.100371 0.125449 1.06944
-1 1528276954.093894 0.100303 0.125477 1.06944
-1 1528276954.101524 0.100233 0.125507 1.06944
-1 1528276954.111801 0.100155 0.125544 1.06944
-1 1528276954.119075 0.100078 0.125588 1.06944
-1 1528276954.129162 0.0999788 0.125664 1.06945
-1 1528276954.136603 0.0999199 0.125714 1.06945
-1 1528276954.146206 0.0998912 0.125738 1.06945
-1 1528276954.154685 0.0998356 0.125785 1.06945
-1 1528276954.158088 0.0997934 0.125792 1.06945
-1 1528276954.166834 0.0996982 0.125832 1.06945
-1 1528276954.174098 0.0996056 0.125877 1.06946
-1 1528276954.181051 0.0995291 0.125924 1.06946
-1 1528276954.184431 0.0994956 0.125946 1.06946
-1 1528276954.192702 0.099436 0.125987 1.06947
-1 1528276954.203669 0.0993844 0.126024 1.06947
-1 1528276954.210479 0.0993397 0.126059 1.06947
-1 1528276954.215956 0.0993176 0.126076 1.06947
-1 1528276954.223270 0.0992754 0.126109 1.06947
-1 1528276954.232647 0.0992338 0.12614 1.06946
-1 1528276954.236092 0.0992132 0.126154 1.06946
-1 1528276954.239590 0.0991875 0.126167 1.06946
-1 1528276954.249413 0.0991637 0.126178 1.06945
-1 1528276954.254886 0.0990941 0.126154 1.06945
-1 1528276954.274894 0.0989701 0.12615 1.06945
-1 1528276954.285017 0.0988814 0.126179 1.06946
-1 1528276954.295594 0.0988387 0.126209 1.06947
-1 1528276954.309113 0.0987785 0.126273 1.06948
-1 1528276954.324107 0.0987422 0.126298 1.06949
-1 1528276954.327904 0.0987324 0.126303 1.0695
-1 1528276954.335760 0.0987171 0.126315 1.0695
-1 1528276954.342386 0.0987031 0.126328 1.06951
-1 1528276954.346220 0.0986924 0.126338 1.06951
-1 1528276954.354180 0.0986659 0.126366 1.06952
-1 1528276954.363292 0.0986272 0.126323 1.06953
-1 1528276954.372123 0.0985329 0.126316 1.06954
-1 1528276954.386109 0.0984846 0.126321 1.06954
-1 1528276954.395512 0.0984268 0.126343 1.06953
-1 1528276954.402240 0.0983864 0.126356 1.06953
-1 1528276954.413594 0.0983378 0.126371 1.06953
-1 1528276954.417422 0.0983132 0.12638 1.06953
-1 1528276954.422136 0.0982901 0.126388 1.06954
-1 1528276954.431973 0.0982537 0.126402 1.06954
-1 1528276954.438866 0.0982285 0.126409 1.06955
-1 1528276954.443754 0.098219 0.126411 1.06955
-1 1528276954.459085 0.0981865 0.126356 1.06956
-1 1528276954.469241 0.0981168 0.126303 1.06957
-1 1528276954.475549 0.098085 0.126282 1.06958
-1 1528276954.482519 0.0980366 0.126251 1.06959
-1 1528276954.492386 0.097993 0.126235 1.0696
-1 1528276954.500775 0.0979321 0.126233 1.06961
-1 1528276954.508503 0.097896 0.12624 1.06961
-1 1528276954.515389 0.0978607 0.126252 1.06962
-1 1528276954.519215 0.0978431 0.12626 1.06962
-1 1528276954.526502 0.0978065 0.126278 1.06962
-1 1528276954.536666 0.0977873 0.126289 1.06962
-1 1528276954.542098 0.0977464 0.126305 1.06961
-1 1528276954.548269 0.0977063 0.126317 1.06962
-1 1528276954.551212 0.0976876 0.126321 1.06962
-1 1528276954.562782 0.097628 0.126249 1.06962
-1 1528276954.566903 0.0975897 0.126225 1.06963
-1 1528276954.574037 0.097524 0.126187 1.06963
-1 1528276954.578420 0.0974955 0.126173 1.06964
-1 1528276954.586068 0.0974487 0.126155 1.06964
-1 1528276954.593674 0.0974275 0.126148 1.06964
-1 1528276954.600668 0.0973846 0.126134 1.06965
-1 1528276954.604949 0.097363 0.126127 1.06965
-1 1528276954.608980 0.0973452 0.12612 1.06965
-1 1528276954.616459 0.0973121 0.126112 1.06966
-1 1528276954.624887 0.0972811 0.126109 1.06966
-1 1528276954.633835 0.097252 0.126107 1.06966
-1 1528276954.639842 0.097227 0.126104 1.06967
-1 1528276954.647913 0.0972041 0.126098 1.06967
-1 1528276954.654062 0.0971904 0.126094 1.06967
-1 1528276954.661225 0.0971346 0.126024 1.06968
-1 1528276954.668793 0.0970623 0.125982 1.06969
-1 1528276954.677310 0.0970302 0.125963 1.06969
-1 1528276954.685012 0.0969739 0.125937 1.0697
-1 1528276954.705325 0.0968523 0.125879 1.06973
-1 1528276954.715355 0.0968393 0.125875 1.06973
-1 1528276954.721544 0.096815 0.125871 1.06974
-1 1528276954.725299 0.0968023 0.125868 1.06974
-1 1528276954.729154 0.0967901 0.125864 1.06974
-1 1528276954.738850 0.0967635 0.125852 1.06975
-1 1528276954.744711 0.0967507 0.125843 1.06975
-1 1528276954.750915 0.0967252 0.125826 1.06976
-1 1528276954.754987 0.096714 0.125822 1.06976
-1 1528276954.761739 0.096651 0.125739 1.06977
-1 1528276954.765450 0.0966133 0.125708 1.06978
-1 1528276954.776391 0.0965811 0.125681 1.06978
-1 1528276954.782817 0.0965266 0.125637 1.06978
-1 1528276954.790411 0.0964858 0.125603 1.06979
-1 1528276954.796800 0.0964521 0.125572 1.06979
-1 1528276954.804885 0.096423 0.125545 1.0698
-1 1528276954.811908 0.0963962 0.125523 1.06981
-1 1528276954.818173 0.0963844 0.125513 1.06981
-1 1528276954.823715 0.0963704 0.125498 1.06981
-1 1528276954.834282 0.0963653 0.125487 1.06982
-1 1528276954.838110 0.096364 0.125483 1.06982
-1 1528276954.845454 0.0963653 0.125478 1.06982
-1 1528276954.848990 0.096366 0.125476 1.06982
-1 1528276954.856881 0.0963584 0.125447 1.06982
-1 1528276954.864297 0.0963336 0.125431 1.06983
-1 1528276954.869073 0.0963118 0.125421 1.06983
-1 1528276954.873791 0.0962916 0.125414 1.06983
-1 1528276954.881203 0.0962582 0.125404 1.06984
-1 1528276954.892905 0.0962164 0.1254 1.06985
-1 1528276954.898393 0.0962056 0.1254 1.06985
-1 1528276954.907642 0.0961834 0.125404 1.06985
-1 1528276954.914946 0.0961585 0.125404 1.06986
-1 1528276954.922989 0.096154 0.125405 1.06987
-1 1528276954.927575 0.0961563 0.125413 1.06987
-1 1528276954.935252 0.096173 0.125429 1.06988
-1 1528276954.942602 0.0961812 0.12544 1.06988
-1 1528276954.953208 0.0961913 0.125464 1.06989
-1 1528276954.960318 0.0961715 0.12544 1.0699
-1 1528276954.968431 0.0960869 0.125405 1.06991
-1 1528276954.977659 0.0960587 0.125391 1.06992
-1 1528276954.983257 0.096051 0.125384 1.06992
-1 1528276954.986619 0.0960484 0.125378 1.06992
-1 1528276954.994915 0.0960534 0.125367 1.06993
-1 1528276954.998667 0.0960618 0.125364 1.06993
-1 1528276955.007153 0.0960861 0.125364 1.06993
-1 1528276955.013831 0.0961001 0.125364 1.06993
-1 1528276955.017965 0.0961137 0.125365 1.06994
-1 1528276955.027380 0.0961403 0.12537 1.06994
-1 1528276955.034460 0.0961599 0.125386 1.06995
-1 1528276955.043744 0.096177 0.125406 1.06995
-1 1528276955.051874 0.0961968 0.125423 1.06996
-1 1528276955.057823 0.0962173 0.125412 1.06997
-1 1528276955.067240 0.0962097 0.125397 1.06997
-1 1528276955.075031 0.0962088 0.125392 1.06998
-1 1528276955.085589 0.0962104 0.125386 1.06998
-1 1528276955.090593 0.0962309 0.125382 1.06999
-1 1528276955.099369 0.0962554 0.125384 1.06999
-1 1528276955.103379 0.0962702 0.125386 1.06999
