-1 1536064933.053581 -1.27205 0.25373 1.11144
-1 1536064933.067350 -1.27213 0.253243 1.11154
-1 1536064933.077677 -1.27221 0.252969 1.1116
-1 1536064933.096672 -1.2723 0.252717 1.11165
-1 1536064933.104262 -1.27243 0.252398 1.11172
-1 1536064933.120237 -1.27256 0.252079 1.11179
-1 1536064933.132956 -1.27262 0.25192 1.11182
-1 1536064933.144797 -1.27272 0.251682 1.11186
-1 1536064933.162796 -1.27285 0.251368 1.11192
-1 1536064933.184949 -1.27294 0.250993 1.11198
-1 1536064933.206579 -1.27296 0.250598 1.11203
-1 1536064933.227520 -1.27295 0.25036 1.11207
-1 1536064933.238048 -1.27295 0.250241 1.11209
-1 1536064933.258208 -1.27293 0.249888 1.11213
-1 1536064933.264969 -1.27291 0.249717 1.11215
-1 1536064933.276701 -1.27289 0.249544 1.11217
-1 1536064933.282603 -1.27288 0.24938 1.11219
-1 1536064933.294959 -1.27287 0.249228 1.11221
-1 1536064933.304787 -1.27286 0.249015 1.11224
-1 1536064933.312330 -1.27283 0.248887 1.11227
-1 1536064933.326117 -1.27277 0.248714 1.1123
-1 1536064933.331689 -1.27273 0.248602 1.11232
-1 1536064933.349460 -1.27268 0.248487 1.11234
-1 1536064933.362259 -1.27259 0.248193 1.11237
-1 1536064933.369109 -1.27258 0.24808 1.11239
-1 1536064933.374346 -1.27257 0.24797 1.1124
-1 1536064933.382920 -1.27259 0.247866 1.11242
-1 1536064933.393692 -1.27264 0.247725 1.11244
-1 1536064933.405116 -1.27267 0.247639 1.11245
-1 1536064933.416406 -1.27272 0.247522 1.11247
-1 1536064933.422865 -1.27274 0.247455 1.11248
-1 1536064933.429063 -1.27275 0.247422 1.11248
-1 1536064933.442718 -1.27274 0.247327 1.1125
-1 1536064933.456937 -1.2727 0.24724 1.11251
-1 1536064933.462247 -1.27269 0.24721 1.11252
-1 1536064933.472242 -1.27266 0.247144 1.11252
-1 1536064933.476029 -1.27265 0.247111 1.11253
-1 1536064933.495091 -1.27262 0.247017 1.11254
-1 1536064933.503849 -1.27261 0.246925 1.11256
-1 1536064933.517522 -1.27261 0.246853 1.11257
-1 1536064933.535086 -1.27263 0.246661 1.1126
-1 1536064933.542840 -1.27261 0.246548 1.11263
-1 1536064933.559219 -1.27258 0.24647 1.11264
-1 1536064933.571377 -1.27245 0.246261 1.11269
-1 1536064933.581241 -1.27236 0.246133 1.11271
-1 1536064933.601055 -1.27223 0.245957 1.11274
-1 1536064933.608705 -1.27218 0.245876 1.11275
-1 1536064933.614784 -1.27213 0.245804 1.11277
-1 1536064933.626933 -1.27209 0.245743 1.11278
-1 1536064933.636908 -1.27207 0.245715 1.11278
-1 1536064933.645958 -1.27205 0.245661 1.1128
-1 1536064933.663302 -1.27204 0.245554 1.11283
-1 1536064933.670632 -1.27205 0.245491 1.11284
-1 1536064933.679334 -1.27206 0.245421 1.11285
-1 1536064933.688573 -1.27207 0.245342 1.11287
-1 1536064933.705645 -1.27209 0.245221 1.11288
-1 1536064933.736188 -1.27211 0.245046 1.1129
-1 1536064933.742288 -1.27211 0.245018 1.1129
-1 1536064933.764022 -1.27211 0.244965 1.11291
-1 1536064933.773540 -1.2721 0.244914 1.11292
-1 1536064933.780771 -1.27209 0.244901 1.11292
-1 1536064933.798846 -1.27207 0.244879 1.11293
-1 1536064933.804360 -1.27203 0.244855 1.11294
-1 1536064933.811346 -1.27201 0.244847 1.11294
-1 1536064933.824012 -1.27198 0.244828 1.11295
-1 1536064933.834834 -1.27193 0.244783 1.11296
-1 1536064933.846570 -1.27189 0.244748 1.11296
-1 1536064933.856941 -1.27184 0.244712 1.11297
-1 1536064933.864639 -1.2718 0.244679 1.11298
-1 1536064933.871215 -1.27176 0.244652 1.11298
-1 1536064933.876040 -1.27174 0.244638 1.11298
-1 1536064933.889320 -1.2717 0.244609 1.11299
-1 1536064933.908332 -1.27167 0.244581 1.11299
-1 1536064933.919543 -1.27161 0.244507 1.113
-1 1536064933.932205 -1.27157 0.244468 1.113
-1 1536064933.939587 -1.27155 0.244443 1.113
-1 1536064933.961326 -1.27151 0.244354 1.11301
-1 1536064933.971183 -1.27148 0.244273 1.113
-1 1536064933.977768 -1.27146 0.244229 1.113
-1 1536064933.988056 -1.27145 0.244184 1.113
-1 1536064934.000282 -1.27144 0.244136 1.11299
-1 1536064934.018062 -1.27141 0.244076 1.11298
-1 1536064934.024260 -1.2714 0.244068 1.11297
-1 1536064934.036308 -1.27139 0.244056 1.11297
-1 1536064934.041268 -1.27137 0.244036 1.11296
-1 1536064934.051000 -1.27135 0.244016 1.11296
-1 1536064934.061243 -1.27132 0.243998 1.11295
-1 1536064934.074219 -1.27127 0.243944 1.11295
-1 1536064934.084336 -1.27126 0.24393 1.11295
-1 1536064934.093473 -1.27122 0.243899 1.11295
-1 1536064934.106672 -1.27117 0.243875 1.11294
-1 1536064934.114785 -1.27114 0.243858 1.11294
-1 1536064934.122695 -1.27113 0.24385 1.11294
-1 1536064934.128987 -1.2711 0.243835 1.11294
-1 1536064934.155867 -1.27103 0.243822 1.11294
-1 1536064934.167719 -1.271 0.243842 1.11294
-1 1536064934.190261 -1.27098 0.243855 1.11294
-1 1536064934.197228 -1.27095 0.243877 1.11293
-1 1536064934.204916 -1.27094 0.243886 1.11293
-1 1536064934.217029 -1.27093 0.243887 1.11293
-1 1536064934.222332 -1.27092 0.243882 1.11293
-1 1536064934.227723 -1.27091 0.243879 1.11293
-1 1536064934.234470 -1.27091 0.243875 1.11292
-1 1536064934.246021 -1.27089 0.243869 1.11292
-1 1536064934.257717 -1.27088 0.243861 1.11293
-1 1536064934.270706 -1.27087 0.24385 1.11293
-1 1536064934.277308 -1.27085 0.24383 1.11293
-1 1536064934.293463 -1.27085 0.243824 1.11293
-1 1536064934.302158 -1.27084 0.243779 1.11293
-1 1536064934.310743 -1.27084 0.243751 1.11293
-1 1536064934.326175 -1.27085 0.243727 1.11293
-1 1536064934.339332 -1.27085 0.243707 1.11293
-1 1536064934.346167 -1.27086 0.243696 1.11293
-1 1536064934.355984 -1.27087 0.243685 1.11293
-1 1536064934.373217 -1.27088 0.24368 1.11293
-1 1536064934.378236 -1.2709 0.243678 1.11292
-1 1536064934.388529 -1.27092 0.243676 1.11292
-1 1536064934.394352 -1.27093 0.243673 1.11292
-1 1536064934.401797 -1.27094 0.243669 1.11292
-1 1536064934.412967 -1.27095 0.243661 1.11291
-1 1536064934.426051 -1.27098 0.243664 1.1129
-1 1536064934.443958 -1.271 0.243668 1.1129
-1 1536064934.453962 -1.27108 0.243686 1.11289
-1 1536064934.462089 -1.27112 0.243696 1.11288
-1 1536064934.474157 -1.27116 0.24371 1.11288
-1 1536064934.484618 -1.27125 0.243737 1.11287
-1 1536064934.493368 -1.27129 0.24375 1.11286
-1 1536064934.504522 -1.27134 0.243761 1.11285
-1 1536064934.520958 -1.27141 0.243777 1.11284
-1 1536064934.532943 -1.27146 0.243787 1.11284
-1 1536064934.545926 -1.27152 0.243794 1.11283
-1 1536064934.565299 -1.27157 0.243801 1.11283
-1 1536064934.578629 -1.27169 0.243807 1.11281
-1 1536064934.586344 -1.27175 0.243812 1.11281
-1 1536064934.591761 -1.27178 0.243816 1.1128
-1 1536064934.603716 -1.27185 0.243827 1.1128
-1 1536064934.619098 -1.27192 0.243834 1.11279
-1 1536064934.641433 -1.27206 0.243826 1.11278
-1 1536064934.659063 -1.27229 0.243813 1.11276
-1 1536064934.668935 -1.27239 0.243818 1.11275
-1 1536064934.685020 -1.27253 0.243835 1.11274
-1 1536064934.691860 -1.2726 0.243854 1.11273
-1 1536064934.702040 -1.27272 0.243881 1.11273
-1 1536064934.708816 -1.2728 0.243898 1.11272
-1 1536064934.720705 -1.27292 0.243925 1.11272
-1 1536064934.732155 -1.27312 0.243961 1.11272
-1 1536064934.746251 -1.27324 0.243983 1.11272
-1 1536064934.758881 -1.27338 0.244018 1.11272
-1 1536064934.767499 -1.27345 0.244033 1.11272
-1 1536064934.775901 -1.27348 0.244039 1.11272
-1 1536064934.804536 -1.2737 0.244081 1.11273
-1 1536064934.810043 -1.27374 0.244091 1.11273
-1 1536064934.816856 -1.2738 0.244114 1.11274
-1 1536064934.824657 -1.27387 0.244142 1.11274
-1 1536064934.835227 -1.27398 0.244191 1.11275
-1 1536064934.844223 -1.27402 0.244208 1.11275
-1 1536064934.853497 -1.27415 0.244256 1.11275
-1 1536064934.861609 -1.27426 0.244296 1.11275
-1 1536064934.873452 -1.27443 0.244341 1.11275
-1 1536064934.884498 -1.2745 0.244359 1.11275
-1 1536064934.894968 -1.27461 0.244397 1.11275
-1 1536064934.901135 -1.27468 0.244419 1.11274
-1 1536064934.909014 -1.27476 0.244433 1.11274
-1 1536064934.918291 -1.27488 0.244462 1.11273
-1 1536064934.927222 -1.27492 0.244473 1.11273
-1 1536064934.934404 -1.27501 0.244493 1.11273
-1 1536064934.941012 -1.2751 0.244515 1.11272
-1 1536064934.953324 -1.2752 0.244542 1.11272
-1 1536064934.966947 -1.27524 0.244558 1.11272
-1 1536064934.976937 -1.27536 0.244615 1.11271
-1 1536064934.989698 -1.27542 0.244654 1.11271
-1 1536064934.997478 -1.27546 0.244683 1.1127
-1 1536064935.006331 -1.2755 0.244706 1.11269
-1 1536064935.020540 -1.27555 0.244734 1.11269
-1 1536064935.028034 -1.27557 0.244754 1.11268
-1 1536064935.056761 -1.2756 0.244818 1.11266
-1 1536064935.070530 -1.27562 0.244892 1.11264
-1 1536064935.088069 -1.27564 0.244939 1.11263
-1 1536064935.096083 -1.27566 0.244962 1.11262
-1 1536064935.110243 -1.27567 0.244977 1.11261
-1 1536064935.120586 -1.27568 0.244984 1.11261
-1 1536064935.130344 -1.2757 0.244991 1.11261
-1 1536064935.141228 -1.27571 0.244989 1.1126
-1 1536064935.158961 -1.27573 0.24497 1.1126
-1 1536064935.168240 -1.27576 0.244929 1.11259
-1 1536064935.188277 -1.27589 0.244812 1.11258
-1 1536064935.193584 -1.27592 0.244778 1.11257
-1 1536064935.205090 -1.27598 0.244627 1.11254
-1 1536064935.210933 -1.27601 0.244551 1.11252
-1 1536064935.221856 -1.27605 0.244417 1.11247
-1 1536064935.226534 -1.27608 0.244311 1.11243
-1 1536064935.240629 -1.27613 0.24413 1.11237
-1 1536064935.247939 -1.27619 0.243919 1.11228
-1 1536064935.268039 -1.27633 0.243512 1.11209
-1 1536064935.278225 -1.27643 0.243369 1.112
-1 1536064935.292809 -1.27655 0.243219 1.1119
-1 1536064935.302513 -1.27684 0.242844 1.1117
-1 1536064935.311165 -1.27702 0.242497 1.11154
-1 1536064935.317719 -1.27709 0.242371 1.11148
-1 1536064935.334518 -1.27721 0.242099 1.11137
-1 1536064935.346980 -1.27753 0.241255 1.11107
-1 1536064935.357288 -1.27767 0.240845 1.11095
-1 1536064935.370958 -1.2779 0.24018 1.11076
-1 1536064935.382856 -1.27806 0.239717 1.11063
-1 1536064935.395781 -1.27831 0.238991 1.11044
-1 1536064935.406651 -1.27849 0.238485 1.11032
-1 1536064935.412685 -1.27859 0.238225 1.11026
-1 1536064935.419939 -1.27879 0.237689 1.11014
-1 1536064935.430979 -1.27901 0.23714 1.11004
-1 1536064935.437997 -1.27925 0.236582 1.10996
-1 1536064935.444840 -1.27949 0.236014 1.10989
-1 1536064935.455842 -1.27974 0.235435 1.10983
-1 1536064935.463674 -1.27999 0.234837 1.10977
-1 1536064935.480614 -1.28059 0.233257 1.10969
-1 1536064935.499553 -1.28097 0.23224 1.10966
-1 1536064935.510342 -1.28136 0.231158 1.10965
-1 1536064935.519291 -1.28163 0.230413 1.10965
-1 1536064935.525630 -1.28177 0.230035 1.10966
-1 1536064935.543364 -1.28192 0.229656 1.10966
-1 1536064935.548934 -1.28256 0.228143 1.10967
-1 1536064935.556828 -1.28293 0.227401 1.10968
-1 1536064935.563665 -1.28334 0.226666 1.10969
-1 1536064935.574984 -1.28376 0.225936 1.10969
-1 1536064935.587425 -1.28443 0.224878 1.1097
-1 1536064935.601811 -1.28511 0.223856 1.10971
-1 1536064935.609599 -1.28608 0.222488 1.1097
-1 1536064935.624488 -1.28717 0.221045 1.10967
-1 1536064935.631084 -1.28745 0.22067 1.10966
-1 1536064935.646943 -1.28804 0.219913 1.10962
-1 1536064935.654849 -1.28928 0.218386 1.10953
-1 1536064935.664330 -1.28993 0.217598 1.10948
-1 1536064935.671835 -1.29057 0.216812 1.10944
-1 1536064935.685222 -1.29153 0.215615 1.10944
-1 1536064935.698649 -1.29215 0.21481 1.10947
-1 1536064935.709723 -1.29361 0.212811 1.10963
-1 1536064935.720582 -1.29439 0.2116 1.10975
-1 1536064935.727687 -1.29462 0.211181 1.1098
-1 1536064935.735339 -1.29521 0.209913 1.10998
-1 1536064935.745222 -1.29537 0.209486 1.11005
-1 1536064935.751435 -1.29589 0.207807 1.11041
-1 1536064935.756461 -1.296 0.207396 1.11052
-1 1536064935.769672 -1.29624 0.206616 1.11075
-1 1536064935.776891 -1.2965 0.205906 1.11101
-1 1536064935.789499 -1.29676 0.205232 1.11128
-1 1536064935.795632 -1.29691 0.204913 1.11142
-1 1536064935.811233 -1.29723 0.204321 1.1117
-1 1536064935.820609 -1.2976 0.203748 1.11198
-1 1536064935.835134 -1.298 0.203218 1.11227
-1 1536064935.855952 -1.29921 0.202106 1.11299
-1 1536064935.860403 -1.29978 0.20178 1.11326
-1 1536064935.869076 -1.30037 0.201495 1.11353
-1 1536064935.904320 -1.30418 0.200307 1.11466
-1 1536064935.911982 -1.30546 0.199977 1.11491
-1 1536064935.920674 -1.30699 0.199616 1.1152
-1 1536064935.929767 -1.3083 0.199349 1.11544
-1 1536064935.936119 -1.30904 0.199219 1.11559
-1 1536064935.945824 -1.31059 0.198933 1.11593
-1 1536064935.954525 -1.31214 0.198623 1.11631
-1 1536064935.963796 -1.31359 0.198287 1.11671
-1 1536064935.968111 -1.31427 0.198105 1.11693
-1 1536064935.977741 -1.31553 0.197714 1.11735
-1 1536064935.985849 -1.31667 0.197313 1.11779
-1 1536064935.998079 -1.31818 0.196712 1.11841
-1 1536064936.017492 -1.31984 0.195819 1.11917
-1 1536064936.027091 -1.32087 0.195118 1.11969
-1 1536064936.033376 -1.32119 0.194879 1.11985
-1 1536064936.045273 -1.32179 0.194394 1.12018
-1 1536064936.054263 -1.32259 0.193679 1.12064
-1 1536064936.065513 -1.32311 0.193199 1.12094
-1 1536064936.081460 -1.32381 0.192389 1.12137
-1 1536064936.096889 -1.32453 0.190972 1.12189
-1 1536064936.113175 -1.32502 0.189717 1.12224
-1 1536064936.121625 -1.32556 0.188452 1.12258
-1 1536064936.134325 -1.32638 0.1869 1.12302
-1 1536064936.147508 -1.32684 0.186222 1.12324
-1 1536064936.154081 -1.32757 0.185329 1.12358
-1 1536064936.162664 -1.32842 0.18457 1.12395
-1 1536064936.171889 -1.32872 0.184347 1.12408
-1 1536064936.182344 -1.32974 0.183745 1.12448
-1 1536064936.194915 -1.33089 0.183208 1.12492
-1 1536064936.223932 -1.3317 0.182883 1.12522
-1 1536064936.235545 -1.33388 0.182154 1.12599
-1 1536064936.242328 -1.33435 0.182016 1.12615
-1 1536064936.256558 -1.33483 0.181884 1.1263
-1 1536064936.261983 -1.33635 0.181527 1.12678
-1 1536064936.274571 -1.3374 0.181345 1.1271
-1 1536064936.285645 -1.33851 0.181217 1.12742
-1 1536064936.306029 -1.34145 0.181202 1.12825
-1 1536064936.318226 -1.3433 0.181372 1.12878
-1 1536064936.324070 -1.34584 0.18167 1.12951
-1 1536064936.339104 -1.34858 0.182048 1.13025
-1 1536064936.348782 -1.35075 0.182383 1.13078
-1 1536064936.385224 -1.35714 0.183146 1.13206
-1 1536064936.394603 -1.3588 0.183304 1.13234
-1 1536064936.409382 -1.36126 0.183528 1.13275
-1 1536064936.417108 -1.36369 0.183676 1.13314
-1 1536064936.427244 -1.36521 0.183788 1.13339
-1 1536064936.434444 -1.36668 0.18384 1.13363
-1 1536064936.444161 -1.36937 0.183767 1.13409
-1 1536064936.453650 -1.37123 0.183614 1.13442
-1 1536064936.461525 -1.37243 0.183507 1.13464
-1 1536064936.465330 -1.37303 0.183455 1.13474
-1 1536064936.471712 -1.37424 0.183353 1.13496
-1 1536064936.478591 -1.37549 0.183264 1.13517
-1 1536064936.496480 -1.37868 0.183119 1.13567
-1 1536064936.503967 -1.37998 0.183068 1.13586
-1 1536064936.518130 -1.38125 0.183039 1.13605
-1 1536064936.527883 -1.38315 0.182962 1.13631
-1 1536064936.538826 -1.38499 0.182857 1.13657
-1 1536064936.547153 -1.38685 0.182764 1.1368
-1 1536064936.557931 -1.38811 0.182743 1.13694
-1 1536064936.567652 -1.39005 0.182815 1.13715
-1 1536064936.573775 -1.39141 0.182918 1.13729
-1 1536064936.581287 -1.39279 0.183035 1.13742
-1 1536064936.586677 -1.39349 0.183093 1.13748
-1 1536064936.592607 -1.39487 0.183187 1.13762
-1 1536064936.600540 -1.39553 0.183226 1.13769
-1 1536064936.621565 -1.39874 0.183362 1.13806
-1 1536064936.629443 -1.40066 0.183463 1.13828
-1 1536064936.637367 -1.40131 0.183516 1.13835
-1 1536064936.646659 -1.40328 0.183735 1.13855
-1 1536064936.661883 -1.40458 0.183967 1.13868
-1 1536064936.669350 -1.4072 0.184599 1.13889
-1 1536064936.677769 -1.40852 0.184994 1.13897
-1 1536064936.684914 -1.40919 0.185201 1.139
-1 1536064936.697219 -1.41129 0.185851 1.13907
-1 1536064936.709139 -1.41275 0.186283 1.13911
-1 1536064936.715019 -1.41502 0.186951 1.13913
-1 1536064936.723914 -1.41581 0.1872 1.13913
-1 1536064936.730613 -1.41829 0.188045 1.13909
-1 1536064936.741619 -1.42001 0.188693 1.13904
-1 1536064936.752224 -1.42263 0.189769 1.13893
-1 1536064936.770803 -1.42526 0.190926 1.13878
-1 1536064936.782566 -1.42963 0.192979 1.13846
-1 1536064936.789171 -1.43138 0.193802 1.1383
-1 1536064936.801991 -1.43314 0.194628 1.13814
-1 1536064936.813036 -1.43579 0.195852 1.13787
-1 1536064936.838761 -1.44135 0.198416 1.1372
-1 1536064936.855259 -1.44537 0.200277 1.13669
-1 1536064936.864917 -1.44745 0.201224 1.13642
-1 1536064936.877100 -1.45169 0.203082 1.13585
-1 1536064936.889851 -1.45495 0.204473 1.13543
-1 1536064936.902068 -1.45715 0.205405 1.13516
-1 1536064936.932525 -1.46047 0.206746 1.13481
-1 1536064936.936138 -1.46822 0.209974 1.13428
-1 1536064936.944952 -1.47058 0.210931 1.13412
-1 1536064936.952145 -1.47296 0.211896 1.13396
-1 1536064936.964568 -1.47668 0.213322 1.13371
-1 1536064936.968805 -1.47797 0.213799 1.13362
-1 1536064936.979740 -1.48059 0.214774 1.13344
-1 1536064936.991940 -1.48327 0.215796 1.13324
-1 1536064937.043304 -1.50426 0.223539 1.13129
-1 1536064937.052547 -1.50746 0.224718 1.13098
-1 1536064937.068276 -1.51225 0.226494 1.1305
-1 1536064937.078499 -1.51699 0.228322 1.13003
-1 1536064937.085994 -1.52168 0.230238 1.12957
-1 1536064937.095974 -1.52478 0.231549 1.12925
-1 1536064937.103957 -1.52787 0.232816 1.12892
-1 1536064937.109955 -1.53101 0.233942 1.1286
-1 1536064937.114945 -1.5326 0.234448 1.12854
-1 1536064937.121545 -1.5342 0.23502 1.12846
-1 1536064937.148462 -1.54395 0.238314 1.12813
-1 1536064937.157039 -1.54724 0.23943 1.12804
-1 1536064937.185349 -1.55052 0.240549 1.12793
-1 1536064937.205763 -1.56464 0.245487 1.12708
-1 1536064937.212737 -1.5692 0.247072 1.1267
-1 1536064937.220174 -1.57221 0.248121 1.12643
-1 1536064937.233997 -1.57517 0.249151 1.12615
-1 1536064937.250439 -1.58103 0.251217 1.12552
-1 1536064937.256786 -1.58392 0.252217 1.12519
-1 1536064937.265573 -1.5868 0.253176 1.12495
-1 1536064937.292782 -1.59394 0.255424 1.12462
-1 1536064937.299320 -1.59672 0.256269 1.12456
-1 1536064937.310887 -1.59943 0.2571 1.12455
-1 1536064937.338033 -1.60077 0.257514 1.12456
-1 1536064937.383673 -1.6149 0.262213 1.12525
-1 1536064937.499655 -1.62095 0.2646 1.12573
-1 1536064937.563925 -1.65538 0.276767 1.13136
-1 1536064937.607354 -1.66446 0.27573 1.13329
-1 1536064937.618980 -1.66747 0.275311 1.13389
-1 1536064937.630989 -1.66891 0.275154 1.13415
-1 1536064937.650560 -1.67108 0.274952 1.13448
-1 1536064937.663636 -1.67403 0.274762 1.13479
-1 1536064937.674241 -1.67477 0.274734 1.13485
-1 1536064937.692665 -1.67775 0.274782 1.13504
-1 1536064937.719176 -1.68 0.274959 1.13516
-1 1536064937.728367 -1.68526 0.275562 1.13543
-1 1536064937.748141 -1.6889 0.275995 1.13556
-1 1536064937.756438 -1.69029 0.276149 1.13557
-1 1536064937.771337 -1.69352 0.276491 1.13556
-1 1536064937.779928 -1.69535 0.276654 1.13551
-1 1536064937.793141 -1.69773 0.276864 1.13541
-1 1536064937.801075 -1.69943 0.277018 1.1353
-1 1536064937.816075 -1.70155 0.277199 1.13515
-1 1536064937.819611 -1.70299 0.277301 1.13507
-1 1536064937.829775 -1.70394 0.277348 1.13505
-1 1536064937.857239 -1.70739 0.277234 1.13514
-1 1536064937.874252 -1.70848 0.277114 1.1352
-1 1536064937.883830 -1.71146 0.276692 1.13539
-1 1536064937.925007 -1.71339 0.276379 1.13554
-1 1536064937.933115 -1.71879 0.275365 1.13608
-1 1536064937.957567 -1.72162 0.274692 1.13646
-1 1536064937.964486 -1.72306 0.274303 1.13668
-1 1536064937.970363 -1.7238 0.274091 1.13678
-1 1536064937.983595 -1.72526 0.273641 1.137
-1 1536064938.000489 -1.72672 0.27315 1.13721
-1 1536064938.007499 -1.72816 0.272614 1.13742
-1 1536064938.018656 -1.72888 0.272335 1.13752
-1 1536064938.027144 -1.73032 0.271745 1.13771
-1 1536064938.034534 -1.73177 0.271105 1.13786
-1 1536064938.042433 -1.73248 0.270776 1.13793
-1 1536064938.067741 -1.73389 0.270093 1.13806
-1 1536064938.093034 -1.7404 0.266694 1.13852
-1 1536064938.109430 -1.74421 0.264725 1.13874
-1 1536064938.114735 -1.74575 0.263907 1.13882
-1 1536064938.133561 -1.74805 0.262637 1.13893
-1 1536064938.186904 -1.76374 0.252538 1.13858
-1 1536064938.196836 -1.76653 0.250621 1.13837
-1 1536064938.208988 -1.76845 0.249314 1.13823
-1 1536064938.217669 -1.77138 0.247333 1.13803
-1 1536064938.221903 -1.77237 0.246667 1.13797
-1 1536064938.245114 -1.77828 0.242463 1.1376
-1 1536064938.257806 -1.78026 0.240978 1.13747
-1 1536064938.271973 -1.78534 0.237118 1.1371
-1 1536064938.281006 -1.78848 0.234701 1.13685
-1 1536064938.290626 -1.79057 0.233042 1.13667
-1 1536064938.295917 -1.7927 0.231321 1.13802
-1 1536064938.315047 -1.79488 0.229705 1.13892
-1 1536064938.324163 -1.80032 0.225537 1.14086
-1 1536064938.345467 -1.80139 0.224685 1.14123
-1 1536064938.350168 -1.80792 0.21955 1.14337
-1 1536064938.362492 -1.81136 0.216899 1.14433
-1 1536064938.369576 -1.8137 0.215131 1.1449
-1 1536064938.378773 -1.81489 0.214252 1.14515
-1 1536064938.385726 -1.81851 0.211611 1.14579
-1 1536064938.392548 -1.81974 0.210725 1.14596
-1 1536064938.402264 -1.82344 0.208049 1.14637
-1 1536064938.411312 -1.82593 0.206272 1.14655
-1 1536064938.418435 -1.82843 0.204549 1.14666
-1 1536064938.424796 -1.83094 0.2029 1.14671
-1 1536064938.441699 -1.83343 0.201315 1.1467
-1 1536064938.449246 -1.83834 0.198252 1.14653
-1 1536064938.454557 -1.83956 0.197493 1.14647
-1 1536064938.463336 -1.842 0.195969 1.1463
-1 1536064938.473216 -1.84564 0.193671 1.14601
-1 1536064938.480955 -1.84806 0.192125 1.14579
-1 1536064938.493634 -1.85047 0.190602 1.14557
-1 1536064938.501155 -1.854 0.188345 1.14522
-1 1536064938.509369 -1.85631 0.186854 1.145
-1 1536064938.523165 -1.85975 0.184646 1.14466
-1 1536064938.574616 -1.87469 0.176299 1.14301
-1 1536064938.578326 -1.87706 0.175181 1.14274
-1 1536064938.595114 -1.88185 0.172948 1.14218
-1 1536064938.614014 -1.88785 0.170262 1.14141
-1 1536064938.655250 -1.89968 0.165295 1.13957
-1 1536064938.668236 -1.90207 0.164347 1.13913
-1 1536064938.678144 -1.90563 0.162894 1.13843
-1 1536064938.687664 -1.90799 0.161898 1.13796
-1 1536064938.692410 -1.91036 0.160856 1.13751
-1 1536064938.698588 -1.91155 0.160316 1.13729
-1 1536064938.708542 -1.91392 0.159214 1.13689
-1 1536064938.714905 -1.91623 0.158121 1.13652
-1 1536064938.724848 -1.91854 0.157076 1.1362
-1 1536064938.734015 -1.91968 0.156575 1.13607
-1 1536064938.742220 -1.92309 0.155136 1.13574
-1 1536064938.749664 -1.92422 0.154672 1.13566
-1 1536064938.761398 -1.92756 0.153293 1.13548
-1 1536064938.774121 -1.92974 0.15235 1.13539
-1 1536064938.779976 -1.93183 0.151385 1.13532
-1 1536064938.792793 -1.93383 0.15033 1.13526
-1 1536064938.801175 -1.93578 0.149192 1.13521
-1 1536064938.806710 -1.93668 0.148589 1.13519
-1 1536064938.824236 -1.93933 0.146693 1.13516
-1 1536064938.835977 -1.94098 0.145371 1.13514
-1 1536064938.847414 -1.94341 0.143401 1.13513
-1 1536064938.854071 -1.94503 0.142125 1.13512
-1 1536064938.861842 -1.94663 0.140894 1.13513
-1 1536064938.870889 -1.94909 0.139125 1.13517
-1 1536064938.879364 -1.95073 0.137988 1.13521
-1 1536064938.886965 -1.95244 0.136894 1.13527
-1 1536064938.890707 -1.95328 0.136362 1.13529
-1 1536064938.921233 -1.95413 0.13584 1.13533
-1 1536064938.936903 -1.96294 0.130961 1.13563
-1 1536064938.950922 -1.9674 0.128708 1.13594
-1 1536064938.954114 -1.96835 0.128325 1.13605
-1 1536064938.972959 -1.97145 0.12732 1.13647
-1 1536064938.982567 -1.97365 0.126764 1.1368
-1 1536064938.991427 -1.97589 0.126204 1.13718
-1 1536064938.997148 -1.977 0.125925 1.13738
-1 1536064939.001719 -1.9781 0.125638 1.13759
-1 1536064939.007559 -1.97918 0.125341 1.13779
-1 1536064939.015807 -1.98026 0.125042 1.138
-1 1536064939.033123 -1.98338 0.124128 1.13861
-1 1536064939.052872 -1.99009 0.121802 1.13988
-1 1536064939.062333 -1.99169 0.121062 1.14017
-1 1536064939.070842 -1.9931 0.120301 1.14046
-1 1536064939.077816 -1.99427 0.119569 1.14075
-1 1536064939.085959 -1.99475 0.119224 1.1409
-1 1536064939.093818 -1.99551 0.118536 1.14118
-1 1536064939.099170 -1.99579 0.118186 1.14132
-1 1536064939.107919 -1.996 0.117821 1.14146
-1 1536064939.115918 -1.99633 0.117031 1.14173
-1 1536064939.126540 -1.99645 0.116596 1.14187
-1 1536064939.137206 -1.9968 0.11512 1.14231
-1 1536064939.149136 -1.99732 0.113529 1.14276
-1 1536064939.158459 -1.99815 0.111992 1.14325
-1 1536064939.167705 -1.99893 0.111059 1.14359
-1 1536064939.177406 -1.99988 0.110229 1.14395
-1 1536064939.184900 -2.00099 0.109513 1.14432
-1 1536064939.193850 -2.00219 0.108945 1.1447
-1 1536064939.206634 -2.00489 0.108223 1.14547
-1 1536064939.216335 -2.00633 0.108052 1.14584
-1 1536064939.230051 -2.00781 0.107969 1.14619
-1 1536064939.240979 -2.0093 0.107938 1.14651
-1 1536064939.258299 -2.01147 0.107874 1.14693
-1 1536064939.267180 -2.0137 0.107631 1.14727
-1 1536064939.280074 -2.01524 0.107416 1.14745
-1 1536064939.290404 -2.01833 0.106945 1.1477
-1 1536064939.298097 -2.01986 0.106697 1.14777
-1 1536064939.316512 -2.02353 0.106088 1.14777
-1 1536064939.341994 -2.02767 0.105395 1.14748
-1 1536064939.353926 -2.02906 0.105201 1.14734
-1 1536064939.367380 -2.03113 0.104982 1.14708
-1 1536064939.376305 -2.03182 0.104932 1.147
-1 1536064939.389246 -2.03386 0.104808 1.14674
-1 1536064939.396010 -2.03517 0.104703 1.14657
-1 1536064939.406482 -2.03642 0.104599 1.14641
-1 1536064939.415054 -2.03831 0.104481 1.1462
-1 1536064939.421848 -2.03957 0.104472 1.14609
-1 1536064939.432216 -2.04158 0.104663 1.14602
-1 1536064939.440704 -2.04443 0.105405 1.14612
-1 1536064939.449888 -2.04665 0.10621 1.14627
-1 1536064939.463941 -2.05048 0.107578 1.14642
-1 1536064939.468303 -2.05129 0.10783 1.14644
-1 1536064939.474356 -2.05211 0.10807 1.14645
-1 1536064939.480380 -2.05294 0.1083 1.14647
-1 1536064939.489432 -2.05543 0.108915 1.14654
-1 1536064939.498561 -2.05706 0.109253 1.14659
-1 1536064939.510522 -2.05868 0.10956 1.14665
-1 1536064939.516922 -2.06021 0.109844 1.14671
-1 1536064939.524995 -2.06171 0.110106 1.14676
-1 1536064939.580461 -2.06968 0.111655 1.14679
-1 1536064939.594013 -2.07085 0.111926 1.14672
-1 1536064939.598763 -2.07145 0.112058 1.14668
-1 1536064939.608057 -2.07205 0.112192 1.14663
-1 1536064939.617069 -2.07324 0.112449 1.14653
-1 1536064939.622402 -2.07384 0.112566 1.14647
-1 1536064939.635341 -2.07501 0.112772 1.14634
-1 1536064939.647478 -2.07619 0.112957 1.14619
-1 1536064939.653818 -2.07738 0.113156 1.14603
-1 1536064939.664340 -2.07859 0.113394 1.14586
-1 1536064939.673178 -2.07921 0.113528 1.14577
-1 1536064939.691566 -2.08046 0.113828 1.14558
-1 1536064939.706857 -2.08429 0.115055 1.14493
