-1 1530706932.227548 0.0841187 0.205576 1.11502
-1 1530706932.232729 0.0835363 0.205644 1.11501
-1 1530706932.248527 0.083467 0.205671 1.115
-1 1530706932.260660 0.0834032 0.205694 1.115
-1 1530706932.268018 0.0833598 0.205709 1.11499
-1 1530706932.273122 0.0833207 0.205726 1.11499
-1 1530706932.280989 0.0832841 0.205749 1.11498
-1 1530706932.306190 0.0831982 0.205815 1.11496
-1 1530706932.312725 0.0831649 0.205834 1.11496
-1 1530706932.320342 0.0831338 0.205846 1.11495
-1 1530706932.331306 0.0830906 0.205862 1.11494
-1 1530706932.337399 0.0830769 0.205867 1.11494
-1 1530706932.347874 0.0830498 0.205878 1.11494
-1 1530706932.353108 0.0830378 0.205881 1.11494
-1 1530706932.358336 0.0830136 0.205886 1.11493
-1 1530706932.368892 0.0829892 0.205893 1.11493
-1 1530706932.374801 0.0829642 0.205904 1.11492
-1 1530706932.384218 0.08294 0.205918 1.11492
-1 1530706932.390344 0.0829149 0.205931 1.11491
-1 1530706932.397440 0.0829015 0.205939 1.1149
-1 1530706932.400425 0.0828886 0.205948 1.1149
-1 1530706932.407182 0.0828605 0.20597 1.11489
-1 1530706932.416176 0.0828491 0.205994 1.11488
-1 1530706932.429485 0.0828359 0.20602 1.11486
-1 1530706932.437809 0.0828094 0.206045 1.11484
-1 1530706932.446030 0.0827925 0.206067 1.11483
-1 1530706932.450569 0.0827769 0.206096 1.11481
-1 1530706932.457339 0.082771 0.206113 1.11481
-1 1530706932.467823 0.0827637 0.206155 1.11479
-1 1530706932.474895 0.0827639 0.2062 1.11478
-1 1530706932.482772 0.0827709 0.206234 1.11477
-1 1530706932.488595 0.0827745 0.206246 1.11476
-1 1530706932.498522 0.0827799 0.206267 1.11474
-1 1530706932.501708 0.0827791 0.206275 1.11473
-1 1530706932.505987 0.0827775 0.206285 1.11473
-1 1530706932.509297 0.082775 0.206298 1.11472
-1 1530706932.518690 0.0827692 0.206311 1.11472
-1 1530706932.521802 0.0827614 0.206322 1.11471
-1 1530706932.534104 0.0827371 0.206347 1.11468
-1 1530706932.539243 0.0827279 0.206356 1.11467
-1 1530706932.542987 0.0827194 0.206365 1.11466
-1 1530706932.549680 0.0827121 0.206373 1.11465
-1 1530706932.552609 0.0827082 0.206383 1.11464
-1 1530706932.558233 0.0827188 0.206391 1.11463
-1 1530706932.569627 0.0827675 0.20644 1.1146
-1 1530706932.578098 0.0827939 0.206489 1.11457
-1 1530706932.585350 0.0828181 0.206546 1.11455
-1 1530706932.590576 0.0828297 0.206575 1.11454
-1 1530706932.594830 0.0828403 0.206601 1.11452
-1 1530706932.600771 0.0828582 0.206654 1.1145
-1 1530706932.605532 0.0828647 0.20668 1.11449
-1 1530706932.613141 0.0828677 0.206719 1.11447
-1 1530706932.617945 0.0828651 0.206729 1.11446
-1 1530706932.624218 0.0828622 0.206735 1.11445
-1 1530706932.639062 0.0828595 0.206741 1.11443
-1 1530706932.645558 0.0828736 0.206766 1.11439
-1 1530706932.653708 0.0828788 0.206776 1.11438
-1 1530706932.660511 0.0828958 0.206805 1.11436
-1 1530706932.668844 0.0829011 0.206814 1.11436
-1 1530706932.671908 0.0829053 0.206825 1.11436
-1 1530706932.678527 0.0829112 0.20684 1.11435
-1 1530706932.684300 0.0829267 0.206879 1.11435
-1 1530706932.688927 0.0829355 0.206902 1.11434
-1 1530706932.692296 0.0829449 0.206924 1.11434
-1 1530706932.702707 0.0829515 0.206943 1.11433
-1 1530706932.710180 0.0829738 0.206986 1.11431
-1 1530706932.714094 0.0829798 0.207001 1.11431
-1 1530706932.721063 0.0829944 0.207032 1.1143
-1 1530706932.729054 0.0830106 0.207069 1.11429
-1 1530706932.743624 0.0830277 0.207131 1.11427
-1 1530706932.750627 0.0830407 0.20717 1.11426
-1 1530706932.759446 0.0830666 0.207208 1.11425
-1 1530706932.762517 0.0830761 0.207228 1.11424
-1 1530706932.854558 0.0830834 0.20725 1.11423
-1 1530706932.863505 0.0828128 0.20756 1.11385
-1 1530706932.876240 0.0827047 0.207555 1.11377
-1 1530706932.883307 0.0826218 0.20756 1.11372
-1 1530706932.889997 0.0825469 0.207578 1.11366
-1 1530706932.897717 0.0825085 0.20759 1.11363
-1 1530706932.909885 0.0824144 0.207626 1.11353
-1 1530706932.917300 0.0823632 0.207649 1.11346
-1 1530706932.924147 0.0823147 0.207678 1.11338
-1 1530706932.930665 0.0822598 0.207705 1.11331
-1 1530706932.941881 0.0822324 0.207715 1.11327
-1 1530706932.949214 0.0821505 0.207722 1.11315
-1 1530706932.969349 0.0820208 0.2077 1.11299
-1 1530706932.975708 0.0819311 0.207693 1.11289
-1 1530706932.980031 0.0818782 0.207694 1.11285
-1 1530706932.985435 0.0818194 0.207692 1.1128
-1 1530706932.992043 0.0816882 0.20768 1.11269
-1 1530706933.000160 0.081615 0.207672 1.11263
-1 1530706933.006547 0.0814532 0.207666 1.1125
-1 1530706933.011471 0.0813679 0.207677 1.11244
-1 1530706933.021534 0.0810802 0.207748 1.11224
-1 1530706933.031247 0.0808757 0.207809 1.11209
-1 1530706933.046197 0.0805665 0.207893 1.11184
-1 1530706933.049595 0.0803371 0.207932 1.11167
-1 1530706933.053969 0.080218 0.207942 1.11158
-1 1530706933.060960 0.0799823 0.207942 1.1114
-1 1530706933.067708 0.0798641 0.207932 1.1113
-1 1530706933.074568 0.0796284 0.207895 1.11108
-1 1530706933.083214 0.0793801 0.207832 1.11085
-1 1530706933.091202 0.0791035 0.207737 1.11059
-1 1530706933.101376 0.0787967 0.20761 1.11032
-1 1530706933.110714 0.0782887 0.20738 1.10984
-1 1530706933.117965 0.078086 0.207304 1.10968
-1 1530706933.126189 0.0776511 0.207157 1.10935
-1 1530706933.132561 0.0771923 0.20701 1.10897
-1 1530706933.136384 0.0769423 0.206935 1.10877
-1 1530706933.148732 0.0764165 0.206783 1.10835
-1 1530706933.156591 0.0758867 0.206633 1.1079
-1 1530706933.164140 0.0753764 0.206488 1.10742
-1 1530706933.170335 0.0748962 0.206336 1.10692
-1 1530706933.173973 0.0746638 0.206252 1.10666
-1 1530706933.181065 0.0742237 0.206088 1.10614
-1 1530706933.186883 0.0740096 0.206004 1.10588
-1 1530706933.195000 0.0736024 0.205828 1.10535
-1 1530706933.202254 0.0732258 0.205625 1.10479
-1 1530706933.207601 0.0730358 0.205513 1.10449
-1 1530706933.216401 0.07263 0.205262 1.1039
-1 1530706933.220180 0.0724094 0.205128 1.10359
-1 1530706933.227648 0.0719373 0.204821 1.10295
-1 1530706933.238478 0.0714419 0.204466 1.10227
-1 1530706933.249057 0.0708899 0.204116 1.10156
-1 1530706933.255450 0.0700278 0.203637 1.10045
-1 1530706933.268424 0.069461 0.203357 1.09968
-1 1530706933.271440 0.0691849 0.203227 1.09929
-1 1530706933.283541 0.0686862 0.202989 1.09849
-1 1530706933.299844 0.0678609 0.202554 1.09686
-1 1530706933.304965 0.0675083 0.202321 1.09601
-1 1530706933.315071 0.0671719 0.202044 1.09516
-1 1530706933.320588 0.0668715 0.201733 1.09429
-1 1530706933.328724 0.0666101 0.201391 1.09341
-1 1530706933.336372 0.0663702 0.200987 1.0925
-1 1530706933.350884 0.0660887 0.20057 1.09156
-1 1530706933.353502 0.0658064 0.200151 1.09062
-1 1530706933.360609 0.0656658 0.19995 1.09015
-1 1530706933.367253 0.0653289 0.199602 1.08919
-1 1530706933.376704 0.0649532 0.199296 1.0882
-1 1530706933.387772 0.0644382 0.198904 1.08666
-1 1530706933.398928 0.0641403 0.19866 1.08562
-1 1530706933.403770 0.0639025 0.198429 1.08454
-1 1530706933.410748 0.0636955 0.198231 1.08345
-1 1530706933.419147 0.0636012 0.198149 1.08288
-1 1530706933.430466 0.0634082 0.198031 1.08173
-1 1530706933.436679 0.0631428 0.197925 1.07997
-1 1530706933.455184 0.0629816 0.197857 1.07876
-1 1530706933.461655 0.0626276 0.197445 1.07623
-1 1530706933.467310 0.062549 0.1973 1.07558
-1 1530706933.476331 0.0624325 0.197008 1.07424
-1 1530706933.481879 0.0623877 0.196669 1.07285
-1 1530706933.489872 0.0623861 0.196496 1.07213
-1 1530706933.511098 0.0624596 0.196113 1.07068
-1 1530706933.524415 0.0627608 0.194871 1.06523
-1 1530706933.531393 0.0628451 0.194569 1.06358
-1 1530706933.539914 0.0628884 0.19441 1.06273
-1 1530706933.591463 0.0635293 0.192903 1.05488
-1 1530706933.622340 0.0651563 0.190108 1.04445
-1 1530706933.630227 0.0656418 0.189641 1.04257
-1 1530706933.635991 0.0661285 0.189155 1.04064
-1 1530706933.647086 0.0665866 0.188642 1.0387
-1 1530706933.658205 0.0670438 0.188087 1.03677
-1 1530706933.666642 0.0676705 0.187253 1.03383
-1 1530706933.672286 0.0680263 0.186758 1.03184
-1 1530706933.675530 0.0681685 0.186527 1.03084
-1 1530706933.687499 0.0683727 0.186083 1.02883
-1 1530706933.690440 0.0684656 0.18588 1.02782
-1 1530706933.702162 0.0686543 0.185321 1.02475
-1 1530706933.706719 0.0687275 0.185151 1.02372
-1 1530706933.721913 0.0688729 0.184839 1.02167
-1 1530706933.727824 0.0691714 0.184527 1.01863
-1 1530706933.744253 0.0694634 0.184267 1.01561
-1 1530706933.752819 0.0697374 0.18406 1.01362
-1 1530706933.777728 0.0704145 0.183338 1.00981
-1 1530706933.795674 0.0712731 0.182136 1.00518
-1 1530706933.807034 0.0718403 0.181207 1.00158
-1 1530706933.817625 0.0722513 0.180552 0.998982
-1 1530706933.822310 0.0724043 0.180348 0.998136
-1 1530706933.830564 0.0725741 0.180158 0.997291
-1 1530706933.837130 0.0731374 0.17964 0.994823
-1 1530706933.850359 0.0735433 0.179316 0.993215
-1 1530706933.861511 0.0739644 0.179018 0.991654
-1 1530706933.867782 0.0746891 0.178558 0.989389
-1 1530706933.874047 0.0749605 0.178388 0.988654
-1 1530706933.878801 0.075513 0.178071 0.987201
-1 1530706933.887528 0.0760791 0.177761 0.985754
-1 1530706933.900363 0.0768955 0.177259 0.983593
-1 1530706933.908145 0.0773942 0.176916 0.982162
-1 1530706933.911547 0.0776267 0.176753 0.981456
-1 1530706933.916652 0.0778561 0.176597 0.980751
-1 1530706933.919623 0.0780783 0.176444 0.980038
-1 1530706933.928301 0.0784989 0.17615 0.978617
-1 1530706933.938355 0.0788963 0.175822 0.977184
-1 1530706933.945445 0.0792723 0.175466 0.975701
-1 1530706933.950938 0.0796623 0.17508 0.974186
-1 1530706933.964519 0.0798414 0.174867 0.973429
-1 1530706933.967483 0.0803784 0.174356 0.971158
-1 1530706933.977734 0.0807326 0.17405 0.969638
-1 1530706933.988977 0.0810919 0.173754 0.968114
-1 1530706934.001611 0.0816418 0.173342 0.965837
-1 1530706934.004474 0.0818329 0.173218 0.965085
-1 1530706934.015403 0.0822266 0.173 0.963593
-1 1530706934.033541 0.082613 0.172798 0.962114
-1 1530706934.042148 0.0835314 0.172486 0.958517
-1 1530706934.049279 0.083713 0.172443 0.957811
-1 1530706934.057197 0.0840915 0.172411 0.956402
-1 1530706934.060915 0.0842842 0.172403 0.955704
-1 1530706934.078400 0.0850663 0.172397 0.952892
-1 1530706934.085217 0.0854534 0.172392 0.951441
-1 1530706934.091142 0.0856501 0.172378 0.950711
-1 1530706934.095066 0.0858533 0.172351 0.949979
-1 1530706934.100143 0.0860642 0.172308 0.949243
-1 1530706934.110229 0.0864997 0.172199 0.947761
-1 1530706934.115489 0.0869355 0.172095 0.946279
-1 1530706934.120016 0.0871499 0.172056 0.945539
-1 1530706934.124219 0.087359 0.172024 0.944796
-1 1530706934.134331 0.0877639 0.171983 0.943308
-1 1530706934.143725 0.0881584 0.171983 0.941824
-1 1530706934.150900 0.0885506 0.172004 0.940352
-1 1530706934.156594 0.0889386 0.172048 0.93892
-1 1530706934.170735 0.0893187 0.172132 0.937501
-1 1530706934.173372 0.0899072 0.172313 0.935401
-1 1530706934.183079 0.090313 0.172436 0.934009
-1 1530706934.186391 0.0905207 0.172492 0.933314
-1 1530706934.198282 0.0909501 0.172608 0.931912
-1 1530706934.201143 0.0911724 0.172649 0.931209
-1 1530706934.204446 0.0913956 0.17268 0.930506
-1 1530706934.208673 0.0916183 0.172699 0.9298
-1 1530706934.212302 0.0918412 0.172709 0.929092
-1 1530706934.219141 0.0922877 0.172721 0.92767
-1 1530706934.229039 0.0927376 0.172743 0.926255
-1 1530706934.236165 0.093191 0.172786 0.924845
-1 1530706934.240974 0.0934147 0.17281 0.924143
-1 1530706934.249636 0.0938511 0.172866 0.922737
-1 1530706934.257378 0.0942679 0.172932 0.921337
-1 1530706934.261191 0.0944725 0.172964 0.920639
-1 1530706934.271420 0.0946741 0.172994 0.919943
-1 1530706934.277737 0.0952575 0.173092 0.917878
-1 1530706934.289134 0.0956246 0.173172 0.916515
-1 1530706934.294567 0.095981 0.173266 0.91517
-1 1530706934.302231 0.0963233 0.173369 0.913838
-1 1530706934.307936 0.0964874 0.173424 0.913176
-1 1530706934.318776 0.0968072 0.173542 0.911862
-1 1530706934.323746 0.0971206 0.173683 0.910573
-1 1530706934.328024 0.0972764 0.173762 0.909937
-1 1530706934.336922 0.097591 0.173931 0.908684
-1 1530706934.344288 0.0979101 0.174121 0.907459
-1 1530706934.349341 0.0980751 0.174224 0.90686
-1 1530706934.352226 0.0982503 0.17432 0.906269
-1 1530706934.357926 0.0984175 0.174431 0.905685
-1 1530706934.367367 0.0987542 0.174652 0.904537
-1 1530706934.377645 0.0992487 0.175002 0.902869
-1 1530706934.386427 0.0995604 0.175245 0.901787
-1 1530706934.389667 0.0997048 0.175368 0.901256
-1 1530706934.396303 0.0998444 0.175495 0.900734
-1 1530706934.403511 0.100108 0.175761 0.899722
-1 1530706934.412580 0.100235 0.175901 0.899233
-1 1530706934.419419 0.100491 0.176195 0.89829
-1 1530706934.424419 0.10075 0.176505 0.89739
-1 1530706934.431783 0.101004 0.176823 0.896532
-1 1530706934.438379 0.101131 0.176982 0.896119
-1 1530706934.441354 0.101257 0.177143 0.895716
-1 1530706934.446419 0.101384 0.177306 0.895326
-1 1530706934.450150 0.101513 0.177471 0.89495
-1 1530706934.454285 0.10164 0.177637 0.894586
-1 1530706934.460573 0.101892 0.177979 0.893888
-1 1530706934.467575 0.102018 0.17815 0.893551
-1 1530706934.476504 0.102145 0.178321 0.893222
-1 1530706934.486434 0.102652 0.178986 0.891976
-1 1530706934.499332 0.102903 0.179306 0.891402
-1 1530706934.506443 0.103148 0.179622 0.890861
-1 1530706934.515019 0.103381 0.179924 0.890351
-1 1530706934.521132 0.103599 0.180208 0.889868
-1 1530706934.537459 0.103976 0.180753 0.888986
-1 1530706934.546857 0.104142 0.181021 0.888582
-1 1530706934.553701 0.104284 0.181251 0.888209
-1 1530706934.560137 0.104351 0.181374 0.88803
-1 1530706934.599824 0.10448 0.18162 0.887683
-1 1530706934.608359 0.104609 0.181861 0.887345
-1 1530706934.622959 0.104672 0.18198 0.887179
-1 1530706934.626655 0.104731 0.182095 0.887013
-1 1530706934.631004 0.104789 0.182207 0.886845
-1 1530706934.634305 0.104843 0.182315 0.886677
-1 1530706934.654722 0.104896 0.182422 0.886509
-1 1530706934.658905 0.105233 0.183033 0.885555
-1 1530706934.666177 0.105352 0.183245 0.88526
-1 1530706934.673768 0.105482 0.183475 0.88496
-1 1530706934.686037 0.105684 0.183824 0.884514
-1 1530706934.692355 0.105826 0.184043 0.884213
-1 1530706934.698790 0.105975 0.184253 0.883905
-1 1530706934.703039 0.106047 0.184356 0.883749
-1 1530706934.707638 0.106117 0.184457 0.883595
-1 1530706934.714683 0.106238 0.184659 0.883288
-1 1530706934.720438 0.106329 0.184861 0.882987
-1 1530706934.727851 0.106401 0.185072 0.88269
-1 1530706934.734974 0.106462 0.185298 0.882395
-1 1530706934.744423 0.106504 0.18553 0.882108
-1 1530706934.748574 0.106515 0.185779 0.881828
-1 1530706934.753068 0.106516 0.185904 0.881689
-1 1530706934.759366 0.106503 0.186145 0.881414
-1 1530706934.764579 0.10649 0.186259 0.881275
-1 1530706934.770992 0.10645 0.18647 0.880999
-1 1530706934.783021 0.106389 0.186616 0.880736
-1 1530706934.791532 0.106309 0.186826 0.880354
-1 1530706934.799544 0.106249 0.187029 0.880004
-1 1530706934.804362 0.106233 0.187102 0.879894
-1 1530706934.811940 0.106205 0.187257 0.879684
-1 1530706934.817705 0.106176 0.187426 0.879483
-1 1530706934.824333 0.106136 0.187598 0.879291
-1 1530706934.830382 0.106112 0.187682 0.879198
-1 1530706934.834423 0.106062 0.187851 0.879024
-1 1530706934.839329 0.106034 0.187934 0.878943
-1 1530706934.842811 0.106005 0.188013 0.878867
-1 1530706934.849160 0.105943 0.188155 0.878729
-1 1530706934.860026 0.105822 0.188324 0.878561
-1 1530706934.866824 0.10573 0.188415 0.878479
-1 1530706934.877318 0.105568 0.188544 0.878416
-1 1530706934.886635 0.105433 0.188627 0.878419
-1 1530706934.892981 0.105257 0.1887 0.878467
-1 1530706934.901177 0.105064 0.18877 0.878551
-1 1530706934.908234 0.104911 0.18886 0.878649
-1 1530706934.913553 0.104838 0.188909 0.87871
-1 1530706934.921960 0.104689 0.18901 0.878858
-1 1530706934.929498 0.104544 0.189119 0.879035
-1 1530706934.937391 0.104391 0.189228 0.879248
-1 1530706934.951424 0.10423 0.189338 0.879494
-1 1530706934.963882 0.10397 0.189467 0.879899
-1 1530706934.969766 0.103742 0.189634 0.880356
-1 1530706934.974530 0.103669 0.189689 0.880525
-1 1530706934.979361 0.103598 0.189744 0.880702
-1 1530706934.989678 0.103476 0.189851 0.881079
-1 1530706934.996346 0.103369 0.189951 0.881497
-1 1530706935.004393 0.103255 0.190048 0.881952
-1 1530706935.010677 0.103193 0.190091 0.882195
-1 1530706935.016776 0.10305 0.190167 0.882712
-1 1530706935.019804 0.102967 0.1902 0.882989
-1 1530706935.023888 0.102877 0.190231 0.883277
-1 1530706935.032289 0.102685 0.190284 0.883882
-1 1530706935.038206 0.102584 0.190307 0.884196
-1 1530706935.047812 0.102275 0.190369 0.885191
-1 1530706935.057013 0.102065 0.19041 0.885897
-1 1530706935.070663 0.101853 0.19045 0.886638
-1 1530706935.077404 0.101646 0.190486 0.887407
-1 1530706935.094646 0.101345 0.190533 0.888636
-1 1530706935.099182 0.10106 0.190573 0.889959
-1 1530706935.109232 0.100885 0.190582 0.890889
-1 1530706935.116782 0.100707 0.190577 0.891848
-1 1530706935.123452 0.100529 0.190551 0.892843
-1 1530706935.129542 0.10044 0.190532 0.893354
-1 1530706935.132559 0.100348 0.190513 0.893871
-1 1530706935.137037 0.100252 0.190497 0.894395
-1 1530706935.140213 0.100152 0.190481 0.894925
-1 1530706935.145873 0.100045 0.190466 0.895464
-1 1530706935.150745 0.0999145 0.190425 0.896015
-1 1530706935.160768 0.0996453 0.190395 0.89713
-1 1530706935.167424 0.0993776 0.190379 0.898287
-1 1530706935.174524 0.0991201 0.190365 0.89949
-1 1530706935.180784 0.0988721 0.190361 0.900739
-1 1530706935.222643 0.0987494 0.190358 0.901383
-1 1530706935.235744 0.0986309 0.190354 0.902039
-1 1530706935.244295 0.0984102 0.190343 0.903389
-1 1530706935.250960 0.0982008 0.19033 0.904789
-1 1530706935.258478 0.0979971 0.190317 0.906233
-1 1530706935.264942 0.0977897 0.190313 0.907718
-1 1530706935.269575 0.0976794 0.190315 0.908476
-1 1530706935.280510 0.0974555 0.190321 0.910021
-1 1530706935.287671 0.097107 0.190346 0.912413
-1 1530706935.502298 0.0966512 0.190351 0.915748
-1 1530706935.525293 0.0895261 0.188174 0.981518
-1 1530706935.541417 0.0890878 0.188085 0.985195
-1 1530706935.550205 0.0886074 0.188018 0.988907
-1 1530706935.564734 0.0879475 0.187861 0.993891
-1 1530706935.622008 0.0854981 0.187235 1.01168
-1 1530706935.647326 0.0843987 0.186989 1.01936
-1 1530706935.660506 0.0836311 0.186821 1.0245
-1 1530706935.667923 0.0834246 0.186776 1.02577
-1 1530706935.674614 0.0830204 0.186707 1.02825
-1 1530706935.682728 0.0825911 0.186647 1.03074
-1 1530706935.689126 0.0821715 0.186603 1.03317
-1 1530706935.698501 0.0819612 0.186604 1.03433
-1 1530706935.708642 0.0813288 0.186608 1.03779
-1 1530706935.717700 0.0808916 0.186609 1.04007
-1 1530706935.725349 0.0804895 0.186603 1.04235
-1 1530706935.731778 0.0803168 0.186599 1.04346
-1 1530706935.741076 0.0797222 0.186572 1.04677
-1 1530706935.747884 0.0795344 0.18656 1.04786
-1 1530706935.763728 0.0791525 0.186535 1.05001
-1 1530706935.782121 0.0777325 0.186416 1.05719
-1 1530706935.788661 0.0775518 0.186409 1.05817
-1 1530706935.792048 0.0773729 0.186409 1.05914
-1 1530706935.812611 0.0765403 0.186356 1.06381
-1 1530706935.820727 0.0763766 0.186355 1.0647
-1 1530706935.826715 0.0760409 0.186378 1.06644
-1 1530706935.831303 0.075856 0.186381 1.06729
-1 1530706935.838280 0.0754836 0.186356 1.06895
-1 1530706935.860090 0.0746889 0.18619 1.07288
-1 1530706935.868036 0.0744732 0.186109 1.07437
-1 1530706935.874023 0.0742518 0.186044 1.07584
-1 1530706935.886873 0.0738929 0.185949 1.07795
-1 1530706935.896022 0.0736933 0.185912 1.07927
-1 1530706935.909099 0.0734788 0.185866 1.08056
-1 1530706935.917391 0.0731966 0.1858 1.08243
-1 1530706935.925162 0.072993 0.185777 1.08364
-1 1530706935.930561 0.0728195 0.185771 1.08482
-1 1530706935.941218 0.0727472 0.185776 1.0854
-1 1530706935.948411 0.0726424 0.185798 1.08651
-1 1530706935.960167 0.0725308 0.185814 1.08757
-1 1530706935.969720 0.0723742 0.185836 1.08915
-1 1530706935.977947 0.0723041 0.18582 1.09016
-1 1530706935.984708 0.0722624 0.18578 1.0911
-1 1530706935.990694 0.0721911 0.185752 1.092
-1 1530706936.001489 0.0721507 0.185739 1.09244
-1 1530706936.012356 0.0720597 0.185726 1.0933
-1 1530706936.016320 0.0719629 0.185766 1.09457
-1 1530706936.021427 0.071929 0.185802 1.09498
-1 1530706936.025187 0.071872 0.18585 1.0954
-1 1530706936.029914 0.0718208 0.185915 1.09583
-1 1530706936.037201 0.0717621 0.186063 1.09664
-1 1530706936.047938 0.0716837 0.186241 1.09743
-1 1530706936.053413 0.0715622 0.186432 1.09823
-1 1530706936.062534 0.0714059 0.18662 1.09905
-1 1530706936.068345 0.0713171 0.186713 1.09944
-1 1530706936.075021 0.0711804 0.186899 1.10019
-1 1530706936.081532 0.071108 0.187093 1.10091
-1 1530706936.088898 0.0710958 0.187198 1.10127
-1 1530706936.092143 0.0710898 0.187302 1.10164
-1 1530706936.101744 0.0710589 0.187491 1.10239
-1 1530706936.106560 0.0709951 0.187681 1.10312
-1 1530706936.123338 0.0708525 0.188008 1.10437
-1 1530706936.132059 0.0707049 0.188161 1.10497
-1 1530706936.137534 0.0705706 0.188226 1.10528
-1 1530706936.147911 0.0703714 0.18838 1.10585
-1 1530706936.151222 0.0703181 0.18846 1.10606
-1 1530706936.159278 0.0701958 0.188631 1.10646
-1 1530706936.167254 0.0700971 0.188798 1.10686
-1 1530706936.169538 0.0700733 0.188878 1.10706
-1 1530706936.178958 0.0700629 0.189036 1.10744
-1 1530706936.187111 0.070094 0.189204 1.10779
-1 1530706936.194291 0.0701056 0.189411 1.10815
-1 1530706936.196978 0.0701243 0.189531 1.10833
-1 1530706936.209817 0.0701679 0.189783 1.10864
-1 1530706936.225659 0.0701833 0.19038 1.10927
-1 1530706936.236890 0.070132 0.190826 1.10967
-1 1530706936.243776 0.0700706 0.191107 1.10989
-1 1530706936.251023 0.0699467 0.191387 1.11012
-1 1530706936.257562 0.06987 0.191541 1.11024
-1 1530706936.267104 0.0697175 0.191877 1.11046
-1 1530706936.278508 0.0695726 0.19225 1.11065
-1 1530706936.282328 0.0693981 0.19263 1.11082
-1 1530706936.287159 0.0693067 0.192817 1.11091
-1 1530706936.297698 0.0691332 0.193182 1.11109
-1 1530706936.310925 0.0690082 0.193551 1.11124
-1 1530706936.320605 0.0689018 0.19413 1.11145
-1 1530706936.330342 0.0688298 0.19475 1.11164
-1 1530706936.336692 0.0687735 0.195153 1.11176
-1 1530706936.340692 0.0687426 0.195348 1.11182
-1 1530706936.347079 0.0687038 0.195543 1.11187
-1 1530706936.353031 0.0686193 0.195921 1.11198
-1 1530706936.360619 0.0685737 0.196103 1.11202
-1 1530706936.367219 0.0684888 0.196461 1.11211
-1 1530706936.369907 0.0684215 0.196642 1.11215
-1 1530706936.381129 0.0683286 0.197168 1.11228
-1 1530706936.388027 0.0683307 0.197358 1.11232
-1 1530706936.391170 0.0683431 0.197556 1.11236
-1 1530706936.398210 0.0683886 0.197974 1.11245
-1 1530706936.406894 0.0684319 0.198421 1.11256
-1 1530706936.422656 0.0684829 0.198896 1.11269
-1 1530706936.429746 0.0686485 0.199657 1.11284
-1 1530706936.437749 0.0687673 0.200215 1.11295
-1 1530706936.441377 0.0688101 0.200488 1.11301
-1 1530706936.450322 0.0688413 0.20075 1.11307
-1 1530706936.456809 0.0688841 0.201241 1.11318
-1 1530706936.461930 0.0689156 0.201484 1.11324
-1 1530706936.469152 0.0690102 0.201977 1.11331
-1 1530706936.478026 0.0691328 0.202483 1.11339
-1 1530706936.480726 0.0691824 0.202736 1.11344
-1 1530706936.487447 0.0692873 0.203245 1.11354
-1 1530706936.498228 0.0694249 0.203778 1.11361
-1 1530706936.503427 0.0695568 0.204331 1.11366
-1 1530706936.509623 0.0696118 0.204609 1.1137
-1 1530706936.517484 0.0697029 0.205177 1.11377
-1 1530706936.528109 0.0698159 0.206081 1.11386
-1 1530706936.539401 0.0698733 0.206696 1.11392
-1 1530706936.545592 0.0699312 0.20729 1.11401
-1 1530706936.556917 0.0700391 0.208165 1.11412
-1 1530706936.560274 0.0700824 0.208451 1.11416
-1 1530706936.569885 0.0701296 0.208741 1.11421
-1 1530706936.581673 0.0703181 0.209638 1.11437
-1 1530706936.588250 0.0704589 0.210265 1.11448
-1 1530706936.593945 0.0705969 0.210889 1.1146
-1 1530706936.602554 0.0707397 0.211509 1.11472
-1 1530706936.610696 0.0709022 0.212115 1.11483
-1 1530706936.618265 0.0709844 0.212415 1.11488
-1 1530706936.639988 0.0713775 0.213941 1.11519
-1 1530706936.651829 0.0716341 0.214875 1.11535
-1 1530706936.662139 0.0718723 0.215804 1.11552
-1 1530706936.676747 0.0722317 0.217055 1.11574
-1 1530706936.689293 0.0724001 0.217685 1.11587
-1 1530706936.696807 0.0726036 0.218334 1.11599
-1 1530706936.703872 0.0728178 0.218998 1.1161
-1 1530706936.718579 0.0731122 0.220005 1.11627
-1 1530706936.732364 0.073324 0.220671 1.11639
-1 1530706936.741232 0.0738175 0.222021 1.11659
-1 1530706936.749900 0.0739366 0.222359 1.11665
-1 1530706936.757524 0.0741616 0.223037 1.11677
-1 1530706936.762976 0.0743783 0.223691 1.11687
-1 1530706936.769432 0.0746071 0.224342 1.11698
-1 1530706936.774575 0.0747285 0.224676 1.11703
-1 1530706936.779798 0.0748511 0.225015 1.11708
-1 1530706936.787730 0.0750829 0.225708 1.11718
-1 1530706936.797635 0.0752964 0.226404 1.11729
-1 1530706936.809722 0.0756027 0.227429 1.11741
-1 1530706936.816967 0.075782 0.228099 1.1175
-1 1530706936.822407 0.0758705 0.228428 1.11753
-1 1530706936.839104 0.0762624 0.229784 1.11762
-1 1530706936.848573 0.0765615 0.230853 1.1177
-1 1530706936.857946 0.0767748 0.231576 1.11777
-1 1530706936.867472 0.0770165 0.232305 1.11786
-1 1530706936.874585 0.0772735 0.233038 1.11796
-1 1530706936.885037 0.0775413 0.23377 1.11809
-1 1530706936.891867 0.0778115 0.234497 1.11823
-1 1530706936.897898 0.0780905 0.235217 1.11837
-1 1530706936.908363 0.0783888 0.235933 1.11852
-1 1530706936.917335 0.0786961 0.23664 1.11867
-1 1530706936.924527 0.0790036 0.237338 1.11881
-1 1530706936.936735 0.0791563 0.237684 1.11889
-1 1530706936.945000 0.0797643 0.239068 1.11916
-1 1530706936.950877 0.0800092 0.239757 1.11929
-1 1530706936.958585 0.0801302 0.2401 1.11936
-1 1530706936.967964 0.0803674 0.240799 1.11949
-1 1530706936.974570 0.0806095 0.241509 1.11961
-1 1530706936.987719 0.0809936 0.242604 1.1198
-1 1530706936.992634 0.0811265 0.242973 1.11986
-1 1530706937.006543 0.0816683 0.244428 1.12012
-1 1530706937.022226 0.0819365 0.245148 1.12025
-1 1530706937.028155 0.0823361 0.246239 1.12043
-1 1530706937.038524 0.082467 0.246602 1.12049
-1 1530706937.049559 0.082872 0.247686 1.12068
-1 1530706937.059802 0.0832815 0.248757 1.12087
-1 1530706937.067880 0.0835461 0.249469 1.12099
-1 1530706937.073845 0.0837959 0.250188 1.12111
-1 1530706937.080578 0.0839183 0.250553 1.12118
-1 1530706937.083049 0.084038 0.250919 1.12124
-1 1530706937.087472 0.0841555 0.251287 1.1213
-1 1530706937.091359 0.0842711 0.251658 1.12136
-1 1530706937.096783 0.0843849 0.252031 1.12142
-1 1530706937.105049 0.0846063 0.252779 1.12154
-1 1530706937.110671 0.0847151 0.253155 1.12159
-1 1530706937.146634 0.0859232 0.25661 1.12207
-1 1530706937.153256 0.0862281 0.257397 1.12216
-1 1530706937.161828 0.0865262 0.258169 1.12226
-1 1530706937.174130 0.0866753 0.258555 1.1223
-1 1530706937.177613 0.0871313 0.259714 1.12242
-1 1530706937.182170 0.0872901 0.260102 1.12245
-1 1530706937.185773 0.0874494 0.260489 1.12249
-1 1530706937.190675 0.0876069 0.260879 1.12252
-1 1530706937.199538 0.0877577 0.261263 1.12255
-1 1530706937.205296 0.0880559 0.262039 1.1226
-1 1530706937.212419 0.0883465 0.262833 1.12264
-1 1530706937.224030 0.0887443 0.264077 1.12268
-1 1530706937.229305 0.0888605 0.264501 1.12269
-1 1530706937.239598 0.0890798 0.265347 1.1227
-1 1530706937.249315 0.0893985 0.266628 1.12271
-1 1530706937.259507 0.0896215 0.267487 1.1227
-1 1530706937.268981 0.0898534 0.268334 1.1227
-1 1530706937.276546 0.090076 0.269157 1.12271
-1 1530706937.281962 0.0903104 0.269975 1.12271
-1 1530706937.291670 0.0905567 0.270795 1.12272
-1 1530706937.300326 0.0908 0.271605 1.12273
-1 1530706937.308406 0.0910595 0.272413 1.12275
-1 1530706937.318206 0.0913392 0.273218 1.12277
-1 1530706937.325420 0.0916468 0.274012 1.12279
-1 1530706937.330869 0.0919789 0.274796 1.12282
-1 1530706937.344883 0.0923143 0.275568 1.12285
-1 1530706937.352299 0.0928187 0.27671 1.1229
-1 1530706937.358594 0.092976 0.277075 1.12292
-1 1530706937.362881 0.0931375 0.277438 1.12294
-1 1530706937.367807 0.093304 0.277803 1.12295
-1 1530706937.379183 0.0936432 0.278531 1.12298
-1 1530706937.396543 0.094446 0.280342 1.12303
-1 1530706937.399802 0.0946057 0.280711 1.12304
-1 1530706937.405163 0.0947642 0.281083 1.12305
-1 1530706937.412749 0.0949218 0.281459 1.12306
-1 1530706937.419955 0.095229 0.282209 1.12308
-1 1530706937.426962 0.0953849 0.282578 1.12309
-1 1530706937.432571 0.0956809 0.283325 1.12312
-1 1530706937.445539 0.095964 0.284067 1.12314
-1 1530706937.448748 0.0962475 0.284805 1.12316
-1 1530706937.458000 0.0965325 0.285545 1.12317
-1 1530706937.463224 0.0968127 0.286276 1.12319
-1 1530706937.469044 0.0969555 0.286637 1.1232
-1 1530706937.471141 0.0970981 0.286999 1.12321
-1 1530706937.474895 0.0972396 0.287363 1.12322
-1 1530706937.478538 0.0973815 0.287732 1.12322
-1 1530706937.485957 0.0976643 0.288472 1.12324
-1 1530706937.499113 0.0979538 0.289199 1.12325
-1 1530706937.506405 0.0982577 0.28993 1.12325
-1 1530706937.509209 0.0984069 0.290291 1.12324
-1 1530706937.517276 0.0987008 0.290998 1.12325
-1 1530706937.524517 0.0989938 0.291692 1.12325
-1 1530706937.530314 0.0992906 0.292378 1.12325
-1 1530706937.536451 0.0994411 0.292718 1.12325
-1 1530706937.540492 0.099592 0.293057 1.12326
-1 1530706937.549289 0.0998985 0.293736 1.12325
-1 1530706937.553244 0.100048 0.294075 1.12325
-1 1530706937.560471 0.100353 0.294784 1.12326
-1 1530706937.566583 0.100511 0.295133 1.12325
-1 1530706937.570940 0.100668 0.295481 1.12325
-1 1530706937.577555 0.100975 0.296176 1.12325
-1 1530706937.589128 0.101266 0.296868 1.12324
-1 1530706937.597232 0.101544 0.297546 1.12324
-1 1530706937.616231 0.101976 0.298547 1.12322
-1 1530706937.624380 0.102264 0.29922 1.12322
-1 1530706937.631174 0.102555 0.299887 1.12323
-1 1530706937.638641 0.102842 0.300545 1.12326
-1 1530706937.649699 0.102983 0.300871 1.12327
-1 1530706937.657262 0.103565 0.302124 1.12335
-1 1530706937.662868 0.103867 0.302726 1.1234
-1 1530706937.667868 0.104019 0.303022 1.12343
-1 1530706937.675096 0.104333 0.303608 1.12349
-1 1530706937.679489 0.104492 0.303897 1.12352
-1 1530706937.686203 0.104816 0.304469 1.12358
-1 1530706937.697949 0.105295 0.305314 1.12367
-1 1530706937.708880 0.105614 0.305862 1.12373
-1 1530706937.715324 0.105925 0.306402 1.12379
-1 1530706937.719865 0.106078 0.306668 1.12381
-1 1530706937.723061 0.106229 0.306931 1.12384
-1 1530706937.729489 0.106524 0.307452 1.12388
-1 1530706937.741146 0.106666 0.307712 1.12391
-1 1530706937.768437 0.10765 0.309468 1.12406
-1 1530706937.775014 0.107924 0.309906 1.12411
-1 1530706937.786283 0.108198 0.310322 1.12415
-1 1530706937.789960 0.108471 0.310717 1.1242
-1 1530706937.798408 0.108606 0.310907 1.12422
-1 1530706937.804959 0.108868 0.311271 1.12427
-1 1530706937.813227 0.109126 0.311618 1.12431
-1 1530706937.820090 0.109381 0.31195 1.12435
-1 1530706937.828547 0.109624 0.312273 1.12439
-1 1530706937.836040 0.109851 0.3126 1.12441
-1 1530706937.846129 0.110056 0.312929 1.12443
-1 1530706937.859432 0.110324 0.313426 1.12445
-1 1530706937.866127 0.110484 0.31376 1.12444
-1 1530706937.871577 0.110558 0.313926 1.12443
-1 1530706937.877439 0.11069 0.314249 1.12441
-1 1530706937.889366 0.110803 0.314562 1.12438
-1 1530706937.897199 0.110887 0.314855 1.12436
-1 1530706937.903775 0.110954 0.315134 1.12433
-1 1530706937.910249 0.111007 0.315407 1.12431
-1 1530706937.919826 0.111028 0.315539 1.1243
-1 1530706937.923675 0.111066 0.315788 1.1243
-1 1530706937.929982 0.111089 0.315905 1.12429
-1 1530706937.939713 0.111152 0.316235 1.1243
-1 1530706937.950081 0.111172 0.316339 1.12431
-1 1530706937.963610 0.111288 0.316775 1.12437
-1 1530706937.969352 0.111357 0.316964 1.12439
-1 1530706937.982112 0.111416 0.317143 1.12442
-1 1530706937.992151 0.111504 0.317402 1.12447
-1 1530706938.005800 0.111597 0.317633 1.12451
-1 1530706938.011065 0.111624 0.317699 1.12453
-1 1530706938.017014 0.111665 0.317811 1.12456
-1 1530706938.024290 0.111697 0.317897 1.1246
-1 1530706938.030609 0.111725 0.31796 1.12464
-1 1530706938.048449 0.111762 0.318071 1.12472
-1 1530706938.059700 0.111779 0.318114 1.12476
-1 1530706938.074517 0.111814 0.31817 1.12484
-1 1530706938.077946 0.111826 0.318177 1.12486
-1 1530706938.087906 0.111853 0.318177 1.12489
-1 1530706938.096564 0.111885 0.318156 1.12493
-1 1530706938.101982 0.111917 0.318114 1.12497
-1 1530706938.107838 0.111931 0.318085 1.12499
-1 1530706938.116637 0.11195 0.318012 1.12503
-1 1530706938.119870 0.111957 0.31797 1.12505
-1 1530706938.128747 0.111961 0.317876 1.1251
-1 1530706938.135897 0.111956 0.317773 1.12514
-1 1530706938.146250 0.111947 0.317665 1.12518
-1 1530706938.153995 0.11196 0.317589 1.12522
-1 1530706938.163157 0.111968 0.317502 1.12525
-1 1530706938.166426 0.111964 0.317453 1.12526
-1 1530706938.175841 0.111944 0.317344 1.12529
-1 1530706938.181060 0.111908 0.317218 1.12532
-1 1530706938.189152 0.111882 0.31715 1.12533
-1 1530706938.196651 0.111816 0.317003 1.12536
-1 1530706938.201103 0.111779 0.316925 1.12537
-1 1530706938.204814 0.111741 0.316843 1.12539
-1 1530706938.215410 0.111664 0.316667 1.12541
-1 1530706938.220827 0.111586 0.316478 1.12544
-1 1530706938.228855 0.111504 0.316272 1.12547
-1 1530706938.236114 0.111425 0.316054 1.12551
-1 1530706938.239243 0.111388 0.315941 1.12553
-1 1530706938.247660 0.111354 0.315825 1.12555
-1 1530706938.264181 0.111268 0.315461 1.12561
-1 1530706938.269701 0.111191 0.315079 1.12567
-1 1530706938.281031 0.111137 0.314817 1.1257
-1 1530706938.286494 0.11108 0.314549 1.12574
-1 1530706938.290805 0.11105 0.314412 1.12576
-1 1530706938.296217 0.11102 0.314272 1.12578
-1 1530706938.304421 0.110951 0.313986 1.12582
-1 1530706938.308888 0.110917 0.313842 1.12583
-1 1530706938.316716 0.110852 0.313556 1.12586
-1 1530706938.324792 0.11079 0.313276 1.12589
-1 1530706938.331427 0.110729 0.312997 1.1259
-1 1530706938.337715 0.110698 0.312856 1.12591
-1 1530706938.346870 0.110637 0.312567 1.12593
-1 1530706938.351022 0.110606 0.312419 1.12593
-1 1530706938.357666 0.110576 0.312137 1.12594
-1 1530706938.367876 0.110554 0.311854 1.12594
-1 1530706938.372509 0.110538 0.311711 1.12594
-1 1530706938.375483 0.110518 0.311568 1.12593
-1 1530706938.383448 0.110464 0.311282 1.12592
-1 1530706938.390803 0.110374 0.310988 1.12591
-1 1530706938.396235 0.110322 0.310839 1.12591
-1 1530706938.401703 0.110208 0.310535 1.12588
-1 1530706938.409907 0.110142 0.310381 1.12587
-1 1530706938.417639 0.110007 0.310065 1.12584
-1 1530706938.424683 0.109872 0.309742 1.12581
-1 1530706938.428426 0.109806 0.309578 1.1258
-1 1530706938.444005 0.109683 0.309253 1.12576
-1 1530706938.451704 0.109457 0.308626 1.12568
-1 1530706938.459106 0.109403 0.308476 1.12567
-1 1530706938.472955 0.109158 0.307866 1.1256
-1 1530706938.477035 0.109085 0.307706 1.12558
-1 1530706938.488877 0.108931 0.307377 1.12556
-1 1530706938.494697 0.108784 0.307044 1.12553
-1 1530706938.502695 0.108713 0.306872 1.1255
-1 1530706938.590132 0.107757 0.303003 1.12521
-1 1530706938.599280 0.107623 0.302344 1.12514
-1 1530706938.609974 0.107514 0.301882 1.12508
-1 1530706938.620048 0.107301 0.301186 1.125
-1 1530706938.635359 0.107113 0.300508 1.12491
-1 1530706938.639679 0.107055 0.300293 1.12488
-1 1530706938.647382 0.106912 0.299878 1.12484
-1 1530706938.657381 0.10676 0.299466 1.12481
-1 1530706938.672853 0.106516 0.298825 1.12476
-1 1530706938.680635 0.106235 0.298137 1.12471
-1 1530706938.686445 0.10602 0.29764 1.12469
-1 1530706938.697916 0.105806 0.297128 1.12465
-1 1530706938.700939 0.105711 0.296874 1.12462
-1 1530706938.709355 0.105525 0.296349 1.12455
-1 1530706938.717233 0.105322 0.295788 1.12449
-1 1530706938.724167 0.105122 0.295199 1.12444
-1 1530706938.730402 0.10494 0.294618 1.12436
-1 1530706938.737012 0.10485 0.294326 1.12432
-1 1530706938.746881 0.104666 0.293742 1.12425
-1 1530706938.754170 0.104496 0.293162 1.12418
-1 1530706938.761106 0.104344 0.292603 1.12411
-1 1530706938.766632 0.104262 0.292328 1.12407
-1 1530706938.776411 0.104175 0.292053 1.12403
-1 1530706938.780196 0.103885 0.291212 1.12391
-1 1530706938.798097 0.103776 0.290924 1.12386
-1 1530706938.807314 0.103175 0.289445 1.12362
-1 1530706938.809967 0.103067 0.289153 1.12355
-1 1530706938.818624 0.102961 0.288862 1.12349
-1 1530706938.826706 0.102727 0.288274 1.12336
-1 1530706938.829849 0.102616 0.287987 1.1233
-1 1530706938.837597 0.102403 0.287417 1.12316
-1 1530706938.844328 0.102187 0.286856 1.12302
-1 1530706938.849582 0.102079 0.286575 1.12295
-1 1530706938.857925 0.101855 0.286005 1.12282
-1 1530706938.866654 0.10164 0.285429 1.12269
-1 1530706938.869862 0.101538 0.285143 1.12263
-1 1530706938.879623 0.10133 0.28457 1.12248
-1 1530706938.887624 0.101127 0.283995 1.12233
-1 1530706938.892489 0.101026 0.283706 1.12225
-1 1530706938.896464 0.100926 0.283419 1.12217
-1 1530706938.906893 0.100723 0.282846 1.12202
-1 1530706938.916416 0.100463 0.28197 1.12177
-1 1530706938.921660 0.100301 0.281388 1.12159
-1 1530706938.926764 0.100219 0.281096 1.1215
-1 1530706938.941289 0.100046 0.280511 1.12132
-1 1530706938.950257 0.099761 0.279625 1.12105
-1 1530706938.953502 0.0996578 0.279325 1.12096
-1 1530706938.959512 0.0994568 0.278714 1.12076
-1 1530706938.971605 0.0993672 0.278423 1.12067
-1 1530706938.980950 0.0991608 0.277837 1.12049
-1 1530706938.985975 0.098831 0.276927 1.12021
-1 1530706938.998893 0.0985895 0.276301 1.12003
-1 1530706939.008432 0.0983086 0.275645 1.11985
-1 1530706939.014707 0.0980159 0.274991 1.11967
-1 1530706939.026090 0.097519 0.274002 1.11938
-1 1530706939.048914 0.0965493 0.272407 1.11891
-1 1530706939.058486 0.0959042 0.271493 1.11863
-1 1530706939.087903 0.094464 0.26948 1.11802
-1 1530706939.096802 0.0940852 0.26889 1.11785
-1 1530706939.100405 0.0939051 0.26859 1.11776
-1 1530706939.108129 0.0935625 0.26799 1.1176
-1 1530706939.130599 0.092764 0.266499 1.11722
-1 1530706939.186467 0.0909384 0.262912 1.11634
-1 1530706939.195224 0.0904304 0.262 1.1161
-1 1530706939.200487 0.0900707 0.261395 1.11595
-1 1530706939.206365 0.0898934 0.261098 1.11587
-1 1530706939.209946 0.0897195 0.260808 1.1158
-1 1530706939.215824 0.089381 0.26023 1.11564
-1 1530706939.221274 0.0892168 0.25994 1.11556
-1 1530706939.227685 0.088885 0.259359 1.11541
-1 1530706939.234066 0.088727 0.259074 1.11534
-1 1530706939.241304 0.0885644 0.258786 1.11527
-1 1530706939.249301 0.0880786 0.25791 1.11506
-1 1530706939.253490 0.0879247 0.257614 1.115
-1 1530706939.259875 0.0877741 0.257313 1.11493
-1 1530706939.268495 0.0874755 0.256697 1.1148
-1 1530706939.272276 0.0873243 0.256386 1.11474
-1 1530706939.276204 0.0871752 0.256074 1.11468
-1 1530706939.279563 0.0870279 0.25576 1.11462
-1 1530706939.293123 0.0865918 0.254836 1.11443
-1 1530706939.299576 0.0864568 0.254541 1.11437
-1 1530706939.306641 0.0861903 0.253961 1.11424
-1 1530706939.313003 0.0859124 0.253375 1.11412
-1 1530706939.319274 0.0856243 0.252801 1.11399
-1 1530706939.323603 0.0854746 0.25252 1.11392
-1 1530706939.327850 0.0853248 0.252245 1.11386
-1 1530706939.337030 0.0850246 0.251712 1.11373
-1 1530706939.346959 0.0847261 0.251199 1.11361
-1 1530706939.349398 0.0845794 0.250949 1.11354
-1 1530706939.354103 0.0844383 0.250699 1.11348
-1 1530706939.359746 0.0843011 0.250453 1.11342
-1 1530706939.380883 0.0835547 0.249018 1.1131
-1 1530706939.390475 0.0834298 0.248782 1.11308
-1 1530706939.395053 0.083175 0.248297 1.11304
-1 1530706939.402618 0.0829088 0.247795 1.11302
-1 1530706939.416458 0.0825064 0.247031 1.11302
-1 1530706939.420325 0.0823727 0.246774 1.11303
-1 1530706939.425913 0.0822382 0.246516 1.11304
-1 1530706939.430127 0.0819758 0.245998 1.11307
-1 1530706939.436853 0.081846 0.245738 1.11309
-1 1530706939.448133 0.0815885 0.245212 1.11314
-1 1530706939.455587 0.0813433 0.244691 1.11318
-1 1530706939.461208 0.081111 0.244201 1.11323
-1 1530706939.467298 0.0809984 0.243964 1.11325
-1 1530706939.470744 0.0808887 0.243735 1.11328
-1 1530706939.478475 0.0806684 0.24329 1.11333
-1 1530706939.495090 0.0804537 0.24286 1.11338
-1 1530706939.501443 0.080031 0.241996 1.1135
-1 1530706939.510110 0.0799316 0.241778 1.11352
-1 1530706939.516598 0.0797452 0.241344 1.11358
-1 1530706939.520046 0.0796531 0.241127 1.11361
-1 1530706939.526883 0.0794727 0.240697 1.11366
-1 1530706939.538562 0.0792958 0.240267 1.11371
-1 1530706939.548235 0.079108 0.239833 1.11376
-1 1530706939.553265 0.0789199 0.239399 1.11381
-1 1530706939.559783 0.0787506 0.238998 1.11385
-1 1530706939.574742 0.0784622 0.238406 1.11392
-1 1530706939.579278 0.0783624 0.238215 1.11394
-1 1530706939.582517 0.0782618 0.238027 1.11396
-1 1530706939.587770 0.0781566 0.237839 1.11398
-1 1530706939.597701 0.0778303 0.237286 1.11403
-1 1530706939.601606 0.07772 0.237102 1.11405
-1 1530706939.608520 0.0776087 0.23692 1.11407
-1 1530706939.617530 0.0773857 0.236562 1.11409
-1 1530706939.628796 0.07704 0.236051 1.11413
-1 1530706939.636354 0.0768184 0.23572 1.11414
-1 1530706939.647231 0.0766027 0.23538 1.11416
-1 1530706939.652994 0.0763983 0.235045 1.11418
-1 1530706939.660151 0.0762992 0.234875 1.11419
-1 1530706939.666539 0.0761058 0.234525 1.11422
-1 1530706939.673863 0.0759145 0.234162 1.11425
-1 1530706939.676915 0.0758186 0.233978 1.11426
-1 1530706939.693382 0.0756353 0.23361 1.11429
-1 1530706939.703984 0.075286 0.232903 1.11437
-1 1530706939.710680 0.0751184 0.232577 1.11441
-1 1530706939.719667 0.0750392 0.23242 1.11443
-1 1530706939.726008 0.0748947 0.232118 1.11447
-1 1530706939.729611 0.07483 0.231969 1.11449
-1 1530706939.734616 0.0747722 0.231822 1.11452
-1 1530706939.740060 0.0746702 0.231528 1.11456
-1 1530706939.748430 0.0746234 0.231379 1.11458
-1 1530706939.750968 0.0745804 0.231227 1.1146
-1 1530706939.755970 0.0745406 0.231077 1.11463
-1 1530706939.767024 0.0744813 0.230771 1.11467
-1 1530706939.774449 0.0744266 0.230333 1.11474
-1 1530706939.778464 0.0744022 0.230188 1.11476
-1 1530706939.786905 0.0743402 0.229899 1.11481
-1 1530706939.790159 0.0743054 0.229758 1.11483
-1 1530706939.800022 0.0742701 0.229619 1.11485
-1 1530706939.807050 0.0742065 0.229347 1.1149
-1 1530706939.811908 0.0741531 0.229082 1.11494
-1 1530706939.815618 0.0741282 0.228951 1.11496
-1 1530706939.819890 0.0741044 0.228824 1.11498
-1 1530706939.855617 0.0739571 0.227832 1.11516
-1 1530706939.860814 0.0739415 0.227591 1.1152
-1 1530706939.868495 0.073937 0.227474 1.11522
-1 1530706939.874618 0.0739321 0.22725 1.11527
-1 1530706939.882335 0.0739265 0.227039 1.11531
-1 1530706939.892290 0.0739223 0.226838 1.11535
-1 1530706939.901343 0.0739289 0.226541 1.1154
-1 1530706939.907306 0.0739327 0.22644 1.11542
-1 1530706939.911236 0.0739354 0.226341 1.11543
-1 1530706939.916408 0.0739363 0.226245 1.11545
-1 1530706939.919991 0.0739356 0.226154 1.11546
-1 1530706939.924247 0.0739343 0.226064 1.11547
-1 1530706939.928560 0.0739337 0.225978 1.11549
-1 1530706939.938277 0.0739363 0.225807 1.11551
-1 1530706939.941798 0.0739411 0.225722 1.11553
-1 1530706939.949051 0.0739576 0.225556 1.11555
-1 1530706939.952505 0.0739845 0.225478 1.11556
-1 1530706939.959972 0.074015 0.225397 1.11558
-1 1530706939.967643 0.0740433 0.225313 1.11559
-1 1530706939.976525 0.0741231 0.225045 1.11563
-1 1530706939.980615 0.0741769 0.224854 1.11565
-1 1530706939.990532 0.0742054 0.224756 1.11567
-1 1530706939.996566 0.0742674 0.224564 1.11569
-1 1530706940.008127 0.0743714 0.22429 1.11573
-1 1530706940.019644 0.07445 0.224115 1.11575
-1 1530706940.026088 0.0745344 0.223943 1.11576
-1 1530706940.051535 0.074774 0.22347 1.11581
-1 1530706940.056008 0.0748102 0.223398 1.11582
-1 1530706940.060134 0.0748473 0.223325 1.11583
-1 1530706940.066258 0.0749216 0.223181 1.11585
-1 1530706940.075164 0.0749985 0.223035 1.11586
-1 1530706940.081961 0.0750732 0.222881 1.11587
-1 1530706940.091252 0.0751418 0.222725 1.11589
-1 1530706940.108948 0.0752806 0.222433 1.11591
-1 1530706940.118316 0.0753573 0.222301 1.11592
-1 1530706940.123512 0.0754368 0.222183 1.11593
-1 1530706940.130281 0.075516 0.222072 1.11594
-1 1530706940.139419 0.0755568 0.222018 1.11594
-1 1530706940.145316 0.0755976 0.221964 1.11594
-1 1530706940.154056 0.0757271 0.221813 1.11595
-1 1530706940.159590 0.0758377 0.221724 1.11596
-1 1530706940.167408 0.0758985 0.221676 1.11596
-1 1530706940.178807 0.0760684 0.221508 1.11596
-1 1530706940.187180 0.076164 0.221377 1.11596
-1 1530706940.196921 0.0762466 0.221248 1.11597
-1 1530706940.209173 0.0763194 0.221118 1.11597
-1 1530706940.217327 0.0764147 0.220926 1.11599
-1 1530706940.225005 0.0764839 0.220803 1.116
-1 1530706940.230392 0.0765608 0.220684 1.116
-1 1530706940.236994 0.0765997 0.220625 1.11601
-1 1530706940.240490 0.0766432 0.220567 1.11601
-1 1530706940.247631 0.0766926 0.220512 1.11602
-1 1530706940.254302 0.0767875 0.220399 1.11603
-1 1530706940.260178 0.0768395 0.220345 1.11603
-1 1530706940.266842 0.0769426 0.220241 1.11604
-1 1530706940.271230 0.0769957 0.220191 1.11605
-1 1530706940.274440 0.0770486 0.220138 1.11606
-1 1530706940.280923 0.0771507 0.220027 1.11607
-1 1530706940.290459 0.0771997 0.219971 1.11607
-1 1530706940.295116 0.0772995 0.219858 1.11608
-1 1530706940.297956 0.0773503 0.219803 1.11609
-1 1530706940.311464 0.0774502 0.219698 1.11609
-1 1530706940.318497 0.0775462 0.219597 1.1161
-1 1530706940.328555 0.0776351 0.219504 1.1161
-1 1530706940.337414 0.0777579 0.219377 1.11611
-1 1530706940.341469 0.0777978 0.219339 1.11611
-1 1530706940.345258 0.0778384 0.219302 1.11611
-1 1530706940.352789 0.0779226 0.219239 1.11612
-1 1530706940.360127 0.0780231 0.21919 1.11613
-1 1530706940.367069 0.078069 0.219166 1.11614
-1 1530706940.370006 0.078114 0.219142 1.11614
-1 1530706940.375216 0.0781588 0.219117 1.11615
-1 1530706940.383447 0.0782513 0.219065 1.11616
