-1 1536064864.070396 -1.22262 0.187495 1.11437
-1 1536064864.081522 -1.22337 0.185555 1.11439
-1 1536064864.086640 -1.2234 0.185479 1.11439
-1 1536064864.099710 -1.22346 0.185322 1.11439
-1 1536064864.112424 -1.22353 0.185162 1.1144
-1 1536064864.119340 -1.2236 0.185004 1.1144
-1 1536064864.130515 -1.22363 0.184927 1.1144
-1 1536064864.137613 -1.22372 0.184695 1.11441
-1 1536064864.144327 -1.22378 0.184533 1.11441
-1 1536064864.173556 -1.22398 0.183926 1.11441
-1 1536064864.182853 -1.22405 0.183641 1.11441
-1 1536064864.191891 -1.22409 0.183442 1.11441
-1 1536064864.205081 -1.22414 0.18313 1.1144
-1 1536064864.210354 -1.22417 0.182919 1.11439
-1 1536064864.217098 -1.22419 0.182816 1.11439
-1 1536064864.227135 -1.22424 0.182511 1.11438
-1 1536064864.229943 -1.22426 0.182408 1.11438
-1 1536064864.243052 -1.22432 0.182087 1.11437
-1 1536064864.253247 -1.22436 0.181881 1.11436
-1 1536064864.261032 -1.22439 0.181687 1.11436
-1 1536064864.278762 -1.22443 0.181284 1.11436
-1 1536064864.287408 -1.22444 0.180967 1.11436
-1 1536064864.295682 -1.22445 0.180753 1.11436
-1 1536064864.302325 -1.22445 0.180645 1.11436
-1 1536064864.308195 -1.22445 0.180433 1.11436
-1 1536064864.314960 -1.22444 0.180223 1.11436
-1 1536064864.322411 -1.22443 0.18001 1.11437
-1 1536064864.326957 -1.22442 0.179904 1.11437
-1 1536064864.333036 -1.22441 0.179798 1.11437
-1 1536064864.345268 -1.22437 0.179482 1.11438
-1 1536064864.351449 -1.22436 0.179376 1.11439
-1 1536064864.364246 -1.22431 0.179056 1.11441
-1 1536064864.377453 -1.22425 0.178629 1.11444
-1 1536064864.388833 -1.22422 0.178424 1.11446
-1 1536064864.399838 -1.22418 0.178227 1.11449
-1 1536064864.409354 -1.22414 0.178039 1.11451
-1 1536064864.416631 -1.22409 0.177856 1.11453
-1 1536064864.420564 -1.22406 0.177767 1.11454
-1 1536064864.432289 -1.22397 0.177493 1.11457
-1 1536064864.444780 -1.22391 0.177309 1.11459
-1 1536064864.451013 -1.22381 0.177032 1.11462
-1 1536064864.488893 -1.22336 0.176146 1.11472
-1 1536064864.500781 -1.22317 0.175861 1.11475
-1 1536064864.511363 -1.22305 0.175668 1.11477
-1 1536064864.517663 -1.22292 0.175473 1.1148
-1 1536064864.522170 -1.22285 0.175375 1.11481
-1 1536064864.528610 -1.22279 0.175277 1.11482
-1 1536064864.534215 -1.22267 0.175091 1.11484
-1 1536064864.542751 -1.22257 0.174913 1.11487
-1 1536064864.556045 -1.22242 0.174649 1.11489
-1 1536064864.567422 -1.22232 0.174473 1.11491
-1 1536064864.586023 -1.22205 0.174023 1.11494
-1 1536064864.598097 -1.22194 0.173839 1.11496
-1 1536064864.605018 -1.22184 0.173659 1.11497
-1 1536064864.621747 -1.22171 0.173411 1.115
-1 1536064864.630000 -1.22163 0.173264 1.11501
-1 1536064864.639053 -1.22155 0.173139 1.11503
-1 1536064864.647879 -1.22147 0.173023 1.11504
-1 1536064864.659000 -1.22137 0.172859 1.11506
-1 1536064864.665282 -1.22133 0.172805 1.11507
-1 1536064864.682306 -1.22125 0.172702 1.11508
-1 1536064864.687159 -1.22108 0.172495 1.11509
-1 1536064864.695040 -1.22103 0.172441 1.11509
-1 1536064864.701964 -1.22092 0.172327 1.11509
-1 1536064864.710901 -1.22082 0.172205 1.1151
-1 1536064864.721776 -1.2207 0.172085 1.1151
-1 1536064864.731925 -1.22052 0.171917 1.1151
-1 1536064864.747690 -1.2204 0.171817 1.11511
-1 1536064864.759962 -1.22023 0.17169 1.11511
-1 1536064864.765521 -1.22013 0.171612 1.11512
-1 1536064864.775714 -1.22003 0.171539 1.11512
-1 1536064864.786324 -1.21986 0.171441 1.11512
-1 1536064864.802809 -1.21962 0.17133 1.11511
-1 1536064864.822864 -1.2193 0.171201 1.11509
-1 1536064864.830781 -1.21918 0.171152 1.11509
-1 1536064864.863174 -1.2187 0.170974 1.11506
-1 1536064864.873183 -1.21852 0.170918 1.11505
-1 1536064864.887505 -1.21826 0.170853 1.11504
-1 1536064864.897044 -1.21813 0.170829 1.11503
-1 1536064864.912218 -1.21793 0.170807 1.11502
-1 1536064864.916464 -1.21786 0.170804 1.11501
-1 1536064864.922573 -1.2178 0.170802 1.11501
-1 1536064864.937761 -1.21759 0.170806 1.11499
-1 1536064864.955696 -1.21745 0.170815 1.11498
-1 1536064864.968746 -1.21725 0.170839 1.11497
-1 1536064864.973201 -1.21712 0.170849 1.11496
-1 1536064864.990657 -1.217 0.170849 1.11494
-1 1536064864.998328 -1.21682 0.170856 1.11493
-1 1536064865.008124 -1.21671 0.170871 1.11492
-1 1536064865.018428 -1.21644 0.170948 1.1149
-1 1536064865.031805 -1.21632 0.170992 1.1149
-1 1536064865.039518 -1.21602 0.171098 1.11487
-1 1536064865.047410 -1.2159 0.171147 1.11486
-1 1536064865.057811 -1.21571 0.171221 1.11484
-1 1536064865.071483 -1.21539 0.171353 1.11482
-1 1536064865.081729 -1.2152 0.171449 1.1148
-1 1536064865.090707 -1.21508 0.171516 1.11479
-1 1536064865.105819 -1.2148 0.171666 1.11476
-1 1536064865.120790 -1.21465 0.171744 1.11474
-1 1536064865.130585 -1.2145 0.171812 1.11472
-1 1536064865.138595 -1.21441 0.171852 1.1147
-1 1536064865.143505 -1.21437 0.171871 1.1147
-1 1536064865.151591 -1.21429 0.171908 1.11469
-1 1536064865.161604 -1.21422 0.171948 1.11468
-1 1536064865.168594 -1.21415 0.171989 1.11467
-1 1536064865.180866 -1.21412 0.172009 1.11466
-1 1536064865.194077 -1.21401 0.172096 1.11464
-1 1536064865.204354 -1.21391 0.172179 1.11461
-1 1536064865.211175 -1.21387 0.172226 1.11459
-1 1536064865.224110 -1.21382 0.172304 1.11456
-1 1536064865.231822 -1.21379 0.17236 1.11455
-1 1536064865.237570 -1.21376 0.172416 1.11453
-1 1536064865.247483 -1.21374 0.172471 1.11451
-1 1536064865.252441 -1.21372 0.172532 1.11449
-1 1536064865.259827 -1.21371 0.172565 1.11448
-1 1536064865.267086 -1.21369 0.172667 1.11445
-1 1536064865.279470 -1.21368 0.172772 1.11442
-1 1536064865.286916 -1.21368 0.172844 1.1144
-1 1536064865.303487 -1.21369 0.172991 1.11437
-1 1536064865.308789 -1.21369 0.173064 1.11436
-1 1536064865.315809 -1.21369 0.173125 1.11434
-1 1536064865.328999 -1.21368 0.173198 1.11432
-1 1536064865.336269 -1.21367 0.173236 1.11431
-1 1536064865.340349 -1.21367 0.17325 1.1143
-1 1536064865.348309 -1.21366 0.173259 1.11429
-1 1536064865.357082 -1.21364 0.173273 1.11426
-1 1536064865.361010 -1.21363 0.173275 1.11425
-1 1536064865.370907 -1.2136 0.173274 1.11424
-1 1536064865.375361 -1.21358 0.173271 1.11423
-1 1536064865.396214 -1.21354 0.173266 1.11421
-1 1536064865.408195 -1.21351 0.173258 1.1142
-1 1536064865.418429 -1.21348 0.173247 1.11419
-1 1536064865.432901 -1.21345 0.173238 1.11418
-1 1536064865.445820 -1.21342 0.173228 1.11418
-1 1536064865.458257 -1.21338 0.173215 1.11418
-1 1536064865.463496 -1.21337 0.173207 1.11417
-1 1536064865.476369 -1.21333 0.173192 1.11417
-1 1536064865.489659 -1.2133 0.173173 1.11417
-1 1536064865.500075 -1.21329 0.173164 1.11417
-1 1536064865.508059 -1.21325 0.173143 1.11417
-1 1536064865.518233 -1.21324 0.173131 1.11417
-1 1536064865.543823 -1.2132 0.173108 1.11417
-1 1536064865.555924 -1.21313 0.173057 1.11418
-1 1536064865.566331 -1.21308 0.173022 1.11418
-1 1536064865.576056 -1.21304 0.172983 1.11419
-1 1536064865.584830 -1.213 0.172947 1.11419
-1 1536064865.594456 -1.21294 0.172891 1.1142
-1 1536064865.610623 -1.21289 0.172784 1.11422
-1 1536064865.623358 -1.21285 0.172689 1.11423
-1 1536064865.630951 -1.21284 0.172518 1.11423
-1 1536064865.641712 -1.21285 0.172452 1.11424
-1 1536064865.645324 -1.2129 0.17235 1.11424
-1 1536064865.654312 -1.21296 0.172275 1.11425
-1 1536064865.686785 -1.21319 0.171969 1.11427
-1 1536064865.705516 -1.21331 0.1718 1.11426
-1 1536064865.710876 -1.2134 0.171663 1.11425
-1 1536064865.723365 -1.2135 0.171514 1.11423
-1 1536064865.731942 -1.21356 0.171434 1.11422
-1 1536064865.740555 -1.21368 0.171267 1.1142
-1 1536064865.750011 -1.21382 0.171084 1.11417
-1 1536064865.764970 -1.21405 0.17077 1.11411
-1 1536064865.775355 -1.21424 0.170535 1.11407
-1 1536064865.788552 -1.21445 0.170292 1.11402
-1 1536064865.808696 -1.2148 0.169907 1.11396
-1 1536064865.819453 -1.21552 0.169157 1.11382
-1 1536064865.835312 -1.21623 0.168429 1.1137
-1 1536064865.854781 -1.21685 0.167863 1.1136
-1 1536064865.879103 -1.21861 0.166634 1.11332
-1 1536064865.892168 -1.22054 0.165409 1.1131
-1 1536064865.910020 -1.2219 0.164431 1.11307
-1 1536064865.924299 -1.22345 0.163355 1.11314
-1 1536064865.938072 -1.22452 0.162777 1.11321
-1 1536064865.948774 -1.22524 0.162411 1.11327
-1 1536064865.955464 -1.22596 0.162031 1.11333
-1 1536064865.961818 -1.22668 0.161643 1.11341
-1 1536064865.973163 -1.22774 0.161039 1.11352
-1 1536064865.982003 -1.22843 0.160655 1.11361
-1 1536064865.986029 -1.22878 0.160454 1.11366
-1 1536064866.003925 -1.23009 0.15972 1.11385
-1 1536064866.019164 -1.23152 0.158838 1.11408
-1 1536064866.029538 -1.23207 0.158464 1.11418
-1 1536064866.035756 -1.23283 0.157896 1.11433
-1 1536064866.059307 -1.23419 0.15662 1.11472
-1 1536064866.064582 -1.23451 0.15628 1.11483
-1 1536064866.072595 -1.235 0.155801 1.115
-1 1536064866.082588 -1.23534 0.15551 1.11511
-1 1536064866.088614 -1.23567 0.155221 1.1152
-1 1536064866.097395 -1.23601 0.154919 1.11527
-1 1536064866.106064 -1.23661 0.154429 1.11529
-1 1536064866.121205 -1.23764 0.153665 1.11515
-1 1536064866.127539 -1.23833 0.153404 1.11504
-1 1536064866.135180 -1.23914 0.153426 1.11497
-1 1536064866.151213 -1.24061 0.15405 1.11496
-1 1536064866.170396 -1.24117 0.154349 1.11503
-1 1536064866.176919 -1.2425 0.15477 1.11528
-1 1536064866.187740 -1.24313 0.154793 1.1154
-1 1536064866.195175 -1.2442 0.15468 1.11562
-1 1536064866.207057 -1.24536 0.154416 1.11584
-1 1536064866.222019 -1.247 0.15395 1.11615
-1 1536064866.231222 -1.24787 0.153739 1.1163
-1 1536064866.240135 -1.24924 0.153483 1.11653
-1 1536064866.253259 -1.25119 0.153389 1.11681
-1 1536064866.261983 -1.25222 0.15345 1.11694
-1 1536064866.268585 -1.25326 0.153569 1.11706
-1 1536064866.275539 -1.2543 0.153728 1.11718
-1 1536064866.280740 -1.25533 0.153913 1.11729
-1 1536064866.294727 -1.2573 0.154347 1.11748
-1 1536064866.301673 -1.25823 0.154569 1.11756
-1 1536064866.332034 -1.26184 0.155493 1.11786
-1 1536064866.344080 -1.26325 0.155923 1.11795
-1 1536064866.353238 -1.26422 0.156224 1.11801
-1 1536064866.382311 -1.26662 0.156888 1.11816
-1 1536064866.389987 -1.26895 0.157423 1.11831
-1 1536064866.396620 -1.26986 0.157626 1.11836
-1 1536064866.403193 -1.27075 0.157815 1.11842
-1 1536064866.434828 -1.27162 0.157992 1.11847
-1 1536064866.441115 -1.27495 0.158736 1.11868
-1 1536064866.452362 -1.27618 0.159042 1.11876
-1 1536064866.464934 -1.27746 0.159358 1.11884
-1 1536064866.477685 -1.2788 0.15969 1.11891
-1 1536064866.484528 -1.27969 0.159915 1.11897
-1 1536064866.491613 -1.28059 0.160141 1.11902
-1 1536064866.501287 -1.28148 0.16038 1.11908
-1 1536064866.507114 -1.28237 0.160637 1.11912
-1 1536064866.526429 -1.28282 0.160776 1.11914
-1 1536064866.539191 -1.2851 0.161564 1.11925
-1 1536064866.552012 -1.28693 0.162294 1.11932
-1 1536064866.561526 -1.28826 0.162836 1.11937
-1 1536064866.568531 -1.28869 0.163017 1.11938
-1 1536064866.582140 -1.28954 0.163385 1.11939
-1 1536064866.600681 -1.29211 0.164518 1.1194
-1 1536064866.610565 -1.29339 0.165125 1.11939
-1 1536064866.625986 -1.29382 0.165332 1.11939
-1 1536064866.640606 -1.29597 0.166364 1.11938
-1 1536064866.650855 -1.29724 0.167013 1.11937
-1 1536064866.656920 -1.29808 0.16748 1.11936
-1 1536064866.666771 -1.29891 0.16798 1.11936
-1 1536064866.674000 -1.29976 0.168524 1.11935
-1 1536064866.680458 -1.30019 0.168813 1.11935
-1 1536064866.688296 -1.30106 0.169425 1.11933
-1 1536064866.700277 -1.30241 0.170417 1.1193
-1 1536064866.710991 -1.30335 0.171105 1.11928
-1 1536064866.719511 -1.3048 0.172166 1.11925
-1 1536064866.745958 -1.3073 0.173913 1.11917
-1 1536064866.754869 -1.30884 0.174962 1.1191
-1 1536064866.760816 -1.30987 0.175669 1.11905
-1 1536064866.770592 -1.3109 0.176378 1.11899
-1 1536064866.777072 -1.31195 0.177094 1.11893
-1 1536064866.801456 -1.31302 0.177822 1.11885
-1 1536064866.814995 -1.31696 0.180473 1.11854
-1 1536064866.840399 -1.31812 0.181261 1.11846
-1 1536064866.850874 -1.32045 0.182849 1.1186
-1 1536064866.863789 -1.32167 0.183654 1.11859
-1 1536064866.875542 -1.32295 0.184468 1.1186
-1 1536064866.887635 -1.32429 0.185299 1.11861
-1 1536064866.895097 -1.32568 0.186144 1.11861
-1 1536064866.901216 -1.32639 0.186577 1.1186
-1 1536064866.904911 -1.32709 0.187015 1.11858
-1 1536064866.912773 -1.3278 0.18746 1.11856
-1 1536064866.920404 -1.32921 0.188377 1.11849
-1 1536064866.932862 -1.33065 0.189344 1.1184
-1 1536064866.940818 -1.33212 0.190379 1.11829
-1 1536064866.952031 -1.33358 0.191481 1.11816
-1 1536064866.958834 -1.33506 0.19263 1.11801
-1 1536064866.970215 -1.33733 0.194453 1.11776
-1 1536064866.981055 -1.33887 0.195708 1.11758
-1 1536064866.987721 -1.34042 0.196987 1.11739
-1 1536064866.995561 -1.34201 0.198292 1.11719
-1 1536064867.008747 -1.34529 0.200949 1.11679
-1 1536064867.017550 -1.34702 0.202287 1.11659
-1 1536064867.027120 -1.34879 0.203623 1.11638
-1 1536064867.037979 -1.35245 0.206342 1.11594
-1 1536064867.045862 -1.35433 0.207714 1.1157
-1 1536064867.055621 -1.35527 0.208392 1.11559
-1 1536064867.062529 -1.35809 0.210395 1.11524
-1 1536064867.084047 -1.36191 0.213037 1.11478
-1 1536064867.091015 -1.36592 0.21569 1.11432
-1 1536064867.100266 -1.368 0.217021 1.11407
-1 1536064867.109914 -1.37118 0.219024 1.11369
-1 1536064867.116837 -1.37332 0.220362 1.11342
-1 1536064867.124705 -1.37544 0.221708 1.11315
-1 1536064867.142711 -1.37975 0.224403 1.11257
-1 1536064867.150071 -1.38297 0.226406 1.11211
-1 1536064867.163377 -1.3851 0.227748 1.1118
-1 1536064867.170338 -1.38828 0.229791 1.11132
-1 1536064867.183847 -1.39041 0.231167 1.11101
-1 1536064867.194131 -1.39577 0.234669 1.11028
-1 1536064867.201405 -1.39794 0.236047 1.11
-1 1536064867.209233 -1.40013 0.237389 1.10974
-1 1536064867.215613 -1.40232 0.238679 1.10949
-1 1536064867.240006 -1.40671 0.241196 1.10904
-1 1536064867.245202 -1.40998 0.243056 1.10875
-1 1536064867.252889 -1.41211 0.244296 1.10858
-1 1536064867.266757 -1.41423 0.245557 1.10842
-1 1536064867.271687 -1.41738 0.247477 1.10821
-1 1536064867.281718 -1.41947 0.248745 1.10806
-1 1536064867.288626 -1.42051 0.249374 1.10798
-1 1536064867.298972 -1.42361 0.251226 1.10772
-1 1536064867.306544 -1.42568 0.252425 1.10753
-1 1536064867.316980 -1.42774 0.25358 1.10732
-1 1536064867.323342 -1.42979 0.254698 1.1071
-1 1536064867.331385 -1.43181 0.255802 1.10686
-1 1536064867.343678 -1.43472 0.257423 1.10651
-1 1536064867.349987 -1.43569 0.257952 1.10638
-1 1536064867.355960 -1.43761 0.258978 1.10614
-1 1536064867.360503 -1.43857 0.259477 1.10603
-1 1536064867.372243 -1.43953 0.259969 1.10591
-1 1536064867.420071 -1.451 0.265767 1.10507
-1 1536064867.428429 -1.45196 0.266262 1.10508
-1 1536064867.435467 -1.45387 0.267242 1.10511
-1 1536064867.461469 -1.45961 0.270052 1.10534
-1 1536064867.475797 -1.46248 0.271391 1.10549
-1 1536064867.480731 -1.46437 0.272279 1.1056
-1 1536064867.491487 -1.46624 0.273171 1.10571
-1 1536064867.501701 -1.46898 0.274521 1.10589
-1 1536064867.506642 -1.47074 0.275445 1.10602
-1 1536064867.548649 -1.47866 0.280108 1.10671
-1 1536064867.554199 -1.4794 0.280565 1.10679
-1 1536064867.566201 -1.48086 0.281474 1.10697
-1 1536064867.572354 -1.48153 0.28192 1.10706
-1 1536064867.589185 -1.48353 0.283298 1.10733
-1 1536064867.602954 -1.48547 0.284757 1.10759
-1 1536064867.611293 -1.48781 0.286272 1.10788
-1 1536064867.621239 -1.49004 0.287216 1.10812
-1 1536064867.627810 -1.49409 0.288378 1.10858
-1 1536064867.632303 -1.49548 0.288701 1.10875
-1 1536064867.636054 -1.49686 0.288996 1.10892
-1 1536064867.653285 -1.50306 0.29015 1.10979
-1 1536064867.663679 -1.50517 0.290504 1.11012
-1 1536064867.671059 -1.50705 0.29081 1.11043
-1 1536064867.683989 -1.50871 0.29109 1.11073
-1 1536064867.696002 -1.51148 0.291714 1.11125
-1 1536064867.702312 -1.5126 0.292112 1.11147
-1 1536064867.710265 -1.51361 0.292543 1.11165
-1 1536064867.723148 -1.51452 0.293 1.11181
-1 1536064867.726551 -1.51538 0.293473 1.11195
-1 1536064867.733754 -1.5162 0.293949 1.11207
-1 1536064867.742501 -1.51699 0.294401 1.11216
-1 1536064867.769733 -1.51941 0.295545 1.11237
-1 1536064867.776942 -1.52026 0.295851 1.11242
-1 1536064867.786469 -1.52114 0.296125 1.11246
-1 1536064867.790011 -1.52206 0.296387 1.11249
-1 1536064867.799107 -1.52302 0.296648 1.11252
-1 1536064867.806643 -1.52402 0.296899 1.11255
-1 1536064867.822333 -1.52552 0.297264 1.11259
-1 1536064867.828467 -1.52656 0.297516 1.11262
-1 1536064867.838567 -1.52764 0.29777 1.11264
-1 1536064867.861451 -1.53101 0.298428 1.11272
-1 1536064867.871337 -1.53218 0.298587 1.11276
-1 1536064867.879030 -1.53335 0.298694 1.11281
-1 1536064867.892552 -1.53452 0.298753 1.11285
-1 1536064867.915365 -1.53625 0.298786 1.1129
-1 1536064867.924771 -1.53946 0.298793 1.11299
-1 1536064867.933786 -1.54044 0.298784 1.11301
-1 1536064867.940592 -1.54137 0.298781 1.11305
-1 1536064867.956995 -1.54227 0.298785 1.11308
-1 1536064867.969286 -1.54407 0.298824 1.11313
-1 1536064867.986307 -1.54543 0.298867 1.11316
-1 1536064867.989770 -1.54683 0.298897 1.11322
-1 1536064867.998194 -1.54777 0.298897 1.11326
-1 1536064868.008104 -1.54873 0.298874 1.1133
-1 1536064868.019421 -1.5497 0.298826 1.11336
-1 1536064868.024943 -1.55066 0.298752 1.11342
-1 1536064868.030007 -1.55163 0.298674 1.11347
-1 1536064868.038703 -1.5521 0.298634 1.1135
-1 1536064868.046370 -1.55303 0.298544 1.11357
-1 1536064868.061761 -1.55392 0.298442 1.11363
-1 1536064868.068731 -1.55525 0.298278 1.11371
-1 1536064868.074661 -1.55613 0.298123 1.11375
-1 1536064868.080793 -1.55658 0.298044 1.11377
-1 1536064868.092646 -1.55842 0.297717 1.11382
-1 1536064868.100585 -1.55888 0.29762 1.11382
-1 1536064868.106209 -1.55985 0.297436 1.11383
-1 1536064868.118318 -1.56086 0.297263 1.11384
-1 1536064868.124087 -1.5619 0.297081 1.11384
-1 1536064868.132029 -1.56295 0.296896 1.11382
-1 1536064868.144150 -1.56459 0.296611 1.11379
-1 1536064868.161561 -1.56572 0.296401 1.11377
-1 1536064868.172621 -1.56802 0.29596 1.11373
-1 1536064868.180604 -1.56918 0.295741 1.11371
-1 1536064868.197772 -1.57154 0.295294 1.11365
-1 1536064868.210432 -1.57404 0.294754 1.11356
-1 1536064868.216498 -1.57467 0.294596 1.11353
-1 1536064868.232679 -1.57663 0.294094 1.11346
-1 1536064868.237621 -1.57795 0.293741 1.1134
-1 1536064868.263434 -1.57928 0.293364 1.11333
-1 1536064868.267027 -1.58338 0.292097 1.11312
-1 1536064868.277438 -1.58476 0.291628 1.11305
-1 1536064868.290839 -1.58613 0.291134 1.11298
-1 1536064868.301067 -1.5882 0.290329 1.11286
-1 1536064868.310004 -1.58959 0.289775 1.11279
-1 1536064868.314384 -1.59097 0.28921 1.11271
-1 1536064868.319540 -1.59167 0.288921 1.11267
-1 1536064868.327162 -1.59308 0.288302 1.11257
-1 1536064868.334120 -1.59379 0.28798 1.11253
-1 1536064868.350033 -1.59591 0.286985 1.11237
-1 1536064868.362373 -1.59805 0.285961 1.11221
-1 1536064868.374784 -1.60091 0.284523 1.11197
-1 1536064868.390451 -1.60238 0.283777 1.11185
-1 1536064868.414079 -1.60533 0.282238 1.1116
-1 1536064868.444573 -1.61365 0.277654 1.11094
-1 1536064868.474249 -1.61687 0.275824 1.11116
-1 1536064868.503986 -1.6208 0.27332 1.11121
-1 1536064868.575240 -1.63116 0.266906 1.11114
-1 1536064868.608799 -1.6405 0.261095 1.1106
-1 1536064868.616416 -1.64356 0.259394 1.1104
-1 1536064868.627392 -1.64667 0.257702 1.11021
-1 1536064868.634468 -1.64871 0.256551 1.11008
-1 1536064868.646403 -1.65179 0.254779 1.1099
-1 1536064868.672095 -1.65702 0.251696 1.10965
-1 1536064868.677615 -1.66129 0.249277 1.10945
-1 1536064868.684588 -1.66347 0.248139 1.10935
-1 1536064868.693738 -1.66569 0.247039 1.10924
-1 1536064868.699485 -1.66792 0.245968 1.10914
-1 1536064868.708344 -1.67018 0.244913 1.10903
-1 1536064868.721521 -1.67359 0.243338 1.10889
-1 1536064868.732952 -1.67812 0.24113 1.10869
-1 1536064868.745549 -1.68145 0.239357 1.10854
-1 1536064868.757997 -1.6847 0.237503 1.10838
-1 1536064868.767380 -1.68684 0.236245 1.10827
-1 1536064868.776064 -1.68894 0.234969 1.10816
-1 1536064868.784004 -1.68999 0.234329 1.10811
-1 1536064868.788208 -1.69208 0.233043 1.108
-1 1536064868.795750 -1.69416 0.23177 1.10791
-1 1536064868.816908 -1.70036 0.228118 1.10764
-1 1536064868.823596 -1.70244 0.22695 1.10755
-1 1536064868.832778 -1.70348 0.226367 1.10751
-1 1536064868.838519 -1.70665 0.224612 1.10737
-1 1536064868.847919 -1.70879 0.223466 1.10727
-1 1536064868.855166 -1.71094 0.222352 1.10717
-1 1536064868.864769 -1.7131 0.221265 1.10706
-1 1536064868.883360 -1.71952 0.218053 1.10673
-1 1536064868.889113 -1.72058 0.217516 1.10667
-1 1536064868.892475 -1.72163 0.216973 1.10661
-1 1536064868.907101 -1.72373 0.215892 1.10649
-1 1536064868.917776 -1.72684 0.21431 1.1063
-1 1536064868.926881 -1.72889 0.213288 1.10618
-1 1536064868.941763 -1.72991 0.212779 1.10611
-1 1536064868.972294 -1.73611 0.209769 1.10571
-1 1536064869.011413 -1.74021 0.207879 1.10541
-1 1536064869.020837 -1.74328 0.20651 1.10518
-1 1536064869.029800 -1.74531 0.205603 1.10503
-1 1536064869.041857 -1.74631 0.205153 1.10496
-1 1536064869.056916 -1.74831 0.204267 1.1048
-1 1536064869.063918 -1.75223 0.202549 1.10455
-1 1536064869.071531 -1.75318 0.202129 1.10452
-1 1536064869.078083 -1.75505 0.201293 1.1045
-1 1536064869.092135 -1.75775 0.200025 1.10456
-1 1536064869.096409 -1.76034 0.198756 1.10472
-1 1536064869.107835 -1.76202 0.197931 1.10489
-1 1536064869.114231 -1.76448 0.196743 1.1052
-1 1536064869.125867 -1.76608 0.195997 1.10545
-1 1536064869.134662 -1.76841 0.194962 1.10586
-1 1536064869.155849 -1.76989 0.19431 1.10615
-1 1536064869.162983 -1.77266 0.193068 1.10677
-1 1536064869.169849 -1.77396 0.192456 1.10709
-1 1536064869.187714 -1.77517 0.191882 1.10744
-1 1536064869.197211 -1.77816 0.190622 1.10834
-1 1536064869.204542 -1.77977 0.190293 1.10874
-1 1536064869.212650 -1.78188 0.190174 1.1092
-1 1536064869.217643 -1.78312 0.19019 1.10945
-1 1536064869.224583 -1.78578 0.190294 1.10998
-1 1536064869.235948 -1.78979 0.190459 1.1108
-1 1536064869.240585 -1.79107 0.190491 1.11106
-1 1536064869.251126 -1.79232 0.190528 1.11133
-1 1536064869.267071 -1.79709 0.190685 1.11235
-1 1536064869.286302 -1.7993 0.190773 1.11281
-1 1536064869.293123 -1.80138 0.190852 1.11322
-1 1536064869.305468 -1.80333 0.190905 1.11356
-1 1536064869.316380 -1.80516 0.19094 1.11384
-1 1536064869.323963 -1.80689 0.190959 1.11406
-1 1536064869.329287 -1.80773 0.190973 1.11415
-1 1536064869.341066 -1.80939 0.191036 1.1143
-1 1536064869.353832 -1.81101 0.191136 1.11441
-1 1536064869.361131 -1.81261 0.191266 1.11448
-1 1536064869.370335 -1.81418 0.19139 1.11453
-1 1536064869.377959 -1.81571 0.191498 1.11454
-1 1536064869.409362 -1.82254 0.192052 1.11431
-1 1536064869.418671 -1.82486 0.192229 1.11417
-1 1536064869.423132 -1.8264 0.192333 1.11408
-1 1536064869.439268 -1.83013 0.192483 1.11386
-1 1536064869.445406 -1.83159 0.19247 1.11378
-1 1536064869.449552 -1.83232 0.192458 1.11375
-1 1536064869.459954 -1.83376 0.192437 1.11368
-1 1536064869.472911 -1.83593 0.192418 1.1136
-1 1536064869.482627 -1.83818 0.192411 1.11355
-1 1536064869.498914 -1.84203 0.192465 1.11356
-1 1536064869.508793 -1.84354 0.192494 1.11359
-1 1536064869.512393 -1.84502 0.192519 1.11362
-1 1536064869.519887 -1.84575 0.192525 1.11365
-1 1536064869.529806 -1.84719 0.192526 1.1137
-1 1536064869.539152 -1.84863 0.192531 1.11376
-1 1536064869.549452 -1.85008 0.192571 1.11383
-1 1536064869.554695 -1.8508 0.192597 1.11387
-1 1536064869.563957 -1.85151 0.192626 1.11391
-1 1536064869.569561 -1.85292 0.1927 1.11399
-1 1536064869.580077 -1.85429 0.192778 1.11408
-1 1536064869.596303 -1.85561 0.192854 1.11417
-1 1536064869.606531 -1.85825 0.19305 1.11437
-1 1536064869.619304 -1.86022 0.193282 1.11451
-1 1536064869.627981 -1.86156 0.193482 1.1146
-1 1536064869.638040 -1.86293 0.1937 1.11467
-1 1536064869.643447 -1.86363 0.193812 1.11471
-1 1536064869.655349 -1.86506 0.194055 1.11478
-1 1536064869.668130 -1.86726 0.194473 1.11486
-1 1536064869.676898 -1.86955 0.194946 1.11494
-1 1536064869.698001 -1.87265 0.195625 1.11503
-1 1536064869.707826 -1.87579 0.196326 1.1151
-1 1536064869.715521 -1.87736 0.196679 1.11514
-1 1536064869.722618 -1.87893 0.197046 1.11516
-1 1536064869.728170 -1.8805 0.197433 1.11519
-1 1536064869.739810 -1.88206 0.197838 1.1152
-1 1536064869.748648 -1.8844 0.198457 1.1152
-1 1536064869.757436 -1.88595 0.198856 1.11518
-1 1536064869.762016 -1.88672 0.199046 1.11517
-1 1536064869.771142 -1.88749 0.199234 1.11515
-1 1536064869.779060 -1.88978 0.199763 1.11509
-1 1536064869.790495 -1.8913 0.200099 1.11504
-1 1536064869.800835 -1.89363 0.200581 1.11496
-1 1536064869.813740 -1.896 0.201135 1.11495
-1 1536064869.821559 -1.8968 0.20135 1.11496
-1 1536064869.830085 -1.89922 0.202057 1.11506
-1 1536064869.833468 -1.90003 0.202317 1.1151
-1 1536064869.843582 -1.90167 0.202866 1.1152
-1 1536064869.850592 -1.90329 0.203452 1.11531
-1 1536064869.861879 -1.90491 0.20406 1.11542
-1 1536064869.876011 -1.90651 0.204669 1.11554
-1 1536064869.882217 -1.90889 0.205572 1.1157
-1 1536064869.901741 -1.91047 0.20618 1.1158
-1 1536064869.910341 -1.91363 0.207451 1.116
-1 1536064869.919115 -1.91521 0.208115 1.11612
-1 1536064869.928279 -1.91599 0.208455 1.11617
-1 1536064869.934475 -1.9183 0.209482 1.11634
-1 1536064869.943431 -1.91981 0.210169 1.11646
-1 1536064869.968467 -1.92356 0.21187 1.1167
-1 1536064869.992177 -1.92581 0.212925 1.11682
-1 1536064870.009837 -1.92808 0.214056 1.11691
-1 1536064870.015837 -1.93035 0.215241 1.11699
-1 1536064870.029520 -1.93188 0.21605 1.11703
-1 1536064870.046632 -1.93424 0.217276 1.11707
-1 1536064870.049260 -1.93503 0.217693 1.11708
-1 1536064870.054224 -1.93583 0.218112 1.11708
-1 1536064870.069803 -1.93743 0.218953 1.11708
-1 1536064870.075895 -1.93903 0.219794 1.11707
-1 1536064870.092125 -1.94064 0.220638 1.11704
-1 1536064870.126923 -1.95191 0.226615 1.11673
-1 1536064870.135977 -1.95274 0.227076 1.1167
-1 1536064870.150870 -1.95608 0.228927 1.1167
-1 1536064870.158005 -1.95781 0.229919 1.11668
-1 1536064870.171166 -1.96037 0.231311 1.11664
-1 1536064870.182344 -1.96458 0.233602 1.11652
-1 1536064870.194183 -1.96711 0.235002 1.1164
-1 1536064870.200863 -1.96796 0.235482 1.11635
-1 1536064870.217824 -1.97145 0.237482 1.11615
-1 1536064870.225714 -1.97322 0.238538 1.11603
-1 1536064870.237854 -1.97593 0.24021 1.11583
-1 1536064870.243607 -1.97683 0.240786 1.11576
-1 1536064870.249187 -1.97773 0.241368 1.11569
-1 1536064870.261929 -1.97954 0.242554 1.11555
-1 1536064870.268320 -1.98045 0.24316 1.11548
-1 1536064870.282593 -1.98315 0.245043 1.11527
-1 1536064870.317630 -1.99061 0.250186 1.11468
-1 1536064870.322677 -1.99253 0.251413 1.11453
-1 1536064870.329119 -1.99445 0.252609 1.11438
-1 1536064870.337181 -1.99733 0.254382 1.11415
-1 1536064870.342445 -1.99926 0.255563 1.114
-1 1536064870.350997 -2.0012 0.256756 1.11385
-1 1536064870.356893 -2.00416 0.258571 1.11364
-1 1536064870.366059 -2.00616 0.259794 1.1135
-1 1536064870.371888 -2.00817 0.261033 1.11336
-1 1536064870.378951 -2.00917 0.261648 1.11329
-1 1536064870.388191 -2.01223 0.263548 1.11306
-1 1536064870.399520 -2.0143 0.264837 1.11289
-1 1536064870.416155 -2.01742 0.266779 1.11264
-1 1536064870.423550 -2.02158 0.269357 1.11231
-1 1536064870.431626 -2.02367 0.27063 1.11215
-1 1536064870.442219 -2.02578 0.27188 1.11199
-1 1536064870.448866 -2.02791 0.273116 1.11182
-1 1536064870.454340 -2.02898 0.273727 1.11174
-1 1536064870.464828 -2.0322 0.275546 1.1115
-1 1536064870.473397 -2.03435 0.276761 1.11135
-1 1536064870.484683 -2.03649 0.277979 1.11119
-1 1536064870.491921 -2.03858 0.279172 1.11104
-1 1536064870.496070 -2.03961 0.279763 1.11096
-1 1536064870.515857 -2.04166 0.280904 1.11081
-1 1536064870.526464 -2.04468 0.282545 1.11056
-1 1536064870.533597 -2.04567 0.283072 1.11048
-1 1536064870.550036 -2.04765 0.284113 1.11031
-1 1536064870.559524 -2.04961 0.285141 1.11014
-1 1536064870.568523 -2.05058 0.285644 1.11006
-1 1536064870.576953 -2.05251 0.286615 1.10991
-1 1536064870.587650 -2.05442 0.287544 1.10976
-1 1536064870.595488 -2.05629 0.288437 1.10962
-1 1536064870.606064 -2.05811 0.2893 1.10948
-1 1536064870.620353 -2.05989 0.290143 1.10933
-1 1536064870.635420 -2.06875 0.293902 1.10847
-1 1536064870.640218 -2.0705 0.294519 1.10829
-1 1536064870.655397 -2.07482 0.295921 1.108
-1 1536064870.662453 -2.07662 0.296459 1.10796
-1 1536064870.673512 -2.07936 0.297333 1.10775
-1 1536064870.679383 -2.08025 0.297623 1.10778
-1 1536064870.684617 -2.08114 0.297907 1.10782
-1 1536064870.692820 -2.08204 0.298202 1.10785
-1 1536064870.703500 -2.08382 0.298807 1.10793
-1 1536064870.711716 -2.08469 0.299121 1.10796
