-1 1536064411.659532 0.0380328 0.167911 1.11408
-1 1536064411.664202 0.0383879 0.167722 1.11404
-1 1536064411.688556 0.038654 0.167581 1.11402
-1 1536064411.693233 0.0390869 0.167336 1.11398
-1 1536064411.701069 0.0392684 0.167239 1.11397
-1 1536064411.721553 0.0397942 0.166913 1.11393
-1 1536064411.731889 0.0398813 0.166856 1.11392
-1 1536064411.735874 0.040056 0.166744 1.11391
-1 1536064411.745920 0.0401441 0.166689 1.1139
-1 1536064411.763999 0.040489 0.166472 1.11388
-1 1536064411.770172 0.0407252 0.166319 1.11386
-1 1536064411.781430 0.0408753 0.166223 1.11385
-1 1536064411.797426 0.0412607 0.165986 1.11383
-1 1536064411.813376 0.0414182 0.165893 1.11382
-1 1536064411.821032 0.0416544 0.165762 1.11381
-1 1536064411.830035 0.0418103 0.165681 1.11381
-1 1536064411.837021 0.0419643 0.165598 1.1138
-1 1536064411.865231 0.0421158 0.165518 1.1138
-1 1536064411.906796 0.0430976 0.165023 1.11376
-1 1536064411.942357 0.0434478 0.164824 1.11374
-1 1536064411.960878 0.0439092 0.164589 1.11373
-1 1536064411.976157 0.04436 0.164366 1.1137
-1 1536064411.984427 0.044532 0.164282 1.11368
-1 1536064411.990472 0.0446174 0.16424 1.11367
-1 1536064412.008722 0.0449346 0.164068 1.11363
-1 1536064412.015382 0.0450079 0.164023 1.11362
-1 1536064412.028024 0.0452154 0.163884 1.11358
-1 1536064412.035418 0.0453418 0.163791 1.11356
-1 1536064412.045600 0.0454634 0.163698 1.11353
-1 1536064412.049898 0.0455828 0.163607 1.11351
-1 1536064412.070093 0.0459274 0.163396 1.11345
-1 1536064412.082971 0.0461564 0.163298 1.11342
-1 1536064412.090756 0.0463885 0.163213 1.11338
-1 1536064412.105854 0.046721 0.163125 1.11333
-1 1536064412.112452 0.0468935 0.163085 1.11331
-1 1536064412.120176 0.0470607 0.163036 1.11328
-1 1536064412.131197 0.0473065 0.162956 1.11325
-1 1536064412.143847 0.0474662 0.162905 1.11323
-1 1536064412.154099 0.0478072 0.162816 1.11319
-1 1536064412.175202 0.0482566 0.16272 1.11314
-1 1536064412.192418 0.0485145 0.162671 1.1131
-1 1536064412.206965 0.0486749 0.162639 1.11308
-1 1536064412.215546 0.0489857 0.162603 1.11302
-1 1536064412.224035 0.0490633 0.162599 1.11301
-1 1536064412.231111 0.0492959 0.162604 1.11297
-1 1536064412.236019 0.0493703 0.162608 1.11295
-1 1536064412.241332 0.0494432 0.162611 1.11294
-1 1536064412.253908 0.0495853 0.162613 1.11291
-1 1536064412.268208 0.0498549 0.162621 1.11285
-1 1536064412.274678 0.0500558 0.162637 1.1128
-1 1536064412.277504 0.0501244 0.162644 1.11278
-1 1536064412.289143 0.050333 0.16267 1.11273
-1 1536064412.303722 0.0504767 0.16269 1.1127
-1 1536064412.316919 0.0508697 0.162753 1.1126
-1 1536064412.323375 0.0509538 0.162766 1.11258
-1 1536064412.335587 0.0511285 0.162795 1.11254
-1 1536064412.340210 0.0513134 0.162829 1.11251
-1 1536064412.347859 0.0514097 0.162848 1.11249
-1 1536064412.360735 0.0517056 0.16292 1.11243
-1 1536064412.378018 0.0522384 0.163072 1.11234
-1 1536064412.382387 0.0524687 0.163136 1.11231
-1 1536064412.395204 0.0528215 0.163235 1.11226
-1 1536064412.408421 0.0531793 0.163337 1.11221
-1 1536064412.419585 0.0535376 0.163443 1.11216
-1 1536064412.428629 0.0537758 0.16351 1.11213
-1 1536064412.439667 0.0540084 0.163569 1.1121
-1 1536064412.446115 0.0541225 0.163599 1.11208
-1 1536064412.451557 0.0542363 0.16363 1.11206
-1 1536064412.456362 0.0543489 0.163661 1.11205
-1 1536064412.469766 0.0545757 0.163725 1.11201
-1 1536064412.483346 0.0548098 0.163793 1.11198
-1 1536064412.487116 0.0550485 0.163864 1.11194
-1 1536064412.500203 0.0554067 0.163979 1.11189
-1 1536064412.513468 0.0559054 0.164156 1.11182
-1 1536064412.524499 0.0562893 0.164292 1.11176
-1 1536064412.532699 0.0565491 0.16438 1.11172
-1 1536064412.553351 0.0573491 0.164669 1.11161
-1 1536064412.561177 0.0576108 0.164774 1.11157
-1 1536064412.573880 0.0579971 0.164948 1.11152
-1 1536064412.586755 0.0585245 0.165207 1.11146
-1 1536064412.599801 0.0589386 0.165402 1.11141
-1 1536064412.609685 0.0592239 0.16554 1.11138
-1 1536064412.616513 0.0595119 0.165682 1.11134
-1 1536064412.628026 0.0598018 0.165823 1.11131
-1 1536064412.634869 0.0602433 0.166053 1.11127
-1 1536064412.641713 0.0603932 0.166134 1.11125
-1 1536064412.650599 0.0608473 0.166393 1.1112
-1 1536064412.659445 0.0611567 0.166576 1.11117
-1 1536064412.707015 0.062732 0.167621 1.11097
-1 1536064412.721407 0.0630324 0.167867 1.11093
-1 1536064412.728038 0.0631806 0.167992 1.11091
-1 1536064412.737089 0.0634759 0.168254 1.11087
-1 1536064412.758236 0.0636246 0.16839 1.11085
-1 1536064412.764387 0.0640665 0.168809 1.11079
-1 1536064412.777161 0.0643601 0.169099 1.11075
-1 1536064412.780603 0.0646527 0.1694 1.11071
-1 1536064412.796835 0.0652352 0.17001 1.11063
-1 1536064412.808609 0.0655204 0.170324 1.11059
-1 1536064412.817556 0.0659395 0.170821 1.11053
-1 1536064412.827247 0.0662131 0.171174 1.1105
-1 1536064412.839129 0.0666179 0.171745 1.11048
-1 1536064412.867886 0.067763 0.173694 1.1105
-1 1536064412.874629 0.0678867 0.173922 1.11051
-1 1536064412.882211 0.0682459 0.174609 1.11055
-1 1536064412.898509 0.0684773 0.175069 1.11059
-1 1536064412.905271 0.0689282 0.175973 1.11065
-1 1536064412.916680 0.0691477 0.176412 1.11069
-1 1536064412.935754 0.0695879 0.17726 1.11076
-1 1536064412.945864 0.0700984 0.178273 1.11087
-1 1536064412.961392 0.070418 0.17908 1.11097
-1 1536064412.975053 0.0706636 0.179969 1.11106
-1 1536064412.998524 0.0710149 0.181532 1.11115
-1 1536064413.010927 0.0712277 0.18243 1.11118
-1 1536064413.022506 0.0715186 0.183704 1.11121
-1 1536064413.036239 0.0717421 0.184702 1.11123
-1 1536064413.048193 0.0719758 0.18573 1.11125
-1 1536064413.058185 0.072217 0.186785 1.11125
-1 1536064413.064312 0.0723818 0.1875 1.11124
-1 1536064413.073590 0.0725406 0.188236 1.11123
-1 1536064413.092782 0.0726188 0.188612 1.11122
-1 1536064413.097633 0.0728516 0.189783 1.11118
-1 1536064413.104338 0.0729314 0.190183 1.11116
-1 1536064413.110126 0.0730104 0.190588 1.11114
-1 1536064413.116555 0.0730896 0.190998 1.11112
-1 1536064413.128913 0.0732481 0.191835 1.11107
-1 1536064413.134058 0.0733275 0.192261 1.11104
-1 1536064413.143268 0.0734866 0.193125 1.11098
-1 1536064413.152005 0.0736374 0.194003 1.11091
-1 1536064413.157156 0.0737826 0.194896 1.11083
-1 1536064413.169275 0.0740011 0.19626 1.11072
-1 1536064413.175082 0.0741635 0.197202 1.11063
-1 1536064413.187863 0.0742454 0.197686 1.11059
-1 1536064413.194262 0.0745891 0.199674 1.1104
-1 1536064413.202397 0.0747653 0.200703 1.1103
-1 1536064413.208936 0.0749454 0.201758 1.1102
-1 1536064413.215634 0.0751357 0.202849 1.11009
-1 1536064413.231271 0.0755497 0.205122 1.10989
-1 1536064413.238356 0.0757713 0.20628 1.10979
-1 1536064413.245623 0.0758851 0.20686 1.10973
-1 1536064413.257337 0.076363 0.209209 1.10949
-1 1536064413.263636 0.0766187 0.210398 1.10937
-1 1536064413.274367 0.0768766 0.211599 1.10924
-1 1536064413.281933 0.0772617 0.213429 1.10901
-1 1536064413.298195 0.0777644 0.215908 1.10873
-1 1536064413.311698 0.0780012 0.217159 1.10857
-1 1536064413.318795 0.0782427 0.218414 1.10842
-1 1536064413.335381 0.0788274 0.22156 1.10814
-1 1536064413.338224 0.0789257 0.222183 1.1081
-1 1536064413.360649 0.0792964 0.224637 1.10794
-1 1536064413.368213 0.0794737 0.225849 1.10786
-1 1536064413.379534 0.0796475 0.22707 1.10777
-1 1536064413.392395 0.0798021 0.228291 1.10771
-1 1536064413.407090 0.080131 0.231291 1.10757
-1 1536064413.416132 0.080274 0.232482 1.10751
-1 1536064413.428349 0.0804936 0.234266 1.10745
-1 1536064413.437798 0.0807121 0.236056 1.10739
-1 1536064413.441004 0.0807731 0.236651 1.10737
-1 1536064413.457646 0.0808958 0.237851 1.10735
-1 1536064413.469167 0.0812019 0.24071 1.10725
-1 1536064413.477785 0.0813311 0.241837 1.10724
-1 1536064413.486959 0.0814783 0.242938 1.10723
-1 1536064413.502007 0.0817063 0.244576 1.1072
-1 1536064413.507315 0.0818475 0.245668 1.10718
-1 1536064413.513327 0.0820036 0.246734 1.10715
-1 1536064413.522054 0.0820902 0.247254 1.10714
-1 1536064413.530567 0.0822412 0.248297 1.10711
-1 1536064413.550245 0.0823993 0.249312 1.10709
-1 1536064413.564475 0.0828137 0.251752 1.10701
-1 1536064413.572346 0.0830304 0.253155 1.10698
-1 1536064413.589972 0.0831484 0.254067 1.10696
-1 1536064413.605036 0.08344 0.256277 1.1069
-1 1536064413.613548 0.0835699 0.257588 1.10685
-1 1536064413.619083 0.0836146 0.258019 1.10683
-1 1536064413.622784 0.083661 0.258454 1.10681
-1 1536064413.636625 0.0837981 0.259749 1.10678
-1 1536064413.643821 0.0838348 0.260181 1.10678
-1 1536064413.650432 0.0838814 0.261034 1.10676
-1 1536064413.662901 0.0839092 0.261866 1.10674
-1 1536064413.673619 0.083919 0.26306 1.1067
-1 1536064413.676966 0.0839157 0.263455 1.10671
-1 1536064413.681376 0.083906 0.263848 1.10671
-1 1536064413.693237 0.0838943 0.264632 1.10673
-1 1536064413.709635 0.0839067 0.265826 1.10674
-1 1536064413.717653 0.0839488 0.267024 1.10675
-1 1536064413.722198 0.0839721 0.267424 1.10677
-1 1536064413.734951 0.084 0.267819 1.10678
-1 1536064413.740433 0.0840982 0.268988 1.10682
-1 1536064413.749047 0.0841485 0.269373 1.10683
-1 1536064413.755081 0.0842741 0.270135 1.10685
-1 1536064413.766746 0.0844153 0.270895 1.10687
-1 1536064413.777869 0.0846585 0.272018 1.10689
-1 1536064413.789073 0.0848245 0.272755 1.1069
-1 1536064413.803708 0.084993 0.273467 1.10691
-1 1536064413.819107 0.085283 0.274832 1.10694
-1 1536064413.827043 0.0854511 0.275805 1.107
-1 1536064413.842231 0.0855797 0.276748 1.10708
-1 1536064413.856721 0.0856597 0.277363 1.10714
-1 1536064413.863943 0.0857472 0.278279 1.10725
-1 1536064413.871792 0.0857932 0.27888 1.10732
-1 1536064413.883018 0.0858352 0.279476 1.1074
-1 1536064413.890407 0.0858597 0.280081 1.10748
-1 1536064413.908023 0.0858599 0.280995 1.10761
-1 1536064413.915241 0.0858134 0.28191 1.10774
-1 1536064413.921033 0.085755 0.282533 1.10783
-1 1536064413.928957 0.0857003 0.28315 1.10792
-1 1536064413.933944 0.0856812 0.283443 1.10796
-1 1536064413.944112 0.0856446 0.283997 1.10803
-1 1536064413.948492 0.085587 0.284529 1.10813
-1 1536064413.959574 0.0855225 0.285033 1.10824
-1 1536064413.968429 0.085394 0.28575 1.1084
-1 1536064413.981484 0.0852091 0.286441 1.10854
-1 1536064413.990638 0.0849876 0.287114 1.10867
-1 1536064413.999239 0.0848555 0.287529 1.10877
-1 1536064414.009363 0.0846904 0.288114 1.1089
-1 1536064414.016941 0.0846127 0.288484 1.10899
-1 1536064414.023543 0.0845961 0.288655 1.10904
-1 1536064414.029230 0.0845883 0.288979 1.10914
-1 1536064414.036229 0.084629 0.289274 1.10926
-1 1536064414.051414 0.0843085 0.289558 1.10952
-1 1536064414.063809 0.0835767 0.289352 1.10967
-1 1536064414.072600 0.0820286 0.288705 1.10994
-1 1536064414.081770 0.0810247 0.288246 1.11015
-1 1536064414.090722 0.0798804 0.287689 1.11049
-1 1536064414.097435 0.0793839 0.287454 1.11074
-1 1536064414.128368 0.0789415 0.28732 1.11147
-1 1536064414.156760 0.0792081 0.287836 1.11206
-1 1536064414.167417 0.079506 0.288748 1.11239
-1 1536064414.176977 0.0796205 0.289094 1.11245
-1 1536064414.220084 0.0800186 0.290064 1.11253
-1 1536064414.233304 0.0803889 0.291011 1.11254
-1 1536064414.239777 0.0805749 0.291558 1.11255
-1 1536064414.252903 0.0807642 0.292127 1.11255
-1 1536064414.268433 0.0809616 0.292706 1.11255
-1 1536064414.276608 0.0811661 0.293283 1.11256
-1 1536064414.289609 0.0815185 0.294133 1.1126
-1 1536064414.299648 0.0819418 0.294988 1.11268
-1 1536064414.307233 0.0822527 0.295582 1.11275
-1 1536064414.323606 0.0827593 0.296548 1.11291
-1 1536064414.330526 0.0834218 0.297906 1.11316
-1 1536064414.337887 0.0835681 0.298247 1.11323
-1 1536064414.342532 0.0838132 0.298922 1.11337
-1 1536064414.350337 0.0839767 0.299559 1.11352
-1 1536064414.361260 0.0840555 0.300442 1.11377
-1 1536064414.368710 0.0840242 0.301013 1.11394
-1 1536064414.380669 0.083964 0.30158 1.1141
-1 1536064414.392044 0.0838466 0.302645 1.11441
-1 1536064414.400368 0.0838309 0.303141 1.11457
-1 1536064414.409245 0.0838792 0.303849 1.11478
-1 1536064414.424347 0.0839473 0.30445 1.11499
-1 1536064414.430976 0.0839454 0.304944 1.11521
-1 1536064414.437092 0.0838948 0.305237 1.11536
-1 1536064414.447247 0.083806 0.305535 1.11551
-1 1536064414.455787 0.0836821 0.305855 1.11565
-1 1536064414.467152 0.0833436 0.306565 1.11593
-1 1536064414.474585 0.083132 0.306945 1.11607
-1 1536064414.504784 0.0823646 0.308724 1.11653
-1 1536064414.515915 0.0822849 0.309211 1.11661
-1 1536064414.527875 0.0822361 0.309684 1.11668
-1 1536064414.533863 0.0822206 0.310166 1.11675
-1 1536064414.546738 0.082248 0.310628 1.11681
-1 1536064414.554585 0.0822721 0.310864 1.11683
-1 1536064414.564485 0.0823318 0.311361 1.11687
-1 1536064414.572826 0.0823924 0.311858 1.11691
-1 1536064414.585931 0.0824444 0.312349 1.11695
-1 1536064414.594537 0.0824797 0.312842 1.11699
-1 1536064414.602692 0.0825286 0.313328 1.11703
-1 1536064414.626174 0.0825998 0.314077 1.11711
-1 1536064414.633156 0.0827562 0.314902 1.11719
-1 1536064414.639308 0.0828226 0.315184 1.11721
-1 1536064414.650046 0.0829781 0.315742 1.11727
-1 1536064414.658561 0.0831338 0.316303 1.11734
-1 1536064414.665173 0.0832773 0.316845 1.11741
-1 1536064414.689648 0.083732 0.318255 1.11764
-1 1536064414.695742 0.0839174 0.318857 1.11777
-1 1536064414.705755 0.0839803 0.319228 1.11787
-1 1536064414.742872 0.0839775 0.319559 1.11799
-1 1536064414.749049 0.0825087 0.320524 1.11897
-1 1536064414.763160 0.0820075 0.320515 1.11921
-1 1536064414.774728 0.0807986 0.320429 1.11975
-1 1536064414.786624 0.0794712 0.320215 1.12027
-1 1536064414.803622 0.0783936 0.319841 1.12065
-1 1536064414.811307 0.0779207 0.319551 1.12078
-1 1536064414.844803 0.0772027 0.319073 1.12092
-1 1536064414.873652 0.0734709 0.317895 1.12137
-1 1536064414.882344 0.0727319 0.317746 1.12145
-1 1536064414.888957 0.0720051 0.317614 1.12151
-1 1536064414.921744 0.0713069 0.317526 1.12156
-1 1536064414.931539 0.0691495 0.317274 1.1217
-1 1536064414.952798 0.0684035 0.317404 1.12178
-1 1536064414.966091 0.0679423 0.317515 1.12185
-1 1536064414.983934 0.0674267 0.317612 1.12192
-1 1536064415.036766 0.0650487 0.318184 1.12196
-1 1536064415.044316 0.0646836 0.318341 1.12194
-1 1536064415.056287 0.0643551 0.31853 1.12192
-1 1536064415.067748 0.0642005 0.318628 1.12191
-1 1536064415.075978 0.0638978 0.318801 1.1219
-1 1536064415.093450 0.0633786 0.319046 1.12188
-1 1536064415.100494 0.0630223 0.319212 1.12186
-1 1536064415.110320 0.0627055 0.319433 1.12183
-1 1536064415.118546 0.0625675 0.319565 1.12182
-1 1536064415.130894 0.0623098 0.319866 1.12179
-1 1536064415.136021 0.0620785 0.320203 1.12177
-1 1536064415.148690 0.061905 0.320539 1.12174
-1 1536064415.157339 0.0617937 0.320863 1.12172
-1 1536064415.160461 0.061762 0.32102 1.12171
-1 1536064415.179544 0.0617409 0.321483 1.1217
-1 1536064415.193499 0.0617837 0.321982 1.1217
-1 1536064415.204848 0.0617134 0.322604 1.12174
-1 1536064415.249011 0.0595504 0.322976 1.12217
-1 1536064415.261477 0.058727 0.32278 1.12231
-1 1536064415.267438 0.0578376 0.322555 1.12248
-1 1536064415.277771 0.0565719 0.32217 1.12272
-1 1536064415.287900 0.0552427 0.321832 1.12295
-1 1536064415.296699 0.0543539 0.321596 1.1231
-1 1536064415.307727 0.0530467 0.321183 1.12333
-1 1536064415.314737 0.0522645 0.320898 1.12346
-1 1536064415.325452 0.0515582 0.320619 1.12358
-1 1536064415.339793 0.0506913 0.320171 1.12374
-1 1536064415.346765 0.0497242 0.319581 1.1239
-1 1536064415.358019 0.0492537 0.319293 1.12397
-1 1536064415.365255 0.0484944 0.318893 1.12407
-1 1536064415.373125 0.0479258 0.318665 1.12415
-1 1536064415.388605 0.0473128 0.318475 1.12425
-1 1536064415.393354 0.0464103 0.318211 1.12437
-1 1536064415.399574 0.0458443 0.318072 1.12442
-1 1536064415.407258 0.0452675 0.317908 1.12448
-1 1536064415.413950 0.0446521 0.317692 1.12455
-1 1536064415.424954 0.0437686 0.31734 1.12458
-1 1536064415.432916 0.0434765 0.317238 1.12458
-1 1536064415.448573 0.0422791 0.317003 1.1246
-1 1536064415.454377 0.0413169 0.316863 1.1246
-1 1536064415.469137 0.0402056 0.316683 1.12465
-1 1536064415.475985 0.0393739 0.316469 1.12469
-1 1536064415.481704 0.038446 0.316069 1.12477
-1 1536064415.492409 0.0374482 0.315462 1.12487
-1 1536064415.506339 0.0357724 0.314345 1.12505
-1 1536064415.526362 0.0321826 0.31161 1.12517
-1 1536064415.540392 0.0304808 0.310338 1.12501
-1 1536064415.548876 0.0286229 0.30918 1.12471
-1 1536064415.558472 0.0278701 0.308832 1.12458
-1 1536064415.566168 0.0271928 0.308558 1.1245
-1 1536064415.577678 0.0262832 0.308178 1.12443
-1 1536064415.585462 0.0256783 0.307876 1.12442
-1 1536064415.596514 0.0251038 0.307545 1.12442
-1 1536064415.602417 0.0245946 0.307229 1.12442
-1 1536064415.610553 0.0243752 0.307085 1.12441
-1 1536064415.619520 0.0238436 0.306723 1.12437
-1 1536064415.629169 0.0236625 0.306521 1.1243
-1 1536064415.642556 0.0235694 0.306347 1.12422
-1 1536064415.653934 0.0234416 0.306069 1.12404
-1 1536064415.659415 0.0232163 0.305811 1.12379
-1 1536064415.670326 0.0230637 0.305735 1.1236
-1 1536064415.684286 0.0228426 0.305715 1.1233
-1 1536064415.694616 0.0226695 0.305828 1.12306
-1 1536064415.700821 0.0226442 0.305881 1.12299
-1 1536064415.713572 0.0226744 0.306055 1.12286
-1 1536064415.718578 0.0227869 0.306187 1.12284
-1 1536064415.721801 0.0228684 0.306265 1.12285
-1 1536064415.733915 0.0229649 0.306355 1.12286
-1 1536064415.746319 0.0231843 0.306563 1.12292
-1 1536064415.757523 0.0236304 0.307025 1.12311
-1 1536064415.766072 0.0240844 0.307444 1.12326
-1 1536064415.786565 0.024468 0.307806 1.1234
-1 1536064415.793366 0.0254136 0.308503 1.12371
-1 1536064415.798620 0.0256926 0.308681 1.12379
-1 1536064415.805934 0.0262767 0.309028 1.12396
-1 1536064415.819290 0.0269051 0.309386 1.12414
-1 1536064415.823162 0.0275523 0.30977 1.12434
-1 1536064415.830642 0.028182 0.310182 1.12455
-1 1536064415.849938 0.0291152 0.31075 1.12489
-1 1536064415.862964 0.0299894 0.311263 1.1253
-1 1536064415.873317 0.0308285 0.31177 1.12574
-1 1536064415.879413 0.0311089 0.31195 1.12589
-1 1536064415.886819 0.0316669 0.312321 1.12619
-1 1536064415.894868 0.0322362 0.312694 1.1265
-1 1536064415.902557 0.0325277 0.312884 1.12666
-1 1536064415.909218 0.0331071 0.313262 1.12698
-1 1536064415.921687 0.03367 0.313617 1.12731
-1 1536064415.930892 0.034503 0.314023 1.1278
-1 1536064415.936527 0.0350494 0.314238 1.12813
-1 1536064415.952459 0.0361967 0.314612 1.1288
-1 1536064415.959367 0.0364771 0.314681 1.12897
-1 1536064415.967108 0.0370175 0.314811 1.12929
-1 1536064415.974483 0.0375449 0.314939 1.1296
-1 1536064415.984062 0.038004 0.315024 1.12992
-1 1536064415.992399 0.0384151 0.315087 1.13024
-1 1536064415.996300 0.0387713 0.315138 1.13054
-1 1536064416.006884 0.0390842 0.315105 1.13084
-1 1536064416.014133 0.0393529 0.314972 1.13112
-1 1536064416.020092 0.0395927 0.314734 1.13138
-1 1536064416.025576 0.0397101 0.314582 1.1315
-1 1536064416.032235 0.0399425 0.314227 1.13173
-1 1536064416.039036 0.0401599 0.31381 1.13196
-1 1536064416.052663 0.0403265 0.31332 1.13218
-1 1536064416.063474 0.0406181 0.312124 1.1326
-1 1536064416.070089 0.0406885 0.311462 1.13282
-1 1536064416.079619 0.0407428 0.310798 1.13303
-1 1536064416.090544 0.0408365 0.310225 1.13321
-1 1536064416.098521 0.0410256 0.309531 1.13344
-1 1536064416.107501 0.0411976 0.309138 1.13354
-1 1536064416.113507 0.0413674 0.30883 1.13359
-1 1536064416.121096 0.0414387 0.308715 1.13359
-1 1536064416.131460 0.0416033 0.308549 1.13357
-1 1536064416.153418 0.0420804 0.308475 1.13333
-1 1536064416.157242 0.0422909 0.30856 1.13319
-1 1536064416.167946 0.0425275 0.30867 1.13305
-1 1536064416.174116 0.0427804 0.308776 1.13294
-1 1536064416.182753 0.043021 0.308885 1.13286
-1 1536064416.191491 0.0432641 0.308952 1.13279
-1 1536064416.202088 0.0435236 0.308993 1.13276
-1 1536064416.210172 0.0440011 0.309033 1.13275
-1 1536064416.219685 0.0444043 0.309063 1.13275
-1 1536064416.229051 0.0448685 0.309104 1.13276
-1 1536064416.236661 0.0453928 0.309141 1.13278
-1 1536064416.244219 0.0459497 0.309145 1.1328
-1 1536064416.247849 0.0462268 0.309134 1.1328
-1 1536064416.259337 0.0464907 0.309123 1.13282
-1 1536064416.266212 0.0471917 0.309117 1.13284
-1 1536064416.279800 0.0477735 0.309155 1.13284
-1 1536064416.287912 0.0481018 0.309185 1.13284
-1 1536064416.296805 0.0483878 0.309243 1.13282
-1 1536064416.303905 0.0486472 0.309341 1.13281
-1 1536064416.311260 0.0488985 0.309454 1.13282
-1 1536064416.314627 0.0490202 0.309508 1.13284
-1 1536064416.323887 0.0492441 0.309612 1.13291
-1 1536064416.332845 0.0494527 0.309719 1.13302
-1 1536064416.340335 0.0496578 0.309824 1.13314
-1 1536064416.349176 0.0498463 0.309927 1.13328
-1 1536064416.383863 0.0501783 0.310123 1.13364
-1 1536064416.397885 0.0510516 0.310393 1.13427
-1 1536064416.408602 0.0515504 0.310603 1.13449
-1 1536064416.412998 0.0518667 0.31078 1.13464
-1 1536064416.420022 0.052011 0.310871 1.13471
-1 1536064416.431338 0.0522652 0.311055 1.13488
-1 1536064416.439522 0.0525933 0.311318 1.13517
