-1 1536064132.499573 0.109836 0.104867 1.11374
-1 1536064132.510810 0.110442 0.104974 1.11354
-1 1536064132.528516 0.11053 0.104988 1.11351
-1 1536064132.545098 0.110643 0.105113 1.11348
-1 1536064132.552900 0.110674 0.105117 1.11346
-1 1536064132.559596 0.110707 0.105113 1.11344
-1 1536064132.567197 0.110766 0.105104 1.11342
-1 1536064132.578629 0.11088 0.105103 1.11337
-1 1536064132.590662 0.110932 0.105108 1.11336
-1 1536064132.603276 0.111061 0.105127 1.11332
-1 1536064132.616449 0.111174 0.105285 1.11328
-1 1536064132.628927 0.111273 0.105305 1.11324
-1 1536064132.638774 0.111364 0.105296 1.11322
-1 1536064132.650335 0.111461 0.105276 1.11319
-1 1536064132.662349 0.111493 0.105269 1.11318
-1 1536064132.667053 0.111596 0.105252 1.11315
-1 1536064132.671951 0.111634 0.105247 1.11315
-1 1536064132.680903 0.111708 0.105241 1.11313
-1 1536064132.683762 0.111746 0.105239 1.11312
-1 1536064132.694962 0.111845 0.105261 1.11311
-1 1536064132.702230 0.111867 0.105348 1.1131
-1 1536064132.712727 0.111901 0.105402 1.11309
-1 1536064132.725355 0.111975 0.105443 1.11307
-1 1536064132.729301 0.112066 0.105442 1.11305
-1 1536064132.737112 0.112128 0.105421 1.11303
-1 1536064132.751713 0.112266 0.105361 1.11301
-1 1536064132.761817 0.112342 0.105328 1.113
-1 1536064132.767980 0.112425 0.105296 1.11299
-1 1536064132.775133 0.112512 0.105268 1.11298
-1 1536064132.786186 0.112555 0.105254 1.11297
-1 1536064132.795465 0.112623 0.105423 1.11295
-1 1536064132.801096 0.112679 0.105558 1.11294
-1 1536064132.808717 0.112735 0.105609 1.11292
-1 1536064132.816355 0.112805 0.10564 1.11291
-1 1536064132.829595 0.112922 0.105654 1.11289
-1 1536064132.836426 0.113005 0.105654 1.11288
-1 1536064132.842613 0.113088 0.105653 1.11287
-1 1536064132.854309 0.113132 0.105655 1.11286
-1 1536064132.861439 0.113311 0.105667 1.11284
-1 1536064132.872102 0.113398 0.105678 1.11283
-1 1536064132.880580 0.113489 0.105928 1.11282
-1 1536064132.896745 0.113573 0.106158 1.11281
-1 1536064132.914924 0.113686 0.106321 1.1128
-1 1536064132.928155 0.113913 0.106533 1.11279
-1 1536064132.939309 0.114164 0.106744 1.11278
-1 1536064132.948111 0.114271 0.10682 1.11278
-1 1536064132.970261 0.114449 0.106926 1.11277
-1 1536064132.977960 0.114788 0.107408 1.11278
-1 1536064132.984042 0.114898 0.107579 1.11279
-1 1536064132.999833 0.115056 0.107808 1.1128
-1 1536064133.008616 0.115209 0.108044 1.11281
-1 1536064133.019345 0.11531 0.108212 1.11282
-1 1536064133.028307 0.115462 0.108481 1.11283
-1 1536064133.039795 0.115666 0.108898 1.11286
-1 1536064133.047030 0.115766 0.109129 1.11288
-1 1536064133.050857 0.11584 0.109268 1.11289
-1 1536064133.070771 0.116154 0.110082 1.11294
-1 1536064133.081041 0.116329 0.110555 1.11297
-1 1536064133.088372 0.116455 0.110879 1.11299
-1 1536064133.101873 0.116641 0.111381 1.11303
-1 1536064133.113345 0.116819 0.111899 1.11306
-1 1536064133.119926 0.116924 0.112263 1.11308
-1 1536064133.128454 0.117056 0.112828 1.11313
-1 1536064133.137090 0.117136 0.113214 1.11316
-1 1536064133.142826 0.117193 0.113433 1.11318
-1 1536064133.147590 0.117304 0.113855 1.11321
-1 1536064133.161364 0.117415 0.114295 1.11325
-1 1536064133.171228 0.117581 0.115212 1.11332
-1 1536064133.180654 0.117635 0.11569 1.11336
-1 1536064133.190137 0.117729 0.116438 1.11341
-1 1536064133.203283 0.117799 0.116961 1.11345
-1 1536064133.211630 0.117962 0.11808 1.11352
-1 1536064133.223650 0.117996 0.118376 1.11354
-1 1536064133.233163 0.118093 0.119298 1.11359
-1 1536064133.241541 0.118214 0.119939 1.11363
-1 1536064133.247759 0.118353 0.120554 1.11366
-1 1536064133.253518 0.118473 0.121198 1.11369
-1 1536064133.265947 0.118561 0.121858 1.11372
-1 1536064133.284763 0.118691 0.123557 1.11381
-1 1536064133.293110 0.118724 0.124254 1.11384
-1 1536064133.297694 0.118732 0.124609 1.11386
-1 1536064133.307748 0.118738 0.124964 1.11388
-1 1536064133.313508 0.118731 0.126052 1.11393
-1 1536064133.322766 0.118731 0.12642 1.11395
-1 1536064133.333244 0.11875 0.12754 1.11399
-1 1536064133.338600 0.11879 0.128263 1.11402
-1 1536064133.353236 0.118827 0.128952 1.11405
-1 1536064133.357724 0.118887 0.130074 1.11409
-1 1536064133.375052 0.118941 0.130872 1.11412
-1 1536064133.388215 0.119032 0.132962 1.11416
-1 1536064133.399495 0.119102 0.133818 1.11417
-1 1536064133.414619 0.119183 0.134695 1.11419
-1 1536064133.422975 0.119343 0.136495 1.1142
-1 1536064133.431114 0.119406 0.137419 1.11421
-1 1536064133.442007 0.119521 0.138715 1.11422
-1 1536064133.457934 0.119582 0.139117 1.11423
-1 1536064133.478647 0.119785 0.141236 1.11426
-1 1536064133.512378 0.120149 0.144682 1.11432
-1 1536064133.518567 0.120249 0.145583 1.11434
-1 1536064133.531212 0.12035 0.146513 1.11437
-1 1536064133.544078 0.120464 0.147456 1.11441
-1 1536064133.547860 0.120505 0.147933 1.11443
-1 1536064133.557221 0.120482 0.148467 1.11444
-1 1536064133.572133 0.120606 0.150185 1.11452
-1 1536064133.579103 0.120674 0.15109 1.11457
-1 1536064133.585352 0.120731 0.151547 1.11459
-1 1536064133.596094 0.120852 0.152479 1.11463
-1 1536064133.605153 0.121052 0.15392 1.11468
-1 1536064133.617549 0.12121 0.154908 1.11472
-1 1536064133.635661 0.121483 0.15641 1.11478
-1 1536064133.648170 0.122044 0.159358 1.1149
-1 1536064133.651671 0.121985 0.160324 1.11496
-1 1536064133.658720 0.121995 0.160742 1.11499
-1 1536064133.667754 0.122067 0.162028 1.11507
-1 1536064133.674644 0.122126 0.162923 1.11513
-1 1536064133.683893 0.122226 0.163847 1.1152
-1 1536064133.691198 0.122294 0.164822 1.11526
-1 1536064133.701835 0.122386 0.165838 1.11532
-1 1536064133.715876 0.122583 0.167426 1.11541
-1 1536064133.747898 0.12288 0.169602 1.11552
-1 1536064133.763876 0.12319 0.17508 1.11564
-1 1536064133.774145 0.123389 0.176211 1.11562
-1 1536064133.777234 0.123577 0.177399 1.11558
-1 1536064133.793020 0.123829 0.178586 1.11555
-1 1536064133.798149 0.124238 0.180392 1.11546
-1 1536064133.805677 0.124488 0.181607 1.11541
-1 1536064133.817772 0.124759 0.182802 1.11534
-1 1536064133.826340 0.124986 0.184017 1.11526
-1 1536064133.832797 0.125103 0.1859 1.11515
-1 1536064133.837596 0.125076 0.186481 1.11511
-1 1536064133.849958 0.125089 0.187631 1.115
-1 1536064133.862132 0.125386 0.189945 1.11474
-1 1536064133.868748 0.125494 0.190531 1.11467
-1 1536064133.876073 0.125722 0.191686 1.1145
-1 1536064133.882975 0.126 0.192812 1.11433
-1 1536064133.896804 0.126143 0.19337 1.11424
-1 1536064133.905046 0.126693 0.195558 1.11384
-1 1536064133.920877 0.127172 0.197159 1.11349
-1 1536064133.933474 0.127589 0.198804 1.11316
-1 1536064133.940505 0.12747 0.199751 1.11297
-1 1536064133.948152 0.127405 0.200647 1.11277
-1 1536064133.962842 0.127287 0.202013 1.11247
-1 1536064133.968204 0.127219 0.2029 1.11226
-1 1536064133.978670 0.127142 0.203819 1.11204
-1 1536064133.983273 0.127079 0.204736 1.11182
-1 1536064133.989124 0.127067 0.205193 1.11171
-1 1536064134.001693 0.127063 0.206104 1.11148
-1 1536064134.016135 0.127185 0.207907 1.11102
-1 1536064134.034946 0.127433 0.209668 1.11061
-1 1536064134.048682 0.127137 0.210718 1.11035
-1 1536064134.058509 0.126993 0.211846 1.1101
-1 1536064134.065718 0.126961 0.212611 1.10993
-1 1536064134.078767 0.126968 0.213408 1.10976
-1 1536064134.086046 0.126971 0.214615 1.1095
-1 1536064134.089182 0.126977 0.215043 1.10942
-1 1536064134.097302 0.126997 0.215869 1.10925
-1 1536064134.106107 0.127054 0.216718 1.10908
-1 1536064134.113177 0.127127 0.217548 1.10891
-1 1536064134.124783 0.127174 0.217962 1.10883
-1 1536064134.133182 0.127322 0.219474 1.10853
-1 1536064134.157126 0.127247 0.220267 1.10838
-1 1536064134.173353 0.127402 0.221676 1.10814
-1 1536064134.183504 0.127602 0.222568 1.10801
-1 1536064134.208203 0.127834 0.223473 1.10792
-1 1536064134.217405 0.128101 0.224386 1.10785
-1 1536064134.226818 0.128316 0.224978 1.10784
-1 1536064134.246916 0.128532 0.225516 1.10785
-1 1536064134.278360 0.129221 0.227008 1.10804
-1 1536064134.292795 0.129319 0.227185 1.10807
-1 1536064134.298634 0.12965 0.22775 1.10816
-1 1536064134.305320 0.12976 0.227942 1.10819
-1 1536064134.337716 0.130586 0.229551 1.10844
-1 1536064134.348330 0.130751 0.229912 1.10851
-1 1536064134.362027 0.131107 0.230504 1.10869
-1 1536064134.390578 0.131416 0.230803 1.10896
-1 1536064134.401595 0.131614 0.231015 1.10906
-1 1536064134.409080 0.131733 0.231159 1.10913
-1 1536064134.419381 0.131789 0.231237 1.10916
-1 1536064134.431873 0.131949 0.231488 1.10926
-1 1536064134.439159 0.132103 0.231748 1.10936
-1 1536064134.447626 0.132196 0.231933 1.10943
-1 1536064134.455375 0.132298 0.232132 1.1095
-1 1536064134.464244 0.132576 0.232333 1.10956
-1 1536064134.475576 0.132782 0.232481 1.10962
-1 1536064134.482479 0.132946 0.23262 1.10968
-1 1536064134.489640 0.133085 0.232749 1.10975
-1 1536064134.503149 0.13326 0.232931 1.10987
-1 1536064134.509695 0.133367 0.233049 1.10994
-1 1536064134.513146 0.133419 0.233107 1.10997
-1 1536064134.523804 0.133468 0.233166 1.11001
-1 1536064134.538258 0.133617 0.233334 1.1101
-1 1536064134.548074 0.133829 0.233565 1.11021
-1 1536064134.561200 0.133939 0.23368 1.11026
-1 1536064134.568629 0.134313 0.233825 1.11033
-1 1536064134.586046 0.134565 0.23402 1.11039
-1 1536064134.592594 0.134683 0.234169 1.11043
-1 1536064134.598867 0.134798 0.234338 1.11046
-1 1536064134.607718 0.134916 0.234515 1.1105
-1 1536064134.611144 0.134979 0.234602 1.11052
-1 1536064134.615194 0.135055 0.234686 1.11054
-1 1536064134.618567 0.135151 0.23477 1.11056
-1 1536064134.628810 0.135336 0.23492 1.1106
-1 1536064134.641856 0.135556 0.235086 1.11064
-1 1536064134.649669 0.135705 0.235186 1.11067
-1 1536064134.661654 0.136031 0.235193 1.1107
-1 1536064134.671945 0.136366 0.235146 1.11069
-1 1536064134.679523 0.136574 0.235152 1.11066
-1 1536064134.691471 0.136743 0.235208 1.11063
-1 1536064134.698541 0.13687 0.235257 1.11061
-1 1536064134.705431 0.137013 0.235322 1.11059
-1 1536064134.712899 0.137164 0.235396 1.11058
-1 1536064134.719238 0.137321 0.235481 1.11056
-1 1536064134.732519 0.137466 0.235593 1.11054
-1 1536064134.745357 0.137724 0.235872 1.11051
-1 1536064134.756891 0.138162 0.235956 1.11047
-1 1536064134.768198 0.138369 0.236064 1.1104
-1 1536064134.810263 0.138546 0.236183 1.11032
-1 1536064134.820211 0.138896 0.236419 1.11012
-1 1536064134.834051 0.138957 0.236469 1.1101
-1 1536064134.842932 0.139337 0.236468 1.1101
-1 1536064134.856910 0.139491 0.236497 1.11011
-1 1536064134.864972 0.139753 0.236576 1.11016
-1 1536064134.911717 0.140189 0.236953 1.11033
-1 1536064134.932230 0.140435 0.237351 1.11047
-1 1536064134.951478 0.140484 0.237538 1.11052
-1 1536064134.974794 0.140496 0.237758 1.11058
-1 1536064134.981181 0.140533 0.23811 1.11065
-1 1536064135.024064 0.140591 0.238373 1.11069
-1 1536064135.029744 0.14084 0.238941 1.11071
-1 1536064135.037199 0.141024 0.238985 1.11069
-1 1536064135.052809 0.141122 0.239063 1.11061
-1 1536064135.064845 0.14115 0.239139 1.11057
-1 1536064135.080528 0.141179 0.239289 1.11051
-1 1536064135.089078 0.141192 0.239468 1.11044
-1 1536064135.096774 0.141191 0.239597 1.11038
-1 1536064135.107739 0.141188 0.239718 1.11033
-1 1536064135.115715 0.141189 0.239878 1.11024
-1 1536064135.123721 0.141189 0.239924 1.11021
-1 1536064135.131382 0.14116 0.240044 1.1101
-1 1536064135.215472 0.141242 0.239963 1.11002
-1 1536064135.265952 0.141151 0.240314 1.10964
-1 1536064135.377260 0.141632 0.240414 1.10983
-1 1536064135.414723 0.142597 0.240793 1.11059
-1 1536064135.427739 0.142755 0.240853 1.11068
-1 1536064135.440861 0.142889 0.240912 1.11075
-1 1536064135.445862 0.142953 0.240954 1.11077
-1 1536064135.452414 0.142985 0.24098 1.11079
-1 1536064135.459326 0.143053 0.241039 1.1108
-1 1536064135.472128 0.14316 0.241015 1.11081
-1 1536064135.479711 0.143259 0.241069 1.11081
-1 1536064135.488468 0.143336 0.241126 1.1108
-1 1536064135.509572 0.143419 0.241191 1.1108
-1 1536064135.520184 0.143701 0.241399 1.11077
-1 1536064135.527243 0.143774 0.241433 1.11075
-1 1536064135.539687 0.143879 0.241466 1.11073
-1 1536064135.555594 0.143964 0.24139 1.11069
-1 1536064135.564309 0.143997 0.241328 1.11066
-1 1536064135.584996 0.144066 0.241278 1.11063
-1 1536064135.591304 0.144184 0.241279 1.11058
-1 1536064135.601446 0.144201 0.241291 1.11056
-1 1536064135.611579 0.144213 0.241308 1.11055
-1 1536064135.630673 0.144211 0.241254 1.11052
-1 1536064135.635885 0.144199 0.241204 1.11051
