-1 1528712922.399128 0.125323 -0.190317 1.09621
-1 1528712922.424237 0.12624 -0.190603 1.09612
-1 1528712922.433849 0.126276 -0.190634 1.09613
-1 1528712922.447690 0.126311 -0.190669 1.09612
-1 1528712922.455764 0.126324 -0.190686 1.09612
-1 1528712922.462386 0.126338 -0.190702 1.09612
-1 1528712922.477541 0.126373 -0.190728 1.09612
-1 1528712922.485405 0.126396 -0.190736 1.09612
-1 1528712922.495295 0.126424 -0.19074 1.09612
-1 1528712922.499758 0.126462 -0.190743 1.09613
-1 1528712922.511844 0.126477 -0.190748 1.09613
-1 1528712922.523038 0.126484 -0.190759 1.09613
-1 1528712922.530306 0.126494 -0.190775 1.09613
-1 1528712922.540148 0.126503 -0.190796 1.09612
-1 1528712922.548525 0.126607 -0.190711 1.09611
-1 1528712922.564133 0.126695 -0.190594 1.0961
-1 1528712922.570995 0.126733 -0.190533 1.09609
-1 1528712922.577833 0.126739 -0.190521 1.09609
-1 1528712922.590692 0.126729 -0.190531 1.09608
-1 1528712922.632361 0.12671 -0.190551 1.09607
-1 1528712922.639899 0.126695 -0.190566 1.09607
-1 1528712922.644020 0.126689 -0.190574 1.09607
-1 1528712922.648736 0.126683 -0.19058 1.09607
-1 1528712922.653329 0.126678 -0.190585 1.09607
-1 1528712922.659952 0.126664 -0.190593 1.09607
-1 1528712922.678097 0.126631 -0.190604 1.09606
-1 1528712922.688336 0.126574 -0.190619 1.09606
-1 1528712922.700926 0.126534 -0.190639 1.09605
-1 1528712922.713828 0.126491 -0.190676 1.09605
-1 1528712922.732749 0.126449 -0.190718 1.09604
-1 1528712922.746043 0.126426 -0.190729 1.09604
-1 1528712922.753101 0.126455 -0.190691 1.09602
-1 1528712922.761739 0.126494 -0.190577 1.09601
-1 1528712922.769008 0.126514 -0.190495 1.09599
-1 1528712922.776542 0.126524 -0.190436 1.09598
-1 1528712922.793352 0.126524 -0.19038 1.09597
-1 1528712922.810123 0.126513 -0.19036 1.09595
-1 1528712922.817502 0.126508 -0.190366 1.09594
-1 1528712922.831142 0.126496 -0.19039 1.09593
-1 1528712922.842886 0.126475 -0.190435 1.09593
-1 1528712922.859124 0.12645 -0.190471 1.09592
-1 1528712922.893943 0.126368 -0.19057 1.09591
-1 1528712922.911045 0.126321 -0.190594 1.09591
-1 1528712922.923208 0.126283 -0.190617 1.0959
-1 1528712922.944340 0.126301 -0.190467 1.09588
-1 1528712922.953731 0.126306 -0.190389 1.09587
-1 1528712922.964829 0.1263 -0.190329 1.09586
-1 1528712922.973272 0.126295 -0.190313 1.09586
-1 1528712922.985063 0.126285 -0.190309 1.09585
-1 1528712922.996100 0.126273 -0.190317 1.09584
-1 1528712923.009409 0.126258 -0.190334 1.09584
-1 1528712923.021343 0.12621 -0.190387 1.09583
-1 1528712923.039525 0.126179 -0.190435 1.09582
-1 1528712923.058498 0.126147 -0.190476 1.09581
-1 1528712923.073838 0.126116 -0.190515 1.0958
-1 1528712923.084985 0.126087 -0.190541 1.09579
-1 1528712923.095009 0.126046 -0.190582 1.09578
-1 1528712923.114962 0.126016 -0.190623 1.09577
-1 1528712923.125957 0.125985 -0.190695 1.09576
-1 1528712923.144922 0.126025 -0.190556 1.09575
-1 1528712923.165086 0.126035 -0.190408 1.09574
-1 1528712923.172954 0.126036 -0.190394 1.09574
-1 1528712923.181408 0.126041 -0.190381 1.09574
-1 1528712923.188268 0.126052 -0.190381 1.09573
-1 1528712923.196062 0.126059 -0.190386 1.09573
-1 1528712923.203948 0.126062 -0.190389 1.09573
-1 1528712923.211455 0.126066 -0.190401 1.09573
-1 1528712923.227380 0.12607 -0.190434 1.09572
-1 1528712923.235918 0.126077 -0.190473 1.09572
-1 1528712923.247894 0.126085 -0.190514 1.09572
-1 1528712923.258506 0.126094 -0.190535 1.09572
-1 1528712923.265765 0.1261 -0.190542 1.09571
-1 1528712923.273792 0.126103 -0.190544 1.09571
-1 1528712923.279316 0.126109 -0.190551 1.09571
-1 1528712923.285153 0.126118 -0.190562 1.09571
-1 1528712923.292795 0.126122 -0.190569 1.09571
-1 1528712923.303354 0.126134 -0.190579 1.09572
-1 1528712923.315560 0.126148 -0.190592 1.09572
-1 1528712923.330074 0.126181 -0.190608 1.09573
-1 1528712923.345476 0.126188 -0.190612 1.09573
-1 1528712923.362673 0.126235 -0.190385 1.09572
-1 1528712923.371542 0.126318 -0.190202 1.0957
-1 1528712923.381354 0.126344 -0.190174 1.09569
-1 1528712923.405675 0.126356 -0.190167 1.09569
-1 1528712923.425236 0.126487 -0.190202 1.09568
-1 1528712923.434877 0.126512 -0.190215 1.09568
-1 1528712923.444745 0.126535 -0.190232 1.09567
-1 1528712923.457506 0.126559 -0.190259 1.09567
-1 1528712923.471534 0.126605 -0.190294 1.09565
-1 1528712923.484837 0.126652 -0.19032 1.09565
-1 1528712923.492557 0.126706 -0.190347 1.09564
-1 1528712923.503561 0.126742 -0.190363 1.09563
-1 1528712923.518604 0.126778 -0.190381 1.09563
-1 1528712923.525802 0.12685 -0.19041 1.09563
-1 1528712923.536834 0.126885 -0.190353 1.09562
-1 1528712923.541136 0.126917 -0.190221 1.09561
-1 1528712923.549205 0.126934 -0.190173 1.09561
-1 1528712923.555460 0.126971 -0.190104 1.0956
-1 1528712923.564143 0.127009 -0.19006 1.09559
-1 1528712923.573097 0.127046 -0.190034 1.09558
-1 1528712923.585679 0.127083 -0.190026 1.09557
-1 1528712923.593131 0.127137 -0.190032 1.09556
-1 1528712923.604424 0.127172 -0.190045 1.09555
-1 1528712923.611397 0.127208 -0.190054 1.09555
-1 1528712923.634796 0.127305 -0.190075 1.09553
-1 1528712923.647756 0.127347 -0.190096 1.09553
-1 1528712923.659089 0.127379 -0.190107 1.09552
-1 1528712923.667693 0.127434 -0.190129 1.09552
-1 1528712923.677008 0.12745 -0.190134 1.09552
-1 1528712923.684760 0.127497 -0.190147 1.09551
-1 1528712923.691615 0.127526 -0.190151 1.09551
-1 1528712923.712669 0.127605 -0.190168 1.09549
-1 1528712923.726415 0.127634 -0.190183 1.09549
-1 1528712923.732530 0.12766 -0.190201 1.09549
-1 1528712923.744092 0.127664 -0.190002 1.09547
-1 1528712923.757289 0.127677 -0.189892 1.09546
-1 1528712923.763928 0.127686 -0.189856 1.09545
-1 1528712923.771054 0.1277 -0.189837 1.09545
-1 1528712923.787767 0.127718 -0.189832 1.09544
-1 1528712923.812053 0.127821 -0.189843 1.09543
-1 1528712923.825444 0.127848 -0.189864 1.09543
-1 1528712923.833863 0.127872 -0.18989 1.09542
-1 1528712923.843329 0.127906 -0.189932 1.09541
-1 1528712923.850612 0.127926 -0.189962 1.09541
-1 1528712923.862135 0.127944 -0.189992 1.0954
-1 1528712923.893281 0.12802 -0.190053 1.09538
-1 1528712923.900746 0.128039 -0.190066 1.09538
-1 1528712923.913666 0.128052 -0.190085 1.09537
-1 1528712923.921287 0.128074 -0.190117 1.09536
-1 1528712923.930585 0.128084 -0.190129 1.09536
-1 1528712923.936985 0.128095 -0.190094 1.09535
-1 1528712923.954433 0.128106 -0.189926 1.09533
-1 1528712923.959145 0.128137 -0.189863 1.09532
-1 1528712923.974360 0.128185 -0.189808 1.09531
-1 1528712923.991146 0.128211 -0.189793 1.09528
-1 1528712924.047588 0.12822 -0.189807 1.09527
-1 1528712924.059586 0.128231 -0.189838 1.09524
-1 1528712924.069390 0.128239 -0.189862 1.09521
-1 1528712924.084620 0.128269 -0.189934 1.09514
-1 1528712924.090981 0.128278 -0.189949 1.09513
-1 1528712924.103436 0.128292 -0.189981 1.0951
-1 1528712924.125139 0.128306 -0.190023 1.09502
-1 1528712924.136125 0.128319 -0.190032 1.09494
-1 1528712924.151754 0.128324 -0.190073 1.09481
-1 1528712924.161025 0.128314 -0.190112 1.09469
-1 1528712924.170673 0.128301 -0.190142 1.09461
-1 1528712924.182631 0.128281 -0.190197 1.09442
-1 1528712924.194409 0.128203 -0.189985 1.09426
-1 1528712924.211617 0.128135 -0.18982 1.09396
-1 1528712924.256283 0.128123 -0.189928 1.09307
-1 1528712924.268624 0.128099 -0.189986 1.09282
-1 1528712924.272763 0.128084 -0.19002 1.09265
-1 1528712924.279167 0.128069 -0.190043 1.09247
-1 1528712924.292007 0.12805 -0.190054 1.09229
-1 1528712924.299765 0.128003 -0.190059 1.09202
-1 1528712924.313020 0.127919 -0.190049 1.09164
-1 1528712924.321884 0.127854 -0.190046 1.09134
-1 1528712924.342231 0.127749 -0.190063 1.09083
-1 1528712924.347722 0.127706 -0.190064 1.09062
-1 1528712924.365601 0.127542 -0.189846 1.0902
-1 1528712924.373430 0.127442 -0.189711 1.08987
-1 1528712924.395651 0.127329 -0.189633 1.08942
-1 1528712924.414983 0.127219 -0.189627 1.08882
-1 1528712924.426172 0.127082 -0.189715 1.08805
-1 1528712924.446185 0.126977 -0.189775 1.08735
-1 1528712924.463848 0.126879 -0.189829 1.08676
-1 1528712924.475710 0.126819 -0.189885 1.08632
-1 1528712924.487375 0.126778 -0.189928 1.08587
-1 1528712924.495978 0.126737 -0.189976 1.08544
-1 1528712924.504398 0.126704 -0.190009 1.08515
-1 1528712924.521747 0.126638 -0.190071 1.08458
-1 1528712924.531172 0.126613 -0.190102 1.08428
-1 1528712924.551574 0.1264 -0.189899 1.08356
-1 1528712924.562547 0.126325 -0.189816 1.08328
-1 1528712924.582361 0.126149 -0.189664 1.08261
-1 1528712924.593303 0.126082 -0.189615 1.08235
-1 1528712924.604994 0.125995 -0.189551 1.08196
-1 1528712924.611348 0.125943 -0.189516 1.08171
-1 1528712924.624049 0.125874 -0.189463 1.08135
-1 1528712924.645396 0.125835 -0.189428 1.08112
-1 1528712924.658979 0.125748 -0.189339 1.08046
-1 1528712924.670964 0.125691 -0.189272 1.08004
-1 1528712924.686619 0.125637 -0.189242 1.07975
-1 1528712924.698602 0.125611 -0.189237 1.07955
-1 1528712924.710691 0.125572 -0.189262 1.07914
-1 1528712924.721915 0.125537 -0.189308 1.07884
-1 1528712924.728925 0.125527 -0.189348 1.07863
-1 1528712924.736084 0.125478 -0.189332 1.07843
-1 1528712924.740796 0.125435 -0.189286 1.07833
-1 1528712924.752894 0.125357 -0.189216 1.07813
-1 1528712924.760750 0.125305 -0.189175 1.07794
-1 1528712924.766638 0.125277 -0.189154 1.07774
-1 1528712924.778156 0.125267 -0.189152 1.07754
-1 1528712924.786443 0.125287 -0.189197 1.07724
-1 1528712924.792889 0.125302 -0.189217 1.07713
-1 1528712924.801806 0.125345 -0.189254 1.07693
-1 1528712924.805370 0.125369 -0.189265 1.07682
-1 1528712924.820822 0.125431 -0.189269 1.07641
-1 1528712924.832788 0.125445 -0.189258 1.07621
-1 1528712924.837789 0.125452 -0.189239 1.07602
-1 1528712924.851091 0.125456 -0.189216 1.07584
-1 1528712924.854221 0.125466 -0.18919 1.07566
-1 1528712924.863175 0.125486 -0.189163 1.07548
-1 1528712924.870287 0.125513 -0.189138 1.07531
-1 1528712924.880699 0.125542 -0.189116 1.07515
-1 1528712924.895305 0.125601 -0.189065 1.0748
-1 1528712924.905174 0.125616 -0.189048 1.07471
-1 1528712924.912880 0.125659 -0.188999 1.07445
-1 1528712924.921128 0.125686 -0.188968 1.07428
-1 1528712924.936347 0.125718 -0.188939 1.07412
-1 1528712924.942486 0.125695 -0.188788 1.07389
-1 1528712924.951622 0.12568 -0.188725 1.07381
-1 1528712924.961612 0.125667 -0.18859 1.0736
-1 1528712924.973871 0.125683 -0.188526 1.07339
-1 1528712924.980176 0.125704 -0.188501 1.07326
-1 1528712924.999533 0.125731 -0.188484 1.07312
-1 1528712925.005519 0.125789 -0.18846 1.07284
-1 1528712925.018865 0.125817 -0.188462 1.07263
-1 1528712925.034689 0.125867 -0.188468 1.07244
-1 1528712925.041439 0.125931 -0.188499 1.07227
-1 1528712925.054249 0.125984 -0.188524 1.07216
-1 1528712925.061447 0.126078 -0.188567 1.07202
-1 1528712925.065915 0.126111 -0.188582 1.07197
-1 1528712925.073660 0.126144 -0.188597 1.07193
-1 1528712925.080392 0.126207 -0.188617 1.07183
-1 1528712925.086374 0.126263 -0.188634 1.07174
-1 1528712925.096608 0.126288 -0.188642 1.07169
-1 1528712925.104462 0.126336 -0.188655 1.07158
-1 1528712925.110143 0.126379 -0.188671 1.07148
-1 1528712925.139220 0.126494 -0.188703 1.0712
-1 1528712925.158707 0.126465 -0.188619 1.07106
-1 1528712925.172659 0.126446 -0.188519 1.07091
-1 1528712925.181438 0.126455 -0.188488 1.07086
-1 1528712925.192984 0.126482 -0.188432 1.07074
-1 1528712925.203196 0.126491 -0.18842 1.07071
-1 1528712925.209889 0.126514 -0.188399 1.07065
-1 1528712925.213122 0.126526 -0.188387 1.07061
-1 1528712925.220487 0.126555 -0.188363 1.07055
-1 1528712925.226310 0.12657 -0.188351 1.07052
-1 1528712925.232690 0.126584 -0.188337 1.07049
-1 1528712925.242881 0.126615 -0.188305 1.07043
-1 1528712925.251437 0.126671 -0.188233 1.07036
-1 1528712925.258514 0.126692 -0.188205 1.07034
-1 1528712925.263316 0.126735 -0.188142 1.07029
-1 1528712925.272551 0.126773 -0.188075 1.07025
-1 1528712925.280156 0.126801 -0.18801 1.07021
-1 1528712925.283488 0.126812 -0.187978 1.07019
-1 1528712925.291846 0.12682 -0.187948 1.07017
-1 1528712925.295700 0.126836 -0.187895 1.07013
-1 1528712925.305816 0.12685 -0.187863 1.07009
-1 1528712925.312626 0.126871 -0.187856 1.07006
-1 1528712925.326309 0.126903 -0.187864 1.07002
-1 1528712925.335422 0.126947 -0.187883 1.06999
-1 1528712925.355541 0.126982 -0.187858 1.06995
-1 1528712925.366245 0.1271 -0.187844 1.0699
-1 1528712925.374532 0.127125 -0.187849 1.0699
-1 1528712925.382533 0.127173 -0.187864 1.06989
-1 1528712925.390223 0.127232 -0.187892 1.06988
-1 1528712925.398331 0.127303 -0.187929 1.06987
-1 1528712925.404986 0.12738 -0.187982 1.06986
-1 1528712925.413747 0.127458 -0.188044 1.06984
-1 1528712925.422081 0.127436 -0.188194 1.06981
-1 1528712925.430884 0.127429 -0.188662 1.06975
-1 1528712925.436551 0.127479 -0.188781 1.06975
-1 1528712925.443891 0.127573 -0.188846 1.06975
-1 1528712925.452351 0.127665 -0.188865 1.06974
-1 1528712925.463734 0.12773 -0.188928 1.06973
-1 1528712925.472799 0.127814 -0.189022 1.06973
-1 1528712925.480517 0.127873 -0.189062 1.06972
-1 1528712925.486030 0.127982 -0.18911 1.06972
-1 1528712925.491727 0.128045 -0.189124 1.06972
-1 1528712925.503166 0.128168 -0.189118 1.06973
-1 1528712925.508133 0.128284 -0.189115 1.06972
-1 1528712925.524009 0.128456 -0.189214 1.06973
-1 1528712925.531852 0.128546 -0.189299 1.06973
-1 1528712925.535430 0.128599 -0.189306 1.06974
-1 1528712925.545513 0.128633 -0.189291 1.06975
-1 1528712925.552393 0.128739 -0.189224 1.06976
-1 1528712925.566369 0.128889 -0.189118 1.06976
-1 1528712925.571620 0.129037 -0.189027 1.06978
-1 1528712925.575686 0.129062 -0.189006 1.06978
-1 1528712925.584429 0.129123 -0.188956 1.06979
-1 1528712925.592983 0.129212 -0.188908 1.06979
-1 1528712925.601172 0.129303 -0.188884 1.06979
-1 1528712925.609327 0.129379 -0.1889 1.06979
-1 1528712925.619004 0.129458 -0.188938 1.06979
-1 1528712925.623890 0.129555 -0.188983 1.06979
-1 1528712925.631963 0.129611 -0.189005 1.0698
-1 1528712925.638055 0.12967 -0.189023 1.0698
-1 1528712925.649847 0.12984 -0.189064 1.06981
-1 1528712925.662044 0.129988 -0.189091 1.06983
-1 1528712925.671221 0.130126 -0.189092 1.06985
-1 1528712925.682029 0.130218 -0.189075 1.06986
-1 1528712925.687308 0.130309 -0.189049 1.06987
-1 1528712925.696268 0.130394 -0.18902 1.06988
-1 1528712925.704350 0.130436 -0.189003 1.06988
-1 1528712925.718052 0.130599 -0.188926 1.0699
-1 1528712925.726621 0.130674 -0.188877 1.06992
-1 1528712925.741687 0.130747 -0.188751 1.06993
-1 1528712925.747797 0.130768 -0.188603 1.06994
-1 1528712925.757817 0.130808 -0.188414 1.06994
-1 1528712925.772493 0.130844 -0.188308 1.06995
-1 1528712925.785148 0.130909 -0.188178 1.06996
-1 1528712925.791401 0.130999 -0.188079 1.06997
-1 1528712925.801472 0.131067 -0.188021 1.06999
-1 1528712925.809281 0.131136 -0.187968 1.07001
-1 1528712925.816093 0.131203 -0.187922 1.07003
-1 1528712925.823053 0.131237 -0.1879 1.07003
-1 1528712925.832136 0.131308 -0.187859 1.07004
-1 1528712925.839066 0.131373 -0.187816 1.07005
-1 1528712925.841924 0.131406 -0.187795 1.07005
-1 1528712925.854938 0.131472 -0.187757 1.07005
-1 1528712925.862919 0.13158 -0.187702 1.07004
-1 1528712925.877576 0.131685 -0.187653 1.07002
-1 1528712925.889511 0.131753 -0.187627 1.07002
-1 1528712925.894322 0.131862 -0.187592 1.07
-1 1528712925.902963 0.1319 -0.187582 1.06999
-1 1528712925.910665 0.131975 -0.187569 1.06998
-1 1528712925.919081 0.132049 -0.187561 1.06997
-1 1528712925.933970 0.132121 -0.187551 1.06996
-1 1528712925.940721 0.132263 -0.187512 1.06994
-1 1528712925.951648 0.132331 -0.187497 1.06993
-1 1528712925.958131 0.132357 -0.187388 1.06992
-1 1528712925.965473 0.132388 -0.187296 1.06991
-1 1528712925.976573 0.132409 -0.187263 1.0699
-1 1528712925.983784 0.132458 -0.187217 1.06989
-1 1528712925.992265 0.132546 -0.187183 1.06987
-1 1528712926.001429 0.132617 -0.187179 1.06985
-1 1528712926.011547 0.132691 -0.187187 1.06984
-1 1528712926.014436 0.132768 -0.187204 1.06982
-1 1528712926.024326 0.132805 -0.187213 1.06981
-1 1528712926.031781 0.132887 -0.187237 1.0698
-1 1528712926.045478 0.133014 -0.187274 1.06979
-1 1528712926.054888 0.133101 -0.187294 1.06978
-1 1528712926.063194 0.133192 -0.187309 1.06977
-1 1528712926.080249 0.133319 -0.187325 1.06975
-1 1528712926.086758 0.133446 -0.187334 1.06973
-1 1528712926.096210 0.133574 -0.18734 1.06971
-1 1528712926.104308 0.133617 -0.187342 1.06971
-1 1528712926.111807 0.133742 -0.187347 1.06969
-1 1528712926.130301 0.133829 -0.187351 1.06968
-1 1528712926.133763 0.133963 -0.187362 1.06966
-1 1528712926.150521 0.134097 -0.187393 1.06965
-1 1528712926.158707 0.134139 -0.187298 1.06965
-1 1528712926.165150 0.134212 -0.187184 1.06964
-1 1528712926.178967 0.134259 -0.187141 1.06963
-1 1528712926.185885 0.134304 -0.187116 1.06962
-1 1528712926.195332 0.134347 -0.187105 1.06961
-1 1528712926.203622 0.134394 -0.187102 1.06961
-1 1528712926.209361 0.134444 -0.187106 1.06959
-1 1528712926.212170 0.134469 -0.187108 1.06959
-1 1528712926.221178 0.134521 -0.187113 1.06958
-1 1528712926.226723 0.13457 -0.18712 1.06957
-1 1528712926.232619 0.134593 -0.187125 1.06957
-1 1528712926.236297 0.134615 -0.187133 1.06956
-1 1528712926.241287 0.134639 -0.187141 1.06956
-1 1528712926.253223 0.134692 -0.187158 1.06955
-1 1528712926.258738 0.13475 -0.187172 1.06955
-1 1528712926.271089 0.134838 -0.187193 1.06954
-1 1528712926.283606 0.134886 -0.187211 1.06953
-1 1528712926.293201 0.134946 -0.187233 1.06953
-1 1528712926.304427 0.135003 -0.187253 1.06952
-1 1528712926.312510 0.135025 -0.187257 1.06952
-1 1528712926.318615 0.135065 -0.187263 1.06952
-1 1528712926.325007 0.135105 -0.187268 1.06951
-1 1528712926.330829 0.135124 -0.187272 1.06951
-1 1528712926.337873 0.135145 -0.187275 1.06951
-1 1528712926.344896 0.135183 -0.187289 1.06951
-1 1528712926.353422 0.135189 -0.187245 1.06951
-1 1528712926.360283 0.135175 -0.187149 1.06951
-1 1528712926.363374 0.135176 -0.187113 1.06951
-1 1528712926.375953 0.135188 -0.187064 1.06951
-1 1528712926.384103 0.135221 -0.187043 1.06951
-1 1528712926.393441 0.135252 -0.187053 1.06951
-1 1528712926.402525 0.135293 -0.187075 1.06952
-1 1528712926.410882 0.135346 -0.187096 1.06952
-1 1528712926.426507 0.135418 -0.187111 1.06952
-1 1528712926.430565 0.135511 -0.187132 1.06953
-1 1528712926.437536 0.135565 -0.187143 1.06953
-1 1528712926.445130 0.135618 -0.187155 1.06954
-1 1528712926.450577 0.135644 -0.187162 1.06954
-1 1528712926.460940 0.135694 -0.187175 1.06953
-1 1528712926.466094 0.135746 -0.187189 1.06953
-1 1528712926.473352 0.135773 -0.187196 1.06953
-1 1528712926.481364 0.135838 -0.187207 1.06952
-1 1528712926.503867 0.135984 -0.187219 1.06951
-1 1528712926.509747 0.136088 -0.187214 1.06952
-1 1528712926.516905 0.136146 -0.187208 1.06952
-1 1528712926.525433 0.136204 -0.187196 1.06953
-1 1528712926.532524 0.136234 -0.187188 1.06953
-1 1528712926.535200 0.136265 -0.187181 1.06953
-1 1528712926.546898 0.13633 -0.187091 1.06953
-1 1528712926.558666 0.13635 -0.18696 1.06952
