-1 1536064799.704609 -1.24556 0.166871 1.1139
-1 1536064799.716147 -1.24297 0.165946 1.11355
-1 1536064799.720597 -1.24291 0.165914 1.11354
-1 1536064799.729648 -1.24285 0.165882 1.11353
-1 1536064799.743384 -1.24273 0.165824 1.11352
-1 1536064799.758612 -1.24262 0.165772 1.11351
-1 1536064799.761826 -1.24249 0.16573 1.1135
-1 1536064799.777031 -1.24237 0.165692 1.11348
-1 1536064799.794709 -1.24202 0.165589 1.11345
-1 1536064799.809502 -1.24188 0.165536 1.11343
-1 1536064799.821588 -1.24173 0.165484 1.11342
-1 1536064799.825114 -1.24166 0.165457 1.11341
-1 1536064799.833834 -1.2416 0.165429 1.1134
-1 1536064799.844887 -1.24146 0.165371 1.11339
-1 1536064799.851012 -1.24139 0.16534 1.11338
-1 1536064799.862762 -1.24133 0.16531 1.11338
-1 1536064799.868469 -1.2412 0.165245 1.11336
-1 1536064799.881369 -1.24113 0.165212 1.11335
-1 1536064799.888850 -1.24093 0.16511 1.11333
-1 1536064799.906585 -1.24073 0.165006 1.11331
-1 1536064799.924283 -1.24053 0.164902 1.11328
-1 1536064799.935965 -1.2402 0.164744 1.11325
-1 1536064799.943910 -1.23999 0.164665 1.11322
-1 1536064799.957141 -1.23972 0.164584 1.11319
-1 1536064799.967875 -1.23953 0.164531 1.11316
-1 1536064799.980863 -1.2394 0.1645 1.11314
-1 1536064800.004929 -1.23892 0.164384 1.11307
-1 1536064800.017189 -1.23869 0.164308 1.11305
-1 1536064800.029476 -1.23855 0.164256 1.11303
-1 1536064800.037577 -1.23847 0.16423 1.11303
-1 1536064800.058320 -1.23819 0.164125 1.113
-1 1536064800.071621 -1.23804 0.164075 1.11299
-1 1536064800.079623 -1.23764 0.163958 1.11295
-1 1536064800.091883 -1.23748 0.163912 1.11293
-1 1536064800.107201 -1.23705 0.16381 1.11289
-1 1536064800.115282 -1.23661 0.163722 1.11285
-1 1536064800.128072 -1.23643 0.163695 1.11283
-1 1536064800.136769 -1.23609 0.163648 1.1128
-1 1536064800.146890 -1.23591 0.163628 1.11278
-1 1536064800.157546 -1.23555 0.163602 1.11274
-1 1536064800.161445 -1.23546 0.163598 1.11273
-1 1536064800.181228 -1.23518 0.163589 1.1127
-1 1536064800.191396 -1.23489 0.16358 1.11266
-1 1536064800.200533 -1.2346 0.16357 1.11263
-1 1536064800.212408 -1.2344 0.163561 1.11261
-1 1536064800.221045 -1.2341 0.163534 1.11257
-1 1536064800.233372 -1.23379 0.163502 1.11253
-1 1536064800.239676 -1.23358 0.16348 1.11251
-1 1536064800.244708 -1.23347 0.163471 1.1125
-1 1536064800.264751 -1.23336 0.163463 1.11248
-1 1536064800.275792 -1.23272 0.163444 1.11241
-1 1536064800.285205 -1.23238 0.16344 1.11236
-1 1536064800.298348 -1.23215 0.163439 1.11233
-1 1536064800.306103 -1.23181 0.163443 1.11228
-1 1536064800.313142 -1.23169 0.163449 1.11226
-1 1536064800.318560 -1.23146 0.163465 1.11223
-1 1536064800.338554 -1.23097 0.163516 1.11216
-1 1536064800.346899 -1.2306 0.163561 1.11211
-1 1536064800.355353 -1.23036 0.163592 1.11207
-1 1536064800.373618 -1.22985 0.163657 1.11199
-1 1536064800.380624 -1.2296 0.163683 1.11195
-1 1536064800.388604 -1.22934 0.163713 1.11191
-1 1536064800.406974 -1.22883 0.163776 1.11184
-1 1536064800.420939 -1.22858 0.163808 1.1118
-1 1536064800.433557 -1.22796 0.163922 1.1117
-1 1536064800.442528 -1.22758 0.164016 1.11165
-1 1536064800.448352 -1.22734 0.16408 1.1116
-1 1536064800.454756 -1.22709 0.164141 1.11156
-1 1536064800.467262 -1.22684 0.164196 1.11152
-1 1536064800.474621 -1.22647 0.164272 1.11145
-1 1536064800.491420 -1.22622 0.164322 1.1114
-1 1536064800.503014 -1.22572 0.164414 1.11131
-1 1536064800.509436 -1.22522 0.164502 1.11122
-1 1536064800.521758 -1.22486 0.164581 1.11115
-1 1536064800.528080 -1.22461 0.164648 1.11111
-1 1536064800.546762 -1.22412 0.164802 1.11102
-1 1536064800.555698 -1.22375 0.164928 1.11095
-1 1536064800.569839 -1.22351 0.165017 1.1109
-1 1536064800.577717 -1.22301 0.16521 1.11081
-1 1536064800.588314 -1.22276 0.165309 1.11077
-1 1536064800.599632 -1.22226 0.165509 1.1107
-1 1536064800.611858 -1.22188 0.165656 1.11065
-1 1536064800.618957 -1.22162 0.165751 1.11062
-1 1536064800.628817 -1.22124 0.165893 1.11059
-1 1536064800.650169 -1.22072 0.166091 1.11056
-1 1536064800.658159 -1.2202 0.166294 1.11052
-1 1536064800.678332 -1.21966 0.166498 1.11049
-1 1536064800.687353 -1.21939 0.166604 1.11047
-1 1536064800.713282 -1.21871 0.166894 1.11042
-1 1536064800.721784 -1.21844 0.167025 1.1104
-1 1536064800.741775 -1.21777 0.16736 1.11037
-1 1536064800.755728 -1.21736 0.167559 1.11035
-1 1536064800.766567 -1.21682 0.167821 1.11033
-1 1536064800.788070 -1.21601 0.168225 1.1103
-1 1536064800.797671 -1.21574 0.168378 1.11028
-1 1536064800.810816 -1.21535 0.168641 1.11026
-1 1536064800.824030 -1.21496 0.168926 1.11022
-1 1536064800.829067 -1.2147 0.169128 1.1102
-1 1536064800.837433 -1.21444 0.169336 1.11017
-1 1536064800.848691 -1.21418 0.16955 1.11014
-1 1536064800.864717 -1.21355 0.170069 1.11008
-1 1536064800.870473 -1.21329 0.170272 1.11005
-1 1536064800.884085 -1.21317 0.170373 1.11004
-1 1536064800.889413 -1.21267 0.170755 1.11
-1 1536064800.910955 -1.21215 0.171141 1.10995
-1 1536064800.932152 -1.21098 0.171999 1.10987
-1 1536064800.943257 -1.21046 0.172362 1.10984
-1 1536064800.973944 -1.20897 0.173584 1.10979
-1 1536064800.981814 -1.20857 0.173953 1.10979
-1 1536064800.995963 -1.20772 0.174728 1.10979
-1 1536064801.005042 -1.20728 0.175128 1.10978
-1 1536064801.014847 -1.20682 0.175544 1.10977
-1 1536064801.029980 -1.20634 0.175973 1.10975
-1 1536064801.048799 -1.20516 0.177101 1.10965
-1 1536064801.075169 -1.20382 0.178842 1.10949
-1 1536064801.082241 -1.20348 0.179392 1.10946
-1 1536064801.099189 -1.2026 0.18079 1.1094
-1 1536064801.111713 -1.20223 0.181349 1.10938
-1 1536064801.122582 -1.20166 0.182185 1.10934
-1 1536064801.135252 -1.20129 0.182738 1.10931
-1 1536064801.151366 -1.20054 0.183826 1.10925
-1 1536064801.159978 -1.19992 0.184644 1.10919
-1 1536064801.174685 -1.19923 0.185464 1.1091
-1 1536064801.183280 -1.1985 0.186293 1.10902
-1 1536064801.190625 -1.19826 0.186578 1.10899
-1 1536064801.210356 -1.19712 0.188114 1.10887
-1 1536064801.224114 -1.19647 0.189109 1.10878
-1 1536064801.240159 -1.19557 0.190481 1.10863
-1 1536064801.244641 -1.19509 0.191205 1.10855
-1 1536064801.286638 -1.19262 0.194875 1.10798
-1 1536064801.296489 -1.19204 0.195736 1.1078
-1 1536064801.304368 -1.19117 0.197021 1.10749
-1 1536064801.312003 -1.19057 0.197865 1.10725
-1 1536064801.320031 -1.19026 0.198286 1.10714
-1 1536064801.330467 -1.18934 0.199532 1.10675
-1 1536064801.344200 -1.18812 0.201138 1.10615
-1 1536064801.357970 -1.18781 0.201527 1.10599
-1 1536064801.368855 -1.18663 0.203064 1.10529
-1 1536064801.382030 -1.18574 0.204226 1.10475
-1 1536064801.390094 -1.18482 0.205375 1.10424
-1 1536064801.410503 -1.1842 0.20613 1.10392
-1 1536064801.424843 -1.18258 0.208041 1.10323
-1 1536064801.465330 -1.17962 0.211988 1.10253
-1 1536064801.486907 -1.17818 0.213737 1.10246
-1 1536064801.503211 -1.17644 0.215519 1.10245
-1 1536064801.529411 -1.17456 0.217213 1.10246
-1 1536064801.615614 -1.16227 0.223581 1.10187
-1 1536064801.622149 -1.1606 0.223991 1.10181
-1 1536064801.642021 -1.15732 0.22509 1.10182
-1 1536064801.664307 -1.15161 0.227502 1.10232
-1 1536064801.682480 -1.14837 0.228667 1.10279
-1 1536064801.701716 -1.14597 0.2294 1.10318
-1 1536064801.706897 -1.14276 0.23028 1.10371
-1 1536064801.713961 -1.14113 0.230737 1.10397
-1 1536064801.721699 -1.13946 0.231218 1.10424
-1 1536064801.732188 -1.13689 0.231972 1.10463
-1 1536064801.745944 -1.13512 0.232492 1.10487
-1 1536064801.756055 -1.13242 0.233254 1.10519
-1 1536064801.765749 -1.12875 0.234191 1.10552
-1 1536064801.776313 -1.12688 0.2346 1.10564
-1 1536064801.780265 -1.12501 0.234973 1.10573
-1 1536064801.803882 -1.12213 0.235476 1.10582
-1 1536064801.810040 -1.11817 0.236063 1.10584
-1 1536064801.824011 -1.11511 0.236475 1.1058
-1 1536064801.832360 -1.11303 0.236743 1.10576
-1 1536064801.840913 -1.11095 0.237011 1.10569
-1 1536064801.862917 -1.10564 0.237619 1.10545
-1 1536064801.870584 -1.10237 0.237971 1.10527
-1 1536064801.882299 -1.10012 0.238203 1.10514
-1 1536064801.893471 -1.09663 0.23857 1.10493
-1 1536064801.914305 -1.0918 0.239124 1.10461
-1 1536064801.952268 -1.08932 0.239446 1.10445
-1 1536064801.959805 -1.07664 0.241351 1.10345
-1 1536064801.971429 -1.07268 0.241809 1.10315
-1 1536064801.996946 -1.06997 0.242046 1.10296
-1 1536064802.011777 -1.06147 0.242514 1.10243
-1 1536064802.020278 -1.05551 0.242756 1.10206
-1 1536064802.033698 -1.05247 0.242867 1.10186
-1 1536064802.045105 -1.04633 0.243056 1.10146
-1 1536064802.055938 -1.04478 0.243086 1.10135
-1 1536064802.062725 -1.04011 0.243099 1.10102
-1 1536064802.079977 -1.03373 0.242841 1.10053
-1 1536064802.125504 -1.01652 0.241369 1.09905
-1 1536064802.140293 -1.01288 0.241022 1.09871
-1 1536064802.155295 -1.00914 0.240688 1.09836
-1 1536064802.173485 -1.00343 0.240251 1.09776
-1 1536064802.181386 -0.99761 0.239866 1.0971
-1 1536064802.192830 -0.993667 0.239582 1.09662
-1 1536064802.197896 -0.989659 0.239267 1.09612
-1 1536064802.225176 -0.977257 0.23807 1.09457
-1 1536064802.229260 -0.975136 0.237839 1.0943
-1 1536064802.245197 -0.970844 0.237361 1.09375
-1 1536064802.258759 -0.964247 0.236649 1.09287
-1 1536064802.268522 -0.957441 0.236005 1.09189
-1 1536064802.280639 -0.952826 0.23564 1.09123
-1 1536064802.298470 -0.945858 0.235167 1.09034
-1 1536064802.309352 -0.938859 0.234867 1.08961
-1 1536064802.322555 -0.934209 0.234753 1.08921
-1 1536064802.331212 -0.927218 0.234621 1.08875
-1 1536064802.339559 -0.924858 0.234561 1.08863
-1 1536064802.352087 -0.917644 0.23421 1.08839
-1 1536064802.359191 -0.912717 0.23378 1.08837
-1 1536064802.370173 -0.907679 0.233166 1.08844
-1 1536064802.389371 -0.897334 0.231438 1.08887
-1 1536064802.403409 -0.892017 0.23037 1.08922
-1 1536064802.413930 -0.881067 0.228003 1.09025
-1 1536064802.425380 -0.872618 0.226201 1.09143
-1 1536064802.430924 -0.866945 0.225246 1.09218
-1 1536064802.437698 -0.861176 0.224178 1.09296
-1 1536064802.450705 -0.852311 0.222431 1.09412
-1 1536064802.461876 -0.846286 0.221233 1.09486
-1 1536064802.468546 -0.837146 0.219425 1.096
-1 1536064802.474880 -0.831012 0.218215 1.09684
-1 1536064802.485772 -0.824861 0.217001 1.09771
-1 1536064802.491675 -0.818686 0.215783 1.09859
-1 1536064802.495850 -0.812528 0.214604 1.09947
-1 1536064802.506010 -0.809453 0.214035 1.0999
-1 1536064802.525599 -0.788222 0.210591 1.10259
-1 1536064802.535811 -0.782212 0.209691 1.10318
-1 1536064802.542541 -0.7762 0.208776 1.10369
-1 1536064802.554580 -0.773168 0.2083 1.10392
-1 1536064802.562850 -0.760809 0.206081 1.10473
-1 1536064802.567973 -0.754488 0.20483 1.10509
-1 1536064802.583201 -0.745021 0.202933 1.10561
-1 1536064802.599728 -0.735583 0.201084 1.10613
-1 1536064802.611007 -0.720111 0.198911 1.10726
-1 1536064802.624123 -0.707751 0.197686 1.10853
-1 1536064802.645838 -0.695479 0.196713 1.10985
-1 1536064802.661542 -0.681002 0.196429 1.11114
-1 1536064802.670866 -0.670419 0.197118 1.11182
-1 1536064802.677328 -0.665389 0.19756 1.11211
-1 1536064802.684584 -0.662895 0.197756 1.11226
-1 1536064802.690616 -0.657926 0.198053 1.11256
-1 1536064802.701385 -0.650424 0.198265 1.11299
-1 1536064802.708516 -0.645324 0.198284 1.11326
-1 1536064802.722975 -0.640167 0.198275 1.1135
-1 1536064802.733036 -0.630002 0.198247 1.1139
-1 1536064802.745601 -0.622617 0.198141 1.11411
-1 1536064802.752299 -0.617826 0.197953 1.11424
-1 1536064802.767974 -0.610675 0.197367 1.11442
-1 1536064802.776227 -0.603588 0.196374 1.11463
-1 1536064802.788167 -0.598901 0.195553 1.11481
-1 1536064802.801262 -0.589747 0.193816 1.11518
-1 1536064802.811469 -0.583124 0.192543 1.11544
-1 1536064802.831034 -0.574511 0.190839 1.11567
-1 1536064802.851375 -0.563591 0.188849 1.11571
-1 1536064802.862509 -0.558969 0.187917 1.11563
-1 1536064802.873315 -0.55173 0.186162 1.11543
-1 1536064802.880352 -0.546736 0.184907 1.11532
-1 1536064802.899013 -0.541624 0.183668 1.11525
-1 1536064802.905167 -0.531417 0.1813 1.1153
-1 1536064802.913155 -0.526465 0.180178 1.11538
-1 1536064802.927208 -0.521663 0.179133 1.11547
-1 1536064802.937141 -0.512471 0.17729 1.11564
-1 1536064802.943543 -0.50803 0.176519 1.1157
-1 1536064802.959689 -0.501607 0.17548 1.11573
-1 1536064802.973954 -0.497593 0.174846 1.11572
-1 1536064802.979382 -0.491823 0.173954 1.11566
-1 1536064802.983695 -0.489943 0.173661 1.11563
-1 1536064802.993720 -0.488082 0.173374 1.1156
-1 1536064803.003981 -0.480805 0.172257 1.11546
-1 1536064803.013744 -0.47903 0.17199 1.11543
-1 1536064803.021339 -0.475515 0.171511 1.11538
-1 1536064803.034056 -0.4721 0.171106 1.11532
-1 1536064803.047487 -0.463826 0.170363 1.11518
-1 1536064803.065536 -0.458982 0.170011 1.11505
-1 1536064803.084827 -0.452621 0.169433 1.11483
-1 1536064803.097554 -0.446391 0.168684 1.11453
-1 1536064803.103202 -0.441803 0.168009 1.11424
-1 1536064803.110560 -0.440262 0.167763 1.11413
-1 1536064803.118731 -0.437127 0.167257 1.1139
-1 1536064803.137186 -0.4323 0.166495 1.11351
-1 1536064803.146105 -0.42574 0.165598 1.11292
-1 1536064803.167964 -0.420761 0.164994 1.11243
-1 1536064803.177599 -0.414204 0.164184 1.11172
-1 1536064803.187233 -0.409367 0.163637 1.1112
-1 1536064803.194979 -0.406196 0.163408 1.11088
-1 1536064803.205755 -0.403096 0.163293 1.11056
-1 1536064803.211519 -0.400065 0.163258 1.11024
-1 1536064803.220005 -0.397059 0.163266 1.10994
-1 1536064803.230824 -0.394047 0.163309 1.10964
-1 1536064803.241939 -0.389438 0.163351 1.10921
-1 1536064803.248861 -0.386287 0.16335 1.10893
-1 1536064803.254681 -0.384693 0.163345 1.1088
-1 1536064803.265441 -0.383089 0.163338 1.10866
-1 1536064803.273473 -0.378276 0.163339 1.10827
-1 1536064803.285015 -0.373427 0.163335 1.10789
-1 1536064803.291107 -0.3718 0.163352 1.10778
-1 1536064803.302478 -0.368539 0.163423 1.10757
-1 1536064803.313268 -0.361883 0.163703 1.1072
-1 1536064803.319342 -0.360189 0.163788 1.10713
-1 1536064803.327124 -0.356769 0.163954 1.107
-1 1536064803.334908 -0.353335 0.164108 1.10689
-1 1536064803.343677 -0.351629 0.164189 1.10684
-1 1536064803.353462 -0.346595 0.164447 1.10665
-1 1536064803.370946 -0.341709 0.164719 1.10642
-1 1536064803.377267 -0.336935 0.165001 1.10617
-1 1536064803.391077 -0.332111 0.16532 1.10594
-1 1536064803.396801 -0.328824 0.165558 1.1058
-1 1536064803.404476 -0.325467 0.165806 1.10565
-1 1536064803.414781 -0.322017 0.166063 1.1055
-1 1536064803.420283 -0.31848 0.166342 1.10535
-1 1536064803.431809 -0.314881 0.166654 1.10519
-1 1536064803.437488 -0.311222 0.16699 1.10501
-1 1536064803.454858 -0.303856 0.167757 1.1046
-1 1536064803.472038 -0.298282 0.168407 1.10422
-1 1536064803.479819 -0.292683 0.169104 1.10378
-1 1536064803.488675 -0.288934 0.169585 1.10344
-1 1536064803.494826 -0.285191 0.170073 1.10306
-1 1536064803.504492 -0.281475 0.170558 1.10266
-1 1536064803.512642 -0.277776 0.171017 1.10221
-1 1536064803.522892 -0.274093 0.171453 1.10175
-1 1536064803.532546 -0.270414 0.171872 1.10127
-1 1536064803.550990 -0.264833 0.172496 1.10051
-1 1536064803.561434 -0.255189 0.173556 1.09913
-1 1536064803.569602 -0.2512 0.173964 1.09855
-1 1536064803.580167 -0.247124 0.174368 1.09793
-1 1536064803.593909 -0.240842 0.175034 1.09691
-1 1536064803.600387 -0.236577 0.175523 1.09619
-1 1536064803.611899 -0.232278 0.176042 1.09549
-1 1536064803.618211 -0.227951 0.17656 1.09481
-1 1536064803.629117 -0.221514 0.17728 1.09384
-1 1536064803.660394 -0.206528 0.178529 1.09181
-1 1536064803.667269 -0.202271 0.178838 1.09141
-1 1536064803.678817 -0.19802 0.179119 1.0911
-1 1536064803.689677 -0.195895 0.179248 1.09097
-1 1536064803.698798 -0.189511 0.179632 1.09066
-1 1536064803.708648 -0.18307 0.180061 1.09047
-1 1536064803.717125 -0.178729 0.180379 1.09042
-1 1536064803.728252 -0.172166 0.18091 1.09047
-1 1536064803.734691 -0.167745 0.181299 1.09056
-1 1536064803.751108 -0.158705 0.182185 1.09081
-1 1536064803.761696 -0.154102 0.182679 1.09095
-1 1536064803.785274 -0.139956 0.184171 1.09135
-1 1536064803.795581 -0.132733 0.1849 1.09185
-1 1536064803.810440 -0.125144 0.18625 1.09209
-1 1536064803.824816 -0.120165 0.187088 1.09224
-1 1536064803.833928 -0.110171 0.188731 1.09252
-1 1536064803.837280 -0.107648 0.189128 1.09262
-1 1536064803.851970 -0.100051 0.190291 1.09312
-1 1536064803.867998 -0.0923899 0.191402 1.0938
-1 1536064803.875269 -0.0845854 0.192501 1.09456
-1 1536064803.888445 -0.0767051 0.193693 1.09538
-1 1536064803.899931 -0.0714445 0.19454 1.09593
-1 1536064803.906706 -0.0661331 0.195423 1.0965
-1 1536064803.912776 -0.0608151 0.196367 1.09708
-1 1536064803.919412 -0.0554949 0.197368 1.09768
-1 1536064803.925424 -0.0528308 0.197889 1.09799
-1 1536064803.933498 -0.0475574 0.19896 1.0986
-1 1536064803.942984 -0.04232 0.20005 1.09921
-1 1536064803.951096 -0.037148 0.201149 1.09979
-1 1536064803.957149 -0.0320227 0.202218 1.10034
-1 1536064803.969441 -0.0269406 0.203225 1.10085
-1 1536064803.981492 -0.0218957 0.204169 1.10133
-1 1536064803.988098 -0.0143684 0.205428 1.10201
-1 1536064804.001838 -0.00694245 0.206596 1.10265
-1 1536064804.010451 -0.00204619 0.207346 1.10304
-1 1536064804.017679 0.00284597 0.208132 1.1034
-1 1536064804.021249 0.00531878 0.208585 1.10359
-1 1536064804.029688 0.0104697 0.209755 1.10397
-1 1536064804.045344 0.0189861 0.212438 1.10468
-1 1536064804.050263 0.0249814 0.214568 1.10525
-1 1536064804.064351 0.0339003 0.217629 1.10618
-1 1536064804.073694 0.0396469 0.219372 1.10679
-1 1536064804.078892 0.045182 0.220887 1.10736
-1 1536064804.089197 0.0478666 0.221553 1.10764
-1 1536064804.092493 0.0555607 0.223236 1.10839
-1 1536064804.104183 0.0604321 0.224099 1.10882
-1 1536064804.109685 0.0627959 0.224475 1.10902
-1 1536064804.120160 0.0674114 0.225107 1.10937
-1 1536064804.124182 0.0718816 0.225658 1.10966
-1 1536064804.129719 0.0740507 0.225923 1.10978
-1 1536064804.140640 0.0782721 0.226438 1.10999
-1 1536064804.147371 0.0824198 0.226862 1.11013
-1 1536064804.160312 0.0884669 0.227514 1.11026
-1 1536064804.171359 0.094453 0.228146 1.11027
-1 1536064804.183712 0.1003 0.228873 1.1102
-1 1536064804.202981 0.106135 0.229481 1.11005
-1 1536064804.211722 0.1118 0.230065 1.10982
-1 1536064804.220485 0.115537 0.230317 1.10963
-1 1536064804.231585 0.120945 0.23057 1.10932
-1 1536064804.243157 0.12605 0.23068 1.10898
-1 1536064804.262156 0.132414 0.230626 1.10853
-1 1536064804.270011 0.136908 0.230456 1.10824
-1 1536064804.281680 0.139777 0.230272 1.10809
-1 1536064804.289529 0.142542 0.230004 1.10796
-1 1536064804.314916 0.15146 0.228239 1.10778
-1 1536064804.326949 0.153815 0.227472 1.1078
-1 1536064804.351953 0.15837 0.225794 1.10797
-1 1536064804.373877 0.165227 0.223466 1.10841
-1 1536064804.379273 0.167697 0.222807 1.10857
-1 1536064804.390758 0.171616 0.221931 1.10875
-1 1536064804.399284 0.17432 0.221386 1.10884
-1 1536064804.411725 0.178339 0.22052 1.10894
-1 1536064804.420281 0.180891 0.21992 1.10899
-1 1536064804.435326 0.184462 0.21904 1.10907
-1 1536064804.480773 0.195708 0.217299 1.10946
-1 1536064804.489982 0.197642 0.2173 1.10951
-1 1536064804.498866 0.200548 0.21739 1.10955
-1 1536064804.524878 0.207442 0.217768 1.1094
-1 1536064804.533217 0.209537 0.217853 1.10931
-1 1536064804.540045 0.211686 0.217939 1.10921
-1 1536064804.549571 0.213903 0.218017 1.10909
-1 1536064804.555765 0.215038 0.218047 1.10902
-1 1536064804.568526 0.217323 0.218117 1.10888
-1 1536064804.576657 0.220809 0.218241 1.10867
-1 1536064804.584411 0.223173 0.218353 1.10851
-1 1536064804.590789 0.225572 0.218489 1.10835
-1 1536064804.600428 0.227971 0.218642 1.10818
-1 1536064804.611198 0.229159 0.218728 1.10808
-1 1536064804.624270 0.234893 0.219224 1.10761
-1 1536064804.629366 0.235984 0.219325 1.10752
-1 1536064804.635942 0.237065 0.219413 1.10743
-1 1536064804.643755 0.239177 0.219563 1.10725
-1 1536064804.650470 0.241206 0.219689 1.10709
-1 1536064808.403574 -1.24563 0.166873 1.11391
