-1 1536063992.150968 0.139809 0.118475 1.11174
-1 1536063992.163422 0.139876 0.118421 1.11174
-1 1536063992.174401 0.139923 0.118386 1.11174
-1 1536063992.192544 0.140001 0.118334 1.11174
-1 1536063992.197829 0.140077 0.118279 1.11173
-1 1536063992.223875 0.140169 0.118197 1.11172
-1 1536063992.226794 0.140234 0.118141 1.11172
-1 1536063992.235809 0.140275 0.118105 1.11171
-1 1536063992.248678 0.14034 0.118051 1.11171
-1 1536063992.252525 0.140362 0.118036 1.11171
-1 1536063992.260874 0.140405 0.118007 1.1117
-1 1536063992.270962 0.140449 0.117978 1.1117
-1 1536063992.284457 0.140516 0.117928 1.11169
-1 1536063992.299197 0.140588 0.117876 1.11168
-1 1536063992.307682 0.140636 0.117847 1.11168
-1 1536063992.323030 0.140712 0.117814 1.11167
-1 1536063992.329721 0.140808 0.117776 1.11166
-1 1536063992.340099 0.140853 0.117765 1.11165
-1 1536063992.349246 0.140924 0.117762 1.11165
-1 1536063992.357690 0.140968 0.117766 1.11164
-1 1536063992.365326 0.141013 0.117769 1.11164
-1 1536063992.375268 0.141078 0.117775 1.11163
-1 1536063992.391280 0.14112 0.117784 1.11163
-1 1536063992.395935 0.141206 0.117795 1.11162
-1 1536063992.407840 0.141268 0.117801 1.11162
-1 1536063992.431281 0.141331 0.117812 1.11161
-1 1536063992.436710 0.141428 0.117846 1.11161
-1 1536063992.445616 0.141464 0.117861 1.1116
-1 1536063992.455151 0.141515 0.117887 1.1116
-1 1536063992.460836 0.141531 0.117896 1.1116
-1 1536063992.469300 0.141564 0.117915 1.1116
-1 1536063992.479151 0.141619 0.117945 1.11159
-1 1536063992.496716 0.141637 0.117959 1.11159
-1 1536063992.507983 0.141686 0.118003 1.11159
-1 1536063992.517771 0.141717 0.118026 1.11159
-1 1536063992.537812 0.141745 0.118043 1.11159
-1 1536063992.541916 0.141785 0.118068 1.11159
-1 1536063992.549315 0.141799 0.118077 1.11159
-1 1536063992.559007 0.141825 0.118096 1.11158
-1 1536063992.567468 0.141846 0.118117 1.11158
-1 1536063992.573699 0.141854 0.118127 1.11158
-1 1536063992.583641 0.141867 0.11815 1.11158
-1 1536063992.672089 0.141987 0.118439 1.11156
-1 1536063992.678935 0.141996 0.118459 1.11156
-1 1536063992.702511 0.142006 0.118478 1.11156
-1 1536063992.716047 0.14205 0.118576 1.11155
-1 1536063992.726106 0.142071 0.11863 1.11155
-1 1536063992.757648 0.1421 0.11873 1.11153
-1 1536063992.768375 0.142112 0.118763 1.11153
-1 1536063992.774198 0.142124 0.118796 1.11153
-1 1536063992.777881 0.142128 0.118811 1.11153
-1 1536063992.783767 0.142132 0.118827 1.11153
-1 1536063992.788455 0.142137 0.118862 1.11152
-1 1536063992.809790 0.142139 0.1189 1.11152
-1 1536063992.819328 0.142137 0.11903 1.11152
-1 1536063992.832570 0.142136 0.119152 1.11152
-1 1536063992.845280 0.14213 0.119211 1.11152
-1 1536063992.852259 0.142094 0.119323 1.11151
-1 1536063992.862644 0.142075 0.119377 1.11151
-1 1536063992.873786 0.142045 0.119476 1.11151
-1 1536063992.881274 0.142032 0.119534 1.1115
-1 1536063992.892401 0.142017 0.119588 1.1115
-1 1536063992.897285 0.142 0.119645 1.1115
-1 1536063992.910299 0.141965 0.119736 1.1115
-1 1536063992.923786 0.141923 0.119832 1.11151
-1 1536063992.932748 0.141877 0.119931 1.11151
-1 1536063992.937060 0.14184 0.119994 1.11151
-1 1536063992.953603 0.141755 0.120108 1.11151
-1 1536063992.959690 0.141708 0.120163 1.11151
-1 1536063992.967422 0.141662 0.120214 1.11151
-1 1536063992.979374 0.141588 0.12029 1.11152
-1 1536063992.990526 0.141536 0.120339 1.11152
-1 1536063993.062546 0.141392 0.120453 1.11152
-1 1536063993.076790 0.140948 0.120914 1.11157
-1 1536063993.083468 0.140839 0.121031 1.11159
-1 1536063993.090409 0.140785 0.121089 1.11159
-1 1536063993.101926 0.140732 0.121146 1.1116
-1 1536063993.109169 0.140681 0.121202 1.11161
-1 1536063993.120596 0.140574 0.121302 1.11162
-1 1536063993.146418 0.14052 0.121348 1.11163
-1 1536063993.157823 0.140355 0.121477 1.11165
-1 1536063993.166305 0.140297 0.12151 1.11166
-1 1536063993.171475 0.140269 0.121528 1.11166
-1 1536063993.191563 0.140162 0.121606 1.11168
-1 1536063993.206102 0.140081 0.121669 1.11169
-1 1536063993.219155 0.140024 0.121709 1.1117
-1 1536063993.224629 0.139995 0.12173 1.1117
-1 1536063993.241769 0.139933 0.121769 1.11171
-1 1536063993.250105 0.139805 0.121847 1.11172
-1 1536063993.256346 0.139747 0.121882 1.11173
-1 1536063993.266922 0.139689 0.121917 1.11173
-1 1536063993.273111 0.139631 0.121951 1.11174
-1 1536063993.291203 0.139602 0.121968 1.11174
-1 1536063993.296630 0.139451 0.122056 1.11175
-1 1536063993.304491 0.139387 0.122085 1.11175
-1 1536063993.314965 0.139322 0.122113 1.11176
-1 1536063993.324448 0.139232 0.122156 1.11176
-1 1536063993.338861 0.139145 0.122202 1.11176
-1 1536063993.350390 0.139036 0.12227 1.11177
-1 1536063993.359060 0.138982 0.122303 1.11177
-1 1536063993.373161 0.138884 0.122374 1.11177
-1 1536063993.385681 0.138831 0.122405 1.11177
-1 1536063993.393238 0.138721 0.122459 1.11178
-1 1536063993.427894 0.138531 0.122569 1.11178
-1 1536063993.436600 0.13846 0.122619 1.11178
-1 1536063993.483457 0.138306 0.122778 1.11178
-1 1536063993.489324 0.138292 0.1228 1.11178
-1 1536063993.499918 0.138251 0.122871 1.11178
-1 1536063993.533084 0.138171 0.123057 1.11179
-1 1536063993.552916 0.13812 0.123143 1.11179
-1 1536063993.564303 0.138093 0.12318 1.1118
-1 1536063993.576073 0.13807 0.123215 1.1118
-1 1536063993.587480 0.138049 0.123243 1.11181
-1 1536063993.599383 0.138033 0.123269 1.11181
-1 1536063993.604308 0.138005 0.123304 1.11182
-1 1536063993.611960 0.137991 0.123327 1.11182
-1 1536063993.623252 0.137972 0.123364 1.11183
-1 1536063993.636689 0.137957 0.123396 1.11183
-1 1536063993.666709 0.137915 0.123487 1.11184
-1 1536063993.686017 0.137775 0.123655 1.11184
-1 1536063993.698446 0.137711 0.12368 1.11184
-1 1536063993.706851 0.137653 0.123701 1.11184
-1 1536063993.712265 0.137637 0.12371 1.11185
-1 1536063993.722251 0.13761 0.123727 1.11185
-1 1536063993.730791 0.137579 0.123757 1.11185
-1 1536063993.748948 0.137536 0.123816 1.11185
-1 1536063993.751641 0.137517 0.123847 1.11185
-1 1536063993.765985 0.137509 0.123864 1.11185
-1 1536063993.791881 0.137475 0.124067 1.11186
-1 1536063993.802140 0.137485 0.124153 1.11185
-1 1536063993.811989 0.137508 0.124245 1.11185
-1 1536063993.827866 0.137537 0.124358 1.11185
-1 1536063993.837462 0.137561 0.124544 1.11184
-1 1536063993.840056 0.13756 0.1246 1.11184
-1 1536063993.854591 0.137555 0.124778 1.11184
-1 1536063993.865589 0.137558 0.124902 1.11184
-1 1536063993.870011 0.137567 0.125081 1.11185
-1 1536063993.882108 0.137581 0.125201 1.11185
-1 1536063993.895195 0.137631 0.125448 1.11186
-1 1536063993.907200 0.137692 0.12563 1.11186
-1 1536063993.919141 0.137796 0.125882 1.11186
-1 1536063993.941139 0.137989 0.12632 1.11186
-1 1536063993.955381 0.138057 0.126489 1.11186
-1 1536063993.968433 0.138194 0.126867 1.11185
-1 1536063993.987355 0.138366 0.127398 1.11184
-1 1536063994.002063 0.138501 0.12784 1.11185
-1 1536063994.016800 0.13857 0.128064 1.11185
-1 1536063994.030563 0.13876 0.128688 1.11185
-1 1536063994.041875 0.138849 0.128962 1.11184
-1 1536063994.047884 0.138945 0.129251 1.11184
-1 1536063994.062126 0.139098 0.1297 1.11182
-1 1536063994.076734 0.139319 0.130334 1.1118
-1 1536063994.086755 0.139427 0.130662 1.11178
-1 1536063994.092075 0.139532 0.131008 1.11177
-1 1536063994.106129 0.139682 0.131557 1.11174
-1 1536063994.116305 0.139769 0.13195 1.11172
-1 1536063994.120943 0.139851 0.132355 1.1117
-1 1536063994.131402 0.139888 0.13256 1.11169
-1 1536063994.138937 0.139995 0.133191 1.11166
-1 1536063994.146009 0.140076 0.133622 1.11164
-1 1536063994.157434 0.140214 0.134287 1.1116
-1 1536063994.178466 0.140478 0.135463 1.11153
-1 1536063994.189815 0.140659 0.136206 1.11149
-1 1536063994.195592 0.140721 0.136461 1.11148
-1 1536063994.206040 0.14084 0.136976 1.11145
-1 1536063994.213684 0.140966 0.137509 1.11141
-1 1536063994.234820 0.141096 0.138043 1.11138
-1 1536063994.245234 0.141404 0.139397 1.1113
-1 1536063994.252157 0.141526 0.139955 1.11126
-1 1536063994.261600 0.141648 0.140523 1.11123
-1 1536063994.276196 0.14177 0.141099 1.11119
-1 1536063994.284199 0.141897 0.141683 1.11115
-1 1536063994.287731 0.14196 0.141978 1.11112
-1 1536063994.294756 0.142024 0.142272 1.1111
-1 1536063994.301641 0.142092 0.142566 1.11108
-1 1536063994.311577 0.142309 0.143451 1.11101
-1 1536063994.323960 0.142454 0.144052 1.11097
-1 1536063994.336858 0.142666 0.144985 1.1109
-1 1536063994.343051 0.142811 0.145622 1.11085
-1 1536063994.354918 0.143027 0.146589 1.11077
-1 1536063994.368990 0.143233 0.147562 1.11069
-1 1536063994.387722 0.143425 0.148528 1.11062
-1 1536063994.397161 0.14361 0.149493 1.11053
-1 1536063994.409840 0.143738 0.150134 1.11048
-1 1536063994.421592 0.14401 0.151436 1.11036
-1 1536063994.428833 0.14415 0.152103 1.1103
-1 1536063994.440269 0.144296 0.152778 1.11024
-1 1536063994.452840 0.144581 0.154208 1.11011
-1 1536063994.462823 0.144791 0.155293 1.11001
-1 1536063994.472438 0.144928 0.15602 1.10994
-1 1536063994.481110 0.145139 0.15713 1.10983
-1 1536063994.492168 0.145281 0.157869 1.10976
-1 1536063994.501703 0.145479 0.158974 1.10965
-1 1536063994.514059 0.145737 0.160452 1.10951
-1 1536063994.544708 0.146267 0.163438 1.1093
-1 1536063994.550113 0.146338 0.163818 1.10928
-1 1536063994.558082 0.146469 0.164604 1.10924
-1 1536063994.569040 0.146612 0.165393 1.1092
-1 1536063994.573561 0.146747 0.166183 1.10917
-1 1536063994.582747 0.146876 0.166958 1.10913
-1 1536063994.600133 0.147146 0.16887 1.10903
-1 1536063994.606612 0.147198 0.16926 1.10901
-1 1536063994.627694 0.147369 0.170431 1.10893
-1 1536063994.639279 0.147628 0.172389 1.10882
-1 1536063994.646408 0.147723 0.173187 1.10877
-1 1536063994.657779 0.147818 0.173995 1.10872
-1 1536063994.672359 0.147927 0.174785 1.10867
-1 1536063994.682890 0.14811 0.175939 1.10859
-1 1536063994.700300 0.148262 0.177053 1.10851
-1 1536063994.705319 0.14841 0.178535 1.10839
-1 1536063994.718411 0.148513 0.179659 1.10829
-1 1536063994.730201 0.148574 0.180428 1.10822
-1 1536063994.736741 0.148669 0.181633 1.10809
-1 1536063994.749319 0.148713 0.182036 1.10805
-1 1536063994.762527 0.148924 0.183661 1.10786
-1 1536063994.777422 0.149169 0.185309 1.10768
-1 1536063994.786892 0.149409 0.186519 1.10755
-1 1536063994.796291 0.149631 0.187742 1.10743
-1 1536063994.807407 0.149783 0.188543 1.10736
-1 1536063994.816945 0.149939 0.189305 1.10728
-1 1536063994.824151 0.150135 0.190423 1.10718
-1 1536063994.835029 0.150263 0.191165 1.1071
-1 1536063994.851438 0.150462 0.192272 1.10699
-1 1536063994.858055 0.150641 0.193411 1.10688
-1 1536063994.865382 0.150768 0.194166 1.10679
-1 1536063994.876994 0.150897 0.194928 1.1067
-1 1536063994.889757 0.151019 0.195699 1.10661
-1 1536063994.911948 0.151487 0.198405 1.10626
-1 1536063994.920937 0.151572 0.198774 1.10621
-1 1536063994.932313 0.151845 0.199857 1.10604
-1 1536063994.950938 0.152029 0.200556 1.10591
-1 1536063994.958243 0.152385 0.201886 1.10567
-1 1536063994.963845 0.15257 0.202511 1.10554
-1 1536063994.971175 0.152757 0.20313 1.10542
-1 1536063994.981442 0.152945 0.203741 1.10529
-1 1536063994.992964 0.153127 0.204347 1.10517
-1 1536063995.001389 0.153306 0.204956 1.10503
-1 1536063995.014790 0.153489 0.205569 1.1049
-1 1536063995.045420 0.154108 0.208121 1.1043
-1 1536063995.064182 0.15449 0.209718 1.1039
-1 1536063995.071562 0.154644 0.210346 1.10374
-1 1536063995.084387 0.154811 0.210962 1.10358
-1 1536063995.099361 0.155269 0.212451 1.10318
-1 1536063995.105642 0.155458 0.213031 1.10302
-1 1536063995.110049 0.155553 0.213319 1.10294
-1 1536063995.120900 0.155748 0.2139 1.10277
-1 1536063995.129829 0.156063 0.214778 1.10252
-1 1536063995.135980 0.15617 0.215071 1.10244
-1 1536063995.150758 0.156486 0.215938 1.10218
-1 1536063995.170919 0.157054 0.217673 1.10164
-1 1536063995.177798 0.157149 0.217954 1.10155
-1 1536063995.184358 0.157338 0.218511 1.10137
-1 1536063995.194389 0.157533 0.219065 1.10121
-1 1536063995.198907 0.157711 0.219646 1.10106
-1 1536063995.208819 0.15791 0.220222 1.10092
-1 1536063995.223997 0.158142 0.220778 1.10079
-1 1536063995.240296 0.158802 0.222109 1.10051
-1 1536063995.250648 0.159228 0.222891 1.10034
-1 1536063995.274317 0.1601 0.224382 1.09992
-1 1536063995.308982 0.161 0.226111 1.09934
-1 1536063995.317300 0.16137 0.226853 1.09908
-1 1536063995.329321 0.161617 0.227362 1.09891
-1 1536063995.338084 0.161874 0.227878 1.09873
-1 1536063995.353001 0.162439 0.228889 1.09838
-1 1536063995.370595 0.163128 0.229906 1.09801
-1 1536063995.399950 0.164527 0.231659 1.09721
-1 1536063995.405737 0.164709 0.231908 1.09707
-1 1536063995.417714 0.165051 0.232418 1.09679
-1 1536063995.432773 0.165486 0.23319 1.09639
-1 1536063995.441504 0.165773 0.233673 1.09618
-1 1536063995.449431 0.166066 0.234152 1.09603
-1 1536063995.455924 0.166213 0.234387 1.09597
-1 1536063995.473989 0.166883 0.23555 1.09588
-1 1536063995.479930 0.167012 0.235777 1.09589
-1 1536063995.487662 0.167286 0.236219 1.09595
-1 1536063995.491844 0.167586 0.236615 1.09603
-1 1536063995.499573 0.167941 0.236967 1.09614
-1 1536063995.508900 0.168333 0.23729 1.09626
-1 1536063995.516371 0.168738 0.237592 1.0964
-1 1536063995.523541 0.169107 0.237879 1.09655
-1 1536063995.528914 0.169283 0.238016 1.09663
-1 1536063995.539829 0.169748 0.238405 1.09685
-1 1536063995.545977 0.169879 0.238532 1.09693
-1 1536063995.549144 0.17 0.238661 1.09701
-1 1536063995.567044 0.170224 0.238913 1.09718
-1 1536063995.577412 0.170407 0.239146 1.09736
-1 1536063995.585367 0.170555 0.239348 1.09754
-1 1536063995.590376 0.170666 0.239522 1.09771
-1 1536063995.598030 0.170741 0.239678 1.09788
-1 1536063995.717535 0.171471 0.240663 1.09945
-1 1536063995.730941 0.17147 0.240727 1.09954
-1 1536063995.738483 0.171446 0.240765 1.0996
-1 1536063995.866828 0.171803 0.241515 1.0997
-1 1536063996.007011 0.172038 0.24158 1.09916
-1 1536063996.015742 0.172074 0.2416 1.09914
-1 1536063996.121650 0.17215 0.241632 1.0991
-1 1536063996.130848 0.172409 0.241962 1.09862
-1 1536063996.136783 0.172445 0.241958 1.09857
-1 1536063996.148942 0.172479 0.241944 1.09853
-1 1536063996.163235 0.172521 0.241899 1.09845
-1 1536063996.167843 0.172537 0.24188 1.0984
-1 1536063996.181372 0.172538 0.241877 1.09837
-1 1536063996.298519 0.172524 0.241876 1.09826
-1 1536063996.310670 0.172172 0.242311 1.09766
-1 1536063996.320808 0.172154 0.242203 1.09763
-1 1536063996.443208 0.17198 0.24174 1.09742
-1 1536063996.446905 0.171968 0.241723 1.0974
-1 1536063996.456736 0.171957 0.241703 1.09738
-1 1536063996.470222 0.171923 0.241645 1.09733
-1 1536063996.487151 0.171804 0.241746 1.09727
-1 1536063996.601911 0.171237 0.241224 1.09692
-1 1536063996.614135 0.171139 0.241164 1.09688
-1 1536063996.671118 0.171081 0.241141 1.09687
-1 1536063996.689167 0.170803 0.241001 1.09695
-1 1536063996.697042 0.170622 0.24095 1.09694
-1 1536063996.704662 0.170501 0.240939 1.09692
-1 1536063996.714951 0.170322 0.2409 1.0969
-1 1536063996.719824 0.170202 0.240866 1.09689
-1 1536063996.728179 0.170026 0.240813 1.0969
-1 1536063996.735193 0.169921 0.240784 1.09693
-1 1536063996.746778 0.169828 0.240761 1.09696
-1 1536063996.757010 0.16972 0.240725 1.09701
-1 1536063996.763940 0.169666 0.240693 1.09706
-1 1536063996.780056 0.169586 0.240633 1.09711
-1 1536063996.818547 0.169331 0.240351 1.09719
-1 1536063996.824984 0.16907 0.240043 1.09725
-1 1536063996.833224 0.16896 0.239903 1.09728
-1 1536063996.841902 0.16885 0.239766 1.09731
-1 1536063996.850675 0.168798 0.239701 1.09733
-1 1536063996.862513 0.168642 0.239537 1.09739
-1 1536063996.875179 0.168478 0.239424 1.09746
-1 1536063996.882617 0.168336 0.239384 1.0975
-1 1536063996.897374 0.168237 0.239324 1.09753
-1 1536063996.905993 0.168168 0.239247 1.09757
-1 1536063996.919394 0.168112 0.239156 1.0976
-1 1536063996.928490 0.168064 0.239051 1.09762
-1 1536063996.936028 0.168042 0.238997 1.09764
-1 1536063996.946002 0.167993 0.238884 1.09766
