-1 1530706715.078261 0.10386 0.00453053 1.113
-1 1530706715.087952 0.103687 0.00435239 1.11302
-1 1530706715.100048 0.103653 0.0043472 1.11303
-1 1530706715.106755 0.103628 0.00434696 1.11303
-1 1530706715.113680 0.103604 0.00434863 1.11304
-1 1530706715.194847 0.103338 0.00439788 1.11307
-1 1530706715.228980 0.103167 0.00443316 1.11309
-1 1530706715.242095 0.103137 0.00444293 1.11309
-1 1530706715.254496 0.103088 0.00448069 1.11309
-1 1530706715.261570 0.10307 0.00450276 1.11309
-1 1530706715.270296 0.103052 0.00452224 1.11309
-1 1530706715.278541 0.103035 0.00454005 1.11309
-1 1530706715.282596 0.103027 0.00454833 1.11309
-1 1530706715.288385 0.10302 0.00455631 1.11308
-1 1530706715.298544 0.103007 0.00457105 1.11308
-1 1530706715.302847 0.102992 0.00457901 1.11307
-1 1530706715.312527 0.102977 0.00458225 1.11307
-1 1530706715.324051 0.102961 0.00458521 1.11307
-1 1530706715.331489 0.102946 0.00459035 1.11306
-1 1530706715.340399 0.102939 0.00460144 1.11306
-1 1530706715.346422 0.102935 0.00461693 1.11306
-1 1530706715.360577 0.102932 0.00464352 1.11306
-1 1530706715.436145 0.102813 0.00477722 1.11306
-1 1530706715.446773 0.1028 0.00480208 1.11306
-1 1530706715.453865 0.102771 0.00484854 1.11306
-1 1530706715.458391 0.102762 0.00486343 1.11306
-1 1530706715.464458 0.102754 0.00487699 1.11306
-1 1530706715.467394 0.102747 0.0048891 1.11306
-1 1530706715.475790 0.102741 0.00490959 1.11306
-1 1530706715.483171 0.10274 0.00491748 1.11306
-1 1530706715.493753 0.102751 0.00492749 1.11306
-1 1530706715.500389 0.10277 0.00493378 1.11306
-1 1530706715.506833 0.102782 0.00493793 1.11306
-1 1530706715.518083 0.102816 0.00496451 1.11305
-1 1530706715.527466 0.102837 0.00498622 1.11305
-1 1530706715.546136 0.102879 0.00502683 1.11304
-1 1530706715.557062 0.102886 0.00504582 1.11304
-1 1530706715.563516 0.102889 0.00506499 1.11303
-1 1530706715.571769 0.10289 0.00507533 1.11303
-1 1530706715.583833 0.102886 0.00509509 1.11303
-1 1530706715.590338 0.102877 0.00512845 1.11302
-1 1530706715.596651 0.102872 0.00514239 1.11302
-1 1530706715.605869 0.102871 0.00515297 1.11302
-1 1530706715.618645 0.102876 0.00516318 1.11301
-1 1530706715.626922 0.102886 0.00516677 1.11301
-1 1530706715.646649 0.102897 0.00516837 1.11301
-1 1530706715.652507 0.102941 0.00516087 1.11301
-1 1530706715.662089 0.102954 0.00516039 1.11301
-1 1530706715.668853 0.102986 0.00515822 1.11301
-1 1530706715.679287 0.103031 0.00515711 1.11301
-1 1530706715.695958 0.103069 0.00515828 1.11301
-1 1530706715.712034 0.103126 0.00517839 1.11301
-1 1530706715.722750 0.103142 0.00518854 1.11301
-1 1530706715.730149 0.103161 0.00519523 1.11301
-1 1530706715.740150 0.103182 0.00519866 1.11301
-1 1530706715.754162 0.103233 0.00519234 1.113
-1 1530706715.757830 0.103247 0.0051893 1.11301
-1 1530706715.764472 0.103263 0.00518598 1.11301
-1 1530706715.768369 0.103279 0.00518199 1.11301
-1 1530706715.773345 0.103293 0.00517607 1.11301
-1 1530706715.781335 0.103324 0.00516857 1.11301
-1 1530706715.790199 0.103357 0.00516353 1.11301
-1 1530706715.802125 0.103392 0.0051552 1.11301
-1 1530706715.810572 0.103448 0.00514329 1.11301
-1 1530706715.813242 0.103466 0.00513968 1.11301
-1 1530706715.822959 0.1035 0.00513675 1.11301
-1 1530706715.826563 0.103515 0.00513749 1.11301
-1 1530706715.834326 0.103547 0.0051452 1.11302
-1 1530706715.837666 0.103562 0.00515098 1.11302
-1 1530706715.849095 0.103604 0.00515774 1.11302
-1 1530706715.853907 0.103618 0.00515376 1.11302
-1 1530706715.860305 0.103632 0.00514789 1.11302
-1 1530706715.878357 0.10372 0.0051112 1.11302
-1 1530706715.883070 0.103741 0.00510401 1.11302
-1 1530706715.891263 0.103762 0.00509662 1.11302
-1 1530706715.895648 0.103802 0.0050779 1.11302
-1 1530706715.898855 0.103824 0.00506726 1.11302
-1 1530706715.908607 0.103871 0.00504456 1.11302
-1 1530706715.912735 0.103896 0.00503445 1.11302
-1 1530706715.919305 0.103924 0.0050243 1.11302
-1 1530706715.934411 0.10401 0.00499671 1.11302
-1 1530706715.943392 0.104091 0.00497701 1.11302
-1 1530706715.948149 0.104116 0.00497235 1.11302
-1 1530706715.955713 0.104163 0.00496131 1.11302
-1 1530706715.960313 0.104188 0.00495509 1.11302
-1 1530706715.967609 0.104238 0.00494465 1.11302
-1 1530706715.976712 0.10429 0.00493457 1.11301
-1 1530706715.985208 0.104343 0.00492439 1.11301
-1 1530706716.000774 0.104369 0.00491636 1.11301
-1 1530706716.011631 0.104492 0.00484144 1.11301
-1 1530706716.018092 0.104532 0.0048011 1.11301
-1 1530706716.024150 0.104569 0.00476648 1.11301
-1 1530706716.028538 0.104587 0.00475157 1.11301
-1 1530706716.041607 0.104629 0.00472628 1.11302
-1 1530706716.045002 0.104677 0.00470702 1.11302
-1 1530706716.049745 0.104705 0.00469678 1.11302
-1 1530706716.062927 0.104794 0.0046696 1.11301
-1 1530706716.069172 0.104865 0.00464958 1.11301
-1 1530706716.081081 0.104934 0.00463103 1.113
-1 1530706716.084754 0.104965 0.00462185 1.11299
-1 1530706716.091921 0.105023 0.00460539 1.11298
-1 1530706716.102923 0.105098 0.00457239 1.11297
-1 1530706716.112358 0.105122 0.00455603 1.11297
-1 1530706716.126023 0.10522 0.00447184 1.11296
-1 1530706716.132400 0.10527 0.00442825 1.11296
-1 1530706716.141228 0.105294 0.00440708 1.11296
-1 1530706716.148199 0.105337 0.00436452 1.11297
-1 1530706716.152125 0.105358 0.00434277 1.11298
-1 1530706716.158616 0.105379 0.00431929 1.11298
-1 1530706716.169195 0.105438 0.00424487 1.11299
-1 1530706716.176445 0.105476 0.00419771 1.113
-1 1530706716.186671 0.105533 0.00413252 1.11301
-1 1530706716.194126 0.10557 0.0040903 1.11302
-1 1530706716.212373 0.105608 0.00404615 1.11302
-1 1530706716.243450 0.105765 0.00379468 1.11302
-1 1530706716.260270 0.105846 0.0036845 1.11302
-1 1530706716.266863 0.105885 0.0036341 1.11302
-1 1530706716.274608 0.105926 0.00358663 1.11302
-1 1530706716.278845 0.105945 0.00356502 1.11302
-1 1530706716.285778 0.105964 0.00354457 1.11302
-1 1530706716.305061 0.106046 0.00345564 1.11304
-1 1530706716.310894 0.106077 0.0034183 1.11304
-1 1530706716.325883 0.106089 0.00339937 1.11305
-1 1530706716.330992 0.106126 0.00334729 1.11306
-1 1530706716.334491 0.106137 0.0033323 1.11307
-1 1530706716.339649 0.106149 0.00331745 1.11307
-1 1530706716.345799 0.10617 0.00328883 1.11308
-1 1530706716.352877 0.10618 0.00327303 1.11309
-1 1530706716.379742 0.106245 0.0031549 1.1131
-1 1530706716.386515 0.106277 0.00312568 1.11311
-1 1530706716.397448 0.10633 0.00307867 1.11312
-1 1530706716.403821 0.106345 0.00306481 1.11313
-1 1530706716.432153 0.1064 0.00296607 1.11316
-1 1530706716.441655 0.106413 0.00292128 1.11318
-1 1530706716.472220 0.106484 0.00278477 1.11324
-1 1530706716.479550 0.106525 0.0027453 1.11327
-1 1530706716.488330 0.106554 0.00272026 1.11329
-1 1530706716.507169 0.10662 0.00265916 1.11333
-1 1530706716.510782 0.10665 0.0026251 1.11336
-1 1530706716.517771 0.106664 0.00260738 1.11337
-1 1530706716.533345 0.106699 0.00255195 1.11341
-1 1530706716.537376 0.106724 0.00251391 1.11343
-1 1530706716.561371 0.106775 0.00241308 1.11349
-1 1530706716.575354 0.106812 0.00233713 1.11354
-1 1530706716.584284 0.10683 0.00229648 1.11357
-1 1530706716.590818 0.106848 0.00225634 1.1136
-1 1530706716.598479 0.106869 0.0022183 1.11364
-1 1530706716.611790 0.106897 0.00216201 1.11369
-1 1530706716.620011 0.106904 0.00214138 1.11371
-1 1530706716.627754 0.106918 0.00209733 1.11375
-1 1530706716.647057 0.106937 0.00204622 1.11378
-1 1530706716.653635 0.107002 0.00190818 1.11388
-1 1530706716.661043 0.107027 0.00184578 1.11391
-1 1530706716.668919 0.107039 0.00181457 1.11393
-1 1530706716.675375 0.107063 0.00175504 1.11397
-1 1530706716.680628 0.107075 0.00172599 1.11399
-1 1530706716.684632 0.107087 0.0016985 1.11401
-1 1530706716.688124 0.107101 0.00167172 1.11403
-1 1530706716.692795 0.107116 0.00164509 1.11405
-1 1530706716.696456 0.107132 0.00161883 1.11407
-1 1530706716.699578 0.107147 0.00159205 1.1141
-1 1530706716.710854 0.107176 0.00154034 1.11414
-1 1530706716.717352 0.107203 0.00149053 1.11418
-1 1530706716.721914 0.107216 0.0014681 1.1142
-1 1530706716.732773 0.10726 0.00141294 1.11427
-1 1530706716.738177 0.107275 0.00139789 1.1143
-1 1530706716.751599 0.107347 0.0013499 1.11439
-1 1530706716.758409 0.107367 0.00133829 1.11442
-1 1530706716.764382 0.107412 0.00131339 1.11447
-1 1530706716.770992 0.107435 0.00130004 1.1145
-1 1530706716.778662 0.107482 0.00127844 1.11456
-1 1530706716.791386 0.107533 0.00125952 1.11462
-1 1530706716.802257 0.107646 0.00122019 1.11474
-1 1530706716.821807 0.107802 0.00114972 1.1149
-1 1530706716.840276 0.107831 0.00113285 1.11493
-1 1530706716.848121 0.107889 0.00110066 1.115
-1 1530706716.857157 0.107942 0.00106711 1.11507
-1 1530706716.865206 0.107994 0.00103229 1.11513
-1 1530706716.877033 0.10804 0.00100028 1.11521
-1 1530706716.884279 0.108099 0.000950045 1.11532
-1 1530706716.891798 0.108141 0.00091436 1.11539
-1 1530706716.902293 0.108188 0.000877854 1.11547
-1 1530706716.921983 0.108337 0.000757925 1.11571
-1 1530706716.954201 0.108544 0.000589032 1.1161
-1 1530706716.961615 0.10859 0.000550753 1.1162
-1 1530706717.003077 0.108827 0.000317614 1.11667
-1 1530706717.021374 0.10892 0.000213566 1.11687
-1 1530706717.099487 0.109394 -0.000169566 1.11794
-1 1530706717.108568 0.109441 -0.000204886 1.11806
-1 1530706717.111281 0.109466 -0.00022203 1.11812
-1 1530706717.118481 0.109489 -0.000239463 1.11819
-1 1530706717.137898 0.109602 -0.000323777 1.1185
-1 1530706717.143221 0.109628 -0.000340075 1.11856
-1 1530706717.151250 0.109678 -0.000371603 1.11869
-1 1530706717.157060 0.109703 -0.000388397 1.11876
-1 1530706717.162869 0.109748 -0.000422666 1.11889
-1 1530706717.169959 0.109795 -0.000456953 1.11902
-1 1530706717.175730 0.109817 -0.000473834 1.11909
-1 1530706717.183750 0.109865 -0.000504686 1.11922
-1 1530706717.209582 0.110028 -0.000605632 1.11962
-1 1530706717.222168 0.110082 -0.000645024 1.11976
-1 1530706717.238107 0.110219 -0.000740696 1.1201
-1 1530706717.252336 0.110307 -0.000799163 1.12031
-1 1530706717.265461 0.110396 -0.000853568 1.12051
-1 1530706717.272030 0.11046 -0.000881804 1.12064
-1 1530706717.281771 0.110525 -0.000909181 1.12077
-1 1530706717.289668 0.110591 -0.000934569 1.12091
-1 1530706717.301787 0.110696 -0.00096499 1.1211
-1 1530706717.318342 0.110821 -0.00100142 1.12136
-1 1530706717.326500 0.11088 -0.00101976 1.12149
-1 1530706717.341515 0.110952 -0.0010557 1.12168
-1 1530706717.350483 0.111027 -0.00109462 1.12187
-1 1530706717.374431 0.111103 -0.00113631 1.12207
-1 1530706717.378500 0.111178 -0.00118684 1.12228
-1 1530706717.387896 0.111204 -0.00120622 1.12234
-1 1530706717.394027 0.111275 -0.00126661 1.12255
-1 1530706717.420488 0.111462 -0.00141435 1.12303
-1 1530706717.431967 0.111528 -0.00145714 1.12317
-1 1530706717.440417 0.111599 -0.00149768 1.1233
-1 1530706717.445959 0.111671 -0.00153396 1.12344
-1 1530706717.453855 0.111743 -0.00156743 1.12358
-1 1530706717.472384 0.111779 -0.00158306 1.12365
-1 1530706717.479854 0.111962 -0.00164961 1.124
-1 1530706717.490440 0.112029 -0.00167429 1.12414
-1 1530706717.493256 0.11206 -0.00168892 1.12421
-1 1530706717.498195 0.112089 -0.00170496 1.12428
-1 1530706717.507184 0.11215 -0.00174208 1.12442
-1 1530706717.512404 0.11218 -0.00176443 1.12449
-1 1530706717.518899 0.112232 -0.00180489 1.12462
-1 1530706717.522839 0.112261 -0.00182536 1.12468
-1 1530706717.533425 0.112347 -0.00188445 1.12488
-1 1530706717.538608 0.112373 -0.00190247 1.12494
-1 1530706717.545000 0.112427 -0.0019402 1.12508
-1 1530706717.550739 0.112452 -0.00195998 1.12514
-1 1530706717.553863 0.112479 -0.00198026 1.12521
-1 1530706717.558016 0.112509 -0.00199945 1.12527
-1 1530706717.564884 0.112573 -0.00203637 1.1254
-1 1530706717.568985 0.112607 -0.0020529 1.12547
-1 1530706717.573751 0.112641 -0.00206991 1.12553
-1 1530706717.582671 0.112675 -0.00208885 1.1256
-1 1530706717.589695 0.112739 -0.00212987 1.12573
-1 1530706717.597714 0.112796 -0.00217061 1.12586
-1 1530706717.605869 0.112845 -0.00220864 1.12599
-1 1530706717.616656 0.112899 -0.00224933 1.12612
-1 1530706717.624645 0.112953 -0.00229058 1.12625
-1 1530706717.635442 0.11298 -0.00230923 1.12632
-1 1530706717.645722 0.113078 -0.002364 1.12658
-1 1530706717.667672 0.113207 -0.00245329 1.12696
-1 1530706717.671489 0.113225 -0.00247109 1.12703
-1 1530706717.680722 0.113259 -0.00250765 1.12716
-1 1530706717.688013 0.113292 -0.00254881 1.12728
-1 1530706717.700121 0.113341 -0.00263072 1.12748
-1 1530706717.710256 0.11338 -0.00269293 1.12762
-1 1530706717.715210 0.1134 -0.00272348 1.12769
-1 1530706717.724131 0.113451 -0.00278426 1.12782
-1 1530706717.740796 0.11354 -0.00289057 1.12809
-1 1530706717.858254 0.113809 -0.0033354 1.13
-1 1530706717.866141 0.113819 -0.00336779 1.13012
-1 1530706717.883189 0.113832 -0.00341512 1.13032
-1 1530706717.890295 0.113846 -0.00345116 1.13044
-1 1530706717.902200 0.113863 -0.00349684 1.13063
-1 1530706717.911430 0.113871 -0.00351827 1.13076
-1 1530706717.919845 0.113889 -0.00353866 1.13088
-1 1530706717.926744 0.113898 -0.00355637 1.131
-1 1530706717.933921 0.113913 -0.0035697 1.13114
-1 1530706717.940568 0.113918 -0.00357554 1.13121
-1 1530706717.947984 0.113924 -0.00358842 1.13136
-1 1530706717.957874 0.113923 -0.00360052 1.1315
-1 1530706717.962625 0.113923 -0.00361372 1.13164
-1 1530706717.970445 0.113932 -0.003631 1.13179
-1 1530706717.977202 0.113942 -0.00365097 1.13193
-1 1530706717.987741 0.113949 -0.00367294 1.13209
-1 1530706717.995473 0.11396 -0.00369809 1.13224
-1 1530706718.003844 0.113987 -0.00372932 1.13239
-1 1530706718.008940 0.113997 -0.00374744 1.13246
-1 1530706718.017591 0.114012 -0.00378775 1.13262
-1 1530706718.073557 0.114065 -0.00410131 1.13369
-1 1530706718.080575 0.114076 -0.00415304 1.13384
-1 1530706718.089519 0.114079 -0.00417874 1.13392
-1 1530706718.100852 0.114085 -0.00423284 1.13407
-1 1530706718.103970 0.114088 -0.00429093 1.13423
-1 1530706718.110669 0.11409 -0.00432257 1.1343
-1 1530706718.118335 0.114092 -0.00435671 1.13438
-1 1530706718.125208 0.114121 -0.00446174 1.1346
-1 1530706718.134700 0.114126 -0.00453452 1.13475
-1 1530706718.145374 0.114134 -0.00463647 1.13498
-1 1530706718.149284 0.114141 -0.00467098 1.13505
-1 1530706718.157209 0.114144 -0.00470509 1.13512
-1 1530706718.171410 0.114157 -0.00483756 1.13542
-1 1530706718.181986 0.114172 -0.00489277 1.13556
-1 1530706718.190145 0.11418 -0.00494142 1.1357
-1 1530706718.197108 0.114188 -0.00498464 1.13584
-1 1530706718.229744 0.1142 -0.00519404 1.13639
-1 1530706718.240355 0.114199 -0.00526078 1.13652
-1 1530706718.247385 0.114199 -0.00532483 1.13665
-1 1530706718.251097 0.114195 -0.00535676 1.13672
-1 1530706718.289361 0.11413 -0.0056414 1.13728
-1 1530706718.297441 0.11413 -0.00567268 1.13734
-1 1530706718.306892 0.114125 -0.00576878 1.13752
-1 1530706718.315400 0.114118 -0.0058658 1.13769
-1 1530706718.324411 0.114107 -0.00591815 1.13781
-1 1530706718.329790 0.114101 -0.00594223 1.13787
-1 1530706718.369977 0.114088 -0.00614075 1.13827
-1 1530706718.375454 0.114079 -0.00622343 1.13844
-1 1530706718.381064 0.114077 -0.00627551 1.13854
-1 1530706718.391925 0.114079 -0.0063298 1.13864
-1 1530706718.435426 0.114101 -0.00668117 1.13915
-1 1530706718.439692 0.114098 -0.0067183 1.13919
-1 1530706718.457422 0.114056 -0.00693093 1.1394
-1 1530706718.467731 0.114044 -0.00702731 1.13947
-1 1530706718.470644 0.114041 -0.00707694 1.13951
-1 1530706718.480317 0.114037 -0.00717724 1.1396
-1 1530706718.488120 0.114035 -0.0072732 1.13968
-1 1530706718.495135 0.114039 -0.0073625 1.13976
-1 1530706718.502903 0.114053 -0.00744904 1.13984
-1 1530706718.512351 0.114063 -0.00749001 1.13988
-1 1530706718.540226 0.114151 -0.00772752 1.14016
-1 1530706718.551230 0.114175 -0.00778605 1.14023
-1 1530706718.565118 0.114194 -0.00783781 1.1403
-1 1530706718.571248 0.114213 -0.00793756 1.14044
-1 1530706718.578596 0.114207 -0.00798753 1.1405
-1 1530706718.587611 0.114198 -0.00804189 1.14057
-1 1530706718.599552 0.114183 -0.0081211 1.14067
-1 1530706718.609895 0.114168 -0.00817849 1.14072
-1 1530706718.621562 0.114148 -0.00826372 1.14082
-1 1530706718.630183 0.114141 -0.00832298 1.14088
-1 1530706718.640102 0.114139 -0.00838449 1.14093
-1 1530706718.660041 0.114141 -0.00845272 1.14099
-1 1530706718.667873 0.11417 -0.00864144 1.14113
-1 1530706718.674363 0.114179 -0.00868174 1.14116
-1 1530706718.688622 0.114206 -0.00883968 1.14127
-1 1530706718.710973 0.114235 -0.00899126 1.14139
-1 1530706718.717002 0.114249 -0.00902919 1.14143
-1 1530706718.721483 0.114261 -0.00904573 1.14145
-1 1530706718.733242 0.114287 -0.00907585 1.14149
-1 1530706718.738200 0.114316 -0.0091013 1.14153
-1 1530706718.745507 0.114348 -0.00912452 1.14156
-1 1530706718.750891 0.114365 -0.009137 1.14158
-1 1530706718.757847 0.114382 -0.00915096 1.14159
-1 1530706718.761826 0.114418 -0.00917722 1.14163
-1 1530706718.768006 0.114438 -0.00919306 1.14164
-1 1530706718.774719 0.114483 -0.00922935 1.14168
-1 1530706718.781202 0.114505 -0.00924863 1.14169
-1 1530706718.785738 0.114528 -0.00926762 1.14171
-1 1530706718.789199 0.11455 -0.009286 1.14172
-1 1530706718.797322 0.114594 -0.0093182 1.14174
-1 1530706718.804749 0.114636 -0.00934622 1.14176
-1 1530706718.810723 0.114654 -0.00935978 1.14177
-1 1530706718.839216 0.114778 -0.00941264 1.14182
-1 1530706718.851537 0.114817 -0.00941944 1.14183
-1 1530706718.861317 0.114841 -0.00942995 1.14184
-1 1530706718.866771 0.114867 -0.00944473 1.14185
-1 1530706718.877100 0.114878 -0.00945275 1.14186
-1 1530706718.887557 0.114934 -0.00947568 1.14187
-1 1530706718.899057 0.114964 -0.00947974 1.14187
-1 1530706718.903731 0.114995 -0.00947544 1.14187
-1 1530706718.907866 0.115012 -0.00947213 1.14187
-1 1530706718.911262 0.115032 -0.00946949 1.14187
-1 1530706718.917872 0.115053 -0.00946529 1.14187
-1 1530706718.946274 0.115234 -0.00938796 1.14185
-1 1530706718.950566 0.115265 -0.009376 1.14184
-1 1530706718.954661 0.115297 -0.00936451 1.14184
-1 1530706719.168763 0.115327 -0.00935476 1.14183
-1 1530706719.175601 0.116125 -0.0104602 1.14185
-1 1530706719.184668 0.11614 -0.0105997 1.14186
-1 1530706719.191376 0.116149 -0.0107465 1.14187
-1 1530706719.206571 0.116141 -0.01104 1.14188
-1 1530706719.217345 0.116114 -0.0112698 1.1419
-1 1530706719.224325 0.116098 -0.0114378 1.14191
-1 1530706719.235193 0.116086 -0.0116217 1.14192
-1 1530706719.261553 0.116068 -0.0122645 1.14195
-1 1530706719.268981 0.116063 -0.0124903 1.14197
-1 1530706719.279235 0.116057 -0.0127162 1.14198
-1 1530706719.290788 0.116053 -0.0130612 1.14199
-1 1530706719.297531 0.116051 -0.0132887 1.142
-1 1530706719.308050 0.11604 -0.0135205 1.14201
-1 1530706719.316719 0.116024 -0.0137624 1.14202
-1 1530706719.330762 0.115999 -0.0141406 1.14202
-1 1530706719.335541 0.115978 -0.0144178 1.14203
-1 1530706719.343124 0.11595 -0.0147118 1.14204
-1 1530706719.347245 0.115932 -0.0148649 1.14205
-1 1530706719.354320 0.11589 -0.015183 1.14206
-1 1530706719.362782 0.115843 -0.0155174 1.14206
-1 1530706719.373266 0.115773 -0.0160441 1.14208
-1 1530706719.383249 0.115748 -0.0162241 1.14208
-1 1530706719.400189 0.115623 -0.0171646 1.14211
-1 1530706719.410827 0.11557 -0.0175682 1.14212
-1 1530706719.418923 0.11552 -0.0179863 1.14212
-1 1530706719.426551 0.115475 -0.0184147 1.14213
-1 1530706719.433546 0.115423 -0.0188452 1.14214
-1 1530706719.438833 0.11539 -0.0190633 1.14214
-1 1530706719.445192 0.115314 -0.0195028 1.14214
-1 1530706719.448913 0.115272 -0.0197258 1.14214
-1 1530706719.461803 0.115186 -0.0201786 1.14215
-1 1530706719.466754 0.115098 -0.0206354 1.14215
-1 1530706719.491599 0.11482 -0.0220277 1.14218
-1 1530706719.500916 0.114724 -0.0225034 1.14218
-1 1530706719.507635 0.114629 -0.0229908 1.14219
-1 1530706719.518086 0.114534 -0.0234894 1.14219
-1 1530706719.523934 0.114444 -0.0239837 1.14219
-1 1530706719.547368 0.114181 -0.02555 1.1422
-1 1530706719.551024 0.114141 -0.025828 1.1422
-1 1530706719.559966 0.114101 -0.0261076 1.1422
-1 1530706719.563006 0.114061 -0.026389 1.1422
-1 1530706719.568308 0.114023 -0.0266722 1.1422
-1 1530706719.575133 0.113987 -0.0269567 1.1422
-1 1530706719.583432 0.113875 -0.0278064 1.1422
-1 1530706719.593212 0.113836 -0.0280821 1.1422
-1 1530706719.597261 0.113755 -0.0286288 1.1422
-1 1530706719.603519 0.113714 -0.0289038 1.1422
-1 1530706719.620341 0.113472 -0.0302949 1.1422
-1 1530706719.629315 0.113354 -0.0308708 1.1422
-1 1530706719.640059 0.113236 -0.0314499 1.1422
-1 1530706719.655507 0.113119 -0.0320356 1.14219
-1 1530706719.660548 0.112902 -0.033254 1.14219
-1 1530706719.671130 0.112802 -0.0338815 1.14218
-1 1530706719.681149 0.112706 -0.0345213 1.14217
-1 1530706719.723374 0.11249 -0.0365135 1.14215
-1 1530706719.734472 0.112302 -0.0385442 1.1421
-1 1530706719.741619 0.112187 -0.0395725 1.14207
-1 1530706719.749362 0.112109 -0.0402673 1.14205
-1 1530706719.752774 0.112067 -0.0406122 1.14204
-1 1530706719.789200 0.111777 -0.0434432 1.14196
-1 1530706719.801139 0.111722 -0.044182 1.14195
-1 1530706719.812165 0.11165 -0.045288 1.14193
-1 1530706719.817747 0.111603 -0.0460345 1.14191
-1 1530706719.825075 0.111559 -0.0467936 1.1419
-1 1530706719.838634 0.111537 -0.0471753 1.14189
-1 1530706719.849970 0.111476 -0.0483148 1.14187
-1 1530706719.854608 0.111456 -0.0486915 1.14186
-1 1530706719.861940 0.111413 -0.0494425 1.14185
-1 1530706719.870840 0.111368 -0.0501842 1.14183
-1 1530706719.877771 0.11133 -0.0509137 1.14181
-1 1530706719.885728 0.111302 -0.0516379 1.1418
-1 1530706719.892452 0.111289 -0.0520022 1.14179
-1 1530706719.900862 0.111254 -0.0531013 1.14177
-1 1530706719.908344 0.111231 -0.0538342 1.14176
-1 1530706719.921527 0.111206 -0.0545646 1.14174
-1 1530706719.935233 0.11118 -0.0564366 1.14168
-1 1530706719.964280 0.111198 -0.0590372 1.14158
-1 1530706719.970083 0.111189 -0.0594165 1.14156
-1 1530706719.974731 0.111179 -0.0597964 1.14154
-1 1530706719.978910 0.111168 -0.0601793 1.14153
-1 1530706719.991696 0.111125 -0.0613194 1.14148
-1 1530706719.996500 0.111109 -0.0616971 1.14146
-1 1530706719.999737 0.111095 -0.0620731 1.14145
-1 1530706720.005259 0.111079 -0.0624455 1.14143
-1 1530706720.012543 0.111053 -0.0631824 1.14139
-1 1530706720.016291 0.111039 -0.0635449 1.14138
-1 1530706720.025985 0.11101 -0.0642595 1.14134
-1 1530706720.032810 0.110984 -0.0649725 1.14131
-1 1530706720.037912 0.110968 -0.0653297 1.14129
-1 1530706720.045097 0.110933 -0.066049 1.14125
-1 1530706720.054340 0.110909 -0.066773 1.14121
-1 1530706720.059519 0.110896 -0.0675052 1.14117
-1 1530706720.064249 0.110891 -0.0678773 1.14115
-1 1530706720.074909 0.110888 -0.0686253 1.1411
-1 1530706720.087285 0.110898 -0.0693585 1.14106
-1 1530706720.093411 0.110928 -0.070404 1.141
-1 1530706720.097489 0.110938 -0.0707426 1.14097
-1 1530706720.116551 0.111002 -0.0723844 1.14087
-1 1530706720.123746 0.111036 -0.0730143 1.14082
-1 1530706720.130677 0.111059 -0.0733142 1.1408
-1 1530706720.138144 0.111109 -0.0739054 1.14075
-1 1530706720.151037 0.111166 -0.074499 1.14071
-1 1530706720.154604 0.111223 -0.07511 1.14066
-1 1530706720.159524 0.111249 -0.0754197 1.14063
-1 1530706720.171024 0.111323 -0.0763497 1.14056
-1 1530706720.178567 0.111368 -0.0769583 1.14051
-1 1530706720.183036 0.111385 -0.0772643 1.14049
-1 1530706720.194447 0.111424 -0.078177 1.14042
-1 1530706720.201959 0.111446 -0.078764 1.14037
-1 1530706720.207741 0.11146 -0.0790488 1.14034
-1 1530706720.213490 0.111476 -0.0793293 1.14032
-1 1530706720.221485 0.111516 -0.07988 1.14027
-1 1530706720.240709 0.111588 -0.0809567 1.14017
-1 1530706720.246708 0.11163 -0.0814786 1.14012
-1 1530706720.254741 0.111654 -0.0817373 1.1401
-1 1530706720.260414 0.111709 -0.0822604 1.14005
-1 1530706720.266751 0.111766 -0.082787 1.14
-1 1530706720.271038 0.111792 -0.0830465 1.13997
-1 1530706720.284940 0.111833 -0.0835535 1.13992
-1 1530706720.292599 0.111886 -0.084318 1.13984
-1 1530706720.298344 0.111912 -0.0848237 1.13979
-1 1530706720.312809 0.111933 -0.0853262 1.13974
-1 1530706720.318600 0.111964 -0.0858265 1.1397
-1 1530706720.323948 0.11198 -0.0860582 1.13967
-1 1530706720.327065 0.111989 -0.0862911 1.13964
-1 1530706720.334047 0.111991 -0.0865274 1.13962
-1 1530706720.340933 0.111981 -0.0870031 1.13957
-1 1530706720.343212 0.11197 -0.0872403 1.13955
-1 1530706720.347762 0.111961 -0.0874759 1.13952
-1 1530706720.354944 0.111954 -0.0877129 1.1395
-1 1530706720.359643 0.111955 -0.0881854 1.13945
-1 1530706720.367946 0.111962 -0.0886467 1.1394
-1 1530706720.375624 0.111972 -0.0890886 1.13936
-1 1530706720.383897 0.111973 -0.0895092 1.13931
-1 1530706720.389255 0.111971 -0.0897185 1.13928
-1 1530706720.396361 0.111971 -0.0901323 1.13924
-1 1530706720.400360 0.111975 -0.0903355 1.13921
-1 1530706720.407291 0.111983 -0.0907373 1.13916
-1 1530706720.417990 0.111998 -0.0911451 1.13911
-1 1530706720.421417 0.112006 -0.091363 1.13908
-1 1530706720.430532 0.112023 -0.0918331 1.13901
-1 1530706720.434200 0.112035 -0.0920869 1.13898
-1 1530706720.444932 0.112084 -0.0928848 1.13887
-1 1530706720.447356 0.112101 -0.0931495 1.13884
-1 1530706720.451744 0.112118 -0.0934095 1.1388
-1 1530706720.460724 0.112132 -0.0936631 1.13877
-1 1530706720.473045 0.112168 -0.0943988 1.13868
-1 1530706720.482568 0.112197 -0.0950985 1.1386
-1 1530706720.492173 0.112209 -0.0953257 1.13857
-1 1530706720.502091 0.112229 -0.0957594 1.13851
-1 1530706720.508395 0.112235 -0.0961682 1.13846
-1 1530706720.511755 0.112234 -0.0963649 1.13843
-1 1530706720.520394 0.112225 -0.0967399 1.13839
-1 1530706720.523182 0.11222 -0.0969186 1.13837
-1 1530706720.530960 0.112223 -0.0972375 1.13832
-1 1530706720.535904 0.112227 -0.097396 1.13829
-1 1530706720.574542 0.11228 -0.0992392 1.13799
-1 1530706720.580706 0.112284 -0.099432 1.13796
-1 1530706720.585213 0.112287 -0.0996251 1.13793
-1 1530706720.592132 0.11228 -0.100025 1.13785
-1 1530706720.599050 0.112255 -0.100438 1.13777
-1 1530706720.610320 0.112215 -0.100856 1.1377
-1 1530706720.613091 0.11219 -0.101065 1.13766
-1 1530706720.617605 0.112158 -0.101268 1.13762
-1 1530706720.624728 0.112125 -0.101462 1.13759
-1 1530706720.628865 0.11206 -0.101828 1.13752
-1 1530706720.635701 0.112027 -0.102001 1.13748
-1 1530706720.646682 0.111961 -0.102341 1.13741
-1 1530706720.653303 0.111883 -0.102657 1.13735
-1 1530706720.675488 0.111792 -0.102959 1.13728
-1 1530706720.680682 0.111707 -0.103282 1.13722
-1 1530706720.692337 0.111637 -0.103615 1.13716
-1 1530706720.703146 0.111552 -0.104228 1.13706
-1 1530706720.710138 0.111542 -0.104508 1.13701
-1 1530706720.714970 0.111546 -0.104643 1.13699
-1 1530706720.722381 0.111565 -0.104916 1.13695
-1 1530706720.731387 0.111601 -0.105164 1.1369
-1 1530706720.740041 0.111619 -0.105412 1.13686
-1 1530706720.745262 0.111623 -0.105662 1.13682
-1 1530706720.781827 0.1116 -0.105908 1.13678
-1 1530706720.789604 0.111317 -0.106935 1.13664
-1 1530706720.795404 0.111218 -0.107128 1.13662
-1 1530706720.804471 0.111117 -0.107297 1.1366
-1 1530706720.809661 0.111074 -0.107377 1.13659
-1 1530706720.820425 0.110971 -0.107607 1.13655
-1 1530706720.828005 0.11091 -0.107747 1.13653
-1 1530706720.835660 0.110853 -0.107885 1.13651
-1 1530706720.843622 0.110825 -0.107955 1.1365
-1 1530706720.848332 0.110775 -0.1081 1.13648
-1 1530706720.851457 0.110749 -0.108175 1.13647
-1 1530706720.855374 0.110724 -0.108254 1.13646
-1 1530706720.859660 0.110698 -0.108335 1.13645
-1 1530706720.868061 0.110641 -0.108508 1.13643
-1 1530706720.872130 0.11061 -0.108596 1.13642
-1 1530706720.883179 0.110575 -0.108683 1.13641
-1 1530706720.890902 0.110449 -0.108942 1.1364
-1 1530706720.919025 0.110347 -0.109112 1.1364
-1 1530706720.926588 0.109999 -0.109683 1.1364
-1 1530706720.936677 0.109891 -0.10984 1.13641
-1 1530706720.947480 0.109775 -0.109999 1.13641
-1 1530706720.955220 0.109617 -0.110243 1.1364
-1 1530706720.960431 0.109568 -0.110325 1.1364
-1 1530706720.964301 0.109521 -0.110406 1.13639
-1 1530706720.972627 0.109434 -0.110563 1.13639
-1 1530706720.975635 0.109397 -0.110639 1.13638
-1 1530706720.980264 0.109363 -0.110714 1.13637
-1 1530706720.987119 0.109332 -0.11079 1.13637
-1 1530706720.993496 0.109276 -0.110938 1.13636
-1 1530706720.998182 0.10925 -0.111014 1.13635
-1 1530706721.002024 0.109221 -0.111092 1.13635
-1 1530706721.009584 0.109158 -0.111255 1.13634
-1 1530706721.012851 0.109124 -0.111343 1.13633
-1 1530706721.017890 0.109086 -0.111434 1.13632
-1 1530706721.025501 0.109 -0.111621 1.1363
-1 1530706721.030388 0.108957 -0.111717 1.1363
-1 1530706721.037674 0.108877 -0.111909 1.13627
-1 1530706721.044839 0.108809 -0.112097 1.13625
-1 1530706721.053020 0.108755 -0.112273 1.13623
-1 1530706721.061756 0.108731 -0.112358 1.13622
-1 1530706721.070633 0.108687 -0.112523 1.1362
-1 1530706721.075242 0.108648 -0.112682 1.13618
-1 1530706721.082494 0.108612 -0.112834 1.13616
-1 1530706721.090957 0.108594 -0.11291 1.13616
-1 1530706721.093642 0.108576 -0.112987 1.13615
-1 1530706721.101237 0.108538 -0.11315 1.13613
-1 1530706721.105699 0.108519 -0.113234 1.13612
-1 1530706721.120058 0.108434 -0.113541 1.13609
-1 1530706721.122797 0.108405 -0.113605 1.13608
-1 1530706721.137173 0.108339 -0.113727 1.13607
-1 1530706721.145621 0.108263 -0.113852 1.13606
-1 1530706721.151359 0.108184 -0.11398 1.13604
-1 1530706721.159722 0.108107 -0.11411 1.13602
-1 1530706721.168145 0.108034 -0.114234 1.13601
-1 1530706721.174582 0.107997 -0.114293 1.136
-1 1530706721.179533 0.107923 -0.114405 1.13599
-1 1530706721.184031 0.107886 -0.11446 1.13598
-1 1530706721.187680 0.107846 -0.114514 1.13598
-1 1530706721.194688 0.107803 -0.114568 1.13597
-1 1530706721.200023 0.107706 -0.114679 1.13596
-1 1530706721.212925 0.107595 -0.114795 1.13596
-1 1530706721.224608 0.107359 -0.115045 1.13595
-1 1530706721.240869 0.107208 -0.115239 1.13596
-1 1530706721.250824 0.107132 -0.115361 1.13596
-1 1530706721.260237 0.107037 -0.115547 1.13597
-1 1530706721.263244 0.107002 -0.115612 1.13597
-1 1530706721.268140 0.106966 -0.115676 1.13597
-1 1530706721.272001 0.106928 -0.115741 1.13597
-1 1530706721.279108 0.106844 -0.115869 1.13598
-1 1530706721.284388 0.106794 -0.115929 1.13598
-1 1530706721.289473 0.106738 -0.115986 1.13599
-1 1530706721.293264 0.10668 -0.116037 1.13599
-1 1530706721.300878 0.106555 -0.116135 1.136
-1 1530706721.308791 0.10643 -0.116228 1.13602
-1 1530706721.316024 0.10631 -0.116318 1.13604
-1 1530706721.320053 0.10626 -0.116356 1.13604
-1 1530706721.323394 0.106205 -0.116399 1.13605
-1 1530706721.330754 0.106152 -0.116443 1.13606
-1 1530706721.368856 0.105744 -0.116744 1.13616
-1 1530706721.374399 0.10565 -0.11679 1.13617
-1 1530706721.385107 0.105552 -0.116842 1.13619
-1 1530706721.392300 0.105454 -0.116911 1.1362
-1 1530706721.399659 0.105366 -0.116994 1.13621
-1 1530706721.403642 0.105328 -0.117039 1.13621
-1 1530706721.408140 0.105291 -0.117086 1.13622
-1 1530706721.411995 0.105259 -0.117133 1.13622
-1 1530706721.420269 0.105208 -0.117222 1.13623
-1 1530706721.427329 0.105165 -0.117301 1.13625
-1 1530706721.432668 0.105144 -0.117333 1.13625
-1 1530706721.439280 0.105121 -0.117361 1.13626
-1 1530706721.448914 0.105071 -0.117405 1.13627
-1 1530706721.458845 0.104989 -0.117452 1.13629
-1 1530706721.462853 0.10496 -0.117461 1.1363
-1 1530706721.469116 0.10493 -0.11747 1.13631
-1 1530706721.476978 0.104868 -0.117492 1.13632
-1 1530706721.485501 0.104809 -0.117514 1.13633
-1 1530706721.490715 0.104755 -0.117539 1.13633
-1 1530706721.512291 0.104626 -0.117605 1.13634
-1 1530706721.521056 0.104591 -0.117637 1.13635
-1 1530706721.530049 0.104578 -0.117676 1.13635
-1 1530706721.541653 0.104557 -0.117731 1.13634
-1 1530706721.550197 0.10454 -0.117779 1.13634
-1 1530706721.555945 0.10453 -0.11783 1.13634
-1 1530706721.562700 0.104526 -0.117879 1.13634
-1 1530706721.572203 0.104529 -0.117901 1.13633
-1 1530706721.582987 0.104544 -0.117947 1.13632
-1 1530706721.588135 0.104574 -0.117994 1.13631
-1 1530706721.594577 0.10459 -0.118019 1.1363
-1 1530706721.602570 0.104641 -0.11811 1.13628
-1 1530706721.614929 0.104703 -0.118211 1.13625
-1 1530706721.639745 0.104833 -0.118403 1.1362
-1 1530706721.648900 0.104871 -0.118453 1.13619
-1 1530706721.660983 0.104926 -0.11855 1.13616
-1 1530706721.668515 0.104963 -0.118622 1.13614
-1 1530706721.678958 0.104998 -0.118695 1.13612
-1 1530706721.690758 0.105043 -0.118809 1.1361
-1 1530706721.699657 0.105095 -0.118918 1.13606
-1 1530706721.705119 0.105116 -0.118953 1.13605
-1 1530706721.724667 0.105156 -0.119025 1.13603
-1 1530706721.732271 0.105265 -0.119257 1.13597
-1 1530706721.740710 0.105287 -0.119313 1.13596
-1 1530706721.811995 0.105817 -0.120459 1.13582
-1 1530706721.822270 0.10586 -0.120545 1.13581
-1 1530706721.831393 0.105932 -0.120664 1.1358
-1 1530706721.842377 0.105956 -0.120704 1.13579
-1 1530706721.853221 0.10602 -0.120837 1.13579
-1 1530706721.860137 0.106063 -0.120927 1.13578
-1 1530706721.871144 0.106108 -0.121015 1.13577
-1 1530706721.894263 0.106205 -0.121154 1.13576
-1 1530706721.902134 0.106287 -0.121315 1.13573
-1 1530706721.906806 0.106304 -0.121365 1.13573
-1 1530706721.913404 0.106343 -0.121466 1.13571
-1 1530706721.921582 0.106397 -0.12156 1.1357
-1 1530706721.933953 0.106465 -0.12172 1.13568
-1 1530706721.942864 0.106497 -0.121831 1.13567
-1 1530706721.949890 0.106517 -0.121938 1.13566
-1 1530706721.953270 0.106525 -0.121988 1.13565
-1 1530706721.960691 0.106533 -0.122037 1.13565
-1 1530706721.967687 0.106551 -0.122129 1.13564
-1 1530706721.977456 0.106577 -0.122254 1.13564
-1 1530706721.994775 0.106597 -0.122327 1.13563
-1 1530706721.997758 0.106624 -0.122395 1.13563
-1 1530706722.003106 0.10664 -0.122427 1.13563
-1 1530706722.010542 0.106671 -0.122493 1.13562
-1 1530706722.019514 0.106692 -0.122552 1.13562
-1 1530706722.026070 0.106705 -0.1226 1.13561
-1 1530706722.039467 0.106721 -0.122671 1.13561
-1 1530706722.048203 0.10673 -0.122724 1.13561
-1 1530706722.055194 0.106735 -0.122779 1.1356
-1 1530706722.066706 0.106736 -0.122854 1.13559
-1 1530706722.073888 0.106732 -0.122903 1.13558
-1 1530706722.081574 0.10673 -0.122927 1.13558
-1 1530706722.087427 0.106731 -0.122979 1.13558
-1 1530706722.096792 0.106731 -0.123007 1.13557
-1 1530706722.104108 0.106732 -0.123097 1.13557
-1 1530706722.112278 0.106735 -0.123124 1.13558
-1 1530706722.118115 0.106747 -0.123173 1.13558
-1 1530706722.127692 0.106777 -0.123215 1.13558
-1 1530706722.134401 0.10681 -0.123261 1.13559
-1 1530706722.141653 0.106849 -0.123301 1.1356
-1 1530706722.145565 0.106871 -0.12332 1.1356
-1 1530706722.153206 0.106911 -0.123365 1.1356
-1 1530706722.158038 0.106927 -0.12339 1.1356
-1 1530706722.169581 0.106947 -0.123435 1.1356
-1 1530706722.178121 0.106957 -0.12347 1.13561
-1 1530706722.181912 0.10696 -0.123482 1.13561
-1 1530706722.190122 0.10696 -0.123501 1.13561
-1 1530706722.205384 0.106949 -0.123541 1.13563
-1 1530706722.208571 0.106942 -0.123551 1.13563
-1 1530706722.213295 0.10693 -0.123558 1.13564
-1 1530706722.219664 0.106916 -0.123564 1.13565
-1 1530706722.227671 0.106882 -0.12357 1.13567
-1 1530706722.230199 0.106865 -0.123573 1.13568
-1 1530706722.239022 0.10685 -0.123577 1.1357
-1 1530706722.241755 0.106824 -0.123575 1.13574
-1 1530706722.251051 0.10681 -0.123558 1.13578
-1 1530706722.256557 0.106809 -0.123547 1.1358
-1 1530706722.261376 0.106812 -0.123533 1.13582
-1 1530706722.264691 0.106817 -0.12352 1.13585
-1 1530706722.269914 0.106827 -0.123508 1.13587
-1 1530706722.278305 0.106849 -0.123492 1.13591
-1 1530706722.283821 0.106864 -0.123489 1.13594
-1 1530706722.287931 0.106881 -0.123488 1.13596
-1 1530706722.292200 0.106898 -0.123487 1.13598
-1 1530706722.295938 0.106914 -0.123486 1.136
-1 1530706722.307432 0.106947 -0.123482 1.13603
-1 1530706722.315212 0.106995 -0.123467 1.13608
-1 1530706722.339401 0.10708 -0.123402 1.13615
-1 1530706722.347186 0.107132 -0.123322 1.13619
-1 1530706722.361316 0.107219 -0.123202 1.13624
-1 1530706722.368440 0.107241 -0.123171 1.13626
-1 1530706722.381457 0.107322 -0.123076 1.13629
-1 1530706722.388888 0.107384 -0.123022 1.13632
-1 1530706722.396960 0.107457 -0.122979 1.13634
-1 1530706722.405900 0.107542 -0.122946 1.13635
-1 1530706722.412571 0.107633 -0.122922 1.13636
-1 1530706722.416740 0.107678 -0.122914 1.13637
-1 1530706722.424983 0.107763 -0.122894 1.13638
-1 1530706722.432291 0.107836 -0.122871 1.13639
-1 1530706722.441550 0.107868 -0.122861 1.13639
-1 1530706722.449579 0.107928 -0.122839 1.1364
-1 1530706722.456027 0.107986 -0.122814 1.1364
-1 1530706722.464117 0.108048 -0.12279 1.1364
-1 1530706722.489707 0.108254 -0.122755 1.13642
-1 1530706722.497306 0.108327 -0.122765 1.13643
-1 1530706722.505658 0.108399 -0.122786 1.13645
-1 1530706722.511911 0.108467 -0.12281 1.13646
-1 1530706722.521413 0.108531 -0.122853 1.13648
-1 1530706722.532350 0.108612 -0.122937 1.1365
-1 1530706722.535754 0.10865 -0.122985 1.1365
-1 1530706722.543261 0.108731 -0.123068 1.13652
-1 1530706722.547966 0.108771 -0.123106 1.13652
-1 1530706722.551063 0.108809 -0.123141 1.13653
-1 1530706722.560402 0.108884 -0.1232 1.13654
-1 1530706722.567870 0.108959 -0.123255 1.13655
-1 1530706722.577519 0.109038 -0.1233 1.13655
-1 1530706722.583376 0.109117 -0.123338 1.13655
-1 1530706722.591924 0.109156 -0.123356 1.13655
-1 1530706722.599031 0.109235 -0.123384 1.13656
-1 1530706722.613982 0.109403 -0.1234 1.13655
-1 1530706722.620910 0.10945 -0.123397 1.13655
-1 1530706722.627955 0.109539 -0.123394 1.13655
-1 1530706722.631618 0.109582 -0.123394 1.13655
-1 1530706722.635749 0.109623 -0.123398 1.13655
-1 1530706722.662340 0.109926 -0.123553 1.13654
-1 1530706722.669508 0.109977 -0.12359 1.13654
-1 1530706722.676816 0.110085 -0.123671 1.13654
-1 1530706722.682469 0.110142 -0.123717 1.13654
-1 1530706722.688851 0.110267 -0.123813 1.13653
-1 1530706722.693473 0.110333 -0.123865 1.13653
-1 1530706722.701271 0.110473 -0.123971 1.13653
-1 1530706722.704494 0.110544 -0.124022 1.13653
-1 1530706722.711363 0.110616 -0.12407 1.13653
-1 1530706722.718380 0.110774 -0.124165 1.13653
-1 1530706722.722807 0.110854 -0.124217 1.13653
-1 1530706722.730670 0.111008 -0.124311 1.13652
-1 1530706722.744113 0.111151 -0.124394 1.13652
-1 1530706722.753471 0.111404 -0.124572 1.13651
-1 1530706722.760110 0.111464 -0.124616 1.13651
-1 1530706722.766356 0.111591 -0.12471 1.1365
-1 1530706722.770828 0.111659 -0.124761 1.13649
-1 1530706722.774045 0.111729 -0.124818 1.13648
-1 1530706722.779693 0.111799 -0.12488 1.13648
-1 1530706722.783195 0.11187 -0.124946 1.13647
-1 1530706722.792486 0.112008 -0.125086 1.13645
-1 1530706722.800835 0.112143 -0.12524 1.13643
-1 1530706722.807912 0.112272 -0.125398 1.13641
-1 1530706722.817305 0.112395 -0.12555 1.13639
-1 1530706722.821849 0.112455 -0.125622 1.13639
-1 1530706722.829281 0.112515 -0.125692 1.13638
-1 1530706722.843969 0.112634 -0.125824 1.13637
-1 1530706722.852036 0.112694 -0.125886 1.13637
-1 1530706723.058320 0.114634 -0.129208 1.13599
-1 1530706723.068177 0.115381 -0.131513 1.1355
-1 1530706723.075665 0.115429 -0.13171 1.13546
-1 1530706723.086596 0.115486 -0.131909 1.13542
-1 1530706723.101237 0.115619 -0.132324 1.13535
-1 1530706723.110968 0.115696 -0.132528 1.13532
-1 1530706723.121562 0.115832 -0.132819 1.13527
-1 1530706723.128235 0.115947 -0.133028 1.13523
-1 1530706723.135634 0.116059 -0.133236 1.1352
-1 1530706723.143501 0.116158 -0.133434 1.13516
-1 1530706723.148355 0.116199 -0.133529 1.13514
-1 1530706723.160343 0.116262 -0.133711 1.13511
-1 1530706723.166826 0.116297 -0.133886 1.13508
-1 1530706723.171020 0.116308 -0.133975 1.13506
-1 1530706723.179852 0.116316 -0.134149 1.13503
-1 1530706723.191746 0.116325 -0.13432 1.135
-1 1530706723.194410 0.116329 -0.134404 1.13499
-1 1530706723.199206 0.116333 -0.134487 1.13498
-1 1530706723.205022 0.116341 -0.134573 1.13497
-1 1530706723.209423 0.116362 -0.134745 1.13495
-1 1530706723.222663 0.116375 -0.134833 1.13494
-1 1530706723.227926 0.116452 -0.135182 1.1349
-1 1530706723.236160 0.116474 -0.135258 1.1349
-1 1530706723.242857 0.116518 -0.135396 1.13489
-1 1530706723.252683 0.116576 -0.135515 1.13488
-1 1530706723.261378 0.116643 -0.135623 1.13486
-1 1530706723.266712 0.116695 -0.13572 1.13485
-1 1530706723.269929 0.116716 -0.135762 1.13485
-1 1530706723.273770 0.116732 -0.135799 1.13484
-1 1530706723.281755 0.116743 -0.135835 1.13484
-1 1530706723.289792 0.116761 -0.135899 1.13482
-1 1530706723.293252 0.116765 -0.135926 1.13481
-1 1530706723.342245 0.116811 -0.13623 1.13463
-1 1530706723.351701 0.116811 -0.136292 1.1346
-1 1530706723.356122 0.116825 -0.136335 1.13457
-1 1530706723.363119 0.116836 -0.13635 1.13455
-1 1530706723.371447 0.116865 -0.136364 1.13453
-1 1530706723.375659 0.116882 -0.136364 1.13452
-1 1530706723.383940 0.116911 -0.13635 1.1345
-1 1530706723.388607 0.116924 -0.136338 1.13449
-1 1530706723.396639 0.116949 -0.1363 1.13448
-1 1530706723.402318 0.116975 -0.136253 1.13447
-1 1530706723.417446 0.117099 -0.136142 1.13448
-1 1530706723.424530 0.117196 -0.136093 1.13449
-1 1530706723.433832 0.117303 -0.136064 1.13449
-1 1530706723.437745 0.117356 -0.136057 1.13448
-1 1530706723.446386 0.117406 -0.136055 1.13448
-1 1530706723.449914 0.117507 -0.136074 1.13447
-1 1530706723.463692 0.117603 -0.136117 1.13446
-1 1530706723.471193 0.117729 -0.136184 1.13442
-1 1530706723.483035 0.117768 -0.136202 1.13441
-1 1530706723.492356 0.117879 -0.13622 1.13437
-1 1530706723.495541 0.117915 -0.136217 1.13435
-1 1530706723.502944 0.117951 -0.136207 1.13434
-1 1530706723.507830 0.118017 -0.136181 1.1343
-1 1530706723.512400 0.118049 -0.136163 1.13428
-1 1530706723.515780 0.118079 -0.136145 1.13426
-1 1530706723.519743 0.118109 -0.136126 1.13424
-1 1530706723.522887 0.118137 -0.136108 1.13422
-1 1530706723.530241 0.118169 -0.136096 1.13419
-1 1530706723.538268 0.118289 -0.13609 1.13412
-1 1530706723.542374 0.118332 -0.136088 1.13409
-1 1530706723.548733 0.118379 -0.136086 1.13406
-1 1530706723.554813 0.118471 -0.136078 1.13401
-1 1530706723.560491 0.118518 -0.136069 1.13398
-1 1530706723.574481 0.118664 -0.136057 1.13389
-1 1530706723.580718 0.11875 -0.13607 1.13383
-1 1530706723.587668 0.118822 -0.136109 1.13377
-1 1530706723.597464 0.118889 -0.136172 1.13372
-1 1530706723.603018 0.118941 -0.136237 1.13368
-1 1530706723.610136 0.118964 -0.136266 1.13365
-1 1530706723.613504 0.118991 -0.136294 1.13364
-1 1530706723.622040 0.119049 -0.136337 1.1336
-1 1530706723.631804 0.119106 -0.136364 1.13356
-1 1530706723.644630 0.119157 -0.136382 1.13352
-1 1530706723.653050 0.119225 -0.136414 1.13345
-1 1530706723.656369 0.119248 -0.13643 1.13342
-1 1530706723.664006 0.119292 -0.136473 1.13337
-1 1530706723.671611 0.11933 -0.136526 1.13331
-1 1530706723.679687 0.119368 -0.136586 1.13325
-1 1530706723.689675 0.119415 -0.136648 1.13319
-1 1530706723.694996 0.11944 -0.136681 1.13315
-1 1530706723.701805 0.119465 -0.136712 1.13312
-1 1530706723.708606 0.119528 -0.13678 1.13307
-1 1530706723.721256 0.119614 -0.136856 1.13301
-1 1530706723.734891 0.119751 -0.136979 1.13294
-1 1530706723.743537 0.119908 -0.13721 1.13286
-1 1530706723.748225 0.119954 -0.137267 1.13284
-1 1530706723.752302 0.120003 -0.137325 1.13282
-1 1530706723.762745 0.120108 -0.137435 1.13278
-1 1530706723.784315 0.12016 -0.137491 1.13276
-1 1530706723.798306 0.120447 -0.13781 1.13262
-1 1530706723.813222 0.120632 -0.138038 1.13246
-1 1530706723.860291 0.120751 -0.13824 1.13234
-1 1530706723.892717 0.12084 -0.138375 1.1323
-1 1530706723.900701 0.121004 -0.138551 1.13226
-1 1530706723.905236 0.121114 -0.138618 1.13226
-1 1530706723.913347 0.121175 -0.138647 1.13225
-1 1530706723.918678 0.121303 -0.138693 1.13225
-1 1530706723.925975 0.121436 -0.138721 1.13225
-1 1530706723.933914 0.121574 -0.138721 1.13224
-1 1530706723.952774 0.121718 -0.1387 1.13224
-1 1530706723.956943 0.121998 -0.138656 1.13221
-1 1530706723.966381 0.122209 -0.138593 1.13219
-1 1530706723.977437 0.122364 -0.138553 1.13217
-1 1530706723.985422 0.122606 -0.138478 1.13215
-1 1530706723.992387 0.12277 -0.138418 1.13213
-1 1530706724.000567 0.12294 -0.138366 1.13211
-1 1530706724.004394 0.123024 -0.138345 1.1321
-1 1530706724.023608 0.123185 -0.138309 1.13208
-1 1530706724.030710 0.12358 -0.138242 1.13201
-1 1530706724.033381 0.123656 -0.138231 1.13199
-1 1530706724.044655 0.123877 -0.138216 1.13195
-1 1530706724.049290 0.123951 -0.138217 1.13193
-1 1530706724.052455 0.124023 -0.138221 1.13192
-1 1530706724.057098 0.124094 -0.138228 1.1319
-1 1530706724.063859 0.12424 -0.138249 1.13187
-1 1530706724.071694 0.124379 -0.138277 1.13184
-1 1530706724.081495 0.124512 -0.138316 1.13181
-1 1530706724.086072 0.124638 -0.138368 1.13179
-1 1530706724.094234 0.124703 -0.138399 1.13178
-1 1530706724.110958 0.12511 -0.138651 1.13172
-1 1530706724.115854 0.125182 -0.138704 1.13171
-1 1530706724.125831 0.125319 -0.138818 1.13168
-1 1530706724.131073 0.125443 -0.138955 1.13166
-1 1530706724.138013 0.125566 -0.139099 1.13164
-1 1530706724.149282 0.125766 -0.139281 1.1316
-1 1530706724.154454 0.125833 -0.139334 1.13159
-1 1530706724.161922 0.12598 -0.139434 1.13157
-1 1530706724.174666 0.126133 -0.139522 1.13155
-1 1530706724.184477 0.126367 -0.139633 1.13153
-1 1530706724.187991 0.126443 -0.139666 1.13152
-1 1530706724.192308 0.126519 -0.139698 1.13151
-1 1530706724.199817 0.126595 -0.13973 1.1315
-1 1530706724.207425 0.126847 -0.139817 1.13148
-1 1530706724.210666 0.126931 -0.139844 1.13148
-1 1530706724.214281 0.127013 -0.139871 1.13147
-1 1530706724.217859 0.127095 -0.139901 1.13147
-1 1530706724.222430 0.127175 -0.139931 1.13147
-1 1530706724.229208 0.127329 -0.139996 1.13147
-1 1530706724.240251 0.127478 -0.140066 1.13147
-1 1530706724.256500 0.127674 -0.140196 1.13148
-1 1530706724.267717 0.127858 -0.140393 1.13153
-1 1530706724.271781 0.127899 -0.140441 1.13155
-1 1530706724.274378 0.12794 -0.140488 1.13156
-1 1530706724.282815 0.12798 -0.140533 1.13158
-1 1530706724.290058 0.128053 -0.140622 1.13161
-1 1530706724.297437 0.128122 -0.14071 1.13163
-1 1530706724.304514 0.128186 -0.140802 1.13166
-1 1530706724.312951 0.128246 -0.140899 1.13169
-1 1530706724.320184 0.12831 -0.141001 1.13171
-1 1530706724.327000 0.128334 -0.141062 1.13173
-1 1530706724.332351 0.128357 -0.141121 1.13174
-1 1530706724.338549 0.128407 -0.141232 1.13176
-1 1530706724.342721 0.128434 -0.141281 1.13177
-1 1530706724.358336 0.128526 -0.141413 1.13181
-1 1530706724.366147 0.128603 -0.141495 1.13185
-1 1530706724.372691 0.128689 -0.141573 1.13188
-1 1530706724.377051 0.128732 -0.14161 1.1319
-1 1530706724.384197 0.128776 -0.141646 1.13192
-1 1530706724.388882 0.128868 -0.141727 1.13197
-1 1530706724.398171 0.128961 -0.14181 1.13202
-1 1530706724.407775 0.129102 -0.141934 1.1321
-1 1530706724.420729 0.129193 -0.142026 1.13215
-1 1530706724.424225 0.129243 -0.142078 1.13217
-1 1530706724.432824 0.129343 -0.142185 1.13221
-1 1530706724.439148 0.129434 -0.142295 1.13225
-1 1530706724.442854 0.129472 -0.142351 1.13226
-1 1530706724.450814 0.129534 -0.142461 1.13229
-1 1530706724.461272 0.12961 -0.142636 1.13231
-1 1530706724.471956 0.129629 -0.1427 1.13231
-1 1530706724.476553 0.129663 -0.142831 1.13229
-1 1530706724.481078 0.129685 -0.142897 1.13228
-1 1530706724.488381 0.129727 -0.143029 1.13224
-1 1530706724.493923 0.129744 -0.143094 1.13222
-1 1530706724.501435 0.129769 -0.14321 1.13218
-1 1530706724.505631 0.129778 -0.143266 1.13216
-1 1530706724.512729 0.129788 -0.143321 1.13214
-1 1530706724.519446 0.129812 -0.143428 1.13212
-1 1530706724.522436 0.129833 -0.143475 1.13211
-1 1530706724.526802 0.129864 -0.143509 1.13211
-1 1530706724.529614 0.129906 -0.143529 1.13212
-1 1530706724.534110 0.129968 -0.143527 1.13213
-1 1530706724.540919 0.130055 -0.143505 1.13216
-1 1530706724.548809 0.130273 -0.143427 1.13223
-1 1530706724.558175 0.130655 -0.143291 1.1324
-1 1530706724.566828 0.130911 -0.143221 1.13254
-1 1530706724.571836 0.131034 -0.143199 1.13261
-1 1530706724.575816 0.131151 -0.143186 1.13269
-1 1530706724.579667 0.131264 -0.143181 1.13278
-1 1530706724.583984 0.131375 -0.143183 1.13286
-1 1530706724.596155 0.131676 -0.143223 1.13311
-1 1530706724.613407 0.132005 -0.143314 1.13346
-1 1530706724.626344 0.13218 -0.143393 1.13373
-1 1530706724.635765 0.132283 -0.143489 1.13399
-1 1530706724.640973 0.132295 -0.143525 1.13408
-1 1530706724.644974 0.13229 -0.143561 1.13417
-1 1530706724.649378 0.132274 -0.143595 1.13426
-1 1530706724.655170 0.132241 -0.143626 1.13435
-1 1530706724.662169 0.132195 -0.143652 1.13444
-1 1530706724.668749 0.132047 -0.143687 1.1346
-1 1530706724.679731 0.131826 -0.1437 1.13477
-1 1530706724.696262 0.131392 -0.143686 1.13503
-1 1530706724.701608 0.130894 -0.143596 1.13531
-1 1530706724.705232 0.130725 -0.143551 1.13541
-1 1530706724.725205 0.130246 -0.143379 1.13571
-1 1530706724.735787 0.129776 -0.143095 1.13612
-1 1530706724.745524 0.129598 -0.142919 1.13632
-1 1530706724.751957 0.129466 -0.142739 1.13653
-1 1530706724.762166 0.12936 -0.142559 1.13674
-1 1530706724.767091 0.129265 -0.142383 1.13694
-1 1530706724.770693 0.129222 -0.142294 1.13703
-1 1530706724.780667 0.129137 -0.142122 1.13722
-1 1530706724.788384 0.129044 -0.141963 1.13739
-1 1530706724.796499 0.128917 -0.141814 1.13756
-1 1530706724.803175 0.128714 -0.14165 1.13772
-1 1530706724.810450 0.128578 -0.141568 1.13779
-1 1530706724.817934 0.128223 -0.141399 1.13795
-1 1530706724.827702 0.127521 -0.14115 1.13817
-1 1530706724.833321 0.127254 -0.141068 1.13824
-1 1530706724.841291 0.126979 -0.140987 1.13831
-1 1530706724.849357 0.126424 -0.140813 1.13846
-1 1530706724.855514 0.125853 -0.140627 1.13862
-1 1530706724.863447 0.125276 -0.140419 1.13878
-1 1530706724.866127 0.124985 -0.14031 1.13887
-1 1530706724.874151 0.124417 -0.140086 1.13905
-1 1530706724.878798 0.124165 -0.139971 1.13913
-1 1530706724.889954 0.123718 -0.139712 1.1393
-1 1530706724.927470 0.122021 -0.138733 1.14037
-1 1530706724.934622 0.12167 -0.13861 1.14059
-1 1530706724.939635 0.121492 -0.13856 1.1407
-1 1530706724.946461 0.121129 -0.138477 1.14091
-1 1530706724.954783 0.120751 -0.138399 1.14111
-1 1530706724.960752 0.120582 -0.138366 1.1412
-1 1530706724.969970 0.120278 -0.13827 1.14137
-1 1530706724.975721 0.119951 -0.138184 1.1416
-1 1530706724.992416 0.119522 -0.138049 1.14197
-1 1530706724.999729 0.119312 -0.137961 1.14222
-1 1530706725.004718 0.119175 -0.137892 1.14247
-1 1530706725.012920 0.119113 -0.137838 1.14273
-1 1530706725.017098 0.119119 -0.137817 1.14287
-1 1530706725.021944 0.119149 -0.137804 1.14302
-1 1530706725.029748 0.119272 -0.137799 1.14332
-1 1530706725.035193 0.119376 -0.137816 1.14349
-1 1530706725.047804 0.119919 -0.137993 1.14401
-1 1530706725.057669 0.120189 -0.138097 1.14419
-1 1530706725.063282 0.120506 -0.138221 1.14437
-1 1530706725.070508 0.121245 -0.138505 1.14475
-1 1530706725.078821 0.122072 -0.138832 1.14512
-1 1530706725.085957 0.122899 -0.139178 1.14551
-1 1530706725.101274 0.123924 -0.139678 1.1461
-1 1530706725.109109 0.124596 -0.140118 1.14671
-1 1530706725.114835 0.124758 -0.140245 1.14692
-1 1530706725.122530 0.124998 -0.140478 1.14735
-1 1530706725.149025 0.12517 -0.140725 1.14803
-1 1530706725.153916 0.12508 -0.140967 1.14916
-1 1530706725.167990 0.124934 -0.141025 1.14962
-1 1530706725.176001 0.12462 -0.141086 1.15029
-1 1530706725.183244 0.124358 -0.141097 1.15073
-1 1530706725.190855 0.124057 -0.141094 1.15118
-1 1530706725.198483 0.123892 -0.141083 1.1514
-1 1530706725.210810 0.123427 -0.141042 1.15204
-1 1530706725.218478 0.123297 -0.141034 1.15224
-1 1530706725.224437 0.123092 -0.14102 1.15264
-1 1530706725.231478 0.122937 -0.141033 1.15304
-1 1530706725.236236 0.122888 -0.141049 1.15325
-1 1530706725.243850 0.12285 -0.141101 1.15365
-1 1530706725.248922 0.122914 -0.141207 1.15405
-1 1530706725.252394 0.122992 -0.141289 1.15425
-1 1530706725.264142 0.123403 -0.141667 1.15486
-1 1530706725.268510 0.123592 -0.141835 1.15507
-1 1530706725.275753 0.123798 -0.142015 1.15529
-1 1530706725.280381 0.124241 -0.142397 1.15572
-1 1530706725.287403 0.124468 -0.142591 1.15594
-1 1530706725.294965 0.125108 -0.143128 1.15662
-1 1530706725.300106 0.125292 -0.143285 1.15685
-1 1530706725.313291 0.125795 -0.14372 1.15756
-1 1530706725.318197 0.12595 -0.143881 1.15779
-1 1530706725.321951 0.126126 -0.144042 1.15804
-1 1530706725.325257 0.126301 -0.144206 1.15828
-1 1530706725.330626 0.126474 -0.144378 1.15852
-1 1530706725.338734 0.126799 -0.144739 1.15901
-1 1530706725.348820 0.127051 -0.145107 1.1595
-1 1530706725.354760 0.127255 -0.145475 1.15999
-1 1530706725.359531 0.127338 -0.145658 1.16024
-1 1530706725.389318 0.127707 -0.146681 1.16177
-1 1530706725.404469 0.127849 -0.147267 1.16277
-1 1530706725.411884 0.127916 -0.147506 1.16325
-1 1530706725.419928 0.127968 -0.147707 1.16372
-1 1530706725.528065 0.128021 -0.147886 1.16418
-1 1530706725.538256 0.127662 -0.14658 1.16921
-1 1530706725.552707 0.1276 -0.145912 1.16983
-1 1530706725.562936 0.127569 -0.145752 1.16997
-1 1530706725.569553 0.127459 -0.14545 1.17024
-1 1530706725.581949 0.12718 -0.145054 1.1706
-1 1530706725.591739 0.126893 -0.144806 1.1708
-1 1530706725.599142 0.126489 -0.144547 1.17096
-1 1530706725.606505 0.125904 -0.144241 1.1711
-1 1530706725.614020 0.125161 -0.143892 1.17121
-1 1530706725.624367 0.124283 -0.143515 1.17128
-1 1530706725.630812 0.123785 -0.143324 1.17132
-1 1530706725.637982 0.122725 -0.142918 1.17141
-1 1530706725.645656 0.12164 -0.142474 1.17152
-1 1530706725.648599 0.121118 -0.142241 1.17158
-1 1530706725.656299 0.120139 -0.141775 1.1717
-1 1530706725.659812 0.119693 -0.141534 1.17177
-1 1530706725.663660 0.119282 -0.141279 1.17183
-1 1530706725.668914 0.118894 -0.14102 1.17189
-1 1530706725.675717 0.118158 -0.140488 1.172
-1 1530706725.685162 0.117447 -0.139917 1.17209
-1 1530706725.710794 0.115308 -0.138228 1.1724
-1 1530706725.720146 0.114195 -0.137616 1.17254
-1 1530706725.734775 0.113498 -0.137337 1.17262
-1 1530706725.739781 0.112859 -0.137136 1.1727
-1 1530706725.749404 0.112253 -0.13702 1.17278
-1 1530706725.758124 0.111423 -0.136939 1.1729
-1 1530706725.763464 0.111176 -0.136934 1.17294
-1 1530706725.766364 0.11095 -0.13694 1.17299
-1 1530706725.772408 0.110748 -0.136958 1.17303
-1 1530706725.775826 0.110563 -0.136983 1.17308
-1 1530706725.783456 0.110393 -0.137024 1.17312
-1 1530706725.790696 0.110091 -0.137147 1.17319
-1 1530706725.796058 0.109834 -0.137301 1.17325
-1 1530706725.802119 0.10972 -0.137382 1.17327
-1 1530706725.806146 0.109618 -0.137462 1.17329
-1 1530706725.809752 0.109521 -0.137542 1.1733
-1 1530706725.817254 0.109428 -0.137621 1.1733
-1 1530706725.821127 0.109262 -0.137757 1.17331
-1 1530706725.828638 0.109198 -0.13781 1.17331
-1 1530706725.841810 0.10909 -0.137885 1.17333
-1 1530706725.849553 0.109018 -0.137911 1.17335
-1 1530706725.853467 0.109005 -0.137905 1.17336
-1 1530706725.860553 0.10907 -0.137903 1.17339
-1 1530706725.871912 0.109275 -0.137987 1.17344
-1 1530706725.878976 0.109639 -0.138186 1.17353
-1 1530706725.889518 0.110582 -0.138824 1.17372
-1 1530706725.898516 0.111459 -0.139513 1.17388
-1 1530706725.905801 0.112488 -0.140389 1.17405
-1 1530706725.908854 0.113024 -0.140871 1.17415
-1 1530706725.920141 0.11411 -0.141886 1.17438
-1 1530706725.924988 0.115133 -0.142879 1.17465
-1 1530706725.929401 0.115617 -0.143353 1.17479
-1 1530706725.935030 0.116071 -0.143807 1.17494
-1 1530706725.946712 0.116883 -0.14464 1.17527
-1 1530706725.963878 0.118279 -0.14637 1.17619
-1 1530706725.969545 0.118623 -0.146962 1.17656
-1 1530706725.977606 0.118877 -0.147528 1.17691
-1 1530706725.984499 0.119059 -0.148043 1.17723
-1 1530706725.992391 0.119117 -0.148274 1.17738
-1 1530706725.999772 0.119189 -0.148669 1.17764
-1 1530706726.005763 0.119222 -0.148971 1.17787
-1 1530706726.023026 0.119229 -0.149088 1.17798
-1 1530706726.030050 0.11915 -0.14947 1.1785
-1 1530706726.040034 0.119071 -0.149586 1.17873
-1 1530706726.045660 0.118992 -0.149689 1.17896
-1 1530706726.054357 0.118957 -0.149727 1.17907
-1 1530706726.058805 0.118903 -0.149771 1.17929
-1 1530706726.066147 0.118887 -0.149776 1.1794
-1 1530706726.074233 0.118899 -0.149762 1.17961
-1 1530706726.084229 0.118955 -0.149736 1.17981
-1 1530706726.092705 0.119046 -0.149706 1.18
-1 1530706726.097929 0.1191 -0.149695 1.1801
-1 1530706726.103945 0.119168 -0.149686 1.1802
-1 1530706726.107164 0.119242 -0.14968 1.18029
-1 1530706726.125814 0.119575 -0.149634 1.18066
-1 1530706726.131729 0.119732 -0.149566 1.18082
-1 1530706726.141968 0.119886 -0.149487 1.18098
-1 1530706726.146636 0.12 -0.149399 1.18114
-1 1530706726.170586 0.119883 -0.148871 1.1815
-1 1530706726.175768 0.119582 -0.148568 1.18161
-1 1530706726.192034 0.118947 -0.148024 1.18179
-1 1530706726.197120 0.118479 -0.147669 1.18191
-1 1530706726.201600 0.118247 -0.147497 1.18197
-1 1530706726.210620 0.117805 -0.147185 1.18211
-1 1530706726.218986 0.117438 -0.146888 1.18223
-1 1530706726.229392 0.117138 -0.146595 1.18231
-1 1530706726.233006 0.116891 -0.146313 1.18236
-1 1530706726.237902 0.116791 -0.146188 1.18237
-1 1530706726.246650 0.11664 -0.145977 1.18236
-1 1530706726.250631 0.116583 -0.145892 1.18234
-1 1530706726.258117 0.11653 -0.145769 1.1823
-1 1530706726.264178 0.116532 -0.145737 1.18228
-1 1530706726.269874 0.11656 -0.145728 1.18225
-1 1530706726.274143 0.116623 -0.145746 1.18222
-1 1530706726.278843 0.116721 -0.14579 1.18219
-1 1530706726.283116 0.116852 -0.145862 1.18216
-1 1530706726.290162 0.11701 -0.145959 1.18213
-1 1530706726.297665 0.117694 -0.146427 1.18205
-1 1530706726.301176 0.117985 -0.146645 1.18203
-1 1530706726.312703 0.118633 -0.147158 1.18199
-1 1530706726.317118 0.119313 -0.147744 1.18197
-1 1530706726.320954 0.119676 -0.148069 1.18197
-1 1530706726.325003 0.12 -0.148373 1.18196
-1 1530706726.336505 0.120587 -0.148952 1.18194
-1 1530706726.347047 0.121278 -0.149739 1.18192
-1 1530706726.352164 0.121452 -0.149973 1.1819
-1 1530706726.358765 0.121732 -0.1504 1.18188
-1 1530706726.371617 0.121959 -0.150797 1.18185
-1 1530706726.378061 0.122065 -0.150994 1.18183
-1 1530706726.384066 0.122269 -0.15139 1.18178
-1 1530706726.395952 0.122458 -0.151784 1.18172
-1 1530706726.403469 0.122705 -0.152395 1.18161
-1 1530706726.410729 0.122856 -0.152826 1.18153
-1 1530706726.421866 0.123059 -0.153491 1.18139
-1 1530706726.432738 0.123182 -0.153945 1.18129
-1 1530706726.441428 0.123336 -0.154608 1.18116
-1 1530706726.446131 0.123375 -0.154814 1.18111
-1 1530706726.450547 0.123408 -0.155009 1.18107
-1 1530706726.452940 0.123437 -0.155194 1.18103
-1 1530706726.461299 0.123463 -0.155366 1.18098
-1 1530706726.468521 0.123504 -0.155677 1.18091
-1 1530706726.477641 0.123534 -0.155941 1.18084
-1 1530706726.484589 0.123549 -0.156159 1.18079
-1 1530706726.491439 0.123545 -0.15625 1.18077
-1 1530706726.498901 0.123517 -0.156394 1.18073
-1 1530706726.505698 0.123491 -0.156509 1.18069
-1 1530706726.513990 0.123493 -0.156609 1.18065
-1 1530706726.522952 0.12355 -0.156726 1.18062
-1 1530706726.529250 0.123584 -0.156823 1.18059
-1 1530706726.539191 0.123633 -0.156895 1.18056
-1 1530706726.545620 0.123667 -0.156922 1.18055
-1 1530706726.551611 0.123755 -0.156966 1.18052
-1 1530706726.557814 0.123807 -0.156982 1.18051
-1 1530706726.563929 0.123919 -0.157006 1.18049
-1 1530706726.570018 0.124018 -0.157019 1.18048
-1 1530706726.574962 0.124056 -0.157021 1.18048
-1 1530706726.582957 0.124088 -0.157023 1.18048
-1 1530706726.588660 0.124116 -0.157024 1.18048
-1 1530706726.594943 0.124171 -0.157017 1.18049
-1 1530706726.602643 0.124228 -0.157013 1.18049
-1 1530706726.609812 0.124286 -0.157025 1.18048
-1 1530706726.617034 0.124327 -0.157039 1.18047
-1 1530706726.624799 0.124333 -0.157039 1.18045
-1 1530706726.630074 0.124319 -0.157031 1.18044
-1 1530706726.641326 0.124246 -0.156993 1.1804
-1 1530706726.649801 0.124112 -0.156903 1.18036
-1 1530706726.655721 0.123937 -0.156771 1.18033
-1 1530706726.663686 0.123716 -0.156594 1.18031
-1 1530706726.671676 0.123577 -0.156481 1.1803
-1 1530706726.681943 0.123228 -0.156185 1.18029
-1 1530706726.686372 0.122811 -0.155814 1.18026
-1 1530706726.694056 0.122359 -0.155409 1.18022
-1 1530706726.706750 0.121903 -0.154995 1.18016
-1 1530706726.713428 0.12128 -0.154353 1.18003
-1 1530706726.721342 0.12111 -0.154152 1.17998
-1 1530706726.729647 0.120917 -0.153943 1.17992
-1 1530706726.737955 0.120549 -0.153544 1.17981
-1 1530706726.742011 0.120221 -0.153186 1.17971
-1 1530706726.746919 0.120074 -0.153021 1.17967
-1 1530706726.750470 0.119944 -0.15286 1.17962
-1 1530706726.946817 0.122863 -0.155476 1.18055
-1 1530706726.972429 0.12324 -0.15944 1.18141
-1 1530706726.996980 0.12428 -0.161208 1.18179
-1 1530706727.002709 0.124723 -0.16184 1.18194
-1 1530706727.011790 0.125157 -0.162449 1.18211
-1 1530706727.020035 0.125555 -0.163025 1.18231
-1 1530706727.026922 0.125919 -0.163562 1.18254
-1 1530706727.033490 0.126259 -0.164067 1.18279
-1 1530706727.037822 0.126427 -0.164314 1.18292
-1 1530706727.046571 0.126759 -0.164812 1.18318
-1 1530706727.053215 0.127096 -0.165315 1.18344
-1 1530706727.060500 0.127258 -0.165565 1.18356
-1 1530706727.063532 0.127409 -0.165809 1.18368
-1 1530706727.068313 0.127555 -0.166057 1.18379
-1 1530706727.102213 0.127807 -0.166549 1.18401
-1 1530706727.113465 0.128689 -0.168746 1.18472
-1 1530706727.120870 0.128904 -0.169257 1.18485
-1 1530706727.128475 0.129124 -0.169742 1.18497
-1 1530706727.138424 0.12938 -0.170231 1.1851
-1 1530706727.142495 0.129521 -0.170481 1.18517
-1 1530706727.151753 0.129818 -0.170986 1.18531
-1 1530706727.160144 0.130182 -0.171485 1.18542
-1 1530706727.164324 0.130392 -0.171733 1.18547
-1 1530706727.174739 0.130808 -0.172242 1.18553
-1 1530706727.182817 0.131277 -0.172741 1.18561
-1 1530706727.187947 0.131747 -0.173235 1.18563
-1 1530706727.192973 0.131956 -0.173491 1.18566
-1 1530706727.203331 0.132374 -0.174 1.18568
-1 1530706727.218068 0.132764 -0.174498 1.18564
-1 1530706727.229998 0.133494 -0.175408 1.18548
-1 1530706727.233543 0.133857 -0.175819 1.18539
-1 1530706727.240968 0.134205 -0.176198 1.18534
-1 1530706727.251029 0.13455 -0.176537 1.1853
-1 1530706727.258757 0.134917 -0.176822 1.18529
-1 1530706727.262599 0.135091 -0.176954 1.18528
-1 1530706727.268331 0.135264 -0.177078 1.18528
-1 1530706727.270976 0.135436 -0.177194 1.18529
-1 1530706727.278464 0.135782 -0.177388 1.1853
-1 1530706727.282840 0.135945 -0.177469 1.1853
-1 1530706727.290344 0.136112 -0.177538 1.18531
-1 1530706727.305951 0.136571 -0.177686 1.18536
-1 1530706727.313205 0.136997 -0.177753 1.18549
-1 1530706727.323507 0.137368 -0.177742 1.1857
-1 1530706727.331594 0.13749 -0.177729 1.18578
-1 1530706727.338225 0.137731 -0.177689 1.18597
-1 1530706727.343429 0.137852 -0.177662 1.18606
-1 1530706727.366597 0.138579 -0.17738 1.18664
-1 1530706727.372789 0.138714 -0.177307 1.18673
-1 1530706727.379377 0.138983 -0.177152 1.1869
-1 1530706727.390148 0.139245 -0.176993 1.18707
-1 1530706727.400630 0.139651 -0.176757 1.18732
-1 1530706727.405093 0.139791 -0.176683 1.1874
-1 1530706727.421417 0.14018 -0.176467 1.1877
-1 1530706727.431422 0.140531 -0.176213 1.18805
-1 1530706727.437620 0.140738 -0.176015 1.18833
-1 1530706727.445985 0.140932 -0.175788 1.18863
-1 1530706727.455987 0.141081 -0.175569 1.18894
-1 1530706727.463095 0.141254 -0.175329 1.18928
-1 1530706727.468143 0.141339 -0.1752 1.18946
-1 1530706727.476708 0.141506 -0.174912 1.18983
-1 1530706727.485206 0.141582 -0.174755 1.19002
-1 1530706727.492726 0.141821 -0.174216 1.19065
-1 1530706727.495946 0.141898 -0.174015 1.19087
-1 1530706727.500972 0.141975 -0.17381 1.19109
-1 1530706727.511272 0.142171 -0.173365 1.19154
-1 1530706727.518188 0.142383 -0.172935 1.192
-1 1530706727.529561 0.142602 -0.17249 1.19245
-1 1530706727.534960 0.142838 -0.172047 1.19291
-1 1530706727.543861 0.14296 -0.171833 1.19315
-1 1530706727.548484 0.143202 -0.171415 1.19365
-1 1530706727.558237 0.143427 -0.171003 1.19417
-1 1530706727.563858 0.143612 -0.170563 1.19468
-1 1530706727.573506 0.143762 -0.170098 1.1952
-1 1530706727.579227 0.143914 -0.169586 1.19568
-1 1530706727.584412 0.143986 -0.169314 1.19592
-1 1530706727.592539 0.144058 -0.169031 1.19615
-1 1530706727.596758 0.144168 -0.168431 1.19662
-1 1530706727.600946 0.144213 -0.16812 1.19685
-1 1530706727.604146 0.144261 -0.167807 1.19707
-1 1530706727.609858 0.144309 -0.167498 1.19729
-1 1530706727.622004 0.144415 -0.166556 1.19794
-1 1530706727.646726 0.14456 -0.164566 1.19924
-1 1530706727.650707 0.144591 -0.164196 1.19945
-1 1530706727.658979 0.144622 -0.163816 1.19966
-1 1530706727.665294 0.144752 -0.162601 1.20029
-1 1530706727.680966 0.144821 -0.161284 1.20089
-1 1530706727.690733 0.144859 -0.160321 1.20129
-1 1530706727.708374 0.144986 -0.15765 1.20209
-1 1530706727.711880 0.144992 -0.157045 1.20223
-1 1530706727.720693 0.145023 -0.15644 1.20237
-1 1530706727.733800 0.144747 -0.154442 1.20278
-1 1530706727.739981 0.14443 -0.152985 1.20306
-1 1530706727.746245 0.14425 -0.152225 1.2032
-1 1530706727.752586 0.14406 -0.151449 1.20335
-1 1530706727.763689 0.143349 -0.149052 1.20382
-1 1530706727.767474 0.142845 -0.147432 1.20408
-1 1530706727.771686 0.142633 -0.146618 1.20418
-1 1530706727.774780 0.142428 -0.145818 1.20425
-1 1530706727.782635 0.142214 -0.145037 1.2043
-1 1530706727.787994 0.14183 -0.143452 1.20435
-1 1530706727.792924 0.141627 -0.142636 1.20432
-1 1530706727.803877 0.140677 -0.140224 1.20412
-1 1530706727.811890 0.140284 -0.139432 1.20401
-1 1530706727.823338 0.139418 -0.13791 1.20375
-1 1530706727.830233 0.13803 -0.136028 1.20337
-1 1530706727.842514 0.137299 -0.13505 1.20319
-1 1530706727.848141 0.136763 -0.134235 1.20305
-1 1530706727.855548 0.136352 -0.1335 1.20294
-1 1530706727.858669 0.136201 -0.133129 1.20289
-1 1530706727.866251 0.135938 -0.132333 1.20277
-1 1530706727.869377 0.1358 -0.13191 1.20271
-1 1530706727.872296 0.135628 -0.131489 1.20265
-1 1530706727.879585 0.135433 -0.131063 1.20261
-1 1530706727.883065 0.135252 -0.130616 1.20257
-1 1530706727.890488 0.135075 -0.130161 1.20253
-1 1530706727.896370 0.134732 -0.129286 1.20243
-1 1530706727.901462 0.134573 -0.128876 1.2024
-1 1530706727.904298 0.13441 -0.128503 1.20238
-1 1530706727.916051 0.134192 -0.127841 1.20237
-1 1530706727.920166 0.134208 -0.12727 1.20235
-1 1530706727.934998 0.134236 -0.126748 1.20234
-1 1530706727.939245 0.134284 -0.126318 1.2024
-1 1530706727.944319 0.134309 -0.126136 1.20243
-1 1530706727.947879 0.13433 -0.125974 1.20247
-1 1530706727.953102 0.13435 -0.125819 1.20251
-1 1530706727.961252 0.134367 -0.125549 1.20259
-1 1530706727.969316 0.134304 -0.125337 1.20267
-1 1530706727.975424 0.134265 -0.125267 1.20271
-1 1530706727.983459 0.134162 -0.125155 1.2028
-1 1530706727.991541 0.134044 -0.125085 1.20286
-1 1530706728.002194 0.133915 -0.124991 1.2029
-1 1530706728.007626 0.133729 -0.124872 1.20293
-1 1530706728.014949 0.133519 -0.124691 1.20295
-1 1530706728.025785 0.13328 -0.12431 1.20294
-1 1530706728.030741 0.133219 -0.124175 1.20294
-1 1530706728.038601 0.133102 -0.123905 1.20292
-1 1530706728.046085 0.132992 -0.123628 1.20289
-1 1530706728.055536 0.132957 -0.123491 1.20288
-1 1530706728.063415 0.132916 -0.123127 1.20284
-1 1530706728.071284 0.132875 -0.122926 1.20284
-1 1530706728.083455 0.132861 -0.122741 1.20288
-1 1530706728.122311 0.132826 -0.122557 1.20304
-1 1530706728.132232 0.13449 -0.122106 1.20331
-1 1530706728.140909 0.134726 -0.122023 1.20336
-1 1530706728.144689 0.134954 -0.121932 1.20342
-1 1530706728.152663 0.135331 -0.121723 1.20358
-1 1530706728.157591 0.135533 -0.121576 1.20367
-1 1530706728.164043 0.135875 -0.121232 1.20384
-1 1530706728.174503 0.136152 -0.120811 1.20406
-1 1530706728.182962 0.13641 -0.120306 1.20428
-1 1530706728.189613 0.136592 -0.11976 1.20449
-1 1530706728.198159 0.136726 -0.119192 1.20468
-1 1530706728.202953 0.136774 -0.118901 1.20476
-1 1530706728.212684 0.136834 -0.11831 1.20487
-1 1530706728.229943 0.136611 -0.117014 1.20497
-1 1530706728.251956 0.136332 -0.116578 1.20495
-1 1530706728.259750 0.135372 -0.115326 1.2048
-1 1530706728.266479 0.134976 -0.114728 1.20473
-1 1530706728.274967 0.13461 -0.114039 1.20466
-1 1530706728.278778 0.134453 -0.113668 1.20461
-1 1530706728.291013 0.134176 -0.112903 1.2045
-1 1530706728.298320 0.133926 -0.112139 1.20437
-1 1530706728.306275 0.133713 -0.111418 1.20421
-1 1530706728.323091 0.133308 -0.110164 1.20386
-1 1530706728.352060 0.132703 -0.10837 1.20322
-1 1530706728.360617 0.132519 -0.107942 1.20305
-1 1530706728.369116 0.132357 -0.10751 1.2029
-1 1530706728.376187 0.132276 -0.10729 1.20283
-1 1530706728.384675 0.132106 -0.106859 1.20271
-1 1530706728.389333 0.132042 -0.106657 1.20266
-1 1530706728.393909 0.131991 -0.106471 1.20261
-1 1530706728.397280 0.131955 -0.106303 1.20257
-1 1530706728.406168 0.131915 -0.106013 1.20249
-1 1530706728.409640 0.131922 -0.105882 1.20246
-1 1530706728.414974 0.131946 -0.105758 1.20242
-1 1530706728.419656 0.131983 -0.105638 1.20239
-1 1530706728.427062 0.132074 -0.105405 1.20232
-1 1530706728.435551 0.132184 -0.105176 1.20223
-1 1530706728.448114 0.132373 -0.104807 1.20208
-1 1530706728.452952 0.132429 -0.10468 1.20202
-1 1530706728.457156 0.132478 -0.104553 1.20195
-1 1530706728.493886 0.132739 -0.10335 1.2012
-1 1530706728.501022 0.132822 -0.103067 1.20098
-1 1530706728.506968 0.13287 -0.102927 1.20086
-1 1530706728.510261 0.132922 -0.102788 1.20073
-1 1530706728.515389 0.132979 -0.102652 1.20059
-1 1530706728.540526 0.133076 -0.102391 1.20032
-1 1530706728.552736 0.13301 -0.101444 1.19927
-1 1530706728.575468 0.132731 -0.100473 1.19824
-1 1530706728.596798 0.132681 -0.100201 1.19787
-1 1530706728.605098 0.132786 -0.0997287 1.19689
-1 1530706728.608244 0.132836 -0.0996464 1.19668
-1 1530706728.627041 0.132936 -0.0994631 1.19624
-1 1530706728.638647 0.133016 -0.0989732 1.1953
-1 1530706728.664535 0.132468 -0.0976336 1.19347
-1 1530706728.671447 0.132266 -0.0971656 1.19293
-1 1530706728.683038 0.132182 -0.096932 1.19265
-1 1530706728.686903 0.13201 -0.0962524 1.19177
-1 1530706728.692197 0.131999 -0.0960497 1.19145
-1 1530706728.697775 0.132015 -0.0958669 1.19112
-1 1530706728.704931 0.132101 -0.0955446 1.19043
-1 1530706728.711372 0.132152 -0.0953968 1.19006
-1 1530706728.720018 0.132258 -0.0951006 1.1893
-1 1530706728.728047 0.132337 -0.0947954 1.18853
-1 1530706728.733183 0.132341 -0.0946444 1.18814
-1 1530706728.739186 0.132324 -0.0944895 1.18776
-1 1530706728.745562 0.132306 -0.0943237 1.18737
-1 1530706728.750321 0.132268 -0.0941449 1.18697
-1 1530706728.757438 0.132207 -0.0939607 1.18657
-1 1530706728.765047 0.132041 -0.0935844 1.18577
-1 1530706728.771956 0.131826 -0.0931903 1.18496
-1 1530706728.776312 0.131715 -0.0929839 1.18455
-1 1530706728.785463 0.131592 -0.0927851 1.18413
-1 1530706728.795718 0.131324 -0.0922012 1.18282
-1 1530706728.803298 0.131225 -0.0918481 1.18193
-1 1530706728.806227 0.13119 -0.0916833 1.1815
-1 1530706728.816158 0.131172 -0.0913517 1.18063
-1 1530706728.824758 0.131171 -0.0909634 1.17975
-1 1530706728.832449 0.131156 -0.0905014 1.17887
-1 1530706728.842361 0.131118 -0.0899722 1.17797
-1 1530706728.858919 0.131086 -0.0896779 1.17752
-1 1530706728.864141 0.131046 -0.0893654 1.17706
-1 1530706728.869882 0.130996 -0.0890394 1.17659
-1 1530706728.875839 0.130937 -0.0887028 1.17611
-1 1530706728.880961 0.130858 -0.0883626 1.17563
-1 1530706728.894357 0.130464 -0.0873358 1.17416
-1 1530706728.898863 0.130288 -0.086998 1.17365
-1 1530706728.903780 0.130101 -0.0866694 1.17314
-1 1530706728.910120 0.129924 -0.0863475 1.17262
-1 1530706728.913929 0.129754 -0.086026 1.17209
-1 1530706728.919362 0.129594 -0.0857027 1.17157
-1 1530706728.930745 0.129212 -0.0847359 1.16999
-1 1530706728.938091 0.129018 -0.0840804 1.16896
-1 1530706728.942521 0.128924 -0.0837461 1.16845
-1 1530706728.949842 0.128726 -0.0830467 1.16747
-1 1530706728.956884 0.128518 -0.082275 1.16654
-1 1530706728.962049 0.128413 -0.0818653 1.16607
-1 1530706728.969104 0.128201 -0.0809771 1.16514
-1 1530706728.973748 0.128086 -0.0805063 1.16467
-1 1530706728.980374 0.127863 -0.0795373 1.16372
-1 1530706728.992267 0.127657 -0.0785663 1.16275
-1 1530706728.998350 0.127362 -0.0772184 1.16125
-1 1530706729.004250 0.127278 -0.0768013 1.16073
-1 1530706729.026759 0.126743 -0.0743609 1.15747
-1 1530706729.032612 0.126567 -0.0735363 1.15635
-1 1530706729.036199 0.12648 -0.0731049 1.15579
-1 1530706729.041424 0.126383 -0.0726577 1.15523
-1 1530706729.048746 0.126182 -0.0717118 1.15412
-1 1530706729.058959 0.125948 -0.0706996 1.153
-1 1530706729.066888 0.125681 -0.0696426 1.15189
-1 1530706729.076269 0.125211 -0.0680512 1.15028
-1 1530706729.083177 0.124852 -0.0670351 1.14924
-1 1530706729.092772 0.124448 -0.0660831 1.14823
-1 1530706729.097514 0.124036 -0.0651899 1.14726
-1 1530706729.102436 0.123826 -0.0647661 1.14678
-1 1530706729.109942 0.123412 -0.0639587 1.14582
-1 1530706729.116059 0.123204 -0.0635602 1.14534
-1 1530706729.121492 0.122996 -0.0631673 1.14484
-1 1530706729.126451 0.122782 -0.0627772 1.14434
-1 1530706729.134855 0.122326 -0.0619805 1.14331
-1 1530706729.141456 0.121836 -0.061153 1.14227
-1 1530706729.149089 0.121318 -0.0602505 1.14126
-1 1530706729.173002 0.121051 -0.0597688 1.14077
-1 1530706729.176383 0.120797 -0.0592697 1.14028
-1 1530706729.181497 0.120545 -0.0587466 1.13979
-1 1530706729.189840 0.120096 -0.0576291 1.13883
-1 1530706729.198197 0.119681 -0.0564465 1.13788
-1 1530706729.202974 0.119463 -0.0558475 1.13741
-1 1530706729.214111 0.118984 -0.0546802 1.13649
-1 1530706729.217558 0.118729 -0.0541208 1.13603
-1 1530706729.226567 0.118208 -0.0530288 1.13513
-1 1530706729.237394 0.117703 -0.0519426 1.13424
-1 1530706729.245514 0.116987 -0.0502575 1.13296
-1 1530706729.254136 0.116585 -0.0490491 1.13216
-1 1530706729.265397 0.116299 -0.0477361 1.13136
-1 1530706729.270574 0.115931 -0.0456107 1.13014
-1 1530706729.275475 0.115829 -0.0448682 1.12972
-1 1530706729.287224 0.115662 -0.043349 1.12888
-1 1530706729.298247 0.11551 -0.0409997 1.12758
-1 1530706729.304303 0.115378 -0.0385505 1.12626
-1 1530706729.309072 0.115304 -0.0377172 1.12583
-1 1530706729.507673 0.113334 -0.0070976 1.11457
-1 1530706729.519069 0.110246 0.0215448 1.11378
-1 1530706729.548950 0.110322 0.0243261 1.11362
-1 1530706729.557530 0.109275 0.0361115 1.11319
-1 1530706729.566455 0.108707 0.0384652 1.11318
-1 1530706729.578270 0.107653 0.0417808 1.11319
-1 1530706729.588157 0.10686 0.0438966 1.1132
-1 1530706729.594470 0.106037 0.0459764 1.11318
-1 1530706729.605392 0.105225 0.0480649 1.11314
-1 1530706729.613926 0.104134 0.0512563 1.11304
-1 1530706729.620811 0.103505 0.0534042 1.11294
-1 1530706729.628281 0.102958 0.0555876 1.11282
-1 1530706729.639586 0.102808 0.0592309 1.11262
-1 1530706729.663835 0.101216 0.0669623 1.11203
-1 1530706729.673425 0.101292 0.067953 1.11193
-1 1530706729.696690 0.0996208 0.0749701 1.11196
-1 1530706729.708991 0.098352 0.0776547 1.11224
-1 1530706729.718643 0.0975798 0.0794715 1.11249
-1 1530706729.726799 0.0972091 0.0803845 1.11264
-1 1530706729.730863 0.0965111 0.0820929 1.11297
-1 1530706729.738124 0.0957643 0.0837719 1.11334
-1 1530706729.751569 0.0943706 0.0864036 1.11392
-1 1530706729.758526 0.0932674 0.0882902 1.11431
-1 1530706729.762063 0.0926599 0.0892843 1.11451
-1 1530706729.770483 0.0913628 0.0913133 1.11492
-1 1530706729.776371 0.0907025 0.0923161 1.11514
-1 1530706729.782140 0.0894064 0.0942324 1.1156
-1 1530706729.821960 0.0844977 0.100653 1.11773
-1 1530706729.828056 0.083639 0.101581 1.11817
-1 1530706729.839215 0.0825777 0.102769 1.11876
