-1 1536065027.087899 -1.36585 0.390881 1.11396
-1 1536065027.099744 -1.36619 0.390445 1.11396
-1 1536065027.120197 -1.36626 0.390319 1.11396
-1 1536065027.126343 -1.36637 0.390075 1.11395
-1 1536065027.131721 -1.36639 0.390022 1.11394
-1 1536065027.143245 -1.36646 0.38988 1.11393
-1 1536065027.148501 -1.36648 0.389835 1.11393
-1 1536065027.157570 -1.36652 0.389746 1.11393
-1 1536065027.163767 -1.36651 0.389768 1.11392
-1 1536065027.176381 -1.36651 0.389723 1.11391
-1 1536065027.193249 -1.36647 0.389524 1.11387
-1 1536065027.211427 -1.36646 0.389305 1.11384
-1 1536065027.224862 -1.36647 0.389183 1.11382
-1 1536065027.231029 -1.36649 0.389059 1.11381
-1 1536065027.236610 -1.36652 0.388996 1.11381
-1 1536065027.243498 -1.36654 0.388934 1.1138
-1 1536065027.265445 -1.36662 0.388811 1.1138
-1 1536065027.274015 -1.36678 0.38863 1.1138
-1 1536065027.304034 -1.36698 0.388504 1.11381
-1 1536065027.310590 -1.36719 0.388338 1.11383
-1 1536065027.317839 -1.36731 0.388234 1.11385
-1 1536065027.329176 -1.36741 0.388136 1.11387
-1 1536065027.337565 -1.36753 0.387994 1.11391
-1 1536065027.342238 -1.36757 0.387947 1.11392
-1 1536065027.354722 -1.36763 0.387857 1.11394
-1 1536065027.366203 -1.36768 0.387722 1.11397
-1 1536065027.376550 -1.36771 0.387538 1.11398
-1 1536065027.388947 -1.36772 0.387483 1.11398
-1 1536065027.413442 -1.36776 0.387241 1.11398
-1 1536065027.424996 -1.36783 0.386939 1.11398
-1 1536065027.436501 -1.36786 0.386821 1.11398
-1 1536065027.442211 -1.3679 0.386651 1.114
-1 1536065027.449311 -1.36792 0.386594 1.114
-1 1536065027.457476 -1.36795 0.386478 1.11402
-1 1536065027.470405 -1.368 0.386307 1.11404
-1 1536065027.477640 -1.36805 0.386135 1.11406
-1 1536065027.490417 -1.36805 0.386127 1.11407
-1 1536065027.514571 -1.36822 0.385825 1.1141
-1 1536065027.538429 -1.36833 0.385464 1.1141
-1 1536065027.550224 -1.36834 0.38529 1.11409
-1 1536065027.604000 -1.36839 0.384858 1.11409
-1 1536065027.617589 -1.36838 0.384707 1.11409
-1 1536065027.629004 -1.36835 0.384583 1.11409
-1 1536065027.641405 -1.36835 0.384547 1.11409
-1 1536065027.649274 -1.36833 0.384389 1.11408
-1 1536065027.655140 -1.36833 0.384347 1.11408
-1 1536065027.666689 -1.36832 0.384255 1.11408
-1 1536065027.671813 -1.36831 0.384205 1.11408
-1 1536065027.701508 -1.36842 0.384032 1.11408
-1 1536065027.715929 -1.36847 0.383818 1.11408
-1 1536065027.734069 -1.36848 0.38369 1.11408
-1 1536065027.763643 -1.36844 0.383499 1.11409
-1 1536065027.770777 -1.36842 0.383419 1.11409
-1 1536065027.784266 -1.36841 0.383335 1.11409
-1 1536065027.793060 -1.3684 0.383251 1.11409
-1 1536065027.814590 -1.36838 0.38312 1.11409
-1 1536065027.832035 -1.36844 0.383016 1.11409
-1 1536065027.838672 -1.36849 0.382818 1.1141
-1 1536065027.851079 -1.3685 0.38272 1.1141
-1 1536065027.858181 -1.3685 0.382586 1.1141
-1 1536065027.869174 -1.3685 0.382465 1.1141
-1 1536065027.880519 -1.36849 0.382278 1.1141
-1 1536065027.892598 -1.36849 0.382179 1.1141
-1 1536065027.912617 -1.36855 0.381935 1.11409
-1 1536065027.942682 -1.36854 0.381639 1.11407
-1 1536065027.958511 -1.36851 0.381484 1.11406
-1 1536065027.963912 -1.36847 0.381322 1.11406
-1 1536065027.983001 -1.36844 0.381064 1.11405
-1 1536065027.997096 -1.36843 0.380972 1.11405
-1 1536065028.011278 -1.36839 0.380774 1.11404
-1 1536065028.015604 -1.36838 0.380708 1.11403
-1 1536065028.028583 -1.36836 0.380594 1.11403
-1 1536065028.042380 -1.36833 0.380466 1.11402
-1 1536065028.048036 -1.36832 0.380422 1.11402
-1 1536065028.060231 -1.3683 0.380333 1.11401
-1 1536065028.065099 -1.36829 0.380287 1.11401
-1 1536065028.072224 -1.36828 0.380242 1.11401
-1 1536065028.083400 -1.36825 0.380151 1.114
-1 1536065028.090777 -1.36824 0.380108 1.114
-1 1536065028.107350 -1.36819 0.379993 1.114
-1 1536065028.127273 -1.36818 0.379836 1.11399
-1 1536065028.141058 -1.36815 0.379699 1.11399
-1 1536065028.153406 -1.36809 0.37949 1.11398
-1 1536065028.166328 -1.36807 0.379378 1.11398
-1 1536065028.171804 -1.36806 0.379319 1.11398
-1 1536065028.181838 -1.36804 0.379198 1.11398
-1 1536065028.191546 -1.36801 0.379026 1.11397
-1 1536065028.211667 -1.36798 0.378916 1.11397
-1 1536065028.224054 -1.36794 0.37877 1.11397
-1 1536065028.250522 -1.36792 0.378572 1.11397
-1 1536065028.274831 -1.36782 0.378009 1.11396
-1 1536065028.280791 -1.3678 0.377879 1.11395
-1 1536065028.290765 -1.36779 0.377742 1.11395
-1 1536065028.295593 -1.36778 0.377596 1.11395
-1 1536065028.310838 -1.36777 0.377383 1.11394
-1 1536065028.316235 -1.36779 0.377233 1.11394
-1 1536065028.334722 -1.36784 0.376985 1.11393
-1 1536065028.342339 -1.36784 0.376855 1.11393
-1 1536065028.354939 -1.36783 0.376536 1.11392
-1 1536065028.365752 -1.36782 0.37641 1.11392
-1 1536065028.373454 -1.36781 0.376283 1.11391
-1 1536065028.383414 -1.3678 0.376152 1.11391
-1 1536065028.391005 -1.36779 0.376013 1.1139
-1 1536065028.400532 -1.36776 0.375824 1.1139
-1 1536065028.420486 -1.36778 0.375757 1.1139
-1 1536065028.452002 -1.36788 0.375209 1.11389
-1 1536065028.526033 -1.36812 0.373679 1.11388
-1 1536065028.537031 -1.3681 0.373437 1.11388
-1 1536065028.546623 -1.36809 0.373245 1.11389
-1 1536065028.562589 -1.36805 0.372735 1.11391
-1 1536065028.569012 -1.36801 0.372409 1.11392
-1 1536065028.575028 -1.36799 0.372235 1.11392
-1 1536065028.600092 -1.36784 0.371683 1.11393
-1 1536065028.622519 -1.36708 0.369968 1.11389
-1 1536065028.627767 -1.36651 0.368517 1.11383
-1 1536065028.640783 -1.36619 0.367685 1.11379
-1 1536065028.655051 -1.36573 0.366332 1.11373
-1 1536065028.666634 -1.36534 0.36441 1.11364
-1 1536065028.671306 -1.36532 0.363462 1.1136
-1 1536065028.679341 -1.36535 0.363007 1.11358
-1 1536065028.689403 -1.36551 0.361873 1.11353
-1 1536065028.693109 -1.36557 0.361563 1.11351
-1 1536065028.703096 -1.3657 0.36102 1.11348
-1 1536065028.712002 -1.36587 0.360592 1.11346
-1 1536065028.728636 -1.36613 0.360156 1.11345
-1 1536065028.741393 -1.36625 0.359832 1.11346
-1 1536065028.754094 -1.36617 0.359668 1.11352
-1 1536065028.771228 -1.36582 0.359455 1.11361
-1 1536065028.784823 -1.36499 0.359334 1.11369
-1 1536065028.808136 -1.36362 0.359515 1.11364
-1 1536065028.816281 -1.36329 0.35965 1.11357
-1 1536065028.847529 -1.36289 0.359947 1.11344
-1 1536065028.858956 -1.36248 0.36061 1.11322
-1 1536065028.871485 -1.36231 0.361083 1.11308
-1 1536065028.878113 -1.362 0.361755 1.11291
-1 1536065028.888692 -1.36172 0.362244 1.11283
-1 1536065028.905316 -1.36103 0.363262 1.11271
-1 1536065028.913830 -1.36064 0.363676 1.11267
-1 1536065028.923845 -1.3602 0.364114 1.11263
-1 1536065028.941303 -1.35915 0.365271 1.11256
-1 1536065028.950743 -1.35884 0.365634 1.11254
-1 1536065028.966066 -1.35785 0.36691 1.11249
-1 1536065028.999837 -1.35393 0.371469 1.11227
-1 1536065029.005367 -1.35238 0.373154 1.11214
-1 1536065029.011577 -1.35187 0.373707 1.11208
-1 1536065029.027334 -1.35041 0.375277 1.11188
-1 1536065029.037050 -1.34908 0.376785 1.11168
-1 1536065029.046636 -1.34785 0.378678 1.11146
-1 1536065029.057574 -1.34744 0.379353 1.11139
-1 1536065029.066314 -1.34632 0.381481 1.1112
-1 1536065029.079603 -1.34564 0.382963 1.11108
-1 1536065029.085347 -1.34467 0.385259 1.11092
-1 1536065029.092036 -1.34439 0.386105 1.11087
-1 1536065029.104994 -1.34384 0.38765 1.11078
-1 1536065029.109113 -1.34355 0.3884 1.11073
-1 1536065029.114357 -1.34324 0.389127 1.11068
-1 1536065029.117919 -1.34291 0.389843 1.11063
-1 1536065029.134908 -1.3414 0.392604 1.11045
-1 1536065029.147553 -1.34008 0.394661 1.1103
-1 1536065029.150162 -1.33962 0.395364 1.11024
-1 1536065029.162762 -1.33865 0.3968 1.11012
-1 1536065029.171619 -1.33712 0.399023 1.10993
-1 1536065029.190774 -1.33451 0.40285 1.10969
-1 1536065029.202349 -1.33354 0.404464 1.1096
-1 1536065029.215549 -1.33215 0.406822 1.10947
-1 1536065029.221663 -1.33123 0.408404 1.10936
-1 1536065029.240125 -1.32896 0.41232 1.10906
-1 1536065029.256137 -1.32716 0.415403 1.10879
-1 1536065029.270571 -1.32539 0.418549 1.10851
-1 1536065029.281739 -1.32454 0.420155 1.10836
-1 1536065029.292750 -1.32326 0.422714 1.1081
-1 1536065029.300075 -1.3225 0.424434 1.10791
-1 1536065029.306417 -1.32178 0.426151 1.10772
-1 1536065029.318339 -1.32074 0.428731 1.10745
-1 1536065029.326790 -1.32006 0.430485 1.10731
-1 1536065029.356658 -1.31841 0.434996 1.10699
-1 1536065029.370579 -1.31712 0.43862 1.10674
-1 1536065029.380451 -1.31619 0.441304 1.10656
-1 1536065029.392733 -1.31535 0.444021 1.10638
-1 1536065029.399603 -1.31468 0.446604 1.1062
-1 1536065029.409960 -1.3142 0.448166 1.10609
-1 1536065029.419724 -1.31366 0.449586 1.10601
-1 1536065029.424280 -1.31308 0.450837 1.10596
-1 1536065029.429195 -1.31276 0.4514 1.10595
-1 1536065029.436962 -1.31208 0.452415 1.10596
-1 1536065029.460534 -1.31053 0.45418 1.10607
-1 1536065029.474035 -1.3087 0.455895 1.10621
-1 1536065029.484266 -1.30771 0.456752 1.10628
-1 1536065029.490025 -1.30669 0.457852 1.10639
-1 1536065029.498555 -1.30564 0.458979 1.1065
-1 1536065029.508030 -1.30453 0.460026 1.10664
-1 1536065029.521814 -1.30334 0.461039 1.10679
-1 1536065029.527388 -1.3014 0.462566 1.10703
-1 1536065029.547042 -1.30072 0.46309 1.10711
-1 1536065029.565267 -1.29712 0.465757 1.10757
-1 1536065029.570908 -1.29638 0.466295 1.10767
-1 1536065029.584265 -1.29491 0.467392 1.10789
-1 1536065029.595386 -1.29277 0.469075 1.10822
-1 1536065029.607073 -1.29086 0.471105 1.10853
-1 1536065029.611266 -1.29022 0.47182 1.10864
-1 1536065029.619540 -1.28895 0.473166 1.10886
-1 1536065029.645109 -1.2859 0.476245 1.10941
-1 1536065029.670830 -1.28097 0.480516 1.11005
-1 1536065029.676297 -1.27968 0.481457 1.11017
-1 1536065029.686239 -1.27837 0.482363 1.11028
-1 1536065029.694498 -1.27704 0.483221 1.11036
-1 1536065029.712110 -1.27387 0.485952 1.11049
-1 1536065029.718897 -1.27254 0.486849 1.11054
-1 1536065029.735033 -1.27119 0.487685 1.11059
-1 1536065029.749885 -1.26764 0.489709 1.11081
-1 1536065029.768411 -1.26394 0.49171 1.11119
-1 1536065029.777038 -1.26166 0.49292 1.11147
-1 1536065029.787690 -1.26014 0.493699 1.11167
-1 1536065029.798540 -1.25874 0.49478 1.11186
-1 1536065029.814698 -1.25592 0.496463 1.11225
-1 1536065029.836187 -1.2518 0.498137 1.11276
-1 1536065029.845281 -1.24973 0.498733 1.11292
-1 1536065029.853241 -1.24832 0.499097 1.113
-1 1536065029.863017 -1.24614 0.499603 1.11307
-1 1536065029.872627 -1.24539 0.499768 1.11308
-1 1536065029.882602 -1.2423 0.500425 1.11309
-1 1536065029.894748 -1.24009 0.5016 1.11309
-1 1536065029.907812 -1.23775 0.502391 1.11308
-1 1536065029.917046 -1.23696 0.502626 1.11308
-1 1536065029.927513 -1.23375 0.503403 1.11306
-1 1536065029.946203 -1.2305 0.50391 1.11304
-1 1536065029.956548 -1.22798 0.504202 1.11303
-1 1536065029.964347 -1.22621 0.504426 1.11304
-1 1536065029.976250 -1.22437 0.504704 1.11303
-1 1536065029.984674 -1.2215 0.505519 1.11301
-1 1536065029.997656 -1.22051 0.5059 1.113
-1 1536065030.013341 -1.21738 0.506893 1.11298
-1 1536065030.026633 -1.2119 0.508174 1.11298
-1 1536065030.037085 -1.20967 0.508546 1.11299
-1 1536065030.049428 -1.2063 0.50902 1.113
-1 1536065030.057963 -1.20401 0.509295 1.113
-1 1536065030.068557 -1.20171 0.509529 1.11299
-1 1536065030.085493 -1.20056 0.509633 1.11298
-1 1536065030.090832 -1.19594 0.509945 1.1129
-1 1536065030.103339 -1.19488 0.510226 1.11288
-1 1536065030.112702 -1.19047 0.510796 1.11269
-1 1536065030.125649 -1.1882 0.510965 1.11257
-1 1536065030.130249 -1.18466 0.51118 1.11237
-1 1536065030.135032 -1.18346 0.511238 1.1123
-1 1536065030.140861 -1.18224 0.511278 1.11223
-1 1536065030.151526 -1.17975 0.51132 1.11208
-1 1536065030.167136 -1.17592 0.511231 1.11181
-1 1536065030.176918 -1.1733 0.511061 1.11161
-1 1536065030.188853 -1.17197 0.510943 1.11149
-1 1536065030.194502 -1.16921 0.51065 1.11123
-1 1536065030.206478 -1.1678 0.510475 1.11108
-1 1536065030.215994 -1.16495 0.510314 1.11076
-1 1536065030.245989 -1.15737 0.509868 1.10965
-1 1536065030.274695 -1.15067 0.509108 1.10846
-1 1536065030.308950 -1.14008 0.508042 1.10612
-1 1536065030.314528 -1.13495 0.507694 1.10484
-1 1536065030.343962 -1.12053 0.50929 1.10316
-1 1536065030.361838 -1.11562 0.510855 1.10358
-1 1536065030.375324 -1.10643 0.511984 1.1049
-1 1536065030.394801 -1.09818 0.511245 1.10631
-1 1536065030.425539 -1.08512 0.509035 1.10824
-1 1536065030.438239 -1.07774 0.508507 1.10914
-1 1536065030.444591 -1.07335 0.508102 1.10969
-1 1536065030.449706 -1.07129 0.507879 1.10996
-1 1536065030.471049 -1.06203 0.506738 1.11123
-1 1536065030.486057 -1.05715 0.506212 1.11182
-1 1536065030.503438 -1.04963 0.505726 1.1125
-1 1536065030.518254 -1.0467 0.505568 1.11271
-1 1536065030.529356 -1.03945 0.504971 1.11309
-1 1536065030.567502 -1.02125 0.503683 1.11372
-1 1536065030.578929 -1.01057 0.503101 1.11414
-1 1536065030.592541 -1.00782 0.502971 1.11423
-1 1536065030.604271 -1.00398 0.502832 1.11435
-1 1536065030.609853 -1.00061 0.503103 1.11443
-1 1536065030.622634 -0.998484 0.503243 1.11447
-1 1536065030.633415 -0.99533 0.503493 1.11447
-1 1536065030.647351 -0.993229 0.50373 1.11444
-1 1536065030.671497 -0.984343 0.504578 1.11432
-1 1536065030.678775 -0.982029 0.504524 1.11446
-1 1536065030.689757 -0.979618 0.504351 1.11468
-1 1536065030.708013 -0.974763 0.504049 1.11534
-1 1536065030.718054 -0.97246 0.503929 1.11574
-1 1536065030.728741 -0.971316 0.503856 1.11595
-1 1536065030.738116 -0.967951 0.503603 1.11658
-1 1536065030.751372 -0.964737 0.5033 1.11716
-1 1536065030.758338 -0.961686 0.502981 1.11765
-1 1536065030.774809 -0.959023 0.502281 1.11807
-1 1536065030.782032 -0.957421 0.50012 1.11853
-1 1536065030.785050 -0.957087 0.499049 1.11871
-1 1536065030.791509 -0.956761 0.497901 1.11891
-1 1536065030.803761 -0.955931 0.495602 1.11937
-1 1536065030.812750 -0.954674 0.493681 1.11987
-1 1536065030.819297 -0.952029 0.491649 1.12064
-1 1536065030.833361 -0.9499 0.490907 1.12114
-1 1536065030.843111 -0.94643 0.490543 1.1218
-1 1536065030.859324 -0.942844 0.490776 1.12233
-1 1536065030.868777 -0.939232 0.491296 1.1227
-1 1536065030.936272 -0.935489 0.492002 1.12296
-1 1536065030.945972 -0.913307 0.498392 1.12411
-1 1536065030.952041 -0.911238 0.498991 1.12422
-1 1536065030.963674 -0.908482 0.499699 1.12435
-1 1536065030.970721 -0.90689 0.500049 1.1244
-1 1536065030.977952 -0.905499 0.500305 1.12442
-1 1536065030.990126 -0.903726 0.500526 1.12437
-1 1536065030.996983 -0.902698 0.500523 1.12428
-1 1536065031.015736 -0.90085 0.500213 1.12387
-1 1536065031.040778 -0.899003 0.499335 1.12312
-1 1536065031.045772 -0.898038 0.498614 1.12262
-1 1536065031.057936 -0.89705 0.497917 1.12213
-1 1536065031.072876 -0.895932 0.497291 1.12165
-1 1536065031.082989 -0.894648 0.496761 1.12117
-1 1536065031.091596 -0.893359 0.496293 1.12072
-1 1536065031.097232 -0.892894 0.496165 1.12056
-1 1536065031.112437 -0.892458 0.496038 1.1204
-1 1536065031.119893 -0.891319 0.495599 1.11993
-1 1536065031.131263 -0.890424 0.494986 1.11943
-1 1536065031.134550 -0.890171 0.494735 1.11925
-1 1536065031.145424 -0.889938 0.494459 1.11907
-1 1536065031.161726 -0.888598 0.49252 1.11806
-1 1536065031.175603 -0.88774 0.491689 1.11777
-1 1536065031.182208 -0.887099 0.491307 1.11765
-1 1536065031.196573 -0.886528 0.49104 1.11757
-1 1536065031.201316 -0.885852 0.490917 1.11751
-1 1536065031.210508 -0.885309 0.490799 1.11746
-1 1536065031.219380 -0.884896 0.490644 1.11742
-1 1536065031.224059 -0.884724 0.490549 1.11739
-1 1536065031.243090 -0.88398 0.489945 1.11723
-1 1536065031.254922 -0.88346 0.489557 1.11712
-1 1536065031.265781 -0.883065 0.489329 1.11705
-1 1536065031.276894 -0.882651 0.489132 1.11698
-1 1536065031.284298 -0.882087 0.488902 1.11687
-1 1536065031.290490 -0.881927 0.488836 1.11683
-1 1536065031.299501 -0.881832 0.488696 1.1168
-1 1536065031.304499 -0.88151 0.48858 1.11671
-1 1536065031.315514 -0.881296 0.488472 1.11661
-1 1536065031.324615 -0.881183 0.488355 1.11649
-1 1536065031.341141 -0.881148 0.488183 1.11627
-1 1536065031.366429 -0.881276 0.488018 1.11584
-1 1536065031.389308 -0.881329 0.487989 1.11564
-1 1536065031.402979 -0.881571 0.487889 1.11511
-1 1536065031.408048 -0.881674 0.48781 1.11495
-1 1536065031.415568 -0.881669 0.487859 1.11478
-1 1536065031.426332 -0.881699 0.487911 1.1146
-1 1536065031.438830 -0.881882 0.487949 1.11435
-1 1536065031.449476 -0.882572 0.487776 1.11396
-1 1536065031.459126 -0.883016 0.487682 1.11377
-1 1536065031.468701 -0.88326 0.487625 1.11368
-1 1536065031.484458 -0.884027 0.487397 1.11344
-1 1536065031.491398 -0.8848 0.487053 1.11327
-1 1536065031.499352 -0.885053 0.48691 1.11322
-1 1536065031.510478 -0.885692 0.486378 1.11314
-1 1536065031.524208 -0.885948 0.486122 1.1131
-1 1536065031.544293 -0.886648 0.485786 1.11306
-1 1536065031.550481 -0.887059 0.485677 1.11304
-1 1536065031.555604 -0.887273 0.485628 1.11304
-1 1536065031.565223 -0.887728 0.485533 1.11303
-1 1536065031.574160 -0.888229 0.485435 1.11303
-1 1536065031.591081 -0.888773 0.485328 1.11304
-1 1536065031.604362 -0.89025 0.48508 1.11305
-1 1536065031.621398 -0.891445 0.484886 1.11306
-1 1536065031.637468 -0.893081 0.484742 1.11303
-1 1536065031.656027 -0.893373 0.484703 1.11302
-1 1536065031.694420 -0.895223 0.484388 1.11297
-1 1536065031.703197 -0.89745 0.484149 1.11286
-1 1536065031.716831 -0.898429 0.484143 1.11278
-1 1536065031.721506 -0.898994 0.484135 1.11273
-1 1536065031.728951 -0.899597 0.484203 1.11267
-1 1536065031.740533 -0.900603 0.484338 1.11258
-1 1536065031.752565 -0.901737 0.484476 1.1125
-1 1536065031.763996 -0.903407 0.484628 1.1124
-1 1536065031.775025 -0.904785 0.484739 1.11232
-1 1536065031.782564 -0.90574 0.484802 1.11226
-1 1536065031.814485 -0.909652 0.484988 1.11198
-1 1536065031.829133 -0.911175 0.485063 1.11186
-1 1536065031.836021 -0.911703 0.485079 1.11182
-1 1536065031.843737 -0.912238 0.485101 1.11178
-1 1536065031.856528 -0.913869 0.485154 1.11166
-1 1536065031.863079 -0.915541 0.485175 1.11154
-1 1536065031.875077 -0.91669 0.485162 1.11146
-1 1536065031.880601 -0.918463 0.485153 1.11135
-1 1536065031.892318 -0.919691 0.485142 1.11127
-1 1536065031.901321 -0.92161 0.485119 1.11114
-1 1536065031.912511 -0.924144 0.485082 1.11097
-1 1536065031.925068 -0.926202 0.485118 1.11081
-1 1536065031.927588 -0.926899 0.485133 1.11075
-1 1536065031.936578 -0.928304 0.485162 1.11063
-1 1536065031.942532 -0.929011 0.485177 1.11056
-1 1536065031.955002 -0.931147 0.485238 1.11037
-1 1536065031.969202 -0.933301 0.48529 1.11018
-1 1536065031.974021 -0.934029 0.485297 1.11011
-1 1536065031.984403 -0.935489 0.485303 1.11001
-1 1536065032.004750 -0.937696 0.485258 1.10996
-1 1536065032.011834 -0.939836 0.485137 1.10998
-1 1536065032.029130 -0.94127 0.485067 1.11002
-1 1536065032.035436 -0.94422 0.484913 1.11014
-1 1536065032.043193 -0.945735 0.484834 1.11023
-1 1536065032.052784 -0.947283 0.484748 1.11033
-1 1536065032.070441 -0.948812 0.484684 1.11046
-1 1536065032.085151 -0.9525 0.484481 1.11087
-1 1536065032.090369 -0.95391 0.484379 1.11107
-1 1536065032.109330 -0.956602 0.484188 1.11149
-1 1536065032.118510 -0.95864 0.484074 1.11183
-1 1536065032.126253 -0.959986 0.484006 1.11205
-1 1536065032.141032 -0.962671 0.483826 1.11252
-1 1536065032.151258 -0.963963 0.483693 1.11277
-1 1536065032.160336 -0.965827 0.483381 1.11318
-1 1536065032.170453 -0.96645 0.483274 1.11333
-1 1536065032.179148 -0.968525 0.482762 1.11379
-1 1536065032.192450 -0.970383 0.482161 1.11414
-1 1536065032.213878 -0.977571 0.48007 1.1154
-1 1536065032.221457 -0.979792 0.479714 1.11583
-1 1536065032.232256 -0.981776 0.479597 1.11625
-1 1536065032.245013 -0.984353 0.479844 1.11684
-1 1536065032.260894 -0.985844 0.480226 1.11721
-1 1536065032.266544 -0.987198 0.480741 1.11756
-1 1536065032.279684 -0.988958 0.481634 1.11804
-1 1536065032.282844 -0.98948 0.48194 1.11819
-1 1536065032.295568 -0.990459 0.482546 1.11847
-1 1536065032.317621 -0.992229 0.483704 1.11899
-1 1536065032.348795 -0.995095 0.484981 1.12002
-1 1536065032.354395 -0.995309 0.485005 1.12011
-1 1536065032.366153 -0.995646 0.484971 1.1203
-1 1536065032.370868 -0.995784 0.484921 1.12038
-1 1536065032.386232 -0.996147 0.484748 1.12061
-1 1536065032.397142 -0.996264 0.484692 1.12069
-1 1536065032.414850 -0.996669 0.484528 1.12091
-1 1536065032.426419 -0.997422 0.484407 1.12121
-1 1536065032.439819 -0.997795 0.484306 1.12135
-1 1536065032.447317 -0.998245 0.484297 1.12148
-1 1536065032.453243 -0.998996 0.484375 1.12166
-1 1536065032.459572 -0.999527 0.484505 1.12177
-1 1536065032.471489 -1.00038 0.484841 1.1219
-1 1536065032.473995 -1.00102 0.485135 1.12198
-1 1536065032.483429 -1.00172 0.485471 1.12204
-1 1536065032.489787 -1.00281 0.485998 1.1221
-1 1536065032.494930 -1.00353 0.486322 1.12211
-1 1536065032.514129 -1.00522 0.486793 1.12204
-1 1536065032.527112 -1.00578 0.486897 1.12197
-1 1536065032.539252 -1.00648 0.487016 1.12183
-1 1536065032.551048 -1.00687 0.487099 1.12171
-1 1536065032.564580 -1.00744 0.487262 1.12151
-1 1536065032.576168 -1.00783 0.48742 1.12138
-1 1536065032.582130 -1.00804 0.487517 1.12132
-1 1536065032.593163 -1.00848 0.487736 1.12119
-1 1536065032.598520 -1.00871 0.487852 1.12111
-1 1536065032.609680 -1.00894 0.48796 1.12104
-1 1536065032.616436 -1.00963 0.488262 1.12083
-1 1536065032.631558 -1.0105 0.488513 1.12054
-1 1536065032.641784 -1.01173 0.488862 1.12021
-1 1536065032.648355 -1.01229 0.48903 1.12007
-1 1536065032.655740 -1.01314 0.489302 1.1199
-1 1536065032.659866 -1.01368 0.489509 1.11977
-1 1536065032.666656 -1.01419 0.489714 1.11966
-1 1536065032.679501 -1.01495 0.49002 1.11948
-1 1536065032.683829 -1.01545 0.490243 1.11942
-1 1536065032.695893 -1.01571 0.490362 1.1194
-1 1536065032.701329 -1.01652 0.490593 1.11939
-1 1536065032.712095 -1.01677 0.490647 1.11939
-1 1536065032.717948 -1.01722 0.490768 1.1194
-1 1536065032.729551 -1.01765 0.490916 1.11942
-1 1536065032.742585 -1.01804 0.491077 1.11943
-1 1536065032.760290 -1.01843 0.491244 1.11943
-1 1536065032.764171 -1.01882 0.491408 1.11941
-1 1536065032.769746 -1.01901 0.491482 1.11939
-1 1536065032.778868 -1.01936 0.491607 1.11933
-1 1536065032.786763 -1.01968 0.491685 1.11927
-1 1536065032.789885 -1.01983 0.491719 1.11924
-1 1536065032.797838 -1.01998 0.491748 1.1192
-1 1536065032.806230 -1.02041 0.491797 1.11907
-1 1536065032.827873 -1.02129 0.4919 1.11876
-1 1536065032.840871 -1.02208 0.492515 1.11847
-1 1536065032.849938 -1.02257 0.493008 1.11827
-1 1536065032.857808 -1.02288 0.49338 1.11811
-1 1536065032.870471 -1.02345 0.493968 1.11784
-1 1536065032.874522 -1.02366 0.494189 1.11774
-1 1536065032.882100 -1.02388 0.494408 1.11763
-1 1536065032.889481 -1.02431 0.494836 1.11742
-1 1536065032.896224 -1.02451 0.495051 1.11731
-1 1536065032.905370 -1.02509 0.495634 1.117
-1 1536065032.922321 -1.02537 0.496088 1.11679
-1 1536065032.932153 -1.02596 0.497276 1.1164
-1 1536065032.944739 -1.02634 0.498062 1.11622
-1 1536065032.961661 -1.02707 0.499419 1.11597
-1 1536065032.971771 -1.0276 0.500408 1.1158
-1 1536065032.985669 -1.02812 0.501449 1.11563
-1 1536065032.994473 -1.02836 0.501972 1.11555
-1 1536065033.006415 -1.02883 0.502996 1.11537
-1 1536065033.017924 -1.02926 0.503984 1.11519
-1 1536065033.036172 -1.02986 0.505431 1.11487
-1 1536065033.053333 -1.0303 0.50626 1.11466
-1 1536065033.065756 -1.03111 0.508443 1.11403
-1 1536065033.075318 -1.03138 0.509377 1.11374
-1 1536065033.078866 -1.03182 0.510887 1.11323
-1 1536065033.085928 -1.0322 0.511956 1.11283
-1 1536065033.098156 -1.03329 0.514735 1.11164
-1 1536065033.110662 -1.03359 0.515813 1.11111
-1 1536065033.170818 -1.03377 0.525024 1.10503
-1 1536065033.178344 -1.03355 0.526237 1.10395
-1 1536065033.182253 -1.03338 0.52684 1.1034
-1 1536065033.187999 -1.03317 0.527438 1.10285
-1 1536065033.194966 -1.0327 0.528599 1.1018
-1 1536065033.201830 -1.03247 0.529155 1.1013
-1 1536065033.206435 -1.03211 0.530287 1.10035
-1 1536065033.215583 -1.03181 0.531455 1.09941
-1 1536065033.233643 -1.03033 0.536124 1.0965
-1 1536065033.245281 -1.02986 0.538048 1.09566
-1 1536065033.258731 -1.02913 0.541928 1.0944
-1 1536065033.264503 -1.02868 0.5446 1.09369
-1 1536065033.270546 -1.02851 0.545459 1.09347
-1 1536065033.282950 -1.02802 0.548007 1.09282
-1 1536065033.292142 -1.02753 0.550494 1.09225
-1 1536065033.298722 -1.02736 0.5513 1.09209
-1 1536065033.307806 -1.02685 0.553501 1.09172
-1 1536065033.312073 -1.02669 0.554225 1.09162
-1 1536065033.319497 -1.02655 0.554942 1.09154
-1 1536065033.338180 -1.02608 0.557143 1.0932
-1 1536065033.355910 -1.02546 0.559137 1.09711
-1 1536065033.368316 -1.02445 0.562426 1.10035
-1 1536065033.373426 -1.02417 0.563294 1.10102
-1 1536065033.388715 -1.0236 0.565078 1.10226
-1 1536065033.398133 -1.02273 0.567876 1.10391
-1 1536065033.410487 -1.02216 0.569852 1.10489
-1 1536065033.418061 -1.02163 0.571864 1.10581
-1 1536065033.445672 -1.02084 0.574916 1.10702
-1 1536065033.482774 -1.0185 0.582926 1.10965
-1 1536065033.520254 -1.01419 0.593103 1.11238
-1 1536065033.541219 -1.01179 0.598782 1.11331
-1 1536065033.553026 -1.01114 0.600372 1.11352
-1 1536065033.575579 -1.01023 0.602752 1.11383
-1 1536065033.583354 -1.00969 0.604334 1.11405
-1 1536065033.596223 -1.00922 0.605896 1.11428
-1 1536065033.602334 -1.009 0.606665 1.1144
-1 1536065033.612372 -1.00878 0.607425 1.11452
-1 1536065033.622231 -1.0083 0.608915 1.11476
-1 1536065033.633601 -1.00805 0.609646 1.11487
-1 1536065033.641877 -1.00724 0.61178 1.11519
-1 1536065033.656677 -1.00621 0.614446 1.11552
-1 1536065033.667620 -1.00558 0.616381 1.11571
-1 1536065033.676301 -1.00469 0.619606 1.11593
-1 1536065033.681026 -1.00434 0.620891 1.11602
-1 1536065033.686833 -1.004 0.622162 1.11611
-1 1536065033.701180 -1.00323 0.625073 1.1164
-1 1536065033.708875 -1.00236 0.627443 1.11666
-1 1536065033.717941 -1.00197 0.628286 1.11675
-1 1536065033.725453 -1.00147 0.629524 1.11689
-1 1536065033.737621 -1.0012 0.630316 1.11698
-1 1536065033.748939 -1.00081 0.632066 1.11719
-1 1536065033.763109 -1.00049 0.633062 1.11725
-1 1536065033.774992 -1.00001 0.633673 1.11726
-1 1536065033.780983 -0.999546 0.634112 1.11727
-1 1536065033.788287 -0.998984 0.634606 1.11729
-1 1536065033.792660 -0.998676 0.63486 1.11729
-1 1536065033.800167 -0.998024 0.635431 1.1173
-1 1536065033.808481 -0.997349 0.636081 1.11732
-1 1536065033.816068 -0.99673 0.636816 1.11733
-1 1536065033.825719 -0.996281 0.6381 1.11739
-1 1536065033.835993 -0.996885 0.639185 1.11749
-1 1536065033.846157 -0.999412 0.641121 1.11778
-1 1536065033.852868 -1.00157 0.642423 1.11805
-1 1536065033.865114 -1.00458 0.64415 1.11852
-1 1536065033.877712 -1.00627 0.645109 1.11886
-1 1536065033.885534 -1.00772 0.645924 1.11919
-1 1536065033.891601 -1.00835 0.646298 1.11935
-1 1536065033.902084 -1.00952 0.647029 1.11966
-1 1536065033.909312 -1.01057 0.647757 1.11995
-1 1536065033.919127 -1.01157 0.648476 1.1202
-1 1536065033.926198 -1.01251 0.649091 1.12043
-1 1536065033.932067 -1.01294 0.649333 1.12053
-1 1536065033.947103 -1.01414 0.649827 1.1208
-1 1536065033.954198 -1.01494 0.65 1.12095
-1 1536065033.964895 -1.01533 0.650045 1.12103
-1 1536065033.972379 -1.01616 0.650091 1.12115
-1 1536065033.983228 -1.01751 0.650012 1.12126
-1 1536065033.997100 -1.01837 0.6498 1.12128
-1 1536065034.006893 -1.01929 0.649293 1.1213
-1 1536065034.014732 -1.0199 0.649115 1.12129
-1 1536065034.019116 -1.02062 0.649096 1.12126
-1 1536065034.024029 -1.021 0.649104 1.12126
-1 1536065034.027049 -1.02137 0.649143 1.12124
-1 1536065034.041055 -1.02213 0.649293 1.12122
-1 1536065034.045505 -1.02293 0.649503 1.12118
-1 1536065034.057403 -1.02375 0.649708 1.12112
-1 1536065034.063272 -1.02416 0.649797 1.12108
-1 1536065034.075944 -1.02496 0.649917 1.121
-1 1536065034.082121 -1.02575 0.649945 1.12089
-1 1536065034.094062 -1.02654 0.649893 1.12076
-1 1536065034.112560 -1.02796 0.649506 1.12047
-1 1536065034.122368 -1.02859 0.649254 1.12031
-1 1536065034.126968 -1.02891 0.649129 1.12022
-1 1536065034.134620 -1.02924 0.64901 1.12012
-1 1536065034.144258 -1.0299 0.648719 1.1201
-1 1536065034.153968 -1.03029 0.648611 1.12003
-1 1536065034.160893 -1.03102 0.648184 1.11986
-1 1536065034.164560 -1.0314 0.647957 1.11977
-1 1536065034.176477 -1.0318 0.647725 1.11968
-1 1536065034.184421 -1.03307 0.646972 1.11939
-1 1536065034.191051 -1.03355 0.646738 1.11928
-1 1536065034.201583 -1.03459 0.646334 1.11903
-1 1536065034.207158 -1.03622 0.645913 1.1186
-1 1536065034.215284 -1.03712 0.645636 1.11824
-1 1536065034.218514 -1.0375 0.645252 1.11781
-1 1536065034.226346 -1.03756 0.644849 1.11729
-1 1536065034.234523 -1.03742 0.644247 1.11641
-1 1536065034.247423 -1.03742 0.643887 1.11577
-1 1536065034.253938 -1.03803 0.643299 1.11466
-1 1536065034.262986 -1.03829 0.6432 1.11445
-1 1536065034.269977 -1.03922 0.643019 1.11393
-1 1536065034.281343 -1.03957 0.642962 1.11378
-1 1536065034.289766 -1.04071 0.64274 1.1134
-1 1536065034.295228 -1.04123 0.642714 1.11343
-1 1536065034.298166 -1.04154 0.642415 1.11334
-1 1536065034.308353 -1.04174 0.642175 1.11319
-1 1536065034.319217 -1.04196 0.641898 1.11304
-1 1536065034.327113 -1.04251 0.641423 1.11285
-1 1536065034.331181 -1.04275 0.641231 1.11279
-1 1536065034.338128 -1.04328 0.640778 1.11267
-1 1536065034.352312 -1.04357 0.640513 1.11262
-1 1536065034.358176 -1.04491 0.639123 1.11235
-1 1536065034.369213 -1.04528 0.638684 1.11228
-1 1536065034.373428 -1.04638 0.637155 1.11204
-1 1536065034.383491 -1.04714 0.63598 1.11185
-1 1536065034.389113 -1.04794 0.634738 1.11164
-1 1536065034.399310 -1.0487 0.633449 1.11143
-1 1536065034.407437 -1.04945 0.632196 1.11121
-1 1536065034.415126 -1.05076 0.630444 1.11087
-1 1536065034.425271 -1.05171 0.62942 1.11066
-1 1536065034.431764 -1.05268 0.628539 1.11046
-1 1536065034.435875 -1.05364 0.627776 1.11027
-1 1536065034.440124 -1.05412 0.627425 1.11019
-1 1536065034.444511 -1.05458 0.627089 1.11012
-1 1536065034.455108 -1.05586 0.626138 1.10997
-1 1536065034.461540 -1.05658 0.625513 1.1099
-1 1536065034.467956 -1.0569 0.625193 1.10988
-1 1536065034.473707 -1.05746 0.624527 1.10986
-1 1536065034.476250 -1.05772 0.62418 1.10985
-1 1536065034.487428 -1.05807 0.623446 1.10985
-1 1536065034.491054 -1.05831 0.622697 1.10985
-1 1536065034.498355 -1.05844 0.622316 1.10985
-1 1536065034.504956 -1.05874 0.621542 1.10985
-1 1536065034.512405 -1.0591 0.620758 1.10985
-1 1536065034.521564 -1.05953 0.61997 1.10985
-1 1536065034.528873 -1.05976 0.619574 1.10985
-1 1536065034.535677 -1.06027 0.618775 1.10985
-1 1536065034.542259 -1.06081 0.617977 1.10985
-1 1536065034.547297 -1.06108 0.617587 1.10985
-1 1536065034.562362 -1.0619 0.616485 1.10985
-1 1536065034.568331 -1.06218 0.61614 1.10985
-1 1536065034.575767 -1.06247 0.615805 1.10985
-1 1536065034.579397 -1.06276 0.615477 1.10986
-1 1536065034.592976 -1.06335 0.614817 1.10987
-1 1536065034.600228 -1.0638 0.614149 1.1099
-1 1536065034.609291 -1.06429 0.613495 1.10993
-1 1536065034.624081 -1.06483 0.612864 1.10996
-1 1536065034.633069 -1.06595 0.611619 1.11002
-1 1536065034.636428 -1.06623 0.611314 1.11004
-1 1536065034.645071 -1.06678 0.610718 1.11009
-1 1536065034.663458 -1.06733 0.610137 1.11013
-1 1536065034.667258 -1.06813 0.609282 1.11019
-1 1536065034.672501 -1.06839 0.609001 1.11021
-1 1536065034.677748 -1.06865 0.608721 1.11023
-1 1536065034.690804 -1.06915 0.608156 1.11027
-1 1536065034.701194 -1.06983 0.607287 1.1103
-1 1536065034.706810 -1.07001 0.607001 1.11031
-1 1536065034.713928 -1.07038 0.606421 1.11032
-1 1536065034.721357 -1.07078 0.605839 1.11032
-1 1536065034.731045 -1.07121 0.605252 1.11031
-1 1536065034.737473 -1.07163 0.604657 1.1103
-1 1536065034.746141 -1.07185 0.604355 1.11029
-1 1536065034.758765 -1.0725 0.603449 1.11027
-1 1536065034.767588 -1.07317 0.602586 1.11024
-1 1536065034.773803 -1.0736 0.602044 1.11021
-1 1536065034.781915 -1.07401 0.601527 1.11018
-1 1536065034.808825 -1.07421 0.601278 1.11016
-1 1536065034.819115 -1.07506 0.599893 1.11004
-1 1536065034.830729 -1.07532 0.599473 1.10998
-1 1536065034.836423 -1.07545 0.599271 1.10996
-1 1536065034.844131 -1.07558 0.599073 1.10993
-1 1536065034.848826 -1.07572 0.598877 1.10991
-1 1536065034.858524 -1.07586 0.598681 1.10988
-1 1536065034.870563 -1.07613 0.598293 1.10983
-1 1536065034.879820 -1.07639 0.597912 1.10977
-1 1536065034.886474 -1.07651 0.597727 1.10974
-1 1536065034.896118 -1.07677 0.597365 1.10968
-1 1536065034.908009 -1.0769 0.597186 1.10965
-1 1536065034.916471 -1.07733 0.596661 1.10955
-1 1536065034.935455 -1.07797 0.595803 1.10941
-1 1536065034.946297 -1.07819 0.595469 1.10936
-1 1536065034.953413 -1.07859 0.594988 1.1093
-1 1536065034.961548 -1.0789 0.594682 1.10926
-1 1536065034.971728 -1.07939 0.594241 1.10921
-1 1536065034.982007 -1.08009 0.593681 1.10915
-1 1536065034.998031 -1.08064 0.593276 1.1091
-1 1536065035.009702 -1.08153 0.592621 1.10902
-1 1536065035.021287 -1.08202 0.592076 1.10897
-1 1536065035.034167 -1.0824 0.591666 1.10893
-1 1536065035.042527 -1.08281 0.591253 1.10889
-1 1536065035.046775 -1.08309 0.59097 1.10887
-1 1536065035.057495 -1.08337 0.590686 1.10884
-1 1536065035.066598 -1.0838 0.590272 1.10879
-1 1536065035.078256 -1.0842 0.589873 1.10873
-1 1536065035.085776 -1.08444 0.589616 1.1087
-1 1536065035.093685 -1.08456 0.589488 1.10868
-1 1536065035.102338 -1.08477 0.589252 1.10865
-1 1536065035.106858 -1.08495 0.589005 1.10862
-1 1536065035.113554 -1.08505 0.588882 1.1086
-1 1536065035.121611 -1.08526 0.588637 1.10857
-1 1536065035.126991 -1.08549 0.588386 1.10853
-1 1536065035.138753 -1.08572 0.588125 1.10849
-1 1536065035.145831 -1.08608 0.587719 1.10843
-1 1536065035.154920 -1.08633 0.587439 1.1084
-1 1536065035.175436 -1.08658 0.587149 1.10835
-1 1536065035.183129 -1.08737 0.586233 1.10822
-1 1536065035.190297 -1.08761 0.585931 1.10817
-1 1536065035.193906 -1.08771 0.58577 1.10814
-1 1536065035.203837 -1.08793 0.585451 1.10808
-1 1536065035.208774 -1.08817 0.585127 1.10803
-1 1536065035.219886 -1.0884 0.584798 1.10797
-1 1536065035.225049 -1.08875 0.584312 1.10789
-1 1536065035.229183 -1.08886 0.584156 1.10786
-1 1536065035.245715 -1.08919 0.583693 1.10779
-1 1536065035.252593 -1.08951 0.583216 1.10773
-1 1536065035.259812 -1.08971 0.582896 1.10769
-1 1536065035.269303 -1.08991 0.582575 1.10765
-1 1536065035.274124 -1.0901 0.58225 1.10761
-1 1536065035.285684 -1.09023 0.581938 1.10758
-1 1536065035.298149 -1.09056 0.581295 1.10751
-1 1536065035.308477 -1.09075 0.580979 1.10747
-1 1536065035.315649 -1.09086 0.580821 1.10745
-1 1536065035.328782 -1.09109 0.580505 1.10741
-1 1536065035.340503 -1.09132 0.580186 1.10738
-1 1536065035.375367 -1.09144 0.580025 1.10736
-1 1536065035.387307 -1.09241 0.578688 1.10725
-1 1536065035.397037 -1.09264 0.578339 1.10722
-1 1536065035.403010 -1.09272 0.578186 1.10722
-1 1536065035.412774 -1.0928 0.578011 1.10721
-1 1536065035.420989 -1.09297 0.57766 1.1072
-1 1536065035.434073 -1.09334 0.576932 1.10717
-1 1536065035.455149 -1.09374 0.576198 1.10713
-1 1536065035.461624 -1.09404 0.575681 1.10709
-1 1536065035.477379 -1.09424 0.575355 1.10707
-1 1536065035.484890 -1.09464 0.574721 1.10702
-1 1536065035.489218 -1.09475 0.574566 1.10701
-1 1536065035.495684 -1.09496 0.574252 1.10699
-1 1536065035.502091 -1.09502 0.574117 1.10698
-1 1536065035.505347 -1.09508 0.573957 1.10697
-1 1536065035.516618 -1.09521 0.573652 1.10695
-1 1536065035.523381 -1.09533 0.573332 1.10693
-1 1536065035.532409 -1.09539 0.573164 1.10692
-1 1536065035.537074 -1.09551 0.572826 1.10689
-1 1536065035.544156 -1.09558 0.572657 1.10688
-1 1536065035.557382 -1.09571 0.572312 1.10685
-1 1536065035.563954 -1.09584 0.571957 1.10681
-1 1536065035.574096 -1.0959 0.571776 1.10679
-1 1536065035.585176 -1.09604 0.571229 1.10674
-1 1536065035.588819 -1.09608 0.571044 1.10672
-1 1536065035.596789 -1.09611 0.570859 1.10671
-1 1536065035.605063 -1.09618 0.570483 1.10669
-1 1536065035.611559 -1.09622 0.570293 1.10669
-1 1536065035.622118 -1.09627 0.569928 1.10668
-1 1536065035.629951 -1.09631 0.569574 1.10667
-1 1536065035.639248 -1.09637 0.569226 1.10667
-1 1536065035.648840 -1.09645 0.56888 1.10666
-1 1536065035.666092 -1.09665 0.568023 1.10663
-1 1536065035.672814 -1.09673 0.567682 1.10661
-1 1536065035.691433 -1.0969 0.566841 1.10655
-1 1536065035.702817 -1.09696 0.566533 1.10653
-1 1536065035.710077 -1.09706 0.566119 1.1065
-1 1536065035.717741 -1.09706 0.565894 1.10648
-1 1536065035.725785 -1.09708 0.565665 1.10646
-1 1536065035.733472 -1.09711 0.565435 1.10644
-1 1536065035.741112 -1.09713 0.565321 1.10643
-1 1536065035.748317 -1.09718 0.565094 1.1064
-1 1536065035.758239 -1.09727 0.564752 1.10636
-1 1536065035.769135 -1.09733 0.564517 1.10633
-1 1536065035.790136 -1.0974 0.564276 1.10631
-1 1536065035.794189 -1.09755 0.563655 1.10624
-1 1536065035.799108 -1.09757 0.563525 1.10622
-1 1536065035.806196 -1.09763 0.563257 1.10619
-1 1536065035.820566 -1.09764 0.563139 1.10618
-1 1536065035.832973 -1.09771 0.562603 1.10612
-1 1536065035.851065 -1.09776 0.562343 1.10609
-1 1536065035.861892 -1.09784 0.561962 1.10606
-1 1536065035.868928 -1.09791 0.561715 1.10606
-1 1536065035.873693 -1.09794 0.561592 1.10605
-1 1536065035.889845 -1.09802 0.561347 1.10606
-1 1536065035.896859 -1.09819 0.560849 1.10608
-1 1536065035.909828 -1.09829 0.560603 1.1061
-1 1536065035.919790 -1.09842 0.560225 1.10614
-1 1536065035.931911 -1.09846 0.55999 1.10617
-1 1536065035.943101 -1.09863 0.559049 1.10629
-1 1536065035.949551 -1.09866 0.558913 1.1063
-1 1536065035.955994 -1.09872 0.558512 1.10634
-1 1536065035.966050 -1.09876 0.558255 1.10636
-1 1536065035.975196 -1.0988 0.557883 1.10639
-1 1536065035.984956 -1.09882 0.557642 1.1064
-1 1536065035.997511 -1.09884 0.557163 1.10643
-1 1536065036.002709 -1.09882 0.556949 1.10644
-1 1536065036.009830 -1.0988 0.556723 1.10644
-1 1536065036.015115 -1.09879 0.556605 1.10645
-1 1536065036.028581 -1.09874 0.556122 1.10644
-1 1536065036.039246 -1.09872 0.556005 1.10644
-1 1536065036.047053 -1.09865 0.555535 1.10644
-1 1536065036.058228 -1.09859 0.555177 1.10645
-1 1536065036.070362 -1.09855 0.554938 1.10645
-1 1536065036.077799 -1.09849 0.554701 1.10645
-1 1536065036.088744 -1.09839 0.554345 1.10645
-1 1536065036.097234 -1.09834 0.554261 1.10645
-1 1536065036.104907 -1.09825 0.554048 1.10645
-1 1536065036.112973 -1.09816 0.553832 1.10644
-1 1536065036.119909 -1.09812 0.553722 1.10644
-1 1536065036.126785 -1.09803 0.553507 1.10644
-1 1536065036.131739 -1.09799 0.553401 1.10643
-1 1536065036.138695 -1.09795 0.553297 1.10643
-1 1536065036.150050 -1.09783 0.552992 1.10643
-1 1536065036.160173 -1.09775 0.552794 1.10643
-1 1536065036.166341 -1.09767 0.552604 1.10642
-1 1536065036.177234 -1.09759 0.552423 1.10642
-1 1536065036.189636 -1.09751 0.552248 1.10642
-1 1536065036.208113 -1.09736 0.551982 1.10641
-1 1536065036.214365 -1.09726 0.551829 1.10642
-1 1536065036.219678 -1.09721 0.551747 1.10642
-1 1536065036.231799 -1.09712 0.551577 1.10642
-1 1536065036.243190 -1.09702 0.551413 1.10642
-1 1536065036.253465 -1.09686 0.551183 1.10643
-1 1536065036.266243 -1.0968 0.551113 1.10643
-1 1536065036.273912 -1.09661 0.550927 1.10645
-1 1536065036.282823 -1.09649 0.550809 1.10646
-1 1536065036.304907 -1.09619 0.550495 1.10652
-1 1536065036.313121 -1.09602 0.550305 1.10656
-1 1536065036.324368 -1.0959 0.550214 1.10659
-1 1536065036.339069 -1.09559 0.549902 1.10667
-1 1536065036.347099 -1.09545 0.549762 1.1067
-1 1536065036.353241 -1.09525 0.549548 1.10673
-1 1536065036.359514 -1.09511 0.549408 1.10675
-1 1536065036.369764 -1.0949 0.549214 1.10678
-1 1536065036.387749 -1.0947 0.549027 1.10679
-1 1536065036.422052 -1.09433 0.548509 1.10678
-1 1536065036.429510 -1.09432 0.54843 1.10677
-1 1536065036.440601 -1.09429 0.548277 1.10673
-1 1536065036.446440 -1.09426 0.548142 1.1067
-1 1536065036.453471 -1.09424 0.548078 1.10668
-1 1536065036.458909 -1.0942 0.54795 1.10663
-1 1536065036.464970 -1.09418 0.547889 1.10661
-1 1536065036.472713 -1.09412 0.547777 1.10657
-1 1536065036.477289 -1.09409 0.547726 1.10655
-1 1536065036.488361 -1.09399 0.547631 1.10652
-1 1536065036.498317 -1.09388 0.547545 1.1065
-1 1536065036.506613 -1.09362 0.547418 1.10646
-1 1536065036.520109 -1.09341 0.54737 1.10644
-1 1536065036.524841 -1.0933 0.547296 1.10642
-1 1536065036.533877 -1.09321 0.547214 1.1064
-1 1536065036.544301 -1.09313 0.54712 1.10638
-1 1536065036.547329 -1.0931 0.547071 1.10638
-1 1536065036.556964 -1.09303 0.546966 1.10636
-1 1536065036.566244 -1.09296 0.546789 1.10634
-1 1536065036.575799 -1.09292 0.546658 1.10632
-1 1536065036.583962 -1.09288 0.546454 1.10629
-1 1536065036.602482 -1.09286 0.546324 1.10627
-1 1536065036.609970 -1.09284 0.546069 1.10622
-1 1536065036.613463 -1.09284 0.546013 1.10622
-1 1536065036.625999 -1.09287 0.545846 1.10619
-1 1536065036.632200 -1.09291 0.545728 1.10617
-1 1536065036.644724 -1.09295 0.545598 1.10616
-1 1536065036.653449 -1.09303 0.545382 1.10613
-1 1536065036.665803 -1.09309 0.545227 1.10612
-1 1536065036.669780 -1.09317 0.544985 1.1061
-1 1536065036.674663 -1.0932 0.544903 1.1061
-1 1536065036.686895 -1.09327 0.544732 1.10609
-1 1536065036.703434 -1.09333 0.544562 1.10609
-1 1536065036.716425 -1.09342 0.544353 1.10609
-1 1536065036.739841 -1.09351 0.54411 1.10609
-1 1536065036.746832 -1.09369 0.543724 1.10609
-1 1536065036.753046 -1.09378 0.543557 1.10609
-1 1536065036.757738 -1.09383 0.543472 1.1061
-1 1536065036.765222 -1.09388 0.543386 1.1061
-1 1536065036.770701 -1.09398 0.543214 1.1061
-1 1536065036.785784 -1.09409 0.543037 1.1061
-1 1536065036.809248 -1.09427 0.542761 1.1061
-1 1536065036.869566 -1.09529 0.54104 1.10618
-1 1536065036.911397 -1.09567 0.540537 1.10624
-1 1536065036.946177 -1.09706 0.538941 1.10647
-1 1536065037.034985 -1.09857 0.53705 1.10656
-1 1536065037.101598 -1.10092 0.533912 1.10622
-1 1536065037.155238 -1.10112 0.533625 1.10618
-1 1536065037.165352 -1.10291 0.531571 1.10597
-1 1536065037.172449 -1.10324 0.531202 1.10594
-1 1536065037.178587 -1.10357 0.530841 1.10591
-1 1536065037.194434 -1.10428 0.529923 1.10585
-1 1536065037.203329 -1.10463 0.529416 1.10581
-1 1536065037.207254 -1.10496 0.528885 1.10575
-1 1536065037.219017 -1.10527 0.528346 1.1057
-1 1536065037.230895 -1.10558 0.527797 1.10564
-1 1536065037.237263 -1.10621 0.526717 1.10552
-1 1536065037.243778 -1.10637 0.526457 1.10549
-1 1536065037.246181 -1.10653 0.5262 1.10545
-1 1536065037.254809 -1.10669 0.525953 1.10541
-1 1536065037.258098 -1.10703 0.525518 1.10533
-1 1536065037.269408 -1.10754 0.525082 1.10517
-1 1536065037.276379 -1.10789 0.524846 1.10504
-1 1536065037.283960 -1.10807 0.524751 1.10496
-1 1536065037.292292 -1.10861 0.524538 1.10468
-1 1536065037.299127 -1.10895 0.524413 1.10446
-1 1536065037.310349 -1.10946 0.524236 1.10408
-1 1536065037.323191 -1.1098 0.524134 1.10382
-1 1536065037.335196 -1.11049 0.523989 1.10344
-1 1536065037.341624 -1.11195 0.523802 1.10315
