-1 1536064531.077056 -1.14706 0.0321223 1.11342
-1 1536064531.095949 -1.14661 0.0307939 1.11337
-1 1536064531.101861 -1.14651 0.0304784 1.11336
-1 1536064531.109359 -1.14648 0.0303692 1.11335
-1 1536064531.120424 -1.14631 0.0299113 1.11332
-1 1536064531.130451 -1.14626 0.0297905 1.11332
-1 1536064531.136571 -1.14612 0.0294221 1.1133
-1 1536064531.149520 -1.14602 0.0291773 1.11329
-1 1536064531.166358 -1.14577 0.0285987 1.11326
-1 1536064531.177770 -1.14563 0.0282646 1.11324
-1 1536064531.185243 -1.14554 0.0280409 1.11322
-1 1536064531.196321 -1.14542 0.0276849 1.1132
-1 1536064531.203799 -1.14534 0.0274414 1.11319
-1 1536064531.222298 -1.14519 0.0269581 1.11315
-1 1536064531.226988 -1.14511 0.0267123 1.11313
-1 1536064531.239813 -1.14499 0.0263594 1.1131
-1 1536064531.255794 -1.14491 0.0261373 1.11308
-1 1536064531.281489 -1.14466 0.0251984 1.11301
-1 1536064531.296089 -1.14451 0.0247636 1.11297
-1 1536064531.302078 -1.14439 0.0244337 1.11295
-1 1536064531.306192 -1.14434 0.0243258 1.11294
-1 1536064531.309862 -1.14429 0.0242175 1.11293
-1 1536064531.314784 -1.14424 0.0241104 1.11293
-1 1536064531.322043 -1.14413 0.0238954 1.11292
-1 1536064531.330613 -1.14402 0.023679 1.11291
-1 1536064531.350888 -1.14374 0.0231487 1.1129
-1 1536064531.386000 -1.14333 0.0223906 1.11289
-1 1536064531.400140 -1.14306 0.0218886 1.1129
-1 1536064531.410440 -1.1429 0.0216051 1.11291
-1 1536064531.433318 -1.14266 0.0211177 1.11291
-1 1536064531.448380 -1.14252 0.0208214 1.1129
-1 1536064531.463552 -1.14238 0.0205267 1.11289
-1 1536064531.484812 -1.14222 0.0201569 1.11288
-1 1536064531.493473 -1.14209 0.0198243 1.11286
-1 1536064531.510047 -1.14199 0.0195638 1.11284
-1 1536064531.514333 -1.14192 0.0193839 1.11284
-1 1536064531.534166 -1.14174 0.0189475 1.11282
-1 1536064531.549326 -1.1416 0.0186205 1.11281
-1 1536064531.570497 -1.14143 0.0181931 1.1128
-1 1536064531.576672 -1.1414 0.0181025 1.1128
-1 1536064531.602524 -1.14118 0.0175559 1.11278
-1 1536064531.615579 -1.14112 0.0173792 1.11278
-1 1536064531.641957 -1.14098 0.0170477 1.11277
-1 1536064531.659378 -1.14092 0.0168991 1.11276
-1 1536064531.682179 -1.14069 0.0163443 1.11275
-1 1536064531.695082 -1.14062 0.016203 1.11274
-1 1536064531.703877 -1.14056 0.0160587 1.11274
-1 1536064531.724249 -1.14046 0.0158454 1.11274
-1 1536064531.728711 -1.14034 0.0156396 1.11274
-1 1536064531.736781 -1.1403 0.0155712 1.11274
-1 1536064531.746065 -1.14018 0.0153562 1.11274
-1 1536064531.752232 -1.14009 0.0152087 1.11274
-1 1536064531.762672 -1.14001 0.0150597 1.11274
-1 1536064531.770033 -1.13992 0.0149095 1.11274
-1 1536064531.782094 -1.13979 0.0146828 1.11274
-1 1536064531.807971 -1.13957 0.0142798 1.11273
-1 1536064531.817101 -1.13952 0.014196 1.11273
-1 1536064531.832048 -1.13943 0.0140299 1.11272
-1 1536064531.837991 -1.13934 0.0138643 1.11272
-1 1536064531.849674 -1.13924 0.0137008 1.11272
-1 1536064531.855387 -1.13919 0.0136216 1.11272
-1 1536064531.868671 -1.13914 0.0135446 1.11272
-1 1536064531.881989 -1.13903 0.013398 1.11272
-1 1536064531.896423 -1.13886 0.0131802 1.11272
-1 1536064531.908199 -1.13875 0.0130313 1.11272
-1 1536064531.915804 -1.13865 0.012877 1.11272
-1 1536064531.928056 -1.13855 0.0127208 1.11271
-1 1536064531.936863 -1.1385 0.0126436 1.11271
-1 1536064531.947025 -1.13842 0.0124915 1.11271
-1 1536064531.954714 -1.13833 0.0123354 1.1127
-1 1536064531.958822 -1.13829 0.0122592 1.1127
-1 1536064531.970457 -1.13821 0.0121138 1.1127
-1 1536064531.979567 -1.13812 0.0119762 1.11269
-1 1536064531.997089 -1.138 0.011768 1.11268
-1 1536064532.008391 -1.13781 0.0114845 1.11266
-1 1536064532.014865 -1.13772 0.0113471 1.11266
-1 1536064532.025845 -1.13761 0.0112142 1.11265
-1 1536064532.050995 -1.13705 0.0106157 1.1126
-1 1536064532.057616 -1.13692 0.0104659 1.11259
-1 1536064532.063572 -1.1368 0.0103139 1.11259
-1 1536064532.081009 -1.13661 0.0100772 1.11257
-1 1536064532.092709 -1.13648 0.00991821 1.11256
-1 1536064532.107030 -1.1362 0.00962182 1.11255
-1 1536064532.117846 -1.13597 0.00941167 1.11254
-1 1536064532.124787 -1.1358 0.00926619 1.11253
-1 1536064532.137175 -1.13564 0.00911733 1.11252
-1 1536064532.145574 -1.13539 0.00888398 1.1125
-1 1536064532.149588 -1.1353 0.00880441 1.1125
-1 1536064532.161485 -1.13513 0.00864376 1.11249
-1 1536064532.165904 -1.13496 0.00848107 1.11248
-1 1536064532.174687 -1.13479 0.0083197 1.11247
-1 1536064532.183271 -1.13461 0.00815798 1.11246
-1 1536064532.199662 -1.13444 0.00800003 1.11245
-1 1536064532.206017 -1.13411 0.00768748 1.11243
-1 1536064532.219272 -1.13385 0.00745106 1.11241
-1 1536064532.228519 -1.13359 0.00718714 1.11239
-1 1536064532.235698 -1.13342 0.00700026 1.11237
-1 1536064532.245234 -1.13323 0.00681101 1.11236
-1 1536064532.252212 -1.13304 0.00662163 1.11234
-1 1536064532.261813 -1.13286 0.0064287 1.11232
-1 1536064532.287180 -1.13227 0.00574688 1.1123
-1 1536064532.291076 -1.13212 0.00554501 1.1123
-1 1536064532.303030 -1.13204 0.00544333 1.1123
-1 1536064532.309161 -1.13171 0.00504964 1.11232
-1 1536064532.320102 -1.13151 0.00487062 1.11232
-1 1536064532.326537 -1.13128 0.00470074 1.11232
-1 1536064532.330995 -1.13102 0.00452872 1.11231
-1 1536064532.334488 -1.13089 0.004442 1.11231
-1 1536064532.346750 -1.13061 0.00426298 1.11229
-1 1536064532.356367 -1.1302 0.0039966 1.11228
-1 1536064532.363401 -1.12994 0.00382168 1.11229
-1 1536064532.369810 -1.12969 0.00365197 1.11231
-1 1536064532.377078 -1.12945 0.00348124 1.11235
-1 1536064532.388638 -1.12934 0.0033998 1.11236
-1 1536064532.395588 -1.12893 0.00310935 1.11244
-1 1536064532.408634 -1.12868 0.0029216 1.1125
-1 1536064532.431571 -1.12854 0.00281012 1.11254
-1 1536064532.438604 -1.12818 0.00249762 1.11261
-1 1536064532.450799 -1.12806 0.00236662 1.11264
-1 1536064532.458463 -1.128 0.0023015 1.11266
-1 1536064532.467515 -1.12797 0.00224947 1.11267
-1 1536064532.474329 -1.12795 0.00220535 1.11269
-1 1536064532.492476 -1.12794 0.00208263 1.11274
-1 1536064532.498483 -1.12794 0.00201541 1.11276
-1 1536064532.513584 -1.12793 0.00194594 1.11279
-1 1536064532.523380 -1.12792 0.00180731 1.11283
-1 1536064532.542600 -1.12789 0.00159302 1.11286
-1 1536064532.550570 -1.12789 0.00154655 1.11286
-1 1536064532.557993 -1.12787 0.0013972 1.11286
-1 1536064532.564825 -1.12785 0.00130452 1.11286
-1 1536064532.573208 -1.12783 0.00121655 1.11285
-1 1536064532.588328 -1.12782 0.00113803 1.11284
-1 1536064532.602599 -1.12778 0.00103126 1.11282
-1 1536064532.617184 -1.12775 0.000979925 1.11282
-1 1536064532.627129 -1.12772 0.000960078 1.11282
-1 1536064532.634758 -1.12771 0.000950976 1.11282
-1 1536064532.642753 -1.1277 0.00094668 1.11282
-1 1536064532.653250 -1.12769 0.000938353 1.11283
-1 1536064532.662025 -1.12768 0.000914437 1.11283
-1 1536064532.667704 -1.12765 0.000889469 1.11283
-1 1536064532.677506 -1.12762 0.000860186 1.11282
-1 1536064532.705967 -1.12747 0.000664066 1.11281
-1 1536064532.720327 -1.1274 0.000555651 1.11282
-1 1536064532.734460 -1.12736 0.000486001 1.11282
-1 1536064532.769747 -1.12725 0.000241358 1.11282
-1 1536064532.777472 -1.12725 0.000210891 1.11282
-1 1536064532.788619 -1.12726 0.000195316 1.11281
-1 1536064532.802221 -1.12728 0.000186662 1.11281
-1 1536064532.831452 -1.12736 0.000136498 1.11279
-1 1536064532.838114 -1.12736 0.000111218 1.11279
-1 1536064532.856852 -1.12735 6.37581e-05 1.11278
-1 1536064532.870069 -1.12729 -4.29417e-06 1.11278
-1 1536064532.874479 -1.12725 -2.21605e-05 1.11278
-1 1536064532.904988 -1.12717 -5.42538e-05 1.11278
-1 1536064532.916072 -1.12703 -0.000119191 1.11277
-1 1536064532.925847 -1.127 -0.000128856 1.11276
-1 1536064532.948565 -1.12688 -0.000202534 1.11275
-1 1536064532.957887 -1.12683 -0.000209953 1.11274
-1 1536064532.966114 -1.1268 -0.000208232 1.11273
-1 1536064532.976291 -1.12676 -0.000207707 1.11271
-1 1536064532.983422 -1.12671 -0.000205717 1.1127
-1 1536064532.997514 -1.12664 -0.000202682 1.11267
-1 1536064533.033733 -1.12646 -0.000182074 1.11259
-1 1536064533.047468 -1.12637 -0.000205841 1.11254
-1 1536064533.066436 -1.12626 -0.00026398 1.11249
-1 1536064533.076454 -1.1262 -0.000309066 1.11246
-1 1536064533.084101 -1.12617 -0.000334465 1.11244
-1 1536064533.107778 -1.12596 -0.000498591 1.11235
-1 1536064533.135444 -1.12571 -0.000744767 1.11223
-1 1536064533.149675 -1.1255 -0.00103429 1.11211
-1 1536064533.158133 -1.12538 -0.00119342 1.11205
-1 1536064533.170147 -1.12525 -0.00133985 1.11199
-1 1536064533.207388 -1.12484 -0.00179453 1.11181
-1 1536064533.214543 -1.12478 -0.00185692 1.11179
-1 1536064533.286742 -1.12416 -0.00275212 1.11145
-1 1536064533.296753 -1.12401 -0.00298608 1.11137
-1 1536064533.303991 -1.12393 -0.00311025 1.11133
-1 1536064533.314714 -1.12375 -0.00337154 1.11124
-1 1536064533.364969 -1.12287 -0.00462662 1.1108
-1 1536064533.380381 -1.12254 -0.00508907 1.11063
-1 1536064533.394838 -1.12231 -0.00541961 1.11052
-1 1536064533.422003 -1.12171 -0.00631892 1.11024
-1 1536064533.447308 -1.12081 -0.00773492 1.10983
-1 1536064533.470030 -1.11978 -0.00935548 1.10932
-1 1536064533.489985 -1.11869 -0.010681 1.10889
-1 1536064533.506787 -1.11835 -0.0110487 1.10879
-1 1536064533.519886 -1.11743 -0.012062 1.10862
-1 1536064533.538440 -1.11682 -0.0127222 1.10856
-1 1536064533.555072 -1.11519 -0.0143846 1.10853
-1 1536064533.564022 -1.11424 -0.0153176 1.10856
-1 1536064533.570677 -1.11355 -0.0159977 1.10859
-1 1536064533.580711 -1.11284 -0.0166321 1.10861
-1 1536064533.588514 -1.11234 -0.0170596 1.10863
-1 1536064533.594242 -1.11181 -0.0174783 1.10865
-1 1536064533.603394 -1.11127 -0.0178752 1.10866
-1 1536064533.608734 -1.11069 -0.0182642 1.10866
-1 1536064533.638026 -1.10773 -0.0195556 1.10861
-1 1536064533.646806 -1.10687 -0.0198529 1.10858
-1 1536064533.655877 -1.10643 -0.0200018 1.10857
-1 1536064533.665711 -1.10557 -0.0202933 1.10852
-1 1536064533.673674 -1.10517 -0.0204217 1.10849
-1 1536064533.684779 -1.1044 -0.0206709 1.10841
-1 1536064533.690868 -1.10405 -0.0207889 1.10837
-1 1536064533.697766 -1.10372 -0.0209025 1.10831
-1 1536064533.712200 -1.10287 -0.021214 1.10813
-1 1536064533.721552 -1.10238 -0.0214221 1.10799
-1 1536064533.728974 -1.10181 -0.0216762 1.10776
-1 1536064533.740927 -1.10163 -0.0217328 1.10761
-1 1536064533.752431 -1.10189 -0.0214231 1.10743
-1 1536064533.762970 -1.1021 -0.0211555 1.1074
-1 1536064533.770411 -1.10206 -0.021084 1.1074
-1 1536064533.780243 -1.10188 -0.0210952 1.10742
-1 1536064533.789533 -1.10135 -0.0212481 1.10744
-1 1536064533.797714 -1.10086 -0.021431 1.10744
-1 1536064533.808779 -1.09997 -0.0217902 1.10744
-1 1536064533.816951 -1.09898 -0.0222145 1.10741
-1 1536064533.826524 -1.09829 -0.0225119 1.10737
-1 1536064533.834977 -1.09759 -0.0227973 1.10734
-1 1536064533.838478 -1.09689 -0.0230609 1.1073
-1 1536064533.852575 -1.09584 -0.0234144 1.10723
-1 1536064533.857693 -1.09513 -0.0236284 1.10717
-1 1536064533.868020 -1.09404 -0.0239156 1.10708
-1 1536064533.874769 -1.09367 -0.0240044 1.10705
-1 1536064533.882931 -1.09294 -0.0241769 1.10698
-1 1536064533.901386 -1.09066 -0.0246825 1.10679
-1 1536064533.924952 -1.08989 -0.0248499 1.10675
-1 1536064533.938916 -1.08748 -0.0252779 1.10673
-1 1536064533.954529 -1.08582 -0.0254879 1.1068
-1 1536064533.969209 -1.08417 -0.0256122 1.1069
-1 1536064533.974528 -1.08247 -0.0256501 1.10701
-1 1536064533.982136 -1.08162 -0.0256348 1.10705
-1 1536064533.997973 -1.0799 -0.0255537 1.10712
-1 1536064534.004592 -1.07903 -0.0254692 1.10714
-1 1536064534.030522 -1.07679 -0.0251412 1.10718
-1 1536064534.041621 -1.07494 -0.0248178 1.1072
-1 1536064534.044871 -1.07398 -0.0246531 1.1072
-1 1536064534.060709 -1.073 -0.0245035 1.1072
-1 1536064534.073603 -1.07102 -0.0242128 1.1072
-1 1536064534.077701 -1.06954 -0.0239737 1.10717
-1 1536064534.097798 -1.06854 -0.0238052 1.10714
-1 1536064534.105485 -1.06599 -0.0233437 1.10702
-1 1536064534.116191 -1.06496 -0.0231359 1.10693
-1 1536064534.129450 -1.06291 -0.0226447 1.1067
-1 1536064534.135403 -1.06189 -0.0223681 1.10656
-1 1536064534.152286 -1.05982 -0.0217149 1.10627
-1 1536064534.224633 -1.05484 -0.0201262 1.10559
-1 1536064534.231535 -1.0484 -0.0189931 1.10518
-1 1536064534.237535 -1.04761 -0.0189167 1.10516
-1 1536064534.249295 -1.04682 -0.018846 1.10516
-1 1536064534.262506 -1.04458 -0.0182815 1.10543
-1 1536064534.268782 -1.04311 -0.0178299 1.10552
-1 1536064534.283642 -1.04165 -0.0173663 1.10562
-1 1536064534.287710 -1.04022 -0.0169124 1.10574
-1 1536064534.299520 -1.03881 -0.0164927 1.10585
-1 1536064534.312958 -1.03679 -0.0159488 1.10601
-1 1536064534.333929 -1.03552 -0.0155968 1.10611
-1 1536064534.347891 -1.03317 -0.0147989 1.10629
-1 1536064534.355134 -1.03206 -0.0143448 1.10636
-1 1536064534.358469 -1.03095 -0.0138714 1.10643
-1 1536064534.374708 -1.02872 -0.0128876 1.10655
-1 1536064534.385936 -1.02759 -0.0123631 1.1066
-1 1536064534.397787 -1.02647 -0.0117955 1.10665
-1 1536064534.405059 -1.02418 -0.0105405 1.10673
-1 1536064534.416373 -1.02241 -0.0095886 1.10678
-1 1536064534.423178 -1.02181 -0.00927464 1.1068
-1 1536064534.436657 -1.02058 -0.00865957 1.10685
-1 1536064534.440839 -1.01868 -0.00776739 1.10697
-1 1536064534.453278 -1.0174 -0.00720611 1.10711
-1 1536064534.463651 -1.0155 -0.00640326 1.10737
-1 1536064534.482509 -1.01427 -0.00586891 1.10756
-1 1536064534.492265 -1.01134 -0.00446359 1.10809
-1 1536064534.496770 -1.01025 -0.00389914 1.10829
-1 1536064534.508325 -1.00866 -0.00306346 1.1086
-1 1536064534.516978 -1.00762 -0.00252388 1.10879
-1 1536064534.526393 -1.00604 -0.00172414 1.10909
-1 1536064534.547673 -1.00335 -0.000351971 1.10958
-1 1536064534.566192 -1.00061 0.000921091 1.11008
-1 1536064534.569471 -0.999505 0.00134445 1.11029
-1 1536064534.581169 -0.998944 0.00154055 1.11039
-1 1536064534.588938 -0.997236 0.002082 1.11071
-1 1536064534.601210 -0.995553 0.00262057 1.11103
-1 1536064534.612424 -0.994467 0.00299524 1.11124
-1 1536064534.619231 -0.993402 0.00339992 1.11144
-1 1536064534.628622 -0.992369 0.00383705 1.11165
-1 1536064534.632777 -0.991352 0.00430391 1.11184
-1 1536064534.670215 -0.987927 0.00586077 1.11247
-1 1536064534.680335 -0.985989 0.00663722 1.11279
-1 1536064534.686031 -0.985029 0.00701933 1.11295
-1 1536064534.701013 -0.983584 0.0076194 1.11318
-1 1536064534.709421 -0.982162 0.00825846 1.1134
-1 1536064534.717294 -0.981235 0.00870578 1.11353
-1 1536064534.724813 -0.980314 0.00916035 1.11365
-1 1536064534.736139 -0.97895 0.00981922 1.11382
-1 1536064534.747855 -0.977663 0.0104268 1.11397
-1 1536064534.751621 -0.976828 0.0108213 1.11407
-1 1536064534.765918 -0.975602 0.0113844 1.1142
-1 1536064534.776418 -0.974409 0.0119406 1.11433
-1 1536064534.792016 -0.972874 0.012695 1.11449
-1 1536064534.804276 -0.972125 0.0130623 1.11457
-1 1536064534.809720 -0.97138 0.013433 1.11463
-1 1536064534.833822 -0.970635 0.0138025 1.1147
-1 1536064534.841471 -0.968804 0.0147881 1.11485
-1 1536064534.852912 -0.967701 0.0153917 1.11496
-1 1536064534.863433 -0.96661 0.0159915 1.11506
-1 1536064534.878160 -0.965539 0.0165735 1.11517
-1 1536064534.882102 -0.964812 0.0169728 1.11524
-1 1536064534.890959 -0.964441 0.0171709 1.11528
-1 1536064534.896837 -0.96371 0.0175629 1.11534
-1 1536064534.899619 -0.963349 0.017759 1.11538
-1 1536064534.909446 -0.96299 0.0179475 1.11541
-1 1536064534.920134 -0.961917 0.018497 1.1155
-1 1536064534.935319 -0.961203 0.0188451 1.11556
-1 1536064534.945175 -0.959456 0.0196775 1.1157
-1 1536064534.957802 -0.958763 0.0200334 1.11576
-1 1536064534.969163 -0.957721 0.0206586 1.11585
-1 1536064534.983409 -0.956389 0.0215307 1.11599
-1 1536064534.994828 -0.95606 0.0217616 1.11603
-1 1536064534.998791 -0.955067 0.0224666 1.11615
-1 1536064535.004803 -0.954737 0.0227066 1.1162
-1 1536064535.014542 -0.954408 0.022944 1.11624
-1 1536064535.025061 -0.95343 0.0236687 1.11638
-1 1536064535.039119 -0.952067 0.0246406 1.11656
-1 1536064535.047534 -0.951381 0.0251412 1.11665
-1 1536064535.070251 -0.950669 0.0256465 1.11674
-1 1536064535.081046 -0.948886 0.0268932 1.11691
-1 1536064535.088834 -0.947794 0.0276006 1.11699
-1 1536064535.099543 -0.947084 0.0280561 1.11704
-1 1536064535.106469 -0.946376 0.0285027 1.11709
-1 1536064535.118933 -0.945669 0.0289574 1.11712
-1 1536064535.127888 -0.944595 0.0296345 1.11717
-1 1536064535.134508 -0.943873 0.0300852 1.1172
-1 1536064535.147576 -0.942436 0.0309906 1.11726
-1 1536064535.155447 -0.94208 0.0312133 1.11728
-1 1536064535.167042 -0.940989 0.0318889 1.11735
-1 1536064535.173675 -0.940262 0.032343 1.1174
-1 1536064535.190420 -0.939151 0.0330287 1.1175
-1 1536064535.197282 -0.938397 0.033527 1.11758
-1 1536064535.208111 -0.93724 0.034326 1.11771
-1 1536064535.215029 -0.936467 0.0348723 1.11779
-1 1536064535.228031 -0.935696 0.0354 1.11786
-1 1536064535.264036 -0.934517 0.0361661 1.11798
-1 1536064535.276906 -0.930922 0.0383891 1.11834
-1 1536064535.284108 -0.930134 0.0388845 1.11841
-1 1536064535.295442 -0.929332 0.0393663 1.11848
-1 1536064535.307881 -0.928114 0.0400276 1.11858
-1 1536064535.330483 -0.926449 0.0407848 1.11872
-1 1536064535.338229 -0.924839 0.0415141 1.11885
-1 1536064535.356040 -0.924052 0.0418759 1.11891
-1 1536064535.364228 -0.92252 0.0426396 1.11904
-1 1536064535.382405 -0.921023 0.0434478 1.11915
-1 1536064535.388142 -0.920275 0.0438682 1.1192
-1 1536064535.399328 -0.919526 0.0442912 1.11925
-1 1536064535.413249 -0.918783 0.0447239 1.1193
-1 1536064535.434565 -0.91694 0.0457856 1.1194
-1 1536064535.455645 -0.914654 0.0470641 1.11947
-1 1536064535.462059 -0.913485 0.0477287 1.11949
-1 1536064535.466880 -0.913095 0.0479471 1.1195
-1 1536064535.479970 -0.912702 0.0481674 1.11951
-1 1536064535.488353 -0.911101 0.0490666 1.11952
-1 1536064535.497802 -0.910296 0.0495185 1.11952
-1 1536064535.508228 -0.909082 0.0501777 1.11952
-1 1536064535.517388 -0.908265 0.0506007 1.11952
-1 1536064535.526481 -0.907455 0.0510219 1.11951
-1 1536064535.537700 -0.906673 0.0514631 1.11951
-1 1536064535.563935 -0.904761 0.0524917 1.1195
-1 1536064535.578698 -0.903227 0.0532717 1.1195
-1 1536064535.586781 -0.90202 0.0538821 1.11949
-1 1536064535.594094 -0.901195 0.0543176 1.1195
-1 1536064535.601474 -0.900355 0.0547638 1.11951
-1 1536064535.612096 -0.899085 0.0554445 1.11952
-1 1536064535.625303 -0.898664 0.055671 1.11952
-1 1536064535.633659 -0.896955 0.056602 1.11951
-1 1536064535.646358 -0.895634 0.0572847 1.1195
-1 1536064535.671494 -0.893463 0.0584361 1.11948
-1 1536064535.678053 -0.892614 0.0589234 1.11948
-1 1536064535.693322 -0.891352 0.059677 1.11948
-1 1536064535.700183 -0.890934 0.0599327 1.11948
-1 1536064535.713413 -0.890113 0.0604466 1.11948
-1 1536064535.719858 -0.889301 0.0609589 1.11949
-1 1536064535.731294 -0.888495 0.0614749 1.11949
-1 1536064535.745242 -0.887687 0.0619972 1.1195
-1 1536064535.761493 -0.886503 0.0628221 1.11951
-1 1536064535.780830 -0.884924 0.0639113 1.11953
-1 1536064535.787841 -0.883358 0.0649735 1.11953
-1 1536064535.798479 -0.882202 0.0657672 1.11952
-1 1536064535.808245 -0.88182 0.066033 1.11951
-1 1536064535.872907 -0.877444 0.0693094 1.11935
-1 1536064535.905307 -0.874343 0.0716685 1.11921
-1 1536064535.910358 -0.873987 0.0719289 1.1192
-1 1536064535.920936 -0.873631 0.07219 1.11918
-1 1536064535.927802 -0.872565 0.0729851 1.11913
-1 1536064535.939440 -0.871514 0.073796 1.11908
-1 1536064535.943740 -0.871166 0.074071 1.11906
-1 1536064535.954812 -0.870468 0.0746289 1.11902
-1 1536064535.977918 -0.869071 0.0758073 1.11896
-1 1536064535.991565 -0.86693 0.0775968 1.11885
-1 1536064536.001921 -0.865842 0.0784991 1.11879
-1 1536064536.007691 -0.865111 0.0791065 1.11875
-1 1536064536.014320 -0.864382 0.0797176 1.11871
-1 1536064536.028558 -0.863655 0.0803314 1.11867
-1 1536064536.033330 -0.862563 0.0812518 1.11859
-1 1536064536.044977 -0.861836 0.0818592 1.11853
-1 1536064536.060613 -0.860753 0.0827665 1.11841
-1 1536064536.075216 -0.858611 0.0845707 1.1181
-1 1536064536.082690 -0.858257 0.0848675 1.11803
-1 1536064536.092647 -0.856863 0.0860512 1.11776
-1 1536064536.112111 -0.856189 0.0866428 1.11762
-1 1536064536.119372 -0.854597 0.0881194 1.11727
-1 1536064536.132092 -0.853975 0.0886862 1.11713
-1 1536064536.144594 -0.853043 0.0894847 1.11691
-1 1536064536.153473 -0.851861 0.0904208 1.11658
-1 1536064536.164566 -0.851306 0.0908346 1.11641
-1 1536064536.179050 -0.850504 0.091425 1.11612
-1 1536064536.192929 -0.849732 0.092011 1.1158
-1 1536064536.211060 -0.848612 0.0929882 1.11526
-1 1536064536.235391 -0.847778 0.0939144 1.11475
-1 1536064536.248620 -0.846988 0.0949269 1.11424
-1 1536064536.257383 -0.846642 0.0953537 1.11403
-1 1536064536.280697 -0.846414 0.0955976 1.1139
-1 1536064536.316882 -0.845307 0.0963794 1.11342
-1 1536064536.326256 -0.842896 0.0967199 1.11382
-1 1536064536.341136 -0.841659 0.0968697 1.11418
-1 1536064536.351629 -0.839863 0.0971125 1.11484
-1 1536064536.363700 -0.837738 0.0975799 1.11579
-1 1536064536.377632 -0.83596 0.0981253 1.11666
-1 1536064536.387591 -0.835185 0.0984275 1.11704
-1 1536064536.401622 -0.834468 0.0987168 1.11738
-1 1536064536.414765 -0.833469 0.099117 1.1178
-1 1536064536.443626 -0.8311 0.100056 1.11841
-1 1536064536.451234 -0.830556 0.100252 1.11848
-1 1536064536.460615 -0.830016 0.100437 1.11852
-1 1536064536.468684 -0.82947 0.100625 1.11851
-1 1536064536.479804 -0.828616 0.100935 1.11849
-1 1536064536.492143 -0.827745 0.101223 1.11843
-1 1536064536.504088 -0.826912 0.101473 1.11832
-1 1536064536.517522 -0.826384 0.101608 1.11824
-1 1536064536.531972 -0.825409 0.101803 1.11806
-1 1536064536.541647 -0.824722 0.101926 1.11792
-1 1536064536.551808 -0.824261 0.102016 1.11783
-1 1536064536.561800 -0.824028 0.102062 1.11778
-1 1536064536.573529 -0.823033 0.102262 1.11759
-1 1536064536.591913 -0.821966 0.102414 1.11742
-1 1536064536.610156 -0.820504 0.102551 1.11723
-1 1536064536.613133 -0.820196 0.102581 1.1172
-1 1536064536.628753 -0.819243 0.102669 1.1171
-1 1536064536.636052 -0.818599 0.102715 1.11703
-1 1536064536.639922 -0.818271 0.102733 1.11699
-1 1536064536.647691 -0.817943 0.102741 1.11696
-1 1536064536.667044 -0.81729 0.102747 1.11688
-1 1536064536.684536 -0.816641 0.102736 1.11682
-1 1536064536.696850 -0.815668 0.102718 1.11671
-1 1536064536.713088 -0.814669 0.102718 1.11659
-1 1536064536.721681 -0.813992 0.102716 1.1165
-1 1536064536.728141 -0.813647 0.10271 1.11645
-1 1536064536.739786 -0.812959 0.102701 1.11636
-1 1536064536.746144 -0.812258 0.102694 1.11626
-1 1536064536.757311 -0.811543 0.10267 1.11616
-1 1536064536.763299 -0.810832 0.102637 1.11606
-1 1536064536.770757 -0.810493 0.102628 1.116
-1 1536064536.782062 -0.809793 0.102579 1.11589
-1 1536064536.820558 -0.806964 0.102191 1.11534
-1 1536064536.827650 -0.805894 0.101984 1.1151
-1 1536064536.837803 -0.805188 0.101846 1.11494
-1 1536064536.848526 -0.804139 0.101653 1.11469
-1 1536064536.854422 -0.803796 0.101586 1.1146
-1 1536064536.861722 -0.803452 0.101514 1.11451
-1 1536064536.874075 -0.802769 0.101351 1.11433
-1 1536064536.897029 -0.801342 0.100989 1.11395
-1 1536064536.906996 -0.800592 0.100799 1.11377
-1 1536064536.924096 -0.799428 0.100515 1.11351
-1 1536064536.935328 -0.798629 0.100339 1.11333
-1 1536064536.949110 -0.797385 0.100065 1.11304
-1 1536064536.959697 -0.796529 0.0998658 1.11283
-1 1536064536.968550 -0.795626 0.0996663 1.11261
-1 1536064536.983581 -0.794661 0.0994655 1.11239
-1 1536064536.989929 -0.793083 0.0991443 1.11208
-1 1536064537.010603 -0.790855 0.0986521 1.11165
-1 1536064537.028491 -0.788552 0.0981209 1.11121
-1 1536064537.038734 -0.786342 0.0975803 1.11074
-1 1536064537.049155 -0.7842 0.0970941 1.11033
-1 1536064537.053908 -0.78366 0.097004 1.11024
-1 1536064537.060039 -0.78312 0.0969215 1.11016
-1 1536064537.070506 -0.781336 0.0965556 1.11011
-1 1536064537.085054 -0.780248 0.0964767 1.11007
-1 1536064537.103307 -0.777165 0.0960273 1.11
-1 1536064537.114725 -0.775951 0.0958768 1.10998
-1 1536064537.127240 -0.774265 0.0955996 1.10991
-1 1536064537.138636 -0.772359 0.0949226 1.10975
-1 1536064537.151395 -0.771503 0.0944319 1.10967
-1 1536064537.155874 -0.770657 0.0938931 1.10959
-1 1536064537.162885 -0.770232 0.093616 1.10955
-1 1536064537.169237 -0.769347 0.0930363 1.10949
-1 1536064537.178345 -0.767957 0.0921212 1.10942
-1 1536064537.189200 -0.766512 0.0911773 1.10935
-1 1536064537.197313 -0.765547 0.0905678 1.10932
-1 1536064537.217174 -0.763153 0.0890363 1.10927
-1 1536064537.236754 -0.761725 0.088153 1.10927
-1 1536064537.241961 -0.759349 0.0867354 1.10927
-1 1536064537.249052 -0.758404 0.0861628 1.10927
-1 1536064537.261954 -0.756979 0.0853088 1.10928
-1 1536064537.268921 -0.756014 0.0847485 1.1093
-1 1536064537.279148 -0.755028 0.0841892 1.1093
-1 1536064537.283380 -0.754022 0.0836237 1.10931
-1 1536064537.285864 -0.753517 0.0833362 1.10932
-1 1536064537.310611 -0.751444 0.0821586 1.10932
-1 1536064537.322064 -0.748755 0.0805667 1.10929
-1 1536064537.329107 -0.747643 0.0798842 1.10929
-1 1536064537.342327 -0.745421 0.0784739 1.10928
-1 1536064537.352466 -0.744314 0.0777578 1.1093
-1 1536064537.364135 -0.742065 0.0763118 1.10934
-1 1536064537.372269 -0.740948 0.0755883 1.10937
-1 1536064537.385468 -0.739289 0.0745019 1.10942
-1 1536064537.397507 -0.737632 0.0734072 1.10948
-1 1536064537.418382 -0.734898 0.0716011 1.10958
-1 1536064537.426872 -0.732759 0.0701829 1.10964
-1 1536064537.440928 -0.731694 0.0694666 1.10968
-1 1536064537.446337 -0.730083 0.0683771 1.10973
-1 1536064537.458647 -0.729003 0.0676378 1.10977
-1 1536064537.470486 -0.72687 0.0661602 1.10984
-1 1536064537.475351 -0.726323 0.065795 1.10987
-1 1536064537.482751 -0.725213 0.0650679 1.10992
-1 1536064537.509822 -0.722957 0.0636084 1.11004
-1 1536064537.522978 -0.720763 0.0621216 1.11016
-1 1536064537.531276 -0.719667 0.0613854 1.11023
-1 1536064537.545066 -0.718584 0.0606618 1.11029
-1 1536064537.553080 -0.717509 0.0599612 1.11037
-1 1536064537.557184 -0.716979 0.0596151 1.1104
-1 1536064537.569782 -0.715965 0.0589258 1.11046
-1 1536064537.574355 -0.714954 0.0582349 1.11053
-1 1536064537.577698 -0.71445 0.0578892 1.11056
-1 1536064537.593078 -0.712975 0.0568653 1.11066
-1 1536064537.600080 -0.711435 0.0558899 1.11077
-1 1536064537.611382 -0.70991 0.0549814 1.1109
-1 1536064537.618492 -0.708869 0.0543988 1.111
-1 1536064537.635257 -0.707296 0.0535373 1.11117
-1 1536064537.649888 -0.705173 0.0523666 1.11143
-1 1536064537.657132 -0.70353 0.0514651 1.11164
-1 1536064537.666523 -0.702444 0.0508515 1.11178
-1 1536064537.675123 -0.700834 0.0499181 1.11198
-1 1536064537.679952 -0.700295 0.0496096 1.11205
-1 1536064537.687145 -0.699228 0.0490013 1.11218
-1 1536064537.700007 -0.698168 0.0484011 1.11231
-1 1536064537.713964 -0.696633 0.0475095 1.1125
-1 1536064537.717201 -0.695135 0.0466187 1.11269
-1 1536064537.741962 -0.694151 0.0460226 1.11281
-1 1536064537.747407 -0.691242 0.0442849 1.11316
-1 1536064537.757523 -0.690304 0.0437395 1.11327
-1 1536064537.766625 -0.688891 0.0429282 1.11342
-1 1536064537.778360 -0.687951 0.042392 1.11351
-1 1536064537.784453 -0.686546 0.0416024 1.11365
-1 1536064537.789146 -0.68608 0.0413432 1.11369
-1 1536064537.806665 -0.684714 0.0405769 1.11382
-1 1536064537.816256 -0.683378 0.039829 1.11394
-1 1536064537.822222 -0.682064 0.0391006 1.11405
-1 1536064537.836413 -0.680349 0.0381494 1.11418
-1 1536064537.851453 -0.678668 0.0371776 1.11429
-1 1536064537.862942 -0.677439 0.0364395 1.11439
-1 1536064537.866696 -0.677036 0.0361974 1.11442
-1 1536064537.881513 -0.676234 0.035715 1.11448
-1 1536064537.895552 -0.674267 0.0345333 1.11461
-1 1536064537.912100 -0.672289 0.0333392 1.11472
-1 1536064537.930544 -0.671117 0.0326051 1.1148
-1 1536064537.987257 -0.665971 0.029228 1.11512
-1 1536064538.011885 -0.664512 0.0283035 1.11517
-1 1536064538.031581 -0.662679 0.0271228 1.11523
-1 1536064538.047358 -0.661944 0.0266446 1.11525
-1 1536064538.059384 -0.660099 0.0254557 1.1153
-1 1536064538.076728 -0.658613 0.0245245 1.11533
-1 1536064538.092609 -0.657519 0.0238364 1.11538
-1 1536064538.097483 -0.656791 0.0233837 1.11541
-1 1536064538.104925 -0.656051 0.0229433 1.11544
-1 1536064538.119468 -0.654564 0.022091 1.11549
-1 1536064538.139632 -0.652721 0.0210149 1.11556
-1 1536064538.187922 -0.649228 0.0189372 1.11572
-1 1536064538.196143 -0.648423 0.0184245 1.11577
-1 1536064538.225188 -0.646788 0.0173428 1.11585
-1 1536064538.253429 -0.644723 0.0159157 1.11594
-1 1536064538.268732 -0.643028 0.01475 1.11601
-1 1536064538.281122 -0.641733 0.0138485 1.11604
-1 1536064538.286783 -0.640857 0.0132304 1.11606
-1 1536064538.292709 -0.640416 0.012919 1.11607
-1 1536064538.313387 -0.637775 0.0110887 1.11608
-1 1536064538.341818 -0.635526 0.0095908 1.11611
-1 1536064538.365954 -0.632745 0.00771429 1.11616
-1 1536064538.379998 -0.631299 0.00677809 1.1162
-1 1536064538.397080 -0.629824 0.00586141 1.11621
-1 1536064538.405342 -0.629318 0.00556633 1.11622
-1 1536064538.412557 -0.628263 0.00500372 1.11623
-1 1536064538.418472 -0.627724 0.00474877 1.11624
-1 1536064538.430485 -0.626645 0.00427819 1.11623
-1 1536064538.445529 -0.625584 0.0038176 1.11621
-1 1536064538.473385 -0.622223 0.00194708 1.11613
-1 1536064538.485456 -0.620786 0.00108793 1.11609
-1 1536064538.492071 -0.619292 0.000168424 1.11604
-1 1536064538.501926 -0.61826 -0.000465517 1.11599
-1 1536064538.508664 -0.617738 -0.000790504 1.11597
-1 1536064538.513176 -0.616683 -0.00143912 1.11592
-1 1536064538.538508 -0.614057 -0.00312389 1.11578
-1 1536064538.553346 -0.612533 -0.00415664 1.11568
-1 1536064538.566412 -0.612038 -0.00450273 1.11565
-1 1536064538.576033 -0.610561 -0.00555925 1.11555
-1 1536064538.582247 -0.61007 -0.00591018 1.11551
-1 1536064538.593482 -0.608617 -0.00693035 1.11541
-1 1536064538.600462 -0.60764 -0.00761905 1.11534
-1 1536064538.607318 -0.607153 -0.00796577 1.11531
-1 1536064538.616726 -0.605703 -0.00897853 1.11522
-1 1536064538.626874 -0.604725 -0.00962203 1.11517
-1 1536064538.641339 -0.602768 -0.0108459 1.11504
-1 1536064538.661031 -0.600848 -0.0120141 1.1149
-1 1536064538.702826 -0.599908 -0.0126001 1.11481
-1 1536064538.723844 -0.595581 -0.0150776 1.11425
-1 1536064538.731920 -0.595169 -0.0152828 1.11418
-1 1536064538.756505 -0.593542 -0.0159919 1.11384
-1 1536064538.773585 -0.592354 -0.0163778 1.11354
-1 1536064538.784666 -0.591723 -0.0163877 1.11316
-1 1536064538.798652 -0.592492 -0.0160379 1.11307
-1 1536064538.810557 -0.595948 -0.0148928 1.11325
-1 1536064538.822802 -0.597495 -0.0145839 1.11353
-1 1536064538.835341 -0.598484 -0.0147232 1.11398
-1 1536064538.852536 -0.597883 -0.0158952 1.11492
-1 1536064538.868608 -0.597137 -0.0164693 1.11523
-1 1536064538.878265 -0.595881 -0.0172698 1.1156
-1 1536064538.884118 -0.595532 -0.017481 1.11569
-1 1536064538.895415 -0.594803 -0.0179028 1.11584
-1 1536064538.908330 -0.594032 -0.0183287 1.11598
-1 1536064538.918782 -0.593231 -0.0187505 1.11609
-1 1536064538.928477 -0.592412 -0.0191591 1.11618
-1 1536064538.933578 -0.591174 -0.0197254 1.11626
-1 1536064538.944666 -0.590344 -0.020056 1.11629
-1 1536064538.963907 -0.588675 -0.0207003 1.11635
-1 1536064538.971628 -0.586204 -0.0217313 1.11636
-1 1536064538.984924 -0.585405 -0.0221051 1.11632
-1 1536064538.994034 -0.584202 -0.0226572 1.11625
-1 1536064538.999409 -0.583404 -0.0230118 1.1162
-1 1536064539.012422 -0.582239 -0.023517 1.11611
-1 1536064539.025492 -0.581133 -0.0239791 1.11598
-1 1536064539.038198 -0.579725 -0.0245728 1.11579
-1 1536064539.045205 -0.579017 -0.0248874 1.11569
-1 1536064539.061001 -0.57756 -0.0255118 1.11551
-1 1536064539.094864 -0.577192 -0.0256706 1.11547
-1 1536064539.146100 -0.569741 -0.0284592 1.11479
-1 1536064539.152755 -0.569003 -0.0287218 1.11477
-1 1536064539.177512 -0.567443 -0.029246 1.11475
-1 1536064539.183658 -0.565875 -0.0297479 1.11476
-1 1536064539.195664 -0.564719 -0.0300516 1.11478
-1 1536064539.214028 -0.563599 -0.0303004 1.1148
-1 1536064539.226851 -0.56244 -0.0305613 1.11484
-1 1536064539.246340 -0.561253 -0.0308538 1.11489
-1 1536064539.283774 -0.560069 -0.0311483 1.11495
-1 1536064539.289264 -0.556881 -0.0318271 1.11511
-1 1536064539.302370 -0.555603 -0.0320427 1.11517
-1 1536064539.326364 -0.554326 -0.032201 1.11523
-1 1536064539.333285 -0.553054 -0.0322588 1.11531
-1 1536064539.347668 -0.551756 -0.032267 1.11542
-1 1536064539.356403 -0.550409 -0.0322647 1.11555
-1 1536064539.365107 -0.54995 -0.0322557 1.11559
-1 1536064539.385301 -0.548568 -0.0322017 1.11572
-1 1536064539.416925 -0.545899 -0.0319999 1.11595
-1 1536064539.424691 -0.543651 -0.0316891 1.11616
-1 1536064539.434462 -0.542743 -0.031555 1.11626
-1 1536064539.440977 -0.542291 -0.0314892 1.1163
-1 1536064539.458673 -0.541841 -0.0314252 1.11634
-1 1536064539.517704 -0.539201 -0.0308929 1.11676
-1 1536064539.563002 -0.529553 -0.0289742 1.11846
-1 1536064539.577081 -0.526561 -0.0280823 1.11898
-1 1536064539.584738 -0.526045 -0.0279454 1.11906
-1 1536064539.591938 -0.524994 -0.0277067 1.11923
-1 1536064539.598558 -0.523444 -0.0273964 1.11947
-1 1536064539.610342 -0.52242 -0.0271676 1.11962
-1 1536064539.616045 -0.521394 -0.0269091 1.11977
-1 1536064539.622056 -0.520373 -0.0266272 1.1199
-1 1536064539.632246 -0.519355 -0.0263272 1.12003
-1 1536064539.637495 -0.518317 -0.026014 1.12016
-1 1536064539.645401 -0.517268 -0.0256909 1.12028
-1 1536064539.662497 -0.515136 -0.0249988 1.12054
-1 1536064539.682067 -0.512984 -0.02423 1.12077
-1 1536064539.696313 -0.511437 -0.0236264 1.12094
-1 1536064539.704571 -0.509925 -0.0230134 1.1211
-1 1536064539.752820 -0.508402 -0.0224268 1.12128
-1 1536064539.767946 -0.502162 -0.0201519 1.12214
-1 1536064539.788718 -0.497767 -0.0184204 1.12288
-1 1536064539.859790 -0.494636 -0.017148 1.12343
-1 1536064539.865539 -0.486701 -0.0139949 1.12482
-1 1536064539.874614 -0.486114 -0.0136899 1.12493
-1 1536064539.907927 -0.480612 -0.0108707 1.126
-1 1536064539.926936 -0.478599 -0.0099365 1.12638
-1 1536064539.948468 -0.473665 -0.00768627 1.12726
-1 1536064539.958800 -0.470876 -0.00620766 1.12776
-1 1536064539.969727 -0.469512 -0.0054431 1.12801
-1 1536064539.998628 -0.463541 -0.00207972 1.1291
-1 1536064540.009482 -0.462216 -0.00140754 1.12933
-1 1536064540.019240 -0.460907 -0.000780887 1.12956
-1 1536064540.051089 -0.457653 0.00061244 1.1301
-1 1536064540.062097 -0.45631 0.00110454 1.13031
-1 1536064540.070440 -0.455647 0.00136363 1.13042
-1 1536064540.123255 -0.448356 0.00448566 1.13144
-1 1536064540.132979 -0.447049 0.00507512 1.13158
-1 1536064540.143366 -0.445763 0.00564239 1.13171
-1 1536064540.149492 -0.444492 0.00618813 1.13181
-1 1536064540.183900 -0.43865 0.00846741 1.13218
-1 1536064540.202650 -0.43543 0.00980274 1.13245
-1 1536064540.207008 -0.434121 0.0104146 1.13258
-1 1536064540.220903 -0.432145 0.0114125 1.13278
-1 1536064540.227661 -0.430117 0.0124605 1.13294
-1 1536064540.238142 -0.428764 0.0131884 1.13305
-1 1536064540.253253 -0.426124 0.0146695 1.13322
-1 1536064540.279180 -0.422485 0.0167822 1.13336
-1 1536064540.292587 -0.420255 0.0181372 1.13344
-1 1536064540.298600 -0.419174 0.0188152 1.13348
-1 1536064540.306964 -0.418094 0.0194938 1.13353
-1 1536064540.311020 -0.417553 0.0198299 1.13355
-1 1536064540.315767 -0.417011 0.0201656 1.13358
-1 1536064540.319638 -0.416469 0.0205015 1.13361
-1 1536064540.326161 -0.415925 0.0208415 1.13364
-1 1536064540.329473 -0.415381 0.0211849 1.13367
-1 1536064540.335326 -0.414833 0.0215307 1.1337
-1 1536064540.346035 -0.413731 0.0222259 1.13376
-1 1536064540.352421 -0.412623 0.0229028 1.13383
-1 1536064540.365435 -0.410967 0.0238806 1.13392
-1 1536064540.371678 -0.409872 0.0245081 1.13398
-1 1536064540.387833 -0.408794 0.0251267 1.13404
-1 1536064540.394300 -0.407208 0.0260384 1.13411
-1 1536064540.399526 -0.406696 0.0263379 1.13413
-1 1536064540.408001 -0.406186 0.0266379 1.13416
-1 1536064540.415466 -0.405163 0.027245 1.1342
-1 1536064540.420327 -0.404656 0.0275485 1.13422
-1 1536064540.429979 -0.403653 0.0281588 1.13427
-1 1536064540.445907 -0.402181 0.0290674 1.13434
-1 1536064540.449940 -0.401213 0.0296741 1.13438
-1 1536064540.462967 -0.399776 0.0306029 1.13445
-1 1536064540.474021 -0.398383 0.0315398 1.13452
-1 1536064540.492085 -0.396607 0.0327792 1.13461
-1 1536064540.506167 -0.394873 0.0340142 1.13471
-1 1536064540.518565 -0.39361 0.0349504 1.13478
-1 1536064540.523498 -0.392776 0.0355766 1.13483
-1 1536064540.529888 -0.392363 0.0358883 1.13486
-1 1536064540.539718 -0.391536 0.0365035 1.13491
-1 1536064540.552414 -0.390712 0.037098 1.13495
-1 1536064540.559492 -0.3891 0.0382259 1.13502
-1 1536064540.567553 -0.38829 0.038775 1.13505
-1 1536064540.580874 -0.387061 0.0395882 1.13509
-1 1536064540.593165 -0.38625 0.0401088 1.13511
-1 1536064540.601505 -0.385007 0.0409019 1.13512
-1 1536064540.609189 -0.384171 0.0414359 1.13511
-1 1536064540.616315 -0.383753 0.0417046 1.13511
-1 1536064540.624196 -0.382915 0.0422425 1.13511
-1 1536064540.633330 -0.382086 0.0427782 1.1351
-1 1536064540.641210 -0.381268 0.0433051 1.13509
-1 1536064540.645252 -0.380461 0.0438368 1.13509
-1 1536064540.652193 -0.380059 0.0441043 1.13509
-1 1536064540.661140 -0.37926 0.0446336 1.13509
-1 1536064540.671432 -0.378474 0.0451543 1.13511
-1 1536064540.678187 -0.377706 0.0456659 1.13513
-1 1536064540.686490 -0.376951 0.0461778 1.13515
-1 1536064540.704422 -0.376194 0.0466787 1.13518
-1 1536064540.719721 -0.374657 0.0476389 1.13525
-1 1536064540.725887 -0.373886 0.0481177 1.13529
-1 1536064540.729213 -0.3735 0.0483562 1.1353
-1 1536064540.744017 -0.372345 0.0490775 1.13535
-1 1536064540.751060 -0.371579 0.0495681 1.13538
-1 1536064540.768021 -0.370432 0.0503285 1.13541
-1 1536064540.787054 -0.3689 0.0513917 1.13543
-1 1536064540.805746 -0.367753 0.0522365 1.13542
-1 1536064540.811162 -0.366283 0.0534131 1.13535
-1 1536064540.816745 -0.365936 0.0537224 1.13533
-1 1536064540.824505 -0.365261 0.0543597 1.13528
-1 1536064540.834914 -0.364281 0.0553483 1.13519
-1 1536064540.844198 -0.363639 0.0560093 1.13514
-1 1536064540.851413 -0.363 0.0566708 1.13509
-1 1536064540.864189 -0.361677 0.0580144 1.13502
-1 1536064540.874222 -0.360648 0.0590529 1.13499
-1 1536064540.880899 -0.35995 0.0597614 1.13498
-1 1536064540.888388 -0.359239 0.0604815 1.13496
-1 1536064540.899320 -0.358511 0.0612023 1.13495
-1 1536064540.905998 -0.357378 0.0622758 1.13492
-1 1536064540.917317 -0.356203 0.0633382 1.13488
-1 1536064540.924923 -0.355419 0.0640193 1.13484
-1 1536064540.934795 -0.354642 0.0646669 1.13478
-1 1536064540.943046 -0.353899 0.0653027 1.1347
-1 1536064540.953236 -0.352892 0.0662151 1.13454
-1 1536064540.959743 -0.352285 0.0667763 1.13439
-1 1536064540.971012 -0.352021 0.0670555 1.13432
-1 1536064540.986132 -0.352106 0.0693097 1.13407
-1 1536064541.001294 -0.353167 0.0715677 1.13414
-1 1536064541.008185 -0.353939 0.0738041 1.13433
-1 1536064541.017654 -0.354103 0.0751025 1.13455
-1 1536064541.025861 -0.354004 0.0762416 1.13481
-1 1536064541.032754 -0.353862 0.07676 1.13496
-1 1536064541.040127 -0.353421 0.0777007 1.13526
-1 1536064541.047049 -0.352817 0.0785342 1.13556
-1 1536064541.058659 -0.351719 0.0796029 1.13603
-1 1536064541.063253 -0.351334 0.0799236 1.13618
-1 1536064541.072289 -0.35055 0.0805207 1.13648
-1 1536064541.078364 -0.350154 0.0807984 1.13663
-1 1536064541.108986 -0.347395 0.0825682 1.13751
-1 1536064541.121400 -0.347018 0.0828147 1.13761
-1 1536064541.126070 -0.346286 0.0833136 1.13779
-1 1536064541.138051 -0.345584 0.0838079 1.13795
-1 1536064541.143377 -0.344924 0.084291 1.1381
-1 1536064541.151099 -0.344319 0.0847903 1.13822
-1 1536064541.164323 -0.343497 0.0855406 1.13837
-1 1536064541.176500 -0.342999 0.0860195 1.13843
-1 1536064541.182691 -0.342539 0.0864759 1.13848
-1 1536064541.192922 -0.341947 0.0871235 1.13851
-1 1536064541.206228 -0.341641 0.087535 1.13851
-1 1536064541.209552 -0.341398 0.0879175 1.13848
-1 1536064541.217027 -0.341306 0.0880973 1.13846
-1 1536064541.231225 -0.341105 0.0887559 1.1383
-1 1536064541.242491 -0.341084 0.0890588 1.13819
-1 1536064541.254191 -0.341092 0.0893431 1.13807
-1 1536064541.262075 -0.341117 0.0897231 1.13786
-1 1536064541.269649 -0.341116 0.0899414 1.13772
-1 1536064541.282906 -0.341092 0.0901358 1.13759
-1 1536064541.293738 -0.340944 0.0905085 1.13737
-1 1536064541.309705 -0.340799 0.0906873 1.13727
-1 1536064541.328561 -0.340227 0.0911075 1.13712
-1 1536064541.335795 -0.339711 0.0913433 1.13706
-1 1536064541.346982 -0.3393 0.0914943 1.13703
-1 1536064541.357252 -0.338836 0.0916392 1.13702
-1 1536064541.365991 -0.338588 0.0917158 1.13701
-1 1536064541.373272 -0.33807 0.0918884 1.13701
-1 1536064541.386062 -0.337799 0.0919848 1.13702
-1 1536064541.401731 -0.336962 0.0923044 1.13702
-1 1536064541.413754 -0.336143 0.092635 1.13704
-1 1536064541.420030 -0.335608 0.0928495 1.13705
-1 1536064541.429668 -0.335089 0.0930534 1.13707
-1 1536064541.438147 -0.334337 0.093339 1.1371
-1 1536064541.445539 -0.33386 0.0934954 1.13714
-1 1536064541.450958 -0.333632 0.0935628 1.13716
-1 1536064541.459686 -0.332754 0.0937673 1.13726
-1 1536064541.471153 -0.332334 0.0938432 1.13731
-1 1536064541.477621 -0.331739 0.0939564 1.13739
-1 1536064541.492618 -0.331363 0.0940372 1.13742
-1 1536064541.506911 -0.330192 0.094259 1.13747
-1 1536064541.524137 -0.329652 0.0942906 1.13745
-1 1536064541.533413 -0.329522 0.0942911 1.13743
-1 1536064541.540862 -0.329125 0.0942464 1.13739
-1 1536064541.547215 -0.32882 0.0941557 1.13735
-1 1536064541.554949 -0.328669 0.0941035 1.13732
-1 1536064541.562051 -0.32837 0.0939906 1.13727
-1 1536064541.570107 -0.328075 0.0938517 1.1372
-1 1536064541.579930 -0.327679 0.093615 1.13705
-1 1536064541.585606 -0.327452 0.0934464 1.13691
-1 1536064541.599208 -0.327093 0.093076 1.13657
-1 1536064541.604298 -0.32702 0.0929796 1.13648
-1 1536064541.617404 -0.326891 0.0927858 1.1363
-1 1536064541.622808 -0.326729 0.0924881 1.13601
-1 1536064541.629036 -0.326645 0.0922774 1.13581
-1 1536064541.644452 -0.326569 0.0919336 1.13549
-1 1536064541.647470 -0.326529 0.0916889 1.13527
-1 1536064541.654128 -0.326482 0.0914236 1.13505
-1 1536064541.662181 -0.326416 0.0911379 1.13482
-1 1536064541.668537 -0.326318 0.0908343 1.13459
-1 1536064541.678329 -0.32618 0.0905117 1.13436
-1 1536064541.687524 -0.325891 0.0900028 1.13399
-1 1536064541.699462 -0.325639 0.0896513 1.13374
-1 1536064541.708383 -0.325167 0.0891136 1.13332
-1 1536064541.721983 -0.324398 0.0884057 1.13273
-1 1536064541.726585 -0.323975 0.0880599 1.13241
-1 1536064541.735917 -0.323547 0.0877063 1.13208
-1 1536064541.746644 -0.322898 0.0871243 1.13156
-1 1536064541.754324 -0.322466 0.0867082 1.1312
-1 1536064541.756785 -0.322248 0.0864953 1.13102
-1 1536064541.764302 -0.322025 0.0862794 1.13084
-1 1536064541.770358 -0.321569 0.0858479 1.13047
-1 1536064541.778351 -0.321103 0.0854081 1.13009
-1 1536064541.788149 -0.320627 0.0849722 1.12975
-1 1536064541.797035 -0.320155 0.0845328 1.12938
-1 1536064541.819737 -0.31915 0.083636 1.12869
-1 1536064541.827144 -0.318084 0.0827684 1.12812
-1 1536064541.832719 -0.317819 0.0825456 1.12799
-1 1536064541.838841 -0.317304 0.0820806 1.12776
-1 1536064541.849830 -0.316815 0.0815999 1.12756
-1 1536064541.856055 -0.316334 0.0811181 1.12739
-1 1536064541.860864 -0.316091 0.080874 1.12732
-1 1536064541.876097 -0.31559 0.080388 1.12719
-1 1536064541.880509 -0.314602 0.0796282 1.12713
-1 1536064541.886657 -0.314261 0.0793779 1.12711
-1 1536064541.897793 -0.313054 0.0785657 1.12704
-1 1536064541.905782 -0.312638 0.0783075 1.12702
-1 1536064541.912440 -0.311771 0.0778229 1.12698
-1 1536064541.923610 -0.310887 0.0773897 1.12695
-1 1536064541.930778 -0.310002 0.0770063 1.12692
-1 1536064541.937910 -0.309121 0.0766603 1.12688
-1 1536064541.948954 -0.308234 0.0763306 1.12682
-1 1536064541.955645 -0.307791 0.0761648 1.12679
-1 1536064541.960192 -0.307349 0.0759924 1.12675
-1 1536064541.965591 -0.306907 0.0758146 1.12672
-1 1536064541.980230 -0.306037 0.0754536 1.12663
-1 1536064541.986960 -0.305171 0.0750769 1.12653
-1 1536064542.001280 -0.304301 0.0746708 1.12643
-1 1536064542.027958 -0.302591 0.0736917 1.12622
-1 1536064542.041572 -0.3013 0.0727987 1.12604
-1 1536064542.047717 -0.300419 0.0721497 1.12592
-1 1536064542.055731 -0.299527 0.071477 1.1258
-1 1536064542.063864 -0.298619 0.0708002 1.12567
-1 1536064542.068358 -0.298162 0.0704644 1.12561
-1 1536064542.072143 -0.297701 0.0701331 1.12555
-1 1536064542.082237 -0.296764 0.069476 1.12542
-1 1536064542.087662 -0.2958 0.0688219 1.1253
-1 1536064542.092086 -0.29531 0.0684978 1.12523
-1 1536064542.130816 -0.294323 0.0678538 1.1251
-1 1536064542.151197 -0.288332 0.0640885 1.12422
-1 1536064542.157992 -0.287828 0.0637865 1.12414
-1 1536064542.169708 -0.286814 0.0631832 1.12396
-1 1536064542.174654 -0.286305 0.0628844 1.12388
-1 1536064542.188719 -0.285283 0.0622826 1.12371
-1 1536064542.207237 -0.284257 0.0616737 1.12355
-1 1536064542.231091 -0.282175 0.0604581 1.12323
-1 1536064542.261609 -0.280644 0.0595716 1.12299
-1 1536064542.270708 -0.278182 0.0581836 1.12262
-1 1536064542.275854 -0.277695 0.0579109 1.12255
-1 1536064542.286914 -0.276719 0.0573584 1.12241
-1 1536064542.296533 -0.275744 0.0567871 1.12227
-1 1536064542.308507 -0.2743 0.0558981 1.12207
-1 1536064542.325420 -0.27191 0.0543717 1.12171
-1 1536064542.350961 -0.268586 0.0523464 1.12119
-1 1536064542.385703 -0.265353 0.0504406 1.12068
-1 1536064542.422708 -0.257937 0.046022 1.11975
-1 1536064542.491357 -0.25184 0.0427202 1.11903
-1 1536064542.502192 -0.24922 0.0413759 1.11871
-1 1536064542.515318 -0.248343 0.0409144 1.11861
-1 1536064542.522180 -0.247467 0.0404441 1.1185
-1 1536064542.536131 -0.247029 0.0402071 1.11845
-1 1536064542.544015 -0.246155 0.0397317 1.11834
-1 1536064542.565402 -0.245719 0.0394913 1.11829
-1 1536064542.575275 -0.243974 0.0385093 1.11809
-1 1536064542.586150 -0.242217 0.0374882 1.1179
-1 1536064542.607093 -0.241325 0.0369714 1.1178
-1 1536064542.629402 -0.239114 0.0357031 1.11759
-1 1536064542.639252 -0.235557 0.0337347 1.11727
-1 1536064542.643651 -0.234665 0.0332582 1.11719
-1 1536064542.663746 -0.232892 0.0323168 1.11705
-1 1536064542.670348 -0.231562 0.031619 1.11695
-1 1536064542.680686 -0.230669 0.0311538 1.11689
-1 1536064542.693945 -0.228873 0.0302158 1.11678
-1 1536064542.706163 -0.227973 0.0297456 1.11673
-1 1536064542.718509 -0.226631 0.0290537 1.11667
-1 1536064542.731273 -0.22528 0.028368 1.11662
-1 1536064542.741997 -0.223915 0.0276895 1.11658
-1 1536064542.746981 -0.223001 0.0272424 1.11655
-1 1536064542.761570 -0.221632 0.0265795 1.11651
-1 1536064542.778244 -0.219801 0.0257071 1.11646
-1 1536064542.796999 -0.217944 0.0248083 1.11641
-1 1536064542.804284 -0.216547 0.024112 1.11637
-1 1536064542.808446 -0.216084 0.0238802 1.11636
-1 1536064542.820693 -0.215161 0.0234218 1.11634
-1 1536064542.865187 -0.212369 0.0221218 1.11628
-1 1536064542.877237 -0.208606 0.0205021 1.11622
-1 1536064542.883770 -0.208128 0.0203003 1.11621
-1 1536064542.896656 -0.207166 0.0198902 1.1162
-1 1536064542.903629 -0.206199 0.0194708 1.11618
-1 1536064542.909292 -0.205714 0.0192568 1.11617
-1 1536064542.919379 -0.20523 0.0190397 1.11615
-1 1536064542.936550 -0.203778 0.0183671 1.1161
-1 1536064542.952027 -0.201864 0.0174274 1.11602
-1 1536064542.963408 -0.199984 0.0164725 1.11593
-1 1536064542.975775 -0.198099 0.015546 1.11585
-1 1536064542.983527 -0.197148 0.0150957 1.11582
-1 1536064542.992956 -0.196669 0.014876 1.11581
-1 1536064543.004575 -0.194731 0.0139992 1.11575
