-1 1531129965.380957 0.104116 0.149672 1.06863
-1 1531129965.474008 0.103624 0.150211 1.06867
-1 1531129965.503021 0.103574 0.150295 1.06869
-1 1531129965.563833 0.103473 0.150597 1.06869
-1 1531129965.593518 0.103359 0.15068 1.06871
-1 1531129965.659294 0.103293 0.150811 1.06871
-1 1531129965.711711 0.103201 0.150981 1.06875
-1 1531129965.738814 0.103107 0.151121 1.06876
-1 1531129965.817702 0.10312 0.151276 1.06876
-1 1531129965.843273 0.103152 0.151431 1.06876
-1 1531129965.860373 0.103188 0.1515 1.06876
-1 1531129965.903000 0.103308 0.151496 1.06873
-1 1531129965.922019 0.103383 0.151529 1.06869
-1 1531129965.968161 0.103521 0.151483 1.06868
-1 1531129966.026182 0.10373 0.151417 1.06865
-1 1531129966.047800 0.103844 0.151356 1.06864
-1 1531129966.127428 0.10407 0.151223 1.06861
-1 1531129966.142810 0.104247 0.151167 1.06859
-1 1531129966.202251 0.104477 0.151032 1.06856
-1 1531129966.295328 0.105082 0.150896 1.06856
-1 1531129966.384398 0.105335 0.150769 1.06853
-1 1531129966.407763 0.10543 0.150573 1.06853
-1 1531129966.469434 0.105618 0.150645 1.06854
-1 1531129966.500535 0.105519 0.150806 1.06857
-1 1531129966.528111 0.105544 0.150921 1.06858
-1 1531129966.560949 0.105595 0.151006 1.06858
-1 1531129966.594923 0.105605 0.151207 1.06859
-1 1531129966.662654 0.10572 0.151689 1.06859
-1 1531129966.678789 0.105808 0.151938 1.06859
-1 1531129966.703415 0.105866 0.152101 1.06859
-1 1531129966.738812 0.10594 0.152258 1.06859
-1 1531129966.792545 0.106034 0.152552 1.06859
-1 1531129966.871774 0.106206 0.152984 1.06863
-1 1531129966.965850 0.106294 0.153244 1.06865
-1 1531129967.016510 0.106518 0.153477 1.06864
-1 1531129967.081421 0.106615 0.153523 1.06861
-1 1531129967.141551 0.106788 0.153569 1.06854
-1 1531129967.176538 0.107116 0.153543 1.06844
-1 1531129967.207007 0.107155 0.153514 1.06832
-1 1531129967.279769 0.10754 0.153383 1.06805
-1 1531129967.313454 0.107721 0.153317 1.06796
-1 1531129967.359512 0.107949 0.153318 1.06786
-1 1531129967.368494 0.107891 0.153346 1.06785
-1 1531129967.394034 0.107867 0.153361 1.06782
-1 1531129967.490360 0.107966 0.153192 1.06772
-1 1531129967.647259 0.107291 0.152581 1.06749
-1 1531129967.723440 0.10711 0.152594 1.06748
-1 1531129967.794039 0.107151 0.152675 1.06749
-1 1531129967.814632 0.107161 0.152707 1.06749
-1 1531129967.828031 0.107262 0.152725 1.0675
-1 1531129967.862522 0.1074 0.152786 1.06751
-1 1531129967.907380 0.107697 0.15295 1.06751
-1 1531129967.937815 0.107803 0.152973 1.06751
-1 1531129967.992866 0.108063 0.153076 1.06752
-1 1531129968.020510 0.108378 0.153243 1.06753
-1 1531129968.061301 0.108648 0.15328 1.06752
-1 1531129968.076297 0.108851 0.153292 1.06749
-1 1531129968.126988 0.109015 0.153265 1.06747
-1 1531129968.219588 0.109642 0.153284 1.0675
-1 1531129968.246939 0.110168 0.153527 1.06755
-1 1531129968.264379 0.110336 0.153638 1.06754
-1 1531129968.340235 0.11084 0.154048 1.06759
-1 1531129968.426627 0.111057 0.154438 1.06763
-1 1531129968.448773 0.111131 0.154638 1.06764
-1 1531129968.546233 0.111191 0.154959 1.06765
-1 1531129968.567166 0.111038 0.156108 1.06763
-1 1531129968.636162 0.110503 0.157309 1.06762
-1 1531129968.673301 0.10981 0.15839 1.06767
-1 1531129968.741643 0.108924 0.159476 1.06775
-1 1531129968.845773 0.105251 0.164438 1.06846
-1 1531129968.880709 0.103766 0.166417 1.06867
-1 1531129968.957653 0.101742 0.169189 1.06862
-1 1531129968.980655 0.100403 0.170903 1.06847
-1 1531129969.035321 0.0990673 0.172634 1.06819
-1 1531129969.055787 0.0975513 0.174669 1.0677
-1 1531129969.074323 0.096324 0.176233 1.06727
-1 1531129969.091482 0.0958397 0.17693 1.06706
-1 1531129969.114077 0.0952122 0.177886 1.06679
-1 1531129969.146378 0.0939274 0.1803 1.06612
-1 1531129969.167497 0.0934113 0.181502 1.06577
-1 1531129969.180202 0.0932658 0.182052 1.06563
-1 1531129969.221611 0.0925594 0.184536 1.06489
-1 1531129969.247993 0.0920899 0.187273 1.06408
-1 1531129969.278065 0.0919671 0.188914 1.06365
-1 1531129969.298798 0.0917331 0.190902 1.06306
-1 1531129969.350146 0.0914889 0.193706 1.06211
-1 1531129969.400753 0.0910676 0.19743 1.0607
-1 1531129969.480313 0.0909672 0.201918 1.05893
-1 1531129969.507853 0.0909574 0.204374 1.05795
-1 1531129969.527627 0.0908736 0.204866 1.0577
-1 1531129969.577638 0.0907125 0.206263 1.05695
-1 1531129969.603306 0.0906837 0.207634 1.05646
-1 1531129969.627698 0.0906216 0.208152 1.05616
-1 1531129969.681963 0.0900809 0.209241 1.05538
-1 1531129969.767089 0.0896128 0.210371 1.0546
-1 1531129969.785831 0.089274 0.211042 1.0535
-1 1531129969.807589 0.0892373 0.211175 1.053
-1 1531129969.838264 0.089246 0.211102 1.05257
-1 1531129969.870168 0.0892461 0.21089 1.05192
-1 1531129969.916851 0.0892874 0.210937 1.05122
-1 1531129969.994132 0.089101 0.211104 1.04908
-1 1531129970.068508 0.0884824 0.211614 1.04757
-1 1531129970.125821 0.0882685 0.211922 1.04595
-1 1531129970.153685 0.0880963 0.211886 1.04578
-1 1531129970.180123 0.0879998 0.211916 1.0458
-1 1531129970.216250 0.0877814 0.211811 1.04616
-1 1531129970.275502 0.087719 0.211364 1.04712
-1 1531129970.321480 0.0876555 0.21112 1.04781
-1 1531129970.381670 0.0879987 0.209649 1.05055
-1 1531129970.420041 0.0884662 0.20884 1.05262
-1 1531129970.524720 0.0895569 0.207958 1.05618
-1 1531129970.577863 0.0906918 0.207423 1.05927
-1 1531129970.589787 0.0924461 0.207095 1.06245
-1 1531129970.609248 0.0930192 0.207161 1.06366
-1 1531129970.634076 0.0932838 0.207196 1.06423
-1 1531129970.687254 0.0941514 0.207165 1.06564
-1 1531129970.756632 0.0967408 0.206063 1.06824
-1 1531129970.780549 0.0976648 0.205416 1.06878
-1 1531129970.816880 0.0984745 0.204158 1.06934
-1 1531129970.834756 0.0986126 0.203879 1.06942
-1 1531129970.859054 0.0991718 0.202593 1.06961
-1 1531129970.887322 0.0998087 0.201417 1.06964
-1 1531129970.932816 0.100154 0.20026 1.06966
-1 1531129970.947398 0.100515 0.198595 1.06961
-1 1531129970.970918 0.101071 0.197478 1.06953
-1 1531129970.994141 0.10147 0.196553 1.06947
-1 1531129971.026546 0.101696 0.195813 1.06942
-1 1531129971.083320 0.102161 0.19379 1.06919
-1 1531129971.125540 0.102992 0.190886 1.06869
-1 1531129971.150850 0.103069 0.188729 1.06835
-1 1531129971.180567 0.103114 0.18745 1.06816
-1 1531129971.244287 0.102976 0.185466 1.06794
-1 1531129971.293575 0.102668 0.183678 1.06774
-1 1531129971.321705 0.102408 0.181254 1.06742
-1 1531129971.351499 0.102188 0.179801 1.06722
-1 1531129971.366041 0.102144 0.17901 1.0671
-1 1531129971.468947 0.101627 0.173966 1.06598
-1 1531129971.549997 0.101243 0.17141 1.06517
-1 1531129971.569536 0.100847 0.169278 1.06433
-1 1531129971.647359 0.100337 0.16772 1.06342
-1 1531129971.665894 0.0994545 0.166263 1.06232
-1 1531129971.716342 0.0992371 0.165278 1.06164
-1 1531129971.753361 0.0988171 0.162898 1.05994
-1 1531129971.796260 0.0987584 0.161714 1.05913
-1 1531129971.830571 0.0985066 0.160345 1.05789
-1 1531129971.900336 0.0979998 0.157475 1.05566
-1 1531129971.928885 0.0978351 0.155986 1.05435
-1 1531129971.967986 0.0976999 0.155305 1.05356
-1 1531129972.005175 0.0975026 0.154178 1.05248
-1 1531129972.021833 0.0971482 0.153302 1.05143
-1 1531129972.065437 0.0968842 0.152771 1.05064
-1 1531129972.101833 0.0965964 0.15178 1.04934
-1 1531129972.128412 0.0963712 0.150357 1.04738
-1 1531129972.167878 0.0960778 0.149795 1.04616
-1 1531129972.213600 0.0958208 0.148536 1.04429
-1 1531129972.261183 0.0954016 0.147771 1.0421
-1 1531129972.288411 0.095257 0.146998 1.04016
-1 1531129972.319219 0.0951128 0.146658 1.039
-1 1531129972.379234 0.0949526 0.146384 1.03746
-1 1531129972.423416 0.0950353 0.145695 1.03514
-1 1531129972.457046 0.0949971 0.145387 1.03358
-1 1531129972.469545 0.0949617 0.145142 1.03239
-1 1531129972.482450 0.0949811 0.144958 1.0319
-1 1531129972.529400 0.0949307 0.144831 1.0314
-1 1531129972.553649 0.094716 0.14441 1.02917
-1 1531129972.617836 0.0945357 0.144297 1.02797
-1 1531129972.641001 0.0940214 0.143745 1.02536
-1 1531129972.692325 0.0938494 0.143512 1.02448
-1 1531129972.711009 0.0934647 0.142923 1.02237
-1 1531129972.755125 0.0933284 0.142782 1.02182
-1 1531129972.813839 0.0927785 0.141642 1.01864
-1 1531129972.833718 0.0927087 0.140862 1.0169
-1 1531129972.858567 0.0925449 0.14018 1.01532
-1 1531129972.940504 0.0923719 0.139917 1.01442
-1 1531129972.964607 0.0915046 0.137527 1.00893
-1 1531129972.980425 0.0913928 0.137245 1.00818
-1 1531129973.024786 0.0912071 0.136732 1.00693
-1 1531129973.052016 0.090761 0.135573 1.004
-1 1531129973.097526 0.0901293 0.134359 1.00114
-1 1531129973.128079 0.0899228 0.133814 1.00003
-1 1531129973.160078 0.0897237 0.133335 0.999028
-1 1531129973.191219 0.0891432 0.13248 0.99699
-1 1531129973.207004 0.0888866 0.132066 0.996294
-1 1531129973.232365 0.0886532 0.131566 0.995426
-1 1531129973.287405 0.0878912 0.130518 0.993034
-1 1531129973.315426 0.0875125 0.129919 0.992122
-1 1531129973.337548 0.0872206 0.129383 0.991389
-1 1531129973.362646 0.0867679 0.128658 0.990472
-1 1531129973.387668 0.0864883 0.128527 0.990002
-1 1531129973.460450 0.0857294 0.127013 0.988438
-1 1531129973.499959 0.0854513 0.126792 0.988053
-1 1531129973.541679 0.084851 0.125865 0.987327
-1 1531129973.571942 0.0846581 0.125519 0.987128
-1 1531129973.609788 0.0842228 0.124863 0.986483
-1 1531129973.650967 0.0838588 0.123952 0.985755
-1 1531129973.737571 0.0832329 0.12346 0.985101
-1 1531129973.768512 0.0830238 0.123333 0.985017
-1 1531129973.807742 0.0825892 0.123453 0.984958
-1 1531129973.858731 0.0817626 0.123421 0.984993
-1 1531129973.910251 0.080689 0.123924 0.985563
-1 1531129973.954139 0.0804029 0.124083 0.985905
-1 1531129973.968063 0.0798114 0.124683 0.986896
-1 1531129974.014534 0.0796011 0.124918 0.987285
-1 1531129974.068161 0.0787848 0.125882 0.989694
-1 1531129974.094027 0.0782595 0.126593 0.991753
-1 1531129974.123306 0.0779575 0.127141 0.993655
-1 1531129974.154159 0.0778306 0.127755 0.995807
-1 1531129974.198753 0.0778033 0.128463 0.998242
-1 1531129974.218005 0.0778015 0.129691 1.0027
-1 1531129974.234476 0.077865 0.130136 1.0045
-1 1531129974.275082 0.078028 0.130583 1.00634
-1 1531129974.287214 0.0785648 0.131645 1.01078
-1 1531129974.327801 0.0790933 0.132487 1.01541
-1 1531129974.365130 0.0795307 0.133036 1.01855
-1 1531129974.413615 0.0803012 0.13398 1.02384
-1 1531129974.467864 0.0816002 0.135601 1.03175
-1 1531129974.485987 0.0822444 0.136392 1.03573
-1 1531129974.527960 0.0830385 0.137094 1.04014
-1 1531129974.590076 0.0847167 0.13845 1.0472
-1 1531129974.603214 0.0851565 0.138704 1.04844
-1 1531129974.633791 0.0864373 0.139507 1.05158
-1 1531129974.687324 0.0878615 0.140587 1.05479
-1 1531129974.713930 0.0891277 0.141571 1.05707
-1 1531129974.740447 0.0902684 0.14251 1.0589
-1 1531129974.798878 0.092507 0.144116 1.06179
-1 1531129974.888597 0.0944493 0.145574 1.06379
-1 1531129974.936364 0.100307 0.149633 1.06774
-1 1531129974.975894 0.10319 0.152348 1.06928
-1 1531129975.059021 0.103664 0.152936 1.06951
-1 1531129975.100235 0.105275 0.15854 1.07045
-1 1531129975.119475 0.105052 0.160229 1.07041
-1 1531129975.128103 0.104803 0.161269 1.07031
-1 1531129975.140179 0.104679 0.161741 1.07024
-1 1531129975.154948 0.104428 0.162787 1.07005
-1 1531129975.234350 0.103951 0.164896 1.06928
-1 1531129975.247786 0.103777 0.165346 1.06904
-1 1531129975.287425 0.103492 0.166044 1.06872
-1 1531129975.329337 0.102889 0.167183 1.06822
-1 1531129975.358348 0.102039 0.168144 1.06773
-1 1531129975.393775 0.101575 0.168654 1.06752
-1 1531129975.425677 0.100636 0.169391 1.06721
-1 1531129975.451816 0.100148 0.169862 1.06704
-1 1531129975.489936 0.0993658 0.170969 1.06685
-1 1531129975.526783 0.0985275 0.172596 1.06657
-1 1531129975.540107 0.0979614 0.173598 1.06639
-1 1531129975.604748 0.0969599 0.176717 1.06593
-1 1531129975.618988 0.0966113 0.177634 1.06586
-1 1531129975.703584 0.0960618 0.179003 1.06581
-1 1531129975.753750 0.0948303 0.185168 1.06539
-1 1531129975.820641 0.0942504 0.189224 1.06471
-1 1531129975.894188 0.0940697 0.190438 1.06443
-1 1531129975.917468 0.0940072 0.196068 1.063
-1 1531129975.947207 0.0940042 0.196891 1.06275
-1 1531129975.998922 0.0943627 0.201128 1.06138
-1 1531129976.053342 0.094916 0.205568 1.05974
-1 1531129976.064610 0.0950975 0.2066 1.05939
-1 1531129976.147203 0.0953689 0.208338 1.05882
-1 1531129976.165628 0.0960403 0.213402 1.05683
-1 1531129976.183246 0.0962355 0.214328 1.0565
-1 1531129976.244275 0.0970311 0.217519 1.05525
-1 1531129976.273658 0.0974963 0.219513 1.05439
-1 1531129976.312404 0.0979604 0.222848 1.05312
-1 1531129976.347660 0.0981536 0.224245 1.05252
-1 1531129976.379227 0.0987287 0.227099 1.05153
-1 1531129976.421808 0.0993608 0.229788 1.05044
-1 1531129976.438454 0.0997416 0.231176 1.04981
-1 1531129976.453874 0.0998738 0.231609 1.04961
-1 1531129976.461627 0.100063 0.232348 1.04929
-1 1531129976.502055 0.100415 0.233473 1.04884
-1 1531129976.542438 0.100997 0.235102 1.04795
-1 1531129976.571578 0.101518 0.236972 1.04682
-1 1531129976.588000 0.101969 0.23856 1.04617
-1 1531129976.621758 0.102295 0.239389 1.0457
-1 1531129976.679835 0.102917 0.241222 1.04486
-1 1531129976.720117 0.103187 0.242022 1.04459
-1 1531129976.795591 0.104027 0.243703 1.04367
-1 1531129976.834030 0.104193 0.243826 1.0434
-1 1531129976.871768 0.104221 0.243844 1.04305
-1 1531129976.915393 0.104337 0.244353 1.04254
-1 1531129976.954468 0.104377 0.244212 1.04234
-1 1531129977.010058 0.104409 0.243843 1.04216
-1 1531129977.066063 0.104376 0.242535 1.04243
-1 1531129977.098044 0.104463 0.242114 1.04263
-1 1531129977.116296 0.104587 0.241401 1.04297
-1 1531129977.141240 0.104722 0.240686 1.04337
-1 1531129977.162560 0.104922 0.239981 1.04385
-1 1531129977.184393 0.105413 0.239334 1.04459
-1 1531129977.318204 0.107592 0.235153 1.04843
-1 1531129977.410967 0.10857 0.23292 1.05071
-1 1531129977.546705 0.112259 0.22398 1.05923
-1 1531129977.608524 0.113344 0.220756 1.06146
-1 1531129977.631587 0.114384 0.21767 1.0635
-1 1531129977.650863 0.114641 0.216466 1.06424
-1 1531129977.663438 0.114738 0.215983 1.06453
-1 1531129977.684451 0.115014 0.214938 1.06506
-1 1531129977.749841 0.115356 0.212512 1.06637
-1 1531129977.873944 0.114989 0.205478 1.06866
-1 1531129977.902236 0.114524 0.20275 1.06907
-1 1531129977.967268 0.113419 0.199528 1.06931
-1 1531129977.994838 0.112874 0.19791 1.06934
-1 1531129978.097607 0.111185 0.193851 1.06937
-1 1531129978.142586 0.110346 0.192006 1.06946
-1 1531129978.180958 0.109404 0.189947 1.06975
-1 1531129978.271363 0.107623 0.185231 1.07075
-1 1531129978.294934 0.107238 0.18403 1.07108
-1 1531129978.332046 0.106897 0.183229 1.07134
-1 1531129978.362168 0.106149 0.181639 1.07199
-1 1531129978.420439 0.105604 0.180082 1.0727
-1 1531129978.447012 0.105366 0.179294 1.07309
-1 1531129978.474260 0.105114 0.178402 1.07352
-1 1531129978.489763 0.104927 0.1776 1.07387
-1 1531129978.514845 0.104755 0.176969 1.07416
-1 1531129978.546429 0.104336 0.175949 1.07467
-1 1531129978.610482 0.103869 0.174692 1.07522
-1 1531129978.714459 0.103468 0.17248 1.07605
-1 1531129978.769181 0.10327 0.170974 1.07677
-1 1531129978.871697 0.103149 0.170273 1.0771
-1 1531129978.898666 0.102727 0.169041 1.07788
-1 1531129978.977789 0.102493 0.168437 1.07828
-1 1531129978.989319 0.102301 0.167814 1.07882
-1 1531129979.020443 0.102209 0.167527 1.07902
-1 1531129979.032427 0.102164 0.167392 1.07914
-1 1531129979.081269 0.102135 0.166866 1.07947
-1 1531129979.100368 0.102166 0.166576 1.07961
-1 1531129979.220792 0.102163 0.166088 1.08011
-1 1531129979.246555 0.102355 0.165712 1.08071
-1 1531129979.288361 0.102481 0.165573 1.081
-1 1531129979.304068 0.102554 0.1655 1.0811
-1 1531129979.335496 0.102695 0.165356 1.08122
-1 1531129979.367092 0.102909 0.165106 1.08143
-1 1531129979.405275 0.103047 0.165014 1.08158
-1 1531129979.435453 0.103299 0.164831 1.08186
-1 1531129979.449208 0.103351 0.164754 1.08197
-1 1531129979.481672 0.103401 0.164699 1.08208
-1 1531129979.500053 0.103456 0.164686 1.08218
-1 1531129979.540896 0.103554 0.164605 1.08236
-1 1531129979.589760 0.103947 0.164418 1.0828
-1 1531129979.616992 0.104118 0.164336 1.08294
-1 1531129979.647594 0.104296 0.164213 1.08311
-1 1531129979.813091 0.104588 0.163662 1.08389
-1 1531129979.838755 0.104565 0.163512 1.08401
-1 1531129979.916528 0.104644 0.163177 1.08417
-1 1531129979.952747 0.104808 0.162994 1.08424
-1 1531129979.982996 0.105025 0.162854 1.08434
-1 1531129980.022016 0.105156 0.16279 1.08438
-1 1531129980.093630 0.105397 0.162596 1.08442
-1 1531129980.112639 0.105681 0.16248 1.08444
-1 1531129980.152445 0.105929 0.162377 1.08443
-1 1531129980.163094 0.106016 0.162334 1.08442
-1 1531129980.206812 0.106157 0.162291 1.08437
-1 1531129980.220295 0.106302 0.162207 1.08433
-1 1531129980.243174 0.106488 0.162125 1.08429
-1 1531129980.288503 0.106552 0.162101 1.08427
-1 1531129980.322673 0.106915 0.162042 1.08412
-1 1531129980.361948 0.107161 0.162047 1.08397
-1 1531129980.420543 0.107397 0.162212 1.08384
-1 1531129980.490061 0.107807 0.162517 1.08342
-1 1531129980.540085 0.108175 0.162918 1.08295
-1 1531129980.630516 0.108493 0.163474 1.08241
-1 1531129980.673960 0.108725 0.163729 1.08185
-1 1531129980.751868 0.109229 0.164408 1.08043
-1 1531129980.820220 0.109826 0.165512 1.07878
-1 1531129980.861678 0.11015 0.166399 1.07767
-1 1531129980.900641 0.110402 0.16694 1.07696
-1 1531129981.021656 0.11072 0.168421 1.07444
-1 1531129981.035293 0.110626 0.168774 1.0736
-1 1531129981.068573 0.110473 0.169061 1.07299
-1 1531129981.167684 0.110132 0.169325 1.07226
-1 1531129981.182750 0.109605 0.169829 1.07172
-1 1531129981.229905 0.109337 0.170066 1.07152
-1 1531129981.285359 0.108337 0.171279 1.07081
-1 1531129981.314228 0.107993 0.171843 1.07059
-1 1531129981.431451 0.106676 0.174518 1.06978
-1 1531129981.460588 0.106397 0.175147 1.06968
-1 1531129981.474356 0.106232 0.175618 1.06963
-1 1531129981.495568 0.106051 0.176107 1.06958
-1 1531129981.514215 0.105856 0.176646 1.0695
-1 1531129981.570571 0.105317 0.177928 1.0693
-1 1531129981.606842 0.105122 0.178576 1.06919
-1 1531129981.686894 0.104781 0.179837 1.06904
-1 1531129981.771082 0.103995 0.183022 1.06849
-1 1531129981.914783 0.102676 0.187946 1.06733
-1 1531129981.962609 0.101566 0.192934 1.06582
-1 1531129982.006208 0.101193 0.194855 1.0651
-1 1531129982.080239 0.100842 0.1973 1.06415
-1 1531129982.154021 0.10049 0.199998 1.06294
-1 1531129982.169220 0.0998209 0.202719 1.06144
-1 1531129982.190363 0.0996231 0.203425 1.06104
-1 1531129982.219597 0.0994477 0.20457 1.06038
-1 1531129982.275330 0.0992757 0.206201 1.05945
-1 1531129982.346429 0.0989053 0.208258 1.05853
-1 1531129982.425499 0.0984377 0.210328 1.05789
-1 1531129982.483267 0.0982811 0.211198 1.05758
-1 1531129982.500930 0.0981982 0.212226 1.05715
-1 1531129982.554955 0.0981112 0.212968 1.05688
-1 1531129982.578554 0.098097 0.214687 1.05632
-1 1531129982.619674 0.0980704 0.215429 1.05611
-1 1531129982.674442 0.097927 0.217051 1.05563
-1 1531129982.798006 0.0976966 0.220189 1.05476
-1 1531129982.846451 0.0973817 0.221071 1.05428
-1 1531129982.888330 0.0971813 0.221544 1.05402
-1 1531129982.956815 0.0968337 0.222352 1.0536
-1 1531129982.981282 0.0964889 0.222915 1.0533
-1 1531129983.007646 0.0962938 0.223189 1.05317
-1 1531129983.029465 0.0961346 0.223373 1.05313
-1 1531129983.065794 0.09601 0.223619 1.05317
-1 1531129983.111776 0.0958568 0.224225 1.05346
-1 1531129983.137721 0.095758 0.22442 1.05368
-1 1531129983.166812 0.0956326 0.224532 1.05407
-1 1531129983.200231 0.0955986 0.224709 1.05452
-1 1531129983.221349 0.0955657 0.224858 1.05474
-1 1531129983.320817 0.094986 0.225476 1.05576
-1 1531129983.367806 0.0934175 0.226321 1.057
-1 1531129983.507566 0.0910773 0.228268 1.05844
-1 1531129983.567420 0.0891578 0.229226 1.05904
-1 1531129983.584789 0.0874169 0.22969 1.05918
-1 1531129983.635478 0.0857157 0.229974 1.05888
-1 1531129983.660716 0.085253 0.230062 1.05873
-1 1531129983.674018 0.0844215 0.230239 1.05841
-1 1531129983.689440 0.083921 0.230325 1.05818
-1 1531129983.713085 0.0829562 0.230413 1.05764
-1 1531129983.769396 0.0807938 0.230512 1.05641
-1 1531129983.808022 0.0798165 0.230396 1.05588
-1 1531129983.832356 0.0785685 0.230056 1.05511
-1 1531129983.899073 0.0754539 0.230108 1.05325
-1 1531129984.016828 0.0715528 0.230375 1.04999
-1 1531129984.095529 0.0695565 0.229615 1.04786
-1 1531129984.300818 0.0686311 0.230259 1.04579
-1 1531129984.410013 0.0684666 0.231111 1.04633
-1 1531129984.459473 0.0684167 0.23125 1.04652
-1 1531129984.563869 0.0689388 0.231436 1.04751
-1 1531129984.600181 0.0693302 0.231459 1.04777
-1 1531129984.634227 0.0697061 0.23142 1.0479
-1 1531129984.754375 0.0716626 0.231126 1.04854
-1 1531129984.767762 0.0723897 0.230869 1.04871
-1 1531129984.806935 0.0729888 0.230737 1.04898
-1 1531129984.825726 0.07329 0.230625 1.0491
-1 1531129984.834534 0.0736107 0.230512 1.04923
-1 1531129984.860484 0.0738751 0.230444 1.04933
-1 1531129984.940445 0.0744914 0.230361 1.04961
-1 1531129985.042824 0.0774048 0.229779 1.05162
-1 1531129985.079544 0.0793872 0.229732 1.05309
-1 1531129985.107867 0.0806829 0.229628 1.05433
-1 1531129985.154141 0.0820125 0.229525 1.05569
-1 1531129985.189685 0.0836707 0.229464 1.05745
-1 1531129985.260765 0.0863836 0.22956 1.06053
-1 1531129985.310057 0.0883673 0.229541 1.06306
-1 1531129985.328689 0.0896065 0.229539 1.06463
-1 1531129985.360972 0.0899395 0.229547 1.06505
-1 1531129985.407034 0.0920446 0.229361 1.06771
-1 1531129985.461223 0.0944451 0.228738 1.07065
-1 1531129985.514101 0.0949212 0.228443 1.07117
-1 1531129985.558481 0.0961913 0.227524 1.07244
-1 1531129985.580465 0.0973794 0.225957 1.07342
-1 1531129985.621502 0.0978229 0.225227 1.07372
-1 1531129985.644081 0.0987828 0.223303 1.07441
-1 1531129985.670360 0.0992379 0.222026 1.07483
-1 1531129985.702121 0.0995225 0.221007 1.0751
-1 1531129985.733900 0.0998156 0.219667 1.07533
-1 1531129985.771262 0.100038 0.218677 1.07547
-1 1531129985.848786 0.100194 0.217315 1.07561
-1 1531129985.875310 0.0997965 0.213959 1.07584
-1 1531129985.931253 0.0995911 0.212588 1.07589
-1 1531129985.954637 0.0992898 0.210335 1.07599
-1 1531129986.007435 0.0989048 0.208917 1.07596
-1 1531129986.034781 0.0983022 0.207242 1.0759
-1 1531129986.141151 0.0977279 0.206034 1.0759
-1 1531129986.183078 0.0949727 0.202221 1.07591
-1 1531129986.261729 0.0942035 0.20101 1.07598
-1 1531129986.311918 0.0920483 0.195959 1.07618
-1 1531129986.339569 0.0911921 0.194766 1.07626
-1 1531129986.368597 0.0904736 0.19355 1.07637
-1 1531129986.401182 0.0902082 0.19276 1.07646
-1 1531129986.427604 0.0897234 0.191386 1.07668
-1 1531129986.466975 0.0894896 0.190594 1.07684
-1 1531129986.484035 0.0891907 0.189441 1.07714
-1 1531129986.542663 0.0889962 0.189019 1.07726
-1 1531129986.583945 0.0880443 0.187509 1.07737
-1 1531129986.614801 0.0874362 0.186611 1.07723
-1 1531129986.792556 0.084535 0.183827 1.07528
-1 1531129986.811112 0.0832744 0.182955 1.07434
-1 1531129986.836983 0.0829361 0.182858 1.07414
-1 1531129986.884461 0.0814793 0.18258 1.07331
-1 1531129987.019543 0.0795717 0.182727 1.07229
-1 1531129987.055595 0.0774742 0.182249 1.07098
-1 1531129987.153675 0.076468 0.181596 1.0701
-1 1531129987.175245 0.074512 0.180036 1.06819
-1 1531129987.215795 0.0741544 0.179636 1.06778
-1 1531129987.227710 0.0734778 0.178876 1.06699
-1 1531129987.264127 0.072984 0.178247 1.06632
-1 1531129987.327123 0.0723237 0.177203 1.06543
-1 1531129987.405871 0.0717444 0.175799 1.06447
-1 1531129987.452431 0.0713649 0.172517 1.06299
-1 1531129987.497779 0.0712512 0.169795 1.06231
-1 1531129987.580378 0.0713442 0.167262 1.06188
-1 1531129987.608446 0.0716135 0.164793 1.06166
-1 1531129987.706068 0.0721543 0.16146 1.06144
-1 1531129987.766973 0.0733766 0.159539 1.06185
-1 1531129987.817124 0.0739489 0.158841 1.06208
-1 1531129987.837530 0.0740767 0.158547 1.06212
-1 1531129987.890740 0.0746605 0.157399 1.06206
-1 1531129987.960269 0.0750741 0.156897 1.0618
-1 1531129987.996298 0.0751871 0.156572 1.06148
-1 1531129988.036575 0.0754414 0.156181 1.06104
-1 1531129988.074540 0.0755807 0.155883 1.06074
-1 1531129988.097599 0.0757699 0.155141 1.0602
-1 1531129988.128315 0.0759104 0.154302 1.05961
-1 1531129988.180041 0.0760154 0.153735 1.05915
-1 1531129988.200343 0.076161 0.152898 1.05843
-1 1531129988.282116 0.0756678 0.15088 1.05634
-1 1531129988.301041 0.0753609 0.150455 1.05569
-1 1531129988.354678 0.0747696 0.149935 1.05446
-1 1531129988.378458 0.0740924 0.149405 1.05297
-1 1531129988.403889 0.0735339 0.148984 1.05154
-1 1531129988.446826 0.0725569 0.148458 1.04918
-1 1531129988.508409 0.0713835 0.148317 1.04635
-1 1531129988.541614 0.0709536 0.148272 1.04539
-1 1531129988.633836 0.0698082 0.147048 1.04211
-1 1531129988.677341 0.0695257 0.146774 1.04118
-1 1531129988.704120 0.0693399 0.146564 1.04033
-1 1531129988.754991 0.0693066 0.146655 1.04016
-1 1531129988.796694 0.0688588 0.147183 1.03972
-1 1531129988.912651 0.0687461 0.147406 1.03969
-1 1531129988.934531 0.0674096 0.149054 1.04008
-1 1531129988.944768 0.067242 0.149295 1.04016
-1 1531129989.035103 0.0666531 0.15149 1.0408
-1 1531129989.090557 0.0664952 0.152529 1.04114
-1 1531129989.213384 0.0664674 0.155587 1.0428
-1 1531129989.248075 0.0667309 0.156236 1.04325
-1 1531129989.329372 0.0674585 0.158276 1.04411
-1 1531129989.424830 0.0675603 0.159305 1.0442
-1 1531129989.502028 0.0688196 0.16315 1.04362
-1 1531129989.554315 0.0698624 0.164855 1.04307
-1 1531129989.605798 0.0706021 0.165372 1.04262
-1 1531129989.619262 0.0710208 0.16536 1.0423
-1 1531129989.630580 0.0711873 0.165313 1.04218
-1 1531129989.645868 0.0713501 0.165241 1.04206
-1 1531129989.683659 0.0719414 0.164943 1.04162
-1 1531129989.722245 0.072224 0.164528 1.04139
-1 1531129989.743545 0.072453 0.163741 1.04116
-1 1531129989.781198 0.0725713 0.162876 1.04098
-1 1531129989.807622 0.0726145 0.162544 1.04092
-1 1531129989.851374 0.0727712 0.161561 1.04078
-1 1531129989.874257 0.0729178 0.160525 1.04067
-1 1531129989.913056 0.073006 0.159402 1.04055
-1 1531129989.941487 0.0729862 0.158716 1.04046
-1 1531129989.954945 0.0729293 0.158292 1.0404
-1 1531129990.018396 0.0725375 0.156846 1.0402
-1 1531129990.030602 0.0724703 0.156595 1.04015
-1 1531129990.061100 0.0723744 0.156158 1.04004
-1 1531129990.085049 0.0723299 0.155962 1.03998
-1 1531129990.120206 0.0722035 0.155662 1.0399
-1 1531129990.166041 0.0716442 0.155057 1.03976
-1 1531129990.325884 0.0696998 0.154142 1.03944
-1 1531129990.340726 0.0693682 0.154033 1.03947
-1 1531129990.393935 0.068726 0.153855 1.03959
-1 1531129990.436176 0.0677872 0.15353 1.03987
-1 1531129990.468400 0.0671935 0.153422 1.04005
-1 1531129990.583250 0.0651544 0.153185 1.04048
-1 1531129990.631486 0.0647487 0.153197 1.04048
-1 1531129990.645060 0.0643801 0.15326 1.04038
-1 1531129990.749247 0.0641126 0.15325 1.04018
-1 1531129990.834573 0.06337 0.152509 1.03952
-1 1531129990.865466 0.0627955 0.151198 1.03883
-1 1531129990.876857 0.0626118 0.150726 1.03855
-1 1531129990.896587 0.0625408 0.150557 1.03842
-1 1531129990.914920 0.0623724 0.150278 1.03818
-1 1531129990.955328 0.0622605 0.14998 1.0379
-1 1531129990.970344 0.0621541 0.149709 1.03766
-1 1531129990.990313 0.0620914 0.149534 1.03753
-1 1531129991.033712 0.0620209 0.149285 1.0373
-1 1531129991.047115 0.0620206 0.149135 1.037
-1 1531129991.063749 0.0620342 0.149087 1.03691
-1 1531129991.087759 0.0620748 0.149021 1.03685
-1 1531129991.132145 0.0621645 0.149115 1.03683
-1 1531129991.154227 0.0623085 0.149236 1.03682
-1 1531129991.165507 0.0624035 0.149311 1.0368
-1 1531129991.199268 0.0626601 0.149578 1.03676
-1 1531129991.234722 0.0628663 0.149919 1.03671
-1 1531129991.258636 0.0630719 0.150272 1.03667
-1 1531129991.271377 0.063205 0.150386 1.03664
-1 1531129991.303832 0.0635569 0.150728 1.03658
-1 1531129991.328323 0.0638193 0.151114 1.03656
-1 1531129991.354303 0.0640289 0.151491 1.03654
-1 1531129991.394251 0.0643976 0.152007 1.0365
-1 1531129991.449870 0.0652437 0.153422 1.03659
-1 1531129991.512328 0.0656741 0.153951 1.03664
-1 1531129991.540660 0.0662291 0.154798 1.03675
-1 1531129991.561339 0.0664451 0.155123 1.03682
-1 1531129991.580456 0.0668563 0.155676 1.037
-1 1531129991.595991 0.0670381 0.155895 1.03708
-1 1531129991.601897 0.0672389 0.156087 1.03715
-1 1531129991.730536 0.067469 0.156253 1.03719
-1 1531129991.780896 0.0696501 0.158518 1.03798
-1 1531129991.792188 0.0704266 0.159434 1.03825
-1 1531129991.806832 0.0706309 0.159692 1.03829
-1 1531129991.825886 0.0710803 0.160211 1.03837
-1 1531129991.874850 0.0713012 0.160457 1.03841
-1 1531129991.911047 0.0720549 0.161358 1.03855
-1 1531129992.001937 0.0729307 0.163009 1.03884
-1 1531129992.015541 0.0730277 0.163301 1.03887
-1 1531129992.045345 0.0731793 0.16373 1.03892
-1 1531129992.100637 0.0734315 0.164372 1.03899
-1 1531129992.137720 0.0736819 0.164916 1.03903
-1 1531129992.154604 0.073849 0.165198 1.03906
-1 1531129992.177176 0.0739812 0.165459 1.0391
-1 1531129992.222729 0.0742183 0.166025 1.03923
-1 1531129992.346989 0.0742339 0.166505 1.0394
-1 1531129992.390782 0.0736084 0.167912 1.04005
-1 1531129992.447025 0.0730557 0.168832 1.04025
-1 1531129992.452658 0.0729193 0.169026 1.04028
-1 1531129992.528623 0.0723767 0.169424 1.04035
-1 1531129992.634653 0.0713886 0.169071 1.04058
-1 1531129992.646764 0.0710502 0.168876 1.04064
-1 1531129992.701981 0.0706554 0.168604 1.04067
-1 1531129992.745974 0.0699771 0.167968 1.04067
-1 1531129992.790365 0.0692369 0.167452 1.04067
-1 1531129992.842234 0.0683178 0.166826 1.04056
-1 1531129992.870480 0.0678566 0.166497 1.04051
-1 1531129992.894744 0.0674446 0.166205 1.04048
-1 1531129992.980736 0.0654601 0.164637 1.04027
-1 1531129992.999299 0.0650588 0.164289 1.04023
-1 1531129993.017197 0.064555 0.163893 1.04021
-1 1531129993.031342 0.0641645 0.1636 1.04022
-1 1531129993.057107 0.0638188 0.163315 1.04024
-1 1531129993.085039 0.0635111 0.163046 1.04026
-1 1531129993.122995 0.0624461 0.161886 1.04035
-1 1531129993.165171 0.0620195 0.161479 1.04043
-1 1531129993.191440 0.0613942 0.16072 1.04057
-1 1531129993.286991 0.0612208 0.160528 1.04061
-1 1531129993.305023 0.0600127 0.159239 1.04096
-1 1531129993.337520 0.0596545 0.158844 1.04106
-1 1531129993.368981 0.0593963 0.158462 1.04113
-1 1531129993.400559 0.0591021 0.158004 1.0411
-1 1531129993.417319 0.0589456 0.157849 1.0411
-1 1531129993.483895 0.058384 0.157196 1.0411
-1 1531129993.527020 0.0581159 0.156635 1.04113
-1 1531129993.599745 0.0579681 0.155859 1.041
-1 1531129993.621248 0.0578503 0.155542 1.04092
-1 1531129993.640600 0.0576923 0.155239 1.0408
-1 1531129993.747844 0.0570945 0.154538 1.04071
-1 1531129993.795066 0.0566435 0.154281 1.04073
-1 1531129993.840937 0.0565836 0.154851 1.04053
-1 1531129993.861644 0.0565596 0.154971 1.04048
-1 1531129993.881595 0.0564848 0.155324 1.04033
-1 1531129993.924948 0.0564382 0.155818 1.04019
-1 1531129993.980756 0.0565475 0.157259 1.0396
-1 1531129994.018393 0.056773 0.157821 1.03929
-1 1531129994.051904 0.0571687 0.158506 1.03908
-1 1531129994.074994 0.0573888 0.15871 1.03904
-1 1531129994.101062 0.0577703 0.159047 1.03904
-1 1531129994.141283 0.0581419 0.159447 1.0391
-1 1531129994.173825 0.0586896 0.160097 1.03927
-1 1531129994.224678 0.0595355 0.160746 1.03974
-1 1531129994.240198 0.0599873 0.161016 1.04002
-1 1531129994.330418 0.0607461 0.161286 1.0405
-1 1531129994.346085 0.0620248 0.161733 1.04142
-1 1531129994.382168 0.0623787 0.161893 1.04179
-1 1531129994.417703 0.0630238 0.162188 1.04252
-1 1531129994.437064 0.0637065 0.162424 1.04339
-1 1531129994.461980 0.0639042 0.162522 1.04366
-1 1531129994.486670 0.0642944 0.162742 1.04422
-1 1531129994.513909 0.0645734 0.162945 1.04459
-1 1531129994.566239 0.0654143 0.16345 1.04571
-1 1531129994.627860 0.0667292 0.163903 1.04747
-1 1531129994.657055 0.0672988 0.163988 1.04802
-1 1531129994.700212 0.0684185 0.164107 1.04904
-1 1531129994.748772 0.0693322 0.164229 1.0499
-1 1531129994.761499 0.0697936 0.164304 1.05037
-1 1531129994.793612 0.070021 0.164373 1.0506
-1 1531129994.852855 0.071188 0.165084 1.05159
-1 1531129994.862233 0.0715958 0.165371 1.05183
-1 1531129994.916917 0.0723498 0.166221 1.0523
-1 1531129994.938929 0.072628 0.166679 1.05251
-1 1531129994.971218 0.0728029 0.167244 1.05268
-1 1531129995.023607 0.0728133 0.167842 1.0527
-1 1531129995.087658 0.072797 0.169021 1.05265
-1 1531129995.166913 0.0728041 0.169797 1.05287
-1 1531129995.205650 0.0728682 0.170126 1.0531
-1 1531129995.247646 0.0729468 0.170299 1.05322
-1 1531129995.275248 0.0731169 0.170704 1.05347
-1 1531129995.354661 0.0730668 0.171237 1.05387
-1 1531129995.407772 0.0729805 0.17164 1.0544
-1 1531129995.479880 0.0730411 0.171918 1.05522
-1 1531129995.492125 0.0730812 0.172041 1.05552
-1 1531129995.516392 0.0730665 0.172185 1.05591
-1 1531129995.542386 0.0730379 0.172273 1.05616
-1 1531129995.565722 0.0729834 0.172403 1.05654
-1 1531129995.594561 0.0728876 0.172518 1.05688
-1 1531129995.635173 0.072708 0.172757 1.05739
-1 1531129995.663794 0.0724852 0.17324 1.05839
-1 1531129995.727595 0.0724019 0.173497 1.05892
-1 1531129995.751339 0.0721569 0.174548 1.06051
-1 1531129995.765979 0.0720694 0.174756 1.06075
-1 1531129995.793133 0.0719903 0.175079 1.06107
-1 1531129995.887416 0.0719677 0.175617 1.06151
-1 1531129995.923889 0.0720885 0.17809 1.06299
-1 1531129995.967109 0.0723101 0.17931 1.06351
-1 1531129995.984926 0.0723839 0.179907 1.06373
-1 1531129996.024846 0.0724475 0.180609 1.06397
-1 1531129996.054129 0.0725901 0.181505 1.06429
-1 1531129996.072484 0.0726907 0.181875 1.06443
-1 1531129996.115713 0.0729439 0.182489 1.0646
-1 1531129996.127410 0.0733248 0.183188 1.06478
-1 1531129996.145875 0.0735036 0.183495 1.06487
-1 1531129996.198357 0.0742394 0.18463 1.06523
-1 1531129996.262075 0.0748751 0.185279 1.06542
-1 1531129996.337457 0.0761955 0.18633 1.06577
-1 1531129996.355428 0.0777807 0.18733 1.06615
-1 1531129996.380849 0.0782458 0.18768 1.06624
-1 1531129996.401729 0.0787849 0.188134 1.06636
-1 1531129996.419870 0.0791749 0.188428 1.06643
-1 1531129996.460527 0.0799137 0.188954 1.06655
-1 1531129996.500910 0.0806695 0.189474 1.06665
-1 1531129996.527670 0.0818686 0.190328 1.06685
-1 1531129996.563418 0.0826057 0.190863 1.06699
-1 1531129996.593759 0.082849 0.191101 1.06703
-1 1531129996.607103 0.0834097 0.191668 1.06709
-1 1531129996.626599 0.0836621 0.191899 1.0671
-1 1531129996.641455 0.0842034 0.192345 1.06712
-1 1531129996.662117 0.0844532 0.192565 1.06713
-1 1531129996.728018 0.0852166 0.193353 1.06713
-1 1531129996.767855 0.0862156 0.194523 1.067
-1 1531129996.787777 0.0867389 0.195014 1.06693
-1 1531129996.865581 0.0873557 0.195783 1.06679
-1 1531129996.918653 0.0885425 0.197068 1.06646
-1 1531129996.941539 0.0888497 0.19743 1.06636
-1 1531129996.954282 0.0890478 0.197688 1.06628
-1 1531129996.994476 0.0893819 0.198081 1.06618
-1 1531129997.020700 0.0898622 0.198653 1.06602
-1 1531129997.047235 0.0901174 0.199137 1.0659
-1 1531129997.096653 0.0903534 0.199687 1.06575
-1 1531129997.155421 0.0907129 0.200991 1.06531
-1 1531129997.179422 0.0908473 0.20172 1.06506
-1 1531129997.224237 0.0909415 0.202212 1.06486
-1 1531129997.300800 0.0911715 0.203782 1.06421
-1 1531129997.358888 0.0912132 0.20427 1.06406
-1 1531129997.397093 0.0912389 0.205292 1.06381
-1 1531129997.446826 0.0911099 0.206317 1.06356
-1 1531129997.477156 0.0907058 0.207624 1.06326
-1 1531129997.497275 0.0905183 0.208089 1.06316
-1 1531129997.550643 0.0899748 0.209202 1.06287
-1 1531129997.582967 0.0893719 0.210232 1.06256
-1 1531129997.612148 0.0888954 0.211042 1.0623
-1 1531129997.656755 0.088567 0.211589 1.06208
-1 1531129997.724318 0.0871101 0.213552 1.06112
-1 1531129997.760343 0.0867292 0.213959 1.06083
-1 1531129997.789685 0.0862772 0.214483 1.06048
-1 1531129997.794963 0.0859325 0.214871 1.0602
-1 1531129997.820636 0.0856039 0.215232 1.05988
-1 1531129997.860723 0.084949 0.21582 1.05927
-1 1531129997.914336 0.084638 0.21615 1.05897
-1 1531129997.940643 0.0835775 0.216908 1.05782
-1 1531129997.968570 0.0830375 0.217217 1.05711
-1 1531129998.060317 0.0812574 0.218178 1.05451
-1 1531129998.099713 0.080827 0.218364 1.05364
-1 1531129998.132317 0.0802868 0.218311 1.05221
-1 1531129998.221750 0.0799421 0.218216 1.05089
-1 1531129998.246566 0.0789942 0.218617 1.04808
-1 1531129998.273070 0.0787836 0.218777 1.04693
-1 1531129998.286873 0.078642 0.218946 1.04646
-1 1531129998.312633 0.0784317 0.219097 1.04595
-1 1531129998.339232 0.0781717 0.219228 1.04543
-1 1531129998.421327 0.0776508 0.219721 1.04438
-1 1531129998.446900 0.0772844 0.220102 1.04381
-1 1531129998.460972 0.0770899 0.220354 1.04355
-1 1531129998.488933 0.0769363 0.220647 1.0434
-1 1531129998.540838 0.0766236 0.221164 1.04304
-1 1531129998.567729 0.0765105 0.221501 1.04278
-1 1531129998.621685 0.0764274 0.221758 1.0427
-1 1531129998.647893 0.0761679 0.222673 1.04231
-1 1531129998.664330 0.076102 0.223017 1.04215
-1 1531129998.727444 0.0759267 0.22396 1.04186
-1 1531129998.743834 0.0759109 0.224102 1.04179
-1 1531129998.861941 0.0758351 0.2248 1.0415
-1 1531129998.888672 0.0756139 0.225431 1.04114
-1 1531129998.914307 0.0755671 0.225622 1.04105
-1 1531129998.971430 0.0755388 0.226005 1.04093
-1 1531129999.001222 0.0755666 0.226298 1.04087
-1 1531129999.044199 0.0755435 0.226421 1.04091
-1 1531129999.071223 0.0755703 0.226507 1.04099
-1 1531129999.118131 0.0755016 0.226685 1.04118
-1 1531129999.143466 0.0754759 0.226693 1.04137
-1 1531129999.161837 0.0755089 0.226674 1.04149
-1 1531129999.194798 0.0755728 0.226644 1.04186
-1 1531129999.208286 0.0756571 0.226601 1.04202
-1 1531129999.228453 0.0759036 0.226424 1.04245
-1 1531129999.291068 0.0760976 0.226311 1.04278
-1 1531129999.325408 0.0766888 0.226034 1.04409
-1 1531129999.344236 0.0772576 0.225809 1.04534
-1 1531129999.357693 0.0775676 0.225709 1.04637
-1 1531129999.381027 0.0776968 0.225742 1.04692
-1 1531129999.407363 0.0779522 0.225795 1.04808
-1 1531129999.449836 0.0781436 0.225783 1.0489
-1 1531129999.487724 0.079358 0.225493 1.05237
-1 1531129999.527740 0.0798869 0.225183 1.05368
-1 1531129999.553068 0.0809062 0.224426 1.05566
-1 1531129999.582249 0.0818223 0.223636 1.05717
-1 1531129999.607966 0.0825792 0.222834 1.0584
-1 1531129999.644892 0.0832539 0.222115 1.05941
-1 1531129999.669913 0.0842037 0.220988 1.06096
-1 1531129999.688529 0.0852274 0.219694 1.06254
-1 1531129999.713884 0.085707 0.219136 1.0632
-1 1531129999.761407 0.086181 0.218602 1.06384
-1 1531129999.807752 0.0875119 0.216981 1.06542
-1 1531129999.846104 0.0891475 0.214502 1.06701
-1 1531129999.889056 0.0900969 0.212194 1.06806
-1 1531129999.916935 0.0904144 0.210972 1.06852
-1 1531129999.952953 0.0905239 0.210465 1.06868
-1 1531129999.972186 0.0907985 0.208594 1.0691
-1 1531129999.997268 0.0909104 0.20776 1.06925
-1 1531130000.058002 0.091055 0.204124 1.06974
-1 1531130000.101611 0.0910081 0.202579 1.06986
-1 1531130000.141339 0.090789 0.200534 1.07
-1 1531130000.180120 0.0905478 0.199243 1.07006
-1 1531130000.208382 0.0903188 0.197336 1.07008
-1 1531130000.273957 0.0901589 0.195505 1.07002
-1 1531130000.296757 0.0900795 0.19358 1.06993
-1 1531130000.387350 0.0900086 0.192649 1.06989
-1 1531130000.415625 0.089565 0.188962 1.0698
-1 1531130000.447861 0.0893938 0.18712 1.06975
-1 1531130000.452535 0.0893292 0.186371 1.06971
-1 1531130000.506330 0.0892586 0.185326 1.06965
-1 1531130000.554062 0.0892664 0.183905 1.06956
-1 1531130000.585035 0.0893249 0.181888 1.06933
-1 1531130000.598200 0.0893966 0.180701 1.06917
-1 1531130000.640464 0.0894449 0.180048 1.06906
-1 1531130000.714653 0.0898139 0.178049 1.06875
-1 1531130000.763644 0.090211 0.175393 1.06835
-1 1531130000.778852 0.0905104 0.174183 1.06815
-1 1531130000.838210 0.090666 0.173726 1.06807
-1 1531130000.867353 0.091264 0.172267 1.06789
-1 1531130000.892570 0.0915268 0.17167 1.06787
-1 1531130000.911465 0.0916107 0.171456 1.06787
-1 1531130000.948264 0.0918061 0.170687 1.06787
-1 1531130000.980338 0.0919413 0.170346 1.06784
-1 1531130000.987340 0.0919786 0.170174 1.06783
-1 1531130001.013507 0.0919871 0.169983 1.06784
-1 1531130001.026855 0.0919997 0.169894 1.06784
-1 1531130001.047348 0.0920006 0.169735 1.06784
-1 1531130001.076322 0.0919991 0.169603 1.06785
-1 1531130001.088153 0.0920638 0.169479 1.06788
-1 1531130001.107490 0.0920578 0.169408 1.06788
-1 1531130001.120354 0.0920385 0.169383 1.06787
-1 1531130001.133518 0.0920024 0.169361 1.06786
-1 1531130001.192213 0.0918666 0.16932 1.06784
-1 1531130001.207079 0.0917869 0.169404 1.06782
-1 1531130001.222983 0.0917146 0.169534 1.0678
-1 1531130001.280772 0.0914643 0.16981 1.06777
-1 1531130001.367515 0.0912635 0.17009 1.06778
-1 1531130001.400832 0.0910123 0.170779 1.06781
-1 1531130001.431683 0.0908397 0.171094 1.06779
-1 1531130001.445687 0.0907399 0.171299 1.06777
-1 1531130001.493745 0.0906651 0.171492 1.06777
-1 1531130001.505923 0.0905902 0.171699 1.06773
-1 1531130001.528045 0.0905779 0.171746 1.06772
-1 1531130001.580869 0.0904821 0.17189 1.06772
-1 1531130001.594713 0.0904487 0.17211 1.06774
-1 1531130001.621907 0.0904091 0.172191 1.06775
-1 1531130001.644003 0.0903766 0.172263 1.06774
-1 1531130001.700908 0.0902951 0.172465 1.06772
-1 1531130001.732276 0.0901455 0.17266 1.06771
-1 1531130001.747645 0.0900156 0.172766 1.0677
-1 1531130001.759696 0.0899722 0.17281 1.06769
-1 1531130001.791529 0.0898618 0.172923 1.06768
-1 1531130001.861801 0.0893994 0.173171 1.0677
-1 1531130001.901776 0.0893448 0.173203 1.0677
-1 1531130001.916969 0.0890673 0.173356 1.06775
-1 1531130001.956805 0.0888995 0.173402 1.06776
-1 1531130001.991051 0.088644 0.173564 1.06778
-1 1531130002.017152 0.0884939 0.173643 1.06778
-1 1531130002.041768 0.0883704 0.173722 1.06778
-1 1531130002.058813 0.0882741 0.17381 1.06778
-1 1531130002.067908 0.0882144 0.173899 1.06778
-1 1531130002.086043 0.0881516 0.17398 1.06779
-1 1531130002.111099 0.0880217 0.174144 1.0678
-1 1531130002.147505 0.0878202 0.174291 1.06782
-1 1531130002.176677 0.0876926 0.174424 1.06783
-1 1531130002.209139 0.0875368 0.174591 1.06784
-1 1531130002.221947 0.0874393 0.174637 1.06785
-1 1531130002.234386 0.087342 0.174683 1.06785
-1 1531130002.315677 0.0872438 0.174739 1.06784
-1 1531130002.341745 0.0867611 0.175189 1.06781
-1 1531130002.368096 0.0865771 0.175245 1.0678
-1 1531130002.426072 0.0863902 0.175365 1.06781
-1 1531130002.474380 0.0859536 0.175523 1.06785
-1 1531130002.490756 0.0858034 0.17569 1.06787
-1 1531130002.541311 0.0858227 0.175885 1.06789
-1 1531130002.580350 0.0858395 0.175993 1.0679
-1 1531130002.609826 0.0858511 0.176037 1.0679
-1 1531130002.728457 0.0860907 0.1762 1.06791
-1 1531130002.742527 0.0865498 0.176328 1.06791
-1 1531130002.763782 0.0867062 0.176363 1.06789
-1 1531130002.791382 0.0869101 0.176385 1.06786
-1 1531130002.836124 0.0873325 0.176372 1.06777
-1 1531130002.907890 0.0878784 0.176381 1.06764
-1 1531130002.921679 0.0882744 0.176393 1.06757
-1 1531130002.956806 0.0885371 0.176413 1.06751
-1 1531130002.994687 0.0887282 0.176429 1.06748
