-1 1536065147.339698 -2.19612 -0.0766681 1.11453
-1 1536065147.343466 -2.19539 -0.0785875 1.11454
-1 1536065147.349797 -2.19537 -0.0786528 1.11454
-1 1536065147.358644 -2.19536 -0.0787189 1.11454
-1 1536065147.380722 -2.19532 -0.0789082 1.11454
-1 1536065147.395557 -2.1953 -0.0790919 1.11454
-1 1536065147.406859 -2.19528 -0.0792202 1.11454
-1 1536065147.420167 -2.19524 -0.0794838 1.11454
-1 1536065147.429843 -2.19518 -0.0797204 1.11455
-1 1536065147.444851 -2.19514 -0.0798902 1.11455
-1 1536065147.449174 -2.1951 -0.0799948 1.11455
-1 1536065147.453297 -2.19507 -0.0800453 1.11455
-1 1536065147.456223 -2.19505 -0.0800955 1.11455
-1 1536065147.468842 -2.195 -0.0801976 1.11455
-1 1536065147.474583 -2.1949 -0.0803593 1.11455
-1 1536065147.543949 -2.19438 -0.0812163 1.11458
-1 1536065147.561881 -2.19433 -0.0812946 1.11458
-1 1536065147.581908 -2.19423 -0.0814476 1.11459
-1 1536065147.596096 -2.19415 -0.0816047 1.1146
-1 1536065147.608315 -2.19413 -0.0816494 1.1146
-1 1536065147.617144 -2.19407 -0.0817882 1.11461
-1 1536065147.624455 -2.19402 -0.0818752 1.11461
-1 1536065147.646549 -2.19393 -0.0820446 1.11461
-1 1536065147.658753 -2.19385 -0.0822231 1.11462
-1 1536065147.665548 -2.19382 -0.0822849 1.11462
-1 1536065147.678306 -2.19379 -0.0823684 1.11462
-1 1536065147.691255 -2.19376 -0.0824347 1.11462
-1 1536065147.740776 -2.19369 -0.0827613 1.11464
-1 1536065147.746960 -2.19368 -0.0828259 1.11464
-1 1536065147.754619 -2.19366 -0.0828986 1.11464
-1 1536065147.762043 -2.19363 -0.0829796 1.11464
-1 1536065147.767567 -2.19362 -0.0830215 1.11464
-1 1536065147.778535 -2.19359 -0.0831015 1.11464
-1 1536065147.785465 -2.19355 -0.0832168 1.11464
-1 1536065147.790116 -2.19354 -0.0832516 1.11464
-1 1536065147.800496 -2.19352 -0.0833479 1.11463
-1 1536065147.824615 -2.19351 -0.0834147 1.11463
-1 1536065147.843036 -2.19349 -0.0836557 1.11461
-1 1536065147.882631 -2.19341 -0.0839685 1.1146
-1 1536065147.892724 -2.1934 -0.0840072 1.1146
-1 1536065147.904713 -2.1934 -0.0840471 1.1146
-1 1536065147.918663 -2.19339 -0.084088 1.1146
-1 1536065147.925966 -2.19338 -0.0841333 1.11459
-1 1536065147.946576 -2.19338 -0.0842028 1.11459
-1 1536065147.963272 -2.19342 -0.0843301 1.11458
-1 1536065148.015594 -2.19348 -0.0843995 1.11457
-1 1536065148.033875 -2.19361 -0.0845158 1.11455
-1 1536065148.044805 -2.19365 -0.0845581 1.11454
-1 1536065148.100984 -2.19372 -0.0847746 1.11453
-1 1536065148.109124 -2.19373 -0.0847841 1.11453
-1 1536065148.124817 -2.19374 -0.0847977 1.11453
-1 1536065148.132685 -2.19378 -0.0848152 1.11453
-1 1536065148.144807 -2.19379 -0.0848221 1.11453
-1 1536065148.186058 -2.19383 -0.0849203 1.11452
-1 1536065148.195204 -2.19384 -0.0849387 1.11452
-1 1536065148.204358 -2.19384 -0.0849817 1.11453
-1 1536065148.217229 -2.19384 -0.0850055 1.11453
-1 1536065148.234727 -2.19384 -0.0850514 1.11453
-1 1536065148.265379 -2.1938 -0.0852343 1.11455
-1 1536065148.284471 -2.19378 -0.0853585 1.11456
-1 1536065148.290358 -2.19377 -0.0854024 1.11457
-1 1536065148.311095 -2.19377 -0.0854564 1.11458
-1 1536065148.355121 -2.19375 -0.0856137 1.11462
-1 1536065148.409856 -2.19378 -0.0857234 1.11467
-1 1536065148.501689 -2.19373 -0.0859682 1.11472
-1 1536065148.533714 -2.19375 -0.0860138 1.11472
-1 1536065148.565240 -2.19379 -0.0861168 1.11474
-1 1536065148.636603 -2.19378 -0.0861479 1.11475
-1 1536065148.769812 -2.19371 -0.0862063 1.11474
-1 1536065148.847654 -2.19375 -0.0863857 1.11474
-1 1536065148.894105 -2.19367 -0.0865052 1.11478
-1 1536065148.918265 -2.19359 -0.0865765 1.11478
-1 1536065148.944415 -2.19353 -0.0866202 1.11476
-1 1536065148.951857 -2.19351 -0.0866351 1.11475
-1 1536065148.982563 -2.19349 -0.0866537 1.11474
-1 1536065149.024033 -2.19341 -0.0867139 1.11472
-1 1536065149.116134 -2.19329 -0.0866556 1.11473
-1 1536065149.152517 -2.19307 -0.086872 1.11475
-1 1536065149.175759 -2.19301 -0.0869607 1.11476
-1 1536065149.208714 -2.19297 -0.0870514 1.11476
-1 1536065149.243733 -2.19297 -0.0871887 1.11479
-1 1536065149.321222 -2.19292 -0.0874558 1.1148
-1 1536065149.347259 -2.1929 -0.0875417 1.11482
-1 1536065149.375010 -2.19286 -0.0876602 1.11484
-1 1536065149.430456 -2.19286 -0.0877529 1.11485
-1 1536065149.446478 -2.19289 -0.0877871 1.11485
-1 1536065149.489179 -2.19291 -0.0878156 1.11485
-1 1536065149.610214 -2.19323 -0.0879926 1.11482
-1 1536065149.652718 -2.19355 -0.0880188 1.11485
-1 1536065149.704912 -2.1938 -0.0880737 1.11486
-1 1536065149.731701 -2.19439 -0.0881871 1.11485
-1 1536065149.738299 -2.19451 -0.0881709 1.11485
-1 1536065149.755581 -2.19484 -0.088086 1.11486
-1 1536065149.783562 -2.19547 -0.088047 1.11489
-1 1536065149.789165 -2.19562 -0.0880432 1.11491
-1 1536065149.801732 -2.19573 -0.088024 1.11492
-1 1536065149.822737 -2.19601 -0.0878835 1.11498
-1 1536065149.848258 -2.19611 -0.0879646 1.11504
-1 1536065149.855567 -2.19616 -0.0881158 1.11508
-1 1536065149.868782 -2.19615 -0.0883263 1.11512
-1 1536065149.891962 -2.19602 -0.0886787 1.11517
-1 1536065149.901684 -2.19562 -0.0891571 1.1152
-1 1536065149.906218 -2.1954 -0.0894827 1.11521
-1 1536065149.913566 -2.19532 -0.0896187 1.1152
-1 1536065149.923029 -2.19503 -0.0903562 1.1152
-1 1536065149.930708 -2.1949 -0.0908335 1.1152
-1 1536065149.937554 -2.19481 -0.0913293 1.1152
-1 1536065149.954600 -2.19467 -0.0923171 1.11517
-1 1536065149.969011 -2.19464 -0.0932596 1.11512
-1 1536065149.975868 -2.19466 -0.0937076 1.11508
-1 1536065149.984691 -2.19469 -0.0941256 1.11502
-1 1536065149.996757 -2.19476 -0.0946737 1.11491
-1 1536065150.001235 -2.19478 -0.0948359 1.11487
-1 1536065150.018618 -2.19482 -0.095311 1.11472
-1 1536065150.025591 -2.19482 -0.0958441 1.11456
-1 1536065150.032198 -2.19481 -0.0960502 1.11451
-1 1536065150.038730 -2.19476 -0.0965147 1.11439
-1 1536065150.042075 -2.19473 -0.0967665 1.11434
-1 1536065150.047861 -2.19469 -0.0970292 1.11428
-1 1536065150.059213 -2.19456 -0.097842 1.11412
-1 1536065150.068769 -2.19445 -0.0984014 1.11401
-1 1536065150.101132 -2.19431 -0.0989668 1.11391
-1 1536065150.205605 -2.19306 -0.102661 1.11336
-1 1536065150.303179 -2.19163 -0.106183 1.11271
-1 1536065150.341485 -2.18878 -0.113326 1.11149
-1 1536065150.354042 -2.1875 -0.114858 1.11161
-1 1536065150.373553 -2.18657 -0.115738 1.11174
-1 1536065150.386144 -2.18504 -0.116863 1.11194
-1 1536065150.394340 -2.18367 -0.117706 1.1121
-1 1536065150.415465 -2.18229 -0.118496 1.11225
-1 1536065150.430784 -2.1801 -0.119544 1.11241
-1 1536065150.444513 -2.17858 -0.119975 1.11241
-1 1536065150.454786 -2.17778 -0.120355 1.11238
-1 1536065150.460765 -2.17737 -0.120555 1.11236
-1 1536065150.475297 -2.17574 -0.121271 1.11224
-1 1536065150.485805 -2.17485 -0.121498 1.11217
-1 1536065150.521314 -2.16988 -0.121533 1.11216
-1 1536065150.533690 -2.16668 -0.122191 1.11228
-1 1536065150.553897 -2.16318 -0.123065 1.1125
-1 1536065150.562574 -2.16175 -0.123435 1.11259
-1 1536065150.571103 -2.16103 -0.123626 1.11263
-1 1536065150.597925 -2.15674 -0.124805 1.1129
-1 1536065150.606626 -2.15456 -0.125361 1.11305
-1 1536065150.611141 -2.1531 -0.125674 1.11315
-1 1536065150.619707 -2.15093 -0.12603 1.11331
-1 1536065150.634488 -2.14803 -0.126257 1.11349
-1 1536065150.646993 -2.14585 -0.126355 1.11361
-1 1536065150.662746 -2.14296 -0.126519 1.11373
-1 1536065150.701320 -2.13767 -0.126924 1.11377
-1 1536065150.708873 -2.13594 -0.126973 1.11372
-1 1536065150.738828 -2.13484 -0.126949 1.11367
-1 1536065150.763742 -2.12982 -0.126472 1.11353
-1 1536065150.814107 -2.12664 -0.126217 1.1135
-1 1536065150.819631 -2.11927 -0.125942 1.11351
-1 1536065150.829715 -2.11774 -0.125841 1.11353
-1 1536065150.843023 -2.11619 -0.125728 1.11356
-1 1536065150.870679 -2.11225 -0.125486 1.11368
-1 1536065150.883809 -2.10895 -0.125428 1.1138
-1 1536065150.893071 -2.1072 -0.125383 1.11389
-1 1536065150.899262 -2.10629 -0.125347 1.11393
-1 1536065150.904348 -2.10536 -0.125302 1.11398
-1 1536065150.928392 -2.10343 -0.125189 1.11409
-1 1536065150.949845 -2.08902 -0.124488 1.11498
-1 1536065150.962881 -2.08304 -0.124022 1.11499
-1 1536065150.979186 -2.07552 -0.122854 1.11459
-1 1536065150.996531 -2.07348 -0.122455 1.11441
-1 1536065151.009524 -2.06943 -0.121537 1.11401
-1 1536065151.021139 -2.06536 -0.120514 1.11355
-1 1536065151.029817 -2.0633 -0.120005 1.11331
-1 1536065151.041769 -2.06014 -0.11921 1.11292
-1 1536065151.044677 -2.05908 -0.118943 1.11278
-1 1536065151.054512 -2.05801 -0.118678 1.11264
-1 1536065151.057122 -2.05586 -0.11816 1.11234
-1 1536065151.064115 -2.05478 -0.117911 1.11217
-1 1536065151.069713 -2.05259 -0.117421 1.11184
-1 1536065151.086119 -2.05038 -0.116934 1.11149
-1 1536065151.133306 -2.04594 -0.115939 1.11074
-1 1536065151.172531 -2.03483 -0.11291 1.10884
-1 1536065151.182911 -2.02808 -0.11104 1.10796
-1 1536065151.196918 -2.02573 -0.110522 1.10772
-1 1536065151.211049 -2.02332 -0.110048 1.1075
-1 1536065151.290016 -2.00362 -0.103846 1.10781
-1 1536065151.317825 -1.99273 -0.0995622 1.10873
-1 1536065151.382112 -1.9715 -0.0914858 1.11083
-1 1536065151.400322 -1.96046 -0.0870945 1.11182
-1 1536065151.439856 -1.94897 -0.0825145 1.11258
-1 1536065151.905000 -1.78416 -0.0137216 1.11693
-1 1536065151.992766 -1.76937 -0.00864112 1.11839
-1 1536065152.049180 -1.74005 -0.00130587 1.11959
-1 1536065152.070852 -1.72535 0.00227748 1.11944
-1 1536065152.078079 -1.72294 0.00277036 1.11941
-1 1536065152.104982 -1.71681 0.00368036 1.11934
-1 1536065152.130966 -1.70787 0.00473942 1.1193
-1 1536065152.157766 -1.69479 0.00632237 1.11925
-1 1536065152.190361 -1.68984 0.00691719 1.11912
-1 1536065152.202407 -1.68263 0.00769222 1.1187
-1 1536065152.208919 -1.68029 0.00794515 1.11852
-1 1536065152.216292 -1.67914 0.0080667 1.11842
-1 1536065152.230257 -1.67684 0.00829989 1.11822
-1 1536065152.256228 -1.67457 0.0085189 1.11801
-1 1536065152.298634 -1.66459 0.00958263 1.11687
-1 1536065152.324435 -1.64897 0.0114027 1.11461
-1 1536065152.337213 -1.6454 0.0119539 1.1141
-1 1536065152.364256 -1.6442 0.012148 1.11393
-1 1536065152.374446 -1.6368 0.0133991 1.11285
-1 1536065152.398740 -1.63555 0.0136129 1.11267
-1 1536065152.414507 -1.62431 0.0155194 1.11091
-1 1536065152.425658 -1.62182 0.0159639 1.11048
-1 1536065152.434617 -1.61686 0.0168325 1.1096
-1 1536065152.460708 -1.61319 0.0174683 1.10892
-1 1536065152.471440 -1.6033 0.0191049 1.10716
-1 1536065152.485403 -1.59945 0.0195902 1.10657
-1 1536065152.526864 -1.59416 0.0201226 1.10581
-1 1536065152.564480 -1.56513 0.0222744 1.10347
-1 1536065152.571083 -1.5636 0.0224227 1.10359
-1 1536065152.579192 -1.56208 0.0225014 1.10374
-1 1536065152.607114 -1.5606 0.022577 1.10388
-1 1536065152.646435 -1.54817 0.0232847 1.10483
-1 1536065152.661418 -1.54393 0.0236118 1.10495
-1 1536065152.668554 -1.54099 0.0238061 1.10518
-1 1536065152.673304 -1.53948 0.0238851 1.10529
-1 1536065152.680247 -1.53794 0.0239513 1.10539
-1 1536065152.692193 -1.53155 0.0241626 1.10577
-1 1536065152.724325 -1.51533 0.023805 1.10656
-1 1536065152.739402 -1.50583 0.0233647 1.1071
-1 1536065152.770862 -1.49318 0.0231075 1.10795
-1 1536065152.797072 -1.48284 0.0235686 1.10841
-1 1536065152.820735 -1.4742 0.0242673 1.10866
-1 1536065152.834730 -1.47057 0.0245446 1.10878
-1 1536065152.843670 -1.46509 0.0247675 1.1091
-1 1536065152.858926 -1.45433 0.0248302 1.10967
-1 1536065152.867538 -1.44901 0.0247969 1.10999
-1 1536065152.895237 -1.42902 0.0240022 1.1113
-1 1536065152.903148 -1.4212 0.0234589 1.11188
-1 1536065152.912812 -1.41718 0.0231613 1.11217
-1 1536065152.963506 -1.39463 0.0217434 1.11319
-1 1536065152.986429 -1.38655 0.0213333 1.11344
-1 1536065152.998033 -1.38455 0.0212309 1.1135
-1 1536065153.004681 -1.38058 0.0210201 1.11361
-1 1536065153.017923 -1.37663 0.0207948 1.11372
-1 1536065153.047435 -1.3667 0.0202139 1.11397
-1 1536065153.061695 -1.3628 0.0200129 1.11409
-1 1536065153.096374 -1.35219 0.019918 1.11482
-1 1536065153.115121 -1.34382 0.0205452 1.11584
-1 1536065153.129827 -1.33883 0.0209666 1.11643
-1 1536065153.146440 -1.3324 0.0215974 1.11706
-1 1536065153.158366 -1.32478 0.0224177 1.11759
-1 1536065153.165108 -1.31609 0.0231768 1.11795
-1 1536065153.174146 -1.31173 0.0234326 1.11804
-1 1536065153.182254 -1.30718 0.0234653 1.11812
-1 1536065153.190353 -1.30234 0.0232489 1.11817
-1 1536065153.197052 -1.29733 0.0229062 1.11821
-1 1536065153.206435 -1.29399 0.0226396 1.11824
-1 1536065153.214005 -1.29069 0.022375 1.11828
-1 1536065153.249821 -1.27429 0.0204437 1.11833
-1 1536065153.261969 -1.27096 0.0199566 1.11832
-1 1536065153.286568 -1.26162 0.0189055 1.1183
-1 1536065153.294136 -1.25883 0.018793 1.11833
-1 1536065153.302122 -1.25618 0.0188368 1.11835
-1 1536065153.310870 -1.25367 0.0190199 1.11837
-1 1536065153.318825 -1.25126 0.0192912 1.11841
-1 1536065153.325032 -1.24888 0.0195932 1.11846
-1 1536065153.335070 -1.24652 0.0199439 1.1185
-1 1536065153.341705 -1.24416 0.0203378 1.11854
-1 1536065153.354219 -1.24076 0.0210104 1.11858
-1 1536065153.387056 -1.23217 0.023195 1.11849
-1 1536065153.394879 -1.22996 0.0236963 1.11845
-1 1536065153.424994 -1.22269 0.0246881 1.11829
-1 1536065153.427548 -1.22008 0.0248901 1.11825
-1 1536065153.444038 -1.21465 0.0252385 1.11822
-1 1536065153.495294 -1.19642 0.0264057 1.1184
-1 1536065153.506074 -1.19358 0.0266113 1.11842
-1 1536065153.512523 -1.19215 0.0267217 1.11844
-1 1536065153.521932 -1.18932 0.0269405 1.11846
-1 1536065153.529804 -1.18792 0.0270579 1.11847
-1 1536065153.540016 -1.1851 0.027322 1.11849
-1 1536065153.551398 -1.18228 0.0276354 1.11851
-1 1536065153.568971 -1.17805 0.0281924 1.11854
-1 1536065153.577312 -1.1752 0.0285938 1.11858
-1 1536065153.586419 -1.17239 0.0290143 1.11861
-1 1536065153.599350 -1.16956 0.0294167 1.11863
-1 1536065153.607975 -1.1667 0.0297674 1.11862
-1 1536065153.619786 -1.16384 0.0300581 1.11859
-1 1536065153.632631 -1.16098 0.0303248 1.11855
-1 1536065153.673374 -1.15378 0.0311584 1.11842
-1 1536065153.728154 -1.13927 0.0336532 1.11818
-1 1536065153.740136 -1.12894 0.0358036 1.1179
-1 1536065153.799487 -1.11894 0.0380652 1.11736
-1 1536065153.833871 -1.10222 0.0416718 1.11591
-1 1536065153.938659 -1.06908 0.0528984 1.11052
-1 1536065153.952186 -1.06565 0.0541871 1.11012
-1 1536065153.981181 -1.06 0.0559336 1.10969
-1 1536065154.139569 -1.02718 0.0668792 1.11153
-1 1536065154.217046 -0.973319 0.089193 1.1173
-1 1536065154.243610 -0.959782 0.0945304 1.11774
-1 1536065154.275833 -0.945576 0.0998639 1.1179
-1 1536065154.301642 -0.925084 0.107137 1.11771
-1 1536065154.315441 -0.918768 0.109311 1.11756
-1 1536065154.320307 -0.914514 0.11071 1.11743
-1 1536065154.331841 -0.910242 0.112042 1.11728
-1 1536065154.342699 -0.899515 0.115097 1.11674
-1 1536065154.352227 -0.895206 0.116215 1.11643
-1 1536065154.365094 -0.884526 0.119104 1.11562
-1 1536065154.399143 -0.867973 0.133268 1.1151
-1 1536065154.405515 -0.856382 0.143384 1.11579
-1 1536065154.418676 -0.853332 0.144948 1.11594
-1 1536065154.425914 -0.847032 0.147152 1.11617
-1 1536065154.431596 -0.845438 0.147542 1.11621
-1 1536065154.436821 -0.842245 0.148179 1.11628
-1 1536065154.451656 -0.835716 0.149102 1.11636
-1 1536065154.461230 -0.834073 0.149289 1.11637
-1 1536065154.473152 -0.827626 0.149924 1.11641
-1 1536065154.517290 -0.818646 0.15056 1.11642
-1 1536065154.528165 -0.805848 0.152059 1.11653
-1 1536065154.533800 -0.804434 0.152344 1.11656
-1 1536065154.547377 -0.801577 0.152978 1.11664
-1 1536065154.552040 -0.798655 0.15366 1.11677
-1 1536065154.556788 -0.797163 0.15403 1.11684
-1 1536065154.564399 -0.795657 0.15442 1.11693
-1 1536065154.578323 -0.791122 0.155721 1.11721
-1 1536065154.594771 -0.784951 0.157569 1.11765
-1 1536065154.603574 -0.783381 0.158044 1.11778
-1 1536065154.613847 -0.780232 0.159019 1.11803
-1 1536065154.620454 -0.777073 0.160046 1.11829
-1 1536065154.638313 -0.770605 0.162115 1.11878
-1 1536065154.651675 -0.768985 0.162642 1.1189
-1 1536065154.656873 -0.764232 0.164178 1.11923
-1 1536065154.661569 -0.762671 0.16466 1.11934
-1 1536065154.668118 -0.761127 0.165133 1.11944
-1 1536065154.677266 -0.758062 0.166056 1.11962
-1 1536065154.694484 -0.755055 0.166929 1.1198
-1 1536065154.707529 -0.750636 0.168121 1.12005
-1 1536065154.713027 -0.746359 0.169202 1.12029
-1 1536065154.726128 -0.743579 0.169844 1.12045
-1 1536065154.738862 -0.739481 0.170701 1.12073
-1 1536065154.742113 -0.738143 0.171 1.12084
-1 1536065154.749539 -0.736817 0.171302 1.12094
-1 1536065154.760438 -0.732814 0.172166 1.12127
-1 1536065154.766174 -0.731477 0.172448 1.12138
-1 1536065154.773715 -0.728834 0.173013 1.12159
-1 1536065154.780437 -0.727516 0.173299 1.1217
-1 1536065154.786702 -0.724874 0.173875 1.1219
-1 1536065154.798153 -0.720864 0.174758 1.12222
-1 1536065154.812866 -0.718194 0.175362 1.12242
-1 1536065154.823735 -0.712815 0.176474 1.12285
-1 1536065154.837144 -0.707524 0.177446 1.12334
-1 1536065154.844674 -0.703617 0.178103 1.12373
-1 1536065154.853611 -0.701095 0.178529 1.12403
-1 1536065154.861728 -0.698562 0.178915 1.12433
-1 1536065154.865137 -0.696074 0.179323 1.12464
-1 1536065154.870441 -0.694846 0.179537 1.1248
-1 1536065154.877920 -0.692397 0.179963 1.1251
-1 1536065154.887625 -0.688747 0.18064 1.12554
-1 1536065154.891342 -0.687536 0.18088 1.12569
-1 1536065154.902805 -0.683891 0.181552 1.12614
-1 1536065154.915967 -0.681465 0.181979 1.12644
-1 1536065154.944552 -0.670814 0.183578 1.12776
-1 1536065154.948712 -0.669672 0.183719 1.12789
-1 1536065154.952977 -0.668533 0.183855 1.12803
-1 1536065154.965561 -0.666264 0.184095 1.1283
-1 1536065154.971715 -0.664022 0.1843 1.12856
-1 1536065154.976188 -0.662913 0.184388 1.12868
-1 1536065154.990113 -0.659656 0.184608 1.12902
-1 1536065155.002533 -0.658593 0.184673 1.12913
-1 1536065155.012517 -0.654361 0.184922 1.12953
-1 1536065155.022699 -0.653288 0.185002 1.12962
-1 1536065155.030752 -0.650012 0.185267 1.12984
-1 1536065155.038490 -0.648911 0.185373 1.12991
-1 1536065155.049345 -0.645601 0.185692 1.13008
-1 1536065155.054898 -0.643383 0.18588 1.13014
-1 1536065155.067312 -0.641151 0.186051 1.13019
-1 1536065155.075848 -0.637793 0.186293 1.1302
-1 1536065155.081878 -0.635538 0.186464 1.13018
-1 1536065155.093607 -0.632131 0.186743 1.13009
-1 1536065155.100605 -0.629836 0.186939 1.12998
-1 1536065155.110218 -0.627534 0.187138 1.12983
-1 1536065155.127397 -0.62408 0.187439 1.12955
-1 1536065155.131206 -0.620595 0.187803 1.12922
-1 1536065155.142334 -0.617079 0.188257 1.12884
-1 1536065155.153343 -0.613478 0.188797 1.12841
-1 1536065155.156825 -0.612254 0.188993 1.12825
-1 1536065155.161077 -0.611024 0.189192 1.12809
-1 1536065155.167133 -0.609791 0.189391 1.12793
-1 1536065155.175791 -0.606093 0.189946 1.12744
-1 1536065155.182366 -0.603636 0.190244 1.12711
-1 1536065155.198304 -0.599999 0.190588 1.12659
-1 1536065155.204553 -0.59644 0.190858 1.12606
-1 1536065155.217063 -0.592979 0.191073 1.12548
-1 1536065155.220290 -0.591845 0.191132 1.12528
-1 1536065155.230486 -0.589601 0.191242 1.12487
-1 1536065155.235531 -0.587386 0.191362 1.12444
-1 1536065155.247314 -0.584093 0.191614 1.12379
-1 1536065155.258358 -0.580822 0.191972 1.12313
-1 1536065155.263903 -0.578642 0.192262 1.12268
-1 1536065155.271125 -0.576447 0.192582 1.1222
-1 1536065155.279233 -0.575339 0.192753 1.12196
-1 1536065155.287466 -0.571976 0.193289 1.12121
-1 1536065155.295459 -0.569701 0.193646 1.12069
-1 1536065155.304774 -0.567401 0.193983 1.12015
-1 1536065155.315190 -0.563906 0.194444 1.11933
-1 1536065155.321842 -0.561539 0.194744 1.11876
-1 1536065155.325837 -0.559133 0.195057 1.11817
-1 1536065155.335075 -0.557914 0.195222 1.11788
-1 1536065155.345453 -0.554211 0.195739 1.11696
-1 1536065155.358001 -0.550472 0.19632 1.11602
-1 1536065155.366869 -0.545393 0.197165 1.11472
-1 1536065155.371732 -0.5441 0.197387 1.11439
-1 1536065155.409219 -0.532164 0.199405 1.11129
-1 1536065155.424385 -0.529362 0.199878 1.11063
-1 1536065155.432881 -0.525062 0.200679 1.10977
-1 1536065155.444457 -0.522118 0.201294 1.10928
-1 1536065155.467988 -0.516405 0.202686 1.10839
-1 1536065155.517205 -0.502701 0.205778 1.10703
-1 1536065155.524606 -0.50099 0.20601 1.10702
-1 1536065155.543544 -0.496511 0.206845 1.10788
-1 1536065155.551191 -0.493703 0.207508 1.10846
-1 1536065155.567835 -0.490882 0.208266 1.10848
-1 1536065155.575920 -0.486462 0.209524 1.1091
-1 1536065155.584310 -0.48492 0.209938 1.10915
-1 1536065155.594568 -0.480222 0.21105 1.10965
-1 1536065155.603756 -0.477015 0.2117 1.10992
-1 1536065155.620608 -0.472044 0.212437 1.11024
-1 1536065155.629463 -0.468546 0.21276 1.11039
-1 1536065155.635631 -0.46486 0.213029 1.11053
-1 1536065155.650301 -0.460924 0.213278 1.11068
-1 1536065155.653208 -0.456731 0.213512 1.11071
-1 1536065155.664882 -0.452226 0.21359 1.11075
-1 1536065155.671708 -0.447443 0.213336 1.11076
-1 1536065155.680760 -0.442448 0.212794 1.11074
-1 1536065155.688279 -0.439921 0.212497 1.11072
-1 1536065155.700373 -0.43491 0.211984 1.1107
-1 1536065155.714971 -0.427614 0.211591 1.11071
-1 1536065155.721685 -0.420997 0.211796 1.11116
-1 1536065155.726435 -0.418366 0.211503 1.11149
-1 1536065155.737628 -0.416661 0.211895 1.11176
-1 1536065155.744230 -0.41087 0.212535 1.11243
-1 1536065155.753797 -0.409046 0.212789 1.11262
-1 1536065155.757859 -0.40542 0.213267 1.11299
-1 1536065155.768245 -0.403581 0.213474 1.11316
-1 1536065155.776278 -0.397896 0.213818 1.11366
-1 1536065155.794175 -0.391791 0.213702 1.11417
-1 1536065155.812584 -0.380723 0.213031 1.11502
-1 1536065155.830921 -0.371701 0.212843 1.11563
-1 1536065155.861705 -0.352781 0.214506 1.11622
-1 1536065155.867519 -0.350761 0.21481 1.11621
-1 1536065155.873330 -0.348743 0.215114 1.11619
-1 1536065155.880062 -0.344702 0.2157 1.11614
-1 1536065155.885535 -0.340676 0.216217 1.11608
-1 1536065155.906028 -0.334795 0.217015 1.1161
-1 1536065155.911221 -0.327443 0.21834 1.11652
-1 1536065155.924311 -0.322043 0.219351 1.11707
-1 1536065155.934122 -0.314862 0.220582 1.11787
-1 1536065155.945905 -0.309476 0.221473 1.1184
-1 1536065155.961758 -0.304117 0.222384 1.11884
-1 1536065155.971300 -0.298773 0.223287 1.11921
-1 1536065155.978227 -0.295206 0.223886 1.11943
-1 1536065155.988601 -0.291663 0.224493 1.11961
-1 1536065155.995198 -0.286423 0.225386 1.11986
-1 1536065156.002142 -0.282959 0.225921 1.12001
-1 1536065156.014441 -0.279551 0.226392 1.12017
-1 1536065156.054565 -0.259614 0.227844 1.12086
-1 1536065156.066261 -0.256403 0.228042 1.12097
-1 1536065156.071479 -0.253255 0.228246 1.12109
-1 1536065156.089587 -0.2486 0.22856 1.12133
-1 1536065156.100325 -0.245555 0.228806 1.12153
