-1 1536065204.533275 -2.36288 0.0742455 1.11421
-1 1536065204.553359 -2.36086 0.0735879 1.11418
-1 1536065204.563015 -2.36051 0.0734351 1.11418
-1 1536065204.570588 -2.36032 0.0733563 1.11419
-1 1536065204.578737 -2.36023 0.0733181 1.11419
-1 1536065204.587161 -2.35993 0.0732007 1.11421
-1 1536065204.595359 -2.35972 0.0731211 1.11422
-1 1536065204.609110 -2.35941 0.0730044 1.11423
-1 1536065204.620635 -2.35898 0.0728569 1.11425
-1 1536065204.623556 -2.35888 0.0728213 1.11426
-1 1536065204.640224 -2.35878 0.0727867 1.11426
-1 1536065204.659692 -2.35809 0.0725287 1.1143
-1 1536065204.667642 -2.3578 0.0724129 1.11432
-1 1536065204.682384 -2.35751 0.0723033 1.11433
-1 1536065204.685643 -2.35731 0.0722272 1.11433
-1 1536065204.689453 -2.35722 0.0721866 1.11434
-1 1536065204.692987 -2.35712 0.0721446 1.11434
-1 1536065204.700898 -2.35702 0.0721039 1.11434
-1 1536065204.712517 -2.35661 0.071949 1.11436
-1 1536065204.723850 -2.3563 0.0718378 1.11437
-1 1536065204.730955 -2.3562 0.0718012 1.11437
-1 1536065204.741246 -2.35589 0.0716976 1.11439
-1 1536065204.755279 -2.35547 0.0715658 1.11441
-1 1536065204.766587 -2.35516 0.0714596 1.11442
-1 1536065204.770627 -2.35505 0.0714235 1.11442
-1 1536065204.780924 -2.35485 0.0713576 1.11443
-1 1536065204.793833 -2.35446 0.0712271 1.11443
-1 1536065204.802985 -2.35427 0.0711587 1.11444
-1 1536065204.817559 -2.35407 0.0710828 1.11444
-1 1536065204.824866 -2.35368 0.070912 1.11445
-1 1536065204.834363 -2.35349 0.0708295 1.11445
-1 1536065204.843585 -2.35331 0.070748 1.11445
-1 1536065204.853551 -2.35303 0.0706295 1.11445
-1 1536065204.860872 -2.35285 0.070559 1.11445
-1 1536065204.870561 -2.35267 0.0704918 1.11445
-1 1536065204.879807 -2.3524 0.0703926 1.11445
-1 1536065204.886425 -2.35222 0.07032 1.11445
-1 1536065204.899175 -2.35195 0.0701967 1.11446
-1 1536065204.902720 -2.35186 0.0701536 1.11446
-1 1536065204.915199 -2.35168 0.0700648 1.11446
-1 1536065204.919472 -2.35152 0.0699725 1.11446
-1 1536065204.932703 -2.35136 0.0698804 1.11446
-1 1536065204.950901 -2.35115 0.0697524 1.11446
-1 1536065204.959914 -2.35086 0.0696029 1.11445
-1 1536065204.971294 -2.35066 0.0694939 1.11445
-1 1536065204.980471 -2.35047 0.0693863 1.11445
-1 1536065204.989540 -2.35034 0.0693106 1.11445
-1 1536065204.992313 -2.35028 0.0692709 1.11445
-1 1536065205.006182 -2.3501 0.069159 1.11446
-1 1536065205.015296 -2.34998 0.0690919 1.11446
-1 1536065205.031875 -2.34977 0.0689724 1.11445
-1 1536065205.041096 -2.34966 0.0689189 1.11445
-1 1536065205.070210 -2.34932 0.0687756 1.11443
-1 1536065205.100433 -2.34897 0.0686803 1.11442
-1 1536065205.106571 -2.34886 0.0686617 1.11442
-1 1536065205.111314 -2.3488 0.068653 1.11442
-1 1536065205.126549 -2.34863 0.0686179 1.11442
-1 1536065205.143260 -2.3484 0.0685664 1.11442
-1 1536065205.168264 -2.34808 0.0684923 1.1144
-1 1536065205.183946 -2.34798 0.0684732 1.1144
-1 1536065205.198536 -2.34783 0.068451 1.11438
-1 1536065205.211250 -2.34774 0.0684387 1.11437
-1 1536065205.231515 -2.3476 0.0684266 1.11436
-1 1536065205.245814 -2.3475 0.0684241 1.11435
-1 1536065205.272548 -2.34708 0.0684185 1.11433
-1 1536065205.289260 -2.34692 0.0684108 1.11431
-1 1536065205.297668 -2.34675 0.068386 1.1143
-1 1536065205.310980 -2.34659 0.0683395 1.11428
-1 1536065205.315718 -2.34649 0.0682907 1.11427
-1 1536065205.341199 -2.34639 0.0682184 1.11425
-1 1536065205.356507 -2.34607 0.0676609 1.11416
-1 1536065205.367986 -2.34594 0.0674442 1.11412
-1 1536065205.373569 -2.3457 0.0670079 1.11406
-1 1536065205.381778 -2.3455 0.0666291 1.11402
-1 1536065205.389238 -2.34538 0.0664312 1.11399
-1 1536065205.395457 -2.34508 0.0660397 1.11395
-1 1536065205.406585 -2.34471 0.0656539 1.11391
-1 1536065205.415297 -2.3441 0.065019 1.11386
-1 1536065205.420163 -2.34389 0.0647833 1.11384
-1 1536065205.423027 -2.34368 0.0645371 1.11383
-1 1536065205.433172 -2.34326 0.0640149 1.11381
-1 1536065205.440931 -2.34285 0.0634712 1.11378
-1 1536065205.455040 -2.34209 0.0622806 1.11369
-1 1536065205.463127 -2.34174 0.0616293 1.11362
-1 1536065205.474351 -2.34128 0.0605772 1.11347
-1 1536065205.481477 -2.34102 0.0598304 1.11334
-1 1536065205.489522 -2.3408 0.0590729 1.11318
-1 1536065205.514097 -2.34042 0.0575168 1.1128
-1 1536065205.522002 -2.34001 0.0554086 1.11224
-1 1536065205.526459 -2.33993 0.0549698 1.11212
-1 1536065205.535453 -2.33984 0.0545272 1.11201
-1 1536065205.550239 -2.33963 0.0536274 1.11178
-1 1536065205.559637 -2.33938 0.0527135 1.11156
-1 1536065205.575000 -2.33906 0.0517941 1.11135
-1 1536065205.586056 -2.33869 0.050874 1.11114
-1 1536065205.598904 -2.33827 0.0499621 1.11094
-1 1536065205.609342 -2.33779 0.0490675 1.11076
-1 1536065205.623820 -2.33753 0.0486302 1.11067
-1 1536065205.631723 -2.33669 0.0473638 1.11041
-1 1536065205.640939 -2.33606 0.0465511 1.11025
-1 1536065205.653044 -2.33503 0.0453745 1.11003
-1 1536065205.673171 -2.33429 0.0446132 1.1099
-1 1536065205.690538 -2.33195 0.0424373 1.10958
-1 1536065205.707860 -2.33125 0.0417558 1.10949
-1 1536065205.713207 -2.33059 0.0410979 1.1094
-1 1536065205.720010 -2.33028 0.0407799 1.10936
-1 1536065205.727814 -2.32997 0.0404777 1.1093
-1 1536065205.737577 -2.32965 0.0401797 1.10923
-1 1536065205.740268 -2.32902 0.0396119 1.10909
-1 1536065205.754171 -2.32841 0.0390558 1.10897
-1 1536065205.757708 -2.3278 0.0384798 1.1089
-1 1536065205.765003 -2.32749 0.0381798 1.10888
-1 1536065205.769291 -2.32675 0.0375067 1.10884
-1 1536065205.784127 -2.32594 0.0367974 1.10885
-1 1536065205.790320 -2.32459 0.0356557 1.109
-1 1536065205.823165 -2.32315 0.034456 1.10927
-1 1536065205.834440 -2.31949 0.0320082 1.11035
-1 1536065205.850792 -2.31788 0.0313671 1.11075
-1 1536065205.858313 -2.31674 0.0309756 1.111
-1 1536065205.864626 -2.31552 0.0305867 1.11126
-1 1536065205.878665 -2.3135 0.0299921 1.11163
-1 1536065205.889307 -2.31202 0.0295436 1.11187
-1 1536065205.895606 -2.30958 0.028778 1.11223
-1 1536065205.924751 -2.30386 0.0270804 1.11292
-1 1536065205.933168 -2.30281 0.0267947 1.11307
-1 1536065205.941253 -2.30065 0.0262268 1.11339
-1 1536065205.960876 -2.29612 0.0251504 1.11412
-1 1536065205.980204 -2.29259 0.0244161 1.11468
-1 1536065205.985765 -2.28656 0.0233296 1.11551
-1 1536065205.999642 -2.2817 0.0226733 1.11606
-1 1536065206.011396 -2.27572 0.0221695 1.11666
-1 1536065206.020426 -2.27336 0.0220561 1.11688
-1 1536065206.029346 -2.27101 0.0219804 1.11708
-1 1536065206.041584 -2.26748 0.0218977 1.11737
-1 1536065206.047761 -2.26515 0.0218548 1.11755
-1 1536065206.057017 -2.26283 0.0218413 1.11774
-1 1536065206.067544 -2.25817 0.0219164 1.11807
-1 1536065206.079043 -2.25582 0.0219991 1.11821
-1 1536065206.087897 -2.25226 0.0221733 1.11843
-1 1536065206.096343 -2.24986 0.0223283 1.11856
-1 1536065206.102140 -2.24745 0.0225066 1.11868
-1 1536065206.109185 -2.24499 0.0227041 1.11881
-1 1536065206.126612 -2.23862 0.0232178 1.11913
-1 1536065206.130182 -2.23732 0.0233156 1.1192
-1 1536065206.138152 -2.23601 0.0234125 1.11926
-1 1536065206.149549 -2.23206 0.0236877 1.11942
-1 1536065206.164531 -2.2294 0.0238636 1.11952
-1 1536065206.173212 -2.22535 0.0241426 1.11966
-1 1536065206.186536 -2.22258 0.0243716 1.11976
-1 1536065206.193029 -2.21976 0.0246545 1.11986
-1 1536065206.202364 -2.21689 0.024986 1.11994
-1 1536065206.211558 -2.21542 0.0251829 1.11998
-1 1536065206.220269 -2.21244 0.025628 1.12005
-1 1536065206.242146 -2.20474 0.0270374 1.12016
-1 1536065206.250495 -2.20157 0.0277025 1.1202
-1 1536065206.255635 -2.19997 0.0280584 1.12022
-1 1536065206.270048 -2.19678 0.028825 1.12027
-1 1536065206.278669 -2.19197 0.0301099 1.12032
-1 1536065206.304579 -2.18551 0.0320351 1.12038
-1 1536065206.312833 -2.18059 0.0335962 1.1204
-1 1536065206.330165 -2.17557 0.0352361 1.12036
-1 1536065206.340714 -2.17045 0.0369601 1.12026
-1 1536065206.355118 -2.16527 0.0387793 1.12006
-1 1536065206.371113 -2.16179 0.0400652 1.11991
-1 1536065206.379325 -2.15654 0.0421353 1.11965
-1 1536065206.385455 -2.15479 0.0428575 1.11956
-1 1536065206.394771 -2.15128 0.0443375 1.11938
-1 1536065206.408761 -2.14771 0.0458738 1.11917
-1 1536065206.415009 -2.14409 0.0474642 1.11894
-1 1536065206.422133 -2.14039 0.0490949 1.11871
-1 1536065206.433991 -2.13468 0.0515898 1.11837
-1 1536065206.442709 -2.12872 0.0540972 1.118
-1 1536065206.451081 -2.12464 0.055733 1.11776
-1 1536065206.458433 -2.12047 0.0573291 1.11752
-1 1536065206.464216 -2.11622 0.0588901 1.1173
-1 1536065206.474848 -2.1098 0.0614219 1.11728
-1 1536065206.482941 -2.10566 0.0630774 1.11726
-1 1536065206.487406 -2.10148 0.0648423 1.1173
-1 1536065206.500723 -2.09507 0.0674459 1.11754
-1 1536065206.513356 -2.08852 0.0698911 1.118
-1 1536065206.520678 -2.08202 0.0724756 1.1186
-1 1536065206.531037 -2.07767 0.0742806 1.11904
-1 1536065206.541617 -2.07329 0.0761775 1.11956
-1 1536065206.549050 -2.06661 0.0791166 1.12042
-1 1536065206.556539 -2.06211 0.0811429 1.121
-1 1536065206.564297 -2.05984 0.0821764 1.12128
-1 1536065206.573635 -2.05299 0.0853837 1.12209
-1 1536065206.590946 -2.04606 0.0887091 1.12283
-1 1536065206.600658 -2.03665 0.0932047 1.12366
-1 1536065206.609185 -2.03192 0.0954081 1.12401
-1 1536065206.624723 -2.02246 0.0995946 1.12455
-1 1536065206.636207 -2.01778 0.101506 1.12472
-1 1536065206.648525 -2.00855 0.105049 1.12486
-1 1536065206.654714 -2.00626 0.105883 1.12485
-1 1536065206.662106 -2.0017 0.107541 1.12481
-1 1536065206.668498 -1.9972 0.109229 1.12473
-1 1536065206.676852 -1.99504 0.110086 1.1247
-1 1536065206.683933 -1.991 0.111769 1.12469
-1 1536065206.696283 -1.98569 0.114042 1.12485
-1 1536065206.703710 -1.98244 0.115412 1.12507
-1 1536065206.712648 -1.97773 0.117366 1.12554
-1 1536065206.723415 -1.97462 0.118621 1.12589
-1 1536065206.728750 -1.97153 0.119868 1.12626
-1 1536065206.735026 -1.96998 0.120491 1.12644
-1 1536065206.750462 -1.96525 0.12235 1.12697
-1 1536065206.754357 -1.96032 0.12416 1.12747
-1 1536065206.758754 -1.95866 0.124773 1.12763
-1 1536065206.765387 -1.95535 0.125998 1.12792
-1 1536065206.772360 -1.95368 0.126605 1.12806
-1 1536065206.779819 -1.95032 0.127822 1.12832
-1 1536065206.789218 -1.94693 0.129061 1.12855
-1 1536065206.794178 -1.94177 0.130915 1.12886
-1 1536065206.801082 -1.93828 0.132156 1.12903
-1 1536065206.812520 -1.93301 0.134067 1.12923
-1 1536065206.831501 -1.92947 0.135361 1.12932
-1 1536065206.838901 -1.9204 0.138538 1.12939
-1 1536065206.854618 -1.91494 0.140455 1.12934
-1 1536065206.875651 -1.90771 0.143017 1.12921
-1 1536065206.892651 -1.89718 0.146905 1.12885
-1 1536065206.902308 -1.89373 0.148212 1.12868
-1 1536065206.932829 -1.88198 0.152476 1.12795
-1 1536065206.942341 -1.8756 0.154683 1.12749
-1 1536065206.966171 -1.86943 0.15675 1.12703
-1 1536065206.984590 -1.8664 0.157761 1.1268
-1 1536065207.011432 -1.86342 0.15876 1.12656
-1 1536065207.070440 -1.84322 0.165278 1.12463
-1 1536065207.096318 -1.83833 0.166755 1.12406
-1 1536065207.109720 -1.82868 0.169726 1.12308
-1 1536065207.117867 -1.82548 0.170698 1.12281
-1 1536065207.129741 -1.82229 0.17168 1.12258
-1 1536065207.141078 -1.81912 0.172663 1.12237
-1 1536065207.146527 -1.81755 0.173149 1.12227
-1 1536065207.153030 -1.81597 0.173634 1.12218
-1 1536065207.165217 -1.81284 0.174593 1.122
-1 1536065207.176118 -1.80973 0.175554 1.12184
-1 1536065207.191132 -1.80664 0.176509 1.12169
-1 1536065207.199186 -1.80212 0.177963 1.12147
-1 1536065207.213153 -1.79915 0.17894 1.12134
-1 1536065207.222744 -1.79183 0.181434 1.12098
-1 1536065207.239438 -1.78462 0.183913 1.12053
-1 1536065207.247529 -1.77892 0.185699 1.12009
-1 1536065207.257193 -1.77472 0.18686 1.11975
-1 1536065207.270506 -1.76779 0.188381 1.11917
-1 1536065207.276330 -1.76487 0.188775 1.11892
-1 1536065207.293701 -1.76193 0.189052 1.11868
-1 1536065207.301443 -1.75584 0.189371 1.11826
-1 1536065207.330349 -1.74484 0.18959 1.11753
-1 1536065207.339534 -1.73988 0.189532 1.11723
-1 1536065207.344234 -1.7382 0.189514 1.11713
-1 1536065207.351733 -1.7348 0.189486 1.11691
-1 1536065207.361553 -1.73136 0.189475 1.11668
-1 1536065207.373953 -1.72613 0.189484 1.1163
-1 1536065207.394595 -1.7172 0.189576 1.11557
-1 1536065207.403054 -1.71178 0.189687 1.11518
-1 1536065207.408975 -1.70812 0.1898 1.11496
-1 1536065207.418371 -1.70447 0.190014 1.11476
-1 1536065207.424445 -1.7008 0.190318 1.11456
-1 1536065207.427819 -1.69896 0.190489 1.11446
-1 1536065207.431806 -1.69713 0.190672 1.11435
-1 1536065207.444937 -1.69166 0.191227 1.11407
-1 1536065207.458502 -1.6842 0.19181 1.11382
-1 1536065207.466135 -1.6804 0.192006 1.11375
-1 1536065207.474611 -1.67653 0.192158 1.11375
-1 1536065207.486597 -1.67272 0.19219 1.11399
-1 1536065207.503616 -1.66355 0.192341 1.11472
-1 1536065207.515036 -1.65817 0.192464 1.11522
-1 1536065207.520936 -1.65455 0.192622 1.11557
-1 1536065207.528388 -1.65092 0.192812 1.11593
-1 1536065207.535399 -1.64723 0.192981 1.11632
-1 1536065207.547508 -1.64151 0.193073 1.11694
-1 1536065207.583650 -1.63749 0.193014 1.11738
-1 1536065207.598781 -1.61251 0.191304 1.12031
-1 1536065207.602124 -1.60769 0.190935 1.12082
-1 1536065207.612447 -1.60287 0.190655 1.12131
-1 1536065207.618928 -1.60047 0.190554 1.12155
-1 1536065207.626428 -1.59808 0.190472 1.12177
-1 1536065207.636559 -1.59099 0.190334 1.12241
-1 1536065207.645144 -1.58866 0.190325 1.12261
-1 1536065207.651193 -1.58411 0.190357 1.12296
-1 1536065207.655055 -1.58182 0.190397 1.12313
-1 1536065207.670011 -1.57501 0.190577 1.12359
-1 1536065207.680184 -1.57052 0.190724 1.12385
-1 1536065207.691000 -1.56601 0.190898 1.12409
-1 1536065207.703329 -1.56152 0.19105 1.12429
-1 1536065207.712189 -1.557 0.191159 1.12446
-1 1536065207.719926 -1.55238 0.191204 1.12461
-1 1536065207.728443 -1.54771 0.191159 1.12473
-1 1536065207.742621 -1.54056 0.190921 1.12483
-1 1536065207.752648 -1.53577 0.190674 1.12486
-1 1536065207.756015 -1.5334 0.190532 1.1249
-1 1536065207.761662 -1.53105 0.190374 1.12495
-1 1536065207.770641 -1.52662 0.190053 1.12507
-1 1536065207.779943 -1.5227 0.18978 1.12525
-1 1536065207.809869 -1.50989 0.189569 1.12652
-1 1536065207.816735 -1.50646 0.189604 1.12689
-1 1536065207.823318 -1.50286 0.189637 1.12727
-1 1536065207.832985 -1.49909 0.189656 1.12763
-1 1536065207.840062 -1.4952 0.189663 1.12797
-1 1536065207.846021 -1.49124 0.189682 1.12829
-1 1536065207.865396 -1.48115 0.18981 1.129
-1 1536065207.884553 -1.47103 0.189986 1.12958
-1 1536065207.890528 -1.46699 0.190064 1.12978
-1 1536065207.896260 -1.46496 0.190102 1.12986
-1 1536065207.904629 -1.45891 0.190226 1.13009
-1 1536065207.907824 -1.45688 0.190264 1.13015
-1 1536065207.921386 -1.45087 0.190391 1.13031
-1 1536065207.930604 -1.4449 0.190473 1.13042
-1 1536065207.941646 -1.43893 0.190491 1.13051
-1 1536065207.951495 -1.435 0.190482 1.13055
-1 1536065207.962487 -1.42914 0.190432 1.13055
-1 1536065207.967811 -1.42527 0.190389 1.13053
-1 1536065207.976598 -1.42147 0.190362 1.13046
-1 1536065207.984022 -1.41771 0.190377 1.13037
-1 1536065208.007401 -1.4068 0.190696 1.12986
-1 1536065208.012725 -1.40327 0.190913 1.12964
-1 1536065208.026883 -1.39807 0.191352 1.12927
-1 1536065208.032151 -1.39469 0.191715 1.129
-1 1536065208.041950 -1.39136 0.192105 1.12873
-1 1536065208.050168 -1.38638 0.19267 1.12833
-1 1536065208.057861 -1.38308 0.193038 1.12806
-1 1536065208.069719 -1.37813 0.193538 1.12767
-1 1536065208.081352 -1.37484 0.193835 1.12743
-1 1536065208.089602 -1.36996 0.19424 1.12708
-1 1536065208.099076 -1.36675 0.194517 1.12688
-1 1536065208.131224 -1.35254 0.19585 1.12602
-1 1536065208.141622 -1.34793 0.196412 1.12573
-1 1536065208.148837 -1.34488 0.19686 1.12554
-1 1536065208.156646 -1.34181 0.197368 1.12538
-1 1536065208.167402 -1.33873 0.197916 1.12521
-1 1536065208.188088 -1.3341 0.19882 1.12498
-1 1536065208.200846 -1.3263 0.20041 1.12462
-1 1536065208.220639 -1.32007 0.201618 1.12436
-1 1536065208.244330 -1.31059 0.203385 1.12402
-1 1536065208.259358 -1.30575 0.204249 1.12382
-1 1536065208.265226 -1.30249 0.204826 1.12368
-1 1536065208.274893 -1.29922 0.205433 1.12355
-1 1536065208.283751 -1.29596 0.206083 1.12341
-1 1536065208.296145 -1.2911 0.207165 1.12319
-1 1536065208.300957 -1.28947 0.207559 1.12311
-1 1536065208.315132 -1.28622 0.208394 1.12295
-1 1536065208.324335 -1.27964 0.210175 1.1226
-1 1536065208.334730 -1.27461 0.211554 1.12231
-1 1536065208.342170 -1.27124 0.212475 1.12209
-1 1536065208.344843 -1.26954 0.212934 1.12198
-1 1536065208.356156 -1.26613 0.213863 1.12174
-1 1536065208.367917 -1.25925 0.215756 1.12122
-1 1536065208.376251 -1.25579 0.216728 1.12094
-1 1536065208.382577 -1.25233 0.21772 1.12066
-1 1536065208.388655 -1.24885 0.218752 1.12038
-1 1536065208.399681 -1.24358 0.220354 1.11993
-1 1536065208.414777 -1.23824 0.221993 1.11943
-1 1536065208.437240 -1.22738 0.225413 1.11836
-1 1536065208.443887 -1.22369 0.226599 1.11801
-1 1536065208.449190 -1.22183 0.227197 1.11785
-1 1536065208.454310 -1.21996 0.227795 1.11768
-1 1536065208.462810 -1.21619 0.228984 1.11737
-1 1536065208.469321 -1.21239 0.230139 1.11707
-1 1536065208.473161 -1.21048 0.230702 1.11693
-1 1536065208.481056 -1.20857 0.231256 1.11679
-1 1536065208.490202 -1.20278 0.232933 1.11641
-1 1536065208.510916 -1.19895 0.233821 1.11655
-1 1536065208.523661 -1.18766 0.237818 1.11689
-1 1536065208.531606 -1.18382 0.239222 1.11715
-1 1536065208.543387 -1.18003 0.24065 1.11755
-1 1536065208.552038 -1.17441 0.242758 1.11824
-1 1536065208.556937 -1.17253 0.24345 1.11848
-1 1536065208.568188 -1.16687 0.24552 1.11925
-1 1536065208.580680 -1.16314 0.246933 1.11978
-1 1536065208.589702 -1.15939 0.248376 1.12032
-1 1536065208.595438 -1.15558 0.249847 1.12085
-1 1536065208.605781 -1.14969 0.252135 1.12166
-1 1536065208.614964 -1.1456 0.253762 1.12221
-1 1536065208.631632 -1.13918 0.256364 1.12303
-1 1536065208.636978 -1.13477 0.258182 1.12356
-1 1536065208.639644 -1.13255 0.259103 1.12381
-1 1536065208.651655 -1.1281 0.260941 1.1243
-1 1536065208.656633 -1.12365 0.26275 1.12476
-1 1536065208.664789 -1.11923 0.264532 1.12518
-1 1536065208.671684 -1.11487 0.266268 1.12556
-1 1536065208.680977 -1.11271 0.267122 1.12573
-1 1536065208.689703 -1.10847 0.268807 1.12605
-1 1536065208.698495 -1.10213 0.271253 1.12647
-1 1536065208.714184 -1.09374 0.274447 1.12693
-1 1536065208.740782 -1.09165 0.275248 1.12702
-1 1536065208.755865 -1.07503 0.281787 1.12757
-1 1536065208.762358 -1.07093 0.283395 1.12762
-1 1536065208.775434 -1.06685 0.285017 1.12765
-1 1536065208.783975 -1.06074 0.287446 1.12761
-1 1536065208.796163 -1.05481 0.289935 1.12749
-1 1536065208.799874 -1.05296 0.290794 1.12743
-1 1536065208.814436 -1.04969 0.292616 1.12734
-1 1536065208.829018 -1.04618 0.29562 1.12731
-1 1536065208.843376 -1.0417 0.300484 1.12759
