-1 1536064469.782198 -1.17647 -0.0495784 1.11599
-1 1536064469.786786 -1.17601 -0.0498494 1.11538
-1 1536064469.798944 -1.17596 -0.0498865 1.11536
-1 1536064469.808337 -1.17591 -0.0499353 1.11533
-1 1536064469.812226 -1.1759 -0.0499469 1.11532
-1 1536064469.829067 -1.17585 -0.0499803 1.11527
-1 1536064469.850263 -1.1758 -0.0499779 1.11522
-1 1536064469.866585 -1.17575 -0.0499565 1.11517
-1 1536064469.869858 -1.1757 -0.0499548 1.11514
-1 1536064469.873981 -1.17568 -0.0499559 1.11513
-1 1536064469.887944 -1.17559 -0.0499627 1.11508
-1 1536064469.898797 -1.17553 -0.0499662 1.11506
-1 1536064469.904993 -1.17548 -0.0499662 1.11504
-1 1536064469.913114 -1.17542 -0.0499667 1.11502
-1 1536064469.917431 -1.17539 -0.0499678 1.11501
-1 1536064469.931140 -1.17533 -0.0499514 1.11499
-1 1536064469.944063 -1.17521 -0.04992 1.11495
-1 1536064469.954578 -1.17515 -0.0499011 1.11494
-1 1536064469.969926 -1.17506 -0.0498837 1.11491
-1 1536064469.983680 -1.17496 -0.0498837 1.11488
-1 1536064469.991539 -1.17486 -0.0498786 1.11487
-1 1536064469.996473 -1.17479 -0.0498599 1.11486
-1 1536064470.007606 -1.17476 -0.049845 1.11486
-1 1536064470.019191 -1.17456 -0.0497541 1.11485
-1 1536064470.031932 -1.17441 -0.0496748 1.11484
-1 1536064470.045484 -1.17431 -0.0496116 1.11483
-1 1536064470.050577 -1.17418 -0.0494863 1.11481
-1 1536064470.059010 -1.17413 -0.0494502 1.11481
-1 1536064470.064691 -1.17397 -0.0493519 1.11479
-1 1536064470.100546 -1.1738 -0.049265 1.11476
-1 1536064470.107383 -1.17336 -0.0490455 1.11471
-1 1536064470.118124 -1.17325 -0.0489735 1.1147
-1 1536064470.132899 -1.17313 -0.0488867 1.11468
-1 1536064470.140476 -1.17297 -0.0487349 1.11466
-1 1536064470.150225 -1.17287 -0.0486201 1.11463
-1 1536064470.167614 -1.17277 -0.0485005 1.11461
-1 1536064470.185115 -1.17247 -0.0481108 1.11452
-1 1536064470.205322 -1.17227 -0.0478589 1.11446
-1 1536064470.218493 -1.17217 -0.0477422 1.11443
-1 1536064470.240600 -1.17204 -0.0476224 1.11439
-1 1536064470.255324 -1.17183 -0.0474172 1.11435
-1 1536064470.261521 -1.17166 -0.0472686 1.11432
-1 1536064470.272425 -1.17142 -0.047021 1.11428
-1 1536064470.290626 -1.17119 -0.0467557 1.11425
-1 1536064470.297538 -1.17097 -0.0464877 1.11421
-1 1536064470.307905 -1.17075 -0.0462189 1.11417
-1 1536064470.321033 -1.17059 -0.0460328 1.11414
-1 1536064470.334217 -1.1703 -0.0456416 1.11408
-1 1536064470.345351 -1.1701 -0.0453171 1.11403
-1 1536064470.349310 -1.17003 -0.0452027 1.11402
-1 1536064470.353118 -1.16997 -0.045084 1.114
-1 1536064470.365592 -1.16977 -0.0447088 1.11394
-1 1536064470.376369 -1.16963 -0.0444493 1.1139
-1 1536064470.390628 -1.16942 -0.044051 1.11384
-1 1536064470.403095 -1.16919 -0.0436396 1.11377
-1 1536064470.411006 -1.16895 -0.0432312 1.1137
-1 1536064470.415506 -1.16887 -0.0430921 1.11368
-1 1536064470.421411 -1.16878 -0.0429516 1.11366
-1 1536064470.438931 -1.16844 -0.0423751 1.11358
-1 1536064470.450794 -1.16816 -0.0419353 1.11352
-1 1536064470.456255 -1.16796 -0.0416369 1.11348
-1 1536064470.475970 -1.16755 -0.0409714 1.11341
-1 1536064470.496837 -1.16725 -0.040435 1.11335
-1 1536064470.501923 -1.16682 -0.0396855 1.11327
-1 1536064470.513759 -1.1666 -0.0392961 1.11322
-1 1536064470.517718 -1.16637 -0.0388972 1.11318
-1 1536064470.537456 -1.16614 -0.0384919 1.11314
-1 1536064470.542858 -1.1657 -0.0376742 1.11306
-1 1536064470.555933 -1.16537 -0.0370442 1.11299
-1 1536064470.560022 -1.16525 -0.0368285 1.11297
-1 1536064470.571697 -1.16491 -0.0361619 1.11291
-1 1536064470.579787 -1.1648 -0.0359347 1.11288
-1 1536064470.587444 -1.16459 -0.0354718 1.11284
-1 1536064470.603702 -1.1642 -0.0345178 1.11273
-1 1536064470.611535 -1.16401 -0.0340207 1.11268
-1 1536064470.635235 -1.16351 -0.0326908 1.11253
-1 1536064470.646036 -1.16309 -0.0315527 1.11241
-1 1536064470.654758 -1.16298 -0.0312588 1.11238
-1 1536064470.672230 -1.16266 -0.0303505 1.11229
-1 1536064470.677536 -1.16235 -0.029455 1.11221
-1 1536064470.683859 -1.16224 -0.029166 1.1122
-1 1536064470.706158 -1.16202 -0.0286007 1.11217
-1 1536064470.723793 -1.16122 -0.0267148 1.11213
-1 1536064470.729767 -1.16098 -0.0261804 1.11212
-1 1536064470.733238 -1.16086 -0.0259117 1.11212
-1 1536064470.745258 -1.16073 -0.0256411 1.11212
-1 1536064470.759593 -1.16023 -0.0245151 1.11213
-1 1536064470.776855 -1.15985 -0.0236063 1.11213
-1 1536064470.788727 -1.15944 -0.0226548 1.11213
-1 1536064470.801818 -1.15929 -0.0223277 1.11213
-1 1536064470.814578 -1.1587 -0.021009 1.11213
-1 1536064470.832498 -1.15825 -0.020015 1.11211
-1 1536064470.850222 -1.1578 -0.0190074 1.11208
-1 1536064470.864070 -1.15718 -0.0176559 1.11203
-1 1536064470.875199 -1.15657 -0.0163329 1.11197
-1 1536064470.911153 -1.15562 -0.0141755 1.11184
-1 1536064470.917515 -1.15519 -0.0129994 1.11174
-1 1536064470.930719 -1.15498 -0.0124018 1.11167
-1 1536064470.941605 -1.15476 -0.0117805 1.11159
-1 1536064470.953489 -1.15465 -0.0114556 1.11156
-1 1536064470.968188 -1.15429 -0.0104385 1.11144
-1 1536064470.976141 -1.15404 -0.00972488 1.11135
-1 1536064470.989891 -1.15364 -0.00860018 1.11121
-1 1536064470.998027 -1.1535 -0.00820989 1.11115
-1 1536064471.010836 -1.15321 -0.00741056 1.11104
-1 1536064471.017731 -1.15212 -0.00447703 1.11065
-1 1536064471.036217 -1.15178 -0.00360084 1.11054
-1 1536064471.043558 -1.1506 0.000113197 1.11014
-1 1536064471.052101 -1.15033 0.00109635 1.11004
-1 1536064471.058871 -1.15007 0.00208438 1.10995
-1 1536064471.071314 -1.1497 0.00355755 1.10983
-1 1536064471.077173 -1.14936 0.00499331 1.10972
-1 1536064471.083114 -1.14914 0.00593274 1.10965
-1 1536064471.120947 -1.14792 0.0103895 1.10931
-1 1536064471.126001 -1.14779 0.0108087 1.10929
-1 1536064471.132881 -1.14751 0.0116315 1.10923
-1 1536064471.145390 -1.14708 0.012812 1.10917
-1 1536064471.150541 -1.14676 0.0135659 1.10913
-1 1536064471.163603 -1.14625 0.0146456 1.10907
-1 1536064471.169176 -1.1459 0.0153265 1.10904
-1 1536064471.183395 -1.14574 0.0156573 1.10903
-1 1536064471.187978 -1.14511 0.0169501 1.10901
-1 1536064471.211937 -1.14458 0.018228 1.10901
-1 1536064471.224486 -1.14401 0.0198519 1.10904
-1 1536064471.229262 -1.14377 0.0204896 1.10906
-1 1536064471.236224 -1.14364 0.0207979 1.10907
-1 1536064471.248352 -1.14306 0.0219266 1.10913
-1 1536064471.255319 -1.1427 0.0224424 1.10917
-1 1536064471.268133 -1.14231 0.0229341 1.10922
-1 1536064471.274445 -1.1417 0.023627 1.10928
-1 1536064471.289095 -1.14092 0.0244918 1.10934
-1 1536064471.293589 -1.14075 0.0246948 1.10934
-1 1536064471.304617 -1.14027 0.0252893 1.10936
-1 1536064471.325100 -1.13971 0.0262099 1.10939
-1 1536064471.331656 -1.13955 0.0265214 1.10941
-1 1536064471.337193 -1.13947 0.0266581 1.10942
-1 1536064471.358448 -1.13912 0.0271257 1.10959
-1 1536064471.361779 -1.13908 0.0271332 1.10964
-1 1536064471.374465 -1.13896 0.0271293 1.10979
-1 1536064471.390126 -1.13865 0.0271452 1.11005
-1 1536064471.421521 -1.13819 0.027246 1.11032
-1 1536064471.436693 -1.13673 0.0278194 1.11088
-1 1536064471.446139 -1.13649 0.0279326 1.11094
-1 1536064471.455744 -1.136 0.0281637 1.11106
-1 1536064471.465322 -1.13546 0.0284033 1.11117
-1 1536064471.471078 -1.13518 0.0285217 1.11121
-1 1536064471.478406 -1.13463 0.0287487 1.11129
-1 1536064471.482508 -1.13436 0.028855 1.11133
-1 1536064471.491168 -1.13409 0.0289555 1.11136
-1 1536064471.496926 -1.13332 0.0292247 1.11143
-1 1536064471.509652 -1.1328 0.0293785 1.11147
-1 1536064471.519957 -1.13196 0.0295679 1.11152
-1 1536064471.532170 -1.13102 0.0297205 1.11157
-1 1536064471.538762 -1.12995 0.0298517 1.11161
-1 1536064471.541972 -1.12956 0.0298946 1.11162
-1 1536064471.558069 -1.12916 0.0299355 1.11163
-1 1536064471.565582 -1.12701 0.0301047 1.11163
-1 1536064471.574875 -1.12611 0.0301589 1.11161
-1 1536064471.583743 -1.12518 0.0301979 1.11157
-1 1536064471.595528 -1.12472 0.0302079 1.11155
-1 1536064471.604301 -1.12332 0.0301944 1.11146
-1 1536064471.617270 -1.12238 0.0301391 1.11138
-1 1536064471.624183 -1.12099 0.0299744 1.11124
-1 1536064471.638053 -1.11966 0.0297033 1.11108
-1 1536064471.644590 -1.11837 0.02933 1.11089
-1 1536064471.650447 -1.11794 0.0291837 1.11083
-1 1536064471.661505 -1.11665 0.0286823 1.11063
-1 1536064471.666984 -1.11578 0.0283124 1.1105
-1 1536064471.674236 -1.11488 0.027913 1.11038
-1 1536064471.686518 -1.11349 0.0272527 1.11019
-1 1536064471.703451 -1.11105 0.0260606 1.10987
-1 1536064471.707275 -1.11054 0.0258151 1.1098
-1 1536064471.729694 -1.10781 0.0245377 1.10939
-1 1536064471.747539 -1.10602 0.0237437 1.1091
-1 1536064471.755284 -1.10276 0.0223582 1.10854
-1 1536064471.767162 -1.10136 0.0217878 1.10828
-1 1536064471.775933 -1.09924 0.0209235 1.10788
-1 1536064471.784397 -1.09783 0.0203386 1.1076
-1 1536064471.795985 -1.09571 0.0194731 1.10718
-1 1536064471.805291 -1.09363 0.0186505 1.10679
-1 1536064471.827688 -1.0894 0.0168324 1.10644
-1 1536064471.855586 -1.08485 0.0142351 1.10607
-1 1536064471.871069 -1.08306 0.0131805 1.1059
-1 1536064471.877744 -1.08131 0.0121226 1.10571
-1 1536064471.883763 -1.08016 0.0114105 1.10557
-1 1536064471.897797 -1.07898 0.0106884 1.1055
-1 1536064471.908351 -1.07715 0.0096223 1.10547
-1 1536064471.914310 -1.07523 0.00860281 1.10552
-1 1536064471.929400 -1.0739 0.00790931 1.10558
-1 1536064471.938087 -1.07187 0.00678639 1.10575
-1 1536064471.943977 -1.07052 0.00601155 1.10588
-1 1536064471.958011 -1.06849 0.00487731 1.10615
-1 1536064471.969652 -1.06719 0.00415945 1.10636
-1 1536064471.982500 -1.06465 0.00287379 1.10682
-1 1536064471.994328 -1.0634 0.00229849 1.10706
-1 1536064472.011547 -1.06102 0.00125932 1.10753
-1 1536064472.018347 -1.05937 0.000532935 1.10785
-1 1536064472.022760 -1.05882 0.000285601 1.10795
-1 1536064472.034633 -1.0572 -0.000479278 1.10823
-1 1536064472.043991 -1.05611 -0.00102422 1.1084
-1 1536064472.063516 -1.05502 -0.00161005 1.10855
-1 1536064472.073225 -1.05237 -0.00328924 1.10885
-1 1536064472.083630 -1.05082 -0.0043638 1.10897
-1 1536064472.102617 -1.04982 -0.00505857 1.10904
-1 1536064472.109488 -1.04792 -0.00636494 1.10911
-1 1536064472.122542 -1.04662 -0.00730171 1.10913
-1 1536064472.129314 -1.04581 -0.0079297 1.10914
-1 1536064472.147744 -1.04469 -0.00893606 1.10915
-1 1536064472.163878 -1.04362 -0.0100084 1.10915
-1 1536064472.177318 -1.04216 -0.0114056 1.10914
-1 1536064472.185732 -1.04141 -0.0120745 1.10913
-1 1536064472.191025 -1.04065 -0.0127483 1.10913
-1 1536064472.207283 -1.03988 -0.0134322 1.10912
-1 1536064472.211719 -1.03871 -0.0144361 1.10909
-1 1536064472.221666 -1.0379 -0.0150848 1.10907
-1 1536064472.239505 -1.03666 -0.0160491 1.10903
-1 1536064472.244575 -1.03544 -0.0170544 1.10899
-1 1536064472.250892 -1.03505 -0.0174011 1.10898
-1 1536064472.257724 -1.03429 -0.0181103 1.10896
-1 1536064472.268367 -1.03319 -0.0192168 1.10892
-1 1536064472.281195 -1.03248 -0.0199785 1.10889
-1 1536064472.293334 -1.03108 -0.0215783 1.10882
-1 1536064472.311615 -1.0304 -0.0224128 1.10877
-1 1536064472.325994 -1.02878 -0.0244801 1.10868
-1 1536064472.334495 -1.02813 -0.0252737 1.10866
-1 1536064472.344928 -1.02748 -0.0260587 1.10864
-1 1536064472.356080 -1.02683 -0.0268513 1.10862
-1 1536064472.385105 -1.02588 -0.0280604 1.1086
-1 1536064472.394171 -1.02396 -0.0306434 1.10861
-1 1536064472.416930 -1.02298 -0.0320237 1.10865
-1 1536064472.430460 -1.02228 -0.0329603 1.10869
-1 1536064472.441183 -1.0212 -0.0343751 1.10877
-1 1536064472.456875 -1.02003 -0.0358114 1.10888
-1 1536064472.479505 -1.01751 -0.0388569 1.10918
-1 1536064472.490607 -1.01661 -0.0398922 1.1093
-1 1536064472.507385 -1.01523 -0.041437 1.10951
-1 1536064472.521432 -1.01475 -0.0419514 1.10958
-1 1536064472.527256 -1.01326 -0.0434953 1.10979
-1 1536064472.539610 -1.01275 -0.0440126 1.10987
-1 1536064472.553913 -1.01119 -0.0455747 1.11007
-1 1536064472.558046 -1.01015 -0.0466187 1.1102
-1 1536064472.570325 -1.00914 -0.0476497 1.11032
-1 1536064472.583533 -1.00765 -0.0491798 1.1105
-1 1536064472.596310 -1.00667 -0.0501994 1.11061
-1 1536064472.608497 -1.0052 -0.0517428 1.11076
-1 1536064472.614245 -1.00471 -0.0522635 1.11081
-1 1536064472.626209 -1.00373 -0.053318 1.1109
-1 1536064472.643028 -1.00274 -0.054384 1.11099
-1 1536064472.650509 -1.00126 -0.0559571 1.11112
-1 1536064472.668153 -0.999796 -0.057464 1.11125
-1 1536064472.674512 -0.998827 -0.0584093 1.11133
-1 1536064472.685968 -0.99787 -0.0593111 1.11141
-1 1536064472.699149 -0.996916 -0.0601863 1.11148
-1 1536064472.710222 -0.995483 -0.0614548 1.11159
-1 1536064472.717177 -0.995007 -0.0618749 1.11162
-1 1536064472.737636 -0.994059 -0.062716 1.11169
-1 1536064472.749339 -0.992181 -0.0644118 1.1118
-1 1536064472.764631 -0.991246 -0.0652852 1.11184
-1 1536064472.772974 -0.989843 -0.0666389 1.11189
-1 1536064472.810795 -0.9866 -0.069837 1.11199
-1 1536064472.820590 -0.984305 -0.0721591 1.11208
-1 1536064472.829424 -0.983387 -0.0730984 1.11212
-1 1536064472.838944 -0.981982 -0.0745205 1.11218
-1 1536064472.855044 -0.979581 -0.076918 1.11226
-1 1536064472.860204 -0.978611 -0.0778933 1.11227
-1 1536064472.877686 -0.976209 -0.0803174 1.11228
-1 1536064472.883994 -0.974813 -0.0817389 1.11226
-1 1536064472.898217 -0.972543 -0.0839841 1.11222
-1 1536064472.908873 -0.971644 -0.0848538 1.11221
-1 1536064473.063831 -0.959338 -0.0950945 1.11157
-1 1536064473.112490 -0.952545 -0.099885 1.11103
-1 1536064473.125050 -0.951405 -0.100595 1.11093
-1 1536064473.134584 -0.948411 -0.102444 1.11068
-1 1536064473.172880 -0.943156 -0.10576 1.11032
-1 1536064473.191363 -0.940484 -0.107534 1.11012
-1 1536064473.203332 -0.938934 -0.108537 1.10998
-1 1536064473.211484 -0.93692 -0.109776 1.10976
-1 1536064473.228853 -0.934535 -0.11121 1.10947
-1 1536064473.238497 -0.932381 -0.112572 1.10919
-1 1536064473.246172 -0.931235 -0.113338 1.10901
-1 1536064473.258130 -0.930541 -0.113827 1.10887
-1 1536064473.289369 -0.928901 -0.11504 1.10848
-1 1536064473.296658 -0.927828 -0.115943 1.10826
-1 1536064473.335788 -0.927046 -0.116614 1.10816
-1 1536064473.402905 -0.922081 -0.11979 1.10809
-1 1536064473.422830 -0.916577 -0.122934 1.10836
-1 1536064473.432256 -0.915898 -0.123217 1.10837
-1 1536064473.444896 -0.914582 -0.123643 1.10838
-1 1536064473.462886 -0.912989 -0.123992 1.10833
-1 1536064473.473244 -0.911382 -0.124327 1.10823
-1 1536064473.481106 -0.910735 -0.124477 1.10818
-1 1536064473.497551 -0.909771 -0.124677 1.10809
-1 1536064473.509582 -0.908222 -0.124986 1.10792
-1 1536064473.522814 -0.907065 -0.125266 1.10776
-1 1536064473.541487 -0.906275 -0.125484 1.10764
-1 1536064473.598665 -0.903311 -0.126491 1.10703
-1 1536064473.610717 -0.903266 -0.126335 1.10697
-1 1536064473.628164 -0.90423 -0.124893 1.10706
-1 1536064473.632521 -0.904603 -0.124247 1.10721
-1 1536064473.640585 -0.904733 -0.123967 1.1073
-1 1536064473.651365 -0.90476 -0.12322 1.1077
-1 1536064473.659262 -0.904514 -0.123061 1.1079
-1 1536064473.671987 -0.90392 -0.122998 1.10816
-1 1536064473.677565 -0.903678 -0.123011 1.10823
-1 1536064473.691084 -0.902843 -0.123102 1.10842
-1 1536064473.708304 -0.902218 -0.12318 1.10853
-1 1536064473.727068 -0.900197 -0.123365 1.10874
-1 1536064473.735509 -0.899161 -0.12337 1.10881
-1 1536064473.751018 -0.898816 -0.123366 1.10883
-1 1536064473.754690 -0.897798 -0.123364 1.10886
-1 1536064473.761356 -0.897136 -0.12338 1.10886
-1 1536064473.779568 -0.89587 -0.123439 1.10881
-1 1536064473.795706 -0.894969 -0.123455 1.10873
-1 1536064473.812155 -0.894676 -0.123452 1.1087
-1 1536064473.819076 -0.893541 -0.12341 1.10856
-1 1536064473.835263 -0.892982 -0.123365 1.10848
-1 1536064473.844299 -0.891894 -0.123186 1.1083
-1 1536064473.854510 -0.891362 -0.123054 1.1082
-1 1536064473.861775 -0.890568 -0.122806 1.10806
-1 1536064473.878083 -0.890038 -0.122616 1.10797
-1 1536064473.885532 -0.88895 -0.122153 1.1078
-1 1536064473.893398 -0.888389 -0.121879 1.10771
-1 1536064473.901750 -0.887814 -0.121591 1.10762
-1 1536064473.904790 -0.887522 -0.121442 1.10758
-1 1536064473.923869 -0.886619 -0.120995 1.10745
-1 1536064473.945703 -0.884385 -0.119965 1.10721
-1 1536064473.966979 -0.882305 -0.118923 1.10711
-1 1536064473.977175 -0.881572 -0.118546 1.10709
-1 1536064473.985380 -0.880432 -0.117959 1.1071
-1 1536064474.031509 -0.879664 -0.117578 1.10712
-1 1536064474.064195 -0.874239 -0.115487 1.10759
-1 1536064474.506910 -0.824535 -0.0819988 1.10974
-1 1536064474.525204 -0.822047 -0.0795917 1.10992
-1 1536064474.540232 -0.821089 -0.0786811 1.10997
-1 1536064474.550029 -0.818828 -0.0765063 1.11011
-1 1536064474.575902 -0.815943 -0.0736881 1.11034
-1 1536064474.587007 -0.815152 -0.0729315 1.11041
-1 1536064474.599674 -0.813171 -0.0709953 1.11062
-1 1536064474.614086 -0.811207 -0.0690292 1.11083
-1 1536064474.630883 -0.809208 -0.067016 1.11102
-1 1536064474.652752 -0.806418 -0.0641317 1.11123
-1 1536064474.659258 -0.805624 -0.0633328 1.11128
-1 1536064474.711296 -0.799754 -0.0575184 1.1117
-1 1536064474.727463 -0.798649 -0.0563809 1.1118
-1 1536064474.737646 -0.797918 -0.0556281 1.11186
-1 1536064474.772791 -0.797185 -0.0548798 1.11193
-1 1536064474.779079 -0.794632 -0.0522436 1.11212
-1 1536064474.793946 -0.793535 -0.0510654 1.11219
-1 1536064474.799392 -0.793172 -0.0506698 1.11222
-1 1536064474.804589 -0.79281 -0.0502725 1.11224
-1 1536064474.814195 -0.792086 -0.0494772 1.11227
-1 1536064474.824926 -0.791369 -0.0486824 1.11231
-1 1536064474.852302 -0.7889 -0.045952 1.11243
-1 1536064474.855903 -0.78855 -0.0455684 1.11245
-1 1536064474.864187 -0.787863 -0.0448157 1.11248
-1 1536064474.876408 -0.786846 -0.0437236 1.11252
-1 1536064474.886018 -0.786167 -0.0430012 1.11255
-1 1536064474.898486 -0.785144 -0.0418984 1.11258
-1 1536064474.910340 -0.783783 -0.040397 1.11262
-1 1536064474.915990 -0.783443 -0.0400177 1.11263
-1 1536064474.922779 -0.782762 -0.0392581 1.11265
-1 1536064474.930787 -0.78208 -0.0384964 1.11266
-1 1536064474.941734 -0.781394 -0.0377274 1.11268
-1 1536064474.949420 -0.780698 -0.0369391 1.1127
-1 1536064474.960396 -0.77964 -0.0357307 1.11274
-1 1536064474.967259 -0.77893 -0.0349115 1.11277
-1 1536064474.983236 -0.777874 -0.033674 1.11282
-1 1536064474.993566 -0.776831 -0.0324448 1.11287
-1 1536064475.003695 -0.775787 -0.031229 1.11293
-1 1536064475.007866 -0.775088 -0.0304169 1.11297
-1 1536064475.015930 -0.774378 -0.0295951 1.11301
-1 1536064475.023032 -0.773657 -0.0287643 1.11304
-1 1536064475.028969 -0.773294 -0.0283486 1.11306
-1 1536064475.040695 -0.772191 -0.0270946 1.1131
-1 1536064475.051608 -0.771072 -0.0258295 1.11313
-1 1536064475.066332 -0.770312 -0.024984 1.11315
-1 1536064475.072682 -0.768783 -0.0232668 1.11319
-1 1536064475.079385 -0.768001 -0.0223852 1.11321
-1 1536064475.088912 -0.767218 -0.0214938 1.11323
-1 1536064475.097405 -0.766435 -0.020596 1.11325
-1 1536064475.109293 -0.76526 -0.0192613 1.11327
-1 1536064475.114331 -0.764469 -0.0183667 1.11328
-1 1536064475.119996 -0.764071 -0.0179184 1.11328
-1 1536064475.126886 -0.763269 -0.0170217 1.11329
-1 1536064475.132851 -0.762862 -0.0165747 1.11329
-1 1536064475.139974 -0.762032 -0.0156788 1.11328
-1 1536064475.151004 -0.760755 -0.0143388 1.11324
-1 1536064475.156349 -0.760326 -0.0138933 1.11323
-1 1536064475.165213 -0.759468 -0.0130046 1.11319
-1 1536064475.177387 -0.758198 -0.0116841 1.11312
-1 1536064475.188095 -0.756911 -0.0103522 1.11307
-1 1536064475.199616 -0.755587 -0.00898074 1.11302
-1 1536064475.205989 -0.754694 -0.00804844 1.113
-1 1536064475.216991 -0.75334 -0.00664707 1.11296
-1 1536064475.225193 -0.752424 -0.00572765 1.11294
-1 1536064475.232076 -0.751496 -0.0048212 1.1129
-1 1536064475.238856 -0.750555 -0.00392737 1.11286
-1 1536064475.248972 -0.749604 -0.00305737 1.11282
-1 1536064475.256446 -0.748664 -0.00222177 1.11275
-1 1536064475.261968 -0.747723 -0.00141941 1.11268
-1 1536064475.287586 -0.74725 -0.00102791 1.11263
-1 1536064475.297218 -0.743509 0.00190964 1.11215
-1 1536064475.304316 -0.742576 0.00258682 1.11201
-1 1536064475.310969 -0.741634 0.00324606 1.11186
-1 1536064475.318667 -0.740677 0.00388201 1.11171
-1 1536064475.323395 -0.740201 0.00419275 1.11164
-1 1536064475.327094 -0.739728 0.00449987 1.11157
-1 1536064475.336510 -0.738788 0.0051094 1.11143
-1 1536064475.345667 -0.737397 0.00603793 1.11125
-1 1536064475.358843 -0.736054 0.00698481 1.11109
-1 1536064475.365543 -0.735175 0.00763008 1.11099
-1 1536064475.375663 -0.734316 0.00828608 1.1109
-1 1536064475.383516 -0.733472 0.00895074 1.11081
-1 1536064475.396832 -0.731814 0.010277 1.11063
-1 1536064475.405327 -0.730973 0.0109099 1.11054
-1 1536064475.413972 -0.730113 0.0115097 1.11044
-1 1536064475.421447 -0.729208 0.0120784 1.11034
-1 1536064475.430225 -0.727791 0.0129019 1.1102
-1 1536064475.435117 -0.727316 0.0131745 1.11015
-1 1536064475.441716 -0.726359 0.0137243 1.11006
-1 1536064475.453371 -0.725406 0.0142784 1.10996
-1 1536064475.464386 -0.723981 0.0150847 1.1098
-1 1536064475.469184 -0.723046 0.0155851 1.10969
-1 1536064475.482419 -0.72212 0.0160449 1.10956
-1 1536064475.489687 -0.720756 0.01667 1.10936
-1 1536064475.507926 -0.719035 0.0173937 1.10907
-1 1536064475.513147 -0.718217 0.0177019 1.10891
-1 1536064475.520252 -0.717436 0.0179681 1.10873
-1 1536064475.525681 -0.717066 0.0180888 1.10864
-1 1536064475.532467 -0.716358 0.0183083 1.10844
-1 1536064475.536879 -0.716023 0.0184098 1.10833
-1 1536064475.545357 -0.715376 0.0185969 1.10811
-1 1536064475.555365 -0.714795 0.0187588 1.10788
-1 1536064475.563541 -0.714311 0.0189089 1.10767
-1 1536064475.572412 -0.713975 0.0192196 1.10748
-1 1536064475.587052 -0.713911 0.0195034 1.10747
-1 1536064475.594524 -0.713673 0.0200278 1.10765
-1 1536064475.714893 -0.713306 0.0204169 1.10783
-1 1536064475.723089 -0.701262 0.0237315 1.10889
-1 1536064475.834035 -0.700223 0.0238102 1.10883
-1 1536064475.842176 -0.690659 0.024912 1.10773
-1 1536064475.848266 -0.690219 0.0249515 1.10767
-1 1536064475.856999 -0.689775 0.0249858 1.10761
-1 1536064475.975518 -0.677594 0.024438 1.1061
-1 1536064475.985028 -0.676519 0.0242791 1.10597
-1 1536064475.989592 -0.675977 0.0241976 1.1059
-1 1536064476.003760 -0.674347 0.023973 1.1057
-1 1536064476.010451 -0.673797 0.0238899 1.10562
-1 1536064476.023103 -0.6727 0.0237183 1.10548
-1 1536064476.134315 -0.671611 0.0235412 1.10533
-1 1536064476.141648 -0.654805 0.0196372 1.10261
-1 1536064476.153085 -0.653551 0.0191785 1.10238
-1 1536064476.268182 -0.634924 0.0115755 1.10333
-1 1536064476.280061 -0.633806 0.0109318 1.10353
-1 1536064476.286782 -0.632699 0.0102687 1.10373
-1 1536064476.318519 -0.631057 0.00925453 1.10402
-1 1536064476.337011 -0.627903 0.00733694 1.10452
-1 1536064476.386349 -0.622846 0.00440478 1.10496
-1 1536064476.508065 -0.621426 0.00347042 1.10502
-1 1536064476.512093 -0.60934 -0.00401158 1.1055
-1 1536064476.522732 -0.608031 -0.00491674 1.10563
-1 1536064476.532500 -0.607155 -0.00553788 1.10571
-1 1536064476.552373 -0.604081 -0.00769736 1.10604
-1 1536064476.559740 -0.602772 -0.00864398 1.10619
-1 1536064476.571511 -0.601916 -0.00928886 1.1063
-1 1536064476.580302 -0.60064 -0.0102895 1.10647
-1 1536064476.589575 -0.59979 -0.01097 1.10658
-1 1536064476.616506 -0.597664 -0.0127208 1.10684
-1 1536064476.626243 -0.595528 -0.0145534 1.10708
-1 1536064476.640208 -0.593375 -0.0164526 1.10728
-1 1536064476.773112 -0.584181 -0.0253173 1.10807
-1 1536064476.779874 -0.583773 -0.0257599 1.10811
-1 1536064476.902719 -0.582534 -0.0271087 1.10823
-1 1536064476.920614 -0.56846 -0.041956 1.10953
-1 1536064476.929821 -0.567483 -0.0429543 1.10961
-1 1536064476.950334 -0.566001 -0.0444695 1.10972
-1 1536064477.079655 -0.548459 -0.0617154 1.11111
-1 1536064477.210375 -0.54732 -0.0627255 1.11121
-1 1536064477.223248 -0.52853 -0.0804395 1.1127
-1 1536064477.238662 -0.525217 -0.0836989 1.11277
-1 1536064477.246193 -0.523895 -0.0850006 1.11278
-1 1536064477.368824 -0.501904 -0.104423 1.11208
-1 1536064477.382900 -0.499066 -0.106595 1.11176
-1 1536064477.512434 -0.47488 -0.122095 1.10505
-1 1536064477.522337 -0.473443 -0.122829 1.10468
-1 1536064477.537230 -0.472035 -0.123543 1.10437
-1 1536064477.548116 -0.470023 -0.124564 1.10396
-1 1536064477.671329 -0.468117 -0.125473 1.10361
-1 1536064477.676150 -0.459937 -0.129823 1.10502
-1 1536064477.688325 -0.458745 -0.130188 1.10525
-1 1536064477.810452 -0.456174 -0.130871 1.10566
-1 1536064477.825228 -0.438031 -0.133572 1.10744
-1 1536064477.829746 -0.436727 -0.133667 1.1076
-1 1536064477.840695 -0.436083 -0.133703 1.10768
-1 1536064477.852777 -0.434822 -0.133746 1.10787
-1 1536064477.864887 -0.43295 -0.133737 1.10818
-1 1536064477.987321 -0.431728 -0.133671 1.10841
-1 1536064477.995712 -0.413241 -0.130578 1.11059
-1 1536064478.009740 -0.411867 -0.130193 1.11058
-1 1536064478.142976 -0.390838 -0.121575 1.10783
-1 1536064478.156407 -0.387524 -0.11934 1.10787
-1 1536064478.281038 -0.384035 -0.117482 1.10806
-1 1536064478.289543 -0.3665 -0.105676 1.11075
-1 1536064478.301145 -0.364625 -0.10439 1.11097
-1 1536064478.426625 -0.363397 -0.103565 1.1111
-1 1536064478.445518 -0.347069 -0.0894331 1.11265
-1 1536064478.462908 -0.345428 -0.0877101 1.11272
-1 1536064478.476198 -0.344217 -0.0864131 1.11276
-1 1536064478.600790 -0.343428 -0.0855473 1.11279
-1 1536064478.612747 -0.333665 -0.0747381 1.11307
-1 1536064478.623858 -0.331913 -0.0727594 1.11318
-1 1536064478.750852 -0.320575 -0.0592247 1.11379
-1 1536064478.764534 -0.320057 -0.0585127 1.11381
-1 1536064478.906086 -0.313346 -0.0491066 1.11414
