-1 1536064216.721833 0.10539 0.124359 1.1108
-1 1536064216.728539 0.105391 0.124567 1.11074
-1 1536064216.739490 0.105401 0.124599 1.11073
-1 1536064216.757842 0.10543 0.124641 1.11071
-1 1536064216.764384 0.105455 0.12465 1.1107
-1 1536064216.775151 0.105484 0.124658 1.11069
-1 1536064216.794785 0.105567 0.124638 1.11066
-1 1536064216.800677 0.105583 0.12463 1.11066
-1 1536064216.817956 0.105655 0.124605 1.11065
-1 1536064216.825029 0.105692 0.12459 1.11065
-1 1536064216.833578 0.105748 0.124577 1.11064
-1 1536064216.843577 0.105784 0.124571 1.11064
-1 1536064216.849820 0.105814 0.124567 1.11064
-1 1536064216.862301 0.105847 0.124559 1.11063
-1 1536064216.879169 0.105893 0.124539 1.11062
-1 1536064216.887196 0.105923 0.124519 1.11062
-1 1536064216.903628 0.105952 0.124497 1.11061
-1 1536064216.917116 0.105975 0.124464 1.11061
-1 1536064216.927872 0.105976 0.12445 1.11061
-1 1536064216.935075 0.105977 0.124437 1.11062
-1 1536064216.941986 0.105983 0.124422 1.11062
-1 1536064216.955034 0.105992 0.124408 1.11062
-1 1536064216.958713 0.106002 0.124398 1.11062
-1 1536064216.971085 0.106022 0.124382 1.11063
-1 1536064216.981633 0.106032 0.124369 1.11064
-1 1536064216.996883 0.106052 0.124347 1.11065
-1 1536064217.004718 0.106071 0.124336 1.11066
-1 1536064217.015532 0.106096 0.124318 1.11066
-1 1536064217.021762 0.106125 0.124296 1.11067
-1 1536064217.038856 0.106173 0.124246 1.11069
-1 1536064217.043288 0.10622 0.124187 1.1107
-1 1536064217.058413 0.106274 0.124099 1.11073
-1 1536064217.061896 0.106283 0.124079 1.11073
-1 1536064217.072195 0.106299 0.124036 1.11075
-1 1536064217.077781 0.106307 0.123992 1.11076
-1 1536064217.085147 0.106301 0.123953 1.11077
-1 1536064217.096905 0.106288 0.123891 1.11079
-1 1536064217.103825 0.106284 0.12385 1.11079
-1 1536064217.109169 0.106285 0.123831 1.1108
-1 1536064217.123686 0.106311 0.123747 1.11082
-1 1536064217.129513 0.10632 0.123726 1.11082
-1 1536064217.139199 0.106342 0.123683 1.11083
-1 1536064217.148251 0.106377 0.123606 1.11084
-1 1536064217.156987 0.106387 0.123577 1.11085
-1 1536064217.162087 0.106404 0.123515 1.11085
-1 1536064217.175710 0.106418 0.123454 1.11086
-1 1536064217.181080 0.106427 0.123361 1.11086
-1 1536064217.207973 0.106421 0.123203 1.11087
-1 1536064217.213502 0.106422 0.123173 1.11087
-1 1536064217.230659 0.106416 0.1231 1.11087
-1 1536064217.243431 0.106414 0.123052 1.11087
-1 1536064217.251013 0.106419 0.123001 1.11087
-1 1536064217.260932 0.106424 0.122975 1.11087
-1 1536064217.273093 0.106444 0.122897 1.11087
-1 1536064217.284300 0.106461 0.122843 1.11087
-1 1536064217.293572 0.106471 0.122814 1.11087
-1 1536064217.305054 0.10649 0.122754 1.11088
-1 1536064217.311997 0.106509 0.122687 1.11088
-1 1536064217.322976 0.106516 0.122653 1.11088
-1 1536064217.331265 0.106552 0.122509 1.11088
-1 1536064217.340595 0.106578 0.122428 1.11088
-1 1536064217.347741 0.106613 0.122346 1.11088
-1 1536064217.355979 0.10665 0.122263 1.11088
-1 1536064217.366060 0.106695 0.12218 1.11088
-1 1536064217.374670 0.10677 0.122056 1.11089
-1 1536064217.389198 0.106846 0.121928 1.11091
-1 1536064217.409431 0.106913 0.121808 1.11092
-1 1536064217.426754 0.106969 0.1217 1.11094
-1 1536064217.445395 0.107024 0.121554 1.11098
-1 1536064217.451755 0.107036 0.121502 1.11099
-1 1536064217.464601 0.107049 0.12146 1.111
-1 1536064217.477233 0.10707 0.121421 1.11101
-1 1536064217.488804 0.107084 0.121401 1.11101
-1 1536064217.500147 0.107139 0.121334 1.11103
-1 1536064217.507855 0.107179 0.12129 1.11103
-1 1536064217.519247 0.107245 0.121234 1.11104
-1 1536064217.539732 0.107344 0.121181 1.11105
-1 1536064217.545241 0.107422 0.121132 1.11105
-1 1536064217.551399 0.107448 0.121113 1.11104
-1 1536064217.562304 0.107521 0.121054 1.11104
-1 1536064217.574406 0.107563 0.120999 1.11104
-1 1536064217.583362 0.107624 0.120901 1.11104
-1 1536064217.585592 0.107648 0.120867 1.11104
-1 1536064217.597867 0.107716 0.120759 1.11103
-1 1536064217.611674 0.107759 0.120681 1.11103
-1 1536064217.628688 0.107826 0.120518 1.11102
-1 1536064217.642449 0.107861 0.120443 1.11103
-1 1536064217.647129 0.107919 0.120334 1.11103
-1 1536064217.668357 0.107993 0.12022 1.11103
-1 1536064217.684157 0.108066 0.120115 1.11104
-1 1536064217.691057 0.108144 0.120012 1.11104
-1 1536064217.702969 0.108227 0.119914 1.11105
-1 1536064217.729777 0.108316 0.119837 1.11105
-1 1536064217.747502 0.108483 0.119748 1.11105
-1 1536064217.760160 0.108624 0.119696 1.11106
-1 1536064217.773624 0.108696 0.119675 1.11106
-1 1536064217.783318 0.108762 0.119655 1.11106
-1 1536064217.786315 0.108822 0.119639 1.11106
-1 1536064217.795081 0.108879 0.119623 1.11105
-1 1536064217.805950 0.108932 0.119611 1.11105
-1 1536064217.815105 0.10898 0.1196 1.11104
-1 1536064217.826223 0.109004 0.119594 1.11104
-1 1536064217.833941 0.109065 0.119571 1.11103
-1 1536064217.840310 0.109122 0.119551 1.11101
-1 1536064217.855847 0.109202 0.119508 1.11098
-1 1536064217.864368 0.109236 0.119491 1.11097
-1 1536064217.878831 0.109311 0.119476 1.11095
-1 1536064217.886636 0.109339 0.119479 1.11094
-1 1536064217.895423 0.109354 0.119481 1.11094
-1 1536064217.909725 0.109404 0.11949 1.11093
-1 1536064217.924848 0.109483 0.119502 1.11091
-1 1536064217.948832 0.10959 0.119505 1.1109
-1 1536064217.961024 0.109627 0.119499 1.1109
-1 1536064217.969696 0.109662 0.119491 1.11089
-1 1536064217.979833 0.109692 0.119484 1.11089
-1 1536064217.992189 0.109719 0.119479 1.11089
-1 1536064217.997892 0.109744 0.11948 1.11089
-1 1536064218.010914 0.109767 0.119483 1.11089
-1 1536064218.074011 0.109983 0.119582 1.11089
-1 1536064218.087889 0.110017 0.119635 1.11089
-1 1536064218.099066 0.110047 0.119702 1.11089
-1 1536064218.107271 0.110071 0.119745 1.11089
-1 1536064218.122518 0.11012 0.119811 1.11089
-1 1536064218.133641 0.110246 0.119939 1.1109
-1 1536064218.151058 0.110437 0.120057 1.1109
-1 1536064218.154758 0.110527 0.120098 1.1109
-1 1536064218.169271 0.110709 0.120179 1.1109
-1 1536064218.176731 0.1108 0.120224 1.11089
-1 1536064218.188380 0.110928 0.120298 1.11088
-1 1536064218.202057 0.111031 0.120384 1.11087
-1 1536064218.210050 0.111104 0.120478 1.11086
-1 1536064218.223615 0.111145 0.120554 1.11086
-1 1536064218.231788 0.111213 0.120728 1.11085
-1 1536064218.244073 0.111262 0.120873 1.11084
-1 1536064218.252767 0.111304 0.120972 1.11084
-1 1536064218.263343 0.111345 0.121071 1.11083
-1 1536064218.271498 0.11139 0.121168 1.11083
-1 1536064218.277553 0.111415 0.121216 1.11082
-1 1536064218.286441 0.111443 0.121267 1.11082
-1 1536064218.307438 0.111569 0.121499 1.11079
-1 1536064218.314545 0.111638 0.121634 1.11077
-1 1536064218.325489 0.111671 0.121707 1.11076
-1 1536064218.335896 0.111733 0.121861 1.11074
-1 1536064218.349685 0.111789 0.122026 1.11071
-1 1536064218.357507 0.111878 0.122293 1.11068
-1 1536064218.377609 0.111951 0.122484 1.11065
-1 1536064218.381788 0.112076 0.122783 1.11061
-1 1536064218.387172 0.112119 0.122885 1.1106
-1 1536064218.397776 0.11221 0.123092 1.11057
-1 1536064218.404910 0.112304 0.123295 1.11054
-1 1536064218.418255 0.112477 0.123682 1.11047
-1 1536064218.430391 0.112569 0.123879 1.11044
-1 1536064218.441780 0.112798 0.124386 1.11033
-1 1536064218.460048 0.113011 0.124928 1.11023
-1 1536064218.464970 0.11309 0.125167 1.11019
-1 1536064218.470925 0.113174 0.125415 1.11014
-1 1536064218.483264 0.113298 0.125805 1.11007
-1 1536064218.492190 0.113384 0.126063 1.11002
-1 1536064218.502903 0.113523 0.126459 1.10994
-1 1536064218.521974 0.113622 0.126731 1.10988
-1 1536064218.567383 0.113782 0.127151 1.10979
-1 1536064218.575787 0.114261 0.128267 1.10952
-1 1536064218.587111 0.114395 0.128542 1.10945
-1 1536064218.595170 0.114458 0.128678 1.10941
-1 1536064218.608419 0.114592 0.128951 1.10934
-1 1536064218.625129 0.11473 0.129215 1.10929
-1 1536064218.639059 0.114937 0.129606 1.10926
-1 1536064218.655973 0.115134 0.129994 1.10927
-1 1536064218.671119 0.115478 0.130625 1.10932
-1 1536064218.681065 0.115617 0.130871 1.10936
-1 1536064218.691958 0.115758 0.131123 1.1094
-1 1536064218.704870 0.115973 0.131499 1.10947
-1 1536064218.734787 0.116323 0.132097 1.10959
-1 1536064218.756552 0.1169 0.133534 1.10993
-1 1536064218.785574 0.117277 0.134838 1.11017
-1 1536064218.805346 0.11754 0.135604 1.11029
-1 1536064218.815282 0.117592 0.13576 1.11032
-1 1536064218.829885 0.117718 0.136083 1.11037
-1 1536064218.838805 0.117853 0.136406 1.1104
-1 1536064218.848957 0.117914 0.136567 1.11043
-1 1536064218.860816 0.118043 0.136886 1.11047
-1 1536064218.888867 0.118379 0.137692 1.11056
-1 1536064218.905029 0.118616 0.138336 1.11063
-1 1536064218.913780 0.118726 0.138659 1.11066
-1 1536064218.926953 0.118988 0.139557 1.11074
-1 1536064218.941116 0.11923 0.140576 1.11082
-1 1536064218.957575 0.119456 0.14171 1.11091
-1 1536064218.965439 0.119557 0.142183 1.11095
-1 1536064218.980219 0.119716 0.142895 1.11101
-1 1536064218.993707 0.119942 0.14382 1.11107
-1 1536064219.001408 0.120115 0.144513 1.11112
-1 1536064219.009080 0.120232 0.144984 1.11115
-1 1536064219.019863 0.120346 0.145463 1.11118
-1 1536064219.032387 0.120616 0.14668 1.11125
-1 1536064219.046517 0.120881 0.148003 1.11132
-1 1536064219.055386 0.120995 0.148571 1.11135
-1 1536064219.061914 0.12117 0.149474 1.11139
-1 1536064219.072384 0.121285 0.150092 1.11143
-1 1536064219.084645 0.121504 0.151379 1.11149
-1 1536064219.091876 0.121557 0.151701 1.11151
-1 1536064219.098836 0.121658 0.15234 1.11154
-1 1536064219.111556 0.121796 0.153299 1.11159
-1 1536064219.115068 0.121843 0.153622 1.1116
-1 1536064219.123293 0.121888 0.153947 1.11161
-1 1536064219.135144 0.122069 0.155273 1.11166
-1 1536064219.140949 0.122113 0.155613 1.11167
-1 1536064219.152857 0.122248 0.156643 1.11171
-1 1536064219.170146 0.122377 0.157693 1.11174
-1 1536064219.183905 0.122496 0.158766 1.11177
-1 1536064219.199170 0.122575 0.159497 1.11179
-1 1536064219.208886 0.122657 0.16023 1.1118
-1 1536064219.215662 0.122697 0.160596 1.11181
-1 1536064219.221830 0.122737 0.160957 1.11182
-1 1536064219.229081 0.122775 0.161318 1.11182
-1 1536064219.234532 0.122811 0.161677 1.11183
-1 1536064219.243932 0.122849 0.162035 1.11184
-1 1536064219.251254 0.122928 0.162757 1.11185
-1 1536064219.268144 0.123004 0.163487 1.11188
-1 1536064219.282454 0.123106 0.164591 1.11192
-1 1536064219.295397 0.123163 0.165329 1.11196
-1 1536064219.301211 0.123256 0.1668 1.11204
-1 1536064219.314629 0.123297 0.168719 1.11213
-1 1536064219.322020 0.123256 0.169911 1.11218
-1 1536064219.330710 0.123204 0.17072 1.11222
-1 1536064219.344931 0.123049 0.17279 1.1123
-1 1536064219.351280 0.122995 0.173639 1.11233
-1 1536064219.359413 0.122935 0.17492 1.11237
-1 1536064219.380507 0.122883 0.176656 1.11243
-1 1536064219.386821 0.122848 0.177986 1.11248
-1 1536064219.394055 0.122818 0.17889 1.11252
-1 1536064219.402035 0.122786 0.179813 1.11255
-1 1536064219.412790 0.122751 0.180768 1.11259
-1 1536064219.424038 0.122675 0.182241 1.11264
-1 1536064219.437592 0.122566 0.183719 1.11268
-1 1536064219.444149 0.122477 0.184698 1.11271
-1 1536064219.455034 0.122382 0.185667 1.11274
-1 1536064219.461088 0.122268 0.186625 1.11276
-1 1536064219.475163 0.122143 0.187566 1.11279
-1 1536064219.480922 0.121975 0.188976 1.11281
-1 1536064219.492684 0.121785 0.1904 1.11285
-1 1536064219.502978 0.121642 0.19136 1.11288
-1 1536064219.509522 0.121504 0.192335 1.11291
-1 1536064219.520865 0.121354 0.193335 1.11293
-1 1536064219.528064 0.121185 0.19434 1.11297
-1 1536064219.534071 0.121095 0.194838 1.11299
-1 1536064219.546551 0.120915 0.195832 1.11304
-1 1536064219.554111 0.120756 0.196824 1.11308
-1 1536064219.563797 0.120611 0.197832 1.11313
-1 1536064219.579300 0.120485 0.198853 1.11318
-1 1536064219.588379 0.120247 0.20086 1.11327
-1 1536064219.597926 0.120117 0.201862 1.11331
-1 1536064219.603943 0.119968 0.202861 1.11336
-1 1536064219.613424 0.119811 0.203857 1.1134
-1 1536064219.621142 0.119649 0.204847 1.11344
-1 1536064219.629302 0.119389 0.20632 1.11349
-1 1536064219.635664 0.119224 0.207296 1.11352
-1 1536064219.649209 0.119059 0.208265 1.11356
-1 1536064219.658444 0.118789 0.209702 1.11363
-1 1536064219.669146 0.118526 0.211119 1.1137
-1 1536064219.684870 0.118254 0.212984 1.11376
-1 1536064219.694816 0.118077 0.214345 1.11381
-1 1536064219.725003 0.117774 0.216975 1.11389
-1 1536064219.735863 0.117624 0.21822 1.11394
-1 1536064219.744351 0.117539 0.219023 1.11398
-1 1536064219.754519 0.117454 0.219805 1.11401
-1 1536064219.761237 0.117372 0.220584 1.11405
-1 1536064219.767446 0.11733 0.220964 1.11408
-1 1536064219.776760 0.117295 0.221337 1.11409
-1 1536064219.790306 0.117223 0.222073 1.11413
-1 1536064219.800307 0.11708 0.22317 1.11421
-1 1536064219.811124 0.116956 0.223904 1.11426
-1 1536064219.816834 0.116807 0.224632 1.11431
-1 1536064219.824033 0.116634 0.225368 1.11437
-1 1536064219.835598 0.116431 0.226109 1.11443
-1 1536064219.846662 0.116099 0.227212 1.11453
-1 1536064219.853331 0.115873 0.22793 1.1146
-1 1536064219.862495 0.115631 0.228629 1.11466
-1 1536064219.866342 0.115275 0.229663 1.11473
-1 1536064219.883468 0.114958 0.230696 1.11478
-1 1536064219.898584 0.114139 0.233129 1.11496
-1 1536064219.910545 0.113751 0.234103 1.11507
-1 1536064219.922049 0.113487 0.234729 1.11514
-1 1536064219.941181 0.112955 0.235923 1.1153
-1 1536064219.951499 0.112668 0.236505 1.11538
-1 1536064219.958005 0.112528 0.236793 1.11541
-1 1536064219.966248 0.112258 0.237368 1.11547
-1 1536064219.976714 0.112018 0.237942 1.11553
-1 1536064220.008123 0.111458 0.239984 1.1157
-1 1536064220.014109 0.111426 0.240274 1.11573
-1 1536064220.026674 0.111399 0.240836 1.1158
-1 1536064220.030420 0.111404 0.241101 1.11583
-1 1536064220.038679 0.111424 0.241353 1.11588
-1 1536064220.044734 0.111482 0.241814 1.11596
-1 1536064220.051929 0.111518 0.242025 1.11601
-1 1536064220.067546 0.111658 0.242597 1.11613
-1 1536064220.075449 0.111861 0.243282 1.11623
-1 1536064220.085994 0.111807 0.243719 1.11626
-1 1536064220.103717 0.110914 0.245744 1.11644
-1 1536064220.107937 0.110387 0.248303 1.1169
-1 1536064220.114680 0.110461 0.249219 1.11713
-1 1536064220.119753 0.110557 0.249649 1.11725
-1 1536064220.128633 0.110836 0.250456 1.11752
-1 1536064220.135210 0.111175 0.251184 1.11779
-1 1536064220.147001 0.111549 0.251822 1.11806
-1 1536064220.153434 0.112046 0.252617 1.1185
-1 1536064220.169162 0.112426 0.25323 1.11896
-1 1536064220.177900 0.112617 0.253722 1.11947
-1 1536064220.180367 0.112633 0.253866 1.11965
-1 1536064220.192456 0.112564 0.254236 1.12019
-1 1536064220.205000 0.112435 0.254433 1.12056
-1 1536064220.216007 0.112137 0.254757 1.1213
-1 1536064220.228707 0.112087 0.25496 1.12189
-1 1536064220.234690 0.112147 0.255078 1.12229
-1 1536064220.247763 0.112454 0.255201 1.12312
-1 1536064220.255812 0.112678 0.255171 1.12356
-1 1536064220.261130 0.112796 0.255141 1.12379
-1 1536064220.267277 0.112921 0.255095 1.12402
-1 1536064220.280619 0.113306 0.254881 1.12477
-1 1536064220.289747 0.113433 0.254798 1.12504
-1 1536064220.298516 0.113855 0.254474 1.12614
-1 1536064220.303189 0.113927 0.254402 1.12643
-1 1536064220.311821 0.113998 0.254269 1.12702
-1 1536064220.321656 0.113964 0.25415 1.1276
-1 1536064220.332717 0.11382 0.254024 1.12818
-1 1536064220.339343 0.113421 0.253806 1.12904
-1 1536064220.350687 0.113058 0.253651 1.1296
-1 1536064220.358906 0.112585 0.253479 1.13015
-1 1536064220.368452 0.111702 0.253162 1.13095
-1 1536064220.375979 0.111026 0.252905 1.13145
-1 1536064220.381432 0.110692 0.252772 1.13169
-1 1536064220.393367 0.110022 0.25252 1.13217
-1 1536064220.401855 0.109066 0.252213 1.13284
-1 1536064220.406880 0.108499 0.252055 1.13327
-1 1536064220.420582 0.107702 0.251878 1.13389
-1 1536064220.426130 0.107175 0.251766 1.13432
-1 1536064220.437850 0.106661 0.251638 1.13474
-1 1536064220.447760 0.105972 0.251405 1.13538
-1 1536064220.455955 0.105587 0.251225 1.1358
-1 1536064220.465264 0.105089 0.250894 1.13644
-1 1536064220.472112 0.104824 0.250659 1.13686
-1 1536064220.485526 0.104555 0.250319 1.13748
-1 1536064220.569050 0.103191 0.249056 1.14016
-1 1536064220.588945 0.102775 0.248628 1.14082
-1 1536064220.595806 0.102555 0.248301 1.14133
-1 1536064220.603172 0.102486 0.24821 1.14151
-1 1536064220.611366 0.102357 0.248046 1.14185
-1 1536064220.617182 0.10227 0.247889 1.14218
-1 1536064220.626522 0.102193 0.247758 1.14249
-1 1536064220.629847 0.102154 0.247709 1.14263
-1 1536064220.645289 0.102068 0.247611 1.14292
-1 1536064220.650862 0.101866 0.247481 1.14334
-1 1536064220.660328 0.101651 0.247392 1.14363
-1 1536064220.671349 0.101263 0.247288 1.14405
-1 1536064220.681488 0.100927 0.247206 1.14433
-1 1536064220.689797 0.100567 0.247092 1.14463
-1 1536064220.702552 0.0999641 0.246818 1.14506
-1 1536064220.712620 0.0997422 0.246701 1.1452
-1 1536064220.727989 0.0990385 0.246315 1.1456
-1 1536064220.732992 0.0985875 0.246063 1.14584
-1 1536064220.737183 0.0983886 0.24594 1.14595
-1 1536064220.746357 0.0980378 0.245725 1.14617
-1 1536064220.756000 0.0977502 0.245534 1.14639
-1 1536064220.769015 0.0974225 0.245302 1.14671
-1 1536064220.776636 0.0972678 0.245163 1.14691
-1 1536064220.783326 0.0971619 0.245027 1.1471
-1 1536064220.787250 0.0971106 0.244969 1.14719
-1 1536064220.793032 0.0970616 0.244922 1.14728
-1 1536064220.799981 0.0969728 0.244835 1.14746
-1 1536064220.803210 0.0969335 0.244786 1.14756
-1 1536064220.813230 0.096893 0.244731 1.14765
-1 1536064220.823172 0.0966838 0.244538 1.14791
-1 1536064220.825773 0.0964331 0.244402 1.1481
-1 1536064220.838773 0.0959739 0.244211 1.14837
-1 1536064220.854869 0.0954279 0.24406 1.14872
-1 1536064220.863643 0.0952208 0.244017 1.1489
-1 1536064220.873461 0.0951057 0.244003 1.14906
-1 1536064220.880691 0.095019 0.243943 1.14922
-1 1536064220.888145 0.0950267 0.243887 1.14936
-1 1536064220.892962 0.0950616 0.243866 1.14943
-1 1536064220.909566 0.0955949 0.243799 1.14967
-1 1536064220.922755 0.0963908 0.243778 1.1498
-1 1536064220.929839 0.0970816 0.243797 1.14988
-1 1536064220.941651 0.0982591 0.243946 1.14997
-1 1536064220.960966 0.100195 0.244246 1.1502
-1 1536064220.983413 0.101239 0.244417 1.1504
-1 1536064221.021670 0.102722 0.245041 1.15086
-1 1536064221.031575 0.102212 0.245456 1.15111
-1 1536064221.051036 0.101347 0.245469 1.15105
-1 1536064221.063528 0.100754 0.245372 1.15103
-1 1536064221.075429 0.0994642 0.244921 1.15109
-1 1536064221.086912 0.0987917 0.244649 1.15119
-1 1536064221.096622 0.098162 0.244384 1.15131
-1 1536064221.110917 0.0978634 0.244263 1.15139
-1 1536064221.119644 0.0970277 0.243917 1.15166
-1 1536064221.145741 0.0965338 0.243704 1.15185
-1 1536064221.170627 0.0956529 0.243296 1.15232
-1 1536064221.179641 0.0953219 0.243107 1.15276
-1 1536064221.193818 0.0953833 0.243064 1.15293
-1 1536064221.201193 0.0958529 0.243043 1.15338
-1 1536064221.211569 0.0960397 0.243074 1.15352
-1 1536064221.234864 0.0972894 0.243494 1.15444
-1 1536064221.242328 0.0985489 0.2442 1.15522
-1 1536064221.252297 0.0990994 0.244585 1.15551
-1 1536064221.260636 0.0996398 0.245011 1.1558
-1 1536064221.268361 0.100164 0.245427 1.15607
-1 1536064221.275412 0.100627 0.245826 1.15633
-1 1536064221.286973 0.101016 0.246203 1.15658
-1 1536064221.297537 0.101341 0.24659 1.15693
-1 1536064221.317587 0.101413 0.246758 1.15715
-1 1536064221.345977 0.101109 0.24698 1.15774
-1 1536064221.386570 0.100475 0.24682 1.15844
-1 1536064221.390440 0.100391 0.246789 1.15855
-1 1536064221.413623 0.0999681 0.24662 1.15912
-1 1536064221.427860 0.0996969 0.246435 1.15962
-1 1536064221.437692 0.0996588 0.246346 1.16003
-1 1536064221.485128 0.100954 0.245707 1.16268
-1 1536064221.492735 0.101105 0.245596 1.16302
-1 1536064221.520288 0.101339 0.245415 1.16353
-1 1536064221.531832 0.101682 0.245116 1.16454
-1 1536064221.542953 0.101801 0.245034 1.16486
-1 1536064221.563931 0.101965 0.244899 1.16549
-1 1536064221.574324 0.101977 0.244799 1.16604
-1 1536064221.589562 0.101911 0.244775 1.16651
-1 1536064221.603832 0.101866 0.244759 1.16672
-1 1536064221.610780 0.10181 0.244702 1.16703
-1 1536064221.618832 0.101767 0.244626 1.16721
-1 1536064221.639920 0.101676 0.244353 1.16764
-1 1536064221.647778 0.101667 0.244282 1.16772
-1 1536064221.656651 0.101665 0.244133 1.16789
-1 1536064221.668279 0.101657 0.24398 1.16806
-1 1536064221.677835 0.101639 0.24359 1.16839
-1 1536064221.699342 0.101667 0.243355 1.16857
-1 1536064221.714617 0.102238 0.242705 1.16914
-1 1536064221.726107 0.102591 0.242452 1.1694
-1 1536064221.735687 0.102813 0.242254 1.16955
-1 1536064221.753148 0.103106 0.241879 1.16982
-1 1536064221.764407 0.103162 0.241588 1.16998
-1 1536064221.783060 0.103142 0.241364 1.17004
-1 1536064221.813702 0.102893 0.24073 1.17007
-1 1536064221.825809 0.101301 0.239442 1.16976
-1 1536064221.828880 0.100973 0.23927 1.16968
-1 1536064221.838776 0.100246 0.238919 1.16948
-1 1536064221.846802 0.0994404 0.238579 1.16923
-1 1536064221.852544 0.0985815 0.238285 1.16896
-1 1536064221.866228 0.0977134 0.238022 1.16868
-1 1536064221.870217 0.0964501 0.237667 1.16829
-1 1536064221.886010 0.0949568 0.237167 1.16795
-1 1536064221.894548 0.0942895 0.236913 1.16786
-1 1536064221.905678 0.0934345 0.236589 1.1678
-1 1536064221.914524 0.092795 0.236349 1.16779
-1 1536064221.926640 0.0924945 0.236247 1.16781
-1 1536064221.933310 0.0922624 0.236199 1.16784
-1 1536064221.942548 0.0920791 0.236189 1.16789
-1 1536064221.948833 0.0919897 0.236224 1.16795
-1 1536064221.955132 0.0919806 0.236248 1.16799
-1 1536064221.966907 0.0920203 0.236311 1.16808
-1 1536064221.973664 0.0920662 0.236347 1.16814
-1 1536064221.989717 0.0922194 0.236423 1.16825
-1 1536064222.002552 0.0924658 0.236498 1.16837
-1 1536064222.014171 0.0929896 0.236566 1.16856
-1 1536064222.021646 0.0931842 0.236578 1.16862
-1 1536064222.033042 0.093816 0.236545 1.16889
-1 1536064222.052003 0.0949706 0.236441 1.1695
-1 1536064222.070589 0.0956496 0.236497 1.16992
-1 1536064222.087914 0.0959894 0.236711 1.17012
-1 1536064222.121912 0.0957809 0.237767 1.17015
-1 1536064222.139102 0.0952291 0.238092 1.17021
-1 1536064222.157323 0.094563 0.238245 1.17045
-1 1536064222.204782 0.0937927 0.238798 1.17086
-1 1536064222.224539 0.0942362 0.239203 1.17102
-1 1536064222.237667 0.0943975 0.239303 1.17109
-1 1536064222.251632 0.0952866 0.239769 1.17144
-1 1536064222.260814 0.0956729 0.239994 1.17157
-1 1536064222.268402 0.096057 0.240256 1.17167
-1 1536064222.285025 0.0968561 0.240889 1.17178
-1 1536064222.336323 0.0982159 0.242115 1.17166
-1 1536064222.365718 0.0987531 0.242813 1.1715
-1 1536064222.421673 0.0986809 0.244035 1.17119
-1 1536064222.458939 0.0991262 0.24616 1.17053
-1 1536064222.662371 0.101542 0.248496 1.16977
-1 1536064223.161365 0.102747 0.249559 1.16846
-1 1536064223.197249 0.115983 0.245673 1.16436
-1 1536064223.210992 0.11612 0.24534 1.16403
-1 1536064223.232314 0.116323 0.245052 1.16368
-1 1536064223.277607 0.117502 0.24448 1.16275
-1 1536064223.306754 0.118642 0.243942 1.16214
-1 1536064223.317845 0.118849 0.243774 1.16199
-1 1536064223.385870 0.119871 0.24192 1.16084
-1 1536064223.392857 0.119867 0.241741 1.16064
-1 1536064223.429302 0.119556 0.241192 1.16002
-1 1536064223.442772 0.119417 0.24099 1.15982
-1 1536064223.452919 0.119268 0.240759 1.15962
-1 1536064223.470721 0.119006 0.240371 1.1593
-1 1536064223.498167 0.118617 0.239885 1.15882
-1 1536064223.509109 0.118412 0.23968 1.15856
-1 1536064223.517199 0.118229 0.239504 1.15831
-1 1536064223.532815 0.118139 0.239266 1.15796
-1 1536064223.549313 0.118041 0.239128 1.15772
-1 1536064223.579836 0.117915 0.23878 1.15716
-1 1536064223.590020 0.117837 0.238347 1.1566
-1 1536064223.609447 0.117743 0.237746 1.15582
-1 1536064223.619480 0.117715 0.237593 1.1556
