-1 1530612946.532677 0.0841187 0.205576 1.11502
-1 1530612946.555584 0.0836301 0.205617 1.11501
-1 1530612946.562915 0.0835605 0.205636 1.11501
-1 1530612946.575106 0.0835134 0.205652 1.11501
-1 1530612946.585329 0.0834454 0.20568 1.115
-1 1530612946.593890 0.0834032 0.205694 1.115
-1 1530612946.601086 0.0833817 0.205701 1.11499
-1 1530612946.610979 0.08334 0.205717 1.11499
-1 1530612946.620456 0.0833019 0.205736 1.11498
-1 1530612946.635451 0.08325 0.205777 1.11497
-1 1530612946.644452 0.0832161 0.205804 1.11497
-1 1530612946.655463 0.0831649 0.205834 1.11496
-1 1530612946.668421 0.0831181 0.205851 1.11495
-1 1530612946.678606 0.0830906 0.205862 1.11494
-1 1530612946.684410 0.0830631 0.205873 1.11494
-1 1530612946.697127 0.0830378 0.205881 1.11494
-1 1530612946.710240 0.0830008 0.20589 1.11493
-1 1530612946.721828 0.0829642 0.205904 1.11492
-1 1530612946.733180 0.0829276 0.205926 1.11491
-1 1530612946.738278 0.0829149 0.205931 1.11491
-1 1530612946.746586 0.0828886 0.205948 1.1149
-1 1530612946.754129 0.0828605 0.20597 1.11489
-1 1530612946.757444 0.0828545 0.20598 1.11488
-1 1530612946.771018 0.0828359 0.20602 1.11486
-1 1530612946.777942 0.0828177 0.206036 1.11485
-1 1530612946.789043 0.0828014 0.206055 1.11483
-1 1530612946.795748 0.0827843 0.206081 1.11482
-1 1530612946.801996 0.0827769 0.206096 1.11481
-1 1530612946.808763 0.082767 0.206134 1.1148
-1 1530612946.818972 0.0827624 0.206177 1.11479
-1 1530612946.834377 0.0827669 0.206218 1.11477
-1 1530612946.845788 0.0827787 0.206261 1.11475
-1 1530612946.855415 0.0827775 0.206285 1.11473
-1 1530612946.887684 0.0827279 0.206356 1.11467
-1 1530612946.900867 0.0827082 0.206383 1.11464
-1 1530612946.918293 0.0827675 0.20644 1.1146
-1 1530612946.926815 0.0828052 0.206517 1.11456
-1 1530612946.934323 0.0828181 0.206546 1.11455
-1 1530612946.939151 0.0828403 0.206601 1.11452
-1 1530612946.947384 0.0828582 0.206654 1.1145
-1 1530612946.951385 0.0828647 0.20668 1.11449
-1 1530612946.963947 0.0828651 0.206729 1.11446
-1 1530612946.967755 0.0828622 0.206735 1.11445
-1 1530612946.975078 0.0828595 0.206739 1.11444
-1 1530612946.989760 0.0828689 0.206757 1.1144
-1 1530612947.002321 0.0828853 0.206786 1.11438
-1 1530612947.013573 0.0828958 0.206805 1.11436
-1 1530612947.017120 0.0829053 0.206825 1.11436
-1 1530612947.022742 0.0829112 0.20684 1.11435
-1 1530612947.029559 0.0829267 0.206879 1.11435
-1 1530612947.039748 0.0829449 0.206924 1.11434
-1 1530612947.047667 0.0829601 0.206958 1.11433
-1 1530612947.059133 0.0829798 0.207001 1.11431
-1 1530612947.066903 0.0829944 0.207032 1.1143
-1 1530612947.071031 0.0830025 0.20705 1.11429
-1 1530612947.076991 0.0830106 0.207069 1.11429
-1 1530612947.089085 0.0830277 0.207131 1.11427
-1 1530612947.097356 0.0830407 0.20717 1.11426
-1 1530612947.106839 0.0830761 0.207228 1.11424
-1 1530612947.118739 0.0830901 0.207293 1.11421
-1 1530612947.125897 0.0830894 0.207316 1.1142
-1 1530612947.134482 0.0830876 0.207362 1.11418
-1 1530612947.144446 0.0830928 0.207444 1.11414
-1 1530612947.155218 0.0830876 0.207496 1.11411
-1 1530612947.164420 0.0830768 0.207545 1.11408
-1 1530612947.175814 0.0830354 0.207592 1.11402
-1 1530612947.185358 0.0829966 0.207598 1.11398
-1 1530612947.193920 0.0829438 0.207593 1.11394
-1 1530612947.207641 0.0828496 0.207565 1.11387
-1 1530612947.221582 0.0827456 0.207555 1.1138
-1 1530612947.225267 0.082661 0.207556 1.11374
-1 1530612947.232373 0.0826218 0.20756 1.11372
-1 1530612947.244564 0.0825085 0.20759 1.11363
-1 1530612947.251106 0.0824442 0.207614 1.11356
-1 1530612947.261221 0.0823869 0.207638 1.11349
-1 1530612947.269322 0.0823392 0.207663 1.11342
-1 1530612947.276935 0.082288 0.207692 1.11335
-1 1530612947.280602 0.0822598 0.207705 1.11331
-1 1530612947.286544 0.0822324 0.207715 1.11327
-1 1530612947.297450 0.0821724 0.207724 1.11319
-1 1530612947.303087 0.0821224 0.207721 1.11311
-1 1530612947.317477 0.0820208 0.2077 1.11299
-1 1530612947.328506 0.0819311 0.207693 1.11289
-1 1530612947.336476 0.0818194 0.207692 1.1128
-1 1530612947.351980 0.081615 0.207672 1.11263
-1 1530612947.356386 0.0814532 0.207666 1.1125
-1 1530612947.365061 0.0812773 0.207696 1.11237
-1 1530612947.373316 0.0810802 0.207748 1.11224
-1 1530612947.383918 0.0807701 0.20784 1.11201
-1 1530612947.390698 0.0806733 0.207868 1.11193
-1 1530612947.395824 0.0804542 0.207914 1.11176
-1 1530612947.399584 0.0803371 0.207932 1.11167
-1 1530612947.407479 0.0801014 0.207947 1.11149
-1 1530612947.429901 0.0796284 0.207895 1.11108
-1 1530612947.441215 0.0792456 0.207789 1.11072
-1 1530612947.456677 0.0786335 0.207536 1.11017
-1 1530612947.465268 0.0782887 0.20738 1.10984
-1 1530612947.473729 0.0778713 0.207228 1.10952
-1 1530612947.481603 0.0774287 0.207086 1.10917
-1 1530612947.485760 0.0771923 0.20701 1.10897
-1 1530612947.490849 0.0769423 0.206935 1.10877
-1 1530612947.501438 0.0764165 0.206783 1.10835
-1 1530612947.508150 0.0758867 0.206633 1.1079
-1 1530612947.521102 0.0751339 0.206416 1.10718
-1 1530612947.534953 0.0746638 0.206252 1.10666
-1 1530612947.537577 0.0742237 0.206088 1.10614
-1 1530612947.549885 0.0738063 0.205918 1.10561
-1 1530612947.554804 0.073411 0.205731 1.10507
-1 1530612947.562607 0.0730358 0.205513 1.10449
-1 1530612947.565783 0.0728386 0.205392 1.1042
-1 1530612947.574066 0.0724094 0.205128 1.10359
-1 1530612947.578042 0.0721769 0.204982 1.10328
-1 1530612947.586168 0.0716983 0.204646 1.10262
-1 1530612947.590215 0.0714419 0.204466 1.10227
-1 1530612947.594860 0.07117 0.204288 1.10192
-1 1530612947.604054 0.0706058 0.203949 1.1012
-1 1530612947.611673 0.0703166 0.20379 1.10083
-1 1530612947.619286 0.0697438 0.203493 1.10006
-1 1530612947.626042 0.0691849 0.203227 1.09929
-1 1530612947.637197 0.0686862 0.202989 1.09849
-1 1530612947.643921 0.0682423 0.202773 1.09768
-1 1530612947.654594 0.0680436 0.202663 1.09727
-1 1530612947.662471 0.0675083 0.202321 1.09601
-1 1530612947.670310 0.0671719 0.202044 1.09516
-1 1530612947.678366 0.0668715 0.201733 1.09429
-1 1530612947.682477 0.066735 0.201571 1.09385
-1 1530612947.691142 0.0664937 0.201193 1.09296
-1 1530612947.695798 0.0663702 0.200987 1.0925
-1 1530612947.699882 0.066236 0.20078 1.09203
-1 1530612947.710997 0.0659333 0.200356 1.09109
-1 1530612947.717346 0.0656658 0.19995 1.09015
-1 1530612947.729901 0.0653289 0.199602 1.08919
-1 1530612947.741993 0.0647703 0.199161 1.08769
-1 1530612947.747372 0.0644382 0.198904 1.08666
-1 1530612947.760396 0.0640114 0.198544 1.08509
-1 1530612947.769122 0.0637965 0.198321 1.08399
-1 1530612947.778365 0.0636012 0.198149 1.08288
-1 1530612947.785062 0.0634082 0.198031 1.08173
-1 1530612947.791035 0.0633239 0.197984 1.08115
-1 1530612947.799421 0.0631428 0.197925 1.07997
-1 1530612947.808658 0.0630666 0.197898 1.07937
-1 1530612947.813100 0.0628965 0.197797 1.07814
-1 1530612947.827744 0.0626276 0.197445 1.07623
-1 1530612947.838043 0.0624325 0.197008 1.07424
-1 1530612947.846668 0.0623877 0.196669 1.07285
-1 1530612947.854936 0.0624122 0.196308 1.07141
-1 1530612947.864183 0.0625056 0.195918 1.06993
-1 1530612947.875745 0.0626134 0.195533 1.0684
-1 1530612947.881799 0.0627342 0.195027 1.06604
-1 1530612947.896729 0.0627865 0.194721 1.06442
-1 1530612947.903811 0.0629623 0.194268 1.06188
-1 1530612947.908092 0.0630505 0.194133 1.06101
-1 1530612947.922165 0.0631725 0.193874 1.05929
-1 1530612947.932005 0.0634079 0.193369 1.05665
-1 1530612947.943879 0.0635964 0.192624 1.05397
-1 1530612947.958370 0.0639421 0.191541 1.05028
-1 1530612947.967070 0.0642557 0.191053 1.04837
-1 1530612947.981497 0.064726 0.19058 1.04634
-1 1530612947.986396 0.0653933 0.189868 1.04352
-1 1530612948.001101 0.0658907 0.189408 1.04161
-1 1530612948.013978 0.0665866 0.188642 1.0387
-1 1530612948.024769 0.0670438 0.188087 1.03677
-1 1530612948.033459 0.0674695 0.187506 1.03482
-1 1530612948.042250 0.0676705 0.187253 1.03383
-1 1530612948.050962 0.0680263 0.186758 1.03184
-1 1530612948.073701 0.0684656 0.18588 1.02782
-1 1530612948.084061 0.0686543 0.185321 1.02475
-1 1530612948.089865 0.0687275 0.185151 1.02372
-1 1530612948.095807 0.0688729 0.184839 1.02167
-1 1530612948.104086 0.068969 0.184714 1.02066
-1 1530612948.112935 0.0692717 0.184448 1.01763
-1 1530612948.116930 0.069364 0.184356 1.01662
-1 1530612948.141366 0.0697374 0.18406 1.01362
-1 1530612948.151659 0.0700676 0.18376 1.0117
-1 1530612948.166453 0.0704145 0.183338 1.00981
-1 1530612948.176527 0.071126 0.182375 1.00609
-1 1530612948.180894 0.0714239 0.181895 1.00427
-1 1530612948.189990 0.0717091 0.181431 1.00247
-1 1530612948.201452 0.0719672 0.180983 1.0007
-1 1530612948.210656 0.0724043 0.180348 0.998136
-1 1530612948.216966 0.0727467 0.179985 0.996461
-1 1530612948.226468 0.0729347 0.179814 0.995641
-1 1530612948.234421 0.0735433 0.179316 0.993215
-1 1530612948.245264 0.0739644 0.179018 0.991654
-1 1530612948.255762 0.0746891 0.178558 0.989389
-1 1530612948.267911 0.0752412 0.178222 0.987926
-1 1530612948.276811 0.0760791 0.177761 0.985754
-1 1530612948.288966 0.0768955 0.177259 0.983593
-1 1530612948.295279 0.0773942 0.176916 0.982162
-1 1530612948.306962 0.0780783 0.176444 0.980038
-1 1530612948.314296 0.07829 0.176297 0.979326
-1 1530612948.320337 0.0786997 0.175991 0.977905
-1 1530612948.324517 0.0788963 0.175822 0.977184
-1 1530612948.331628 0.0790878 0.175648 0.97645
-1 1530612948.350445 0.0798414 0.174867 0.973429
-1 1530612948.363132 0.0803784 0.174356 0.971158
-1 1530612948.380788 0.0812734 0.173619 0.967351
-1 1530612948.387115 0.0816418 0.173342 0.965837
-1 1530612948.393580 0.0818329 0.173218 0.965085
-1 1530612948.405377 0.0824218 0.172895 0.962851
-1 1530612948.417389 0.0827991 0.172707 0.961387
-1 1530612948.427431 0.083348 0.172535 0.959227
-1 1530612948.431330 0.0835314 0.172486 0.958517
-1 1530612948.442694 0.0839005 0.172423 0.957104
-1 1530612948.453961 0.0844798 0.172398 0.955008
-1 1530612948.461673 0.0848785 0.172394 0.953607
-1 1530612948.486450 0.0858533 0.172351 0.949979
-1 1530612948.501653 0.0867166 0.172146 0.947019
-1 1530612948.515080 0.087359 0.172024 0.944796
-1 1530612948.524283 0.0877639 0.171983 0.943308
-1 1530612948.532465 0.0883487 0.171991 0.941086
-1 1530612948.546996 0.0887437 0.172022 0.939633
-1 1530612948.556045 0.0893187 0.172132 0.937501
-1 1530612948.572849 0.0897068 0.172247 0.936099
-1 1530612948.576126 0.090313 0.172436 0.934009
-1 1530612948.584164 0.090732 0.172554 0.932614
-1 1530612948.607103 0.0911724 0.172649 0.931209
-1 1530612948.614106 0.0922877 0.172721 0.92767
-1 1530612948.630260 0.0929654 0.172762 0.925549
-1 1530612948.634665 0.0934147 0.17281 0.924143
-1 1530612948.648357 0.0936357 0.172836 0.92344
-1 1530612948.656019 0.0944725 0.172964 0.920639
-1 1530612948.683303 0.0948736 0.173024 0.919251
-1 1530612948.697848 0.0961547 0.173317 0.914502
-1 1530612948.706856 0.0966488 0.17348 0.912516
-1 1530612948.713334 0.0969658 0.17361 0.911214
-1 1530612948.723700 0.0972764 0.173762 0.909937
-1 1530612948.734397 0.0977494 0.174023 0.908067
-1 1530612948.739611 0.0980751 0.174224 0.90686
-1 1530612948.749902 0.0984175 0.174431 0.905685
-1 1530612948.760475 0.0989202 0.174765 0.903974
-1 1530612948.779880 0.0992487 0.175002 0.902869
-1 1530612948.787868 0.0998444 0.175495 0.900734
-1 1530612948.798856 0.100235 0.175901 0.899233
-1 1530612948.807917 0.10062 0.176348 0.897834
-1 1530612948.821162 0.10075 0.176505 0.89739
-1 1530612948.826544 0.101131 0.176982 0.896119
-1 1530612948.835764 0.101384 0.177306 0.895326
-1 1530612948.845551 0.101766 0.177808 0.894233
-1 1530612948.855209 0.101892 0.177979 0.893888
-1 1530612948.865715 0.102272 0.178492 0.8929
-1 1530612948.880197 0.102527 0.178824 0.892277
-1 1530612948.892400 0.103027 0.179465 0.891128
-1 1530612948.898063 0.103266 0.179775 0.890602
-1 1530612948.909600 0.103493 0.180068 0.890106
-1 1530612948.917742 0.103698 0.180348 0.889639
-1 1530612948.921806 0.103886 0.180618 0.889197
-1 1530612948.933168 0.104061 0.180887 0.888781
-1 1530612948.947317 0.104351 0.181374 0.88803
-1 1530612948.951741 0.104415 0.181497 0.887855
-1 1530612948.963822 0.104545 0.181742 0.887513
-1 1530612948.971300 0.104672 0.18198 0.887179
-1 1530612948.982106 0.104731 0.182095 0.887013
-1 1530612948.999436 0.10495 0.182528 0.886343
-1 1530612949.002596 0.105118 0.182836 0.885859
-1 1530612949.011379 0.105233 0.183033 0.885555
-1 1530612949.022489 0.105352 0.183245 0.88526
-1 1530612949.028049 0.105482 0.183475 0.88496
-1 1530612949.037788 0.105684 0.183824 0.884514
-1 1530612949.044559 0.105754 0.183934 0.884365
-1 1530612949.056920 0.105975 0.184253 0.883905
-1 1530612949.073756 0.106238 0.184659 0.883288
-1 1530612949.086059 0.106329 0.184861 0.882987
-1 1530612949.097035 0.106434 0.185184 0.882543
-1 1530612949.103973 0.106486 0.185412 0.88225
-1 1530612949.112000 0.106504 0.18553 0.882108
-1 1530612949.126851 0.106512 0.186026 0.881552
-1 1530612949.136622 0.10649 0.186259 0.881275
-1 1530612949.148937 0.10642 0.186536 0.880868
-1 1530612949.159470 0.106333 0.186759 0.88048
-1 1530612949.173036 0.106267 0.186959 0.880117
-1 1530612949.179353 0.106233 0.187102 0.879894
-1 1530612949.212435 0.106157 0.187512 0.879386
-1 1530612949.223517 0.106005 0.188013 0.878867
-1 1530612949.233680 0.105943 0.188155 0.878729
-1 1530612949.241165 0.105866 0.188273 0.878612
-1 1530612949.253460 0.105777 0.188371 0.878517
-1 1530612949.262405 0.105679 0.188458 0.87845
-1 1530612949.270800 0.105568 0.188544 0.878416
-1 1530612949.290199 0.105433 0.188627 0.878419
-1 1530612949.303213 0.104984 0.188812 0.878597
-1 1530612949.316829 0.104689 0.18901 0.878858
-1 1530612949.322612 0.104544 0.189119 0.879035
-1 1530612949.333511 0.104309 0.189283 0.879368
-1 1530612949.343797 0.104051 0.189414 0.879761
-1 1530612949.350893 0.103892 0.189522 0.880043
-1 1530612949.363978 0.103742 0.189634 0.880356
-1 1530612949.368757 0.103598 0.189744 0.880702
-1 1530612949.379637 0.103476 0.189851 0.881079
-1 1530612949.394985 0.103369 0.189951 0.881497
-1 1530612949.411562 0.10305 0.190167 0.882712
-1 1530612949.421231 0.102783 0.190259 0.883575
-1 1530612949.429885 0.102584 0.190307 0.884196
-1 1530612949.434390 0.102481 0.19033 0.884519
-1 1530612949.443091 0.102275 0.190369 0.885191
-1 1530612949.448463 0.102171 0.190389 0.885539
-1 1530612949.455944 0.101959 0.190429 0.886264
-1 1530612949.467275 0.101748 0.190469 0.887018
-1 1530612949.471760 0.101545 0.190501 0.887806
-1 1530612949.475768 0.101444 0.190517 0.888215
-1 1530612949.485916 0.101249 0.190549 0.889066
-1 1530612949.504776 0.100796 0.190582 0.891365
-1 1530612949.517397 0.10044 0.190532 0.893354
-1 1530612949.524559 0.100252 0.190497 0.894395
-1 1530612949.537632 0.100045 0.190466 0.895464
-1 1530612949.546667 0.0996453 0.190395 0.89713
-1 1530612949.552391 0.0995106 0.190387 0.897702
-1 1530612949.559345 0.0992472 0.190372 0.898883
-1 1530612949.569775 0.0989955 0.190362 0.900109
-1 1530612949.576045 0.0987494 0.190358 0.901383
-1 1530612949.580485 0.0986309 0.190354 0.902039
-1 1530612949.597160 0.0983046 0.190336 0.904083
-1 1530612949.613853 0.0978947 0.190313 0.906971
-1 1530612949.627373 0.0974555 0.190321 0.910021
-1 1530612949.637871 0.097107 0.190346 0.912413
-1 1530612949.647738 0.0968781 0.190355 0.914058
-1 1530612949.653514 0.0966512 0.190351 0.915748
-1 1530612949.665789 0.0963227 0.190324 0.918345
-1 1530612949.675230 0.0961189 0.190293 0.920127
-1 1530612949.682498 0.095921 0.190252 0.921948
-1 1530612949.688854 0.0958186 0.190224 0.922871
-1 1530612949.705254 0.0954213 0.190118 0.926666
-1 1530612949.721350 0.0949927 0.190005 0.930609
-1 1530612949.728250 0.094882 0.18997 0.931613
-1 1530612949.741922 0.0946551 0.189893 0.933647
-1 1530612949.751430 0.0942747 0.189755 0.936752
-1 1530612949.759416 0.0941519 0.189709 0.937805
-1 1530612949.767957 0.0937905 0.189576 0.941023
-1 1530612949.779863 0.0934786 0.189418 0.944284
-1 1530612949.784663 0.0933704 0.189366 0.945384
-1 1530612949.788606 0.0932559 0.18931 0.946487
-1 1530612949.800648 0.0930249 0.1892 0.948709
-1 1530612949.809124 0.0926899 0.189082 0.952077
-1 1530612949.822584 0.0923159 0.188985 0.955494
-1 1530612949.831823 0.0919382 0.188869 0.958945
-1 1530612949.836607 0.091808 0.188835 0.960105
-1 1530612949.844603 0.0916872 0.188802 0.961268
-1 1530612949.851695 0.0914553 0.188763 0.963598
-1 1530612949.862304 0.0910843 0.188657 0.967129
-1 1530612949.872009 0.0908361 0.188575 0.969497
-1 1530612949.880135 0.0905851 0.188507 0.971877
-1 1530612949.888824 0.0902086 0.188402 0.975463
-1 1530612949.892254 0.0900757 0.188357 0.976664
-1 1530612949.905556 0.0896631 0.188201 0.9803
-1 1530612949.916662 0.0893839 0.188145 0.982739
-1 1530612949.936034 0.0887692 0.188041 0.987663
-1 1530612949.943697 0.0882967 0.187949 0.991402
-1 1530612949.952076 0.0879475 0.187861 0.993891
-1 1530612949.956108 0.0877725 0.18782 0.995141
-1 1530612949.971476 0.0872544 0.187667 0.998918
-1 1530612949.986342 0.0867243 0.187518 1.00274
-1 1530612949.990785 0.086369 0.187441 1.0053
-1 1530612950.008620 0.0860167 0.187351 1.00786
-1 1530612950.018558 0.0853333 0.187191 1.01296
-1 1530612950.032936 0.0845857 0.187032 1.01809
-1 1530612950.040747 0.0842149 0.186946 1.02065
-1 1530612950.051413 0.0838263 0.186864 1.02322
-1 1530612950.060834 0.0832171 0.186737 1.027
-1 1530612950.070491 0.0828113 0.186678 1.0295
-1 1530612950.083024 0.0821715 0.186603 1.03317
-1 1530612950.093019 0.0815448 0.186602 1.03665
-1 1530612950.100422 0.0811092 0.18661 1.03893
-1 1530612950.113121 0.0804895 0.186603 1.04235
-1 1530612950.118278 0.0803168 0.186599 1.04346
-1 1530612950.126508 0.079926 0.186583 1.04567
-1 1530612950.137593 0.0793459 0.186549 1.04894
-1 1530612950.146448 0.0789583 0.186521 1.05107
-1 1530612950.156539 0.0785349 0.186473 1.05316
-1 1530612950.169144 0.0779121 0.186423 1.0562
-1 1530612950.180369 0.0773729 0.186409 1.05914
-1 1530612950.195094 0.0770426 0.186388 1.06105
-1 1530612950.217348 0.0765403 0.186356 1.06381
-1 1530612950.223620 0.0756655 0.186373 1.06813
-1 1530612950.236024 0.0753025 0.18633 1.06976
-1 1530612950.249950 0.0748242 0.186235 1.07212
-1 1530612950.255206 0.0745718 0.186145 1.07363
-1 1530612950.265269 0.0743703 0.186075 1.07511
-1 1530612950.275548 0.074127 0.186006 1.07656
-1 1530612950.281436 0.0738929 0.185949 1.07795
-1 1530612950.300954 0.0735836 0.185891 1.07992
-1 1530612950.303830 0.073379 0.18584 1.08119
-1 1530612950.311249 0.0732858 0.185817 1.08181
-1 1530612950.323376 0.072993 0.185777 1.08364
-1 1530612950.331303 0.0727472 0.185776 1.0854
-1 1530612950.341539 0.0726424 0.185798 1.08651
-1 1530612950.348982 0.0725308 0.185814 1.08757
-1 1530612950.358568 0.0723742 0.185836 1.08915
-1 1530612950.371574 0.0722883 0.185799 1.09064
-1 1530612950.378075 0.0722282 0.185767 1.09155
-1 1530612950.393732 0.0721034 0.185728 1.09287
-1 1530612950.401923 0.0720247 0.18573 1.09373
-1 1530612950.414613 0.071929 0.185802 1.09498
-1 1530612950.432646 0.0717265 0.186149 1.09704
-1 1530612950.451582 0.0715622 0.186432 1.09823
-1 1530612950.461747 0.0712359 0.186808 1.09983
-1 1530612950.469384 0.0711804 0.186899 1.10019
-1 1530612950.480344 0.0710958 0.187198 1.10127
-1 1530612950.492221 0.0710589 0.187491 1.10239
-1 1530612950.502119 0.0709951 0.187681 1.10312
-1 1530612950.515865 0.0709039 0.187925 1.10406
-1 1530612950.525056 0.0707974 0.188088 1.10468
-1 1530612950.531736 0.0705706 0.188226 1.10528
-1 1530612950.548773 0.0703181 0.18846 1.10606
-1 1530612950.555497 0.0701401 0.188716 1.10666
-1 1530612950.563671 0.0700733 0.188878 1.10706
-1 1530612950.574698 0.0700629 0.189036 1.10744
-1 1530612950.584438 0.0700994 0.189302 1.10797
-1 1530612950.588828 0.0701056 0.189411 1.10815
-1 1530612950.598240 0.0701679 0.189783 1.10864
-1 1530612950.611260 0.0701923 0.190224 1.10911
-1 1530612950.628424 0.0701535 0.190682 1.10955
-1 1530612950.645261 0.0700188 0.191244 1.11
-1 1530612950.657181 0.069792 0.191703 1.11035
-1 1530612950.666302 0.0696457 0.192061 1.11056
-1 1530612950.671962 0.0694881 0.19244 1.11073
-1 1530612950.678798 0.0693981 0.19263 1.11082
-1 1530612950.685230 0.0692154 0.192999 1.111
-1 1530612950.692086 0.0691332 0.193182 1.11109
-1 1530612950.702008 0.0689648 0.193739 1.11131
-1 1530612950.710155 0.0689313 0.193931 1.11138
-1 1530612950.715719 0.0688803 0.194335 1.11151
-1 1530612950.724450 0.0688021 0.194954 1.1117
-1 1530612950.733147 0.0687735 0.195153 1.11176
-1 1530612950.742133 0.0686621 0.195733 1.11193
-1 1530612950.749724 0.0685737 0.196103 1.11202
-1 1530612950.762874 0.0684215 0.196642 1.11215
-1 1530612950.772749 0.0683403 0.196988 1.11224
-1 1530612950.777804 0.0683307 0.197358 1.11232
-1 1530612950.791498 0.0683886 0.197974 1.11245
-1 1530612950.806340 0.0684528 0.198656 1.11262
-1 1530612950.813081 0.0685308 0.199142 1.11274
-1 1530612950.823864 0.0685864 0.199395 1.11279
-1 1530612950.838181 0.0688101 0.200488 1.11301
-1 1530612950.845741 0.0688841 0.201241 1.11318
-1 1530612950.854053 0.0689585 0.201729 1.11328
-1 1530612950.866123 0.0690672 0.202235 1.11335
-1 1530612950.877655 0.0691824 0.202736 1.11344
-1 1530612950.887923 0.0693559 0.203508 1.11358
-1 1530612950.896803 0.069492 0.204053 1.11364
-1 1530612950.907330 0.0696592 0.20489 1.11373
-1 1530612950.916475 0.0697433 0.205473 1.1138
-1 1530612950.928630 0.0698475 0.20639 1.11389
-1 1530612950.931863 0.0698733 0.206696 1.11392
-1 1530612950.936452 0.0698978 0.206995 1.11396
-1 1530612950.949895 0.0700391 0.208165 1.11412
-1 1530612950.958478 0.0701296 0.208741 1.11421
-1 1530612950.971390 0.0703181 0.209638 1.11437
-1 1530612950.981936 0.0705293 0.210578 1.11454
-1 1530612950.987741 0.0706659 0.2112 1.11466
-1 1530612950.998955 0.0708178 0.211813 1.11477
-1 1530612951.004932 0.0709844 0.212415 1.11488
-1 1530612951.014838 0.0711236 0.213016 1.11501
-1 1530612951.021711 0.0712817 0.213633 1.11514
-1 1530612951.033503 0.0715508 0.214564 1.1153
-1 1530612951.037316 0.0716341 0.214875 1.11535
-1 1530612951.047414 0.0717932 0.215493 1.11547
-1 1530612951.072907 0.0722317 0.217055 1.11574
-1 1530612951.087792 0.0726036 0.218334 1.11599
-1 1530612951.092309 0.0728178 0.218998 1.1161
-1 1530612951.121427 0.0731122 0.220005 1.11627
-1 1530612951.146188 0.0739366 0.222359 1.11665
-1 1530612951.160255 0.0743783 0.223691 1.11687
-1 1530612951.167200 0.0746071 0.224342 1.11698
-1 1530612951.175923 0.0748511 0.225015 1.11708
-1 1530612951.191978 0.0751865 0.226056 1.11724
-1 1530612951.201746 0.0756027 0.227429 1.11741
-1 1530612951.212413 0.0759668 0.228761 1.11756
-1 1530612951.220448 0.0761618 0.229437 1.1176
-1 1530612951.233811 0.076363 0.230137 1.11765
-1 1530612951.245125 0.0767748 0.231576 1.11777
-1 1530612951.255838 0.0770165 0.232305 1.11786
-1 1530612951.263066 0.0772735 0.233038 1.11796
-1 1530612951.271820 0.0775413 0.23377 1.11809
-1 1530612951.286632 0.0780905 0.235217 1.11837
-1 1530612951.295420 0.0783888 0.235933 1.11852
-1 1530612951.299916 0.0785414 0.236287 1.1186
-1 1530612951.317773 0.0786961 0.23664 1.11867
-1 1530612951.323906 0.0794634 0.238375 1.11903
-1 1530612951.328505 0.0796147 0.238722 1.1191
-1 1530612951.336134 0.0798866 0.239416 1.11923
-1 1530612951.342458 0.0800092 0.239757 1.11929
-1 1530612951.354254 0.0803674 0.240799 1.11949
-1 1530612951.363639 0.0806095 0.241509 1.11961
-1 1530612951.368659 0.080861 0.242236 1.11974
-1 1530612951.376107 0.0811265 0.242973 1.11986
-1 1530612951.391722 0.0816683 0.244428 1.12012
-1 1530612951.400184 0.0819365 0.245148 1.12025
-1 1530612951.404240 0.0820707 0.245511 1.12031
-1 1530612951.414103 0.0822033 0.245874 1.12037
-1 1530612951.419337 0.082467 0.246602 1.12049
-1 1530612951.427529 0.0827361 0.247327 1.12062
-1 1530612951.432994 0.082872 0.247686 1.12068
-1 1530612951.448638 0.0832815 0.248757 1.12087
-1 1530612951.456827 0.0836719 0.249827 1.12105
-1 1530612951.461059 0.0837959 0.250188 1.12111
-1 1530612951.471231 0.084038 0.250919 1.12124
-1 1530612951.480562 0.0842711 0.251658 1.12136
-1 1530612951.489489 0.0844962 0.252405 1.12148
-1 1530612951.499141 0.0847151 0.253155 1.12159
-1 1530612951.518777 0.0851962 0.254667 1.12181
-1 1530612951.530053 0.0856157 0.255829 1.12197
-1 1530612951.545377 0.0859232 0.25661 1.12207
-1 1530612951.558839 0.0866753 0.258555 1.1223
-1 1530612951.569776 0.0869758 0.259328 1.12238
-1 1530612951.575271 0.0872901 0.260102 1.12245
-1 1530612951.581120 0.0874494 0.260489 1.12249
-1 1530612951.597609 0.0879071 0.26165 1.12257
-1 1530612951.604192 0.0883465 0.262833 1.12264
-1 1530612951.613589 0.0886176 0.263654 1.12267
-1 1530612951.623976 0.0888605 0.264501 1.12269
-1 1530612951.631466 0.0890798 0.265347 1.1227
-1 1530612951.646483 0.0892899 0.2662 1.12271
-1 1530612951.656092 0.089738 0.267913 1.1227
-1 1530612951.664041 0.0899658 0.268747 1.12271
-1 1530612951.673527 0.0901927 0.269566 1.12271
-1 1530612951.685012 0.0905567 0.270795 1.12272
-1 1530612951.692976 0.0908 0.271605 1.12273
-1 1530612951.704279 0.0911985 0.272819 1.12276
-1 1530612951.714648 0.0914871 0.273616 1.12278
-1 1530612951.723914 0.0918117 0.274406 1.12281
-1 1530612951.730425 0.092145 0.275185 1.12284
-1 1530612951.746360 0.0926591 0.276326 1.12289
-1 1530612951.751450 0.092976 0.277075 1.12292
-1 1530612951.756044 0.0931375 0.277438 1.12294
-1 1530612951.766213 0.0934737 0.278168 1.12296
-1 1530612951.771203 0.0938053 0.278889 1.12299
-1 1530612951.778757 0.0939633 0.279247 1.123
-1 1530612951.793394 0.094446 0.280342 1.12303
-1 1530612951.805241 0.0950791 0.281833 1.12307
-1 1530612951.815822 0.0953849 0.282578 1.12309
-1 1530612951.821664 0.0956809 0.283325 1.12312
-1 1530612951.831914 0.095964 0.284067 1.12314
-1 1530612951.838817 0.0962475 0.284805 1.12316
-1 1530612951.850737 0.0965325 0.285545 1.12317
-1 1530612951.858413 0.0969555 0.286637 1.1232
-1 1530612951.866954 0.0970981 0.286999 1.12321
-1 1530612951.876472 0.0975263 0.288103 1.12323
-1 1530612951.890998 0.097809 0.288833 1.12324
-1 1530612951.901848 0.0984069 0.290291 1.12324
-1 1530612951.915008 0.0988474 0.291345 1.12325
-1 1530612951.931976 0.0994411 0.292718 1.12325
-1 1530612951.940593 0.0998985 0.293736 1.12325
-1 1530612951.949797 0.100198 0.294436 1.12326
-1 1530612951.960313 0.100668 0.295481 1.12325
-1 1530612951.969423 0.100975 0.296176 1.12325
-1 1530612951.976785 0.101266 0.296868 1.12324
-1 1530612951.983088 0.101402 0.297212 1.12324
-1 1530612951.991408 0.101686 0.29788 1.12323
-1 1530612951.998313 0.101976 0.298547 1.12322
-1 1530612952.010837 0.102264 0.29922 1.12322
-1 1530612952.016011 0.102555 0.299887 1.12323
-1 1530612952.021999 0.102699 0.300219 1.12324
-1 1530612952.029474 0.102983 0.300871 1.12327
-1 1530612952.036156 0.103122 0.301192 1.12329
-1 1530612952.046550 0.103565 0.302124 1.12335
-1 1530612952.055591 0.103867 0.302726 1.1234
-1 1530612952.065104 0.104174 0.303318 1.12346
-1 1530612952.074457 0.104492 0.303897 1.12352
-1 1530612952.079084 0.104654 0.304183 1.12355
-1 1530612952.091170 0.104977 0.304752 1.12361
-1 1530612952.108532 0.105614 0.305862 1.12373
-1 1530612952.119947 0.106078 0.306668 1.12381
-1 1530612952.131578 0.106377 0.307192 1.12386
-1 1530612952.141541 0.106804 0.307971 1.12393
-1 1530612952.155721 0.107229 0.308754 1.12399
-1 1530612952.163538 0.10765 0.309468 1.12406
-1 1530612952.172801 0.108061 0.310116 1.12413
-1 1530612952.189250 0.108606 0.310907 1.12422
-1 1530612952.195578 0.108738 0.311091 1.12424
-1 1530612952.201942 0.108997 0.311446 1.12429
-1 1530612952.208040 0.109126 0.311618 1.12431
-1 1530612952.215883 0.109381 0.31195 1.12435
-1 1530612952.226584 0.109741 0.312435 1.1244
-1 1530612952.240838 0.110056 0.312929 1.12443
-1 1530612952.255203 0.110324 0.313426 1.12445
-1 1530612952.261896 0.110484 0.31376 1.12444
-1 1530612952.269892 0.110626 0.314088 1.12443
-1 1530612952.285260 0.110803 0.314562 1.12438
-1 1530612952.291965 0.110923 0.314997 1.12434
-1 1530612952.306576 0.111007 0.315407 1.12431
-1 1530612952.316631 0.111047 0.315666 1.1243
-1 1530612952.330569 0.111112 0.31602 1.12429
-1 1530612952.341448 0.111192 0.316441 1.12433
-1 1530612952.353772 0.111252 0.316673 1.12435
-1 1530612952.363075 0.111357 0.316964 1.12439
-1 1530612952.378056 0.111416 0.317143 1.12442
-1 1530612952.382648 0.111504 0.317402 1.12447
-1 1530612952.397863 0.111624 0.317699 1.12453
-1 1530612952.411798 0.111682 0.317858 1.12458
-1 1530612952.426139 0.111725 0.31796 1.12464
-1 1530612952.435722 0.111756 0.318046 1.1247
-1 1530612952.443536 0.11177 0.318094 1.12474
-1 1530612952.450177 0.111788 0.318132 1.12478
-1 1530612952.462926 0.111804 0.31816 1.12482
-1 1530612952.467282 0.111826 0.318177 1.12486
-1 1530612952.471057 0.111838 0.318178 1.12488
-1 1530612952.477011 0.111853 0.318177 1.12489
-1 1530612952.487204 0.111901 0.318138 1.12495
-1 1530612952.497168 0.111931 0.318085 1.12499
-1 1530612952.502844 0.11195 0.318012 1.12503
-1 1530612952.508958 0.111957 0.31797 1.12505
-1 1530612952.516834 0.111961 0.317876 1.1251
-1 1530612952.525968 0.111956 0.317773 1.12514
-1 1530612952.539411 0.111949 0.317629 1.1252
-1 1530612952.543752 0.11196 0.317589 1.12522
-1 1530612952.553012 0.111968 0.317502 1.12525
-1 1530612952.558794 0.111964 0.317453 1.12526
-1 1530612952.571447 0.111928 0.317283 1.12531
-1 1530612952.578010 0.111882 0.31715 1.12533
-1 1530612952.589923 0.111816 0.317003 1.12536
-1 1530612952.600713 0.111702 0.316757 1.1254
-1 1530612952.605289 0.111664 0.316667 1.12541
-1 1530612952.609491 0.111625 0.316572 1.12543
-1 1530612952.621466 0.111504 0.316272 1.12547
-1 1530612952.637702 0.111388 0.315941 1.12553
-1 1530612952.644854 0.111293 0.315584 1.12559
-1 1530612952.650759 0.111268 0.315461 1.12561
-1 1530612952.658396 0.111216 0.315209 1.12565
-1 1530612952.672728 0.111108 0.314683 1.12572
-1 1530612952.680449 0.11105 0.314412 1.12576
-1 1530612952.692560 0.110985 0.31413 1.1258
-1 1530612952.700185 0.110917 0.313842 1.12583
-1 1530612952.707937 0.110852 0.313556 1.12586
-1 1530612952.713162 0.11082 0.313416 1.12588
-1 1530612952.723746 0.110759 0.313137 1.1259
-1 1530612952.729928 0.110698 0.312856 1.12591
-1 1530612952.743165 0.110637 0.312567 1.12593
-1 1530612952.756192 0.110565 0.311995 1.12594
-1 1530612952.760032 0.110554 0.311854 1.12594
-1 1530612952.777056 0.110464 0.311282 1.12592
-1 1530612952.790965 0.110267 0.310688 1.1259
-1 1530612952.799995 0.110142 0.310381 1.12587
-1 1530612952.808700 0.110007 0.310065 1.12584
-1 1530612952.822265 0.109806 0.309578 1.1258
-1 1530612952.833813 0.109625 0.309093 1.12574
-1 1530612952.842572 0.109513 0.30878 1.1257
-1 1530612952.853517 0.109346 0.308324 1.12565
-1 1530612952.861731 0.109224 0.308021 1.12561
-1 1530612952.876809 0.109005 0.307542 1.12557
-1 1530612952.882407 0.108855 0.307211 1.12555
-1 1530612952.890648 0.108713 0.306872 1.1255
-1 1530612952.895602 0.108644 0.306693 1.12548
-1 1530612952.904115 0.108508 0.306319 1.12544
-1 1530612952.914998 0.108336 0.305746 1.12538
-1 1530612952.919250 0.108287 0.305561 1.12537
-1 1530612952.922889 0.108239 0.30538 1.12535
-1 1530612952.951632 0.107977 0.304325 1.12528
-1 1530612952.959989 0.107879 0.303778 1.12526
-1 1530612952.976033 0.107829 0.303407 1.12524
-1 1530612952.989311 0.107673 0.302569 1.12517
-1 1530612953.000813 0.107514 0.301882 1.12508
-1 1530612953.013741 0.107301 0.301186 1.125
-1 1530612953.018581 0.107172 0.30073 1.12494
-1 1530612953.022999 0.107113 0.300508 1.12491
-1 1530612953.027019 0.107055 0.300293 1.12488
-1 1530612953.037796 0.106912 0.299878 1.12484
-1 1530612953.042826 0.10676 0.299466 1.12481
-1 1530612953.060891 0.106426 0.298601 1.12474
-1 1530612953.069333 0.106235 0.298137 1.12471
-1 1530612953.085474 0.10591 0.297383 1.12467
-1 1530612953.089341 0.105711 0.296874 1.12462
-1 1530612953.095334 0.105619 0.296616 1.12459
-1 1530612953.099516 0.105525 0.296349 1.12455
-1 1530612953.104254 0.105427 0.296075 1.12452
-1 1530612953.118504 0.105322 0.295788 1.12449
-1 1530612953.126124 0.10494 0.294618 1.12436
-1 1530612953.131313 0.10485 0.294326 1.12432
-1 1530612953.141176 0.104666 0.293742 1.12425
-1 1530612953.146716 0.104574 0.293446 1.12421
-1 1530612953.154727 0.104421 0.292881 1.12414
-1 1530612953.160293 0.104344 0.292603 1.12411
-1 1530612953.188559 0.104175 0.292053 1.12403
-1 1530612953.202546 0.103406 0.290037 1.12374
-1 1530612953.209594 0.102961 0.288862 1.12349
-1 1530612953.227878 0.102616 0.287987 1.1233
-1 1530612953.236639 0.102079 0.286575 1.12295
-1 1530612953.246725 0.101855 0.286005 1.12282
-1 1530612953.255890 0.101538 0.285143 1.12263
-1 1530612953.264763 0.10133 0.28457 1.12248
-1 1530612953.274746 0.101127 0.283995 1.12233
-1 1530612953.285491 0.100825 0.283134 1.1221
-1 1530612953.295070 0.100632 0.282556 1.12194
-1 1530612953.302790 0.100463 0.28197 1.12177
-1 1530612953.306760 0.100381 0.28168 1.12168
-1 1530612953.318769 0.100219 0.281096 1.1215
-1 1530612953.327018 0.100046 0.280511 1.12132
-1 1530612953.332848 0.0998588 0.279923 1.12114
-1 1530612953.337705 0.099761 0.279625 1.12105
-1 1530612953.344638 0.0996578 0.279325 1.12096
-1 1530612953.360235 0.0993672 0.278423 1.12067
-1 1530612953.372963 0.0990514 0.277536 1.1204
-1 1530612953.383834 0.0987156 0.276618 1.12012
-1 1530612953.388843 0.0984511 0.275974 1.11994
-1 1530612953.398586 0.0981651 0.27532 1.11976
-1 1530612953.403794 0.0980159 0.274991 1.11967
-1 1530612953.411614 0.0976919 0.274329 1.11948
-1 1530612953.417540 0.097519 0.274002 1.11938
-1 1530612953.425037 0.0971513 0.273356 1.11919
-1 1530612953.434315 0.0969589 0.273038 1.11909
-1 1530612953.450715 0.0959042 0.271493 1.11863
-1 1530612953.461449 0.0954777 0.270913 1.11845
-1 1530612953.473999 0.0950586 0.270344 1.11828
-1 1530612953.486488 0.094464 0.26948 1.11802
-1 1530612953.493187 0.0939051 0.26859 1.11776
-1 1530612953.505126 0.0934022 0.267696 1.11752
-1 1530612953.508863 0.0932367 0.267395 1.11745
-1 1530612953.515212 0.0930746 0.267094 1.11737
-1 1530612953.522954 0.092764 0.266499 1.11722
-1 1530612953.535787 0.0923127 0.265634 1.11701
-1 1530612953.540872 0.0919915 0.265017 1.11687
-1 1530612953.545882 0.0918487 0.264717 1.11679
-1 1530612953.553165 0.0917039 0.264415 1.11672
-1 1530612953.564464 0.0912467 0.263506 1.11649
-1 1530612953.569387 0.0909384 0.262912 1.11634
-1 1530612953.587217 0.0902449 0.261689 1.11603
-1 1530612953.593701 0.0898934 0.261098 1.11587
-1 1530612953.597921 0.0897195 0.260808 1.1158
-1 1530612953.609496 0.089381 0.26023 1.11564
-1 1530612953.618427 0.0890513 0.259648 1.11549
-1 1530612953.624030 0.088727 0.259074 1.11534
-1 1530612953.633622 0.0883984 0.258495 1.1152
-1 1530612953.643230 0.0882363 0.258203 1.11513
-1 1530612953.649684 0.0879247 0.257614 1.115
-1 1530612953.657881 0.0876243 0.257006 1.11487
-1 1530612953.677293 0.0870279 0.25576 1.11462
-1 1530612953.689488 0.0865918 0.254836 1.11443
-1 1530612953.702520 0.0860542 0.253667 1.11418
-1 1530612953.717512 0.0853248 0.252245 1.11386
-1 1530612953.725574 0.0850246 0.251712 1.11373
-1 1530612953.733792 0.0847261 0.251199 1.11361
-1 1530612953.748759 0.084162 0.250192 1.11336
-1 1530612953.755425 0.083921 0.249718 1.11323
-1 1530612953.763075 0.0837995 0.249484 1.11318
-1 1530612953.775180 0.0833041 0.248541 1.11305
-1 1530612953.783007 0.0830425 0.248048 1.11303
-1 1530612953.793827 0.0826407 0.247287 1.11302
-1 1530612953.801037 0.0825064 0.247031 1.11302
-1 1530612953.807859 0.0822382 0.246516 1.11304
-1 1530612953.820665 0.081846 0.245738 1.11309
-1 1530612953.829672 0.0815885 0.245212 1.11314
-1 1530612953.835757 0.0814645 0.24495 1.11316
-1 1530612953.851942 0.081111 0.244201 1.11323
-1 1530612953.858244 0.0807778 0.24351 1.1133
-1 1530612953.862621 0.0806684 0.24329 1.11333
-1 1530612953.875557 0.0803453 0.242647 1.11341
-1 1530612953.885779 0.080132 0.242213 1.11347
-1 1530612953.894894 0.0799316 0.241778 1.11352
-1 1530612953.903952 0.0797452 0.241344 1.11358
-1 1530612953.909289 0.0795626 0.240911 1.11363
-1 1530612953.917112 0.0794727 0.240697 1.11366
-1 1530612953.929513 0.0792036 0.24005 1.11374
-1 1530612953.937309 0.0790122 0.239618 1.11378
-1 1530612953.946244 0.0789199 0.239399 1.11381
-1 1530612953.953505 0.0787506 0.238998 1.11385
-1 1530612953.961128 0.0785615 0.238601 1.11389
-1 1530612953.965819 0.0784622 0.238406 1.11392
-1 1530612953.971926 0.0783624 0.238215 1.11394
-1 1530612953.982708 0.0780491 0.237654 1.114
-1 1530612953.999639 0.0778303 0.237286 1.11403
-1 1530612954.009779 0.0773857 0.236562 1.11409
-1 1530612954.020956 0.07704 0.236051 1.11413
-1 1530612954.030845 0.0767078 0.235548 1.11415
-1 1530612954.050680 0.0762992 0.234875 1.11419
-1 1530612954.061290 0.0762012 0.234702 1.11421
-1 1530612954.068734 0.0759145 0.234162 1.11425
-1 1530612954.075636 0.0758186 0.233978 1.11426
-1 1530612954.082322 0.0756353 0.23361 1.11429
-1 1530612954.087435 0.0755463 0.233428 1.11431
-1 1530612954.101465 0.0753725 0.233074 1.11435
-1 1530612954.107599 0.0751184 0.232577 1.11441
-1 1530612954.118713 0.0749643 0.232268 1.11445
-1 1530612954.128916 0.07483 0.231969 1.11449
-1 1530612954.138831 0.0746702 0.231528 1.11456
-1 1530612954.146305 0.0745804 0.231227 1.1146
-1 1530612954.162919 0.0745005 0.230919 1.11465
-1 1530612954.167256 0.0744474 0.230479 1.11471
-1 1530612954.180497 0.0744022 0.230188 1.11476
-1 1530612954.188051 0.0743054 0.229758 1.11483
-1 1530612954.196254 0.0742369 0.229483 1.11488
-1 1530612954.210443 0.0741282 0.228951 1.11496
-1 1530612954.215307 0.0741044 0.228824 1.11498
-1 1530612954.237733 0.0740221 0.228321 1.11506
-1 1530612954.245620 0.0739571 0.227832 1.11516
-1 1530612954.257912 0.0739415 0.227591 1.1152
-1 1530612954.270823 0.0739295 0.227143 1.11529
-1 1530612954.283999 0.0739223 0.226838 1.11535
-1 1530612954.295906 0.0739289 0.226541 1.1154
-1 1530612954.309125 0.0739363 0.226245 1.11545
-1 1530612954.315938 0.0739343 0.226064 1.11547
-1 1530612954.328257 0.0739363 0.225807 1.11551
-1 1530612954.371551 0.0739845 0.225478 1.11556
-1 1530612954.381641 0.0742356 0.22466 1.11568
-1 1530612954.389601 0.0743006 0.224471 1.1157
-1 1530612954.400893 0.07441 0.224202 1.11574
-1 1530612954.418969 0.0745775 0.223857 1.11577
-1 1530612954.428654 0.07466 0.223694 1.11579
-1 1530612954.433846 0.0747374 0.223543 1.11581
-1 1530612954.443328 0.0748102 0.223398 1.11582
-1 1530612954.447814 0.0748473 0.223325 1.11583
-1 1530612954.456730 0.0749216 0.223181 1.11585
-1 1530612954.462152 0.0749604 0.223109 1.11586
-1 1530612954.467481 0.0749985 0.223035 1.11586
-1 1530612954.484493 0.0750732 0.222881 1.11587
-1 1530612954.493528 0.0752093 0.222575 1.1159
-1 1530612954.508991 0.0753185 0.222365 1.11591
-1 1530612954.520527 0.0754368 0.222183 1.11593
-1 1530612954.529484 0.075516 0.222072 1.11594
-1 1530612954.538282 0.0755976 0.221964 1.11594
-1 1530612954.550938 0.0756817 0.221863 1.11595
-1 1530612954.564162 0.0758985 0.221676 1.11596
-1 1530612954.581062 0.0760684 0.221508 1.11596
-1 1530612954.593174 0.0762842 0.221183 1.11597
-1 1530612954.604927 0.0763519 0.221053 1.11598
-1 1530612954.613620 0.0764147 0.220926 1.11599
-1 1530612954.626236 0.0765213 0.220743 1.116
-1 1530612954.638653 0.0766432 0.220567 1.11601
-1 1530612954.654093 0.0768395 0.220345 1.11603
-1 1530612954.661208 0.0768907 0.220292 1.11604
-1 1530612954.666957 0.0769957 0.220191 1.11605
-1 1530612954.671733 0.0770486 0.220138 1.11606
-1 1530612954.678165 0.0771507 0.220027 1.11607
-1 1530612954.684811 0.0771997 0.219971 1.11607
-1 1530612954.696780 0.0773503 0.219803 1.11609
-1 1530612954.714407 0.0774992 0.219647 1.1161
-1 1530612954.727953 0.0776772 0.21946 1.1161
-1 1530612954.737755 0.0777978 0.219339 1.11611
-1 1530612954.742587 0.0778788 0.219267 1.11612
-1 1530612954.746413 0.0779226 0.219239 1.11612
-1 1530612954.756514 0.0779733 0.219214 1.11613
-1 1530612954.766720 0.078114 0.219142 1.11614
-1 1530612954.770762 0.0782045 0.219092 1.11615
-1 1530612954.777114 0.0782513 0.219065 1.11616
