-1 1528712355.471891 0.0707425 0.0797351 1.07141
-1 1528712355.479110 0.0707252 0.0796823 1.0714
-1 1528712355.486278 0.0707247 0.0796741 1.0714
-1 1528712355.493199 0.0707339 0.0796592 1.07139
-1 1528712355.504325 0.0707504 0.0796382 1.07139
-1 1528712355.538858 0.0707159 0.0795218 1.07139
-1 1528712355.547678 0.0707075 0.0795066 1.07139
-1 1528712355.560979 0.0706883 0.0794672 1.07138
-1 1528712355.564252 0.070691 0.0794479 1.07138
-1 1528712355.577367 0.0707065 0.0794341 1.07138
-1 1528712355.589030 0.0707157 0.0794248 1.07139
-1 1528712355.597095 0.0707047 0.0794202 1.07139
-1 1528712355.606067 0.0706884 0.0794128 1.07139
-1 1528712355.614640 0.0706704 0.079404 1.0714
-1 1528712355.624362 0.070657 0.0793942 1.0714
-1 1528712355.631857 0.070647 0.0793874 1.0714
-1 1528712355.638345 0.0706359 0.0793801 1.0714
-1 1528712355.652834 0.0706244 0.079375 1.07141
-1 1528712355.662421 0.0706012 0.079374 1.07142
-1 1528712355.667603 0.0705825 0.0793822 1.07143
-1 1528712355.690419 0.0705399 0.079423 1.07144
-1 1528712355.695848 0.070513 0.0794538 1.07145
-1 1528712355.701766 0.0705002 0.0794706 1.07145
-1 1528712355.711383 0.0704668 0.0795077 1.07145
-1 1528712355.718468 0.0704014 0.0795519 1.07145
-1 1528712355.722112 0.0703747 0.0795647 1.07145
-1 1528712355.731081 0.0703248 0.0795853 1.07144
-1 1528712355.739313 0.0702667 0.0796027 1.07144
-1 1528712355.747937 0.0702368 0.0796089 1.07144
-1 1528712355.755587 0.0701496 0.0796337 1.07144
-1 1528712355.768958 0.0700919 0.079649 1.07144
-1 1528712355.777665 0.0699996 0.079677 1.07145
-1 1528712355.785949 0.0699401 0.079703 1.07145
-1 1528712355.792694 0.0698853 0.0797258 1.07146
-1 1528712355.798360 0.0698585 0.0797343 1.07146
-1 1528712355.806401 0.0698002 0.0797519 1.07146
-1 1528712355.817776 0.0697386 0.0797731 1.07147
-1 1528712355.820626 0.0697063 0.0797849 1.07147
-1 1528712355.825175 0.0696728 0.0797966 1.07147
-1 1528712355.828975 0.069638 0.079807 1.07147
-1 1528712355.836137 0.0695682 0.0798267 1.07147
-1 1528712355.851401 0.0694985 0.079846 1.07147
-1 1528712355.855396 0.0693886 0.0798804 1.07147
-1 1528712355.864172 0.0693163 0.0799056 1.07148
-1 1528712355.877645 0.0692407 0.0799255 1.07148
-1 1528712355.886766 0.0691204 0.0799427 1.07149
-1 1528712355.895328 0.0690413 0.079953 1.07149
-1 1528712355.900520 0.0689524 0.0799579 1.0715
-1 1528712355.905383 0.0689111 0.0799607 1.0715
-1 1528712355.913747 0.0688326 0.0799643 1.07151
-1 1528712355.918658 0.068795 0.0799656 1.07151
-1 1528712355.922976 0.0687591 0.079968 1.07152
-1 1528712355.932421 0.0686918 0.0799753 1.07153
-1 1528712355.944265 0.0685917 0.0799914 1.07156
-1 1528712355.952749 0.0685214 0.0800038 1.07158
-1 1528712355.966180 0.0684111 0.0800214 1.07161
-1 1528712355.974834 0.0683343 0.0800274 1.07163
-1 1528712355.981823 0.0682541 0.0800293 1.07165
-1 1528712355.999650 0.0681346 0.0800309 1.07168
-1 1528712356.005867 0.0680536 0.0800347 1.0717
-1 1528712356.017047 0.0679294 0.0800395 1.07173
-1 1528712356.025131 0.0678402 0.0800425 1.07175
-1 1528712356.033942 0.0677428 0.0800477 1.07176
-1 1528712356.040060 0.0676413 0.0800599 1.07178
-1 1528712356.048130 0.0675905 0.0800708 1.07179
-1 1528712356.055802 0.0674438 0.0801102 1.0718
-1 1528712356.063269 0.0673488 0.0801358 1.07181
-1 1528712356.067147 0.067301 0.0801471 1.07182
-1 1528712356.070396 0.0672514 0.0801558 1.07182
-1 1528712356.075414 0.0672108 0.0801671 1.07182
-1 1528712356.086428 0.0671122 0.0801912 1.07183
-1 1528712356.093048 0.067014 0.0802112 1.07183
-1 1528712356.100203 0.0669182 0.0802192 1.07184
-1 1528712356.107618 0.0668149 0.0802154 1.07184
-1 1528712356.116858 0.0667589 0.0802107 1.07184
-1 1528712356.122824 0.0666464 0.0801996 1.07184
-1 1528712356.132003 0.0665326 0.080191 1.07183
-1 1528712356.137675 0.0664202 0.0801875 1.07182
-1 1528712356.146634 0.0663648 0.0801877 1.07182
-1 1528712356.153179 0.06625 0.0801912 1.0718
-1 1528712356.158351 0.0661306 0.0801945 1.07179
-1 1528712356.166067 0.0660702 0.080197 1.07178
-1 1528712356.170886 0.0659481 0.0802051 1.07176
-1 1528712356.176242 0.0658872 0.080207 1.07175
-1 1528712356.186535 0.0658243 0.0802065 1.07174
-1 1528712356.197891 0.0656387 0.0801892 1.0717
-1 1528712356.207650 0.0654743 0.0801781 1.07165
-1 1528712356.215841 0.0653766 0.0801764 1.07161
-1 1528712356.224416 0.0652938 0.08019 1.07156
-1 1528712356.229327 0.0652273 0.0802088 1.0715
-1 1528712356.242351 0.0651594 0.0802205 1.07138
-1 1528712356.250697 0.0651379 0.0802298 1.07129
-1 1528712356.258765 0.0651172 0.0802516 1.07118
-1 1528712356.269944 0.0651034 0.0802664 1.07112
-1 1528712356.275445 0.0650514 0.0802936 1.07092
-1 1528712356.288441 0.065035 0.0802714 1.07077
-1 1528712356.296803 0.0650588 0.080206 1.07051
-1 1528712356.309201 0.0650894 0.0801663 1.07032
-1 1528712356.325825 0.0652259 0.0801794 1.0699
-1 1528712356.331436 0.0653321 0.0802292 1.06966
-1 1528712356.344958 0.0655262 0.080325 1.06924
-1 1528712356.351533 0.0657002 0.080415 1.06892
-1 1528712356.367043 0.0661117 0.0805811 1.06818
-1 1528712356.374278 0.0662364 0.0806249 1.06798
-1 1528712356.380661 0.0665137 0.0807349 1.06754
-1 1528712356.389043 0.0668096 0.0808562 1.06706
-1 1528712356.398583 0.0670873 0.0809618 1.06654
-1 1528712356.407048 0.0673397 0.0810202 1.06597
-1 1528712356.419960 0.0675959 0.0810295 1.06537
-1 1528712356.428723 0.0680565 0.0810037 1.06444
-1 1528712356.433905 0.0684157 0.0809776 1.06381
-1 1528712356.448259 0.0688285 0.0809621 1.06317
-1 1528712356.455609 0.069506 0.0809569 1.06222
-1 1528712356.470911 0.0699571 0.0809411 1.06157
-1 1528712356.478736 0.0706084 0.0808357 1.06057
-1 1528712356.487198 0.0712686 0.0807152 1.05954
-1 1528712356.497077 0.0714901 0.080672 1.05917
-1 1528712356.504829 0.0721399 0.0805665 1.05803
-1 1528712356.514809 0.0725353 0.0804852 1.05722
-1 1528712356.525788 0.0730676 0.0802685 1.05596
-1 1528712356.535734 0.0733809 0.0800752 1.05508
-1 1528712356.540470 0.0735331 0.0799698 1.05464
-1 1528712356.547585 0.073811 0.0797324 1.05374
-1 1528712356.551101 0.0739362 0.0796002 1.05329
-1 1528712356.557680 0.0741501 0.0793466 1.05239
-1 1528712356.566084 0.0742445 0.0792333 1.05194
-1 1528712356.576951 0.0745381 0.0789853 1.05057
-1 1528712356.583627 0.074796 0.0789166 1.04965
-1 1528712356.597820 0.0751309 0.0789358 1.04872
-1 1528712356.604316 0.0755138 0.0790293 1.04779
-1 1528712356.614089 0.0759024 0.0791434 1.04684
-1 1528712356.626609 0.0764098 0.0793004 1.04539
-1 1528712356.634408 0.0767532 0.0793965 1.0444
-1 1528712356.638044 0.0769248 0.0794249 1.0439
-1 1528712356.644648 0.0770933 0.0794302 1.0434
-1 1528712356.651969 0.0775444 0.0793272 1.0419
-1 1528712356.658122 0.0778111 0.0792004 1.04091
-1 1528712356.664470 0.0779306 0.0791224 1.04041
-1 1528712356.671000 0.0780526 0.0790305 1.03992
-1 1528712356.681247 0.0784165 0.0787574 1.03846
-1 1528712356.687547 0.0786466 0.0785785 1.03748
-1 1528712356.696428 0.0787728 0.0784905 1.037
-1 1528712356.706930 0.0791406 0.0782912 1.03552
-1 1528712356.730595 0.0793561 0.0782276 1.03452
-1 1528712356.740110 0.0798993 0.0781268 1.03157
-1 1528712356.746176 0.079995 0.0781231 1.03111
-1 1528712356.754130 0.0802133 0.0781139 1.03019
-1 1528712356.758784 0.0804605 0.0781096 1.02929
-1 1528712356.764106 0.0805939 0.0781011 1.02885
-1 1528712356.778795 0.0808741 0.0780728 1.02796
-1 1528712356.782197 0.0811525 0.0780456 1.02707
-1 1528712356.792894 0.0814309 0.0780255 1.02617
-1 1528712356.801348 0.081854 0.0779638 1.02479
-1 1528712356.810111 0.0820843 0.0778655 1.02384
-1 1528712356.814341 0.0821812 0.0778038 1.02335
-1 1528712356.824497 0.0823578 0.0776944 1.02235
-1 1528712356.831306 0.0825244 0.0776404 1.02132
-1 1528712356.838923 0.0827128 0.0776642 1.02027
-1 1528712356.845139 0.0828987 0.0777204 1.0192
-1 1528712356.849880 0.0829931 0.0777581 1.01866
-1 1528712356.854716 0.0830886 0.0778089 1.01812
-1 1528712356.865630 0.0833163 0.0779293 1.01703
-1 1528712356.873020 0.0836112 0.0780604 1.01596
-1 1528712356.877610 0.0837687 0.0781181 1.01542
-1 1528712356.883399 0.0839292 0.0781628 1.01489
-1 1528712356.887507 0.0842667 0.0781931 1.01383
-1 1528712356.904688 0.0844471 0.0781803 1.0133
-1 1528712356.928211 0.0857242 0.0777517 1.00892
-1 1528712356.933451 0.0859677 0.077667 1.00777
-1 1528712356.946970 0.0861979 0.0776316 1.00663
-1 1528712356.965108 0.086843 0.0777045 1.00382
-1 1528712356.974730 0.0871302 0.0777308 1.00271
-1 1528712356.981003 0.0874158 0.0777344 1.0016
-1 1528712356.997135 0.0875636 0.0777248 1.00104
-1 1528712357.014351 0.0886147 0.0773102 0.997059
-1 1528712357.024750 0.0890574 0.0770124 0.995318
-1 1528712357.031726 0.0892054 0.0769112 0.994734
-1 1528712357.037858 0.089506 0.0767094 0.993546
-1 1528712357.044654 0.0896326 0.076629 0.99294
-1 1528712357.047360 0.0897533 0.0765637 0.992335
-1 1528712357.054065 0.0898703 0.0765153 0.991736
-1 1528712357.059316 0.0901211 0.0764404 0.990542
-1 1528712357.064065 0.0902549 0.0764158 0.989948
-1 1528712357.074448 0.0905193 0.0763966 0.988778
-1 1528712357.083164 0.0907965 0.0763767 0.987623
-1 1528712357.096309 0.0910172 0.0763303 0.986491
-1 1528712357.101312 0.0913178 0.0761836 0.984812
-1 1528712357.114726 0.0915552 0.0759415 0.983173
-1 1528712357.137817 0.0916849 0.0757453 0.982105
-1 1528712357.144344 0.0918989 0.0752486 0.979489
-1 1528712357.151974 0.0919579 0.0750984 0.978498
-1 1528712357.157444 0.092004 0.075012 0.978008
-1 1528712357.168220 0.0922133 0.0746953 0.976589
-1 1528712357.176676 0.0924063 0.0744436 0.975695
-1 1528712357.183535 0.0926675 0.0741208 0.974829
-1 1528712357.200793 0.0929977 0.0737065 0.973994
-1 1528712357.212023 0.0936917 0.0728857 0.972505
-1 1528712357.218868 0.0941113 0.0725982 0.971901
-1 1528712357.229644 0.0945479 0.0724272 0.97138
-1 1528712357.239599 0.0952275 0.0723151 0.970711
-1 1528712357.244497 0.0954329 0.0722925 0.970492
-1 1528712357.253192 0.0958884 0.0723111 0.970094
-1 1528712357.259182 0.0963818 0.0723944 0.969751
-1 1528712357.263797 0.0966391 0.0724535 0.9696
-1 1528712357.272282 0.0971926 0.0726022 0.969351
-1 1528712357.281194 0.0978046 0.072735 0.969146
-1 1528712357.295932 0.0990483 0.072895 0.96881
-1 1528712357.310877 0.0999124 0.0728486 0.968547
-1 1528712357.319818 0.100455 0.072732 0.968325
-1 1528712357.328206 0.100945 0.0725598 0.96809
-1 1528712357.338074 0.101589 0.0722158 0.967697
-1 1528712357.350379 0.10188 0.0719373 0.967399
-1 1528712357.360787 0.102248 0.0714244 0.966922
-1 1528712357.386136 0.102756 0.0702594 0.965825
-1 1528712357.395741 0.102888 0.0698534 0.965432
-1 1528712357.407121 0.103089 0.069318 0.964839
-1 1528712357.420820 0.103281 0.0688985 0.964245
-1 1528712357.452479 0.103418 0.0686638 0.963848
-1 1528712357.456982 0.104053 0.0678542 0.962358
-1 1528712357.467180 0.104134 0.0677525 0.962177
-1 1528712357.474495 0.104301 0.0675458 0.961824
-1 1528712357.481993 0.10449 0.0673586 0.961491
-1 1528712357.496351 0.104744 0.0671125 0.960994
-1 1528712357.504235 0.104921 0.0669584 0.960668
-1 1528712357.515335 0.105102 0.0668228 0.960358
-1 1528712357.524286 0.105372 0.066633 0.959898
-1 1528712357.532170 0.105565 0.0665059 0.959592
-1 1528712357.541308 0.105764 0.0663865 0.959291
-1 1528712357.547365 0.105968 0.0662835 0.958994
-1 1528712357.555332 0.106072 0.0662342 0.958846
-1 1528712357.566239 0.106378 0.0660868 0.958407
-1 1528712357.571022 0.106568 0.0659948 0.958108
-1 1528712357.579317 0.106754 0.0659017 0.957785
-1 1528712357.586230 0.106831 0.0658593 0.957641
-1 1528712357.594210 0.106973 0.0657725 0.957366
-1 1528712357.602051 0.107035 0.0657277 0.957228
-1 1528712357.610642 0.107194 0.0655806 0.956825
-1 1528712357.621349 0.107369 0.0653929 0.956411
-1 1528712357.630287 0.10746 0.0652789 0.956171
-1 1528712357.637162 0.107548 0.0651608 0.955957
-1 1528712357.648882 0.107592 0.065095 0.955848
-1 1528712357.657688 0.107657 0.064916 0.955561
-1 1528712357.671909 0.107658 0.0648114 0.9554
-1 1528712357.689099 0.107636 0.0647042 0.954537
-1 1528712357.695268 0.107635 0.0646918 0.954499
-1 1528712357.702482 0.107586 0.0646727 0.954452
-1 1528712357.710143 0.107517 0.0646504 0.95443
-1 1528712357.732919 0.107465 0.0646342 0.954007
-1 1528712357.739314 0.107377 0.0646467 0.954102
-1 1528712357.743347 0.107353 0.0646494 0.95414
-1 1528712357.756174 0.107269 0.0646809 0.95428
-1 1528712357.766178 0.107205 0.0647179 0.954389
-1 1528712357.775087 0.107137 0.0647563 0.954502
-1 1528712357.781361 0.107077 0.0648019 0.954625
-1 1528712357.786676 0.107021 0.0648582 0.954753
-1 1528712357.794553 0.106993 0.0648842 0.954817
-1 1528712357.801880 0.106938 0.0649257 0.954944
-1 1528712357.809639 0.106879 0.0649578 0.955071
-1 1528712357.814482 0.106849 0.0649652 0.955134
-1 1528712357.827987 0.106768 0.0649755 0.955329
-1 1528712357.837330 0.106722 0.0649704 0.955461
-1 1528712357.844188 0.10668 0.0649478 0.955588
-1 1528712357.850713 0.106632 0.0649057 0.955707
-1 1528712357.858863 0.106584 0.064841 0.955816
-1 1528712357.866387 0.106562 0.0648016 0.95587
-1 1528712357.874063 0.106532 0.0647355 0.955972
-1 1528712357.881367 0.106492 0.0646881 0.956071
-1 1528712357.888438 0.106447 0.064643 0.956161
-1 1528712357.894395 0.106427 0.0646205 0.956204
-1 1528712357.903515 0.106411 0.0645975 0.956247
-1 1528712357.909855 0.106374 0.0645404 0.956365
-1 1528712357.917905 0.106365 0.0645294 0.956401
-1 1528712357.925035 0.106354 0.0645084 0.956469
-1 1528712357.933631 0.10636 0.0644714 0.956565
-1 1528712357.946053 0.106373 0.0644471 0.95662
-1 1528712357.952759 0.106391 0.0644195 0.95667
-1 1528712357.961740 0.106419 0.0643781 0.956715
-1 1528712357.972281 0.10645 0.0643287 0.956759
-1 1528712357.976781 0.106479 0.0642815 0.956795
-1 1528712357.982472 0.106492 0.0642583 0.956811
-1 1528712357.993607 0.106532 0.0641892 0.956855
-1 1528712357.998102 0.106547 0.0641686 0.956869
-1 1528712358.005054 0.106572 0.0641303 0.956892
-1 1528712358.013771 0.106591 0.0640868 0.956912
-1 1528712358.020297 0.106611 0.0640428 0.956933
-1 1528712358.027723 0.106637 0.0640056 0.956958
-1 1528712358.036494 0.10665 0.0639872 0.956972
-1 1528712358.045558 0.106677 0.0639529 0.957004
-1 1528712358.054336 0.106724 0.0639123 0.957063
-1 1528712358.066016 0.106752 0.0638895 0.957103
-1 1528712358.076340 0.106765 0.0638809 0.957123
-1 1528712358.083628 0.106798 0.0638707 0.957174
-1 1528712358.103382 0.106813 0.0638225 0.957219
-1 1528712358.112365 0.106822 0.0637683 0.957252
-1 1528712358.117746 0.106828 0.0636983 0.957286
-1 1528712358.124951 0.106831 0.0636206 0.957319
-1 1528712358.132108 0.106831 0.063545 0.957352
-1 1528712358.142873 0.106842 0.0634337 0.957409
-1 1528712358.152867 0.106864 0.0633401 0.957464
-1 1528712358.159908 0.106877 0.0632862 0.957497
-1 1528712358.173073 0.106893 0.0632279 0.957537
-1 1528712358.180387 0.106902 0.063199 0.957554
-1 1528712358.184056 0.106908 0.0631858 0.957559
-1 1528712358.194762 0.106919 0.0631677 0.957565
-1 1528712358.197967 0.106921 0.0631594 0.957567
-1 1528712358.202682 0.106921 0.0631491 0.957568
-1 1528712358.221003 0.106917 0.0630966 0.957569
-1 1528712358.230861 0.106942 0.0630272 0.957568
-1 1528712358.247325 0.106981 0.0629457 0.957559
-1 1528712358.254593 0.107032 0.0628425 0.957537
-1 1528712358.273331 0.107088 0.0627562 0.957511
-1 1528712358.280245 0.107147 0.0627009 0.957497
-1 1528712358.288426 0.107182 0.0627002 0.9575
-1 1528712358.300205 0.107223 0.0626992 0.957505
-1 1528712358.306982 0.107298 0.0626744 0.957523
-1 1528712358.313366 0.107366 0.0626567 0.957544
-1 1528712358.318320 0.1074 0.0626537 0.957557
-1 1528712358.322810 0.107433 0.0626554 0.95757
-1 1528712358.326154 0.107466 0.0626573 0.957585
-1 1528712358.334072 0.107497 0.0626575 0.9576
-1 1528712358.353255 0.107687 0.0625994 0.957727
-1 1528712358.365135 0.107744 0.0625727 0.957786
-1 1528712358.368330 0.10777 0.0625568 0.95782
-1 1528712358.377868 0.107824 0.0625266 0.957897
-1 1528712358.385336 0.107873 0.0624999 0.957991
-1 1528712358.395905 0.107911 0.0624661 0.958096
-1 1528712358.402307 0.107926 0.0624481 0.958154
-1 1528712358.405916 0.107958 0.0624108 0.958287
-1 1528712358.414290 0.107988 0.0623759 0.958445
-1 1528712358.421477 0.108012 0.0623568 0.958625
-1 1528712358.428921 0.108031 0.0623449 0.958829
-1 1528712358.436845 0.108038 0.0623398 0.958944
-1 1528712358.444942 0.108044 0.0623398 0.959197
-1 1528712358.452712 0.108045 0.0623502 0.959478
-1 1528712358.456761 0.108046 0.0623589 0.959629
-1 1528712358.469946 0.108034 0.0623785 0.960122
-1 1528712358.476203 0.108011 0.0623774 0.960493
-1 1528712358.487732 0.107955 0.0623905 0.960886
-1 1528712358.515799 0.10786 0.0623791 0.96151
-1 1528712358.521600 0.107659 0.0623659 0.962665
-1 1528712358.534603 0.107461 0.0623831 0.963658
-1 1528712358.547683 0.107332 0.0623662 0.964172
-1 1528712358.558446 0.107107 0.0622524 0.964968
-1 1528712358.568103 0.106941 0.0621078 0.965533
-1 1528712358.575579 0.106757 0.0619251 0.966129
-1 1528712358.586220 0.106548 0.0617105 0.966752
-1 1528712358.592206 0.106325 0.0614741 0.967403
-1 1528712358.600139 0.106206 0.0613512 0.967739
-1 1528712358.606957 0.105959 0.0611137 0.968434
-1 1528712358.614437 0.105568 0.0608089 0.96951
-1 1528712358.627074 0.105295 0.0606577 0.970245
-1 1528712358.634384 0.105019 0.0605669 0.970994
-1 1528712358.649309 0.10447 0.0605241 0.972524
-1 1528712358.656064 0.104206 0.0605519 0.973302
-1 1528712358.672298 0.103949 0.0606026 0.97409
-1 1528712358.677837 0.103549 0.0606977 0.975275
-1 1528712358.684583 0.10327 0.0607693 0.976071
-1 1528712358.697100 0.103 0.0608705 0.976879
-1 1528712358.704561 0.102876 0.060927 0.97729
-1 1528712358.715963 0.102571 0.0611311 0.978577
-1 1528712358.727630 0.102354 0.0613774 0.979946
-1 1528712358.741737 0.102189 0.0616612 0.981364
-1 1528712358.746873 0.102059 0.0619755 0.982807
-1 1528712358.756283 0.101985 0.0622119 0.98378
-1 1528712358.764978 0.10195 0.0623343 0.984269
-1 1528712358.776724 0.101867 0.0626961 0.985743
-1 1528712358.782034 0.101831 0.0629369 0.986728
-1 1528712358.787791 0.101817 0.0630527 0.987227
-1 1528712358.795633 0.101805 0.0632687 0.988229
-1 1528712358.798366 0.101805 0.0633697 0.988734
-1 1528712358.807970 0.101817 0.0635655 0.989754
-1 1528712358.819770 0.101853 0.0637418 0.990785
-1 1528712358.825558 0.101913 0.0638957 0.991831
-1 1528712358.833065 0.10199 0.064036 0.992894
-1 1528712358.838273 0.102036 0.0641029 0.993431
-1 1528712358.846563 0.102141 0.0642243 0.994511
-1 1528712358.851836 0.102196 0.0642815 0.995053
-1 1528712358.858181 0.10232 0.0643838 0.996139
-1 1528712358.874034 0.102609 0.0645456 0.998322
-1 1528712358.880369 0.10269 0.0645759 0.998867
-1 1528712358.893605 0.102901 0.0646126 1.00051
-1 1528712358.901148 0.103096 0.0646638 1.00217
-1 1528712358.906775 0.103158 0.0646749 1.00272
-1 1528712358.913013 0.103271 0.0646946 1.00383
-1 1528712358.923661 0.103358 0.0647204 1.00494
-1 1528712358.932251 0.103438 0.0647341 1.00605
-1 1528712358.938401 0.103519 0.0647428 1.00718
-1 1528712358.948964 0.103561 0.0647446 1.00775
-1 1528712358.955083 0.103666 0.0647439 1.00947
-1 1528712358.966134 0.103734 0.0647393 1.01063
-1 1528712358.973366 0.103815 0.0647317 1.01178
-1 1528712358.977405 0.103856 0.0647239 1.01236
-1 1528712358.984979 0.10393 0.064699 1.01351
-1 1528712358.996186 0.104003 0.0646674 1.01467
-1 1528712359.003499 0.104068 0.0646349 1.01583
-1 1528712359.008867 0.104094 0.0646211 1.01641
-1 1528712359.012113 0.104113 0.0646041 1.01699
-1 1528712359.018800 0.104152 0.0645716 1.01816
-1 1528712359.028141 0.104166 0.0645531 1.01874
-1 1528712359.044404 0.1042 0.0644311 1.02169
-1 1528712359.052311 0.104193 0.0643624 1.02288
-1 1528712359.055875 0.104185 0.0643261 1.02347
-1 1528712359.064485 0.104179 0.064253 1.02466
-1 1528712359.076439 0.104177 0.0641887 1.02583
-1 1528712359.090330 0.104122 0.0639825 1.02814
-1 1528712359.096599 0.104063 0.0638488 1.02927
-1 1528712359.107708 0.104012 0.0637124 1.03038
-1 1528712359.114540 0.103969 0.0635539 1.03146
-1 1528712359.121509 0.103964 0.06339 1.03253
-1 1528712359.129603 0.103978 0.0632382 1.03357
-1 1528712359.133767 0.103987 0.0631648 1.03409
-1 1528712359.145418 0.103994 0.0630289 1.0351
-1 1528712359.156668 0.103979 0.0628677 1.03657
-1 1528712359.164834 0.103955 0.0627762 1.03751
-1 1528712359.170961 0.103909 0.062685 1.03843
-1 1528712359.182477 0.103859 0.0625841 1.03931
-1 1528712359.186743 0.10381 0.0624704 1.04017
-1 1528712359.194599 0.103789 0.0624103 1.04059
-1 1528712359.201009 0.103745 0.0622961 1.04141
-1 1528712359.205996 0.103718 0.0622395 1.04181
-1 1528712359.213151 0.103688 0.0621835 1.0422
-1 1528712359.217406 0.103623 0.0620624 1.04298
-1 1528712359.228100 0.103559 0.0619296 1.04373
-1 1528712359.236988 0.103498 0.061789 1.04446
-1 1528712359.254175 0.103399 0.0615697 1.04551
-1 1528712359.264794 0.103259 0.0612886 1.04681
-1 1528712359.273348 0.103197 0.0611579 1.04742
-1 1528712359.281217 0.103137 0.0610789 1.048
-1 1528712359.297630 0.103054 0.0610322 1.04884
-1 1528712359.303140 0.102986 0.0610358 1.04937
-1 1528712359.306822 0.102956 0.0610443 1.04964
-1 1528712359.310765 0.102929 0.0610539 1.0499
-1 1528712359.330892 0.102866 0.0610724 1.05042
-1 1528712359.336007 0.102745 0.0610598 1.05149
-1 1528712359.343903 0.102698 0.0610427 1.05202
-1 1528712359.349454 0.102631 0.0610106 1.05256
-1 1528712359.358504 0.102588 0.0609857 1.05283
-1 1528712359.366035 0.102502 0.060925 1.05336
-1 1528712359.375802 0.102429 0.0608841 1.05391
-1 1528712359.381101 0.1024 0.0608727 1.05447
-1 1528712359.390545 0.102396 0.060857 1.05505
-1 1528712359.394119 0.102405 0.0608421 1.05535
-1 1528712359.403286 0.102425 0.0608125 1.05596
-1 1528712359.409141 0.102446 0.0607854 1.05658
-1 1528712359.416117 0.102444 0.060775 1.05689
-1 1528712359.425761 0.102377 0.0607493 1.05783
-1 1528712359.434703 0.102324 0.0607397 1.05846
-1 1528712359.446544 0.102271 0.0607254 1.05909
-1 1528712359.451505 0.102215 0.0607303 1.05971
-1 1528712359.461007 0.102184 0.0607402 1.06002
-1 1528712359.472248 0.102072 0.0608305 1.06124
-1 1528712359.478794 0.102017 0.060931 1.06184
-1 1528712359.483613 0.101976 0.0609877 1.06213
-1 1528712359.495932 0.101898 0.0611099 1.0627
-1 1528712359.501652 0.10182 0.0612312 1.06324
-1 1528712359.508544 0.101785 0.0612882 1.0635
-1 1528712359.528974 0.101717 0.0613997 1.06401
-1 1528712359.539109 0.101636 0.061704 1.06515
-1 1528712359.556463 0.101709 0.0620081 1.06612
-1 1528712359.566381 0.101731 0.0620826 1.06647
-1 1528712359.571259 0.101728 0.0621339 1.0668
-1 1528712359.580486 0.101703 0.0621826 1.06711
-1 1528712359.584005 0.101693 0.0622075 1.06726
-1 1528712359.601073 0.10169 0.0622561 1.06755
-1 1528712359.611988 0.101754 0.0623241 1.06796
-1 1528712359.617762 0.101868 0.0624058 1.06833
-1 1528712359.626514 0.101905 0.0624352 1.06845
-1 1528712359.634051 0.101971 0.0624985 1.06868
-1 1528712359.646861 0.102072 0.0626024 1.06899
-1 1528712359.651393 0.102145 0.0626945 1.06918
-1 1528712359.658846 0.102243 0.0628139 1.06935
-1 1528712359.667719 0.102375 0.0629268 1.0695
-1 1528712359.673863 0.102442 0.0629866 1.06958
-1 1528712359.679213 0.102505 0.0630524 1.06965
-1 1528712359.684624 0.102629 0.0631729 1.06978
-1 1528712359.689541 0.102686 0.063228 1.06984
-1 1528712359.697036 0.102779 0.0633187 1.06995
-1 1528712359.722089 0.103018 0.0635192 1.07026
-1 1528712359.729699 0.103105 0.0635875 1.07034
-1 1528712359.748002 0.103237 0.0637165 1.07045
-1 1528712359.760816 0.103351 0.0638878 1.07053
-1 1528712359.776549 0.103442 0.0641268 1.07061
-1 1528712359.784709 0.103485 0.0642623 1.07062
-1 1528712359.788828 0.103538 0.0644053 1.07063
-1 1528712359.794190 0.10357 0.064478 1.07063
-1 1528712359.802327 0.103653 0.0646188 1.07063
-1 1528712359.809548 0.103747 0.0647641 1.07063
-1 1528712359.814125 0.103797 0.064835 1.07063
-1 1528712359.821285 0.103849 0.0649015 1.07063
-1 1528712359.827215 0.103946 0.0650269 1.07062
-1 1528712359.832145 0.103995 0.0650923 1.07062
-1 1528712359.839670 0.1041 0.0652319 1.07062
-1 1528712359.845295 0.104205 0.0653772 1.07061
-1 1528712359.853512 0.104292 0.0655124 1.0706
-1 1528712359.858238 0.104326 0.0655678 1.07059
-1 1528712359.869715 0.104357 0.0656098 1.07058
-1 1528712359.877442 0.104437 0.0656717 1.07056
-1 1528712359.881788 0.104465 0.0656789 1.07055
-1 1528712359.888756 0.104527 0.0656905 1.07053
-1 1528712359.896859 0.10456 0.0656989 1.07052
-1 1528712359.903028 0.104631 0.0657334 1.07049
-1 1528712359.907402 0.104665 0.065759 1.07048
-1 1528712359.913173 0.104727 0.0658092 1.07045
-1 1528712359.920501 0.104779 0.0658559 1.07042
-1 1528712359.929523 0.104825 0.0659008 1.0704
-1 1528712359.933828 0.104847 0.0659252 1.07038
-1 1528712359.944049 0.104895 0.0659902 1.07036
-1 1528712359.948374 0.104924 0.0660324 1.07034
-1 1528712359.956250 0.104993 0.0661335 1.07032
-1 1528712359.964136 0.105073 0.066242 1.07031
-1 1528712359.977036 0.105183 0.0663971 1.07029
-1 1528712359.987225 0.105241 0.0664912 1.07029
-1 1528712359.998184 0.1053 0.0666044 1.07029
-1 1528712360.005264 0.10534 0.0666686 1.07029
-1 1528712360.017267 0.105397 0.0667307 1.07029
-1 1528712360.020468 0.105466 0.0667902 1.07029
-1 1528712360.028967 0.105503 0.0668199 1.07029
-1 1528712360.032916 0.105578 0.0668824 1.07029
-1 1528712360.047348 0.105646 0.0669528 1.07029
-1 1528712360.051408 0.105698 0.0670425 1.07029
-1 1528712360.061293 0.105741 0.0671464 1.0703
-1 1528712360.066674 0.10579 0.0672522 1.0703
-1 1528712360.075727 0.105809 0.0673019 1.0703
-1 1528712360.085078 0.105871 0.067459 1.0703
-1 1528712360.093097 0.105907 0.0675669 1.07029
-1 1528712360.099715 0.105935 0.0676689 1.07029
-1 1528712360.108439 0.105946 0.0677178 1.07029
-1 1528712360.116796 0.105969 0.0678168 1.07029
-1 1528712360.125546 0.105996 0.0679143 1.07029
-1 1528712360.134867 0.106022 0.0680053 1.07029
-1 1528712360.143997 0.106052 0.0681012 1.07031
-1 1528712360.148112 0.106058 0.0681209 1.07031
-1 1528712360.165941 0.106052 0.0681855 1.07032
-1 1528712360.178273 0.106031 0.0682247 1.07032
-1 1528712360.186267 0.105975 0.0682965 1.07033
-1 1528712360.197652 0.105945 0.0683498 1.07034
-1 1528712360.204935 0.105926 0.0684158 1.07035
-1 1528712360.211669 0.105917 0.0684887 1.07036
-1 1528712360.217369 0.105911 0.0685715 1.07037
-1 1528712360.221583 0.105906 0.0686132 1.07037
-1 1528712360.230019 0.105892 0.0686886 1.07038
-1 1528712360.238908 0.105865 0.0687604 1.07038
-1 1528712360.244683 0.105847 0.0687951 1.07038
-1 1528712360.250932 0.105805 0.0688532 1.07039
-1 1528712360.263139 0.105736 0.0689336 1.0704
-1 1528712360.270344 0.105713 0.0689726 1.06994
-1 1528712360.278300 0.105662 0.0690923 1.06956
-1 1528712360.285168 0.105588 0.0691772 1.06958
-1 1528712360.291904 0.105549 0.0692169 1.0696
-1 1528712360.299664 0.105434 0.0693311 1.06967
-1 1528712360.306564 0.105395 0.0693635 1.0697
-1 1528712360.315082 0.10532 0.0694182 1.06976
-1 1528712360.320764 0.105246 0.0694713 1.06982
-1 1528712360.325151 0.105209 0.0694983 1.06985
-1 1528712360.331080 0.105176 0.0695245 1.06988
-1 1528712360.337478 0.105106 0.0695786 1.06994
-1 1528712360.349900 0.105069 0.0696071 1.06996
-1 1528712360.355614 0.104987 0.0696649 1.07002
-1 1528712360.363404 0.104898 0.0697203 1.07007
-1 1528712360.373138 0.104807 0.0697669 1.07011
-1 1528712360.382914 0.104693 0.0698175 1.07018
-1 1528712360.391103 0.104628 0.069852 1.07022
-1 1528712360.399905 0.104573 0.069883 1.07026
-1 1528712360.409164 0.104524 0.0699063 1.07029
-1 1528712360.419963 0.104448 0.0699189 1.07033
-1 1528712360.426737 0.10439 0.0699199 1.07036
-1 1528712360.436038 0.104324 0.0699202 1.07038
-1 1528712360.446820 0.104251 0.0699236 1.0704
-1 1528712360.450684 0.104161 0.0699315 1.06999
-1 1528712360.454518 0.104118 0.069945 1.07
-1 1528712360.467937 0.10403 0.0699481 1.07003
-1 1528712360.472114 0.103949 0.0699564 1.07006
-1 1528712360.486043 0.10383 0.0699925 1.07011
-1 1528712360.496710 0.103754 0.0700309 1.07015
-1 1528712360.511827 0.103602 0.0701132 1.07023
-1 1528712360.527522 0.103453 0.0701374 1.07029
-1 1528712360.535071 0.103343 0.0701378 1.07033
-1 1528712360.542647 0.103235 0.0701393 1.07037
-1 1528712360.548316 0.103135 0.0701457 1.0704
-1 1528712360.559107 0.102982 0.0701651 1.07046
-1 1528712360.568266 0.102928 0.0701756 1.07047
-1 1528712360.574515 0.102818 0.0702004 1.07051
-1 1528712360.585903 0.102711 0.0702212 1.07054
