-1 1536065265.828394 -2.1476 0.343401 1.11407
-1 1536065265.843561 -2.14695 0.343926 1.1141
-1 1536065265.852980 -2.14697 0.343874 1.11411
-1 1536065265.865479 -2.14704 0.343869 1.1141
-1 1536065265.873915 -2.14723 0.34422 1.11408
-1 1536065265.878025 -2.14735 0.344304 1.11407
-1 1536065265.893623 -2.14789 0.344485 1.11398
-1 1536065265.898696 -2.14803 0.344521 1.11396
-1 1536065265.908086 -2.1483 0.344587 1.11392
-1 1536065265.916495 -2.14864 0.344656 1.11384
-1 1536065265.931359 -2.14883 0.344676 1.11379
-1 1536065265.945316 -2.14906 0.344651 1.11371
-1 1536065265.950073 -2.14927 0.344549 1.11362
-1 1536065265.960842 -2.14935 0.344502 1.11358
-1 1536065265.975841 -2.14935 0.344645 1.11352
-1 1536065265.980769 -2.14939 0.344702 1.11349
-1 1536065265.995557 -2.14945 0.344833 1.11345
-1 1536065265.998503 -2.1495 0.344936 1.11344
-1 1536065266.005262 -2.14952 0.344991 1.11343
-1 1536065266.013063 -2.14957 0.345111 1.11341
-1 1536065266.020886 -2.14966 0.345298 1.11338
-1 1536065266.031312 -2.14972 0.345424 1.11336
-1 1536065266.042020 -2.14983 0.34563 1.11332
-1 1536065266.052441 -2.1499 0.34577 1.11329
-1 1536065266.060675 -2.14991 0.346105 1.11325
-1 1536065266.066162 -2.15 0.346271 1.11321
-1 1536065266.074499 -2.15008 0.346432 1.11318
-1 1536065266.079578 -2.15015 0.346605 1.11315
-1 1536065266.091223 -2.15021 0.346782 1.11313
-1 1536065266.098218 -2.15026 0.346953 1.1131
-1 1536065266.103146 -2.15029 0.347112 1.11308
-1 1536065266.110312 -2.15033 0.347263 1.11306
-1 1536065266.122163 -2.15037 0.347415 1.11305
-1 1536065266.135988 -2.15045 0.347646 1.11302
-1 1536065266.145129 -2.15045 0.348023 1.11299
-1 1536065266.154835 -2.15049 0.348217 1.11297
-1 1536065266.164718 -2.15057 0.348376 1.11295
-1 1536065266.179910 -2.15077 0.348664 1.11291
-1 1536065266.188206 -2.15094 0.34886 1.11289
-1 1536065266.208199 -2.15123 0.349138 1.11286
-1 1536065266.212953 -2.15129 0.349186 1.11285
-1 1536065266.228129 -2.15145 0.349339 1.11284
-1 1536065266.240473 -2.1516 0.349521 1.11282
-1 1536065266.247194 -2.1516 0.349782 1.11281
-1 1536065266.257684 -2.15164 0.349914 1.1128
-1 1536065266.264982 -2.15178 0.350289 1.11278
-1 1536065266.274689 -2.15189 0.350521 1.11276
-1 1536065266.282583 -2.15196 0.350632 1.11275
-1 1536065266.294358 -2.15217 0.350953 1.11272
-1 1536065266.307644 -2.15233 0.35116 1.1127
-1 1536065266.314715 -2.15269 0.351552 1.11266
-1 1536065266.324719 -2.15287 0.351725 1.11264
-1 1536065266.332173 -2.15305 0.35188 1.11263
-1 1536065266.344704 -2.15322 0.352122 1.11262
-1 1536065266.349135 -2.15326 0.352377 1.11261
-1 1536065266.367173 -2.15348 0.352828 1.11258
-1 1536065266.375023 -2.15353 0.352895 1.11257
-1 1536065266.392834 -2.15368 0.353085 1.11256
-1 1536065266.403373 -2.15389 0.353326 1.11255
-1 1536065266.412728 -2.15399 0.353448 1.11254
-1 1536065266.423001 -2.15414 0.353648 1.11253
-1 1536065266.437762 -2.15424 0.353797 1.11252
-1 1536065266.448262 -2.15423 0.354092 1.11251
-1 1536065266.457691 -2.15419 0.354451 1.1125
-1 1536065266.468184 -2.1542 0.354652 1.1125
-1 1536065266.471958 -2.15423 0.354823 1.1125
-1 1536065266.483650 -2.15427 0.355033 1.1125
-1 1536065266.498805 -2.15434 0.355201 1.1125
-1 1536065266.501992 -2.15436 0.355251 1.1125
-1 1536065266.508779 -2.15439 0.355298 1.1125
-1 1536065266.523485 -2.1545 0.355478 1.1125
-1 1536065266.531994 -2.15456 0.355564 1.11251
-1 1536065266.544040 -2.15458 0.355633 1.11251
-1 1536065266.554065 -2.15456 0.355828 1.11252
-1 1536065266.559905 -2.15459 0.355949 1.11252
-1 1536065266.572416 -2.15465 0.356066 1.11252
-1 1536065266.575751 -2.15471 0.356174 1.11253
-1 1536065266.584219 -2.15475 0.356225 1.11253
-1 1536065266.597430 -2.15484 0.356369 1.11253
-1 1536065266.602553 -2.1549 0.356466 1.11253
-1 1536065266.606826 -2.15493 0.356516 1.11253
-1 1536065266.613741 -2.15498 0.356618 1.11253
-1 1536065266.628723 -2.15505 0.35678 1.11253
-1 1536065266.634447 -2.15511 0.356893 1.11254
-1 1536065266.645871 -2.15513 0.356964 1.11254
-1 1536065266.658074 -2.15517 0.357058 1.11254
-1 1536065266.666424 -2.15528 0.357226 1.11254
-1 1536065266.676350 -2.1553 0.357266 1.11254
-1 1536065266.680482 -2.15536 0.357342 1.11255
-1 1536065266.688830 -2.15542 0.357423 1.11255
-1 1536065266.704802 -2.15548 0.35751 1.11256
-1 1536065266.716829 -2.1556 0.357702 1.11257
-1 1536065266.729603 -2.15566 0.357806 1.11258
-1 1536065266.734401 -2.15574 0.357981 1.1126
-1 1536065266.749257 -2.1558 0.358091 1.11261
-1 1536065266.754702 -2.15592 0.358291 1.11263
-1 1536065266.766826 -2.15603 0.358449 1.11263
-1 1536065266.774546 -2.15617 0.358621 1.11264
-1 1536065266.786929 -2.15645 0.358911 1.11266
-1 1536065266.806678 -2.15686 0.359354 1.11269
-1 1536065266.814343 -2.15715 0.359678 1.11271
-1 1536065266.823116 -2.15733 0.359877 1.11273
-1 1536065266.834197 -2.15751 0.360076 1.11275
-1 1536065266.838673 -2.15765 0.360295 1.11276
-1 1536065266.850543 -2.15772 0.360393 1.11276
-1 1536065266.858307 -2.15798 0.360865 1.11277
-1 1536065266.872541 -2.15814 0.361315 1.11276
-1 1536065266.877871 -2.15819 0.361478 1.11276
-1 1536065266.887350 -2.15833 0.361999 1.11275
-1 1536065266.897594 -2.15842 0.362373 1.11274
-1 1536065266.913069 -2.15852 0.36277 1.11272
-1 1536065266.917223 -2.15868 0.363408 1.1127
-1 1536065266.928752 -2.15878 0.363857 1.11267
-1 1536065266.945804 -2.15891 0.364711 1.11263
-1 1536065266.959525 -2.15898 0.365283 1.11261
-1 1536065266.962461 -2.15901 0.365484 1.11259
-1 1536065266.971654 -2.15906 0.365688 1.11258
-1 1536065266.981084 -2.15923 0.366339 1.11254
-1 1536065266.992526 -2.15937 0.366812 1.11251
-1 1536065267.000944 -2.15953 0.367319 1.11248
-1 1536065267.006140 -2.1597 0.367857 1.11244
-1 1536065267.021595 -2.15979 0.368136 1.11242
-1 1536065267.025689 -2.15997 0.368711 1.11237
-1 1536065267.032734 -2.16005 0.369004 1.11234
-1 1536065267.044410 -2.16021 0.369602 1.11229
-1 1536065267.052642 -2.16029 0.369908 1.11227
-1 1536065267.064272 -2.16037 0.37055 1.11223
-1 1536065267.076017 -2.1604 0.370849 1.11221
-1 1536065267.083615 -2.16049 0.371446 1.11216
-1 1536065267.097712 -2.16059 0.37204 1.11212
-1 1536065267.119012 -2.16065 0.372332 1.11211
-1 1536065267.136876 -2.16097 0.373952 1.11197
-1 1536065267.148699 -2.1611 0.374956 1.11186
-1 1536065267.156130 -2.16114 0.37538 1.1118
-1 1536065267.166967 -2.16119 0.375706 1.11175
-1 1536065267.172406 -2.16129 0.3759 1.1117
-1 1536065267.183470 -2.16137 0.376016 1.11164
-1 1536065267.191072 -2.16145 0.376065 1.11158
-1 1536065267.202224 -2.16156 0.376057 1.11158
-1 1536065267.217304 -2.16222 0.37584 1.11172
-1 1536065267.229888 -2.16277 0.375598 1.11202
-1 1536065267.236019 -2.16308 0.375477 1.1123
-1 1536065267.252152 -2.16418 0.375219 1.1129
-1 1536065267.263405 -2.16542 0.374946 1.11321
-1 1536065267.271826 -2.16696 0.374595 1.11356
-1 1536065267.274868 -2.16849 0.374253 1.11395
-1 1536065267.284677 -2.16973 0.374035 1.11438
-1 1536065267.294622 -2.17097 0.373907 1.11507
-1 1536065267.305178 -2.1712 0.373882 1.1153
-1 1536065267.309461 -2.17147 0.373913 1.11599
-1 1536065267.346417 -2.17058 0.374393 1.11735
-1 1536065267.364036 -2.16915 0.375044 1.11841
-1 1536065267.375649 -2.16854 0.375354 1.1188
-1 1536065267.391992 -2.16792 0.375686 1.11917
-1 1536065267.399884 -2.16725 0.376086 1.11952
-1 1536065267.409403 -2.16694 0.37632 1.11968
-1 1536065267.423923 -2.16632 0.376737 1.12
-1 1536065267.441876 -2.16543 0.377212 1.12046
-1 1536065267.450780 -2.16467 0.377494 1.12087
-1 1536065267.462323 -2.16425 0.37756 1.12113
-1 1536065267.469770 -2.16389 0.377531 1.12139
-1 1536065267.481411 -2.16357 0.377411 1.12162
-1 1536065267.492298 -2.1631 0.377097 1.12194
-1 1536065267.503953 -2.16228 0.376285 1.12241
-1 1536065267.536932 -2.16128 0.375343 1.12281
-1 1536065267.552884 -2.16003 0.373287 1.12324
-1 1536065267.563992 -2.15985 0.372971 1.12329
-1 1536065267.577721 -2.15948 0.372323 1.12339
-1 1536065267.591657 -2.1587 0.370925 1.12356
-1 1536065267.607333 -2.15779 0.369439 1.1237
-1 1536065267.627933 -2.15727 0.368807 1.12374
-1 1536065267.634051 -2.15578 0.366495 1.12392
-1 1536065267.647041 -2.15436 0.364448 1.12402
-1 1536065267.658899 -2.15289 0.36214 1.12405
-1 1536065267.675633 -2.1516 0.359408 1.12398
-1 1536065267.688652 -2.15087 0.357673 1.12389
-1 1536065267.708645 -2.15023 0.353859 1.1236
-1 1536065267.723666 -2.14995 0.352458 1.12346
-1 1536065267.737799 -2.14889 0.347916 1.12287
-1 1536065267.748223 -2.14819 0.345461 1.12248
-1 1536065267.756060 -2.14762 0.343763 1.1222
-1 1536065267.764264 -2.14698 0.342015 1.12189
-1 1536065267.773451 -2.14626 0.340219 1.12156
-1 1536065267.778062 -2.14588 0.339354 1.12139
-1 1536065267.788069 -2.14557 0.338445 1.12121
-1 1536065267.797969 -2.14453 0.335655 1.12067
-1 1536065267.807400 -2.14415 0.334706 1.12049
-1 1536065267.819112 -2.14292 0.331812 1.11992
-1 1536065267.836870 -2.14115 0.32789 1.11911
-1 1536065267.842417 -2.14069 0.326901 1.11889
-1 1536065267.859993 -2.13878 0.322878 1.11798
-1 1536065267.877172 -2.13829 0.321842 1.11772
-1 1536065267.883668 -2.13638 0.317358 1.11666
-1 1536065267.893182 -2.13542 0.314859 1.11611
-1 1536065267.902886 -2.13458 0.312236 1.11553
-1 1536065267.910983 -2.13371 0.30951 1.1149
-1 1536065267.916461 -2.13326 0.308114 1.11457
-1 1536065267.923431 -2.13236 0.305275 1.11388
-1 1536065267.942116 -2.13051 0.299455 1.11234
-1 1536065267.962771 -2.12905 0.294994 1.11114
-1 1536065267.982994 -2.12637 0.287765 1.10924
-1 1536065268.002893 -2.12357 0.281294 1.10779
-1 1536065268.069868 -2.1165 0.257177 1.10688
-1 1536065268.083477 -2.11543 0.254304 1.10679
-1 1536065268.088260 -2.11416 0.251625 1.10676
-1 1536065268.095678 -2.11351 0.250147 1.10672
-1 1536065268.108633 -2.11159 0.246219 1.10662
-1 1536065268.113468 -2.10974 0.241896 1.10648
-1 1536065268.125296 -2.10793 0.237804 1.10641
-1 1536065268.130836 -2.10614 0.233842 1.1064
-1 1536065268.142761 -2.10368 0.228354 1.10651
-1 1536065268.150243 -2.10295 0.226678 1.10657
-1 1536065268.157680 -2.10161 0.223561 1.10672
-1 1536065268.180833 -2.09805 0.214465 1.1073
-1 1536065268.198886 -2.09599 0.206828 1.10798
-1 1536065268.205995 -2.0956 0.204087 1.10827
-1 1536065268.227436 -2.09441 0.198117 1.10896
-1 1536065268.234701 -2.09322 0.193308 1.10953
-1 1536065268.253697 -2.09192 0.188487 1.11009
-1 1536065268.260079 -2.09029 0.182291 1.11077
-1 1536065268.275238 -2.0889 0.176373 1.11137
-1 1536065268.291952 -2.08829 0.173483 1.11162
-1 1536065268.298747 -2.08757 0.167662 1.1121
-1 1536065268.304157 -2.08729 0.164876 1.11232
-1 1536065268.315597 -2.08698 0.162077 1.11253
-1 1536065268.318852 -2.08664 0.159261 1.11275
-1 1536065268.333357 -2.08648 0.157841 1.11286
-1 1536065268.350890 -2.08563 0.150701 1.11353
-1 1536065268.359581 -2.08487 0.145059 1.11416
-1 1536065268.376086 -2.08422 0.141083 1.11469
-1 1536065268.384125 -2.08369 0.137417 1.11528
-1 1536065268.395573 -2.08357 0.134284 1.1159
-1 1536065268.399226 -2.08357 0.132351 1.11629
-1 1536065268.403732 -2.08356 0.131409 1.11647
-1 1536065268.413053 -2.08351 0.12955 1.11681
-1 1536065268.421767 -2.0833 0.126803 1.11726
-1 1536065268.434531 -2.08305 0.124974 1.11753
-1 1536065268.443556 -2.08251 0.122211 1.1179
-1 1536065268.457475 -2.08153 0.11854 1.11833
-1 1536065268.470468 -2.08067 0.115791 1.11862
-1 1536065268.501499 -2.0788 0.109579 1.11927
-1 1536065268.511758 -2.07774 0.106807 1.11957
-1 1536065268.525418 -2.07703 0.10507 1.11975
-1 1536065268.537971 -2.07632 0.103426 1.11991
-1 1536065268.557609 -2.07477 0.0997791 1.1202
-1 1536065268.573010 -2.07409 0.0979707 1.12026
-1 1536065268.580930 -2.07362 0.096476 1.12025
-1 1536065268.589271 -2.07329 0.0946321 1.12022
-1 1536065268.593012 -2.07322 0.0941052 1.1202
-1 1536065268.604980 -2.07305 0.0931622 1.12012
-1 1536065268.612170 -2.07293 0.0923629 1.12003
-1 1536065268.622021 -2.07277 0.0916636 1.11991
-1 1536065268.634622 -2.07235 0.0905096 1.11965
-1 1536065268.648934 -2.07186 0.0897706 1.11942
-1 1536065268.662088 -2.07122 0.0892306 1.11915
-1 1536065268.672029 -2.07052 0.0888856 1.11887
-1 1536065268.685876 -2.06966 0.0879029 1.11852
-1 1536065268.692950 -2.06909 0.0872706 1.11822
-1 1536065268.696910 -2.06892 0.0871322 1.11812
-1 1536065268.703196 -2.06876 0.0870141 1.11801
-1 1536065268.712083 -2.06834 0.0868332 1.11769
-1 1536065268.718667 -2.06813 0.0868293 1.11748
-1 1536065268.725555 -2.06805 0.0868606 1.11737
-1 1536065268.752146 -2.06793 0.0870006 1.11717
-1 1536065268.756473 -2.068 0.0881873 1.11666
-1 1536065268.767545 -2.06793 0.0883813 1.11659
-1 1536065268.770792 -2.06768 0.088163 1.11654
-1 1536065268.793883 -2.06695 0.0877949 1.11645
-1 1536065268.800769 -2.06624 0.0876313 1.11655
-1 1536065268.807015 -2.0659 0.0876091 1.11657
-1 1536065268.814955 -2.06571 0.0878168 1.11661
-1 1536065268.819992 -2.06561 0.0881827 1.11665
-1 1536065268.826926 -2.06563 0.0887252 1.11667
-1 1536065268.834717 -2.06574 0.089439 1.11668
-1 1536065268.844317 -2.06589 0.0903041 1.11666
-1 1536065268.854792 -2.06603 0.0912881 1.11661
-1 1536065268.869645 -2.06602 0.0922322 1.11648
-1 1536065268.878796 -2.06583 0.0937203 1.11625
-1 1536065268.887094 -2.06567 0.0950269 1.11607
-1 1536065268.900723 -2.06559 0.0959515 1.11597
-1 1536065268.904838 -2.06557 0.0973544 1.11583
-1 1536065268.911668 -2.0656 0.0978148 1.11579
-1 1536065268.919693 -2.06569 0.0987148 1.11572
-1 1536065268.924327 -2.06582 0.0995906 1.11565
-1 1536065268.931341 -2.06598 0.100445 1.11557
-1 1536065268.941691 -2.06617 0.101296 1.11549
-1 1536065268.950120 -2.06656 0.102111 1.11535
-1 1536065268.967598 -2.06706 0.103469 1.1151
-1 1536065268.985386 -2.06737 0.104277 1.11495
-1 1536065268.999878 -2.06769 0.105127 1.11479
-1 1536065269.004522 -2.06825 0.106464 1.11454
-1 1536065269.014902 -2.06871 0.107352 1.11436
-1 1536065269.023428 -2.06901 0.107789 1.11428
-1 1536065269.035034 -2.07022 0.109081 1.11381
-1 1536065269.040339 -2.07077 0.109503 1.11357
-1 1536065269.049474 -2.07209 0.110257 1.11322
-1 1536065269.060572 -2.07342 0.110717 1.11303
-1 1536065269.066090 -2.07489 0.110622 1.11272
-1 1536065269.083484 -2.07592 0.110413 1.11253
-1 1536065269.099088 -2.08067 0.109606 1.11287
-1 1536065269.141097 -2.08336 0.109404 1.11358
-1 1536065269.151954 -2.08629 0.109639 1.11561
-1 1536065269.155644 -2.08661 0.109771 1.11635
-1 1536065269.161091 -2.08673 0.109844 1.11672
-1 1536065269.171453 -2.08681 0.109997 1.11746
-1 1536065269.182547 -2.08667 0.110077 1.11818
-1 1536065269.189004 -2.08631 0.11011 1.11925
-1 1536065269.196187 -2.08614 0.110089 1.11959
-1 1536065269.226006 -2.08377 0.110562 1.1221
-1 1536065269.234515 -2.08254 0.111147 1.12286
-1 1536065269.241962 -2.08171 0.111569 1.12331
-1 1536065269.252696 -2.08092 0.111915 1.12371
-1 1536065269.262640 -2.07991 0.112424 1.12424
-1 1536065269.269651 -2.07933 0.112647 1.12456
-1 1536065269.276484 -2.07887 0.112802 1.12485
-1 1536065269.287747 -2.07849 0.112909 1.12511
-1 1536065269.329220 -2.07672 0.112708 1.12646
-1 1536065269.336487 -2.07647 0.112487 1.12668
-1 1536065269.342293 -2.07622 0.112223 1.1269
-1 1536065269.349486 -2.07597 0.112092 1.12712
-1 1536065269.360838 -2.07572 0.111817 1.12734
-1 1536065269.369079 -2.0753 0.111318 1.12764
-1 1536065269.395003 -2.07468 0.110379 1.12805
-1 1536065269.416599 -2.07377 0.108843 1.12846
-1 1536065269.423014 -2.0735 0.108358 1.12855
-1 1536065269.433958 -2.07324 0.107815 1.12863
-1 1536065269.445237 -2.07309 0.107518 1.12867
-1 1536065269.452696 -2.07259 0.106719 1.12877
-1 1536065269.457963 -2.07243 0.106396 1.1288
-1 1536065269.467807 -2.07213 0.105715 1.12886
-1 1536065269.470866 -2.07183 0.104988 1.12889
-1 1536065269.483821 -2.07139 0.103773 1.12892
-1 1536065269.489708 -2.07111 0.102877 1.1289
-1 1536065269.501916 -2.0707 0.101434 1.12885
-1 1536065269.511974 -2.07056 0.100932 1.12882
-1 1536065269.516916 -2.07016 0.0993727 1.12869
-1 1536065269.525875 -2.06987 0.0982996 1.12858
-1 1536065269.533110 -2.06957 0.0971948 1.12844
-1 1536065269.552449 -2.0689 0.0951027 1.12811
-1 1536065269.556113 -2.06873 0.0945266 1.12802
-1 1536065269.563360 -2.06855 0.0939423 1.12792
-1 1536065269.573398 -2.06817 0.0927405 1.12771
-1 1536065269.586487 -2.06779 0.0914875 1.12748
-1 1536065269.590600 -2.06739 0.090174 1.12723
-1 1536065269.601964 -2.06719 0.0894927 1.1271
-1 1536065269.613627 -2.06654 0.0873656 1.12668
-1 1536065269.619428 -2.06607 0.0859007 1.12637
-1 1536065269.632097 -2.06558 0.0843941 1.12606
-1 1536065269.649895 -2.06455 0.0812339 1.12539
-1 1536065269.662547 -2.06375 0.0788573 1.12484
-1 1536065269.674266 -2.06326 0.0771349 1.12446
-1 1536065269.681415 -2.06275 0.075324 1.12407
-1 1536065269.691041 -2.06222 0.0734385 1.12367
-1 1536065269.695809 -2.06195 0.0724748 1.12347
-1 1536065269.708776 -2.06111 0.0695044 1.12285
-1 1536065269.718311 -2.06019 0.0664319 1.12221
-1 1536065269.729071 -2.05953 0.0643302 1.12178
-1 1536065269.740160 -2.05804 0.0599617 1.12089
-1 1536065269.754216 -2.05676 0.056568 1.12019
-1 1536065269.758420 -2.05589 0.0542664 1.11971
-1 1536065269.763095 -2.05545 0.0530799 1.11946
-1 1536065269.769767 -2.05452 0.0506408 1.11894
-1 1536065269.778735 -2.05355 0.0481061 1.11841
-1 1536065269.785255 -2.0526 0.0454754 1.11786
-1 1536065269.790833 -2.05213 0.0441278 1.11758
-1 1536065269.795666 -2.05122 0.0413578 1.11701
-1 1536065269.802502 -2.05029 0.0384892 1.11643
-1 1536065269.815870 -2.04896 0.0340472 1.11556
-1 1536065269.825814 -2.04766 0.0295001 1.11466
-1 1536065269.834760 -2.0468 0.0263864 1.11403
-1 1536065269.841466 -2.04593 0.0232297 1.11339
-1 1536065269.852429 -2.04518 0.0200133 1.11274
-1 1536065269.859045 -2.04447 0.0166435 1.11205
-1 1536065269.867484 -2.04379 0.013105 1.11134
-1 1536065269.877077 -2.04313 0.00939027 1.1106
-1 1536065269.884164 -2.0421 0.00351654 1.10946
-1 1536065269.896051 -2.04138 -0.000472254 1.10871
-1 1536065269.903465 -2.04063 -0.00441975 1.10798
-1 1536065269.917778 -2.03987 -0.00831192 1.10728
-1 1536065269.930587 -2.03789 -0.0178558 1.10579
-1 1536065269.944017 -2.03653 -0.0234447 1.10523
-1 1536065269.948186 -2.03624 -0.0252607 1.10521
-1 1536065269.965681 -2.03616 -0.0267764 1.10522
-1 1536065269.975779 -2.03593 -0.0330929 1.10524
-1 1536065269.989064 -2.03587 -0.0379302 1.10523
-1 1536065269.995944 -2.03582 -0.0396787 1.10523
-1 1536065270.009811 -2.03572 -0.0415049 1.10524
-1 1536065270.023991 -2.03533 -0.0453716 1.1053
-1 1536065270.035203 -2.03408 -0.0517687 1.10567
-1 1536065270.047676 -2.03288 -0.0563269 1.10607
-1 1536065270.054564 -2.03154 -0.0609663 1.10658
-1 1536065270.061684 -2.03018 -0.0655684 1.10715
-1 1536065270.072678 -2.02802 -0.0719854 1.10803
-1 1536065270.084338 -2.02689 -0.0760085 1.10862
-1 1536065270.091342 -2.02551 -0.0817362 1.10948
-1 1536065270.110997 -2.02391 -0.090397 1.11077
-1 1536065270.126525 -2.02341 -0.0935879 1.11124
-1 1536065270.132087 -2.02242 -0.0998053 1.11214
-1 1536065270.147542 -2.02155 -0.104489 1.11284
-1 1536065270.164074 -2.01996 -0.110884 1.1138
-1 1536065270.174983 -2.01871 -0.115621 1.11451
-1 1536065270.185361 -2.0175 -0.120249 1.11519
-1 1536065270.198348 -2.01566 -0.127576 1.11618
-1 1536065270.203947 -2.01532 -0.128988 1.11635
-1 1536065270.212689 -2.01466 -0.13176 1.11669
-1 1536065270.219970 -2.0137 -0.135782 1.11716
-1 1536065270.231825 -2.01279 -0.139611 1.11757
-1 1536065270.238989 -2.01219 -0.142038 1.11781
-1 1536065270.246923 -2.01141 -0.144417 1.11804
-1 1536065270.257229 -2.01046 -0.147683 1.11838
-1 1536065270.261257 -2.0102 -0.148672 1.11849
-1 1536065270.273296 -2.00968 -0.15109 1.11887
-1 1536065270.280322 -2.00962 -0.152208 1.11913
-1 1536065270.287945 -2.00971 -0.153153 1.1194
-1 1536065270.294488 -2.00977 -0.153631 1.11953
-1 1536065270.302595 -2.00986 -0.154673 1.11981
-1 1536065270.306505 -2.00986 -0.155252 1.11994
-1 1536065270.310843 -2.00984 -0.155871 1.12007
-1 1536065270.317796 -2.00975 -0.157226 1.12034
-1 1536065270.329800 -2.00967 -0.157958 1.12046
-1 1536065270.334824 -2.00932 -0.160353 1.12081
-1 1536065270.344559 -2.00897 -0.162271 1.12101
-1 1536065270.353371 -2.0086 -0.164146 1.12118
-1 1536065270.360169 -2.00815 -0.16598 1.12132
-1 1536065270.365493 -2.0079 -0.166877 1.12139
-1 1536065270.374398 -2.00736 -0.168628 1.1215
-1 1536065270.383379 -2.00676 -0.170328 1.1216
-1 1536065270.398996 -2.00549 -0.173546 1.12177
-1 1536065270.406630 -2.00485 -0.175035 1.12186
-1 1536065270.422904 -2.0036 -0.177761 1.12203
-1 1536065270.429120 -2.0033 -0.178393 1.12207
-1 1536065270.438995 -2.00238 -0.18027 1.12219
-1 1536065270.447228 -2.00212 -0.180908 1.12223
-1 1536065270.461014 -2.0016 -0.182084 1.12229
-1 1536065270.472806 -2.00046 -0.18453 1.12239
-1 1536065270.485801 -2.00003 -0.185364 1.12238
-1 1536065270.495832 -1.99946 -0.18649 1.12235
-1 1536065270.504701 -1.99911 -0.187174 1.12229
-1 1536065270.516880 -1.99853 -0.188083 1.12215
-1 1536065270.527138 -1.99799 -0.188834 1.12197
-1 1536065270.542042 -1.99743 -0.189575 1.12174
-1 1536065270.549264 -1.99707 -0.190127 1.12156
-1 1536065270.582530 -1.99631 -0.190885 1.12107
-1 1536065270.601809 -1.99419 -0.191643 1.11946
-1 1536065270.615700 -1.99365 -0.191713 1.11906
-1 1536065270.627442 -1.99311 -0.191723 1.11864
-1 1536065270.645196 -1.99237 -0.19162 1.11802
-1 1536065270.647873 -1.99217 -0.191556 1.11782
-1 1536065270.653814 -1.99199 -0.191572 1.11762
-1 1536065270.669308 -1.99178 -0.191619 1.11725
-1 1536065270.682202 -1.99159 -0.191617 1.1169
-1 1536065270.691977 -1.99064 -0.191912 1.11632
-1 1536065270.714705 -1.98936 -0.192626 1.11597
-1 1536065270.741476 -1.98577 -0.195762 1.11577
