-1 1536065090.022259 -1.383 0.345939 1.11498
-1 1536065090.029289 -1.38385 0.345494 1.11504
-1 1536065090.042065 -1.384 0.345427 1.11505
-1 1536065090.059232 -1.3841 0.345384 1.11506
-1 1536065090.070299 -1.38436 0.345292 1.11507
-1 1536065090.078521 -1.38447 0.345248 1.11507
-1 1536065090.089418 -1.38464 0.345184 1.11508
-1 1536065090.097020 -1.38476 0.345154 1.11509
-1 1536065090.107316 -1.38492 0.345119 1.1151
-1 1536065090.121094 -1.38502 0.345093 1.1151
-1 1536065090.132109 -1.38522 0.345039 1.11511
-1 1536065090.135005 -1.38526 0.345025 1.11512
-1 1536065090.144640 -1.38534 0.344989 1.11512
-1 1536065090.152432 -1.38542 0.344949 1.11513
-1 1536065090.169866 -1.38554 0.344911 1.11514
-1 1536065090.178029 -1.38562 0.34493 1.11515
-1 1536065090.189138 -1.38567 0.344953 1.11515
-1 1536065090.194540 -1.38572 0.344977 1.11516
-1 1536065090.202774 -1.38576 0.344995 1.11516
-1 1536065090.211982 -1.3858 0.344994 1.11517
-1 1536065090.225043 -1.38581 0.344988 1.11517
-1 1536065090.231344 -1.38583 0.344942 1.11519
-1 1536065090.235491 -1.38583 0.344916 1.11519
-1 1536065090.243197 -1.38583 0.344878 1.1152
-1 1536065090.250177 -1.38581 0.344771 1.11522
-1 1536065090.263783 -1.38579 0.344636 1.11524
-1 1536065090.280684 -1.38564 0.344321 1.11526
-1 1536065090.296605 -1.38551 0.344133 1.11528
-1 1536065090.304744 -1.38538 0.34393 1.11528
-1 1536065090.311328 -1.3853 0.343788 1.11529
-1 1536065090.315417 -1.38526 0.343712 1.11529
-1 1536065090.324679 -1.38519 0.343557 1.1153
-1 1536065090.340482 -1.38489 0.343106 1.1153
-1 1536065090.348053 -1.3848 0.342994 1.1153
-1 1536065090.358182 -1.3846 0.342761 1.1153
-1 1536065090.375273 -1.38416 0.342235 1.11529
-1 1536065090.386903 -1.38404 0.342099 1.11529
-1 1536065090.401064 -1.38395 0.341965 1.11529
-1 1536065090.410594 -1.38395 0.341918 1.1153
-1 1536065090.419172 -1.38398 0.341902 1.11531
-1 1536065090.427187 -1.38401 0.3419 1.11533
-1 1536065090.435099 -1.38403 0.341912 1.11536
-1 1536065090.443072 -1.38404 0.341938 1.11539
-1 1536065090.448096 -1.38404 0.341957 1.1154
-1 1536065090.457935 -1.38403 0.342005 1.11544
-1 1536065090.471768 -1.38402 0.34207 1.11547
-1 1536065090.482460 -1.38391 0.342279 1.11551
-1 1536065090.491530 -1.38376 0.342525 1.11553
-1 1536065090.506068 -1.38359 0.342837 1.11554
-1 1536065090.515243 -1.38349 0.343063 1.11554
-1 1536065090.522883 -1.38338 0.343387 1.11554
-1 1536065090.537539 -1.38332 0.343586 1.11553
-1 1536065090.545001 -1.38324 0.343881 1.11552
-1 1536065090.550665 -1.38321 0.343984 1.11551
-1 1536065090.557431 -1.38319 0.344091 1.1155
-1 1536065090.603941 -1.38304 0.34487 1.11546
-1 1536065090.612749 -1.38294 0.345364 1.11543
-1 1536065090.624676 -1.38285 0.345717 1.11541
-1 1536065090.644080 -1.38268 0.34628 1.11535
-1 1536065090.649828 -1.38261 0.346482 1.11533
-1 1536065090.655474 -1.38254 0.346687 1.11531
-1 1536065090.662085 -1.38247 0.346896 1.11528
-1 1536065090.672461 -1.38232 0.34732 1.11523
-1 1536065090.685721 -1.38209 0.347956 1.11515
-1 1536065090.699328 -1.38194 0.348377 1.1151
-1 1536065090.711217 -1.3817 0.349003 1.11501
-1 1536065090.715658 -1.38162 0.349208 1.11498
-1 1536065090.723005 -1.38154 0.349412 1.11495
-1 1536065090.734342 -1.38136 0.349825 1.11489
-1 1536065090.747108 -1.38097 0.350702 1.11477
-1 1536065090.754660 -1.38075 0.351178 1.11471
-1 1536065090.766903 -1.38051 0.351688 1.11465
-1 1536065090.776081 -1.38011 0.352509 1.11455
-1 1536065090.785835 -1.37982 0.353085 1.11448
-1 1536065090.796459 -1.37952 0.353675 1.11441
-1 1536065090.804861 -1.37922 0.354264 1.11433
-1 1536065090.816130 -1.37891 0.354831 1.11426
-1 1536065090.819427 -1.37876 0.355101 1.11422
-1 1536065090.827631 -1.3786 0.355365 1.11418
-1 1536065090.839914 -1.37796 0.356404 1.11402
-1 1536065090.847093 -1.37764 0.356937 1.11393
-1 1536065090.857069 -1.37732 0.357487 1.11384
-1 1536065090.865098 -1.37699 0.358054 1.11375
-1 1536065090.874849 -1.37667 0.358635 1.11365
-1 1536065090.881261 -1.3765 0.358931 1.1136
-1 1536065090.895457 -1.37602 0.35984 1.11344
-1 1536065090.914148 -1.3755 0.360767 1.11327
-1 1536065090.922642 -1.37476 0.361975 1.11303
-1 1536065090.930073 -1.37457 0.362266 1.11297
-1 1536065090.942608 -1.37377 0.363388 1.11271
-1 1536065090.954940 -1.37336 0.363922 1.11258
-1 1536065090.962865 -1.37295 0.364452 1.11244
-1 1536065090.984363 -1.37233 0.365255 1.11224
-1 1536065090.992859 -1.3715 0.366355 1.11195
-1 1536065091.000743 -1.37109 0.366913 1.11179
-1 1536065091.006187 -1.37089 0.367187 1.1117
-1 1536065091.016938 -1.37049 0.367722 1.11153
-1 1536065091.022736 -1.3703 0.367985 1.11143
-1 1536065091.030479 -1.36992 0.368506 1.11124
-1 1536065091.053186 -1.36905 0.369817 1.11068
-1 1536065091.059424 -1.36873 0.370337 1.11043
-1 1536065091.069275 -1.36843 0.370863 1.11016
-1 1536065091.078315 -1.36814 0.371403 1.10988
-1 1536065091.104965 -1.36732 0.373117 1.10906
-1 1536065091.127420 -1.36678 0.374413 1.10852
-1 1536065091.133621 -1.36651 0.375081 1.10829
-1 1536065091.151004 -1.36611 0.376086 1.10795
-1 1536065091.157269 -1.36598 0.376415 1.10784
-1 1536065091.163683 -1.36585 0.376744 1.10773
-1 1536065091.172405 -1.36558 0.377398 1.10751
-1 1536065091.184498 -1.36515 0.378387 1.10721
-1 1536065091.194412 -1.36455 0.379696 1.10686
-1 1536065091.203555 -1.36403 0.38068 1.10669
-1 1536065091.210442 -1.36364 0.381366 1.10662
-1 1536065091.245880 -1.36178 0.384228 1.10652
-1 1536065091.263246 -1.3606 0.385681 1.10658
-1 1536065091.270757 -1.36026 0.386053 1.10661
-1 1536065091.283644 -1.35954 0.38681 1.10666
-1 1536065091.293727 -1.35874 0.387571 1.10673
-1 1536065091.298620 -1.35831 0.387945 1.10677
-1 1536065091.308059 -1.35786 0.388301 1.10681
-1 1536065091.335669 -1.35689 0.388953 1.10691
-1 1536065091.349372 -1.3538 0.390345 1.10714
-1 1536065091.357204 -1.35282 0.390716 1.10718
-1 1536065091.368500 -1.35191 0.39115 1.10724
-1 1536065091.378697 -1.35063 0.391933 1.1074
-1 1536065091.387395 -1.34858 0.393246 1.10782
-1 1536065091.402404 -1.34691 0.394206 1.1082
-1 1536065091.413288 -1.34559 0.394883 1.10847
-1 1536065091.428833 -1.34328 0.39589 1.10888
-1 1536065091.436122 -1.34126 0.396641 1.10917
-1 1536065091.452390 -1.33845 0.397611 1.10944
-1 1536065091.464757 -1.33553 0.398526 1.10956
-1 1536065091.479600 -1.33375 0.399033 1.10956
-1 1536065091.484370 -1.33316 0.399197 1.10955
-1 1536065091.491554 -1.33256 0.399361 1.10953
-1 1536065091.501809 -1.33133 0.399683 1.10948
-1 1536065091.506489 -1.33072 0.399843 1.10944
-1 1536065091.523627 -1.33009 0.399998 1.10941
-1 1536065091.534195 -1.32753 0.400547 1.10921
-1 1536065091.559690 -1.32431 0.401056 1.10889
-1 1536065091.575044 -1.32171 0.401347 1.10859
-1 1536065091.588227 -1.31896 0.401513 1.1083
-1 1536065091.608769 -1.31514 0.40168 1.10798
-1 1536065091.632320 -1.30824 0.402234 1.1075
-1 1536065091.645096 -1.30548 0.402487 1.10724
-1 1536065091.657255 -1.3036 0.402654 1.10703
-1 1536065091.669820 -1.30169 0.402836 1.10679
-1 1536065091.677045 -1.29974 0.403011 1.10653
-1 1536065091.682358 -1.29875 0.403088 1.10639
-1 1536065091.709885 -1.29471 0.403282 1.10578
-1 1536065091.717193 -1.2916 0.403227 1.10529
-1 1536065091.726460 -1.28948 0.403099 1.10494
-1 1536065091.776088 -1.27254 0.400964 1.10171
-1 1536065091.784594 -1.26431 0.399334 1.10029
-1 1536065091.798505 -1.26008 0.398552 1.09969
-1 1536065091.809380 -1.2559 0.397735 1.09912
-1 1536065091.819659 -1.25314 0.397126 1.09875
-1 1536065091.824682 -1.25177 0.396797 1.09856
-1 1536065091.836450 -1.2478 0.396149 1.09934
-1 1536065091.846324 -1.24526 0.395581 1.10004
-1 1536065091.854082 -1.24283 0.395026 1.10063
-1 1536065091.873869 -1.23914 0.393889 1.10152
-1 1536065091.889537 -1.23521 0.392416 1.10244
-1 1536065091.905882 -1.23244 0.391324 1.10306
-1 1536065091.924233 -1.22954 0.390167 1.10367
-1 1536065091.928334 -1.22494 0.388366 1.1046
-1 1536065091.950856 -1.21858 0.385942 1.10582
-1 1536065091.965725 -1.21369 0.384149 1.10673
-1 1536065091.976816 -1.20706 0.381792 1.10792
-1 1536065091.984734 -1.20376 0.380699 1.10849
-1 1536065092.007419 -1.19568 0.378503 1.10979
-1 1536065092.012565 -1.18786 0.376889 1.11091
-1 1536065092.019552 -1.18478 0.376285 1.11129
-1 1536065092.028826 -1.1817 0.375644 1.11165
-1 1536065092.041533 -1.17701 0.374567 1.11216
-1 1536065092.054710 -1.17384 0.373778 1.11247
-1 1536065092.058339 -1.17223 0.373372 1.11262
-1 1536065092.072778 -1.16734 0.37211 1.11305
-1 1536065092.079151 -1.1657 0.371678 1.11318
-1 1536065092.087794 -1.16238 0.370799 1.11344
-1 1536065092.095061 -1.15905 0.369894 1.11367
-1 1536065092.106626 -1.15572 0.368977 1.11388
-1 1536065092.119444 -1.14911 0.367056 1.11418
-1 1536065092.137228 -1.14262 0.365148 1.1143
-1 1536065092.146443 -1.13783 0.363841 1.11428
-1 1536065092.155273 -1.13465 0.363017 1.11423
-1 1536065092.167982 -1.12985 0.361797 1.1141
-1 1536065092.180037 -1.12502 0.360573 1.11391
-1 1536065092.192157 -1.12182 0.359783 1.11375
-1 1536065092.200854 -1.11708 0.358665 1.11345
-1 1536065092.207042 -1.11405 0.358047 1.11322
-1 1536065092.220373 -1.10929 0.357974 1.11283
-1 1536065092.229594 -1.10806 0.358857 1.11274
-1 1536065092.241408 -1.10648 0.361535 1.11282
-1 1536065092.251813 -1.10533 0.362484 1.11298
-1 1536065092.258347 -1.10483 0.362659 1.11305
-1 1536065092.271087 -1.10366 0.362821 1.1132
-1 1536065092.279247 -1.10147 0.362673 1.11345
-1 1536065092.283451 -1.10065 0.362548 1.11354
-1 1536065092.292120 -1.09888 0.362217 1.11373
-1 1536065092.299909 -1.09697 0.361816 1.11391
-1 1536065092.305994 -1.09598 0.361596 1.11401
-1 1536065092.320601 -1.09289 0.36088 1.11426
-1 1536065092.328189 -1.09073 0.360371 1.1144
-1 1536065092.338104 -1.08852 0.359844 1.1145
-1 1536065092.358105 -1.08278 0.358424 1.11467
-1 1536065092.371268 -1.08041 0.357792 1.1147
-1 1536065092.381964 -1.07682 0.356844 1.11471
-1 1536065092.388929 -1.07442 0.356243 1.11468
-1 1536065092.396543 -1.07203 0.35568 1.11463
-1 1536065092.419011 -1.06849 0.354979 1.11449
-1 1536065092.431741 -1.06501 0.354468 1.1143
-1 1536065092.457848 -1.06038 0.354016 1.114
-1 1536065092.462615 -1.05922 0.353925 1.11392
-1 1536065092.471541 -1.05806 0.353841 1.11384
-1 1536065092.484514 -1.05456 0.353622 1.11359
-1 1536065092.491395 -1.05223 0.353506 1.11341
-1 1536065092.500174 -1.04989 0.353409 1.11322
-1 1536065092.509644 -1.04632 0.353273 1.11291
-1 1536065092.523023 -1.04046 0.353047 1.11244
-1 1536065092.528549 -1.03818 0.35296 1.11223
-1 1536065092.533576 -1.03596 0.352868 1.11202
-1 1536065092.561183 -1.02748 0.352472 1.11125
-1 1536065092.577233 -1.02543 0.352374 1.11107
-1 1536065092.589022 -1.02241 0.352298 1.11082
-1 1536065092.597544 -1.01939 0.352335 1.11058
-1 1536065092.611181 -1.01839 0.352373 1.1105
-1 1536065092.635415 -1.01029 0.35284 1.10985
-1 1536065092.649397 -1.00825 0.352968 1.10969
-1 1536065092.659200 -1.00321 0.353295 1.10933
-1 1536065092.672844 -0.999254 0.353696 1.10901
-1 1536065092.683737 -0.995341 0.354399 1.10869
-1 1536065092.695857 -0.993398 0.35488 1.10854
-1 1536065092.705132 -0.991459 0.355436 1.10839
-1 1536065092.713718 -0.989498 0.356056 1.10825
-1 1536065092.719910 -0.987511 0.356706 1.10811
-1 1536065092.726636 -0.985497 0.357383 1.10798
-1 1536065092.734207 -0.98345 0.358047 1.10785
-1 1536065092.744990 -0.981369 0.358711 1.10771
-1 1536065092.753778 -0.979266 0.359367 1.10757
-1 1536065092.793164 -0.976074 0.360332 1.10736
-1 1536065092.803104 -0.96483 0.363564 1.10659
-1 1536065092.811041 -0.963629 0.363888 1.1065
-1 1536065092.819599 -0.961168 0.364546 1.10633
-1 1536065092.829391 -0.958633 0.365212 1.10613
-1 1536065092.847765 -0.954761 0.366244 1.10581
-1 1536065092.856538 -0.949568 0.367778 1.1053
-1 1536065092.875417 -0.944393 0.369503 1.10478
-1 1536065092.885200 -0.941754 0.370347 1.10457
-1 1536065092.892762 -0.939098 0.371135 1.10441
-1 1536065092.902101 -0.936409 0.371835 1.10429
-1 1536065092.921318 -0.935055 0.372152 1.10424
-1 1536065092.931813 -0.92964 0.373257 1.10407
-1 1536065092.939746 -0.926907 0.37373 1.10401
-1 1536065092.946471 -0.925535 0.373975 1.10398
-1 1536065092.958252 -0.92277 0.374523 1.10395
-1 1536065092.967097 -0.91998 0.375171 1.10394
-1 1536065092.979110 -0.917167 0.375941 1.10396
-1 1536065093.009890 -0.908616 0.378984 1.10421
-1 1536065093.033775 -0.905666 0.38022 1.10434
-1 1536065093.044357 -0.893501 0.385801 1.10548
-1 1536065093.057087 -0.888353 0.389289 1.10654
-1 1536065093.067511 -0.884449 0.391853 1.10723
-1 1536065093.075313 -0.879369 0.395153 1.10811
-1 1536065093.087775 -0.875662 0.397487 1.10874
-1 1536065093.095200 -0.873235 0.398994 1.10914
-1 1536065093.110787 -0.869584 0.401217 1.10972
-1 1536065093.116147 -0.868356 0.401961 1.10989
-1 1536065093.124041 -0.867119 0.402709 1.11006
-1 1536065093.134717 -0.865863 0.403459 1.11022
-1 1536065093.142071 -0.863339 0.404963 1.11054
-1 1536065093.148692 -0.862069 0.405719 1.11069
-1 1536065093.152463 -0.860798 0.406482 1.11084
-1 1536065093.159911 -0.859534 0.407244 1.11099
-1 1536065093.167993 -0.856985 0.408763 1.11126
-1 1536065093.174447 -0.854412 0.4103 1.11153
-1 1536065093.191495 -0.851808 0.411864 1.11177
-1 1536065093.199193 -0.847854 0.414215 1.11207
-1 1536065093.211794 -0.842427 0.417271 1.11233
-1 1536065093.219382 -0.838346 0.419539 1.11241
-1 1536065093.231704 -0.835635 0.42107 1.11242
-1 1536065093.243440 -0.828919 0.425002 1.11236
-1 1536065093.247291 -0.827593 0.425813 1.11233
-1 1536065093.258932 -0.826273 0.426631 1.11229
-1 1536065093.272206 -0.819878 0.430822 1.11198
-1 1536065093.294375 -0.813814 0.434926 1.11154
-1 1536065093.303445 -0.811522 0.436511 1.11135
-1 1536065093.319481 -0.808182 0.438828 1.11106
-1 1536065093.329421 -0.806017 0.440343 1.11087
-1 1536065093.351444 -0.799908 0.444732 1.11034
-1 1536065093.359016 -0.797969 0.446162 1.11019
-1 1536065093.370446 -0.795112 0.448282 1.10998
-1 1536065093.376830 -0.794173 0.448984 1.10992
-1 1536065093.397553 -0.790483 0.452491 1.10963
-1 1536065093.407409 -0.791059 0.456835 1.11003
-1 1536065093.420876 -0.791005 0.459579 1.11069
-1 1536065093.429492 -0.790394 0.460906 1.11104
-1 1536065093.444966 -0.788857 0.462823 1.11155
-1 1536065093.452672 -0.787504 0.464068 1.11186
-1 1536065093.463590 -0.785958 0.465285 1.11214
-1 1536065093.471240 -0.784285 0.466479 1.11239
-1 1536065093.477709 -0.783404 0.467062 1.1125
-1 1536065093.486434 -0.78156 0.468209 1.1127
-1 1536065093.491193 -0.780607 0.46877 1.11278
-1 1536065093.505317 -0.777656 0.470446 1.11299
-1 1536065093.512550 -0.776646 0.471012 1.11304
-1 1536065093.530038 -0.773626 0.472767 1.11317
-1 1536065093.537544 -0.771601 0.47396 1.11322
-1 1536065093.554485 -0.768582 0.475735 1.11324
-1 1536065093.561387 -0.765576 0.477537 1.11321
-1 1536065093.569666 -0.763585 0.478766 1.11315
-1 1536065093.579518 -0.760575 0.480646 1.11304
-1 1536065093.589293 -0.757597 0.482573 1.11289
-1 1536065093.596818 -0.755644 0.483857 1.11278
-1 1536065093.609267 -0.750833 0.48702 1.11247
-1 1536065093.616582 -0.748919 0.488278 1.11233
-1 1536065093.636876 -0.746029 0.490129 1.11211
-1 1536065093.710232 -0.729592 0.499439 1.11083
-1 1536065093.720357 -0.726456 0.501388 1.11061
-1 1536065093.737341 -0.722301 0.504164 1.1103
-1 1536065093.751210 -0.720226 0.505615 1.11014
-1 1536065093.765548 -0.716103 0.508619 1.10985
-1 1536065093.771075 -0.71409 0.510148 1.10972
-1 1536065093.785167 -0.711145 0.51247 1.10954
-1 1536065093.795289 -0.709209 0.514011 1.10942
-1 1536065093.805666 -0.706409 0.516373 1.10923
-1 1536065093.817694 -0.702548 0.519596 1.10891
-1 1536065093.825127 -0.70156 0.520409 1.10882
-1 1536065093.832570 -0.699589 0.522045 1.10861
-1 1536065093.851905 -0.69861 0.522851 1.10849
-1 1536065093.857188 -0.694655 0.525879 1.10797
-1 1536065093.865125 -0.692688 0.52727 1.10769
-1 1536065093.873218 -0.690721 0.528588 1.10741
-1 1536065093.887631 -0.687779 0.530491 1.10698
-1 1536065093.892239 -0.685767 0.531716 1.10674
-1 1536065093.900168 -0.683709 0.532887 1.10653
-1 1536065093.909167 -0.680601 0.53454 1.1063
-1 1536065093.918672 -0.67853 0.535597 1.10619
-1 1536065093.926596 -0.676472 0.53664 1.10611
-1 1536065093.934523 -0.675419 0.537153 1.10607
-1 1536065093.938821 -0.673279 0.538149 1.10601
-1 1536065093.962691 -0.6678 0.540659 1.1059
-1 1536065093.971103 -0.665544 0.541707 1.10587
-1 1536065093.979454 -0.663287 0.542786 1.10584
-1 1536065093.991019 -0.65995 0.544446 1.10581
-1 1536065093.999095 -0.657682 0.545554 1.10578
-1 1536065094.014837 -0.652992 0.547738 1.10567
-1 1536065094.023743 -0.650609 0.548809 1.1056
-1 1536065094.030915 -0.648216 0.549852 1.10552
-1 1536065094.056876 -0.639503 0.553339 1.10524
-1 1536065094.077183 -0.632956 0.55564 1.10499
-1 1536065094.084285 -0.63029 0.556588 1.1049
-1 1536065094.092213 -0.627592 0.557583 1.10485
-1 1536065094.101925 -0.624892 0.558646 1.10485
-1 1536065094.112635 -0.623546 0.559218 1.10487
-1 1536065094.120886 -0.619045 0.56059 1.10534
-1 1536065094.140216 -0.612779 0.562284 1.10594
-1 1536065094.160318 -0.608196 0.563592 1.10644
-1 1536065094.171311 -0.603866 0.564874 1.10694
-1 1536065094.179067 -0.599651 0.566036 1.10744
-1 1536065094.189276 -0.596808 0.566785 1.10779
-1 1536065094.203353 -0.592359 0.567901 1.10834
-1 1536065094.216915 -0.587694 0.56901 1.10893
-1 1536065094.268050 -0.565172 0.574345 1.11134
-1 1536065094.296646 -0.559872 0.575824 1.11174
-1 1536065094.325499 -0.544598 0.580481 1.11271
-1 1536065094.343837 -0.539895 0.582143 1.11296
-1 1536065094.353983 -0.538359 0.582702 1.11303
-1 1536065094.365022 -0.535328 0.583808 1.11315
-1 1536065094.371639 -0.532316 0.584912 1.11324
-1 1536065094.380703 -0.52773 0.58652 1.11332
-1 1536065094.393472 -0.524562 0.587523 1.11335
-1 1536065094.402063 -0.521272 0.588475 1.11334
-1 1536065094.409086 -0.516123 0.589848 1.11329
-1 1536065094.417131 -0.512596 0.590751 1.1132
-1 1536065094.426450 -0.503853 0.593142 1.11282
-1 1536065094.429660 -0.500469 0.594136 1.11259
-1 1536065094.441444 -0.49549 0.595677 1.11219
-1 1536065094.459928 -0.487559 0.59844 1.1114
-1 1536065094.473570 -0.482923 0.600152 1.11088
-1 1536065094.482035 -0.479818 0.601293 1.11051
-1 1536065094.493393 -0.476693 0.602407 1.11022
-1 1536065094.500185 -0.473534 0.603499 1.10999
-1 1536065094.506360 -0.470347 0.60456 1.1098
-1 1536065094.514370 -0.467151 0.605598 1.10963
-1 1536065094.521344 -0.463972 0.606621 1.10945
-1 1536065094.530774 -0.460823 0.607638 1.10926
-1 1536065094.533970 -0.459274 0.608136 1.10916
-1 1536065094.538998 -0.457744 0.608637 1.10905
-1 1536065094.549459 -0.453302 0.610059 1.1087
-1 1536065094.563404 -0.450451 0.611039 1.10843
-1 1536065094.575398 -0.444571 0.612193 1.10789
-1 1536065094.578927 -0.443754 0.611955 1.10785
-1 1536065094.587317 -0.44239 0.611143 1.10787
-1 1536065094.596280 -0.441787 0.610671 1.10792
-1 1536065094.603295 -0.439965 0.609429 1.10825
-1 1536065094.609728 -0.439306 0.609134 1.10839
-1 1536065094.613756 -0.437864 0.608787 1.10869
-1 1536065094.624493 -0.435389 0.608807 1.10914
-1 1536065094.631843 -0.434495 0.608938 1.10928
-1 1536065094.639272 -0.431669 0.609592 1.10967
-1 1536065094.642253 -0.430672 0.609885 1.1098
-1 1536065094.652760 -0.428638 0.610536 1.11002
-1 1536065094.660123 -0.426546 0.611274 1.11022
-1 1536065094.666992 -0.424384 0.612053 1.1104
-1 1536065094.679314 -0.421028 0.613262 1.11062
-1 1536065094.685747 -0.418742 0.614098 1.11073
-1 1536065094.698158 -0.416453 0.614937 1.11081
-1 1536065094.717093 -0.41303 0.616201 1.1109
-1 1536065094.725109 -0.409614 0.617514 1.11092
-1 1536065094.734995 -0.407354 0.618431 1.11089
-1 1536065094.741766 -0.404003 0.619876 1.11079
-1 1536065094.746788 -0.402896 0.620384 1.11075
-1 1536065094.758941 -0.399608 0.621988 1.11062
-1 1536065094.773493 -0.396351 0.623723 1.1105
-1 1536065094.791439 -0.391055 0.626925 1.11025
-1 1536065094.807472 -0.387963 0.628947 1.11008
-1 1536065094.814292 -0.385938 0.630314 1.10996
-1 1536065094.827849 -0.38396 0.631695 1.10983
-1 1536065094.839025 -0.381043 0.633805 1.10961
-1 1536065094.844460 -0.380087 0.634519 1.10953
-1 1536065094.859179 -0.378189 0.635965 1.10936
-1 1536065094.864429 -0.376301 0.637434 1.10921
-1 1536065094.876494 -0.374429 0.63892 1.10906
-1 1536065094.886935 -0.372561 0.640419 1.10892
-1 1536065094.894853 -0.369773 0.642672 1.10876
-1 1536065094.906668 -0.36794 0.644178 1.10867
-1 1536065094.913149 -0.36615 0.645685 1.10858
-1 1536065094.924248 -0.364359 0.647241 1.10851
-1 1536065094.933435 -0.362585 0.648824 1.10846
-1 1536065094.938906 -0.361703 0.649618 1.10843
-1 1536065094.949392 -0.359916 0.651253 1.1084
-1 1536065094.954664 -0.359017 0.652087 1.10838
-1 1536065094.963673 -0.358122 0.652935 1.10836
-1 1536065094.972669 -0.355466 0.655503 1.10829
-1 1536065094.986879 -0.35285 0.658122 1.10821
-1 1536065094.993427 -0.351993 0.658999 1.10818
-1 1536065095.006118 -0.350303 0.660752 1.10812
-1 1536065095.020041 -0.346183 0.665204 1.10797
-1 1536065095.030986 -0.344557 0.667027 1.10791
-1 1536065095.039451 -0.342123 0.669808 1.10781
-1 1536065095.043665 -0.3405 0.671696 1.10773
-1 1536065095.052623 -0.33889 0.673608 1.10764
-1 1536065095.069568 -0.336566 0.676517 1.10747
-1 1536065095.083585 -0.333577 0.680394 1.10719
-1 1536065095.092028 -0.331394 0.683284 1.10698
-1 1536065095.097627 -0.329959 0.685217 1.10684
-1 1536065095.103234 -0.329242 0.686187 1.10676
-1 1536065095.117855 -0.327094 0.689121 1.10652
-1 1536065095.122927 -0.326383 0.690115 1.10644
-1 1536065095.128692 -0.325675 0.691119 1.10636
-1 1536065095.148811 -0.322919 0.695258 1.10604
-1 1536065095.156932 -0.321595 0.697417 1.10589
-1 1536065095.165685 -0.319692 0.700786 1.10566
-1 1536065095.178022 -0.317845 0.704302 1.1054
-1 1536065095.188730 -0.316632 0.706693 1.1052
-1 1536065095.196066 -0.31543 0.709107 1.10498
-1 1536065095.208358 -0.312471 0.715233 1.10442
-1 1536065095.216259 -0.311283 0.717768 1.10424
-1 1536065095.223843 -0.310079 0.720357 1.10411
-1 1536065095.238356 -0.308203 0.724332 1.10401
-1 1536065095.246400 -0.306906 0.727038 1.10399
-1 1536065095.252512 -0.305585 0.729767 1.10401
-1 1536065095.257733 -0.304917 0.73114 1.10404
-1 1536065095.264581 -0.303583 0.733912 1.1041
-1 1536065095.277149 -0.301606 0.738192 1.10424
-1 1536065095.287506 -0.299559 0.742412 1.1047
-1 1536065095.295327 -0.298419 0.745185 1.10496
-1 1536065095.306298 -0.297512 0.747972 1.10525
-1 1536065095.312734 -0.297116 0.749379 1.10539
-1 1536065095.325307 -0.296385 0.752195 1.1057
-1 1536065095.333319 -0.295674 0.754974 1.10601
-1 1536065095.348294 -0.294612 0.759138 1.10648
-1 1536065095.355229 -0.29389 0.761963 1.1068
-1 1536065095.361942 -0.293516 0.763394 1.10696
-1 1536065095.368982 -0.292732 0.766298 1.10727
-1 1536065095.378907 -0.29187 0.76926 1.10758
-1 1536065095.388232 -0.290383 0.773855 1.10803
-1 1536065095.397969 -0.289301 0.777033 1.10832
-1 1536065095.400609 -0.288745 0.778652 1.10845
-1 1536065095.409250 -0.287064 0.783558 1.10881
-1 1536065095.421389 -0.285931 0.786849 1.10901
-1 1536065095.429395 -0.284204 0.791788 1.10924
-1 1536065095.440503 -0.283023 0.795028 1.10933
-1 1536065095.447399 -0.281814 0.798186 1.10938
-1 1536065095.459226 -0.279959 0.802801 1.10936
-1 1536065095.467362 -0.278661 0.805885 1.10927
-1 1536065095.479480 -0.277339 0.809001 1.10915
-1 1536065095.496161 -0.275341 0.8137 1.10896
-1 1536065095.509742 -0.274045 0.816821 1.10882
-1 1536065095.518925 -0.272835 0.819912 1.10868
-1 1536065095.528661 -0.271668 0.822997 1.10856
-1 1536065095.536597 -0.270546 0.826099 1.10844
-1 1536065095.543534 -0.270005 0.827664 1.10838
-1 1536065095.554122 -0.268983 0.83082 1.10825
-1 1536065095.563054 -0.267581 0.83559 1.10805
-1 1536065095.571323 -0.266207 0.84037 1.10782
-1 1536065095.577836 -0.265416 0.843364 1.10768
-1 1536065095.593214 -0.265653 0.848483 1.10761
-1 1536065095.601691 -0.26691 0.850235 1.10785
-1 1536065095.621254 -0.267741 0.85267 1.10839
-1 1536065095.630451 -0.267393 0.855767 1.10906
-1 1536065095.637874 -0.266873 0.857586 1.10941
-1 1536065095.647702 -0.266168 0.859567 1.10976
-1 1536065095.655335 -0.265762 0.860614 1.10994
-1 1536065095.664796 -0.264877 0.862815 1.11029
-1 1536065095.671373 -0.26442 0.863956 1.11046
-1 1536065095.684494 -0.263463 0.86631 1.1108
-1 1536065095.698639 -0.261944 0.869942 1.11128
-1 1536065095.705261 -0.261439 0.871152 1.11144
-1 1536065095.718620 -0.259957 0.874723 1.11187
-1 1536065095.726995 -0.258477 0.878168 1.11226
-1 1536065095.735798 -0.257517 0.88039 1.11248
-1 1536065095.748854 -0.256137 0.883564 1.11279
-1 1536065095.759149 -0.255269 0.885645 1.11297
-1 1536065095.767201 -0.254036 0.888732 1.1132
-1 1536065095.775625 -0.25324 0.89076 1.11334
-1 1536065095.786052 -0.252457 0.89278 1.11346
-1 1536065095.791125 -0.252065 0.893781 1.11351
-1 1536065095.799543 -0.251282 0.895765 1.11359
-1 1536065095.808553 -0.250506 0.897725 1.11364
-1 1536065095.819251 -0.24934 0.900604 1.11368
-1 1536065095.831248 -0.248126 0.903348 1.11367
-1 1536065095.836110 -0.247718 0.904241 1.11366
-1 1536065095.851167 -0.246486 0.906843 1.11362
-1 1536065095.864730 -0.245641 0.908523 1.11358
-1 1536065095.871103 -0.2443 0.910962 1.11349
-1 1536065095.885318 -0.243362 0.912546 1.11342
-1 1536065095.894529 -0.242404 0.914115 1.11334
-1 1536065095.911179 -0.240935 0.916455 1.11323
-1 1536065095.920611 -0.239936 0.918034 1.11317
-1 1536065095.933938 -0.238414 0.920446 1.1131
-1 1536065095.944173 -0.237413 0.92208 1.11306
-1 1536065095.956528 -0.236424 0.923719 1.11302
-1 1536065095.970351 -0.234008 0.927804 1.11295
-1 1536065095.980276 -0.231489 0.93193 1.11286
-1 1536065096.006961 -0.230436 0.933604 1.11281
-1 1536065096.018862 -0.224675 0.942353 1.11238
-1 1536065096.026589 -0.222789 0.945085 1.11217
-1 1536065096.035448 -0.221528 0.946909 1.11203
-1 1536065096.040281 -0.220895 0.947826 1.11195
-1 1536065096.044672 -0.22026 0.948746 1.11188
-1 1536065096.056419 -0.218359 0.951521 1.11163
-1 1536065096.062733 -0.217144 0.953383 1.11146
-1 1536065096.072837 -0.216551 0.954311 1.11137
-1 1536065096.079564 -0.214736 0.957056 1.11109
-1 1536065096.085220 -0.213488 0.958847 1.11092
-1 1536065096.093566 -0.212212 0.960596 1.11074
-1 1536065096.103907 -0.210903 0.962289 1.11057
-1 1536065096.112167 -0.209575 0.963935 1.1104
-1 1536065096.117867 -0.208901 0.964747 1.11031
-1 1536065096.130316 -0.208218 0.965554 1.11023
-1 1536065096.136773 -0.206807 0.967157 1.11006
-1 1536065096.146066 -0.205328 0.968769 1.10988
-1 1536065096.156574 -0.203778 0.97039 1.10971
-1 1536065096.162705 -0.202969 0.971212 1.10962
-1 1536065096.167875 -0.202144 0.972045 1.10952
-1 1536065096.173328 -0.2013 0.972885 1.10943
-1 1536065096.179434 -0.200439 0.973736 1.10933
-1 1536065096.184656 -0.199564 0.974598 1.10923
-1 1536065096.188807 -0.198673 0.975472 1.10912
-1 1536065096.197587 -0.197767 0.976356 1.10901
-1 1536065096.206343 -0.194968 0.979067 1.10867
-1 1536065096.216873 -0.193038 0.980908 1.10841
-1 1536065096.223058 -0.191069 0.982773 1.10813
-1 1536065096.229594 -0.18908 0.984649 1.10785
-1 1536065096.245937 -0.183945 0.989411 1.10708
-1 1536065096.253002 -0.180769 0.992389 1.10666
