-1 1528712641.391653 -0.690675 0.404122 1.09398
-1 1528712641.397687 -0.691265 0.403553 1.09379
-1 1528712641.404137 -0.691303 0.403495 1.09377
-1 1528712641.408713 -0.691322 0.403467 1.09376
-1 1528712641.438957 -0.691457 0.403299 1.09371
-1 1528712641.453531 -0.691581 0.403207 1.09367
-1 1528712641.470981 -0.69164 0.403167 1.09364
-1 1528712641.475849 -0.691697 0.403125 1.09362
-1 1528712641.482235 -0.691753 0.403085 1.0936
-1 1528712641.490438 -0.691778 0.403066 1.09359
-1 1528712641.497509 -0.691833 0.40302 1.09356
-1 1528712641.506863 -0.691858 0.402999 1.09353
-1 1528712641.521162 -0.691883 0.402953 1.09347
-1 1528712641.527341 -0.691891 0.402915 1.09342
-1 1528712641.544213 -0.6919 0.40289 1.09339
-1 1528712641.556436 -0.691913 0.402867 1.09335
-1 1528712641.568401 -0.691919 0.402851 1.0933
-1 1528712641.576577 -0.691918 0.402849 1.09327
-1 1528712641.591506 -0.69191 0.402851 1.09322
-1 1528712641.598272 -0.691899 0.402854 1.09319
-1 1528712641.605969 -0.691889 0.402853 1.09315
-1 1528712641.624386 -0.691918 0.402876 1.09312
-1 1528712641.633741 -0.691946 0.402924 1.09306
-1 1528712641.642629 -0.69193 0.40294 1.09304
-1 1528712641.650438 -0.691916 0.402948 1.09303
-1 1528712641.661493 -0.691861 0.402983 1.093
-1 1528712641.667449 -0.69182 0.403013 1.09298
-1 1528712641.678605 -0.691773 0.403041 1.09297
-1 1528712641.694577 -0.69169 0.403078 1.09295
-1 1528712641.704045 -0.691581 0.403146 1.09293
-1 1528712641.715019 -0.691522 0.403176 1.09292
-1 1528712641.721852 -0.691457 0.403186 1.09291
-1 1528712641.734473 -0.691394 0.403199 1.09289
-1 1528712641.746565 -0.691316 0.403242 1.09285
-1 1528712641.758653 -0.691256 0.403345 1.09278
-1 1528712641.771306 -0.691222 0.403407 1.09274
-1 1528712641.778035 -0.691189 0.403468 1.0927
-1 1528712641.782634 -0.691162 0.403525 1.09265
-1 1528712641.790521 -0.691136 0.403585 1.09261
-1 1528712641.801636 -0.691102 0.403656 1.09256
-1 1528712641.807038 -0.691063 0.403733 1.09251
-1 1528712641.820337 -0.691015 0.403817 1.09245
-1 1528712641.826227 -0.690966 0.403903 1.09238
-1 1528712641.839191 -0.690896 0.404024 1.09227
-1 1528712641.849701 -0.690849 0.404103 1.09218
-1 1528712641.862693 -0.690753 0.404281 1.092
-1 1528712641.874796 -0.690704 0.404382 1.0919
-1 1528712641.880872 -0.690673 0.404493 1.0918
-1 1528712641.886859 -0.690663 0.404604 1.0917
-1 1528712641.900385 -0.690666 0.404713 1.09159
-1 1528712641.918189 -0.690676 0.405019 1.0913
-1 1528712641.932546 -0.690645 0.405219 1.0911
-1 1528712641.943421 -0.690591 0.405425 1.0909
-1 1528712641.951419 -0.690547 0.40556 1.09076
-1 1528712641.958228 -0.690522 0.405698 1.09062
-1 1528712641.978388 -0.690504 0.405837 1.09048
-1 1528712641.988599 -0.690447 0.406146 1.09011
-1 1528712642.002848 -0.690441 0.406212 1.09003
-1 1528712642.009393 -0.690427 0.406474 1.08971
-1 1528712642.018963 -0.690419 0.406592 1.08955
-1 1528712642.028487 -0.690403 0.406705 1.08938
-1 1528712642.042365 -0.69037 0.406876 1.08912
-1 1528712642.052718 -0.690347 0.40704 1.08887
-1 1528712642.060301 -0.690349 0.407152 1.08871
-1 1528712642.067185 -0.690361 0.407273 1.08854
-1 1528712642.079004 -0.690393 0.407457 1.08829
-1 1528712642.086753 -0.690413 0.407587 1.08811
-1 1528712642.097198 -0.690427 0.407723 1.08793
-1 1528712642.108801 -0.690425 0.407951 1.08765
-1 1528712642.120661 -0.690424 0.408116 1.08746
-1 1528712642.123558 -0.690427 0.408282 1.08727
-1 1528712642.139744 -0.690431 0.40845 1.08708
-1 1528712642.146421 -0.690456 0.40872 1.08679
-1 1528712642.159450 -0.690473 0.408974 1.0865
-1 1528712642.189305 -0.690452 0.409532 1.08575
-1 1528712642.198054 -0.690439 0.409699 1.08552
-1 1528712642.208817 -0.690417 0.409965 1.08518
-1 1528712642.219844 -0.690402 0.410154 1.08495
-1 1528712642.226883 -0.690382 0.410445 1.0846
-1 1528712642.239351 -0.690378 0.410634 1.08437
-1 1528712642.251133 -0.690376 0.410814 1.08414
-1 1528712642.260542 -0.690376 0.410991 1.0839
-1 1528712642.270442 -0.690383 0.411264 1.08354
-1 1528712642.287722 -0.690422 0.411739 1.08291
-1 1528712642.298617 -0.690451 0.411927 1.08267
-1 1528712642.311557 -0.690485 0.412121 1.08243
-1 1528712642.322987 -0.690534 0.41252 1.08198
-1 1528712642.329153 -0.690537 0.412712 1.08177
-1 1528712642.341320 -0.690531 0.412896 1.08156
-1 1528712642.349216 -0.690526 0.41307 1.08136
-1 1528712642.362278 -0.690565 0.413328 1.08105
-1 1528712642.379340 -0.690617 0.413666 1.08054
-1 1528712642.391664 -0.690632 0.41385 1.08024
-1 1528712642.398259 -0.690638 0.413914 1.08015
-1 1528712642.411947 -0.69065 0.414042 1.07996
-1 1528712642.425082 -0.690672 0.414286 1.07961
-1 1528712642.436698 -0.690696 0.414438 1.07935
-1 1528712642.446520 -0.690717 0.414567 1.0791
-1 1528712642.452820 -0.690711 0.414642 1.07894
-1 1528712642.460438 -0.690702 0.414675 1.07885
-1 1528712642.469311 -0.690669 0.414744 1.07868
-1 1528712642.477836 -0.690607 0.414846 1.07842
-1 1528712642.489226 -0.690572 0.414915 1.07824
-1 1528712642.497341 -0.690537 0.414972 1.07806
-1 1528712642.513035 -0.690513 0.415054 1.07779
-1 1528712642.517541 -0.690514 0.415113 1.07761
-1 1528712642.526090 -0.69052 0.415164 1.07743
-1 1528712642.532613 -0.690532 0.415206 1.07724
-1 1528712642.536669 -0.690541 0.415225 1.07715
-1 1528712642.550537 -0.690555 0.415254 1.07696
-1 1528712642.557844 -0.690587 0.415299 1.07667
-1 1528712642.569080 -0.690598 0.415308 1.07649
-1 1528712642.574186 -0.690605 0.415307 1.07631
-1 1528712642.589091 -0.690614 0.415284 1.07604
-1 1528712642.596496 -0.690624 0.415258 1.07587
-1 1528712642.606276 -0.690639 0.415227 1.07569
-1 1528712642.617166 -0.690656 0.415203 1.0755
-1 1528712642.625763 -0.690685 0.415177 1.07521
-1 1528712642.633497 -0.690698 0.415163 1.07502
-1 1528712642.639884 -0.690701 0.415142 1.07483
-1 1528712642.648078 -0.690699 0.415126 1.07474
-1 1528712642.662516 -0.690684 0.41506 1.07448
-1 1528712642.670035 -0.690649 0.414966 1.07426
-1 1528712642.699156 -0.690596 0.414863 1.07406
-1 1528712642.710284 -0.690467 0.414639 1.07363
-1 1528712642.718460 -0.690424 0.414559 1.07347
-1 1528712642.724246 -0.690385 0.414475 1.0733
-1 1528712642.729930 -0.690349 0.414389 1.07314
-1 1528712642.738178 -0.690335 0.414354 1.07307
-1 1528712642.749251 -0.690305 0.414272 1.07292
-1 1528712642.753273 -0.690259 0.414177 1.07279
-1 1528712642.771840 -0.690176 0.414019 1.07262
-1 1528712642.779498 -0.690082 0.413841 1.07248
-1 1528712642.791398 -0.690015 0.413719 1.07239
-1 1528712642.805046 -0.68988 0.413491 1.07219
-1 1528712642.810995 -0.689823 0.413388 1.07207
-1 1528712642.822216 -0.689799 0.413335 1.072
-1 1528712642.832601 -0.689733 0.413131 1.0717
-1 1528712642.840510 -0.689714 0.413042 1.07155
-1 1528712642.848142 -0.689703 0.412999 1.07148
-1 1528712642.855532 -0.689677 0.412918 1.07134
-1 1528712642.864800 -0.689647 0.412847 1.07122
-1 1528712642.878408 -0.689613 0.412755 1.07105
-1 1528712642.886852 -0.689604 0.412672 1.07089
-1 1528712642.896557 -0.689614 0.412611 1.07078
-1 1528712642.908057 -0.689632 0.412513 1.07061
-1 1528712642.923413 -0.689636 0.412445 1.0705
-1 1528712642.930696 -0.689627 0.412292 1.07028
-1 1528712642.939821 -0.689624 0.412255 1.07023
-1 1528712642.950750 -0.689607 0.412116 1.07009
-1 1528712642.957066 -0.689597 0.412009 1.07
-1 1528712642.971826 -0.689602 0.411895 1.06991
-1 1528712642.986321 -0.689715 0.41157 1.06968
-1 1528712642.999675 -0.68981 0.411437 1.06958
-1 1528712643.004343 -0.689948 0.411303 1.06948
-1 1528712643.018633 -0.690219 0.411126 1.06933
-1 1528712643.029814 -0.690508 0.410983 1.06919
-1 1528712643.044565 -0.690674 0.410909 1.06911
-1 1528712643.054248 -0.690913 0.410806 1.06894
-1 1528712643.066967 -0.691056 0.410773 1.0688
-1 1528712643.075336 -0.691101 0.410772 1.06876
-1 1528712643.080776 -0.691196 0.410793 1.06865
-1 1528712643.088571 -0.69121 0.410806 1.06862
-1 1528712643.098376 -0.691217 0.410839 1.06858
-1 1528712643.106180 -0.691207 0.410875 1.06854
-1 1528712643.128616 -0.691196 0.410916 1.06849
-1 1528712643.138112 -0.691184 0.410924 1.06841
-1 1528712643.147239 -0.691168 0.41092 1.06838
-1 1528712643.155389 -0.691155 0.410918 1.06835
-1 1528712643.167112 -0.691105 0.410918 1.06829
-1 1528712643.183397 -0.691007 0.410915 1.06821
-1 1528712643.191595 -0.690944 0.410897 1.06817
-1 1528712643.199856 -0.690884 0.410875 1.06813
-1 1528712643.204091 -0.690855 0.410863 1.06812
-1 1528712643.224066 -0.690756 0.410816 1.06805
-1 1528712643.239842 -0.690668 0.410779 1.06799
-1 1528712643.246956 -0.69062 0.410757 1.06796
-1 1528712643.264401 -0.690462 0.410711 1.06791
-1 1528712643.272521 -0.690362 0.410709 1.06788
-1 1528712643.277349 -0.690253 0.410726 1.06785
-1 1528712643.288492 -0.690132 0.410745 1.06782
-1 1528712643.300554 -0.689987 0.410749 1.06779
-1 1528712643.308707 -0.689746 0.410756 1.06774
-1 1528712643.326460 -0.68941 0.410763 1.06768
-1 1528712643.337822 -0.689157 0.410792 1.06764
-1 1528712643.347098 -0.688993 0.410826 1.06761
-1 1528712643.368593 -0.688586 0.410899 1.0675
-1 1528712643.378991 -0.688338 0.410934 1.06743
-1 1528712643.388360 -0.688175 0.410954 1.06738
-1 1528712643.399109 -0.688023 0.41097 1.06733
-1 1528712643.405573 -0.687867 0.410973 1.06728
-1 1528712643.412721 -0.687705 0.410964 1.06723
-1 1528712643.423765 -0.687536 0.410956 1.06719
-1 1528712643.436664 -0.687287 0.410959 1.06713
-1 1528712643.441056 -0.687144 0.410973 1.06708
-1 1528712643.449296 -0.68708 0.41098 1.06706
-1 1528712643.453604 -0.686963 0.410993 1.067
-1 1528712643.461672 -0.686862 0.411009 1.06694
-1 1528712643.473167 -0.68678 0.411017 1.06687
-1 1528712643.480513 -0.686711 0.411015 1.0668
-1 1528712643.491576 -0.686643 0.411007 1.06672
-1 1528712643.498576 -0.686568 0.410994 1.06665
-1 1528712643.510945 -0.686439 0.41098 1.06657
-1 1528712643.517396 -0.686339 0.410986 1.06652
-1 1528712643.528509 -0.686158 0.41101 1.06647
-1 1528712643.547675 -0.685879 0.411063 1.06639
-1 1528712643.555565 -0.685753 0.411085 1.06635
-1 1528712643.565004 -0.685631 0.411112 1.06629
-1 1528712643.573920 -0.685445 0.411149 1.06618
-1 1528712643.591207 -0.685272 0.411133 1.06606
-1 1528712643.597851 -0.685185 0.411118 1.06598
-1 1528712643.609422 -0.685123 0.411121 1.06589
-1 1528712643.620782 -0.685029 0.411136 1.0657
-1 1528712643.632942 -0.684961 0.411142 1.06555
-1 1528712643.641649 -0.684919 0.41114 1.06543
-1 1528712643.651783 -0.68487 0.411137 1.0653
-1 1528712643.662217 -0.684779 0.411143 1.06507
-1 1528712643.848807 -0.684728 0.411157 1.06488
-1 1528712643.865285 -0.682777 0.412416 1.05879
-1 1528712643.871674 -0.6829 0.412703 1.05841
-1 1528712643.885685 -0.683105 0.412933 1.05804
-1 1528712643.898948 -0.683342 0.413123 1.0577
-1 1528712643.908334 -0.683608 0.4133 1.05739
-1 1528712643.920300 -0.683808 0.413434 1.0572
-1 1528712643.930242 -0.684213 0.41367 1.05688
-1 1528712643.940465 -0.68431 0.413717 1.05681
-1 1528712643.948085 -0.684628 0.413865 1.0566
-1 1528712643.963937 -0.684831 0.413989 1.05646
-1 1528712643.972949 -0.685088 0.414179 1.05627
-1 1528712643.979078 -0.685236 0.414302 1.05615
-1 1528712643.989549 -0.68538 0.41443 1.05603
-1 1528712643.997251 -0.685514 0.414553 1.05591
-1 1528712644.003807 -0.685636 0.414672 1.0558
-1 1528712644.012970 -0.685751 0.414804 1.05569
-1 1528712644.021107 -0.685808 0.414872 1.05563
-1 1528712644.031627 -0.685954 0.415072 1.05546
-1 1528712644.050443 -0.686077 0.415253 1.05527
-1 1528712644.056356 -0.686185 0.415439 1.05508
-1 1528712644.092491 -0.686431 0.415864 1.05458
-1 1528712644.100704 -0.686554 0.415968 1.0544
-1 1528712644.112538 -0.686664 0.416054 1.05423
-1 1528712644.118229 -0.686695 0.416078 1.05417
-1 1528712644.136035 -0.686744 0.416126 1.05404
-1 1528712644.155578 -0.686825 0.416262 1.05373
-1 1528712644.174536 -0.68692 0.416413 1.0534
-1 1528712644.183399 -0.686978 0.416519 1.05314
-1 1528712644.187515 -0.686985 0.416552 1.05307
-1 1528712644.202157 -0.686988 0.416616 1.05296
-1 1528712644.209785 -0.686988 0.416728 1.05279
-1 1528712644.217285 -0.686994 0.416813 1.05269
-1 1528712644.231318 -0.686998 0.416896 1.05258
-1 1528712644.241616 -0.686987 0.417035 1.05237
-1 1528712644.250345 -0.686987 0.41708 1.05233
-1 1528712644.260844 -0.686976 0.41726 1.05218
-1 1528712644.271792 -0.686969 0.417295 1.05215
-1 1528712644.277933 -0.686954 0.417384 1.05208
-1 1528712644.290182 -0.686939 0.417436 1.05205
-1 1528712644.298431 -0.686914 0.417485 1.05203
-1 1528712644.305035 -0.686888 0.417538 1.05202
-1 1528712644.319879 -0.686836 0.41764 1.05201
-1 1528712644.326749 -0.686799 0.417723 1.05203
-1 1528712644.332726 -0.686761 0.417813 1.05207
-1 1528712644.352895 -0.68671 0.41795 1.05216
-1 1528712644.364102 -0.68667 0.418135 1.05233
-1 1528712644.376724 -0.686635 0.418253 1.0525
-1 1528712644.390081 -0.686589 0.418363 1.05269
-1 1528712644.398280 -0.686556 0.418435 1.05283
-1 1528712644.405611 -0.686518 0.418496 1.05299
-1 1528712644.412246 -0.686476 0.418545 1.05315
-1 1528712644.416227 -0.686453 0.418564 1.05324
-1 1528712644.420786 -0.68643 0.418579 1.05333
-1 1528712644.430198 -0.686382 0.418599 1.05351
-1 1528712644.437899 -0.68633 0.418605 1.05371
-1 1528712644.447361 -0.686276 0.418593 1.05391
-1 1528712644.461049 -0.686219 0.418563 1.05413
-1 1528712644.470414 -0.68619 0.418544 1.05425
-1 1528712644.480190 -0.686133 0.418504 1.05448
-1 1528712644.486836 -0.686074 0.418464 1.05472
-1 1528712644.495637 -0.685983 0.418399 1.0551
-1 1528712644.504749 -0.685919 0.418355 1.05536
-1 1528712644.510595 -0.685853 0.418297 1.05564
-1 1528712644.518157 -0.685779 0.418229 1.05591
-1 1528712644.524178 -0.685708 0.418156 1.0562
-1 1528712644.534770 -0.685628 0.418073 1.0565
-1 1528712644.540607 -0.685507 0.417935 1.05696
-1 1528712644.548012 -0.685466 0.417884 1.05711
-1 1528712644.561126 -0.685347 0.417727 1.0576
-1 1528712644.579106 -0.68523 0.417543 1.0581
-1 1528712644.592652 -0.685145 0.417269 1.05877
-1 1528712644.618595 -0.685107 0.416774 1.05994
-1 1528712644.625279 -0.685113 0.416651 1.06028
-1 1528712644.633420 -0.685122 0.416531 1.06061
-1 1528712644.640281 -0.685125 0.416473 1.06078
-1 1528712644.648129 -0.685135 0.416357 1.06112
-1 1528712644.664668 -0.685159 0.416163 1.06161
-1 1528712644.670848 -0.68518 0.415964 1.06211
-1 1528712644.679326 -0.685179 0.415899 1.06227
-1 1528712644.689951 -0.685168 0.415702 1.06275
-1 1528712644.705659 -0.685158 0.415583 1.06307
-1 1528712644.710453 -0.685168 0.415367 1.0637
-1 1528712644.718534 -0.685174 0.41532 1.06386
-1 1528712644.730845 -0.685204 0.415123 1.06447
-1 1528712644.743613 -0.685241 0.415019 1.06477
-1 1528712644.752367 -0.6853 0.414935 1.06507
-1 1528712644.768209 -0.685366 0.414713 1.06565
-1 1528712644.788343 -0.685364 0.41436 1.06634
-1 1528712644.799641 -0.685357 0.414211 1.0666
-1 1528712644.807955 -0.685327 0.413993 1.06698
-1 1528712644.817497 -0.685291 0.413841 1.06723
-1 1528712644.830448 -0.685213 0.413601 1.06758
-1 1528712644.837370 -0.685155 0.413436 1.06781
-1 1528712644.841211 -0.685129 0.413353 1.06792
-1 1528712644.851413 -0.685104 0.413272 1.06803
-1 1528712644.855873 -0.685057 0.413116 1.06825
-1 1528712644.868193 -0.684982 0.412865 1.06855
-1 1528712644.882973 -0.684869 0.412493 1.06894
-1 1528712644.892610 -0.684811 0.412287 1.06912
-1 1528712644.905180 -0.684779 0.412183 1.06921
-1 1528712644.912687 -0.684639 0.411759 1.06955
-1 1528712644.917371 -0.684609 0.411656 1.06963
-1 1528712644.921119 -0.684583 0.411559 1.0697
-1 1528712644.930104 -0.684541 0.411379 1.06985
-1 1528712644.939672 -0.684496 0.411202 1.06999
-1 1528712644.955334 -0.68445 0.411042 1.07013
-1 1528712644.964423 -0.684263 0.410694 1.07038
-1 1528712644.977499 -0.684093 0.410433 1.07056
-1 1528712644.990715 -0.683906 0.410173 1.07072
-1 1528712645.003407 -0.683801 0.409987 1.07083
-1 1528712645.011189 -0.683689 0.409678 1.07098
-1 1528712645.018354 -0.683646 0.409445 1.07107
-1 1528712645.033415 -0.683612 0.408924 1.07123
-1 1528712645.040668 -0.683589 0.408646 1.07132
-1 1528712645.047669 -0.683576 0.408507 1.07136
-1 1528712645.052582 -0.683563 0.40837 1.0714
-1 1528712645.077967 -0.683541 0.4081 1.07148
-1 1528712645.094813 -0.683478 0.407166 1.07173
-1 1528712645.102258 -0.68351 0.406751 1.07181
-1 1528712645.113071 -0.683562 0.406472 1.07186
-1 1528712645.121619 -0.68366 0.406054 1.07194
-1 1528712645.131272 -0.683759 0.405642 1.07201
-1 1528712645.139938 -0.683791 0.405506 1.07204
-1 1528712645.146680 -0.683867 0.405267 1.07209
-1 1528712645.154387 -0.683928 0.405039 1.07213
-1 1528712645.174459 -0.683996 0.404708 1.07218
-1 1528712645.181494 -0.684095 0.404248 1.07222
-1 1528712645.195318 -0.684126 0.404128 1.07223
-1 1528712645.204496 -0.684231 0.403763 1.07225
-1 1528712645.207995 -0.684301 0.403516 1.07226
-1 1528712645.216624 -0.684376 0.40328 1.07227
-1 1528712645.226616 -0.684497 0.402945 1.07228
-1 1528712645.231887 -0.684538 0.402832 1.07229
-1 1528712645.240344 -0.68458 0.402717 1.07229
-1 1528712645.248627 -0.684657 0.402483 1.07229
-1 1528712645.255371 -0.68472 0.402258 1.07228
-1 1528712645.261255 -0.684768 0.402036 1.07227
-1 1528712645.269934 -0.684811 0.401823 1.07226
-1 1528712645.280426 -0.684866 0.401622 1.07224
-1 1528712645.288495 -0.684936 0.401442 1.07223
-1 1528712645.299010 -0.685025 0.401277 1.07221
-1 1528712645.304435 -0.685126 0.401116 1.07219
-1 1528712645.311279 -0.685226 0.400957 1.07217
-1 1528712645.317002 -0.685276 0.400876 1.07216
-1 1528712645.324527 -0.685378 0.40071 1.07213
-1 1528712645.332547 -0.685484 0.400543 1.07211
-1 1528712645.336973 -0.685538 0.400462 1.0721
-1 1528712645.347465 -0.685666 0.400345 1.07208
-1 1528712645.354983 -0.685779 0.400249 1.07206
-1 1528712645.357690 -0.685834 0.400202 1.07204
-1 1528712645.371562 -0.685921 0.400108 1.07202
-1 1528712645.383467 -0.686068 0.399904 1.07196
-1 1528712645.390257 -0.686145 0.399792 1.07193
-1 1528712645.400736 -0.686184 0.399733 1.07192
-1 1528712645.408678 -0.686312 0.399557 1.07188
-1 1528712645.420820 -0.686407 0.399447 1.07185
-1 1528712645.430493 -0.686598 0.399253 1.07181
-1 1528712645.438224 -0.686647 0.399209 1.0718
-1 1528712645.442175 -0.686693 0.399167 1.07179
-1 1528712645.449190 -0.686739 0.399126 1.07178
-1 1528712645.454078 -0.686822 0.399048 1.07176
-1 1528712645.460360 -0.686892 0.398975 1.07174
-1 1528712645.466545 -0.686924 0.39894 1.07174
-1 1528712645.479406 -0.686987 0.398873 1.07173
-1 1528712645.488849 -0.687081 0.398779 1.07172
-1 1528712645.496769 -0.687146 0.398721 1.07172
-1 1528712645.506409 -0.687229 0.398665 1.07173
-1 1528712645.513582 -0.687332 0.39861 1.07174
-1 1528712645.521634 -0.687437 0.398556 1.07175
-1 1528712645.529675 -0.687536 0.398504 1.07176
-1 1528712645.538290 -0.687631 0.398457 1.07178
-1 1528712645.547967 -0.68774 0.398454 1.07179
-1 1528712645.555280 -0.687843 0.398443 1.07181
-1 1528712645.561748 -0.687937 0.39843 1.07182
-1 1528712645.570439 -0.688027 0.398412 1.07184
-1 1528712645.583410 -0.688114 0.39839 1.07185
-1 1528712645.601454 -0.688262 0.398348 1.07187
-1 1528712645.611449 -0.688349 0.39832 1.0719
-1 1528712645.618900 -0.688385 0.398308 1.07193
-1 1528712645.626646 -0.688402 0.39829 1.07198
-1 1528712645.630312 -0.688402 0.398284 1.07199
-1 1528712645.640653 -0.688402 0.398278 1.07201
-1 1528712645.646170 -0.688404 0.398276 1.07205
-1 1528712645.652990 -0.688412 0.398288 1.07209
-1 1528712645.661425 -0.688431 0.398312 1.07213
-1 1528712645.668395 -0.688448 0.398326 1.07214
-1 1528712645.673522 -0.688491 0.398351 1.07218
-1 1528712645.687602 -0.68854 0.398357 1.07222
-1 1528712645.697865 -0.688598 0.398315 1.07228
-1 1528712645.706855 -0.688667 0.398273 1.07234
-1 1528712645.710205 -0.688695 0.398259 1.07236
-1 1528712645.721870 -0.688756 0.398233 1.07241
-1 1528712645.727518 -0.688789 0.398222 1.07243
-1 1528712645.739917 -0.688885 0.398188 1.0725
-1 1528712645.747968 -0.688958 0.398187 1.07255
-1 1528712645.755733 -0.689026 0.398167 1.07259
-1 1528712645.764179 -0.689089 0.398148 1.07264
-1 1528712645.771936 -0.689147 0.398131 1.07268
-1 1528712645.777779 -0.689197 0.398112 1.07272
-1 1528712645.826696 -0.689414 0.398023 1.07289
-1 1528712645.839489 -0.689642 0.397988 1.07298
-1 1528712645.847427 -0.689733 0.397975 1.07302
-1 1528712645.869742 -0.689867 0.397951 1.07306
-1 1528712645.873356 -0.690061 0.397926 1.07311
-1 1528712645.880497 -0.690165 0.397925 1.07313
-1 1528712645.894244 -0.690279 0.397928 1.07316
-1 1528712645.901413 -0.690399 0.397932 1.07318
-1 1528712645.912159 -0.690575 0.397939 1.07322
-1 1528712645.925963 -0.690684 0.397946 1.07324
-1 1528712645.942194 -0.690881 0.397972 1.07329
-1 1528712645.948421 -0.69102 0.397996 1.07333
-1 1528712645.956466 -0.691112 0.397998 1.07336
-1 1528712645.968314 -0.691205 0.397995 1.07339
-1 1528712645.979421 -0.691343 0.398007 1.07343
-1 1528712645.987051 -0.691429 0.39802 1.07346
-1 1528712646.000675 -0.691499 0.398028 1.07348
-1 1528712646.013540 -0.691567 0.39804 1.07351
-1 1528712646.021256 -0.691631 0.398046 1.07354
-1 1528712646.028539 -0.691656 0.398048 1.07355
-1 1528712646.040102 -0.691732 0.398048 1.07357
-1 1528712646.047494 -0.691773 0.398042 1.07359
-1 1528712646.052932 -0.691788 0.398038 1.0736
-1 1528712646.058597 -0.691812 0.398032 1.07362
-1 1528712646.067212 -0.691821 0.398032 1.07363
-1 1528712646.070882 -0.691823 0.398035 1.07364
-1 1528712646.082986 -0.691818 0.398059 1.07366
-1 1528712646.089208 -0.691815 0.39807 1.07367
-1 1528712646.096962 -0.691805 0.398095 1.07368
-1 1528712646.106241 -0.691786 0.398122 1.07369
-1 1528712646.118676 -0.691746 0.398174 1.07371
-1 1528712646.123366 -0.691698 0.398218 1.07373
-1 1528712646.132699 -0.691623 0.398271 1.07374
-1 1528712646.140010 -0.691578 0.398299 1.07375
-1 1528712646.147553 -0.691486 0.398377 1.07376
-1 1528712646.155985 -0.691372 0.398461 1.07378
-1 1528712646.161835 -0.691242 0.398552 1.0738
-1 1528712646.188830 -0.690724 0.398841 1.07386
-1 1528712646.201531 -0.690403 0.398991 1.07389
-1 1528712646.219171 -0.689942 0.399231 1.07393
-1 1528712646.228522 -0.689722 0.399367 1.07395
-1 1528712646.249952 -0.689267 0.399682 1.07399
-1 1528712646.258372 -0.689122 0.399782 1.074
-1 1528712646.269212 -0.688916 0.399916 1.07401
-1 1528712646.281466 -0.688724 0.400025 1.07402
-1 1528712646.287630 -0.688604 0.400084 1.07403
-1 1528712646.303310 -0.688503 0.400137 1.07404
-1 1528712646.323184 -0.688316 0.40026 1.07406
-1 1528712646.336028 -0.688226 0.400354 1.07409
-1 1528712646.349780 -0.68819 0.40043 1.0741
-1 1528712646.360864 -0.688169 0.400515 1.07411
-1 1528712646.368388 -0.688159 0.400563 1.07412
-1 1528712646.375451 -0.688153 0.400601 1.07413
-1 1528712646.380713 -0.68815 0.400616 1.07413
-1 1528712646.390481 -0.68814 0.400637 1.07414
-1 1528712646.399905 -0.688124 0.400654 1.07414
-1 1528712646.407883 -0.688078 0.400675 1.07415
-1 1528712646.411097 -0.688059 0.40068 1.07415
-1 1528712646.418810 -0.688039 0.400686 1.07415
-1 1528712646.427281 -0.687995 0.400701 1.07414
-1 1528712646.438440 -0.687941 0.40072 1.07414
-1 1528712646.447490 -0.687834 0.400755 1.07414
-1 1528712646.454924 -0.687745 0.400782 1.07413
-1 1528712646.470196 -0.687586 0.400821 1.07413
-1 1528712646.477648 -0.687476 0.400847 1.07412
-1 1528712646.489126 -0.687328 0.400891 1.07413
-1 1528712646.497667 -0.687243 0.400925 1.07413
-1 1528712646.506423 -0.687158 0.400944 1.07413
-1 1528712646.510991 -0.68707 0.400955 1.07412
-1 1528712646.522677 -0.687025 0.400966 1.07412
-1 1528712646.532044 -0.686888 0.401006 1.07411
-1 1528712646.541429 -0.686793 0.401034 1.0741
-1 1528712646.550073 -0.686719 0.401063 1.0741
-1 1528712646.557940 -0.686634 0.401091 1.0741
-1 1528712646.570981 -0.686486 0.401112 1.07409
-1 1528712646.589469 -0.686152 0.401164 1.07408
-1 1528712646.600961 -0.686099 0.401184 1.07408
-1 1528712646.609378 -0.685944 0.401238 1.07408
-1 1528712646.616850 -0.68583 0.401265 1.07408
-1 1528712646.625064 -0.685704 0.401287 1.07408
-1 1528712646.631349 -0.685574 0.401309 1.07408
-1 1528712646.644403 -0.685441 0.401332 1.07408
-1 1528712646.650255 -0.685309 0.401354 1.07409
-1 1528712646.662125 -0.685112 0.4014 1.07409
-1 1528712646.673390 -0.684983 0.401436 1.07409
-1 1528712646.679961 -0.684857 0.401471 1.07409
-1 1528712646.688894 -0.684731 0.401503 1.07408
-1 1528712646.695476 -0.684601 0.401529 1.07408
-1 1528712646.707546 -0.684469 0.401556 1.07408
-1 1528712646.718015 -0.68427 0.40159 1.07407
-1 1528712646.728929 -0.684138 0.401609 1.07407
-1 1528712646.751095 -0.683938 0.401631 1.07408
-1 1528712646.760331 -0.683579 0.401678 1.07409
-1 1528712646.766887 -0.68342 0.40169 1.07409
-1 1528712646.778851 -0.683163 0.401692 1.0741
-1 1528712646.791205 -0.682997 0.401693 1.07411
-1 1528712646.839801 -0.682104 0.401589 1.07415
-1 1528712646.846904 -0.681937 0.401565 1.07416
-1 1528712646.852132 -0.681854 0.401554 1.07417
-1 1528712646.858316 -0.681691 0.401538 1.07418
-1 1528712646.866135 -0.68161 0.401532 1.07419
-1 1528712646.875828 -0.68137 0.401526 1.07421
-1 1528712646.882864 -0.681213 0.401528 1.07423
-1 1528712646.888652 -0.681132 0.40153 1.07423
-1 1528712646.897221 -0.680963 0.401538 1.07425
-1 1528712646.905013 -0.680785 0.401551 1.07427
-1 1528712646.916174 -0.680695 0.40156 1.07427
-1 1528712646.920721 -0.680416 0.401585 1.07429
-1 1528712646.927268 -0.680321 0.401591 1.0743
-1 1528712646.932591 -0.680139 0.401603 1.07431
-1 1528712646.941560 -0.679982 0.401612 1.07432
-1 1528712646.956657 -0.679733 0.401626 1.07434
-1 1528712646.961525 -0.679572 0.401634 1.07436
-1 1528712646.968467 -0.679493 0.401641 1.07436
-1 1528712646.971146 -0.679415 0.40165 1.07437
-1 1528712646.979966 -0.679258 0.401663 1.07438
-1 1528712646.987960 -0.6791 0.401674 1.07439
-1 1528712646.999665 -0.678864 0.401692 1.07441
-1 1528712647.006263 -0.678713 0.401705 1.07442
-1 1528712647.018763 -0.678561 0.40172 1.07443
-1 1528712647.023733 -0.678415 0.401738 1.07444
-1 1528712647.033286 -0.678276 0.401756 1.07445
-1 1528712647.036774 -0.678208 0.401765 1.07446
-1 1528712647.054445 -0.678077 0.401786 1.07448
-1 1528712647.061425 -0.677809 0.401827 1.07451
-1 1528712647.066809 -0.67774 0.401837 1.07451
-1 1528712647.073032 -0.677672 0.401845 1.07452
-1 1528712647.080979 -0.677537 0.40186 1.07452
-1 1528712647.092479 -0.677336 0.401881 1.07453
-1 1528712647.100377 -0.677198 0.401897 1.07454
-1 1528712647.110351 -0.676997 0.401924 1.07455
-1 1528712647.118069 -0.676933 0.401932 1.07455
-1 1528712647.124815 -0.676815 0.401947 1.07455
-1 1528712647.131715 -0.676698 0.401963 1.07455
-1 1528712647.143148 -0.676593 0.401977 1.07455
-1 1528712647.153039 -0.6765 0.401997 1.07456
-1 1528712647.167529 -0.676316 0.402046 1.07455
-1 1528712647.183294 -0.676134 0.402097 1.07455
-1 1528712647.190512 -0.676092 0.402108 1.07455
-1 1528712647.197876 -0.676009 0.402125 1.07454
-1 1528712647.208749 -0.675874 0.40215 1.07454
-1 1528712647.211924 -0.675829 0.402158 1.07454
-1 1528712647.220486 -0.675739 0.402175 1.07454
-1 1528712647.225913 -0.675691 0.402183 1.07454
-1 1528712647.232219 -0.675589 0.402208 1.07454
-1 1528712647.238017 -0.675537 0.402222 1.07454
-1 1528712647.241326 -0.675486 0.402239 1.07454
-1 1528712647.247253 -0.675437 0.402258 1.07454
-1 1528712647.263031 -0.675239 0.40234 1.07454
-1 1528712647.270852 -0.675135 0.402378 1.07454
-1 1528712647.300886 -0.674818 0.402456 1.07455
-1 1528712647.306388 -0.674721 0.402491 1.07455
-1 1528712647.314189 -0.674634 0.40253 1.07456
-1 1528712647.324802 -0.674561 0.402579 1.07456
-1 1528712647.329641 -0.674501 0.402626 1.07456
-1 1528712647.337474 -0.674457 0.402653 1.07457
-1 1528712647.347165 -0.674416 0.402672 1.07457
-1 1528712647.357683 -0.674369 0.402688 1.07457
-1 1528712647.368946 -0.674287 0.402716 1.07457
-1 1528712647.374451 -0.674217 0.40273 1.07458
-1 1528712647.380802 -0.674127 0.402741 1.07458
-1 1528712647.387216 -0.674075 0.402746 1.07458
-1 1528712647.401731 -0.673954 0.402764 1.07459
-1 1528712647.411357 -0.673756 0.40281 1.07459
-1 1528712647.434948 -0.673582 0.402856 1.0746
-1 1528712647.459750 -0.673305 0.402948 1.07464
-1 1528712647.475799 -0.673111 0.40304 1.07466
-1 1528712647.484863 -0.672879 0.403145 1.07468
-1 1528712647.492242 -0.672756 0.403203 1.07469
-1 1528712647.502437 -0.672632 0.403258 1.07471
-1 1528712647.515185 -0.672456 0.403324 1.07473
-1 1528712647.542194 -0.672135 0.403442 1.07476
-1 1528712647.554497 -0.672032 0.403468 1.07476
-1 1528712647.565309 -0.671928 0.403511 1.07477
-1 1528712647.579237 -0.671808 0.403575 1.07478
-1 1528712647.619356 -0.671757 0.403604 1.07478
-1 1528712647.633852 -0.671437 0.40382 1.07477
-1 1528712647.640340 -0.67137 0.40386 1.07476
-1 1528712647.650347 -0.671339 0.403882 1.07476
-1 1528712647.683358 -0.671262 0.403955 1.07476
-1 1528712647.692658 -0.671122 0.404184 1.07475
-1 1528712647.699933 -0.671108 0.404214 1.07475
-1 1528712647.711756 -0.671082 0.404272 1.07473
-1 1528712647.722512 -0.671044 0.404366 1.07472
-1 1528712647.739703 -0.670984 0.404506 1.0747
-1 1528712647.751501 -0.670961 0.40457 1.0747
-1 1528712647.758878 -0.670955 0.40462 1.07469
-1 1528712647.773616 -0.670963 0.40469 1.07468
-1 1528712647.779998 -0.670971 0.404731 1.07467
-1 1528712647.792979 -0.670985 0.404782 1.07466
-1 1528712647.797505 -0.670989 0.404796 1.07466
-1 1528712647.824413 -0.670999 0.40485 1.07466
-1 1528712647.835352 -0.671014 0.404918 1.07467
-1 1528712647.841074 -0.671022 0.404954 1.07467
-1 1528712647.847381 -0.671026 0.404974 1.07467
-1 1528712647.870412 -0.671033 0.405075 1.07467
-1 1528712647.877947 -0.671026 0.405114 1.07467
-1 1528712647.884083 -0.671008 0.405154 1.07467
-1 1528712647.897774 -0.670969 0.405215 1.07467
-1 1528712647.909525 -0.670931 0.405274 1.07468
-1 1528712647.917100 -0.670913 0.405313 1.07468
-1 1528712647.923826 -0.670899 0.405346 1.07467
-1 1528712647.935612 -0.670887 0.405377 1.07467
-1 1528712647.948027 -0.67088 0.405415 1.07467
-1 1528712647.964272 -0.670883 0.405439 1.07467
-1 1528712647.973440 -0.670912 0.405475 1.07466
-1 1528712647.981473 -0.670925 0.405483 1.07467
-1 1528712647.991164 -0.670949 0.405495 1.07467
-1 1528712648.008111 -0.670993 0.405529 1.07467
-1 1528712648.021248 -0.671032 0.405567 1.07467
-1 1528712648.031445 -0.671049 0.405597 1.07467
-1 1528712648.041410 -0.671068 0.405634 1.07467
-1 1528712648.047641 -0.671095 0.405676 1.07467
-1 1528712648.060513 -0.671139 0.405706 1.07468
-1 1528712648.068385 -0.671161 0.405718 1.07468
-1 1528712648.075164 -0.671184 0.40575 1.07469
-1 1528712648.082194 -0.671211 0.405786 1.07469
-1 1528712648.092479 -0.671245 0.405827 1.0747
-1 1528712648.100532 -0.671293 0.405868 1.0747
-1 1528712648.110918 -0.671377 0.405926 1.0747
-1 1528712648.117687 -0.67141 0.405938 1.0747
-1 1528712648.124469 -0.671477 0.405958 1.0747
-1 1528712648.130513 -0.671514 0.405966 1.0747
-1 1528712648.143230 -0.671632 0.40599 1.0747
-1 1528712648.160237 -0.671777 0.406035 1.07471
-1 1528712648.171916 -0.671849 0.406057 1.07471
-1 1528712648.180406 -0.671914 0.406075 1.07471
-1 1528712648.191277 -0.672018 0.406099 1.07471
-1 1528712648.199050 -0.672152 0.406131 1.07471
-1 1528712648.211454 -0.672252 0.406157 1.07471
-1 1528712648.215379 -0.672307 0.406173 1.07471
-1 1528712648.223659 -0.672427 0.406206 1.07471
-1 1528712648.235224 -0.672559 0.406238 1.07471
-1 1528712648.249828 -0.672833 0.406315 1.0747
-1 1528712648.254225 -0.672966 0.406359 1.07469
-1 1528712648.259014 -0.673033 0.406382 1.07469
-1 1528712648.270079 -0.673166 0.406427 1.07469
-1 1528712648.276297 -0.673298 0.406474 1.07469
-1 1528712648.281817 -0.673419 0.406529 1.07469
-1 1528712648.289008 -0.673475 0.406556 1.07469
-1 1528712648.297553 -0.673583 0.406612 1.07469
-1 1528712648.308753 -0.673689 0.406669 1.07468
-1 1528712648.318458 -0.67386 0.406766 1.07468
-1 1528712648.327338 -0.673986 0.406837 1.07467
-1 1528712648.339286 -0.674111 0.406905 1.07467
-1 1528712648.352052 -0.674309 0.407005 1.07467
-1 1528712648.356318 -0.674448 0.407075 1.07468
-1 1528712648.361498 -0.674584 0.407142 1.07468
-1 1528712648.368889 -0.674652 0.407174 1.07468
-1 1528712648.375656 -0.674789 0.407238 1.07468
-1 1528712648.385156 -0.674929 0.407302 1.07468
-1 1528712648.391074 -0.675069 0.407362 1.07468
-1 1528712648.399831 -0.675138 0.407392 1.07468
-1 1528712648.408144 -0.675277 0.407451 1.07468
-1 1528712648.419396 -0.675479 0.407545 1.07468
-1 1528712648.425796 -0.675603 0.407612 1.07469
-1 1528712648.433192 -0.675726 0.407686 1.0747
-1 1528712648.450435 -0.675854 0.407765 1.0747
-1 1528712648.461175 -0.676192 0.40797 1.07472
-1 1528712648.469243 -0.67626 0.40801 1.07472
-1 1528712648.479768 -0.67647 0.408134 1.07472
-1 1528712648.490282 -0.676688 0.408261 1.07472
-1 1528712648.496510 -0.676762 0.408305 1.07472
-1 1528712648.505239 -0.676837 0.408347 1.07472
-1 1528712648.517102 -0.677127 0.408515 1.07473
-1 1528712648.524766 -0.677276 0.408594 1.07474
-1 1528712648.531080 -0.677428 0.408673 1.07474
-1 1528712648.551301 -0.677587 0.408753 1.07475
-1 1528712648.560518 -0.677919 0.408897 1.07476
-1 1528712648.571525 -0.67808 0.408966 1.07476
-1 1528712648.580287 -0.678304 0.409069 1.07477
-1 1528712648.592232 -0.678512 0.40917 1.07477
-1 1528712648.597047 -0.67858 0.409201 1.07478
-1 1528712648.604789 -0.678715 0.409259 1.07478
-1 1528712648.621876 -0.678921 0.40934 1.07478
-1 1528712648.630548 -0.679129 0.409421 1.07478
-1 1528712648.646711 -0.679273 0.409471 1.07478
-1 1528712648.666472 -0.679579 0.409558 1.07479
-1 1528712648.674389 -0.679987 0.409641 1.0748
-1 1528712648.699932 -0.680398 0.409738 1.07481
-1 1528712648.703410 -0.680551 0.409783 1.07481
-1 1528712648.707899 -0.680625 0.409805 1.07482
-1 1528712648.735967 -0.680698 0.409827 1.07482
-1 1528712648.778074 -0.681569 0.410049 1.07488
-1 1528712648.796081 -0.681867 0.410141 1.07492
-1 1528712648.802540 -0.682058 0.410196 1.07493
-1 1528712648.808801 -0.682179 0.410229 1.07495
-1 1528712648.825967 -0.682292 0.410262 1.07496
-1 1528712648.836998 -0.68255 0.410344 1.07499
-1 1528712648.849666 -0.682645 0.410382 1.075
-1 1528712648.867964 -0.682837 0.410475 1.07503
-1 1528712648.874830 -0.682995 0.410556 1.07506
-1 1528712648.886727 -0.683156 0.410604 1.07509
-1 1528712648.899617 -0.683267 0.41063 1.07511
-1 1528712648.907048 -0.683449 0.41067 1.07515
-1 1528712648.917282 -0.683572 0.410696 1.07518
-1 1528712648.924192 -0.683697 0.410716 1.07521
-1 1528712648.934970 -0.683819 0.410732 1.07523
-1 1528712648.941260 -0.683941 0.41073 1.07526
-1 1528712648.946572 -0.683994 0.410725 1.07527
-1 1528712648.953084 -0.684044 0.410719 1.07528
-1 1528712648.960333 -0.684188 0.410712 1.07532
-1 1528712648.967585 -0.684237 0.410717 1.07533
-1 1528712648.979127 -0.684333 0.410729 1.07536
-1 1528712648.985950 -0.684481 0.410742 1.0754
-1 1528712648.997120 -0.684581 0.410738 1.07542
-1 1528712649.004502 -0.684682 0.410726 1.07545
-1 1528712649.011338 -0.684789 0.410713 1.07547
-1 1528712649.019931 -0.684844 0.410708 1.07548
-1 1528712649.027481 -0.685008 0.410695 1.07551
-1 1528712649.039028 -0.685114 0.410679 1.07554
-1 1528712649.046595 -0.685219 0.410659 1.07555
-1 1528712649.060699 -0.685327 0.410638 1.07557
-1 1528712649.070362 -0.68549 0.410604 1.07558
-1 1528712649.078094 -0.685595 0.410581 1.07559
-1 1528712649.090164 -0.685759 0.410551 1.0756
-1 1528712649.099051 -0.685877 0.410535 1.07561
-1 1528712649.107454 -0.685998 0.410519 1.07562
-1 1528712649.112401 -0.68612 0.4105 1.07563
-1 1528712649.117752 -0.686183 0.41049 1.07564
-1 1528712649.125761 -0.686308 0.410471 1.07565
-1 1528712649.137883 -0.686496 0.410445 1.07566
-1 1528712649.147169 -0.686626 0.41043 1.07568
-1 1528712649.153621 -0.68674 0.410405 1.07568
-1 1528712649.169220 -0.686893 0.410365 1.07569
-1 1528712649.185429 -0.687031 0.410308 1.07571
-1 1528712649.192617 -0.687162 0.410235 1.07572
-1 1528712649.201942 -0.687205 0.410211 1.07572
-1 1528712649.211567 -0.687332 0.410141 1.07574
-1 1528712649.223042 -0.687458 0.410071 1.07576
-1 1528712649.235188 -0.687545 0.410021 1.07576
-1 1528712649.254986 -0.687739 0.409908 1.07577
-1 1528712649.272804 -0.687967 0.409784 1.07578
-1 1528712649.280927 -0.68813 0.409691 1.07579
-1 1528712649.290512 -0.688211 0.409642 1.0758
-1 1528712649.299599 -0.688252 0.409619 1.0758
-1 1528712649.308923 -0.688375 0.409549 1.0758
-1 1528712649.317283 -0.688457 0.409505 1.07581
-1 1528712649.325951 -0.688536 0.409467 1.07581
-1 1528712649.330951 -0.688616 0.409433 1.07582
-1 1528712649.341112 -0.688656 0.409416 1.07583
-1 1528712649.352975 -0.688793 0.409358 1.07584
-1 1528712649.359500 -0.688877 0.409318 1.07585
-1 1528712649.372458 -0.688963 0.409276 1.07586
-1 1528712649.378527 -0.689097 0.409221 1.07586
-1 1528712649.390695 -0.689185 0.409185 1.07587
-1 1528712649.396701 -0.689262 0.409151 1.07588
-1 1528712649.407152 -0.689337 0.409116 1.07588
-1 1528712649.421071 -0.689458 0.409072 1.0759
-1 1528712649.444007 -0.689628 0.409034 1.07592
-1 1528712649.452703 -0.689809 0.409003 1.07595
-1 1528712649.463961 -0.689938 0.40897 1.07596
-1 1528712649.472028 -0.690016 0.408948 1.07596
-1 1528712649.482941 -0.690129 0.40892 1.07597
-1 1528712649.505538 -0.690306 0.408889 1.07598
-1 1528712649.514841 -0.690373 0.408882 1.07598
-1 1528712649.523563 -0.690431 0.408876 1.07599
-1 1528712649.530682 -0.690487 0.408871 1.07599
-1 1528712649.538814 -0.690543 0.408869 1.07599
-1 1528712649.549576 -0.690615 0.408862 1.07599
-1 1528712649.560464 -0.690723 0.408847 1.07598
-1 1528712649.568084 -0.690796 0.408837 1.07598
-1 1528712649.581362 -0.690914 0.408835 1.07597
-1 1528712649.600005 -0.691083 0.408858 1.07596
-1 1528712649.607018 -0.691206 0.408885 1.07596
-1 1528712649.618917 -0.691285 0.408908 1.07595
-1 1528712649.629784 -0.691405 0.408942 1.07595
-1 1528712649.636571 -0.691478 0.408954 1.07594
-1 1528712649.646952 -0.691549 0.408964 1.07594
-1 1528712649.653133 -0.691585 0.408969 1.07594
-1 1528712649.659755 -0.691688 0.40898 1.07593
-1 1528712649.667393 -0.691724 0.408985 1.07593
-1 1528712649.677804 -0.691761 0.408991 1.07592
-1 1528712649.690957 -0.691937 0.409043 1.07591
-1 1528712649.697770 -0.692033 0.409084 1.0759
-1 1528712649.707044 -0.69213 0.409124 1.0759
-1 1528712649.717829 -0.692261 0.409167 1.07589
-1 1528712649.727041 -0.692348 0.409208 1.07588
-1 1528712649.739382 -0.692506 0.409289 1.07588
-1 1528712649.747535 -0.692622 0.409343 1.07588
-1 1528712649.750523 -0.692681 0.409368 1.07588
-1 1528712649.765607 -0.692856 0.409438 1.07587
-1 1528712649.780064 -0.693034 0.409481 1.07585
-1 1528712649.789352 -0.693205 0.409508 1.07584
-1 1528712649.807784 -0.693399 0.409566 1.07582
-1 1528712649.812401 -0.693488 0.409612 1.07581
-1 1528712649.820652 -0.693564 0.409665 1.0758
-1 1528712649.833273 -0.693644 0.409751 1.07578
-1 1528712649.840562 -0.693682 0.409812 1.07577
-1 1528712649.848508 -0.693696 0.409844 1.07576
-1 1528712649.865839 -0.69371 0.409912 1.07575
-1 1528712649.880814 -0.693683 0.410096 1.07574
-1 1528712649.901608 -0.693638 0.410222 1.07572
-1 1528712649.913759 -0.69351 0.410491 1.07567
-1 1528712649.920377 -0.693487 0.410584 1.07565
-1 1528712649.927766 -0.693475 0.410671 1.07562
-1 1528712649.937635 -0.693474 0.410749 1.07561
-1 1528712649.948263 -0.693497 0.410819 1.07559
-1 1528712649.960076 -0.693539 0.410892 1.07558
-1 1528712649.969435 -0.693614 0.411019 1.07556
-1 1528712649.985482 -0.693662 0.411112 1.07553
-1 1528712649.990657 -0.69375 0.411298 1.07547
-1 1528712650.000035 -0.69377 0.411342 1.07546
-1 1528712650.010172 -0.69384 0.411484 1.0754
-1 1528712650.020394 -0.693902 0.411579 1.07536
-1 1528712650.025092 -0.693977 0.411669 1.07533
-1 1528712650.034312 -0.694062 0.411762 1.07529
-1 1528712650.048205 -0.694202 0.411913 1.07523
-1 1528712650.053245 -0.694251 0.411963 1.07521
-1 1528712650.060717 -0.694349 0.412066 1.07516
-1 1528712650.070205 -0.694444 0.412175 1.07512
-1 1528712650.085580 -0.69458 0.412346 1.07504
-1 1528712650.101902 -0.694729 0.412579 1.07496
-1 1528712650.114403 -0.694882 0.41281 1.07487
-1 1528712650.126987 -0.694974 0.412924 1.07482
-1 1528712650.137630 -0.695157 0.413147 1.07472
-1 1528712650.147321 -0.695227 0.413254 1.07468
-1 1528712650.157734 -0.69528 0.413357 1.07463
-1 1528712650.167752 -0.695325 0.413505 1.07457
-1 1528712650.175529 -0.695331 0.4136 1.07453
-1 1528712650.189240 -0.695315 0.413695 1.0745
-1 1528712650.197306 -0.695266 0.413844 1.07445
-1 1528712650.207129 -0.695248 0.413894 1.07444
-1 1528712650.213413 -0.695198 0.414041 1.0744
-1 1528712650.227192 -0.695159 0.414184 1.07437
-1 1528712650.238595 -0.695125 0.414327 1.07433
-1 1528712650.247938 -0.695095 0.414421 1.07431
-1 1528712650.257149 -0.695054 0.414515 1.07428
-1 1528712650.267379 -0.69499 0.414654 1.07425
-1 1528712650.291899 -0.694849 0.414874 1.07421
-1 1528712650.299249 -0.694769 0.414954 1.0742
-1 1528712650.305384 -0.69468 0.415031 1.07419
-1 1528712650.318397 -0.694539 0.415144 1.07418
-1 1528712650.331329 -0.69441 0.415256 1.07416
-1 1528712650.338434 -0.694341 0.415328 1.07414
-1 1528712650.345448 -0.694292 0.415395 1.07411
-1 1528712650.353001 -0.694255 0.415463 1.07408
-1 1528712650.358570 -0.694239 0.415499 1.07407
-1 1528712650.367056 -0.694209 0.41557 1.07405
-1 1528712650.377926 -0.694171 0.415681 1.07402
-1 1528712650.386689 -0.694146 0.415747 1.074
-1 1528712650.398242 -0.694119 0.415803 1.07399
-1 1528712650.408447 -0.694073 0.415887 1.07397
-1 1528712650.416464 -0.694036 0.415938 1.07396
-1 1528712650.430558 -0.693997 0.415989 1.07395
-1 1528712650.436320 -0.693941 0.416062 1.07394
-1 1528712650.447680 -0.693895 0.41611 1.07393
-1 1528712650.456025 -0.693846 0.416158 1.07392
-1 1528712650.471225 -0.693822 0.416181 1.07392
-1 1528712650.482705 -0.693771 0.416229 1.07391
-1 1528712650.496545 -0.69362 0.416352 1.07387
-1 1528712650.503952 -0.693523 0.416427 1.07384
-1 1528712650.511802 -0.693458 0.416473 1.07382
-1 1528712650.520648 -0.693386 0.416514 1.07381
-1 1528712650.526584 -0.693311 0.416549 1.07379
-1 1528712650.539234 -0.693198 0.416592 1.07377
-1 1528712650.550452 -0.693124 0.416613 1.07375
-1 1528712650.555674 -0.693046 0.416637 1.07373
-1 1528712650.562102 -0.69296 0.416657 1.0737
-1 1528712650.568606 -0.692917 0.416667 1.07369
-1 1528712650.571074 -0.692872 0.416677 1.07368
-1 1528712650.579091 -0.692784 0.4167 1.07365
-1 1528712650.587741 -0.692699 0.416729 1.07362
-1 1528712650.601836 -0.692614 0.41676 1.0736
-1 1528712650.612299 -0.692426 0.416796 1.07355
-1 1528712650.623503 -0.692339 0.416815 1.07352
-1 1528712650.636394 -0.692266 0.416833 1.0735
-1 1528712650.648117 -0.692186 0.416859 1.07345
-1 1528712650.660074 -0.692151 0.416857 1.07341
-1 1528712650.667194 -0.692122 0.416834 1.07338
-1 1528712650.673442 -0.692105 0.416817 1.07336
-1 1528712650.680341 -0.692065 0.416779 1.07333
-1 1528712650.687858 -0.692017 0.416744 1.07331
-1 1528712650.691444 -0.691989 0.416732 1.07329
-1 1528712650.701042 -0.691959 0.416724 1.07328
-1 1528712650.710588 -0.691855 0.416713 1.07325
-1 1528712650.716760 -0.69177 0.416705 1.07323
-1 1528712650.741538 -0.691519 0.416657 1.07317
-1 1528712650.753483 -0.691342 0.416619 1.07314
-1 1528712650.767961 -0.691091 0.416583 1.0731
-1 1528712650.778026 -0.690973 0.416572 1.07308
-1 1528712650.785107 -0.690857 0.416561 1.07306
-1 1528712650.791015 -0.690743 0.41655 1.07304
-1 1528712650.803601 -0.690687 0.416545 1.07303
-1 1528712650.814803 -0.690482 0.416533 1.07298
-1 1528712650.823143 -0.690323 0.416522 1.07295
-1 1528712650.829127 -0.690267 0.416519 1.07294
-1 1528712650.841132 -0.690091 0.416508 1.07292
-1 1528712650.853107 -0.689969 0.416501 1.0729
-1 1528712650.863123 -0.689787 0.416498 1.07286
-1 1528712650.868436 -0.68973 0.416501 1.07285
-1 1528712650.874951 -0.689625 0.416507 1.07283
-1 1528712650.882323 -0.689524 0.416515 1.0728
-1 1528712650.889014 -0.689474 0.41652 1.07279
-1 1528712650.898772 -0.689368 0.416533 1.07276
-1 1528712650.907105 -0.689261 0.41655 1.07274
-1 1528712650.913214 -0.689146 0.416568 1.07272
-1 1528712650.925482 -0.689026 0.416582 1.0727
-1 1528712650.931707 -0.688844 0.41661 1.07267
-1 1528712650.938427 -0.688783 0.416621 1.07267
-1 1528712650.951875 -0.68867 0.416638 1.07265
-1 1528712650.962400 -0.688442 0.416673 1.07262
-1 1528712650.968749 -0.688383 0.416681 1.07261
-1 1528712650.975127 -0.688321 0.416688 1.0726
-1 1528712650.979823 -0.688193 0.416706 1.07258
-1 1528712650.985548 -0.688129 0.416717 1.07257
-1 1528712650.993374 -0.688005 0.416745 1.07255
-1 1528712650.999189 -0.687943 0.416762 1.07254
-1 1528712651.011937 -0.687739 0.41682 1.07251
-1 1528712651.031902 -0.687374 0.416942 1.07245
-1 1528712651.036843 -0.687238 0.416992 1.07242
-1 1528712651.049049 -0.687111 0.417038 1.07239
-1 1528712651.055010 -0.686985 0.417077 1.07236
-1 1528712651.062602 -0.686865 0.417109 1.07233
-1 1528712651.073962 -0.686743 0.417134 1.0723
-1 1528712651.083374 -0.686545 0.417165 1.07226
-1 1528712651.097691 -0.686335 0.417201 1.07222
-1 1528712651.107877 -0.686191 0.417233 1.07219
-1 1528712651.117601 -0.686037 0.417266 1.07215
-1 1528712651.123036 -0.685797 0.417315 1.07209
-1 1528712651.137833 -0.68557 0.417367 1.07204
-1 1528712651.147660 -0.685435 0.417391 1.072
-1 1528712651.159794 -0.685242 0.417435 1.07194
-1 1528712651.166664 -0.685122 0.417462 1.07191
-1 1528712651.181046 -0.684996 0.417487 1.07188
-1 1528712651.188589 -0.684784 0.417514 1.07183
-1 1528712651.221434 -0.684186 0.417635 1.07174
-1 1528712651.233083 -0.683917 0.417703 1.0717
-1 1528712651.251331 -0.683546 0.417767 1.07165
-1 1528712651.257951 -0.683363 0.417791 1.07162
-1 1528712651.267075 -0.683089 0.417824 1.07159
-1 1528712651.275201 -0.682897 0.417845 1.07157
-1 1528712651.281649 -0.68269 0.417868 1.07156
-1 1528712651.299844 -0.682361 0.41791 1.07154
-1 1528712651.312904 -0.681938 0.417982 1.07151
-1 1528712651.320572 -0.681727 0.418016 1.07149
-1 1528712651.327961 -0.681514 0.418045 1.07147
-1 1528712651.340011 -0.681208 0.418078 1.07144
-1 1528712651.350974 -0.681105 0.41809 1.07144
-1 1528712651.358284 -0.680786 0.418125 1.07142
-1 1528712651.376504 -0.680567 0.418144 1.07141
-1 1528712651.386530 -0.680001 0.418181 1.0714
-1 1528712651.391622 -0.679894 0.41819 1.0714
-1 1528712651.398553 -0.679792 0.418199 1.0714
-1 1528712651.414703 -0.679496 0.418235 1.07138
-1 1528712651.422583 -0.679215 0.418273 1.07137
-1 1528712651.429554 -0.67904 0.418288 1.07137
-1 1528712651.443237 -0.678866 0.418304 1.07136
-1 1528712651.455730 -0.678483 0.418329 1.07136
-1 1528712651.473043 -0.678063 0.418375 1.07136
-1 1528712651.480747 -0.67776 0.418422 1.07137
-1 1528712651.487906 -0.677662 0.418436 1.07137
-1 1528712651.497712 -0.677468 0.418465 1.07138
-1 1528712651.508158 -0.677279 0.418491 1.07138
-1 1528712651.518433 -0.676997 0.418526 1.07139
-1 1528712651.522913 -0.67681 0.418553 1.0714
-1 1528712651.529670 -0.676716 0.418571 1.0714
-1 1528712651.547469 -0.676328 0.41863 1.07142
-1 1528712651.558765 -0.676123 0.418666 1.07143
-1 1528712651.567664 -0.675925 0.418716 1.07144
-1 1528712651.577186 -0.675645 0.418789 1.07145
-1 1528712651.595434 -0.675365 0.418841 1.07147
-1 1528712651.600474 -0.675073 0.418875 1.07149
-1 1528712651.608350 -0.674867 0.418881 1.0715
-1 1528712651.620367 -0.674654 0.418877 1.07151
-1 1528712651.629826 -0.67433 0.418879 1.07154
-1 1528712651.638487 -0.674114 0.418888 1.07156
-1 1528712651.650345 -0.673894 0.418897 1.07159
-1 1528712651.656591 -0.673674 0.418897 1.07161
-1 1528712651.662849 -0.673454 0.418891 1.07163
-1 1528712651.675157 -0.673136 0.418882 1.07166
-1 1528712651.682744 -0.672935 0.418876 1.07168
-1 1528712651.689682 -0.672738 0.418869 1.0717
-1 1528712651.699640 -0.672642 0.418868 1.07171
-1 1528712651.705609 -0.672454 0.418865 1.07173
-1 1528712651.712402 -0.672265 0.41886 1.07176
-1 1528712651.716930 -0.672171 0.418858 1.07177
-1 1528712651.730579 -0.67189 0.418859 1.0718
-1 1528712651.737770 -0.671711 0.418861 1.07182
-1 1528712651.750412 -0.671546 0.418856 1.07183
-1 1528712651.765721 -0.671286 0.418859 1.07186
-1 1528712651.773528 -0.671017 0.418861 1.07189
-1 1528712651.781885 -0.670836 0.418864 1.07191
-1 1528712651.792527 -0.670572 0.418866 1.07194
-1 1528712651.798197 -0.670491 0.418868 1.07195
-1 1528712651.809571 -0.670341 0.418874 1.07197
-1 1528712651.828115 -0.67005 0.418855 1.072
-1 1528712651.836714 -0.669761 0.418787 1.07204
-1 1528712651.849572 -0.669618 0.418734 1.07205
-1 1528712651.858925 -0.669389 0.41865 1.07207
-1 1528712651.869539 -0.669157 0.418575 1.0721
-1 1528712651.874046 -0.669079 0.418552 1.0721
-1 1528712651.881292 -0.668923 0.418509 1.07212
-1 1528712651.892330 -0.668768 0.418466 1.07214
-1 1528712651.936821 -0.668243 0.418322 1.07218
-1 1528712651.950796 -0.667781 0.418238 1.07221
-1 1528712651.957827 -0.667619 0.418217 1.07222
-1 1528712651.966218 -0.667455 0.418198 1.07223
-1 1528712651.984397 -0.667224 0.418163 1.07225
-1 1528712652.003062 -0.666896 0.418073 1.07227
-1 1528712652.022284 -0.666524 0.417958 1.0723
-1 1528712652.041333 -0.666266 0.417899 1.07232
-1 1528712652.050834 -0.666137 0.417875 1.07232
-1 1528712652.058327 -0.665943 0.41784 1.07234
-1 1528712652.069160 -0.665808 0.417819 1.07235
-1 1528712652.075218 -0.665678 0.417801 1.07236
-1 1528712652.081927 -0.665552 0.417782 1.07238
-1 1528712652.093530 -0.665423 0.417765 1.07239
-1 1528712652.101437 -0.665291 0.417747 1.07241
-1 1528712652.107216 -0.665155 0.417728 1.07242
-1 1528712652.117199 -0.665017 0.417712 1.07243
-1 1528712652.123988 -0.664872 0.417695 1.07244
-1 1528712652.130506 -0.664797 0.417686 1.07245
-1 1528712652.138393 -0.664653 0.417664 1.07246
-1 1528712652.149318 -0.664513 0.417656 1.07246
-1 1528712652.162222 -0.664305 0.417648 1.07248
-1 1528712652.173752 -0.664094 0.417636 1.07249
-1 1528712652.185285 -0.663895 0.417632 1.0725
-1 1528712652.191262 -0.663769 0.417633 1.07251
-1 1528712652.198206 -0.663705 0.417631 1.07252
-1 1528712652.210293 -0.663515 0.417622 1.07253
-1 1528712652.217205 -0.663389 0.417614 1.07254
-1 1528712652.221909 -0.663325 0.417608 1.07255
-1 1528712652.229126 -0.663198 0.417596 1.07256
-1 1528712652.241040 -0.663077 0.417579 1.07257
-1 1528712652.252305 -0.662897 0.417557 1.07258
-1 1528712652.264051 -0.662717 0.417533 1.07259
-1 1528712652.277095 -0.662607 0.417519 1.0726
-1 1528712652.286262 -0.662415 0.417504 1.07261
-1 1528712652.297739 -0.662331 0.417499 1.07261
-1 1528712652.321553 -0.662249 0.417493 1.07261
-1 1528712652.328113 -0.662006 0.417484 1.07262
-1 1528712652.337269 -0.661923 0.417479 1.07263
-1 1528712652.348799 -0.661847 0.417467 1.07263
-1 1528712652.354357 -0.661781 0.417468 1.07264
-1 1528712652.363450 -0.661717 0.417467 1.07264
-1 1528712652.374887 -0.661654 0.417462 1.07264
-1 1528712652.388976 -0.661515 0.41744 1.07264
-1 1528712652.400583 -0.66144 0.417429 1.07263
-1 1528712652.407013 -0.661367 0.417422 1.07263
-1 1528712652.419586 -0.661274 0.417414 1.07263
-1 1528712652.432523 -0.661201 0.417419 1.07262
-1 1528712652.440759 -0.66114 0.417433 1.07263
-1 1528712652.450943 -0.661117 0.417433 1.07263
-1 1528712652.463272 -0.661006 0.417374 1.07263
-1 1528712652.468405 -0.660978 0.417359 1.07263
-1 1528712652.474534 -0.660924 0.417333 1.07264
-1 1528712652.487003 -0.660854 0.417295 1.07264
-1 1528712652.492093 -0.660833 0.417284 1.07264
-1 1528712652.498197 -0.660814 0.417274 1.07264
-1 1528712652.513114 -0.660761 0.417237 1.07264
-1 1528712652.524155 -0.660727 0.417176 1.07264
-1 1528712652.535081 -0.660703 0.417108 1.07264
-1 1528712652.547566 -0.660697 0.417045 1.07265
-1 1528712652.577471 -0.660619 0.416892 1.07266
-1 1528712652.589863 -0.660573 0.416822 1.07266
-1 1528712652.597396 -0.660546 0.416776 1.07267
-1 1528712652.601657 -0.660522 0.416731 1.07268
-1 1528712652.611167 -0.660509 0.416708 1.07268
-1 1528712652.622566 -0.66047 0.416644 1.07269
-1 1528712652.636708 -0.660417 0.416571 1.07269
-1 1528712652.654496 -0.660395 0.416542 1.07269
-1 1528712652.666559 -0.660353 0.416485 1.0727
-1 1528712652.670586 -0.660333 0.416455 1.07271
-1 1528712652.682711 -0.660314 0.416422 1.07272
-1 1528712652.690354 -0.66029 0.416374 1.07275
-1 1528712652.704950 -0.660278 0.416329 1.07277
-1 1528712652.713373 -0.660273 0.416298 1.07278
-1 1528712652.721805 -0.660269 0.416282 1.07278
-1 1528712652.732190 -0.660241 0.416212 1.0728
-1 1528712652.747190 -0.66021 0.416166 1.07281
-1 1528712652.752841 -0.660182 0.41611 1.07282
-1 1528712652.762847 -0.660163 0.416066 1.07283
-1 1528712652.769852 -0.660156 0.415994 1.07284
-1 1528712652.779534 -0.660162 0.415951 1.07285
-1 1528712652.788813 -0.660168 0.41591 1.07286
-1 1528712652.799825 -0.660163 0.415872 1.07287
-1 1528712652.806037 -0.660152 0.415838 1.07287
-1 1528712652.810324 -0.660138 0.415808 1.07288
-1 1528712652.818129 -0.660133 0.415793 1.07288
-1 1528712652.824043 -0.660132 0.415765 1.07288
-1 1528712652.831189 -0.660135 0.415742 1.07288
-1 1528712652.843554 -0.660134 0.415727 1.07289
-1 1528712652.858044 -0.660132 0.415705 1.07289
-1 1528712652.869587 -0.660142 0.4157 1.07289
-1 1528712652.880171 -0.66018 0.415692 1.07288
-1 1528712652.890706 -0.660211 0.415682 1.07288
-1 1528712652.898603 -0.660248 0.415666 1.07288
-1 1528712652.917218 -0.660311 0.415627 1.07288
-1 1528712652.935527 -0.660432 0.415551 1.07287
-1 1528712652.941638 -0.660473 0.415516 1.07287
-1 1528712652.954520 -0.660519 0.415469 1.07287
-1 1528712652.962674 -0.660541 0.415441 1.07287
-1 1528712652.976862 -0.660551 0.415426 1.07286
-1 1528712652.990520 -0.66062 0.415351 1.07285
-1 1528712653.002681 -0.660671 0.415302 1.07284
-1 1528712653.022869 -0.660754 0.415224 1.07282
-1 1528712653.033700 -0.660775 0.415208 1.07282
-1 1528712653.052763 -0.660801 0.415184 1.07281
-1 1528712653.060308 -0.660831 0.415162 1.07281
-1 1528712653.066246 -0.660854 0.415153 1.07281
-1 1528712653.083898 -0.660893 0.415149 1.0728
-1 1528712653.092950 -0.660952 0.415156 1.0728
-1 1528712653.100337 -0.660976 0.415161 1.0728
-1 1528712653.106034 -0.661015 0.415173 1.07279
-1 1528712653.119516 -0.661066 0.415193 1.07279
-1 1528712653.126608 -0.661097 0.415208 1.07279
-1 1528712653.138552 -0.661134 0.415217 1.07279
-1 1528712653.156331 -0.661153 0.415222 1.07279
-1 1528712653.163437 -0.661186 0.415214 1.07279
-1 1528712653.168640 -0.661194 0.415208 1.07279
-1 1528712653.179646 -0.661233 0.415197 1.07279
-1 1528712653.187531 -0.661272 0.415193 1.07279
-1 1528712653.197999 -0.66132 0.415195 1.0728
-1 1528712653.204791 -0.661379 0.415202 1.0728
-1 1528712653.213041 -0.661446 0.415212 1.07281
-1 1528712653.223575 -0.661545 0.415228 1.07281
-1 1528712653.229787 -0.661608 0.415245 1.07282
-1 1528712653.249186 -0.661695 0.415274 1.07283
-1 1528712653.275256 -0.661857 0.415307 1.07286
-1 1528712653.294147 -0.661976 0.415295 1.07289
-1 1528712653.304859 -0.662098 0.41526 1.07291
-1 1528712653.317901 -0.662187 0.415245 1.07293
-1 1528712653.323215 -0.662241 0.415247 1.07295
-1 1528712653.329316 -0.662269 0.415251 1.07295
-1 1528712653.339967 -0.662327 0.415259 1.07297
-1 1528712653.351664 -0.662377 0.415274 1.07298
-1 1528712653.364058 -0.66246 0.41527 1.073
-1 1528712653.370723 -0.662497 0.415264 1.07302
-1 1528712653.379057 -0.662529 0.415254 1.07303
-1 1528712653.389110 -0.662553 0.41524 1.07304
-1 1528712653.396634 -0.662578 0.415223 1.07305
-1 1528712653.404088 -0.662608 0.415207 1.07306
-1 1528712653.407971 -0.662623 0.415198 1.07306
-1 1528712653.416716 -0.662653 0.415171 1.07307
-1 1528712653.426517 -0.662676 0.415138 1.07307
-1 1528712653.432939 -0.662697 0.415107 1.07308
-1 1528712653.438025 -0.662704 0.415095 1.07308
-1 1528712653.444262 -0.662712 0.415083 1.07308
-1 1528712653.457671 -0.662718 0.415073 1.07308
-1 1528712653.470061 -0.662732 0.415035 1.07309
-1 1528712653.479554 -0.662737 0.414965 1.07309
-1 1528712653.485447 -0.662745 0.414904 1.07308
-1 1528712653.492822 -0.662757 0.414843 1.07308
-1 1528712653.502184 -0.662769 0.414795 1.07307
-1 1528712653.505478 -0.662779 0.414752 1.07307
-1 1528712653.517963 -0.662785 0.414706 1.07307
-1 1528712653.524941 -0.66279 0.414643 1.07306
-1 1528712653.537459 -0.662791 0.414589 1.07304
-1 1528712653.549241 -0.662796 0.414541 1.07303
-1 1528712653.556457 -0.662794 0.41448 1.07301
-1 1528712653.569425 -0.662799 0.414436 1.073
-1 1528712653.579905 -0.662812 0.414362 1.07299
-1 1528712653.588370 -0.662811 0.414309 1.07298
-1 1528712653.597318 -0.662799 0.414262 1.07297
-1 1528712653.606991 -0.662775 0.414221 1.07296
-1 1528712653.618642 -0.662741 0.414164 1.07294
-1 1528712653.629393 -0.662704 0.4141 1.07292
-1 1528712653.648758 -0.662655 0.414005 1.0729
-1 1528712653.660194 -0.662628 0.413936 1.07289
-1 1528712653.668630 -0.662616 0.41391 1.07288
-1 1528712653.677628 -0.662583 0.413851 1.07288
-1 1528712653.685468 -0.662547 0.413796 1.07287
-1 1528712653.692565 -0.662503 0.413721 1.07286
-1 1528712653.698939 -0.662493 0.413695 1.07286
-1 1528712653.710586 -0.662467 0.413614 1.07285
-1 1528712653.717687 -0.66245 0.413559 1.07285
-1 1528712653.721231 -0.662445 0.413533 1.07284
-1 1528712653.729035 -0.662437 0.413486 1.07283
-1 1528712653.740241 -0.662434 0.413432 1.07282
-1 1528712653.750440 -0.662427 0.413365 1.0728
-1 1528712653.758073 -0.662424 0.413326 1.07279
-1 1528712653.771590 -0.662425 0.413294 1.07278
-1 1528712653.784851 -0.66244 0.413245 1.07275
-1 1528712653.791950 -0.662441 0.41322 1.07274
-1 1528712653.798228 -0.66244 0.413204 1.07274
-1 1528712653.800511 -0.662439 0.413187 1.07273
-1 1528712653.812228 -0.662433 0.413144 1.07272
-1 1528712653.818650 -0.662426 0.413082 1.07271
-1 1528712653.823803 -0.662429 0.413005 1.07269
-1 1528712653.832468 -0.662436 0.412962 1.07269
-1 1528712653.838616 -0.662459 0.412878 1.07268
-1 1528712653.849577 -0.662484 0.412799 1.07268
-1 1528712653.853623 -0.662506 0.412719 1.07267
-1 1528712653.861447 -0.662516 0.412679 1.07267
-1 1528712653.874315 -0.662533 0.412601 1.07266
-1 1528712653.881396 -0.662549 0.412491 1.07265
-1 1528712653.895633 -0.662565 0.412388 1.07263
-1 1528712653.901283 -0.662584 0.412323 1.07262
-1 1528712653.912898 -0.662607 0.412262 1.07261
-1 1528712653.923420 -0.662631 0.412162 1.0726
-1 1528712653.930762 -0.662644 0.412091 1.07259
-1 1528712653.943197 -0.662655 0.411984 1.07258
-1 1528712653.951205 -0.662659 0.411919 1.07258
-1 1528712653.961571 -0.662666 0.411825 1.07257
-1 1528712653.973385 -0.66268 0.411761 1.07257
