-1 1530613004.348806 0.120758 0.172686 1.11509
-1 1530613004.361039 0.120676 0.172576 1.11509
-1 1530613004.377084 0.120658 0.172575 1.11509
-1 1530613004.389152 0.120636 0.172585 1.11508
-1 1530613004.402538 0.120619 0.172594 1.11508
-1 1530613004.411860 0.120592 0.172599 1.11508
-1 1530613004.419505 0.120581 0.172601 1.11508
-1 1530613004.427249 0.12056 0.172602 1.11508
-1 1530613004.435548 0.120543 0.172602 1.11508
-1 1530613004.445782 0.120531 0.172596 1.11509
-1 1530613004.460345 0.120517 0.172576 1.11509
-1 1530613004.469716 0.120517 0.172551 1.11509
-1 1530613004.476598 0.12052 0.172534 1.1151
-1 1530613004.481504 0.120521 0.172525 1.1151
-1 1530613004.494429 0.120521 0.17251 1.1151
-1 1530613004.508598 0.120515 0.172483 1.1151
-1 1530613004.516313 0.120498 0.172459 1.11511
-1 1530613004.524679 0.120491 0.172455 1.11511
-1 1530613004.536172 0.120468 0.172446 1.11512
-1 1530613004.543354 0.120446 0.172441 1.11512
-1 1530613004.562523 0.120405 0.172431 1.11513
-1 1530613004.566151 0.120395 0.172428 1.11513
-1 1530613004.569750 0.120385 0.172425 1.11513
-1 1530613004.579224 0.120366 0.172418 1.11514
-1 1530613004.582599 0.120357 0.172416 1.11514
-1 1530613004.600404 0.12034 0.172415 1.11515
-1 1530613004.609934 0.120306 0.172409 1.11517
-1 1530613004.620222 0.120283 0.172394 1.11518
-1 1530613004.625149 0.120274 0.172391 1.11519
-1 1530613004.633789 0.120259 0.172389 1.1152
-1 1530613004.645013 0.120234 0.172387 1.11521
-1 1530613004.653947 0.120216 0.172388 1.11522
-1 1530613004.666930 0.120178 0.1724 1.11522
-1 1530613004.671040 0.120165 0.1724 1.11522
-1 1530613004.683184 0.12014 0.172398 1.11522
-1 1530613004.688038 0.120119 0.172397 1.11523
-1 1530613004.702528 0.120083 0.172394 1.11523
-1 1530613004.709106 0.120059 0.172388 1.11523
-1 1530613004.714943 0.120047 0.172385 1.11523
-1 1530613004.721777 0.120025 0.172376 1.11523
-1 1530613004.727677 0.120014 0.172371 1.11523
-1 1530613004.738096 0.119995 0.17236 1.11523
-1 1530613004.741836 0.119979 0.172345 1.11523
-1 1530613004.754980 0.119966 0.172329 1.11522
-1 1530613004.763497 0.119942 0.172305 1.11522
-1 1530613004.771964 0.119924 0.17229 1.11522
-1 1530613004.776185 0.119915 0.172283 1.11522
-1 1530613004.787608 0.1199 0.172271 1.11522
-1 1530613004.792483 0.119881 0.172275 1.11522
-1 1530613004.801010 0.119862 0.172271 1.11522
-1 1530613004.808352 0.119853 0.172269 1.11522
-1 1530613004.826524 0.119814 0.172253 1.11522
-1 1530613004.830049 0.119797 0.17224 1.11522
-1 1530613004.843870 0.119774 0.172212 1.11522
-1 1530613004.850551 0.11976 0.17219 1.11521
-1 1530613004.875105 0.119736 0.172117 1.11521
-1 1530613004.879363 0.119732 0.172106 1.11521
-1 1530613004.883737 0.119727 0.172096 1.11521
-1 1530613004.895738 0.119718 0.17207 1.11521
-1 1530613004.905164 0.119715 0.172055 1.11521
-1 1530613004.910974 0.119714 0.172048 1.11522
-1 1530613004.924805 0.119713 0.172027 1.11522
-1 1530613004.934531 0.119714 0.172002 1.11522
-1 1530613004.942868 0.119714 0.171993 1.11522
-1 1530613004.951087 0.119712 0.171979 1.11522
-1 1530613004.968234 0.119709 0.171957 1.11522
-1 1530613004.976620 0.119706 0.171929 1.11522
-1 1530613004.986070 0.119709 0.171911 1.11522
-1 1530613004.992513 0.119712 0.171902 1.11522
-1 1530613005.001183 0.119721 0.171887 1.11522
-1 1530613005.007600 0.119727 0.171882 1.11522
-1 1530613005.015969 0.119738 0.171883 1.11522
-1 1530613005.033606 0.119754 0.171887 1.11522
-1 1530613005.039054 0.119775 0.171874 1.11522
-1 1530613005.046746 0.119782 0.171867 1.11522
-1 1530613005.053993 0.119798 0.171853 1.11522
-1 1530613005.063784 0.119808 0.171845 1.11522
-1 1530613005.075974 0.119841 0.171827 1.11522
-1 1530613005.085328 0.119865 0.171816 1.11522
-1 1530613005.095965 0.119887 0.171805 1.11522
-1 1530613005.104909 0.119919 0.171798 1.11522
-1 1530613005.116627 0.119928 0.171796 1.11522
-1 1530613005.125582 0.119959 0.171791 1.11522
-1 1530613005.135325 0.119987 0.171787 1.11521
-1 1530613005.140448 0.120023 0.171782 1.1152
-1 1530613005.144189 0.120044 0.171779 1.1152
-1 1530613005.151858 0.120066 0.171776 1.1152
-1 1530613005.163066 0.120146 0.17176 1.11519
-1 1530613005.181970 0.12021 0.171754 1.11519
-1 1530613005.203032 0.120453 0.171786 1.11519
-1 1530613005.219458 0.120581 0.171808 1.11519
-1 1530613005.225880 0.120647 0.171816 1.11519
-1 1530613005.233362 0.120713 0.17182 1.11518
-1 1530613005.247385 0.120809 0.171819 1.11518
-1 1530613005.251324 0.12084 0.171816 1.11518
-1 1530613005.264103 0.1209 0.17181 1.11517
-1 1530613005.275064 0.121003 0.171796 1.11517
-1 1530613005.284826 0.121119 0.171791 1.11516
-1 1530613005.288793 0.121161 0.171796 1.11515
-1 1530613005.299849 0.121249 0.171814 1.11514
-1 1530613005.313128 0.121386 0.17189 1.11513
-1 1530613005.335002 0.121586 0.172066 1.11512
-1 1530613005.346623 0.121829 0.17223 1.1151
-1 1530613005.388829 0.122036 0.172308 1.11507
-1 1530613005.404845 0.122764 0.172754 1.11488
-1 1530613005.414726 0.123082 0.172928 1.11477
-1 1530613005.422729 0.123238 0.173012 1.11471
-1 1530613005.430176 0.123389 0.173081 1.11464
-1 1530613005.439114 0.123529 0.173144 1.11458
-1 1530613005.449760 0.12366 0.173205 1.11451
-1 1530613005.455817 0.123784 0.173266 1.11445
-1 1530613005.459590 0.123838 0.173296 1.11441
-1 1530613005.493377 0.124049 0.173453 1.11423
-1 1530613005.502569 0.124102 0.17348 1.11418
-1 1530613005.517562 0.124281 0.173536 1.1141
-1 1530613005.532975 0.124587 0.17361 1.11403
-1 1530613005.545010 0.124775 0.173648 1.11399
-1 1530613005.550506 0.124975 0.173681 1.11395
-1 1530613005.556925 0.125188 0.173713 1.11391
-1 1530613005.560788 0.125299 0.173732 1.11389
-1 1530613005.565098 0.125413 0.173755 1.11386
-1 1530613005.577831 0.125755 0.173852 1.1138
-1 1530613005.593515 0.126088 0.173949 1.11376
-1 1530613005.601484 0.126423 0.174052 1.11372
-1 1530613005.609550 0.126647 0.174131 1.1137
-1 1530613005.614268 0.126762 0.174171 1.11369
-1 1530613005.626548 0.127003 0.174248 1.11368
-1 1530613005.635621 0.127259 0.174335 1.11366
-1 1530613005.643780 0.127531 0.17442 1.11365
-1 1530613005.649893 0.12781 0.174494 1.11365
-1 1530613005.659087 0.127951 0.17453 1.11364
-1 1530613005.662678 0.12824 0.174603 1.11364
-1 1530613005.667143 0.128386 0.174633 1.11364
-1 1530613005.680046 0.128534 0.174667 1.11364
-1 1530613005.685329 0.128999 0.174762 1.11363
-1 1530613005.692651 0.129323 0.174824 1.11363
-1 1530613005.702619 0.129652 0.174892 1.11363
-1 1530613005.709238 0.129817 0.174931 1.11364
-1 1530613005.723730 0.130298 0.175061 1.11364
-1 1530613005.738530 0.130765 0.175214 1.11365
-1 1530613005.742254 0.131064 0.175316 1.11365
-1 1530613005.754715 0.131352 0.175412 1.11366
-1 1530613005.763167 0.131774 0.175559 1.11368
-1 1530613005.770910 0.132065 0.175658 1.11368
-1 1530613005.781663 0.13236 0.175747 1.11367
-1 1530613005.791062 0.132653 0.175828 1.11366
-1 1530613005.807128 0.133056 0.175928 1.11364
-1 1530613005.812306 0.133311 0.175989 1.11362
-1 1530613005.822028 0.133563 0.176054 1.11358
-1 1530613005.831588 0.133808 0.17613 1.11353
-1 1530613005.835272 0.133926 0.176173 1.11351
-1 1530613005.844713 0.134036 0.176222 1.11348
-1 1530613005.851422 0.134248 0.176319 1.11341
-1 1530613005.860476 0.134444 0.17641 1.11333
-1 1530613005.868493 0.13463 0.176497 1.11323
-1 1530613005.873361 0.134717 0.176544 1.11318
-1 1530613005.882367 0.134881 0.176644 1.11305
-1 1530613005.898199 0.135046 0.176791 1.11282
-1 1530613005.912693 0.135102 0.176912 1.11253
-1 1530613005.918228 0.135066 0.176974 1.11232
-1 1530613005.923957 0.135033 0.176999 1.1122
-1 1530613005.955832 0.134883 0.177091 1.11168
-1 1530613005.968403 0.134578 0.176994 1.11052
-1 1530613005.980718 0.13446 0.176765 1.10994
-1 1530613005.998482 0.134126 0.176428 1.10909
-1 1530613006.015715 0.133674 0.176232 1.10837
-1 1530613006.026241 0.133287 0.176139 1.10783
-1 1530613006.032818 0.132853 0.176119 1.10726
-1 1530613006.045619 0.132202 0.176262 1.10634
-1 1530613006.054022 0.131992 0.176336 1.10602
-1 1530613006.066448 0.131231 0.176656 1.1047
-1 1530613006.076423 0.130913 0.176809 1.10402
-1 1530613006.082708 0.130653 0.176947 1.10333
-1 1530613006.094380 0.130364 0.17709 1.1023
-1 1530613006.103401 0.130162 0.177143 1.10091
-1 1530613006.147739 0.129558 0.177665 1.09687
-1 1530613006.160042 0.129187 0.177804 1.09536
-1 1530613006.169558 0.128914 0.17788 1.09428
-1 1530613006.184533 0.128476 0.177913 1.09259
-1 1530613006.190639 0.128218 0.177892 1.09142
-1 1530613006.199943 0.128 0.177865 1.09022
-1 1530613006.217347 0.127768 0.177776 1.08836
-1 1530613006.228717 0.127543 0.177636 1.08641
-1 1530613006.246229 0.127358 0.177349 1.08358
-1 1530613006.254771 0.127328 0.177129 1.08129
-1 1530613006.265698 0.127364 0.177065 1.07797
-1 1530613006.274288 0.127385 0.177099 1.07709
-1 1530613006.287674 0.127437 0.177225 1.07527
-1 1530613006.295673 0.127478 0.177486 1.07142
-1 1530613006.307536 0.12752 0.17761 1.06941
-1 1530613006.318431 0.1276 0.177764 1.06632
-1 1530613006.331189 0.12776 0.177903 1.0632
-1 1530613006.340311 0.127868 0.178025 1.06106
-1 1530613006.349293 0.127924 0.178102 1.05997
-1 1530613006.363526 0.128105 0.178363 1.05558
-1 1530613006.378792 0.128232 0.1785 1.05216
-1 1530613006.389977 0.128242 0.178538 1.051
-1 1530613006.396652 0.128199 0.178628 1.0475
-1 1530613006.409156 0.1281 0.178866 1.04408
-1 1530613006.422419 0.127959 0.1795 1.03959
-1 1530613006.443151 0.127791 0.180154 1.03522
-1 1530613006.459398 0.127568 0.180681 1.02768
-1 1530613006.470305 0.127404 0.180681 1.02327
-1 1530613006.474383 0.127374 0.180665 1.02215
-1 1530613006.482875 0.127333 0.180651 1.01991
-1 1530613006.486824 0.127315 0.180661 1.0188
-1 1530613006.499999 0.127257 0.180783 1.01551
-1 1530613006.509075 0.127234 0.180937 1.01337
-1 1530613006.520047 0.127256 0.181054 1.01126
-1 1530613006.525236 0.127234 0.181126 1.00917
-1 1530613006.534673 0.127213 0.181164 1.0071
-1 1530613006.549292 0.127111 0.181209 1.00398
-1 1530613006.558765 0.126944 0.181202 1.00081
-1 1530613006.569302 0.126688 0.181177 0.997637
-1 1530613006.576936 0.126466 0.181212 0.995483
-1 1530613006.582141 0.126329 0.181225 0.994399
-1 1530613006.597086 0.126194 0.18123 0.993309
-1 1530613006.601120 0.126052 0.18123 0.992219
-1 1530613006.607766 0.125749 0.181246 0.990038
-1 1530613006.621238 0.125472 0.181236 0.98787
-1 1530613006.630268 0.12519 0.181235 0.9847
-1 1530613006.643550 0.125084 0.18131 0.981687
-1 1530613006.657347 0.125188 0.181464 0.977842
-1 1530613006.666545 0.125224 0.181508 0.976889
-1 1530613006.672330 0.125317 0.181583 0.974019
-1 1530613006.680790 0.125323 0.181597 0.971124
-1 1530613006.686591 0.125321 0.181601 0.970158
-1 1530613006.700181 0.125296 0.181596 0.96824
-1 1530613006.719015 0.125344 0.181543 0.964534
-1 1530613006.725800 0.125356 0.181562 0.963635
-1 1530613006.734046 0.125457 0.181635 0.960886
-1 1530613006.749840 0.125587 0.181721 0.959122
-1 1530613006.761472 0.125724 0.181964 0.954929
-1 1530613006.772478 0.125749 0.182014 0.95412
-1 1530613006.788429 0.125855 0.182082 0.951738
-1 1530613006.810866 0.126021 0.182145 0.9494
-1 1530613006.822572 0.126319 0.182184 0.945505
-1 1530613006.830920 0.126512 0.182206 0.943144
-1 1530613006.842660 0.126696 0.182265 0.940775
-1 1530613006.851843 0.12683 0.182324 0.939201
-1 1530613006.865406 0.127281 0.182705 0.934439
-1 1530613006.876924 0.127508 0.183003 0.931975
-1 1530613006.888741 0.127745 0.183358 0.928558
-1 1530613006.894979 0.127808 0.183416 0.927676
-1 1530613006.903001 0.12794 0.183504 0.925895
-1 1530613006.909411 0.128018 0.183542 0.924999
-1 1530613006.917843 0.128185 0.183593 0.923208
-1 1530613006.922800 0.128279 0.183607 0.922311
-1 1530613006.933695 0.128496 0.183622 0.920516
-1 1530613006.946827 0.128848 0.18363 0.917798
-1 1530613006.961478 0.12921 0.183627 0.915025
-1 1530613006.967040 0.129422 0.183612 0.913151
-1 1530613006.971766 0.129521 0.183604 0.912203
-1 1530613006.980653 0.129716 0.183619 0.910293
-1 1530613006.990146 0.129888 0.183654 0.908375
-1 1530613007.000066 0.130047 0.183716 0.906443
-1 1530613007.015816 0.130361 0.183937 0.901541
-1 1530613007.025081 0.130454 0.184051 0.899536
-1 1530613007.059926 0.130808 0.184814 0.891315
-1 1530613007.086305 0.131064 0.185468 0.884107
-1 1530613007.093041 0.131116 0.185605 0.882088
-1 1530613007.100512 0.131188 0.185789 0.879149
-1 1530613007.112631 0.131235 0.185947 0.876259
-1 1530613007.127432 0.131215 0.186135 0.872389
-1 1530613007.144728 0.131191 0.186174 0.871417
-1 1530613007.161813 0.130964 0.186371 0.866578
-1 1530613007.179845 0.130599 0.186545 0.860883
-1 1530613007.191198 0.130479 0.186583 0.859
-1 1530613007.202653 0.13035 0.1866 0.857116
-1 1530613007.210068 0.130134 0.186604 0.854318
-1 1530613007.225694 0.129983 0.186588 0.852465
-1 1530613007.233148 0.12974 0.186577 0.84972
-1 1530613007.240782 0.129663 0.186579 0.848815
-1 1530613007.257669 0.129365 0.186653 0.845223
-1 1530613007.270521 0.12922 0.186743 0.84345
-1 1530613007.278263 0.129004 0.186925 0.840768
-1 1530613007.284855 0.128863 0.187076 0.838982
-1 1530613007.295086 0.128751 0.187223 0.83719
-1 1530613007.303253 0.128654 0.187344 0.835395
-1 1530613007.314870 0.128513 0.1875 0.83269
-1 1530613007.330554 0.128349 0.187644 0.829953
-1 1530613007.348934 0.128143 0.187742 0.826328
-1 1530613007.360287 0.127974 0.187685 0.823599
-1 1530613007.369586 0.12786 0.18759 0.821779
-1 1530613007.382332 0.127659 0.18728 0.818102
-1 1530613007.387081 0.127618 0.187184 0.817187
-1 1530613007.399665 0.127533 0.187011 0.815386
-1 1530613007.403745 0.127406 0.18674 0.812743
-1 1530613007.408991 0.127368 0.186654 0.811886
-1 1530613007.418454 0.12731 0.186499 0.810197
-1 1530613007.441594 0.12709 0.186057 0.805208
-1 1530613007.450071 0.126986 0.18589 0.803573
-1 1530613007.460644 0.126809 0.18561 0.801179
-1 1530613007.475412 0.126498 0.185402 0.798917
-1 1530613007.487992 0.126137 0.185161 0.796773
-1 1530613007.494654 0.125955 0.184884 0.795387
-1 1530613007.504212 0.125775 0.18457 0.794003
-1 1530613007.508609 0.125685 0.184414 0.793312
-1 1530613007.516421 0.125592 0.18426 0.792623
-1 1530613007.524266 0.125404 0.183957 0.791256
-1 1530613007.541221 0.125218 0.183651 0.789905
-1 1530613007.545984 0.124949 0.183217 0.787965
-1 1530613007.560260 0.124712 0.182837 0.786143
-1 1530613007.566814 0.124577 0.182608 0.784989
-1 1530613007.579062 0.124454 0.182371 0.783879
-1 1530613007.589242 0.124301 0.182012 0.782263
-1 1530613007.594101 0.124252 0.181903 0.781742
-1 1530613007.604062 0.124158 0.181704 0.780727
-1 1530613007.620296 0.123943 0.181303 0.778805
-1 1530613007.631338 0.123881 0.181199 0.778352
-1 1530613007.635176 0.123691 0.180855 0.777081
-1 1530613007.644005 0.123545 0.180602 0.776353
-1 1530613007.653353 0.123393 0.180376 0.775781
-1 1530613007.665024 0.123089 0.18 0.774991
-1 1530613007.669816 0.123011 0.179909 0.774849
-1 1530613007.682711 0.12278 0.17964 0.774543
-1 1530613007.695837 0.12257 0.179369 0.774426
-1 1530613007.703160 0.122394 0.179084 0.774469
-1 1530613007.712670 0.122289 0.178883 0.774549
-1 1530613007.715858 0.122241 0.178781 0.774599
-1 1530613007.724401 0.122159 0.178573 0.77472
-1 1530613007.732527 0.122104 0.178366 0.774876
-1 1530613007.748132 0.122078 0.178175 0.775069
-1 1530613007.755973 0.12208 0.177896 0.775417
-1 1530613007.762547 0.12209 0.177805 0.775546
-1 1530613007.778689 0.122174 0.177422 0.776145
-1 1530613007.794422 0.122281 0.176993 0.776893
-1 1530613007.799230 0.122303 0.176891 0.777102
-1 1530613007.808434 0.12234 0.176708 0.777547
-1 1530613007.827744 0.12239 0.176431 0.778554
-1 1530613007.831515 0.122399 0.176373 0.778826
-1 1530613007.837341 0.122411 0.176315 0.779104
-1 1530613007.860507 0.122434 0.176169 0.779676
-1 1530613007.879892 0.122576 0.175658 0.781878
-1 1530613007.907738 0.122873 0.175119 0.784501
-1 1530613007.911711 0.122922 0.175035 0.784919
-1 1530613007.920413 0.123057 0.174784 0.786241
-1 1530613007.937116 0.123166 0.174571 0.787666
-1 1530613007.948158 0.123299 0.174318 0.789763
-1 1530613007.962898 0.123395 0.174037 0.791999
-1 1530613007.978325 0.123465 0.173736 0.794334
-1 1530613007.987086 0.123513 0.173596 0.795547
-1 1530613007.998762 0.123568 0.173463 0.796785
-1 1530613008.009351 0.12366 0.17329 0.798695
-1 1530613008.014042 0.123689 0.17324 0.799346
-1 1530613008.028138 0.123738 0.173152 0.800658
-1 1530613008.041559 0.123761 0.172988 0.803322
-1 1530613008.058385 0.123703 0.172901 0.805409
-1 1530613008.076840 0.123599 0.172805 0.808328
-1 1530613008.092567 0.123482 0.172739 0.810582
-1 1530613008.105665 0.123259 0.172666 0.813627
-1 1530613008.110063 0.123196 0.172652 0.814392
-1 1530613008.119984 0.122992 0.172579 0.8167
-1 1530613008.131297 0.122784 0.172445 0.819013
-1 1530613008.141982 0.122631 0.172318 0.82056
-1 1530613008.149626 0.122358 0.172156 0.822914
-1 1530613008.155897 0.122151 0.172079 0.824504
-1 1530613008.162866 0.122044 0.172046 0.825309
-1 1530613008.168327 0.121709 0.171977 0.827747
-1 1530613008.172307 0.121588 0.171964 0.828571
-1 1530613008.180967 0.121192 0.171946 0.831062
-1 1530613008.201691 0.120588 0.171994 0.834561
-1 1530613008.209188 0.120241 0.172029 0.836387
-1 1530613008.215610 0.120058 0.172037 0.837313
-1 1530613008.218248 0.119873 0.172036 0.838248
-1 1530613008.233838 0.119493 0.172013 0.840135
-1 1530613008.237589 0.119106 0.171979 0.842054
-1 1530613008.246885 0.118914 0.171964 0.843026
-1 1530613008.253623 0.118505 0.171916 0.844999
-1 1530613008.259592 0.118093 0.171892 0.847005
-1 1530613008.269797 0.117896 0.171884 0.848026
-1 1530613008.278245 0.117344 0.17188 0.851165
-1 1530613008.284701 0.11717 0.171895 0.852237
-1 1530613008.296518 0.116677 0.171972 0.855514
-1 1530613008.309649 0.116009 0.172149 0.860005
-1 1530613008.323430 0.11547 0.17234 0.863419
-1 1530613008.334479 0.114782 0.172691 0.868046
-1 1530613008.347787 0.11432 0.17306 0.871598
-1 1530613008.353651 0.114173 0.173199 0.872794
-1 1530613008.364262 0.11376 0.173694 0.876419
-1 1530613008.372625 0.113633 0.173875 0.877632
-1 1530613008.380384 0.113267 0.174463 0.881286
-1 1530613008.389010 0.113149 0.174657 0.882504
-1 1530613008.398123 0.112805 0.175184 0.886128
-1 1530613008.407771 0.112587 0.175478 0.888538
-1 1530613008.419852 0.112263 0.175859 0.892142
-1 1530613008.427709 0.112059 0.176094 0.894545
-1 1530613008.431195 0.111966 0.17621 0.895752
-1 1530613008.443431 0.111728 0.176574 0.899393
-1 1530613008.453398 0.111481 0.176939 0.90303
-1 1530613008.466866 0.111291 0.177349 0.906676
-1 1530613008.480980 0.111084 0.177908 0.911537
-1 1530613008.494640 0.11093 0.178277 0.915163
-1 1530613008.509376 0.110756 0.178685 0.919965
-1 1530613008.525121 0.110642 0.179037 0.924773
-1 1530613008.539455 0.11058 0.179265 0.928393
-1 1530613008.551195 0.110562 0.179492 0.932032
-1 1530613008.560848 0.110584 0.179641 0.934478
-1 1530613008.566544 0.110634 0.1798 0.936932
-1 1530613008.573987 0.110662 0.179884 0.938167
-1 1530613008.583863 0.110749 0.180141 0.941891
-1 1530613008.587794 0.110771 0.180233 0.943133
-1 1530613008.592433 0.11079 0.180324 0.944375
-1 1530613008.602484 0.110839 0.180497 0.946869
-1 1530613008.609092 0.110867 0.180581 0.948115
-1 1530613008.615032 0.110931 0.180724 0.950615
-1 1530613008.626938 0.111001 0.180836 0.953127
-1 1530613008.636215 0.111074 0.180926 0.955645
-1 1530613008.647929 0.111146 0.180998 0.959421
-1 1530613008.657053 0.111229 0.181069 0.963199
-1 1530613008.693787 0.111417 0.181199 0.968262
-1 1530613008.713586 0.111859 0.181365 0.977222
-1 1530613008.718970 0.112114 0.181407 0.982335
-1 1530613008.752197 0.112603 0.181462 0.992589
-1 1530613008.768947 0.112831 0.181473 0.996431
-1 1530613008.775415 0.113151 0.181518 1.00154
-1 1530613008.782214 0.113322 0.181541 1.00408
-1 1530613008.793233 0.113506 0.181598 1.00662
-1 1530613008.800950 0.113793 0.181693 1.01042
-1 1530613008.810039 0.113979 0.181752 1.01294
-1 1530613008.822301 0.114247 0.181826 1.01671
-1 1530613008.833327 0.114407 0.18191 1.01921
-1 1530613008.851023 0.114878 0.182176 1.02671
-1 1530613008.861807 0.115095 0.182245 1.02924
-1 1530613008.865286 0.115327 0.18233 1.03177
-1 1530613008.872905 0.115561 0.182403 1.03431
-1 1530613008.876664 0.115681 0.182432 1.03557
-1 1530613008.885550 0.115925 0.18249 1.03809
-1 1530613008.895060 0.116173 0.182547 1.04058
-1 1530613008.904975 0.116564 0.182637 1.0443
-1 1530613008.913593 0.116819 0.182695 1.04676
-1 1530613008.920393 0.117065 0.182764 1.04894
-1 1530613008.927485 0.117296 0.182886 1.0511
-1 1530613008.943038 0.117663 0.183152 1.05436
-1 1530613008.953759 0.118155 0.183568 1.0587
-1 1530613008.962236 0.118442 0.183773 1.06084
-1 1530613008.979305 0.118851 0.184061 1.064
-1 1530613008.997872 0.119272 0.18433 1.06706
-1 1530613009.033323 0.120123 0.184951 1.07381
-1 1530613009.040778 0.121298 0.185725 1.08004
-1 1530613009.053299 0.122057 0.186016 1.08255
-1 1530613009.060188 0.122938 0.186253 1.08491
-1 1530613009.069541 0.123562 0.186396 1.08644
-1 1530613009.078816 0.124188 0.186534 1.08792
-1 1530613009.084129 0.124824 0.186678 1.08932
-1 1530613009.096349 0.125453 0.186818 1.09069
-1 1530613009.104275 0.126472 0.187042 1.09266
-1 1530613009.115251 0.127541 0.187361 1.09454
-1 1530613009.129042 0.1282 0.187631 1.0958
-1 1530613009.135633 0.12912 0.188114 1.0976
-1 1530613009.148751 0.130055 0.188628 1.09935
-1 1530613009.158823 0.131091 0.189108 1.10099
-1 1530613009.165920 0.131826 0.189406 1.10204
-1 1530613009.174551 0.132593 0.189671 1.10304
-1 1530613009.180372 0.133322 0.189928 1.10399
-1 1530613009.186517 0.133671 0.190061 1.10446
-1 1530613009.193855 0.134258 0.190339 1.10536
-1 1530613009.210402 0.135052 0.190769 1.10662
-1 1530613009.215922 0.135857 0.191228 1.10775
-1 1530613009.219746 0.13613 0.191382 1.1081
-1 1530613009.229664 0.136634 0.19169 1.10881
-1 1530613009.236728 0.13714 0.19201 1.10948
-1 1530613009.244194 0.137662 0.192352 1.11013
-1 1530613009.255610 0.137942 0.192543 1.11043
-1 1530613009.263505 0.139198 0.193385 1.1115
-1 1530613009.277998 0.139843 0.193781 1.11199
-1 1530613009.284013 0.140776 0.19436 1.11264
-1 1530613009.298287 0.141588 0.194848 1.11322
-1 1530613009.307562 0.142257 0.195259 1.11377
-1 1530613009.321488 0.142956 0.195698 1.11431
-1 1530613009.329673 0.143193 0.195876 1.11454
-1 1530613009.337757 0.143425 0.19602 1.11471
-1 1530613009.345577 0.143584 0.196165 1.11485
-1 1530613009.365922 0.143693 0.19661 1.11512
-1 1530613009.379341 0.143687 0.197035 1.11518
-1 1530613009.386725 0.143605 0.197473 1.11522
-1 1530613009.394453 0.143512 0.197743 1.11521
-1 1530613009.398005 0.143472 0.197881 1.11521
-1 1530613009.409436 0.143413 0.198161 1.11522
-1 1530613009.418717 0.143403 0.198454 1.11522
-1 1530613009.425080 0.143376 0.198742 1.11522
-1 1530613009.428476 0.14335 0.198883 1.11523
-1 1530613009.437498 0.143284 0.199146 1.11525
-1 1530613009.445184 0.143224 0.199371 1.11523
-1 1530613009.462001 0.143136 0.199545 1.11522
-1 1530613009.466211 0.142914 0.199697 1.11521
-1 1530613009.477569 0.142661 0.199756 1.11518
-1 1530613009.488984 0.142603 0.199767 1.11516
-1 1530613009.493594 0.142535 0.199792 1.11513
-1 1530613009.501689 0.142492 0.19982 1.11513
-1 1530613009.506580 0.142475 0.199836 1.11514
-1 1530613009.518979 0.142448 0.199871 1.11517
-1 1530613009.530503 0.142303 0.199914 1.11525
-1 1530613009.550303 0.141896 0.199884 1.11536
-1 1530613009.562088 0.140935 0.199836 1.11572
-1 1530613009.578280 0.139911 0.199733 1.11552
-1 1530613009.588396 0.139362 0.199667 1.11527
-1 1530613009.596500 0.138961 0.19962 1.11517
-1 1530613009.604799 0.13877 0.199588 1.11513
-1 1530613009.611678 0.138433 0.199513 1.11506
-1 1530613009.618210 0.138157 0.199428 1.11498
-1 1530613009.628545 0.137944 0.199344 1.11491
-1 1530613009.637314 0.137776 0.19927 1.11486
-1 1530613009.642515 0.137707 0.199238 1.11485
-1 1530613009.655182 0.137566 0.199138 1.11485
-1 1530613009.669638 0.137466 0.198997 1.11486
-1 1530613009.677904 0.137398 0.198872 1.11487
-1 1530613009.681435 0.137362 0.198805 1.11488
-1 1530613009.686751 0.137325 0.198742 1.11488
-1 1530613009.705852 0.137242 0.198624 1.11489
-1 1530613009.715997 0.137083 0.198379 1.11485
-1 1530613009.725084 0.136974 0.198224 1.11484
-1 1530613009.740932 0.136781 0.197956 1.11483
-1 1530613009.754505 0.136547 0.197635 1.11485
-1 1530613009.763059 0.136395 0.1974 1.11485
-1 1530613009.788608 0.135986 0.196732 1.1149
-1 1530613009.792759 0.135933 0.196626 1.11491
-1 1530613009.804860 0.135846 0.196418 1.11493
-1 1530613009.819585 0.135684 0.19612 1.11494
-1 1530613009.827795 0.135552 0.195918 1.11496
-1 1530613009.845833 0.135333 0.19552 1.11495
-1 1530613009.858199 0.135248 0.195327 1.11465
-1 1530613009.869028 0.135116 0.195029 1.11436
-1 1530613009.883644 0.135001 0.194839 1.11434
-1 1530613009.894188 0.134724 0.194473 1.11433
-1 1530613009.906061 0.134559 0.194292 1.11433
-1 1530613009.914638 0.134257 0.19402 1.11437
-1 1530613009.921885 0.134024 0.193842 1.11441
-1 1530613009.938401 0.133655 0.193559 1.11449
-1 1530613009.944059 0.133399 0.193351 1.11453
-1 1530613009.956415 0.133145 0.193144 1.11458
-1 1530613009.974974 0.132637 0.19274 1.11465
-1 1530613010.005060 0.131636 0.191963 1.11472
-1 1530613010.012149 0.131244 0.191689 1.11475
-1 1530613010.021684 0.13095 0.19149 1.11477
-1 1530613010.030205 0.130673 0.191285 1.1148
-1 1530613010.037432 0.130397 0.191087 1.11484
-1 1530613010.048888 0.130001 0.190803 1.11489
-1 1530613010.053636 0.129874 0.190717 1.11491
-1 1530613010.060762 0.129632 0.19055 1.11493
-1 1530613010.077095 0.129274 0.190307 1.11497
-1 1530613010.099897 0.12857 0.189905 1.11495
-1 1530613010.105558 0.128326 0.189757 1.11494
-1 1530613010.117549 0.127935 0.189514 1.11494
-1 1530613010.133143 0.127501 0.189264 1.11496
-1 1530613010.146663 0.127032 0.189023 1.11501
-1 1530613010.151264 0.12672 0.188872 1.11505
-1 1530613010.156036 0.126565 0.188798 1.11508
-1 1530613010.160316 0.126412 0.188725 1.1151
-1 1530613010.169490 0.126109 0.188576 1.11515
-1 1530613010.183960 0.125658 0.188342 1.11521
-1 1530613010.193670 0.125369 0.188175 1.11524
-1 1530613010.208994 0.125086 0.187998 1.11528
-1 1530613010.223517 0.124393 0.187556 1.11535
-1 1530613010.237199 0.123927 0.187302 1.11539
-1 1530613010.244931 0.123642 0.187132 1.11542
-1 1530613010.261319 0.123117 0.186812 1.11547
-1 1530613010.265884 0.122992 0.18673 1.11548
-1 1530613010.274040 0.122752 0.186562 1.1155
-1 1530613010.282366 0.122518 0.186388 1.11552
-1 1530613010.294243 0.122297 0.186208 1.11554
-1 1530613010.301734 0.121986 0.185937 1.11556
-1 1530613010.305717 0.121886 0.18585 1.11557
-1 1530613010.313561 0.121693 0.185683 1.11558
-1 1530613010.319170 0.121599 0.185602 1.11559
-1 1530613010.328891 0.121327 0.185367 1.11562
-1 1530613010.344442 0.120996 0.185099 1.11567
-1 1530613010.356145 0.120854 0.184973 1.1157
-1 1530613010.364647 0.120675 0.18479 1.11575
-1 1530613010.368200 0.12062 0.184734 1.11576
-1 1530613010.381343 0.120514 0.18463 1.11579
-1 1530613010.388830 0.120358 0.184475 1.11584
-1 1530613010.417202 0.120096 0.184223 1.1159
-1 1530613010.428560 0.119735 0.184036 1.11593
-1 1530613010.436057 0.119513 0.183942 1.11595
