-1 1528276899.725735 0.112354 0.111445 1.07042
-1 1528276899.738025 0.112411 0.111356 1.07042
-1 1528276899.748701 0.112415 0.111363 1.07041
-1 1528276899.752718 0.112416 0.111367 1.07041
-1 1528276899.771393 0.112421 0.111379 1.07041
-1 1528276899.776722 0.112441 0.111403 1.07041
-1 1528276899.780106 0.112446 0.111409 1.07041
-1 1528276899.787721 0.112453 0.111419 1.0704
-1 1528276899.794833 0.112457 0.111422 1.0704
-1 1528276899.797921 0.112459 0.111425 1.0704
-1 1528276899.802658 0.112461 0.111428 1.0704
-1 1528276899.811646 0.112465 0.111437 1.0704
-1 1528276899.819352 0.11247 0.111448 1.07039
-1 1528276899.825658 0.112471 0.111455 1.07039
-1 1528276899.836458 0.112475 0.111479 1.07039
-1 1528276899.845262 0.112475 0.111496 1.07039
-1 1528276899.854390 0.112476 0.111515 1.07038
-1 1528276899.862292 0.112479 0.111536 1.07038
-1 1528276899.870537 0.11248 0.111558 1.07038
-1 1528276899.876859 0.112477 0.111575 1.07038
-1 1528276899.885031 0.112475 0.111593 1.07038
-1 1528276899.891205 0.112475 0.111604 1.07038
-1 1528276899.897803 0.112478 0.111624 1.07038
-1 1528276899.905447 0.112481 0.111634 1.07038
-1 1528276899.910487 0.112486 0.111658 1.07038
-1 1528276899.921541 0.112492 0.111678 1.07038
-1 1528276899.935283 0.112505 0.111731 1.07037
-1 1528276899.953231 0.112507 0.111779 1.07037
-1 1528276899.960487 0.112505 0.111789 1.07036
-1 1528276899.970370 0.1125 0.111814 1.07036
-1 1528276899.975371 0.112497 0.111823 1.07036
-1 1528276899.982430 0.112496 0.111841 1.07036
-1 1528276899.985961 0.112496 0.11185 1.07036
-1 1528276899.989879 0.112498 0.111859 1.07036
-1 1528276899.997442 0.112502 0.111877 1.07036
-1 1528276900.004601 0.112506 0.111884 1.07036
-1 1528276900.014160 0.112512 0.111901 1.07036
-1 1528276900.025820 0.112518 0.111931 1.07035
-1 1528276900.032358 0.112523 0.11196 1.07035
-1 1528276900.037751 0.112527 0.111991 1.07035
-1 1528276900.041322 0.11253 0.112008 1.07035
-1 1528276900.050231 0.112534 0.112025 1.07034
-1 1528276900.055851 0.11254 0.112059 1.07034
-1 1528276900.062277 0.112542 0.112076 1.07034
-1 1528276900.068389 0.112548 0.112107 1.07034
-1 1528276900.074546 0.112551 0.112122 1.07034
-1 1528276900.081293 0.112556 0.11215 1.07034
-1 1528276900.088311 0.11256 0.112173 1.07034
-1 1528276900.098874 0.112562 0.112186 1.07034
-1 1528276900.106189 0.112572 0.112214 1.07034
-1 1528276900.109400 0.112577 0.112231 1.07034
-1 1528276900.114297 0.112583 0.112247 1.07034
-1 1528276900.128037 0.112594 0.112276 1.07033
-1 1528276900.136863 0.112599 0.112316 1.07033
-1 1528276900.144037 0.112593 0.11234 1.07033
-1 1528276900.155831 0.112593 0.112363 1.07032
-1 1528276900.163969 0.112611 0.1124 1.07032
-1 1528276900.172646 0.112638 0.112414 1.07031
-1 1528276900.180855 0.112675 0.11243 1.07031
-1 1528276900.186954 0.112718 0.112444 1.0703
-1 1528276900.190806 0.112741 0.112449 1.0703
-1 1528276900.197740 0.112761 0.112453 1.0703
-1 1528276900.204607 0.112798 0.11247 1.0703
-1 1528276900.210784 0.112829 0.112498 1.0703
-1 1528276900.216136 0.112841 0.112514 1.0703
-1 1528276900.230258 0.112852 0.112528 1.0703
-1 1528276900.242986 0.112906 0.11259 1.0703
-1 1528276900.251379 0.112938 0.112605 1.07029
-1 1528276900.259618 0.112979 0.112618 1.07029
-1 1528276900.267914 0.113024 0.112629 1.07029
-1 1528276900.276669 0.11307 0.112642 1.07029
-1 1528276900.280651 0.113093 0.112649 1.07029
-1 1528276900.289831 0.113139 0.112663 1.07029
-1 1528276900.298333 0.113186 0.112679 1.07029
-1 1528276900.310776 0.113235 0.112694 1.07029
-1 1528276900.315611 0.113284 0.112711 1.07029
-1 1528276900.322628 0.113337 0.11273 1.07029
-1 1528276900.332522 0.113363 0.112742 1.07028
-1 1528276900.338390 0.113448 0.112786 1.07027
-1 1528276900.346150 0.113478 0.112802 1.07027
-1 1528276900.351674 0.113539 0.112831 1.07027
-1 1528276900.358968 0.113595 0.112858 1.07027
-1 1528276900.365122 0.113622 0.112869 1.07026
-1 1528276900.371379 0.113677 0.112891 1.07026
-1 1528276900.382084 0.113735 0.112914 1.07026
-1 1528276900.389666 0.113799 0.112935 1.07026
-1 1528276900.398123 0.113859 0.112951 1.07025
-1 1528276900.405404 0.113918 0.112961 1.07025
-1 1528276900.408865 0.113947 0.112964 1.07025
-1 1528276900.417420 0.114006 0.112967 1.07024
-1 1528276900.425246 0.114073 0.112966 1.07024
-1 1528276900.432665 0.114106 0.112964 1.07024
-1 1528276900.439858 0.114171 0.112963 1.07024
-1 1528276900.445035 0.114235 0.112962 1.07024
-1 1528276900.451662 0.114267 0.112961 1.07024
-1 1528276900.455931 0.114298 0.112961 1.07024
-1 1528276900.463230 0.11436 0.112966 1.07025
-1 1528276900.472089 0.114427 0.112974 1.07025
-1 1528276900.482655 0.114498 0.112983 1.07025
-1 1528276900.486678 0.114569 0.112992 1.07024
-1 1528276900.492136 0.114602 0.112995 1.07024
-1 1528276900.499631 0.114662 0.112996 1.07024
-1 1528276900.502431 0.11469 0.112997 1.07024
-1 1528276900.509291 0.114721 0.112997 1.07024
-1 1528276900.517720 0.114781 0.112999 1.07024
-1 1528276900.523453 0.114838 0.112996 1.07024
-1 1528276900.527410 0.114866 0.112991 1.07024
-1 1528276900.535764 0.114893 0.112986 1.07024
-1 1528276900.548912 0.114944 0.112967 1.07024
-1 1528276900.555924 0.115029 0.112915 1.07024
-1 1528276900.562996 0.11508 0.112859 1.07025
-1 1528276900.572983 0.115129 0.112785 1.07026
-1 1528276900.579934 0.11517 0.112699 1.07027
-1 1528276900.591491 0.115204 0.112604 1.07028
-1 1528276900.596611 0.115237 0.112507 1.07029
-1 1528276900.605632 0.115274 0.112408 1.07031
-1 1528276900.614605 0.115315 0.11231 1.07032
-1 1528276900.629713 0.115402 0.112126 1.07036
-1 1528276900.633439 0.115424 0.112084 1.07037
-1 1528276900.641185 0.115467 0.112003 1.0704
-1 1528276900.650798 0.115514 0.111923 1.07044
-1 1528276900.659823 0.115561 0.111845 1.07047
-1 1528276900.665203 0.11561 0.11177 1.07051
-1 1528276900.669531 0.115636 0.111734 1.07053
-1 1528276900.673244 0.11566 0.111698 1.07055
-1 1528276900.681285 0.115708 0.111625 1.07059
-1 1528276900.689369 0.115755 0.11155 1.07064
-1 1528276900.701352 0.115781 0.111514 1.07066
-1 1528276900.708072 0.115863 0.111414 1.07072
-1 1528276900.711428 0.11589 0.111381 1.07074
-1 1528276900.721705 0.115943 0.111316 1.07079
-1 1528276900.729622 0.115996 0.111264 1.07084
-1 1528276900.733115 0.116021 0.111242 1.07086
-1 1528276900.740747 0.116046 0.111221 1.07089
-1 1528276900.746715 0.116096 0.111187 1.07094
-1 1528276900.754217 0.116145 0.111161 1.07099
-1 1528276900.757531 0.116167 0.11115 1.07102
-1 1528276900.766710 0.116211 0.111132 1.07108
-1 1528276900.774518 0.11626 0.111125 1.07114
-1 1528276900.781464 0.116311 0.111129 1.07121
-1 1528276900.785040 0.116338 0.111136 1.07124
-1 1528276900.788527 0.116367 0.111146 1.07128
-1 1528276900.796999 0.116424 0.111174 1.07135
-1 1528276900.801668 0.116452 0.111189 1.07139
-1 1528276900.809583 0.116505 0.111222 1.07146
-1 1528276900.814555 0.116531 0.111237 1.07149
-1 1528276900.817898 0.116559 0.111252 1.07153
-1 1528276900.823505 0.116585 0.111268 1.07157
-1 1528276900.830436 0.116639 0.111296 1.07164
-1 1528276900.842596 0.116695 0.111318 1.07171
-1 1528276900.845470 0.116726 0.111328 1.07175
-1 1528276900.855537 0.116792 0.111347 1.07182
-1 1528276900.861428 0.116868 0.111364 1.07189
-1 1528276900.868316 0.116905 0.111374 1.07193
-1 1528276900.874944 0.116978 0.111399 1.07201
-1 1528276900.879112 0.117014 0.111414 1.07205
-1 1528276900.882608 0.117049 0.11143 1.07209
-1 1528276900.890761 0.117122 0.111467 1.07217
-1 1528276900.894546 0.11716 0.111485 1.07221
-1 1528276900.903097 0.117236 0.111519 1.0723
-1 1528276900.911226 0.117304 0.111547 1.07239
-1 1528276900.919104 0.117369 0.111569 1.07249
-1 1528276900.925854 0.11743 0.111592 1.07258
-1 1528276900.931462 0.117459 0.111602 1.07263
-1 1528276900.939360 0.117516 0.111621 1.07273
-1 1528276900.947103 0.117564 0.11164 1.07283
-1 1528276900.959620 0.117614 0.111653 1.07299
-1 1528276900.965455 0.117623 0.111652 1.07304
-1 1528276900.971842 0.117629 0.111649 1.07309
-1 1528276900.977052 0.117639 0.111632 1.0732
-1 1528276900.980623 0.117645 0.111621 1.07325
-1 1528276900.984496 0.117652 0.11161 1.07331
-1 1528276900.990528 0.117659 0.111597 1.07336
-1 1528276900.995905 0.117669 0.111584 1.07342
-1 1528276901.001894 0.11768 0.111569 1.07347
-1 1528276901.008295 0.117701 0.111537 1.07359
-1 1528276901.025960 0.117712 0.111519 1.07365
-1 1528276901.038236 0.11779 0.11136 1.07402
-1 1528276901.049737 0.117828 0.111299 1.07414
-1 1528276901.058236 0.117896 0.111211 1.07434
-1 1528276901.064300 0.117951 0.111142 1.07447
-1 1528276901.072732 0.118018 0.111066 1.07461
-1 1528276901.080470 0.118091 0.110989 1.07474
-1 1528276901.084736 0.118127 0.11095 1.07481
-1 1528276901.089877 0.11816 0.110911 1.07488
-1 1528276901.096314 0.118219 0.110833 1.07502
-1 1528276901.102835 0.118246 0.110797 1.07509
-1 1528276901.110109 0.118299 0.110722 1.07523
-1 1528276901.115287 0.118328 0.110685 1.0753
-1 1528276901.126603 0.118392 0.110612 1.07545
-1 1528276901.132555 0.118459 0.110538 1.0756
-1 1528276901.136146 0.118493 0.1105 1.07567
-1 1528276901.142469 0.118528 0.110465 1.07575
-1 1528276901.150203 0.118592 0.110394 1.0759
-1 1528276901.157533 0.118659 0.110315 1.07605
-1 1528276901.160928 0.118692 0.110273 1.07613
-1 1528276901.164592 0.118725 0.110232 1.0762
-1 1528276901.175287 0.118796 0.110149 1.07636
-1 1528276901.182780 0.11887 0.11008 1.07651
-1 1528276901.186973 0.118908 0.110048 1.07659
-1 1528276901.190484 0.118948 0.110018 1.07667
-1 1528276901.194253 0.118984 0.109989 1.07675
-1 1528276901.205120 0.119056 0.109939 1.07691
-1 1528276901.211161 0.119094 0.109918 1.07699
-1 1528276901.216907 0.11918 0.109881 1.07715
-1 1528276901.224065 0.119282 0.109854 1.0773
-1 1528276901.228499 0.119337 0.109843 1.07738
-1 1528276901.239264 0.119394 0.109834 1.07746
-1 1528276901.244533 0.119582 0.109814 1.07771
-1 1528276901.252476 0.119706 0.109809 1.07787
-1 1528276901.256739 0.119767 0.109809 1.07795
-1 1528276901.261663 0.11983 0.109811 1.07804
-1 1528276901.268548 0.119958 0.109823 1.0782
-1 1528276901.277597 0.120095 0.109854 1.07836
-1 1528276901.280716 0.120164 0.109877 1.07844
-1 1528276901.289259 0.1203 0.109934 1.0786
-1 1528276901.295415 0.120368 0.109968 1.07867
-1 1528276901.299811 0.120436 0.110005 1.07875
-1 1528276901.307740 0.120581 0.11008 1.07891
-1 1528276901.312110 0.120659 0.110122 1.07899
-1 1528276901.321090 0.120815 0.110216 1.07915
-1 1528276901.327969 0.120965 0.110316 1.07931
-1 1528276901.337041 0.121107 0.110411 1.07947
-1 1528276901.341216 0.121174 0.110455 1.07955
-1 1528276901.351321 0.121306 0.110532 1.07971
-1 1528276901.361672 0.121499 0.110647 1.07996
-1 1528276901.364718 0.121562 0.110686 1.08004
-1 1528276901.369382 0.121624 0.110729 1.08012
-1 1528276901.372794 0.121684 0.110773 1.0802
-1 1528276901.381164 0.121797 0.110871 1.08036
-1 1528276901.384957 0.121852 0.110922 1.08045
-1 1528276901.393342 0.121951 0.111026 1.08062
-1 1528276901.397273 0.121994 0.111074 1.0807
-1 1528276901.402315 0.122036 0.111115 1.08079
-1 1528276901.408651 0.122075 0.11115 1.08088
-1 1528276901.415839 0.122151 0.111208 1.08106
-1 1528276901.424037 0.12222 0.111248 1.08123
-1 1528276901.427737 0.122249 0.111262 1.08131
-1 1528276901.437393 0.122286 0.111283 1.08147
-1 1528276901.461366 0.122307 0.111332 1.08191
-1 1528276901.475981 0.122278 0.111359 1.08211
-1 1528276901.484899 0.122254 0.111376 1.08224
-1 1528276901.493915 0.122234 0.11139 1.08238
-1 1528276901.499511 0.122212 0.111402 1.08251
-1 1528276901.504663 0.122202 0.111407 1.08258
-1 1528276901.508179 0.122195 0.111412 1.08265
-1 1528276901.516802 0.122187 0.111426 1.08278
-1 1528276901.524160 0.122188 0.111432 1.08285
-1 1528276901.529291 0.122202 0.111431 1.08297
-1 1528276901.532709 0.122211 0.111424 1.08303
-1 1528276901.542028 0.122233 0.11141 1.08315
-1 1528276901.551181 0.122251 0.111394 1.08327
-1 1528276901.560399 0.122257 0.111379 1.08339
-1 1528276901.566046 0.122254 0.111362 1.08349
-1 1528276901.572689 0.122249 0.111351 1.08358
-1 1528276901.577274 0.122247 0.111349 1.08362
-1 1528276901.581295 0.122246 0.11135 1.08366
-1 1528276901.588987 0.122246 0.111344 1.08373
-1 1528276901.595181 0.122247 0.111334 1.08376
-1 1528276901.603820 0.122245 0.111303 1.08383
-1 1528276901.611553 0.122239 0.111264 1.08389
-1 1528276901.619090 0.122231 0.111227 1.08395
-1 1528276901.629514 0.122227 0.111195 1.08402
-1 1528276901.636632 0.122231 0.111161 1.08408
-1 1528276901.646212 0.122259 0.111103 1.08417
-1 1528276901.655374 0.122275 0.111081 1.08419
-1 1528276901.665123 0.122318 0.111034 1.08424
-1 1528276901.672117 0.122361 0.110987 1.08429
-1 1528276901.679564 0.122398 0.11095 1.08433
-1 1528276901.686903 0.12243 0.110914 1.08436
-1 1528276901.697327 0.122457 0.110884 1.0844
-1 1528276901.703875 0.122478 0.110857 1.08443
-1 1528276901.710510 0.122489 0.110824 1.08446
-1 1528276901.716611 0.122493 0.110803 1.08448
-1 1528276901.747511 0.122451 0.110621 1.08459
-1 1528276901.753143 0.12242 0.110559 1.08462
-1 1528276901.759052 0.122409 0.110531 1.08464
-1 1528276901.772189 0.122393 0.110448 1.08467
-1 1528276901.782860 0.122393 0.110371 1.0847
-1 1528276901.795591 0.122394 0.11035 1.08471
-1 1528276901.806829 0.122399 0.110301 1.08475
-1 1528276901.812051 0.122394 0.110298 1.08475
-1 1528276901.820919 0.122384 0.11031 1.08475
-1 1528276901.826658 0.122375 0.110336 1.08474
-1 1528276901.832148 0.122374 0.110352 1.08474
-1 1528276901.839272 0.122376 0.110387 1.08473
-1 1528276901.848978 0.122375 0.110425 1.08472
-1 1528276901.856017 0.122369 0.110462 1.08471
-1 1528276901.859978 0.122366 0.110481 1.08471
-1 1528276901.870363 0.122371 0.110514 1.0847
-1 1528276901.878908 0.122378 0.110544 1.0847
-1 1528276901.886528 0.122376 0.110572 1.0847
-1 1528276901.892478 0.122372 0.110585 1.0847
-1 1528276901.899790 0.122361 0.110601 1.0847
-1 1528276901.903673 0.122359 0.110604 1.0847
-1 1528276901.907838 0.122358 0.110604 1.0847
-1 1528276901.915274 0.122364 0.110597 1.08469
-1 1528276901.921337 0.122371 0.110592 1.08468
-1 1528276901.926080 0.122377 0.110586 1.08468
-1 1528276901.933015 0.122382 0.110567 1.08466
-1 1528276901.942845 0.12237 0.110533 1.08464
-1 1528276901.949629 0.122347 0.110498 1.08461
-1 1528276901.954741 0.122337 0.11048 1.08459
-1 1528276901.963463 0.122324 0.110444 1.08456
-1 1528276901.978915 0.122316 0.110413 1.08451
-1 1528276901.985558 0.122323 0.11033 1.08442
-1 1528276901.989092 0.122331 0.110301 1.0844
-1 1528276901.994004 0.122339 0.110269 1.08437
-1 1528276901.997378 0.122346 0.110238 1.08435
-1 1528276902.021087 0.122333 0.110101 1.08421
-1 1528276902.025281 0.122325 0.110083 1.08419
-1 1528276902.031168 0.122318 0.110067 1.08417
-1 1528276902.037267 0.1223 0.110043 1.08412
-1 1528276902.046879 0.122292 0.110033 1.08409
-1 1528276902.053163 0.122282 0.110018 1.08403
-1 1528276902.058504 0.122277 0.110013 1.084
-1 1528276902.064795 0.122267 0.110009 1.08394
-1 1528276902.077106 0.122257 0.110012 1.08389
-1 1528276902.083017 0.122247 0.110027 1.08384
-1 1528276902.086838 0.122245 0.110039 1.08382
-1 1528276902.095597 0.122235 0.110066 1.08377
-1 1528276902.103004 0.122219 0.1101 1.08374
-1 1528276902.108389 0.122207 0.110122 1.08372
-1 1528276902.116129 0.122178 0.11018 1.08368
-1 1528276902.122758 0.122154 0.110253 1.08364
-1 1528276902.127106 0.122146 0.110292 1.08361
-1 1528276902.132106 0.122141 0.110331 1.08359
-1 1528276902.135469 0.122134 0.110369 1.08357
-1 1528276902.143556 0.122113 0.110431 1.08352
-1 1528276902.147429 0.122096 0.110451 1.0835
-1 1528276902.157231 0.122058 0.110479 1.08346
-1 1528276902.164941 0.122 0.1105 1.08342
-1 1528276902.177488 0.121894 0.11053 1.08337
-1 1528276902.184109 0.121817 0.110553 1.08334
-1 1528276902.196480 0.121739 0.110578 1.08331
-1 1528276902.204016 0.121662 0.110596 1.08329
-1 1528276902.208542 0.121621 0.110604 1.08327
-1 1528276902.215736 0.121528 0.110624 1.08325
-1 1528276902.221284 0.121478 0.110634 1.08324
-1 1528276902.229730 0.121375 0.110654 1.08321
-1 1528276902.235190 0.121322 0.110665 1.0832
-1 1528276902.238483 0.121271 0.110676 1.08318
-1 1528276902.246110 0.12117 0.110703 1.08315
-1 1528276902.250308 0.12112 0.110721 1.08313
-1 1528276902.256119 0.121069 0.110743 1.08312
-1 1528276902.264030 0.120966 0.110799 1.08309
-1 1528276902.274547 0.120861 0.110861 1.08306
-1 1528276902.279114 0.12075 0.110923 1.08304
-1 1528276902.286742 0.120632 0.11098 1.08301
-1 1528276902.291648 0.120572 0.111009 1.083
-1 1528276902.296375 0.120509 0.111039 1.08299
-1 1528276902.303198 0.120383 0.111107 1.08297
-1 1528276902.306755 0.120322 0.111143 1.08296
-1 1528276902.310997 0.120262 0.11118 1.08295
-1 1528276902.316777 0.120204 0.111216 1.08294
-1 1528276902.322655 0.12009 0.111286 1.08292
-1 1528276902.328525 0.120035 0.111319 1.08291
-1 1528276902.333858 0.119925 0.111385 1.0829
-1 1528276902.338395 0.119868 0.111418 1.08289
-1 1528276902.346945 0.119813 0.111453 1.08289
-1 1528276902.351806 0.119696 0.111524 1.08287
-1 1528276902.355556 0.119637 0.11156 1.08286
-1 1528276902.364275 0.119523 0.111632 1.08285
-1 1528276902.373292 0.11942 0.111702 1.08284
-1 1528276902.380635 0.119326 0.111764 1.08283
-1 1528276902.386406 0.11928 0.111791 1.08282
-1 1528276902.392634 0.119183 0.11183 1.08281
-1 1528276902.400510 0.119073 0.111848 1.08279
-1 1528276902.407926 0.118948 0.11185 1.08278
-1 1528276902.413359 0.118883 0.111846 1.08277
-1 1528276902.416259 0.118816 0.111844 1.08276
-1 1528276902.421681 0.118751 0.111842 1.08276
-1 1528276902.425463 0.118685 0.111843 1.08276
-1 1528276902.429309 0.118621 0.111847 1.08275
-1 1528276902.438418 0.118501 0.111864 1.08275
-1 1528276902.445988 0.118392 0.111884 1.08275
-1 1528276902.452016 0.11834 0.111893 1.08276
-1 1528276902.463788 0.11823 0.111908 1.08276
-1 1528276902.480189 0.118174 0.11191 1.08276
-1 1528276902.486888 0.118058 0.111909 1.08276
-1 1528276902.492957 0.117935 0.111902 1.08276
-1 1528276902.496190 0.117871 0.111897 1.08276
-1 1528276902.500914 0.117808 0.111892 1.08276
-1 1528276902.505886 0.117743 0.111889 1.08277
-1 1528276902.512165 0.117621 0.111889 1.08277
-1 1528276902.516406 0.117562 0.111894 1.08278
-1 1528276902.521204 0.117506 0.111903 1.08278
-1 1528276902.529384 0.117396 0.111933 1.08279
-1 1528276902.539384 0.117294 0.111981 1.0828
-1 1528276902.544778 0.117196 0.112032 1.08281
-1 1528276902.549181 0.117153 0.112056 1.08281
-1 1528276902.553469 0.117106 0.112079 1.08282
-1 1528276902.560614 0.117009 0.112119 1.08284
-1 1528276902.569759 0.116905 0.112148 1.08286
-1 1528276902.577142 0.116796 0.112167 1.0829
-1 1528276902.589483 0.116626 0.112178 1.08295
-1 1528276902.595860 0.11651 0.112172 1.083
-1 1528276902.600767 0.11645 0.112164 1.08302
-1 1528276902.608556 0.116327 0.112136 1.08307
-1 1528276902.615783 0.116202 0.112097 1.08311
-1 1528276902.625144 0.116072 0.11205 1.08316
-1 1528276902.636890 0.115801 0.11194 1.08324
-1 1528276902.642639 0.115734 0.111911 1.08326
-1 1528276902.648799 0.115599 0.111853 1.0833
-1 1528276902.653088 0.115531 0.111826 1.08333
-1 1528276902.656801 0.115465 0.111798 1.08335
-1 1528276902.666027 0.115339 0.111744 1.08339
-1 1528276902.676203 0.115213 0.111682 1.08343
-1 1528276902.685816 0.115084 0.111615 1.08347
-1 1528276902.692109 0.114959 0.111554 1.08351
-1 1528276902.697832 0.114838 0.111507 1.08354
-1 1528276902.702907 0.114781 0.111487 1.08355
-1 1528276902.710747 0.114674 0.111456 1.08357
-1 1528276902.720621 0.11457 0.11143 1.08359
-1 1528276902.727337 0.114471 0.111407 1.0836
-1 1528276902.735898 0.114375 0.111383 1.08362
-1 1528276902.742958 0.114286 0.111355 1.08363
-1 1528276902.750794 0.114211 0.111332 1.08364
-1 1528276902.754514 0.11418 0.111325 1.08364
-1 1528276902.760067 0.114152 0.111325 1.08364
-1 1528276902.769169 0.114103 0.11133 1.08363
-1 1528276902.779750 0.114059 0.111337 1.08361
-1 1528276902.788585 0.114017 0.111331 1.08358
-1 1528276902.795280 0.113969 0.111315 1.08355
-1 1528276902.799213 0.113945 0.111305 1.08353
-1 1528276902.802642 0.113922 0.111293 1.08351
-1 1528276902.809292 0.113896 0.111282 1.08349
-1 1528276902.815691 0.113842 0.111264 1.08344
-1 1528276902.823141 0.113791 0.11126 1.08339
-1 1528276902.826667 0.113765 0.111267 1.08336
-1 1528276902.834628 0.113728 0.111297 1.08329
-1 1528276902.842203 0.113715 0.111341 1.08321
-1 1528276902.846281 0.113716 0.111369 1.08316
-1 1528276902.854957 0.113717 0.1114 1.08312
-1 1528276902.863437 0.113707 0.111463 1.08304
-1 1528276902.874643 0.113685 0.111528 1.08296
-1 1528276902.882324 0.113661 0.111624 1.08284
-1 1528276902.889155 0.113659 0.111693 1.08276
-1 1528276902.896458 0.113667 0.111733 1.08272
-1 1528276902.902659 0.113698 0.11182 1.08263
-1 1528276902.909755 0.113743 0.111906 1.08252
-1 1528276902.915514 0.113772 0.111948 1.08247
-1 1528276902.923639 0.11384 0.11203 1.08236
-1 1528276902.931392 0.113908 0.112101 1.08225
-1 1528276902.943251 0.113965 0.11216 1.08215
-1 1528276902.949760 0.114016 0.112226 1.08206
-1 1528276902.956937 0.114061 0.112296 1.08197
-1 1528276902.961386 0.114082 0.112333 1.08193
-1 1528276902.969950 0.114123 0.112404 1.08184
-1 1528276902.979556 0.114165 0.112473 1.08175
-1 1528276902.986202 0.114189 0.112505 1.08171
-1 1528276903.000632 0.114267 0.112577 1.08157
-1 1528276903.007516 0.114339 0.11262 1.08146
-1 1528276903.015598 0.114383 0.112641 1.0814
-1 1528276903.028450 0.114436 0.112662 1.08131
-1 1528276903.038898 0.114478 0.112677 1.08122
-1 1528276903.042587 0.114493 0.11268 1.08118
-1 1528276903.048208 0.114508 0.112683 1.08115
-1 1528276903.056590 0.114535 0.112688 1.08109
-1 1528276903.063691 0.114555 0.11269 1.08103
-1 1528276903.068283 0.114559 0.112689 1.081
-1 1528276903.078467 0.114556 0.112677 1.08095
-1 1528276903.083797 0.114545 0.112656 1.08091
-1 1528276903.095025 0.114534 0.112625 1.08087
-1 1528276903.103286 0.114524 0.112588 1.08083
-1 1528276903.112767 0.114513 0.112551 1.0808
-1 1528276903.118224 0.114499 0.112512 1.08077
-1 1528276903.124484 0.114489 0.112493 1.08076
-1 1528276903.132177 0.114473 0.112459 1.08074
-1 1528276903.137590 0.114471 0.11244 1.08072
-1 1528276903.144776 0.114472 0.112405 1.0807
-1 1528276903.152323 0.114474 0.112386 1.08069
-1 1528276903.157761 0.114477 0.112347 1.08067
-1 1528276903.164541 0.114474 0.112326 1.08066
-1 1528276903.170477 0.114455 0.112281 1.08065
-1 1528276903.178936 0.114424 0.11224 1.08064
-1 1528276903.185865 0.114389 0.112204 1.08063
-1 1528276903.188778 0.114371 0.112188 1.08063
-1 1528276903.200274 0.114353 0.112173 1.08063
-1 1528276903.207692 0.114302 0.112137 1.08064
-1 1528276903.215306 0.114266 0.112115 1.08065
-1 1528276903.219907 0.114247 0.112104 1.08066
-1 1528276903.227319 0.114208 0.112084 1.08068
-1 1528276903.234725 0.114156 0.112069 1.08071
-1 1528276903.238564 0.114127 0.11206 1.08072
-1 1528276903.245965 0.114097 0.112049 1.08074
-1 1528276903.257796 0.114039 0.112027 1.08077
-1 1528276903.263240 0.113983 0.112013 1.08081
-1 1528276903.270332 0.113935 0.111996 1.08085
-1 1528276903.276275 0.113913 0.111987 1.08087
-1 1528276903.282819 0.113879 0.111971 1.08092
-1 1528276903.293378 0.11385 0.111949 1.08097
-1 1528276903.302250 0.113822 0.111888 1.08105
-1 1528276903.312958 0.113806 0.111837 1.08111
-1 1528276903.318802 0.113792 0.11178 1.08117
-1 1528276903.330468 0.113788 0.111691 1.08127
-1 1528276903.335987 0.11379 0.111662 1.08131
-1 1528276903.343283 0.113802 0.111605 1.0814
-1 1528276903.351579 0.11383 0.111548 1.08149
-1 1528276903.363237 0.113872 0.111492 1.08157
-1 1528276903.368472 0.113911 0.111441 1.08166
-1 1528276903.373750 0.113927 0.111418 1.0817
-1 1528276903.383273 0.113953 0.11137 1.08179
-1 1528276903.388699 0.113976 0.111318 1.08189
-1 1528276903.393896 0.113986 0.111292 1.08193
-1 1528276903.403904 0.114004 0.111235 1.08203
-1 1528276903.410176 0.114027 0.111181 1.08213
-1 1528276903.416512 0.114042 0.111154 1.08218
-1 1528276903.428669 0.114077 0.111091 1.08229
-1 1528276903.433420 0.114095 0.111057 1.08235
-1 1528276903.440797 0.114112 0.111022 1.0824
-1 1528276903.446419 0.114141 0.110953 1.08252
-1 1528276903.449566 0.114154 0.110918 1.08258
-1 1528276903.455633 0.114166 0.110883 1.08264
-1 1528276903.461755 0.114195 0.110815 1.08276
-1 1528276903.469615 0.114233 0.110746 1.08288
-1 1528276903.486670 0.11428 0.110673 1.08299
-1 1528276903.491957 0.114397 0.110514 1.08322
-1 1528276903.502451 0.11446 0.110424 1.08333
-1 1528276903.510851 0.114517 0.110331 1.08344
-1 1528276903.515875 0.114572 0.110233 1.08355
-1 1528276903.524736 0.114628 0.11014 1.08368
-1 1528276903.531681 0.114675 0.110054 1.0838
-1 1528276903.536329 0.114695 0.110011 1.08387
-1 1528276903.545017 0.114736 0.109929 1.08401
-1 1528276903.552163 0.114786 0.109847 1.08415
-1 1528276903.556484 0.114806 0.10981 1.08423
-1 1528276903.560482 0.114826 0.109775 1.0843
-1 1528276903.571460 0.114869 0.109711 1.08445
-1 1528276903.583280 0.114942 0.109638 1.08467
-1 1528276903.590191 0.114994 0.1096 1.08481
-1 1528276903.594435 0.115019 0.109584 1.08488
-1 1528276903.605067 0.115042 0.109571 1.08494
-1 1528276903.613325 0.115099 0.109536 1.08513
-1 1528276903.619743 0.115126 0.109518 1.08525
-1 1528276903.625401 0.115142 0.109499 1.08537
-1 1528276903.630100 0.115148 0.109489 1.08543
-1 1528276903.635667 0.115154 0.109481 1.08549
-1 1528276903.642861 0.115175 0.109471 1.08561
-1 1528276903.646317 0.115191 0.109469 1.08567
-1 1528276903.653553 0.11521 0.109465 1.08572
-1 1528276903.661469 0.115247 0.109457 1.08583
-1 1528276903.665791 0.115264 0.109454 1.08589
-1 1528276903.675066 0.115298 0.10944 1.086
-1 1528276903.680484 0.115334 0.109413 1.08611
-1 1528276903.690056 0.115376 0.109377 1.08622
-1 1528276903.695571 0.115403 0.109364 1.08628
-1 1528276903.707063 0.115463 0.109356 1.08638
-1 1528276903.711245 0.115531 0.109374 1.08647
-1 1528276903.726038 0.115631 0.109425 1.08661
-1 1528276903.734354 0.115688 0.109453 1.0867
-1 1528276903.737967 0.115724 0.109464 1.08675
-1 1528276903.741579 0.115751 0.109474 1.08679
-1 1528276903.747169 0.11578 0.109482 1.08683
-1 1528276903.755744 0.115828 0.109487 1.08691
-1 1528276903.763361 0.115847 0.109476 1.087
-1 1528276903.771486 0.115861 0.109444 1.08708
-1 1528276903.779509 0.115868 0.109402 1.08716
-1 1528276903.784319 0.11587 0.109377 1.08719
-1 1528276903.791193 0.11587 0.109346 1.08723
-1 1528276903.796191 0.115862 0.109273 1.0873
-1 1528276903.803592 0.115852 0.1092 1.08739
-1 1528276903.811861 0.11585 0.109159 1.08743
-1 1528276903.822553 0.115867 0.109054 1.08757
-1 1528276903.827649 0.115897 0.109011 1.08767
-1 1528276903.833080 0.115909 0.109 1.08772
-1 1528276903.841157 0.115937 0.109 1.08783
-1 1528276903.846868 0.115948 0.109006 1.08788
-1 1528276903.853137 0.115965 0.109022 1.08799
-1 1528276903.857456 0.115965 0.109032 1.08805
-1 1528276903.863948 0.115964 0.109041 1.08816
-1 1528276903.867553 0.115963 0.109041 1.08821
-1 1528276903.873509 0.115959 0.109039 1.08827
-1 1528276903.879826 0.115956 0.109035 1.08833
-1 1528276903.885697 0.115945 0.109026 1.08844
-1 1528276903.891891 0.115939 0.109022 1.0885
-1 1528276903.906191 0.115899 0.109018 1.08867
-1 1528276903.916274 0.115846 0.109017 1.08884
-1 1528276903.926565 0.115787 0.108991 1.089
-1 1528276903.934183 0.115739 0.108961 1.0891
-1 1528276903.941373 0.115686 0.108923 1.0892
-1 1528276903.946017 0.115648 0.108905 1.08925
-1 1528276903.951604 0.115607 0.108888 1.0893
-1 1528276903.959040 0.11551 0.108863 1.08939
-1 1528276903.967201 0.115413 0.108839 1.08948
-1 1528276903.976705 0.115313 0.108807 1.08957
-1 1528276903.983719 0.115212 0.108761 1.08966
-1 1528276903.996380 0.115111 0.108706 1.08973
-1 1528276904.002773 0.115017 0.108648 1.0898
-1 1528276904.006192 0.114972 0.108622 1.08983
-1 1528276904.010082 0.114928 0.108596 1.08986
-1 1528276904.019409 0.114841 0.108541 1.08991
-1 1528276904.025133 0.1148 0.108514 1.08993
-1 1528276904.034515 0.11472 0.108469 1.08997
-1 1528276904.043530 0.114645 0.108436 1.09
-1 1528276904.050329 0.114567 0.108415 1.09003
-1 1528276904.054862 0.114528 0.108404 1.09004
-1 1528276904.063278 0.114451 0.108385 1.09006
-1 1528276904.070877 0.11438 0.108371 1.09008
-1 1528276904.079268 0.114311 0.108351 1.09009
-1 1528276904.087536 0.114231 0.108326 1.0901
-1 1528276904.098305 0.114141 0.108293 1.09011
-1 1528276904.104653 0.114049 0.108252 1.09012
-1 1528276904.111222 0.113959 0.108209 1.09012
-1 1528276904.124609 0.113875 0.108164 1.09012
-1 1528276904.129759 0.113733 0.108088 1.09013
-1 1528276904.135902 0.113679 0.108059 1.09013
-1 1528276904.147862 0.113565 0.107998 1.09014
-1 1528276904.152216 0.113434 0.107941 1.09015
-1 1528276904.156541 0.11337 0.107915 1.09016
-1 1528276904.165982 0.113246 0.107866 1.09018
-1 1528276904.174815 0.113127 0.107831 1.0902
-1 1528276904.182210 0.11301 0.107805 1.09022
-1 1528276904.186431 0.112949 0.10779 1.09023
-1 1528276904.195706 0.112886 0.107773 1.09024
-1 1528276904.202660 0.11268 0.107708 1.09026
-1 1528276904.214240 0.112445 0.107624 1.09027
-1 1528276904.222648 0.112282 0.107569 1.09028
-1 1528276904.231437 0.112116 0.10752 1.09029
-1 1528276904.239664 0.111948 0.107478 1.0903
-1 1528276904.250593 0.111782 0.10745 1.09031
-1 1528276904.259402 0.111553 0.107424 1.09033
-1 1528276904.265025 0.11148 0.10742 1.09033
-1 1528276904.271551 0.111337 0.107418 1.09035
-1 1528276904.279778 0.111191 0.107431 1.09036
-1 1528276904.287296 0.111038 0.107458 1.09038
-1 1528276904.295319 0.11096 0.107474 1.09038
-1 1528276904.304753 0.110803 0.107504 1.0904
-1 1528276904.309692 0.11065 0.107534 1.09041
-1 1528276904.321364 0.110498 0.107568 1.09042
-1 1528276904.325607 0.110422 0.107584 1.09043
-1 1528276904.331907 0.110345 0.107596 1.09043
-1 1528276904.336696 0.110192 0.107616 1.09045
-1 1528276904.343363 0.110114 0.107626 1.09045
-1 1528276904.350756 0.109963 0.107653 1.09047
-1 1528276904.357165 0.109821 0.107695 1.09048
-1 1528276904.362137 0.109752 0.107721 1.09049
-1 1528276904.365728 0.109684 0.107751 1.0905
-1 1528276904.369728 0.109616 0.107781 1.0905
-1 1528276904.377249 0.109478 0.107841 1.09052
-1 1528276904.384731 0.109341 0.107895 1.09053
-1 1528276904.393434 0.109213 0.107952 1.09054
-1 1528276904.401727 0.109093 0.108016 1.09055
-1 1528276904.414469 0.108923 0.108109 1.09057
-1 1528276904.424397 0.108806 0.108166 1.09058
-1 1528276904.429728 0.108686 0.108217 1.09059
-1 1528276904.436873 0.108563 0.108268 1.0906
-1 1528276904.444060 0.108499 0.108291 1.0906
-1 1528276904.451859 0.108365 0.108333 1.09061
-1 1528276904.459422 0.108298 0.108352 1.09062
-1 1528276904.463737 0.108164 0.108393 1.09062
-1 1528276904.467952 0.1081 0.108417 1.09062
-1 1528276904.476306 0.108036 0.108443 1.09062
-1 1528276904.496521 0.107733 0.108596 1.09061
-1 1528276904.505357 0.107618 0.108665 1.0906
-1 1528276904.514792 0.107439 0.108758 1.09059
-1 1528276904.525233 0.107381 0.108788 1.09058
-1 1528276904.535948 0.107211 0.108881 1.09056
-1 1528276904.541762 0.107098 0.10894 1.09054
-1 1528276904.553420 0.10698 0.108997 1.09052
-1 1528276904.561225 0.10682 0.109082 1.09049
-1 1528276904.568819 0.106728 0.109136 1.09046
-1 1528276904.576940 0.106641 0.109178 1.09043
-1 1528276904.583710 0.106551 0.10921 1.0904
-1 1528276904.594967 0.10645 0.109243 1.09036
-1 1528276904.602269 0.10634 0.109277 1.09031
-1 1528276904.610319 0.106282 0.109294 1.09029
-1 1528276904.619404 0.106106 0.109333 1.09021
-1 1528276904.630466 0.106049 0.109344 1.09019
-1 1528276904.637797 0.105886 0.109384 1.09011
-1 1528276904.645799 0.105782 0.109435 1.09006
-1 1528276904.653571 0.105678 0.1095 1.09001
-1 1528276904.659622 0.105582 0.109573 1.08995
-1 1528276904.664283 0.105535 0.109611 1.08993
-1 1528276904.673829 0.105439 0.10969 1.08988
-1 1528276904.677186 0.105388 0.109732 1.08985
-1 1528276904.681439 0.105338 0.109771 1.08983
-1 1528276904.686056 0.105286 0.109807 1.08981
-1 1528276904.694696 0.105187 0.109867 1.08976
-1 1528276904.700738 0.105102 0.109914 1.08972
-1 1528276904.706145 0.105062 0.109931 1.0897
-1 1528276904.718171 0.104985 0.109953 1.08966
-1 1528276904.725761 0.104867 0.109964 1.0896
-1 1528276904.735963 0.10476 0.109938 1.08954
-1 1528276904.744038 0.104727 0.109927 1.08953
-1 1528276904.749600 0.104693 0.109916 1.08951
-1 1528276904.755681 0.10462 0.1099 1.08949
-1 1528276904.764131 0.104543 0.109892 1.08946
-1 1528276904.775424 0.104462 0.109889 1.08943
-1 1528276904.783118 0.104387 0.109897 1.0894
-1 1528276904.791080 0.104311 0.109913 1.08937
-1 1528276904.798810 0.104235 0.109929 1.08934
-1 1528276904.805717 0.104199 0.109933 1.08932
-1 1528276904.811186 0.104137 0.109935 1.08928
-1 1528276904.820095 0.104084 0.109937 1.08923
-1 1528276904.827555 0.10404 0.109938 1.08919
-1 1528276904.835952 0.104008 0.109937 1.08914
-1 1528276904.841336 0.103996 0.109936 1.08911
-1 1528276904.847536 0.103974 0.109938 1.08906
-1 1528276904.854677 0.103962 0.109937 1.08903
-1 1528276904.860439 0.103935 0.109922 1.08897
-1 1528276904.866833 0.10392 0.109908 1.08894
-1 1528276904.871900 0.103894 0.109858 1.08887
-1 1528276904.878439 0.103882 0.10982 1.08883
-1 1528276904.884012 0.103859 0.109729 1.08876
-1 1528276904.888488 0.103845 0.109686 1.08872
-1 1528276904.894500 0.103831 0.109644 1.08868
-1 1528276904.903307 0.103807 0.109567 1.0886
-1 1528276904.910035 0.103791 0.109505 1.08852
-1 1528276904.919061 0.103782 0.109476 1.08843
-1 1528276904.924373 0.103783 0.109474 1.08838
-1 1528276904.939256 0.103796 0.109495 1.08829
-1 1528276904.944639 0.103833 0.109562 1.08814
-1 1528276904.952080 0.103848 0.109612 1.08805
-1 1528276904.966423 0.103856 0.10964 1.08791
-1 1528276904.974013 0.103875 0.109606 1.08781
-1 1528276904.982361 0.103913 0.109545 1.08771
-1 1528276904.989325 0.103966 0.109475 1.08761
-1 1528276904.998222 0.104028 0.10942 1.0875
-1 1528276905.006138 0.104091 0.109387 1.08739
-1 1528276905.014065 0.10415 0.109375 1.08728
-1 1528276905.020055 0.104177 0.109373 1.08722
-1 1528276905.026362 0.104225 0.109371 1.08709
-1 1528276905.040538 0.104244 0.109372 1.08703
-1 1528276905.051337 0.104313 0.109374 1.0867
-1 1528276905.056957 0.104326 0.109374 1.08663
-1 1528276905.066270 0.104353 0.109377 1.0865
-1 1528276905.075407 0.104381 0.109396 1.08636
-1 1528276905.083797 0.104415 0.109439 1.08622
-1 1528276905.090952 0.104481 0.109504 1.08607
-1 1528276905.099467 0.104567 0.109578 1.08591
-1 1528276905.103606 0.104615 0.109613 1.08582
-1 1528276905.106389 0.104661 0.109646 1.08574
-1 1528276905.111228 0.104708 0.109675 1.08566
-1 1528276905.116520 0.104752 0.109698 1.08558
-1 1528276905.123683 0.104794 0.109713 1.0855
-1 1528276905.131473 0.104867 0.10972 1.08535
-1 1528276905.141371 0.104986 0.109686 1.08513
-1 1528276905.149203 0.105054 0.109642 1.08499
-1 1528276905.156339 0.105111 0.109586 1.08484
-1 1528276905.168192 0.105163 0.109533 1.08471
-1 1528276905.180115 0.105211 0.109484 1.08458
-1 1528276905.188399 0.105248 0.109437 1.08446
-1 1528276905.197734 0.105296 0.10935 1.08429
-1 1528276905.202203 0.105314 0.109315 1.08423
-1 1528276905.209401 0.105351 0.109229 1.08412
-1 1528276905.216508 0.105392 0.109112 1.08401
-1 1528276905.220527 0.105415 0.109042 1.08396
-1 1528276905.227564 0.105441 0.108964 1.08391
-1 1528276905.232227 0.105492 0.108803 1.0838
-1 1528276905.237055 0.105518 0.108722 1.08375
-1 1528276905.252325 0.10559 0.108492 1.0836
-1 1528276905.256173 0.105637 0.108368 1.0835
-1 1528276905.264214 0.105686 0.108278 1.08341
-1 1528276905.271518 0.105713 0.108247 1.08336
-1 1528276905.275764 0.105763 0.108205 1.08327
-1 1528276905.278899 0.10579 0.108192 1.08322
-1 1528276905.287891 0.105847 0.108173 1.08313
-1 1528276905.296099 0.105917 0.108159 1.08303
-1 1528276905.303909 0.105995 0.10814 1.08293
-1 1528276905.308753 0.106036 0.108126 1.08288
-1 1528276905.312497 0.10608 0.108108 1.08283
-1 1528276905.316691 0.106124 0.108085 1.08277
-1 1528276905.326573 0.106213 0.108028 1.08265
-1 1528276905.333602 0.106301 0.107959 1.08252
-1 1528276905.346403 0.106395 0.107881 1.08238
-1 1528276905.357009 0.106565 0.107773 1.08213
-1 1528276905.365387 0.106737 0.107711 1.08185
-1 1528276905.375939 0.106799 0.107706 1.08176
-1 1528276905.381724 0.10692 0.107716 1.08155
-1 1528276905.388950 0.107038 0.107736 1.08133
-1 1528276905.392099 0.107095 0.107749 1.08121
-1 1528276905.395900 0.107151 0.10776 1.08108
-1 1528276905.404004 0.10721 0.107769 1.08095
-1 1528276905.410976 0.107325 0.107775 1.08067
-1 1528276905.419692 0.107439 0.107762 1.08035
-1 1528276905.429761 0.107559 0.107731 1.08
-1 1528276905.434776 0.107694 0.107705 1.07962
-1 1528276905.449159 0.107848 0.107688 1.0792
-1 1528276905.454457 0.108123 0.107702 1.0785
-1 1528276905.470807 0.108309 0.107788 1.078
-1 1528276905.474757 0.108399 0.10786 1.07775
-1 1528276905.481083 0.108576 0.108024 1.07722
-1 1528276905.484569 0.10867 0.108104 1.07696
-1 1528276905.488722 0.108767 0.108177 1.07668
-1 1528276905.496643 0.108969 0.108301 1.07613
-1 1528276905.501591 0.109071 0.108353 1.07585
-1 1528276905.508679 0.10926 0.108447 1.07527
-1 1528276905.513444 0.109346 0.108489 1.07497
-1 1528276905.521066 0.109486 0.108569 1.07437
-1 1528276905.524321 0.109546 0.108612 1.07407
-1 1528276905.533024 0.109673 0.108703 1.07345
-1 1528276905.540732 0.109816 0.108786 1.07283
-1 1528276905.548467 0.109967 0.108838 1.0722
-1 1528276905.557719 0.11004 0.108841 1.07188
-1 1528276905.561948 0.110143 0.10883 1.07123
-1 1528276905.571227 0.110209 0.108842 1.07058
-1 1528276905.576379 0.110244 0.108887 1.06993
-1 1528276905.581137 0.11027 0.108913 1.06961
-1 1528276905.588462 0.110343 0.108945 1.06896
-1 1528276905.599211 0.110436 0.108952 1.06831
-1 1528276905.608472 0.110537 0.108933 1.06766
-1 1528276905.615168 0.110642 0.108892 1.06701
-1 1528276905.623277 0.110735 0.108833 1.06637
-1 1528276905.629360 0.110809 0.108767 1.06571
-1 1528276905.635191 0.110837 0.108729 1.06537
-1 1528276905.643665 0.110881 0.108664 1.06469
-1 1528276905.651518 0.110923 0.108619 1.06399
-1 1528276905.662099 0.110963 0.108559 1.06326
-1 1528276905.667499 0.111015 0.108476 1.0625
-1 1528276905.674162 0.111038 0.108426 1.06211
-1 1528276905.676819 0.111059 0.108371 1.06171
-1 1528276905.681067 0.111076 0.108312 1.06131
-1 1528276905.685629 0.111091 0.108256 1.06091
-1 1528276905.693428 0.111144 0.108148 1.06011
-1 1528276905.702748 0.111231 0.108055 1.05931
-1 1528276905.706220 0.111289 0.108012 1.05891
-1 1528276905.709784 0.111358 0.107966 1.05852
-1 1528276905.719079 0.111508 0.107845 1.05774
-1 1528276905.725851 0.111645 0.107693 1.05698
-1 1528276905.729813 0.111708 0.107612 1.0566
-1 1528276905.733114 0.111769 0.107529 1.05622
-1 1528276905.745266 0.111966 0.107304 1.05507
-1 1528276905.752948 0.112026 0.107249 1.05468
-1 1528276905.758245 0.112117 0.107185 1.05395
-1 1528276905.766778 0.112192 0.107193 1.05325
-1 1528276905.770093 0.112223 0.10721 1.05291
-1 1528276905.775800 0.112246 0.107228 1.05256
-1 1528276905.781811 0.112278 0.107274 1.05189
-1 1528276905.794213 0.112291 0.107305 1.05122
-1 1528276905.800387 0.112256 0.1073 1.05054
-1 1528276905.808319 0.112152 0.107266 1.04988
-1 1528276905.814864 0.112045 0.107226 1.04924
-1 1528276905.823616 0.112001 0.107195 1.04892
-1 1528276905.831157 0.111951 0.107107 1.04831
-1 1528276905.835771 0.111949 0.107053 1.04801
-1 1528276905.841960 0.111988 0.106945 1.04742
-1 1528276905.845358 0.112031 0.106898 1.04712
-1 1528276905.857538 0.112077 0.106856 1.04682
-1 1528276905.862167 0.112166 0.106824 1.04623
-1 1528276905.869257 0.112262 0.10685 1.04562
-1 1528276905.879118 0.112363 0.10689 1.04497
-1 1528276905.884279 0.112453 0.106926 1.04428
-1 1528276905.891631 0.112547 0.106963 1.04356
-1 1528276905.893920 0.112615 0.106976 1.0432
-1 1528276905.900816 0.112696 0.106985 1.04283
-1 1528276905.904622 0.112783 0.10699 1.04246
-1 1528276905.913236 0.112957 0.106987 1.04169
-1 1528276905.922502 0.113156 0.106959 1.04089
-1 1528276905.927588 0.113371 0.106923 1.04007
-1 1528276905.933527 0.113479 0.106903 1.03964
-1 1528276905.943329 0.113692 0.106857 1.03876
-1 1528276905.950138 0.113908 0.106803 1.03784
-1 1528276905.973667 0.114498 0.10662 1.03532
-1 1528276905.980288 0.114731 0.106561 1.03425
-1 1528276905.988794 0.114981 0.106501 1.03314
-1 1528276905.995752 0.11525 0.106435 1.03202
-1 1528276906.005183 0.115395 0.106382 1.03145
-1 1528276906.011190 0.115703 0.106268 1.03031
-1 1528276906.019842 0.116021 0.10614 1.02916
-1 1528276906.027200 0.116343 0.106001 1.02798
-1 1528276906.032670 0.1165 0.105925 1.02738
-1 1528276906.038242 0.116655 0.105867 1.02678
-1 1528276906.044899 0.116967 0.105718 1.02557
-1 1528276906.047985 0.117129 0.105644 1.02496
-1 1528276906.055631 0.117441 0.105512 1.02373
-1 1528276906.064420 0.117727 0.105398 1.02249
-1 1528276906.072097 0.118003 0.105316 1.02123
-1 1528276906.079332 0.118265 0.105229 1.01996
-1 1528276906.089739 0.118509 0.10516 1.01868
-1 1528276906.095943 0.118771 0.105119 1.01743
-1 1528276906.100546 0.118912 0.105099 1.01681
-1 1528276906.107775 0.119057 0.105077 1.01619
-1 1528276906.112097 0.119339 0.105026 1.01497
-1 1528276906.119568 0.119482 0.104993 1.01435
-1 1528276906.124420 0.11962 0.104959 1.01374
-1 1528276906.132120 0.11986 0.10491 1.01253
-1 1528276906.136426 0.119965 0.104887 1.01192
-1 1528276906.140417 0.120068 0.104863 1.0113
-1 1528276906.152404 0.120408 0.10478 1.00951
-1 1528276906.162626 0.120698 0.10469 1.00835
-1 1528276906.168400 0.121018 0.104561 1.00722
-1 1528276906.175869 0.121324 0.1044 1.0061
-1 1528276906.179857 0.121475 0.104305 1.00553
-1 1528276906.183828 0.121622 0.104204 1.00497
-1 1528276906.187211 0.121769 0.104099 1.00441
-1 1528276906.193394 0.121918 0.103974 1.00384
-1 1528276906.201888 0.122246 0.103688 1.00271
-1 1528276906.212116 0.122599 0.103413 1.00159
-1 1528276906.216678 0.122956 0.103163 1.00047
-1 1528276906.223378 0.123135 0.10304 0.999893
-1 1528276906.228175 0.12348 0.102825 0.998744
-1 1528276906.232559 0.123633 0.102743 0.998173
-1 1528276906.245328 0.123922 0.102586 0.997035
-1 1528276906.250913 0.124259 0.102413 0.995894
-1 1528276906.254795 0.124436 0.10232 0.995328
-1 1528276906.259839 0.12461 0.102231 0.994771
-1 1528276906.268219 0.124964 0.102068 0.993676
-1 1528276906.275368 0.125137 0.101994 0.993127
-1 1528276906.285836 0.125455 0.101881 0.992034
-1 1528276906.290017 0.125745 0.101809 0.990959
-1 1528276906.300090 0.126014 0.101741 0.989905
-1 1528276906.307005 0.126141 0.101705 0.989394
-1 1528276906.312432 0.126385 0.101624 0.988408
-1 1528276906.321421 0.126625 0.101529 0.987463
-1 1528276906.329063 0.12686 0.101444 0.9866
-1 1528276906.332376 0.126971 0.101403 0.986192
-1 1528276906.336101 0.127075 0.10136 0.9858
-1 1528276906.344282 0.127256 0.101278 0.98506
-1 1528276906.348891 0.127333 0.101244 0.984716
-1 1528276906.356568 0.127473 0.101195 0.98408
-1 1528276906.369550 0.127587 0.101164 0.98352
-1 1528276906.377689 0.127736 0.101137 0.982852
-1 1528276906.384383 0.127826 0.101127 0.982528
-1 1528276906.393980 0.127901 0.101104 0.982303
-1 1528276906.404401 0.127963 0.101065 0.982188
-1 1528276906.410208 0.128022 0.101007 0.982193
-1 1528276906.419837 0.12807 0.100941 0.982318
-1 1528276906.423747 0.128089 0.100909 0.982426
-1 1528276906.426649 0.128105 0.100877 0.982564
-1 1528276906.432801 0.128119 0.100846 0.982732
-1 1528276906.441287 0.128139 0.100793 0.983162
-1 1528276906.448767 0.128155 0.100745 0.983716
-1 1528276906.462692 0.128156 0.100718 0.984776
-1 1528276906.470567 0.128148 0.100722 0.985187
-1 1528276906.475438 0.128121 0.100746 0.986092
-1 1528276906.483348 0.128087 0.100793 0.987105
-1 1528276906.489934 0.128047 0.100855 0.988225
-1 1528276906.498961 0.127999 0.100927 0.989457
-1 1528276906.507925 0.127935 0.10099 0.990794
-1 1528276906.513942 0.127859 0.10104 0.992231
-1 1528276906.516717 0.127821 0.101063 0.992985
-1 1528276906.521101 0.127783 0.101086 0.99376
-1 1528276906.529117 0.127703 0.101132 0.995364
-1 1528276906.532751 0.127658 0.101156 0.996192
-1 1528276906.545461 0.127559 0.10121 0.997893
-1 1528276906.551692 0.127442 0.101259 0.999646
-1 1528276906.557788 0.127379 0.10128 1.00054
-1 1528276906.564140 0.127261 0.101327 1.00237
-1 1528276906.575028 0.127129 0.101389 1.00423
-1 1528276906.582971 0.126964 0.101458 1.00612
-1 1528276906.586454 0.126875 0.101498 1.00707
-1 1528276906.591030 0.126784 0.101542 1.00804
-1 1528276906.599044 0.126597 0.101628 1.00997
-1 1528276906.606773 0.126405 0.101714 1.01191
-1 1528276906.613617 0.126208 0.101807 1.01385
-1 1528276906.618697 0.126113 0.101852 1.01482
-1 1528276906.625435 0.125923 0.101922 1.01676
-1 1528276906.633442 0.125729 0.101973 1.01867
-1 1528276906.637516 0.125633 0.101995 1.01962
-1 1528276906.644815 0.125441 0.102028 1.0215
-1 1528276906.652408 0.125341 0.102038 1.02243
-1 1528276906.658724 0.125135 0.102054 1.02426
-1 1528276906.662791 0.125027 0.102065 1.02517
-1 1528276906.666161 0.12492 0.102076 1.02606
-1 1528276906.670342 0.124811 0.102086 1.02694
-1 1528276906.678468 0.124592 0.102091 1.02867
-1 1528276906.682523 0.124486 0.102089 1.02953
-1 1528276906.694489 0.12428 0.102079 1.0312
-1 1528276906.703890 0.124063 0.102074 1.03282
-1 1528276906.709487 0.123855 0.102071 1.03441
-1 1528276906.717854 0.123648 0.102051 1.03594
-1 1528276906.725446 0.123543 0.102038 1.03669
-1 1528276906.729039 0.123439 0.102029 1.03744
-1 1528276906.737017 0.123216 0.102014 1.03891
-1 1528276906.740623 0.123104 0.102006 1.03964
-1 1528276906.745877 0.122996 0.101999 1.04036
-1 1528276906.754007 0.122795 0.101995 1.0418
-1 1528276906.762026 0.122602 0.101998 1.04324
-1 1528276906.766487 0.12251 0.101995 1.04396
-1 1528276906.770072 0.122428 0.101989 1.04468
-1 1528276906.777743 0.122379 0.101979 1.04539
-1 1528276906.782683 0.122275 0.101959 1.04683
-1 1528276906.787718 0.122221 0.101952 1.04756
-1 1528276906.795135 0.12212 0.101922 1.04901
-1 1528276906.799072 0.122057 0.101884 1.04974
-1 1528276906.808652 0.121894 0.101772 1.05121
-1 1528276906.814228 0.121725 0.101633 1.0527
-1 1528276906.825775 0.121644 0.101564 1.05344
-1 1528276906.834585 0.121298 0.101272 1.05643
-1 1528276906.843624 0.12107 0.101122 1.05791
-1 1528276906.850980 0.120768 0.100974 1.05936
-1 1528276906.855470 0.120588 0.100909 1.06009
-1 1528276906.865615 0.120201 0.100791 1.06153
-1 1528276906.874403 0.119808 0.100687 1.06294
-1 1528276906.881516 0.119422 0.100616 1.06439
-1 1528276906.890855 0.119238 0.100603 1.06512
-1 1528276906.896737 0.118717 0.100686 1.0673
-1 1528276906.901349 0.118548 0.100745 1.06801
-1 1528276906.908119 0.118219 0.100896 1.06939
-1 1528276906.916114 0.117912 0.101097 1.0707
-1 1528276906.919978 0.117767 0.101212 1.07132
-1 1528276906.928427 0.117455 0.101449 1.07249
-1 1528276906.933814 0.117278 0.101557 1.07304
-1 1528276906.942899 0.116915 0.101756 1.07406
-1 1528276906.950510 0.116558 0.101929 1.07498
-1 1528276906.959779 0.116231 0.10209 1.0758
-1 1528276906.967833 0.115916 0.102267 1.07652
-1 1528276906.977099 0.115616 0.102428 1.07716
-1 1528276906.985909 0.11519 0.10263 1.078
-1 1528276906.995255 0.115066 0.10269 1.07825
-1 1528276907.005319 0.114772 0.102847 1.07895
-1 1528276907.008328 0.114706 0.102887 1.07917
-1 1528276907.012867 0.114654 0.102928 1.07937
-1 1528276907.028916 0.114589 0.103056 1.07996
-1 1528276907.034335 0.114584 0.103115 1.08032
-1 1528276907.038182 0.114575 0.103127 1.0805
-1 1528276907.052817 0.11456 0.103093 1.08097
-1 1528276907.058655 0.114581 0.103074 1.08111
-1 1528276907.064032 0.114665 0.103039 1.08137
-1 1528276907.071968 0.114767 0.103007 1.0816
-1 1528276907.078812 0.114879 0.102987 1.0818
-1 1528276907.086698 0.114985 0.102951 1.08198
-1 1528276907.103977 0.115108 0.102856 1.0822
-1 1528276907.112281 0.115188 0.102817 1.08234
-1 1528276907.129224 0.115351 0.102776 1.08252
-1 1528276907.143741 0.115616 0.102869 1.0825
-1 1528276907.147269 0.115649 0.102894 1.08254
-1 1528276907.156891 0.115675 0.102939 1.08262
-1 1528276907.165303 0.115683 0.102944 1.08269
-1 1528276907.176035 0.115684 0.102903 1.08275
-1 1528276907.180659 0.115691 0.102833 1.08281
-1 1528276907.188757 0.115715 0.102753 1.08285
-1 1528276907.192832 0.11573 0.102713 1.08287
-1 1528276907.204861 0.115761 0.102633 1.0829
-1 1528276907.212123 0.115799 0.102551 1.08293
-1 1528276907.219407 0.115857 0.102476 1.08295
-1 1528276907.224731 0.115895 0.102442 1.08296
-1 1528276907.232548 0.115991 0.10239 1.08297
-1 1528276907.238733 0.116114 0.102354 1.08297
-1 1528276907.243623 0.116188 0.102339 1.08297
-1 1528276907.247283 0.116267 0.102331 1.08296
-1 1528276907.250988 0.11635 0.102328 1.08296
-1 1528276907.256473 0.116437 0.102332 1.08295
-1 1528276907.263310 0.116606 0.102334 1.08293
-1 1528276907.268019 0.116686 0.102343 1.08291
-1 1528276907.274897 0.116843 0.102386 1.08288
-1 1528276907.279621 0.116921 0.102413 1.08286
-1 1528276907.292408 0.117076 0.102461 1.08282
-1 1528276907.300464 0.117292 0.102536 1.08277
-1 1528276907.307370 0.117416 0.102604 1.08274
-1 1528276907.310773 0.117475 0.10265 1.08273
-1 1528276907.314760 0.117535 0.102705 1.08272
-1 1528276907.324558 0.117598 0.102766 1.08271
-1 1528276907.330768 0.117723 0.102899 1.0827
-1 1528276907.336380 0.117788 0.102971 1.08269
-1 1528276907.342886 0.117933 0.103106 1.08269
-1 1528276907.347254 0.118011 0.10319 1.08268
-1 1528276907.351070 0.118092 0.103264 1.08268
-1 1528276907.354934 0.118172 0.103345 1.08268
-1 1528276907.361199 0.118251 0.103425 1.08268
-1 1528276907.367370 0.118401 0.103585 1.08267
-1 1528276907.375305 0.118542 0.103744 1.08267
-1 1528276907.379046 0.118608 0.103823 1.08266
-1 1528276907.384452 0.118674 0.1039 1.08266
-1 1528276907.391786 0.118735 0.103975 1.08265
-1 1528276907.396374 0.118851 0.104105 1.08263
-1 1528276907.402618 0.118908 0.104161 1.08262
-1 1528276907.408422 0.118967 0.104209 1.08261
-1 1528276907.411618 0.119029 0.104255 1.0826
-1 1528276907.415415 0.119095 0.1043 1.08259
-1 1528276907.420146 0.119167 0.104346 1.08258
-1 1528276907.426777 0.119313 0.104444 1.08256
-1 1528276907.435064 0.119457 0.104553 1.08255
-1 1528276907.438898 0.119525 0.104607 1.08254
-1 1528276907.446144 0.119589 0.104659 1.08254
-1 1528276907.452173 0.119707 0.104754 1.08253
-1 1528276907.460361 0.119819 0.104839 1.08252
-1 1528276907.478576 0.119983 0.104965 1.08252
-1 1528276907.504455 0.120343 0.105319 1.0825
-1 1528276907.522049 0.12049 0.105493 1.0825
-1 1528276907.528436 0.120568 0.105553 1.0825
-1 1528276907.534026 0.120608 0.105575 1.08251
-1 1528276907.541914 0.120678 0.105612 1.08251
-1 1528276907.544491 0.120715 0.105629 1.08252
-1 1528276907.551072 0.120753 0.105647 1.08252
-1 1528276907.556078 0.120826 0.105691 1.08252
-1 1528276907.561959 0.120862 0.105716 1.08252
-1 1528276907.569211 0.120933 0.105776 1.08252
-1 1528276907.581612 0.121004 0.10585 1.08252
-1 1528276907.587511 0.121119 0.10598 1.0825
-1 1528276907.595423 0.121161 0.106027 1.08249
-1 1528276907.600882 0.121244 0.106121 1.08248
-1 1528276907.607100 0.12128 0.106167 1.08248
-1 1528276907.612454 0.121348 0.106253 1.08247
-1 1528276907.617938 0.12138 0.106293 1.08247
-1 1528276907.624998 0.12141 0.106331 1.08247
-1 1528276907.631259 0.121454 0.106392 1.08246
-1 1528276907.637742 0.12147 0.106415 1.08246
-1 1528276907.647930 0.121516 0.106471 1.08245
-1 1528276907.654887 0.121537 0.106488 1.08245
-1 1528276907.663308 0.121582 0.106527 1.08244
-1 1528276907.669924 0.121621 0.10657 1.08242
-1 1528276907.679729 0.121666 0.106621 1.08241
-1 1528276907.689725 0.121755 0.106708 1.08237
-1 1528276907.698453 0.121792 0.106734 1.08236
-1 1528276907.702326 0.121866 0.106785 1.08233
-1 1528276907.709515 0.121902 0.106808 1.08232
-1 1528276907.715608 0.121968 0.106853 1.08229
-1 1528276907.724685 0.122023 0.106888 1.08226
-1 1528276907.733251 0.122067 0.106914 1.08223
-1 1528276907.738630 0.122095 0.106935 1.0822
-1 1528276907.746257 0.122108 0.106944 1.08218
-1 1528276907.758890 0.122139 0.106949 1.08215
-1 1528276907.763519 0.122196 0.106969 1.08209
-1 1528276907.777086 0.122236 0.106995 1.08205
-1 1528276907.783784 0.122271 0.107028 1.08201
-1 1528276907.790779 0.122306 0.107067 1.08197
-1 1528276907.801055 0.122339 0.107106 1.08192
-1 1528276907.806418 0.122354 0.107126 1.0819
-1 1528276907.813658 0.122386 0.107167 1.08185
-1 1528276907.820437 0.122411 0.10721 1.0818
-1 1528276907.830754 0.122429 0.107252 1.08175
-1 1528276907.836985 0.122445 0.107296 1.0817
-1 1528276907.845230 0.122464 0.107339 1.08165
-1 1528276907.852859 0.122488 0.107387 1.0816
-1 1528276907.859374 0.122516 0.107438 1.08155
-1 1528276907.867529 0.122542 0.107491 1.08149
-1 1528276907.871257 0.122556 0.107512 1.08147
-1 1528276907.875485 0.122571 0.107529 1.08144
-1 1528276907.879012 0.122586 0.107543 1.08141
-1 1528276907.888584 0.122613 0.107568 1.08134
-1 1528276907.894557 0.122625 0.107579 1.08131
-1 1528276907.903787 0.122634 0.107588 1.08128
-1 1528276907.909866 0.122646 0.107602 1.08118
-1 1528276907.919129 0.122643 0.107606 1.08112
-1 1528276907.922949 0.122639 0.107605 1.08109
-1 1528276907.931854 0.122628 0.107599 1.08102
-1 1528276907.938622 0.122615 0.107597 1.08096
-1 1528276907.948460 0.122608 0.1076 1.0809
-1 1528276907.955791 0.122607 0.107604 1.08087
-1 1528276907.962553 0.122612 0.107609 1.0808
-1 1528276907.970730 0.122614 0.107609 1.08077
-1 1528276907.974976 0.122621 0.107606 1.0807
-1 1528276907.982104 0.12263 0.1076 1.08063
-1 1528276907.989845 0.122642 0.107594 1.08057
-1 1528276907.993401 0.122649 0.107591 1.08053
-1 1528276908.003202 0.122655 0.107588 1.0805
-1 1528276908.011521 0.122668 0.107577 1.08041
-1 1528276908.018471 0.122674 0.10756 1.08035
-1 1528276908.021797 0.122677 0.107551 1.08032
-1 1528276908.030871 0.122679 0.107535 1.08026
-1 1528276908.038464 0.122683 0.107524 1.08019
-1 1528276908.045619 0.122684 0.107521 1.08016
-1 1528276908.052767 0.122686 0.107519 1.0801
-1 1528276908.061921 0.122688 0.107522 1.08004
-1 1528276908.067082 0.122695 0.107525 1.07997
-1 1528276908.072944 0.122698 0.107527 1.07994
-1 1528276908.077283 0.122703 0.107529 1.07991
-1 1528276908.085587 0.122717 0.107538 1.07985
-1 1528276908.092524 0.122731 0.107549 1.0798
-1 1528276908.097248 0.122737 0.107557 1.07977
-1 1528276908.105649 0.122741 0.107568 1.07975
-1 1528276908.115221 0.122744 0.107617 1.07968
-1 1528276908.120863 0.122743 0.107649 1.07964
-1 1528276908.125150 0.122746 0.107663 1.07962
-1 1528276908.130479 0.12275 0.107677 1.0796
-1 1528276908.136410 0.122757 0.107688 1.07958
-1 1528276908.142158 0.122777 0.107708 1.07954
-1 1528276908.146915 0.122785 0.10772 1.07952
-1 1528276908.152119 0.122794 0.107733 1.0795
-1 1528276908.156926 0.122803 0.107748 1.07948
-1 1528276908.165281 0.122821 0.10778 1.07944
-1 1528276908.171923 0.122835 0.107813 1.0794
-1 1528276908.177413 0.12284 0.10783 1.07938
-1 1528276908.183324 0.122848 0.107863 1.07934
-1 1528276908.187944 0.122851 0.107879 1.07932
-1 1528276908.195484 0.122853 0.107894 1.0793
-1 1528276908.203147 0.122857 0.107916 1.07927
-1 1528276908.214644 0.122873 0.107948 1.07922
-1 1528276908.224889 0.122879 0.107966 1.07918
-1 1528276908.231788 0.122875 0.107978 1.07915
-1 1528276908.238855 0.122867 0.107985 1.07912
-1 1528276908.244356 0.122865 0.107986 1.0791
-1 1528276908.255005 0.122863 0.107984 1.07907
-1 1528276908.262216 0.122859 0.107973 1.07904
-1 1528276908.269469 0.122859 0.107965 1.07903
-1 1528276908.274238 0.122868 0.107944 1.07899
-1 1528276908.282048 0.122879 0.107931 1.07898
-1 1528276908.286188 0.12291 0.107896 1.07894
-1 1528276908.290307 0.122927 0.107875 1.07893
-1 1528276908.300897 0.122943 0.107855 1.07891
-1 1528276908.312620 0.12298 0.107798 1.07887
-1 1528276908.318221 0.123002 0.107756 1.07882
-1 1528276908.326271 0.123015 0.107741 1.07879
-1 1528276908.329767 0.123019 0.10774 1.07877
-1 1528276908.333778 0.123027 0.107742 1.07875
-1 1528276908.348434 0.123071 0.107757 1.07869
-1 1528276908.355344 0.123104 0.10777 1.07865
-1 1528276908.363960 0.123139 0.107778 1.07861
-1 1528276908.374304 0.123179 0.107783 1.07856
-1 1528276908.379994 0.123228 0.107795 1.07851
-1 1528276908.386181 0.123256 0.107803 1.07849
-1 1528276908.394552 0.123313 0.107821 1.07844
-1 1528276908.404179 0.123373 0.107838 1.07839
-1 1528276908.416688 0.123427 0.107855 1.07834
-1 1528276908.419905 0.123474 0.107873 1.07828
-1 1528276908.431871 0.123544 0.107897 1.07821
-1 1528276908.440285 0.123593 0.107914 1.07816
-1 1528276908.449942 0.12364 0.107933 1.07811
-1 1528276908.457999 0.123682 0.107943 1.07806
-1 1528276908.462947 0.123699 0.107944 1.07804
-1 1528276908.485545 0.123715 0.107943 1.07801
-1 1528276908.492043 0.123736 0.107931 1.07797
-1 1528276908.495542 0.123747 0.107921 1.07795
-1 1528276908.501565 0.123758 0.10791 1.07792
-1 1528276908.509540 0.123783 0.10789 1.07788
-1 1528276908.516212 0.123813 0.107866 1.07783
-1 1528276908.524276 0.123859 0.107821 1.07778
-1 1528276908.532927 0.12388 0.107786 1.07774
-1 1528276908.539065 0.1239 0.107748 1.07771
-1 1528276908.547232 0.12393 0.107714 1.07769
-1 1528276908.554232 0.123982 0.107691 1.07766
-1 1528276908.560849 0.124025 0.107674 1.07763
-1 1528276908.564219 0.124043 0.107667 1.07762
-1 1528276908.568943 0.124058 0.107662 1.0776
-1 1528276908.575997 0.124088 0.107659 1.07757
-1 1528276908.579206 0.124105 0.107655 1.07756
-1 1528276908.586970 0.124141 0.107645 1.07753
-1 1528276908.594697 0.12418 0.107639 1.0775
-1 1528276908.605217 0.124223 0.107634 1.07747
-1 1528276908.608769 0.124265 0.107632 1.07744
-1 1528276908.617788 0.124306 0.107633 1.07741
-1 1528276908.625583 0.124341 0.107634 1.07739
-1 1528276908.634255 0.124385 0.107634 1.07736
-1 1528276908.643477 0.124414 0.107634 1.07734
-1 1528276908.645805 0.124428 0.107635 1.07732
-1 1528276908.653001 0.12446 0.107641 1.0773
-1 1528276908.657228 0.124476 0.107645 1.07728
-1 1528276908.663178 0.124492 0.107648 1.07727
-1 1528276908.671770 0.124518 0.107654 1.07723
-1 1528276908.678558 0.124535 0.107661 1.0772
-1 1528276908.687127 0.124552 0.107664 1.07716
-1 1528276908.692895 0.124568 0.107665 1.07713
-1 1528276908.702861 0.124576 0.107666 1.07711
-1 1528276908.709748 0.124593 0.107667 1.07708
-1 1528276908.713520 0.124601 0.107667 1.07707
-1 1528276908.724683 0.12462 0.107663 1.07702
-1 1528276908.732378 0.124626 0.107656 1.077
-1 1528276908.737394 0.124637 0.107631 1.07697
-1 1528276908.743448 0.124658 0.107592 1.07693
-1 1528276908.751223 0.124666 0.107569 1.07691
-1 1528276908.755601 0.124672 0.107545 1.07689
-1 1528276908.758299 0.124678 0.107521 1.07687
-1 1528276908.762347 0.124681 0.107496 1.07685
-1 1528276908.770193 0.124684 0.107449 1.0768
-1 1528276908.777689 0.12468 0.107399 1.07676
-1 1528276908.786940 0.124668 0.10734 1.07671
-1 1528276908.793313 0.124663 0.10731 1.07668
-1 1528276908.796821 0.12466 0.107281 1.07666
-1 1528276908.803574 0.124661 0.107221 1.07662
-1 1528276908.809656 0.124664 0.107191 1.0766
-1 1528276908.814486 0.124672 0.107127 1.07656
-1 1528276908.824236 0.124673 0.107095 1.07654
-1 1528276908.829701 0.12468 0.107034 1.07651
-1 1528276908.837316 0.124686 0.106977 1.07647
-1 1528276908.840744 0.124687 0.106949 1.07645
-1 1528276908.846095 0.124682 0.106919 1.07643
-1 1528276908.853381 0.124676 0.106888 1.07641
-1 1528276908.859982 0.124657 0.10682 1.07637
-1 1528276908.864139 0.124647 0.106784 1.07635
-1 1528276908.867456 0.124637 0.106749 1.07633
-1 1528276908.874719 0.124614 0.106684 1.07628
-1 1528276908.878435 0.124603 0.106653 1.07626
-1 1528276908.882931 0.124593 0.106624 1.07623
-1 1528276908.886787 0.124584 0.106596 1.07621
-1 1528276908.896641 0.124565 0.106539 1.07616
-1 1528276908.899791 0.124556 0.106509 1.07614
-1 1528276908.903764 0.124544 0.10648 1.07612
-1 1528276908.912629 0.124519 0.106424 1.07607
-1 1528276908.920315 0.124496 0.106368 1.07603
-1 1528276908.931266 0.124474 0.106294 1.07595
-1 1528276908.942681 0.124468 0.106266 1.07589
-1 1528276908.946550 0.124466 0.106259 1.07586
-1 1528276908.955082 0.124463 0.106244 1.0758
-1 1528276908.961430 0.124447 0.106213 1.07572
-1 1528276908.974549 0.124408 0.106165 1.07565
-1 1528276908.979420 0.124346 0.106098 1.07558
-1 1528276908.983096 0.124301 0.10606 1.07554
-1 1528276908.989718 0.124247 0.106017 1.07551
-1 1528276908.994434 0.124113 0.105915 1.07545
-1 1528276909.003193 0.124034 0.105855 1.07543
-1 1528276909.008222 0.123952 0.10579 1.0754
-1 1528276909.043173 0.123495 0.105362 1.07526
-1 1528276909.049940 0.123311 0.105132 1.07517
-1 1528276909.058038 0.123209 0.104983 1.0751
-1 1528276909.064554 0.12316 0.10491 1.07506
-1 1528276909.068197 0.123107 0.104836 1.07502
-1 1528276909.072112 0.123051 0.104762 1.07498
-1 1528276909.079880 0.12293 0.104612 1.07491
-1 1528276909.087774 0.122796 0.104462 1.07484
-1 1528276909.091504 0.122726 0.104384 1.07481
-1 1528276909.095578 0.122656 0.104303 1.07479
-1 1528276909.107409 0.122515 0.104139 1.07474
-1 1528276909.118029 0.122302 0.103898 1.07468
-1 1528276909.122740 0.122162 0.103741 1.07464
-1 1528276909.130847 0.122095 0.103665 1.07462
-1 1528276909.135519 0.121972 0.103517 1.07458
-1 1528276909.141727 0.121917 0.103447 1.07456
-1 1528276909.149317 0.121814 0.103307 1.07451
-1 1528276909.154922 0.121711 0.103181 1.07447
-1 1528276909.164107 0.121605 0.103075 1.07443
-1 1528276909.168092 0.121552 0.103026 1.07441
-1 1528276909.172622 0.121497 0.10298 1.0744
-1 1528276909.179670 0.121384 0.102891 1.07436
-1 1528276909.187715 0.121271 0.102804 1.07432
-1 1528276909.196317 0.121158 0.102734 1.07428
-1 1528276909.203624 0.121043 0.102684 1.07425
-1 1528276909.209031 0.120983 0.102663 1.07423
-1 1528276909.221603 0.12086 0.102624 1.0742
-1 1528276909.230992 0.120673 0.102575 1.07415
-1 1528276909.235670 0.120565 0.102557 1.07412
-1 1528276909.244292 0.120466 0.102549 1.07408
-1 1528276909.248688 0.120422 0.102546 1.07406
-1 1528276909.258029 0.120333 0.102543 1.07401
-1 1528276909.265189 0.12024 0.102537 1.07396
-1 1528276909.273527 0.120143 0.102532 1.07392
-1 1528276909.278172 0.120093 0.102531 1.07389
-1 1528276909.287555 0.119988 0.102535 1.07384
-1 1528276909.297706 0.119884 0.10254 1.0738
-1 1528276909.303140 0.119784 0.102538 1.07375
-1 1528276909.309716 0.119689 0.102523 1.07371
-1 1528276909.325502 0.119594 0.102492 1.07366
-1 1528276909.329870 0.119497 0.102452 1.07361
-1 1528276909.338288 0.119394 0.102423 1.07357
-1 1528276909.345897 0.119345 0.102417 1.07355
-1 1528276909.351834 0.119266 0.102416 1.0735
-1 1528276909.360312 0.119187 0.102424 1.07345
-1 1528276909.368149 0.119117 0.102433 1.07339
-1 1528276909.375877 0.119055 0.102446 1.07334
-1 1528276909.384119 0.118999 0.102463 1.07329
-1 1528276909.386637 0.118972 0.10247 1.07326
-1 1528276909.393699 0.118942 0.102477 1.07323
-1 1528276909.399502 0.118883 0.102488 1.07317
-1 1528276909.405348 0.118853 0.102493 1.07314
-1 1528276909.414537 0.118787 0.1025 1.07308
-1 1528276909.422545 0.118713 0.1025 1.07302
-1 1528276909.429983 0.118633 0.102484 1.07296
-1 1528276909.437268 0.118545 0.102455 1.0729
-1 1528276909.445048 0.118457 0.102427 1.07284
-1 1528276909.454673 0.118367 0.102407 1.07278
-1 1528276909.461371 0.118279 0.102391 1.07272
-1 1528276909.468120 0.118234 0.102383 1.07269
-1 1528276909.475115 0.118141 0.102364 1.07264
-1 1528276909.478257 0.118095 0.102356 1.07261
-1 1528276909.482716 0.118051 0.102348 1.07258
-1 1528276909.487318 0.118009 0.102341 1.07256
-1 1528276909.497376 0.117936 0.102334 1.0725
-1 1528276909.505184 0.117867 0.102335 1.07244
-1 1528276909.513230 0.117805 0.102344 1.07237
-1 1528276909.522089 0.117743 0.102354 1.0723
-1 1528276909.528990 0.117672 0.102348 1.07224
-1 1528276909.534925 0.117638 0.102334 1.07221
-1 1528276909.545606 0.117553 0.102262 1.0721
-1 1528276909.553584 0.1175 0.102185 1.07202
-1 1528276909.559505 0.11745 0.1021 1.07194
-1 1528276909.566010 0.117426 0.102058 1.0719
-1 1528276909.573771 0.117386 0.101984 1.07182
-1 1528276909.581342 0.117355 0.101927 1.07173
-1 1528276909.588500 0.117318 0.101883 1.07164
-1 1528276909.597919 0.117275 0.101841 1.07154
-1 1528276909.603894 0.11725 0.101821 1.07149
-1 1528276909.612513 0.117193 0.10178 1.0714
-1 1528276909.617118 0.117161 0.101757 1.07135
-1 1528276909.627690 0.117096 0.101703 1.07126
-1 1528276909.633712 0.117027 0.101638 1.07117
-1 1528276909.643547 0.116959 0.101566 1.07108
-1 1528276909.649453 0.116905 0.10148 1.07098
-1 1528276909.658424 0.116868 0.101391 1.07089
-1 1528276909.665737 0.116842 0.101302 1.0708
-1 1528276909.674275 0.116818 0.101211 1.07071
-1 1528276909.682974 0.116786 0.101128 1.07062
-1 1528276909.689506 0.116746 0.101056 1.07052
-1 1528276909.696623 0.116724 0.101025 1.07048
-1 1528276909.701108 0.116676 0.100967 1.07039
-1 1528276909.713825 0.116593 0.10089 1.07024
-1 1528276909.719407 0.116564 0.100866 1.07019
-1 1528276909.725965 0.116535 0.100842 1.07014
-1 1528276909.737384 0.116457 0.100775 1.07
-1 1528276909.744881 0.116413 0.100741 1.0699
-1 1528276909.748268 0.116392 0.100727 1.06985
-1 1528276909.756033 0.11637 0.100715 1.0698
-1 1528276909.765121 0.116327 0.100691 1.0697
-1 1528276909.769849 0.116294 0.100678 1.0696
-1 1528276909.778060 0.116256 0.100678 1.0695
-1 1528276909.785456 0.116237 0.100684 1.06945
-1 1528276909.792691 0.116203 0.100703 1.06935
-1 1528276909.799538 0.116181 0.100726 1.06924
-1 1528276909.807324 0.116159 0.100755 1.06912
-1 1528276909.816093 0.116136 0.100786 1.06899
-1 1528276909.823406 0.116116 0.100815 1.06887
-1 1528276909.827345 0.116113 0.100829 1.0688
-1 1528276909.834733 0.116114 0.100843 1.06873
-1 1528276909.848114 0.116131 0.100889 1.06852
-1 1528276909.858375 0.116168 0.100942 1.06824
-1 1528276909.866674 0.11619 0.100967 1.0681
-1 1528276909.872595 0.116205 0.100982 1.06803
-1 1528276909.880488 0.116236 0.101012 1.0679
-1 1528276909.884625 0.116249 0.101029 1.06784
-1 1528276909.889839 0.116258 0.101044 1.06777
-1 1528276909.896092 0.116271 0.101071 1.06764
-1 1528276909.902959 0.116274 0.101082 1.06758
-1 1528276909.910795 0.116276 0.101104 1.06744
-1 1528276909.920106 0.116272 0.101131 1.0673
-1 1528276909.929538 0.116266 0.101158 1.06714
-1 1528276909.935942 0.11626 0.101187 1.06699
-1 1528276909.942916 0.116257 0.101214 1.06683
-1 1528276909.954592 0.116283 0.101263 1.06659
-1 1528276909.961670 0.116294 0.101282 1.06651
-1 1528276909.967388 0.116304 0.101317 1.06635
-1 1528276909.975190 0.116296 0.101356 1.06619
-1 1528276909.979506 0.116285 0.101374 1.06611
-1 1528276909.986610 0.116256 0.101405 1.06595
-1 1528276909.995779 0.116241 0.101419 1.06587
-1 1528276910.003132 0.116216 0.101445 1.0657
-1 1528276910.011168 0.116183 0.101462 1.06553
-1 1528276910.018539 0.116134 0.101478 1.06536
-1 1528276910.023710 0.116103 0.101483 1.06527
-1 1528276910.026419 0.116068 0.101485 1.06519
-1 1528276910.030947 0.116034 0.101484 1.0651
-1 1528276910.037701 0.115998 0.10148 1.06502
-1 1528276910.044444 0.115925 0.101457 1.06484
-1 1528276910.053536 0.115854 0.101424 1.06467
-1 1528276910.060886 0.115782 0.101391 1.06449
-1 1528276910.069644 0.115698 0.10136 1.06432
-1 1528276910.078492 0.115609 0.101332 1.06413
-1 1528276910.088314 0.115514 0.101316 1.06395
-1 1528276910.093329 0.115416 0.101311 1.06377
-1 1528276910.100828 0.115372 0.101309 1.06367
-1 1528276910.105320 0.115288 0.101302 1.06349
-1 1528276910.111972 0.115247 0.101294 1.06339
-1 1528276910.114500 0.115202 0.101284 1.0633
-1 1528276910.123974 0.115105 0.101256 1.06312
-1 1528276910.129150 0.115002 0.101218 1.06293
-1 1528276910.154504 0.114947 0.101192 1.06284
-1 1528276910.160369 0.114886 0.101162 1.06274
-1 1528276910.166424 0.114777 0.101102 1.06256
-1 1528276910.169862 0.114737 0.101073 1.06246
-1 1528276910.175515 0.114693 0.101043 1.06236
-1 1528276910.183527 0.114604 0.100981 1.06217
-1 1528276910.192903 0.114512 0.100917 1.06197
-1 1528276910.198370 0.114426 0.100847 1.06178
-1 1528276910.205067 0.114386 0.100811 1.06168
-1 1528276910.209682 0.11432 0.100737 1.06148
-1 1528276910.213401 0.11429 0.100697 1.06138
-1 1528276910.217406 0.114257 0.100656 1.06128
-1 1528276910.222601 0.114223 0.100614 1.06118
-1 1528276910.230530 0.114153 0.100542 1.06099
-1 1528276910.237801 0.114072 0.100477 1.06081
-1 1528276910.247379 0.113983 0.100413 1.06064
-1 1528276910.256474 0.113888 0.100341 1.06046
-1 1528276910.261817 0.11377 0.100256 1.06029
-1 1528276910.270615 0.113621 0.100163 1.06011
-1 1528276910.278589 0.113448 0.100107 1.05994
-1 1528276910.288926 0.113207 0.100192 1.0597
-1 1528276910.292563 0.113148 0.100263 1.05962
-1 1528276910.300347 0.113063 0.100432 1.05945
-1 1528276910.310306 0.113015 0.1006 1.05929
-1 1528276910.314286 0.113006 0.100762 1.0591
-1 1528276910.318482 0.113011 0.100846 1.05901
-1 1528276910.323172 0.113018 0.100934 1.05893
-1 1528276910.329800 0.113048 0.101119 1.05875
-1 1528276910.337160 0.11309 0.101299 1.05859
-1 1528276910.344452 0.113112 0.101389 1.05852
-1 1528276910.352613 0.11323 0.101671 1.05831
-1 1528276910.362484 0.113399 0.101941 1.0581
-1 1528276910.369936 0.113461 0.102023 1.05804
-1 1528276910.374780 0.113582 0.102165 1.05792
-1 1528276910.381369 0.113691 0.102289 1.0578
-1 1528276910.384601 0.113746 0.102346 1.05774
-1 1528276910.392088 0.113848 0.102444 1.05764
-1 1528276910.396525 0.11389 0.102485 1.05759
-1 1528276910.403900 0.113974 0.102561 1.0575
-1 1528276910.413604 0.11405 0.102638 1.05742
-1 1528276910.421213 0.114121 0.102716 1.05735
-1 1528276910.428403 0.114191 0.102796 1.05728
-1 1528276910.437087 0.114259 0.10289 1.05721
-1 1528276910.443347 0.114295 0.102943 1.05718
-1 1528276910.463910 0.11444 0.10318 1.05704
-1 1528276910.475039 0.114549 0.103361 1.05694
-1 1528276910.480354 0.114629 0.10348 1.05688
-1 1528276910.484708 0.114671 0.103541 1.05685
-1 1528276910.488213 0.114713 0.103603 1.05683
-1 1528276910.505155 0.114842 0.103807 1.05675
-1 1528276910.510080 0.11493 0.103957 1.0567
-1 1528276910.517250 0.114975 0.104034 1.05668
-1 1528276910.523489 0.115064 0.104198 1.05664
-1 1528276910.527731 0.11511 0.104285 1.05662
-1 1528276910.535333 0.115158 0.104376 1.0566
-1 1528276910.544884 0.115262 0.104562 1.05657
-1 1528276910.555207 0.115456 0.104822 1.05653
-1 1528276910.565715 0.11553 0.104895 1.05652
-1 1528276910.571850 0.115772 0.105072 1.05649
-1 1528276910.579692 0.115941 0.105168 1.05648
-1 1528276910.584197 0.116027 0.105213 1.05648
-1 1528276910.588874 0.116112 0.105257 1.05649
-1 1528276910.597839 0.116287 0.105337 1.0565
-1 1528276910.604842 0.116463 0.105407 1.05652
-1 1528276910.612964 0.116642 0.105462 1.05655
-1 1528276910.623452 0.116828 0.105499 1.05659
-1 1528276910.627527 0.11702 0.105524 1.05664
-1 1528276910.632801 0.117118 0.105537 1.05667
-1 1528276910.639999 0.117314 0.105569 1.05673
-1 1528276910.646625 0.11741 0.105591 1.05677
-1 1528276910.654545 0.117596 0.105644 1.05684
-1 1528276910.663473 0.117778 0.105712 1.05692
-1 1528276910.672820 0.118062 0.10584 1.05706
-1 1528276910.677914 0.118161 0.105888 1.05711
-1 1528276910.683113 0.118259 0.105935 1.05717
-1 1528276910.689614 0.118455 0.106037 1.05729
-1 1528276910.693665 0.118552 0.106088 1.05736
-1 1528276910.698204 0.11865 0.10614 1.05743
-1 1528276910.705941 0.118851 0.106247 1.0576
-1 1528276910.713724 0.118953 0.106298 1.05769
-1 1528276910.717842 0.119153 0.106402 1.05788
-1 1528276910.726061 0.119254 0.106455 1.05798
-1 1528276910.731045 0.119458 0.106566 1.05819
-1 1528276910.734097 0.11956 0.106624 1.0583
-1 1528276910.739699 0.119664 0.106687 1.05841
-1 1528276910.742934 0.11977 0.106747 1.05852
-1 1528276910.747288 0.119885 0.10682 1.05863
-1 1528276910.755643 0.120113 0.106974 1.05886
-1 1528276910.766195 0.120336 0.107135 1.05909
-1 1528276910.776227 0.12055 0.107305 1.05934
-1 1528276910.788351 0.120838 0.107559 1.05972
-1 1528276910.793406 0.121018 0.10773 1.05998
-1 1528276910.806149 0.121197 0.107903 1.06025
-1 1528276910.810593 0.121378 0.108075 1.06051
-1 1528276910.814685 0.121469 0.108162 1.06065
-1 1528276910.822617 0.121645 0.108338 1.06092
-1 1528276910.826759 0.121735 0.108426 1.06105
-1 1528276910.835478 0.121917 0.108595 1.06132
-1 1528276910.845369 0.122105 0.108757 1.0616
-1 1528276910.851923 0.122297 0.10892 1.06187
-1 1528276910.859411 0.122486 0.109078 1.06215
-1 1528276910.863672 0.122577 0.109156 1.06228
-1 1528276910.872134 0.122751 0.10931 1.06255
-1 1528276910.875454 0.122836 0.109388 1.06268
-1 1528276910.887689 0.123087 0.10963 1.06307
-1 1528276910.900483 0.123248 0.109803 1.06333
-1 1528276910.906779 0.123403 0.109984 1.06359
-1 1528276910.914808 0.123549 0.110175 1.06385
-1 1528276910.924073 0.123688 0.110374 1.06411
-1 1528276910.931216 0.123823 0.110589 1.06437
-1 1528276910.938766 0.123968 0.110808 1.06463
-1 1528276910.946282 0.124139 0.111034 1.06489
-1 1528276910.954082 0.124227 0.111144 1.06501
-1 1528276910.965611 0.124487 0.111454 1.06536
-1 1528276910.978722 0.124715 0.111739 1.06572
-1 1528276910.984681 0.124859 0.111936 1.06595
-1 1528276910.996313 0.125009 0.112135 1.06619
-1 1528276910.999873 0.125166 0.112337 1.06641
-1 1528276911.008492 0.125318 0.112531 1.06664
-1 1528276911.014861 0.125393 0.112626 1.06675
-1 1528276911.021062 0.125525 0.112819 1.06697
-1 1528276911.026760 0.125585 0.112914 1.06708
-1 1528276911.033262 0.125692 0.113099 1.06729
-1 1528276911.043648 0.125795 0.113278 1.0675
-1 1528276911.052331 0.125897 0.113453 1.0677
-1 1528276911.064517 0.126001 0.113622 1.06791
-1 1528276911.073710 0.126174 0.113842 1.0682
-1 1528276911.079989 0.126293 0.113969 1.0684
-1 1528276911.083997 0.126349 0.114028 1.06849
-1 1528276911.092041 0.126449 0.114152 1.06869
-1 1528276911.102760 0.126536 0.114275 1.06887
-1 1528276911.109411 0.126622 0.114391 1.06905
-1 1528276911.114177 0.126666 0.114447 1.06914
-1 1528276911.120706 0.126708 0.114506 1.06922
-1 1528276911.126439 0.126789 0.11464 1.06939
-1 1528276911.132769 0.126829 0.114713 1.06947
-1 1528276911.137667 0.126911 0.114869 1.06962
-1 1528276911.143596 0.126952 0.114941 1.06969
-1 1528276911.157614 0.127094 0.115184 1.06988
-1 1528276911.165354 0.127181 0.115329 1.07001
-1 1528276911.171375 0.127259 0.115462 1.07013
-1 1528276911.179746 0.127329 0.1156 1.07025
-1 1528276911.185279 0.12736 0.115674 1.07031
-1 1528276911.193263 0.127421 0.115831 1.07043
-1 1528276911.198347 0.127457 0.115915 1.07049
-1 1528276911.207870 0.127533 0.116094 1.0706
-1 1528276911.218887 0.127664 0.116381 1.07077
-1 1528276911.228148 0.127745 0.116572 1.07088
-1 1528276911.231805 0.127783 0.116665 1.07093
-1 1528276911.240124 0.12786 0.116851 1.07102
-1 1528276911.244134 0.127896 0.116941 1.07107
-1 1528276911.254198 0.127968 0.117118 1.07116
-1 1528276911.261321 0.128031 0.117288 1.07124
-1 1528276911.266925 0.128059 0.117372 1.07128
-1 1528276911.277744 0.128113 0.117526 1.07136
-1 1528276911.282125 0.128163 0.117644 1.07143
-1 1528276911.284607 0.128188 0.11769 1.07146
-1 1528276911.288787 0.128212 0.117729 1.07149
-1 1528276911.300308 0.128257 0.117799 1.07154
-1 1528276911.310612 0.128301 0.11788 1.07159
-1 1528276911.317381 0.128347 0.118008 1.07167
-1 1528276911.329196 0.128366 0.118094 1.07171
-1 1528276911.333429 0.128372 0.11819 1.07175
-1 1528276911.337460 0.128375 0.11823 1.07179
-1 1528276911.346731 0.12839 0.118347 1.07185
-1 1528276911.354447 0.128399 0.118408 1.07188
-1 1528276911.359305 0.128425 0.118531 1.07195
-1 1528276911.368292 0.12846 0.118657 1.07203
-1 1528276911.373146 0.128479 0.118718 1.07207
-1 1528276911.383436 0.128517 0.118835 1.07214
-1 1528276911.388975 0.128546 0.118944 1.07222
-1 1528276911.396774 0.128568 0.119054 1.0723
-1 1528276911.403347 0.12858 0.119106 1.07234
-1 1528276911.410340 0.1286 0.119205 1.07242
-1 1528276911.418701 0.128605 0.119285 1.07249
-1 1528276911.422692 0.128601 0.119317 1.07253
-1 1528276911.427346 0.128598 0.119347 1.07257
-1 1528276911.433605 0.128593 0.119374 1.07261
-1 1528276911.439121 0.128573 0.119417 1.0727
-1 1528276911.446719 0.128558 0.119434 1.07274
-1 1528276911.451610 0.128518 0.119461 1.07284
-1 1528276911.457627 0.128494 0.119474 1.07288
-1 1528276911.477735 0.128439 0.119498 1.07297
-1 1528276911.484486 0.128378 0.11952 1.07306
-1 1528276911.491009 0.128311 0.11953 1.07315
-1 1528276911.499138 0.128274 0.119529 1.0732
-1 1528276911.502403 0.128191 0.119519 1.07328
-1 1528276911.511056 0.12809 0.119503 1.07337
-1 1528276911.521179 0.127986 0.119486 1.07345
-1 1528276911.525917 0.127885 0.119462 1.07353
-1 1528276911.530550 0.127835 0.119445 1.07357
-1 1528276911.538179 0.127783 0.119426 1.0736
-1 1528276911.556720 0.127624 0.11934 1.07371
-1 1528276911.562983 0.127415 0.119109 1.07385
-1 1528276911.568121 0.127353 0.119037 1.07389
-1 1528276911.575532 0.127224 0.118879 1.07397
-1 1528276911.585617 0.127084 0.118712 1.07405
-1 1528276911.591822 0.12693 0.118545 1.07413
-1 1528276911.600557 0.126763 0.118378 1.07421
-1 1528276911.606203 0.126592 0.118222 1.07428
-1 1528276911.614560 0.126418 0.118079 1.07436
-1 1528276911.626035 0.126247 0.117942 1.07442
-1 1528276911.631148 0.126073 0.117806 1.07449
-1 1528276911.642016 0.125898 0.117673 1.07455
-1 1528276911.650049 0.125719 0.117535 1.0746
-1 1528276911.659411 0.125454 0.117331 1.07469
-1 1528276911.666774 0.12527 0.117196 1.07474
-1 1528276911.670389 0.125175 0.117128 1.07476
-1 1528276911.680217 0.124973 0.116986 1.07481
-1 1528276911.687550 0.124764 0.116832 1.07487
-1 1528276911.694226 0.124548 0.11667 1.07493
-1 1528276911.697925 0.124437 0.116588 1.07496
-1 1528276911.702977 0.124326 0.116505 1.07499
-1 1528276911.712438 0.124097 0.116346 1.07505
-1 1528276911.719732 0.123865 0.116192 1.07511
-1 1528276911.727577 0.123627 0.116047 1.07517
-1 1528276911.730912 0.123506 0.115979 1.0752
-1 1528276911.735093 0.123383 0.115919 1.07522
-1 1528276911.738452 0.123262 0.11585 1.07525
-1 1528276911.745875 0.123139 0.115803 1.07528
-1 1528276911.752509 0.122887 0.115725 1.07532
-1 1528276911.762803 0.122629 0.115648 1.07536
-1 1528276911.769377 0.122371 0.115574 1.0754
-1 1528276911.778831 0.122103 0.11551 1.07543
-1 1528276911.783242 0.121826 0.115443 1.07546
-1 1528276911.789847 0.121688 0.115407 1.07547
-1 1528276911.798708 0.121413 0.115336 1.0755
-1 1528276911.807481 0.121144 0.115273 1.07554
-1 1528276911.812548 0.120882 0.115225 1.07558
-1 1528276911.819986 0.120754 0.115205 1.0756
-1 1528276911.826973 0.120497 0.115163 1.07564
-1 1528276911.834243 0.120241 0.115105 1.07568
-1 1528276911.837495 0.120116 0.11507 1.0757
-1 1528276911.841868 0.119993 0.115033 1.07572
-1 1528276911.854171 0.119757 0.114956 1.07576
-1 1528276911.864122 0.119532 0.114878 1.07579
-1 1528276911.874499 0.119192 0.114756 1.07583
-1 1528276911.904183 0.118262 0.114537 1.07596
-1 1528276911.913955 0.118035 0.11452 1.07598
-1 1528276911.938807 0.117485 0.114484 1.07602
-1 1528276911.942394 0.117273 0.11445 1.07604
-1 1528276911.949774 0.117063 0.114438 1.07606
-1 1528276911.959452 0.116847 0.114423 1.07608
-1 1528276911.967783 0.116627 0.114396 1.07609
-1 1528276911.974127 0.116516 0.114375 1.0761
-1 1528276911.979383 0.116404 0.114355 1.07611
-1 1528276911.986451 0.116181 0.114307 1.07613
-1 1528276911.993406 0.116071 0.114281 1.07614
-1 1528276911.998017 0.115854 0.114236 1.07615
-1 1528276912.009121 0.115749 0.11422 1.07616
-1 1528276912.014627 0.115458 0.114196 1.07617
-1 1528276912.019077 0.115368 0.114195 1.07617
-1 1528276912.022062 0.115279 0.114195 1.07616
-1 1528276912.028415 0.115189 0.114195 1.07616
-1 1528276912.035194 0.1151 0.114191 1.07616
-1 1528276912.044134 0.114923 0.114177 1.07614
-1 1528276912.052937 0.114759 0.114155 1.07613
-1 1528276912.059892 0.114613 0.114134 1.07611
-1 1528276912.066749 0.114479 0.114119 1.07609
-1 1528276912.072136 0.114414 0.114113 1.07608
-1 1528276912.078896 0.114283 0.114104 1.07606
-1 1528276912.085296 0.114216 0.1141 1.07605
-1 1528276912.092025 0.114075 0.114095 1.07603
-1 1528276912.099517 0.113934 0.114103 1.076
-1 1528276912.109955 0.113797 0.114121 1.07597
-1 1528276912.115096 0.11366 0.114146 1.07595
-1 1528276912.120784 0.113592 0.11416 1.07593
-1 1528276912.129175 0.11345 0.114199 1.0759
-1 1528276912.135342 0.113315 0.114228 1.07586
-1 1528276912.139410 0.113253 0.114258 1.07584
-1 1528276912.145508 0.113189 0.114291 1.07582
-1 1528276912.153646 0.113062 0.114359 1.07577
-1 1528276912.164015 0.112938 0.114441 1.07572
-1 1528276912.168853 0.112807 0.114532 1.07567
-1 1528276912.175371 0.11274 0.11458 1.07565
-1 1528276912.180809 0.112601 0.114683 1.07559
-1 1528276912.184072 0.11253 0.114736 1.07556
-1 1528276912.193037 0.112383 0.11485 1.07549
-1 1528276912.199598 0.112307 0.114906 1.07546
-1 1528276912.206068 0.112145 0.115022 1.07539
-1 1528276912.214468 0.111985 0.115144 1.07532
-1 1528276912.220410 0.11184 0.115272 1.07525
-1 1528276912.227047 0.111773 0.115333 1.07521
-1 1528276912.236866 0.111654 0.115447 1.07513
-1 1528276912.243093 0.111553 0.115551 1.07506
-1 1528276912.250895 0.111464 0.115647 1.07499
-1 1528276912.261460 0.111379 0.115741 1.07492
-1 1528276912.270544 0.111289 0.11584 1.07485
-1 1528276912.281587 0.111157 0.115991 1.07474
-1 1528276912.289511 0.111068 0.116081 1.07465
-1 1528276912.301876 0.11093 0.116195 1.07453
-1 1528276912.316601 0.11079 0.116289 1.0744
-1 1528276912.322328 0.110679 0.11634 1.0743
-1 1528276912.329624 0.110558 0.116385 1.0742
-1 1528276912.335801 0.1105 0.1164 1.07415
-1 1528276912.342335 0.110384 0.116421 1.07404
-1 1528276912.345285 0.110329 0.116428 1.07399
-1 1528276912.350740 0.110276 0.116431 1.07394
-1 1528276912.359387 0.110179 0.116428 1.07383
-1 1528276912.364523 0.110136 0.116419 1.07377
-1 1528276912.374750 0.110052 0.116388 1.07366
-1 1528276912.380035 0.109991 0.116332 1.07354
-1 1528276912.386646 0.109922 0.116301 1.07342
-1 1528276912.393748 0.109883 0.116281 1.07335
-1 1528276912.404650 0.109793 0.116241 1.07322
-1 1528276912.409051 0.109689 0.116195 1.07309
-1 1528276912.412915 0.109631 0.116171 1.07302
-1 1528276912.417736 0.10957 0.116147 1.07295
-1 1528276912.424323 0.109512 0.116122 1.07287
-1 1528276912.430800 0.109392 0.116073 1.07272
-1 1528276912.436436 0.109333 0.116048 1.07264
-1 1528276912.446291 0.109167 0.115975 1.07238
-1 1528276912.453213 0.109111 0.115952 1.0723
-1 1528276912.458611 0.109054 0.115926 1.07221
-1 1528276912.465478 0.108928 0.115861 1.07204
-1 1528276912.469545 0.108859 0.115824 1.07196
-1 1528276912.478000 0.108713 0.115737 1.07179
-1 1528276912.484118 0.108557 0.115632 1.07162
-1 1528276912.489776 0.108477 0.115574 1.07154
-1 1528276912.496471 0.108311 0.115453 1.07138
-1 1528276912.505289 0.108228 0.115387 1.0713
-1 1528276912.509824 0.10806 0.115248 1.07114
-1 1528276912.516857 0.107888 0.115109 1.07099
-1 1528276912.526338 0.107715 0.114983 1.07083
-1 1528276912.533550 0.107537 0.114863 1.07067
-1 1528276912.540323 0.107446 0.114802 1.07059
-1 1528276912.546836 0.107355 0.114738 1.0705
-1 1528276912.556225 0.107194 0.11458 1.07033
-1 1528276912.562470 0.107114 0.114509 1.07024
-1 1528276912.567466 0.106957 0.114353 1.07007
-1 1528276912.572840 0.10688 0.11427 1.06998
-1 1528276912.580836 0.106732 0.114102 1.06981
-1 1528276912.586610 0.10659 0.113928 1.06964
-1 1528276912.593578 0.106524 0.113841 1.06956
-1 1528276912.601539 0.106325 0.113587 1.0693
-1 1528276912.612317 0.106118 0.113328 1.06903
-1 1528276912.616847 0.106043 0.113238 1.06894
-1 1528276912.622315 0.105966 0.113146 1.06885
-1 1528276912.629637 0.105805 0.112965 1.06867
-1 1528276912.633267 0.105721 0.112871 1.06858
-1 1528276912.641969 0.105545 0.112688 1.0684
-1 1528276912.649455 0.105376 0.112511 1.06823
-1 1528276912.655644 0.105295 0.112428 1.06815
-1 1528276912.663083 0.105144 0.112274 1.068
-1 1528276912.671113 0.105008 0.11214 1.06785
-1 1528276912.675702 0.104941 0.112083 1.06778
-1 1528276912.685497 0.1048 0.111985 1.06762
-1 1528276912.692114 0.10466 0.111905 1.06747
-1 1528276912.702689 0.104589 0.111869 1.06738
-1 1528276912.709648 0.104382 0.111768 1.06713
-1 1528276912.715861 0.104241 0.111709 1.06695
-1 1528276912.724501 0.104171 0.111678 1.06686
-1 1528276912.731120 0.10402 0.111606 1.06668
-1 1528276912.747665 0.103869 0.111527 1.0665
-1 1528276912.752635 0.103674 0.111382 1.06622
-1 1528276912.755560 0.103606 0.111334 1.06613
-1 1528276912.772873 0.103463 0.111239 1.06595
-1 1528276912.778716 0.103144 0.111038 1.06557
-1 1528276912.783464 0.103055 0.110988 1.06548
-1 1528276912.789469 0.102967 0.110941 1.06539
-1 1528276912.795550 0.102783 0.110853 1.06521
-1 1528276912.803392 0.102688 0.110813 1.06511
-1 1528276912.814563 0.102421 0.110704 1.06483
-1 1528276912.819387 0.102261 0.11064 1.06463
-1 1528276912.823457 0.102186 0.110609 1.06454
-1 1528276912.830805 0.102038 0.110551 1.06435
-1 1528276912.834399 0.101965 0.110524 1.06426
-1 1528276912.842176 0.101894 0.110496 1.06417
-1 1528276912.846459 0.101821 0.110467 1.06408
-1 1528276912.852815 0.101677 0.110398 1.06391
-1 1528276912.865307 0.101474 0.110275 1.06365
-1 1528276912.871868 0.101407 0.110231 1.06357
-1 1528276912.878694 0.101285 0.110136 1.06341
-1 1528276912.882326 0.101226 0.110089 1.06332
-1 1528276912.886602 0.101166 0.110043 1.06324
-1 1528276912.890729 0.101105 0.109996 1.06315
-1 1528276912.901239 0.100986 0.109907 1.06299
-1 1528276912.918357 0.100811 0.1098 1.06274
-1 1528276912.924350 0.100632 0.109685 1.0625
-1 1528276912.932659 0.100524 0.109592 1.06234
-1 1528276912.939906 0.100441 0.109507 1.06218
-1 1528276912.949167 0.100367 0.109428 1.06202
-1 1528276912.953009 0.100335 0.109388 1.06194
-1 1528276912.956871 0.100305 0.109348 1.06187
-1 1528276912.964077 0.100277 0.109306 1.06179
-1 1528276912.974989 0.100211 0.109174 1.06155
-1 1528276912.981551 0.100189 0.109081 1.06139
-1 1528276912.985443 0.100186 0.109037 1.06131
-1 1528276912.993288 0.10019 0.108993 1.06124
-1 1528276913.006135 0.100224 0.108867 1.06103
-1 1528276913.012538 0.100263 0.108788 1.0609
-1 1528276913.023615 0.100298 0.10871 1.0608
-1 1528276913.031304 0.100329 0.108626 1.0607
-1 1528276913.037924 0.100357 0.108531 1.0606
-1 1528276913.043861 0.100381 0.108423 1.06052
-1 1528276913.052167 0.100391 0.108366 1.06048
-1 1528276913.055350 0.100398 0.108308 1.06044
-1 1528276913.059981 0.100408 0.108249 1.0604
-1 1528276913.064061 0.100418 0.108188 1.06037
-1 1528276913.073387 0.100444 0.10806 1.06031
-1 1528276913.079833 0.10048 0.107927 1.06027
-1 1528276913.086385 0.100516 0.107794 1.06025
-1 1528276913.089338 0.100532 0.107727 1.06025
-1 1528276913.094741 0.100549 0.107657 1.06025
-1 1528276913.103209 0.100567 0.107583 1.06026
-1 1528276913.108536 0.100612 0.107425 1.06029
-1 1528276913.120204 0.10064 0.107342 1.06031
-1 1528276913.126645 0.100728 0.107085 1.06041
-1 1528276913.133658 0.100784 0.106899 1.0605
-1 1528276913.143421 0.100876 0.106674 1.06061
-1 1528276913.146092 0.100916 0.106556 1.06067
-1 1528276913.155053 0.100993 0.106309 1.06082
-1 1528276913.161661 0.101061 0.106044 1.06098
-1 1528276913.165690 0.101094 0.105905 1.06107
-1 1528276913.171779 0.101124 0.105762 1.06117
-1 1528276913.178454 0.101153 0.105614 1.06127
-1 1528276913.182807 0.101213 0.105307 1.06148
-1 1528276913.189968 0.101243 0.105151 1.0616
-1 1528276913.193799 0.101303 0.104846 1.06184
-1 1528276913.201946 0.101336 0.104699 1.06197
-1 1528276913.211009 0.101406 0.104414 1.06225
-1 1528276913.216455 0.101479 0.104143 1.06254
-1 1528276913.228869 0.101589 0.10374 1.063
-1 1528276913.237633 0.101661 0.103476 1.06333
-1 1528276913.243685 0.101734 0.103218 1.06367
-1 1528276913.249821 0.10177 0.103093 1.06384
-1 1528276913.258682 0.101841 0.102838 1.06421
-1 1528276913.262547 0.101874 0.102705 1.06439
-1 1528276913.269728 0.101932 0.102431 1.06477
-1 1528276913.275665 0.101959 0.102289 1.06496
-1 1528276913.282026 0.102002 0.102008 1.06535
-1 1528276913.295081 0.102051 0.101744 1.06574
-1 1528276913.298989 0.102118 0.101499 1.06614
-1 1528276913.302631 0.102161 0.101378 1.06634
-1 1528276913.307638 0.10221 0.101259 1.06654
-1 1528276913.315508 0.102314 0.101024 1.06695
-1 1528276913.328511 0.102368 0.100909 1.06715
-1 1528276913.333402 0.102541 0.100572 1.06776
-1 1528276913.340830 0.102674 0.100361 1.06816
-1 1528276913.344009 0.102746 0.100257 1.06836
-1 1528276913.352084 0.102813 0.100154 1.06856
-1 1528276913.361734 0.102941 0.0999518 1.06896
-1 1528276913.366400 0.103063 0.0997521 1.06935
-1 1528276913.374518 0.10318 0.0995569 1.06974
-1 1528276913.385303 0.103294 0.0993611 1.07013
-1 1528276913.390620 0.103414 0.0991669 1.07051
-1 1528276913.394981 0.103477 0.0990689 1.0707
-1 1528276913.401517 0.103542 0.09897 1.07088
-1 1528276913.409446 0.103677 0.0987745 1.07124
-1 1528276913.419821 0.103869 0.0985145 1.07178
-1 1528276913.429263 0.10394 0.0984332 1.07196
-1 1528276913.438109 0.104176 0.0982133 1.07246
-1 1528276913.446307 0.104351 0.0980803 1.07278
-1 1528276913.453505 0.104537 0.097961 1.07309
-1 1528276913.458012 0.104628 0.0979087 1.07325
-1 1528276913.465281 0.104821 0.097807 1.07354
-1 1528276913.472932 0.104919 0.0977634 1.07369
-1 1528276913.476730 0.105019 0.0977236 1.07383
-1 1528276913.480716 0.105121 0.09769 1.07396
-1 1528276913.499269 0.105331 0.0976356 1.07423
-1 1528276913.509419 0.10573 0.0975771 1.07474
-1 1528276913.513225 0.105823 0.0975674 1.07486
-1 1528276913.523819 0.106004 0.0975523 1.07511
-1 1528276913.534693 0.106258 0.0975408 1.07546
-1 1528276913.539979 0.106411 0.0975456 1.07569
-1 1528276913.548384 0.106557 0.0975768 1.07592
-1 1528276913.556008 0.106696 0.0976235 1.07613
-1 1528276913.563358 0.106836 0.0976884 1.07633
-1 1528276913.570967 0.106981 0.0977771 1.07653
-1 1528276913.578140 0.107131 0.0978861 1.07672
-1 1528276913.586202 0.107288 0.0980157 1.0769
-1 1528276913.591264 0.107365 0.0980881 1.07699
-1 1528276913.599700 0.107511 0.098243 1.07717
-1 1528276913.602171 0.107579 0.098324 1.07725
-1 1528276913.608633 0.107642 0.0984042 1.07734
-1 1528276913.614346 0.107764 0.0985552 1.07751
-1 1528276913.621716 0.107824 0.0986272 1.07759
-1 1528276913.632344 0.10794 0.0987614 1.07775
-1 1528276913.640288 0.108106 0.0989374 1.07797
-1 1528276913.653496 0.108214 0.099054 1.07812
-1 1528276913.665463 0.108447 0.0993272 1.07839
-1 1528276913.673498 0.108508 0.0994083 1.07846
-1 1528276913.680991 0.108713 0.0996816 1.07865
-1 1528276913.684674 0.108787 0.0997789 1.07872
-1 1528276913.693961 0.108945 0.0999654 1.07883
-1 1528276913.700199 0.109028 0.100056 1.07889
-1 1528276913.705888 0.109196 0.100233 1.079
-1 1528276913.711547 0.109282 0.100323 1.07905
-1 1528276913.722313 0.109452 0.100504 1.07914
-1 1528276913.729418 0.109619 0.100679 1.07922
-1 1528276913.743354 0.109854 0.100936 1.07934
-1 1528276913.751600 0.11 0.101104 1.07941
-1 1528276913.756161 0.110119 0.10126 1.07948
-1 1528276913.759329 0.110173 0.101334 1.07952
-1 1528276913.763469 0.110225 0.101407 1.07955
-1 1528276913.781552 0.110274 0.10148 1.07958
-1 1528276913.790190 0.11049 0.101852 1.07972
-1 1528276913.812353 0.110576 0.102011 1.07976
-1 1528276913.819230 0.11081 0.102432 1.07984
-1 1528276913.822668 0.110857 0.102516 1.07986
-1 1528276913.837054 0.110959 0.102682 1.07988
-1 1528276913.843300 0.111108 0.102907 1.07991
-1 1528276913.859776 0.111151 0.10297 1.07991
-1 1528276913.869294 0.111323 0.103162 1.07992
-1 1528276913.874916 0.111413 0.103205 1.07991
-1 1528276913.882990 0.111496 0.103216 1.07991
-1 1528276913.892107 0.111576 0.103208 1.0799
-1 1528276913.896602 0.111616 0.1032 1.07989
-1 1528276913.903098 0.111689 0.103175 1.07988
-1 1528276913.909923 0.111726 0.103161 1.07987
-1 1528276913.922556 0.111848 0.103112 1.07983
-1 1528276913.930025 0.111946 0.103083 1.0798
-1 1528276913.940680 0.112057 0.103081 1.07977
-1 1528276913.953981 0.112177 0.10306 1.07971
-1 1528276913.958330 0.112246 0.103044 1.07967
-1 1528276913.967967 0.11232 0.103024 1.07962
-1 1528276913.974112 0.112402 0.102999 1.07957
-1 1528276913.978559 0.112444 0.102982 1.07954
-1 1528276913.987097 0.112488 0.102963 1.07951
-1 1528276913.994301 0.11263 0.102914 1.07942
