-1 1536064733.703650 -1.24651 0.125166 1.11345
-1 1536064733.712490 -1.24636 0.124961 1.11345
-1 1536064733.724041 -1.24633 0.124925 1.11345
-1 1536064733.727668 -1.24631 0.124908 1.11346
-1 1536064733.735225 -1.24629 0.124892 1.11346
-1 1536064733.747236 -1.24623 0.124844 1.11346
-1 1536064733.761108 -1.24616 0.124781 1.11347
-1 1536064733.779746 -1.24625 0.124777 1.11347
-1 1536064733.796652 -1.24614 0.124728 1.11347
-1 1536064733.815585 -1.24582 0.124538 1.11347
-1 1536064733.830362 -1.24564 0.124413 1.11347
-1 1536064733.833929 -1.24559 0.124382 1.11348
-1 1536064733.844676 -1.2455 0.124322 1.11348
-1 1536064733.854377 -1.2454 0.12426 1.11348
-1 1536064733.864937 -1.24526 0.124169 1.11348
-1 1536064733.875823 -1.24524 0.124062 1.11349
-1 1536064733.886430 -1.24509 0.123948 1.11348
-1 1536064733.899853 -1.24498 0.123888 1.11348
-1 1536064733.908412 -1.2448 0.123832 1.11348
-1 1536064733.917918 -1.24461 0.12377 1.11347
-1 1536064733.925663 -1.24448 0.123717 1.11346
-1 1536064733.939660 -1.24426 0.123621 1.11346
-1 1536064733.946065 -1.24411 0.123543 1.11345
-1 1536064733.957945 -1.24395 0.12346 1.11344
-1 1536064733.970084 -1.24379 0.123295 1.11343
-1 1536064733.976934 -1.24357 0.123103 1.11341
-1 1536064733.988368 -1.2434 0.122978 1.1134
-1 1536064733.993680 -1.24322 0.122855 1.11339
-1 1536064734.016219 -1.24284 0.122613 1.11335
-1 1536064734.025296 -1.24256 0.122432 1.11332
-1 1536064734.037115 -1.24227 0.122259 1.11329
-1 1536064734.047257 -1.24207 0.122148 1.11327
-1 1536064734.054657 -1.24196 0.122093 1.11326
-1 1536064734.067073 -1.24175 0.121982 1.11324
-1 1536064734.081314 -1.24146 0.121776 1.1132
-1 1536064734.092700 -1.24136 0.121701 1.11319
-1 1536064734.105123 -1.24115 0.121553 1.11317
-1 1536064734.123245 -1.24093 0.121406 1.11314
-1 1536064734.142550 -1.24058 0.121188 1.11309
-1 1536064734.151232 -1.24022 0.120978 1.11304
-1 1536064734.165213 -1.24009 0.120909 1.11302
-1 1536064734.171699 -1.23972 0.120707 1.11296
-1 1536064734.188152 -1.23934 0.120511 1.1129
-1 1536064734.197503 -1.23921 0.120445 1.11288
-1 1536064734.262619 -1.23818 0.119783 1.1127
-1 1536064734.270314 -1.23737 0.119301 1.11258
-1 1536064734.275779 -1.23724 0.119224 1.11256
-1 1536064734.305717 -1.23682 0.118993 1.1125
-1 1536064734.330958 -1.23594 0.118536 1.11239
-1 1536064734.343881 -1.23551 0.118244 1.1123
-1 1536064734.355268 -1.23516 0.118031 1.11225
-1 1536064734.368139 -1.23489 0.117884 1.11221
-1 1536064734.390915 -1.23416 0.117495 1.11211
-1 1536064734.409065 -1.23338 0.117094 1.11202
-1 1536064734.431279 -1.23274 0.116756 1.11195
-1 1536064734.447747 -1.23187 0.11606 1.11182
-1 1536064734.465302 -1.23136 0.115641 1.11177
-1 1536064734.480165 -1.23097 0.115288 1.11173
-1 1536064734.485504 -1.2307 0.115045 1.11169
-1 1536064734.502737 -1.23005 0.114411 1.11161
-1 1536064734.523306 -1.22951 0.113784 1.1115
-1 1536064734.538207 -1.22943 0.113591 1.11147
-1 1536064734.544135 -1.22922 0.11326 1.11141
-1 1536064734.561159 -1.22879 0.112754 1.11132
-1 1536064734.572294 -1.22816 0.112032 1.1112
-1 1536064734.583824 -1.22788 0.111723 1.11116
-1 1536064734.589560 -1.22746 0.111253 1.11109
-1 1536064734.603939 -1.22703 0.110801 1.11103
-1 1536064734.608887 -1.22684 0.11054 1.11099
-1 1536064734.620143 -1.22666 0.110199 1.11094
-1 1536064734.632577 -1.22639 0.109807 1.11088
-1 1536064734.649248 -1.22592 0.109239 1.11079
-1 1536064734.657594 -1.22579 0.109088 1.11077
-1 1536064734.665878 -1.22539 0.108619 1.11069
-1 1536064734.669874 -1.22525 0.10846 1.11067
-1 1536064734.674657 -1.22511 0.108302 1.11064
-1 1536064734.686774 -1.22482 0.107989 1.11059
-1 1536064734.692648 -1.22453 0.107677 1.11054
-1 1536064734.704337 -1.22424 0.10736 1.11048
-1 1536064734.719207 -1.22392 0.106966 1.11042
-1 1536064734.732579 -1.22352 0.10643 1.11034
-1 1536064734.748693 -1.22302 0.105829 1.11024
-1 1536064734.762099 -1.22274 0.10552 1.11019
-1 1536064734.786036 -1.22218 0.104951 1.11007
-1 1536064734.796445 -1.22191 0.104689 1.11002
-1 1536064734.853592 -1.22095 0.103826 1.10984
-1 1536064734.883073 -1.22001 0.103041 1.10971
-1 1536064734.957309 -1.21679 0.0995162 1.10972
-1 1536064734.976864 -1.21592 0.0985299 1.10975
-1 1536064735.001114 -1.21434 0.096745 1.10978
-1 1536064735.014137 -1.21345 0.0956953 1.10981
-1 1536064735.035863 -1.21229 0.0943119 1.10987
-1 1536064735.044432 -1.21164 0.0935293 1.10988
-1 1536064735.057912 -1.21097 0.0927375 1.10987
-1 1536064735.062636 -1.21079 0.0925418 1.10987
-1 1536064735.073693 -1.21045 0.0921497 1.10986
-1 1536064735.081276 -1.21011 0.0917588 1.10985
-1 1536064735.100664 -1.20959 0.0911869 1.10982
-1 1536064735.124609 -1.2085 0.0901538 1.10977
-1 1536064735.141950 -1.20757 0.089331 1.10971
-1 1536064735.149052 -1.20687 0.0885898 1.10963
-1 1536064735.161249 -1.20655 0.0882073 1.10959
-1 1536064735.170780 -1.2061 0.0876313 1.10951
-1 1536064735.174596 -1.20582 0.0872397 1.10947
-1 1536064735.186094 -1.20553 0.086837 1.10943
-1 1536064735.193345 -1.20507 0.0862096 1.10939
-1 1536064735.203415 -1.20476 0.0858275 1.1094
-1 1536064735.222141 -1.20405 0.0850287 1.10939
-1 1536064735.243184 -1.20302 0.0838424 1.10936
-1 1536064735.252475 -1.20213 0.0827423 1.10933
-1 1536064735.259016 -1.20144 0.0818653 1.10932
-1 1536064735.279310 -1.2002 0.0804353 1.10927
-1 1536064735.314183 -1.19833 0.0789817 1.1092
-1 1536064735.332748 -1.19679 0.078003 1.10911
-1 1536064735.339664 -1.19544 0.0772187 1.10903
-1 1536064735.364420 -1.19289 0.0757756 1.10893
-1 1536064735.387271 -1.19144 0.074974 1.10887
-1 1536064735.406986 -1.18814 0.0740559 1.1087
-1 1536064735.418482 -1.18704 0.0737793 1.10864
-1 1536064735.424259 -1.18597 0.0735511 1.10858
-1 1536064735.443863 -1.18398 0.0731917 1.10843
-1 1536064735.454111 -1.18271 0.0730259 1.10829
-1 1536064735.462476 -1.18198 0.0729298 1.10819
-1 1536064735.500683 -1.18088 0.0727159 1.10807
-1 1536064735.511110 -1.18108 0.0723719 1.10859
-1 1536064735.524673 -1.18093 0.0720162 1.1089
-1 1536064735.545566 -1.18058 0.07155 1.10923
-1 1536064735.554635 -1.17971 0.0707303 1.10975
-1 1536064735.558996 -1.17935 0.0704432 1.10992
-1 1536064735.568142 -1.17896 0.0701555 1.11009
-1 1536064735.583381 -1.17809 0.0695923 1.11041
-1 1536064735.590243 -1.17715 0.0690521 1.11072
-1 1536064735.603299 -1.17617 0.0685544 1.11102
-1 1536064735.609408 -1.1758 0.0682881 1.11117
-1 1536064735.616091 -1.1754 0.068083 1.11132
-1 1536064735.628171 -1.17454 0.0677256 1.11161
-1 1536064735.645417 -1.17312 0.0672728 1.11207
-1 1536064735.658468 -1.17206 0.0670151 1.11234
-1 1536064735.662784 -1.17092 0.0667867 1.11261
-1 1536064735.671541 -1.17033 0.0666794 1.11275
-1 1536064735.682352 -1.16909 0.0664624 1.11303
-1 1536064735.693202 -1.16716 0.0661139 1.11347
-1 1536064735.735328 -1.16195 0.0650698 1.11473
-1 1536064735.749633 -1.15806 0.0645032 1.11585
-1 1536064735.765174 -1.15687 0.0643481 1.11615
-1 1536064735.775638 -1.15318 0.0639151 1.11695
-1 1536064735.796190 -1.14894 0.0638218 1.1178
-1 1536064735.812011 -1.14737 0.0639762 1.11815
-1 1536064735.818457 -1.14545 0.0643955 1.11859
-1 1536064735.827863 -1.14446 0.0646565 1.11881
-1 1536064735.878901 -1.13807 0.0667527 1.11996
-1 1536064735.905542 -1.1372 0.0671941 1.12009
-1 1536064735.918315 -1.13495 0.0686663 1.1204
-1 1536064735.925900 -1.13414 0.0692042 1.12048
-1 1536064735.943257 -1.13326 0.069748 1.12056
-1 1536064735.954516 -1.13182 0.0705498 1.12067
-1 1536064735.961284 -1.13079 0.0710662 1.12073
-1 1536064735.974406 -1.12971 0.0715711 1.12079
-1 1536064735.984105 -1.12803 0.0723043 1.12087
-1 1536064735.998626 -1.12688 0.0727791 1.12092
-1 1536064736.023368 -1.12428 0.0739742 1.12102
-1 1536064736.078518 -1.12112 0.0757086 1.12114
-1 1536064736.112315 -1.1146 0.0795805 1.12149
-1 1536064736.143002 -1.10921 0.0825813 1.12182
-1 1536064736.226693 -1.09884 0.0889322 1.12234
-1 1536064736.233277 -1.09465 0.0914817 1.12265
-1 1536064736.251261 -1.0932 0.0921912 1.12283
-1 1536064736.263583 -1.09016 0.0933147 1.12331
-1 1536064736.274164 -1.08862 0.0937188 1.12361
-1 1536064736.287026 -1.08768 0.0940655 1.12397
-1 1536064736.296567 -1.08367 0.0954913 1.12501
-1 1536064736.304999 -1.08226 0.0961259 1.1254
-1 1536064736.327981 -1.07871 0.0985822 1.1262
-1 1536064736.334173 -1.07684 0.099769 1.12639
-1 1536064736.347388 -1.07409 0.101547 1.12666
-1 1536064736.360761 -1.07224 0.102789 1.12685
-1 1536064736.371077 -1.07032 0.104068 1.12706
-1 1536064736.381659 -1.06727 0.10604 1.12741
-1 1536064736.394615 -1.06176 0.109271 1.12804
-1 1536064736.404008 -1.05949 0.110515 1.12833
-1 1536064736.418237 -1.05385 0.113751 1.12915
-1 1536064736.426847 -1.04955 0.116394 1.12978
-1 1536064736.441533 -1.04426 0.119471 1.13059
-1 1536064736.450192 -1.04109 0.121211 1.13105
-1 1536064736.463649 -1.03786 0.122889 1.13148
-1 1536064736.468651 -1.03565 0.123989 1.13177
-1 1536064736.479939 -1.03223 0.125624 1.13219
-1 1536064736.499804 -1.02986 0.126714 1.13248
-1 1536064736.505081 -1.02363 0.129847 1.13317
-1 1536064736.510966 -1.02233 0.130461 1.13331
-1 1536064736.518571 -1.01969 0.131667 1.13358
-1 1536064736.525706 -1.017 0.132858 1.13384
-1 1536064736.530398 -1.01566 0.13345 1.13397
-1 1536064736.543397 -1.01168 0.135215 1.13437
-1 1536064736.548443 -1.00906 0.136367 1.13461
-1 1536064736.562831 -1.00645 0.137484 1.13483
-1 1536064736.580820 -0.99869 0.1407 1.13542
-1 1536064736.586062 -0.996107 0.141859 1.13556
-1 1536064736.591259 -0.994794 0.142403 1.1356
-1 1536064736.606646 -0.989466 0.14452 1.13572
-1 1536064736.616823 -0.986755 0.145508 1.13575
-1 1536064736.633843 -0.984031 0.146461 1.13576
-1 1536064736.643163 -0.977296 0.148787 1.13576
-1 1536064736.650896 -0.974641 0.149725 1.13576
-1 1536064736.666116 -0.972012 0.150679 1.13576
-1 1536064736.673726 -0.966674 0.152653 1.13574
-1 1536064736.689649 -0.963982 0.15375 1.13568
-1 1536064736.695028 -0.961265 0.154801 1.13559
-1 1536064736.709894 -0.959881 0.155306 1.13553
-1 1536064736.714876 -0.957078 0.156245 1.1354
-1 1536064736.720825 -0.955678 0.156684 1.13533
-1 1536064736.727136 -0.954276 0.157107 1.13525
-1 1536064736.733932 -0.952873 0.157522 1.13516
-1 1536064736.748064 -0.950068 0.158332 1.13498
-1 1536064736.758638 -0.9459 0.159499 1.13471
-1 1536064736.768638 -0.94316 0.16024 1.13455
-1 1536064736.781054 -0.940436 0.160949 1.13443
-1 1536064736.789346 -0.936299 0.161968 1.13433
-1 1536064736.796026 -0.933468 0.162645 1.1343
-1 1536064736.799636 -0.932045 0.162992 1.1343
-1 1536064736.818325 -0.93071 0.163352 1.13428
-1 1536064736.825515 -0.923814 0.16481 1.1342
-1 1536064736.837682 -0.919585 0.165731 1.13413
-1 1536064736.845995 -0.916743 0.166389 1.13404
-1 1536064736.859074 -0.912481 0.167375 1.13385
-1 1536064736.869021 -0.909653 0.168003 1.13369
-1 1536064736.894810 -0.901416 0.169796 1.13309
-1 1536064736.905230 -0.898771 0.170325 1.13288
-1 1536064736.918439 -0.896402 0.170669 1.13264
-1 1536064736.931495 -0.894065 0.170984 1.13243
-1 1536064736.943468 -0.891715 0.171337 1.13223
-1 1536064736.954023 -0.889372 0.171766 1.13204
-1 1536064736.966170 -0.887069 0.1723 1.13186
-1 1536064736.978261 -0.884758 0.172913 1.13168
-1 1536064736.999597 -0.878958 0.17465 1.13123
-1 1536064737.010361 -0.872971 0.176235 1.13076
-1 1536064737.028009 -0.867234 0.177147 1.13023
-1 1536064737.035436 -0.863813 0.177648 1.12989
-1 1536064737.053722 -0.857996 0.178967 1.12945
-1 1536064737.072016 -0.854518 0.179966 1.12922
-1 1536064737.089552 -0.847738 0.18215 1.12873
-1 1536064737.097065 -0.845619 0.18285 1.12856
-1 1536064737.102918 -0.844589 0.183188 1.12848
-1 1536064737.115566 -0.841847 0.183808 1.12822
-1 1536064737.128253 -0.838376 0.184463 1.12793
-1 1536064737.134877 -0.836625 0.184895 1.12777
-1 1536064737.158077 -0.831583 0.186376 1.12725
-1 1536064737.164355 -0.830023 0.186911 1.1271
-1 1536064737.177608 -0.827883 0.187866 1.127
-1 1536064737.182812 -0.826506 0.188666 1.12703
-1 1536064737.194016 -0.825072 0.189554 1.12714
-1 1536064737.201138 -0.822932 0.190989 1.12741
-1 1536064737.210738 -0.82153 0.191816 1.12765
-1 1536064737.229183 -0.818636 0.193417 1.12815
-1 1536064737.242510 -0.816381 0.19456 1.1285
-1 1536064737.251011 -0.813214 0.196044 1.12887
-1 1536064737.256736 -0.811569 0.196771 1.12903
-1 1536064737.263777 -0.809885 0.197459 1.12917
-1 1536064737.276374 -0.808178 0.198112 1.12929
-1 1536064737.282345 -0.805666 0.199001 1.12941
-1 1536064737.293309 -0.804031 0.199517 1.12946
-1 1536064737.301347 -0.801843 0.200046 1.1296
-1 1536064737.310527 -0.800531 0.200418 1.12969
-1 1536064737.318430 -0.799331 0.200796 1.12976
-1 1536064737.322473 -0.798226 0.201141 1.12983
-1 1536064737.332107 -0.797699 0.201291 1.12986
-1 1536064737.337899 -0.796138 0.201642 1.12992
-1 1536064737.358552 -0.793487 0.202145 1.12996
-1 1536064737.366522 -0.792316 0.202369 1.12994
-1 1536064737.371934 -0.791703 0.202483 1.12993
-1 1536064737.388860 -0.789766 0.202885 1.12982
-1 1536064737.398020 -0.78843 0.203049 1.12975
-1 1536064737.403838 -0.787723 0.203147 1.12971
-1 1536064737.423439 -0.785442 0.203556 1.12957
-1 1536064737.435473 -0.783786 0.203932 1.12946
-1 1536064737.440928 -0.782048 0.204367 1.12934
-1 1536064737.451871 -0.780267 0.204853 1.12919
-1 1536064737.463667 -0.77845 0.205377 1.12904
-1 1536064737.472867 -0.776594 0.205946 1.12889
-1 1536064737.485974 -0.773685 0.206901 1.12865
-1 1536064737.489965 -0.77267 0.207252 1.12856
-1 1536064737.497432 -0.771623 0.207623 1.12847
-1 1536064737.503034 -0.769397 0.208491 1.12824
-1 1536064737.512051 -0.767117 0.209233 1.12802
-1 1536064737.519503 -0.765971 0.209614 1.12791
-1 1536064737.529533 -0.762533 0.21078 1.12761
-1 1536064737.538451 -0.761406 0.21116 1.12753
-1 1536064737.549022 -0.758076 0.212248 1.12731
-1 1536064737.558180 -0.755906 0.212935 1.12719
-1 1536064737.567305 -0.75378 0.213604 1.12709
-1 1536064737.582804 -0.750671 0.214587 1.12698
-1 1536064737.606661 -0.744925 0.216288 1.12683
-1 1536064737.616961 -0.74224 0.216877 1.12679
-1 1536064737.625503 -0.741384 0.216998 1.1268
-1 1536064737.631154 -0.739686 0.217226 1.12681
-1 1536064737.638467 -0.737991 0.217451 1.12681
-1 1536064737.672041 -0.732019 0.218208 1.12687
-1 1536064737.679019 -0.730339 0.218383 1.12689
-1 1536064737.694489 -0.72867 0.218545 1.12691
-1 1536064737.705145 -0.726195 0.218718 1.12695
-1 1536064737.723996 -0.723004 0.218723 1.12697
-1 1536064737.734495 -0.721465 0.218518 1.12697
-1 1536064737.748901 -0.719996 0.218304 1.12697
-1 1536064737.759521 -0.717881 0.217928 1.12698
-1 1536064737.773958 -0.71646 0.21766 1.127
-1 1536064737.786515 -0.713435 0.217192 1.12701
-1 1536064737.799407 -0.710911 0.216943 1.12697
-1 1536064737.814542 -0.707094 0.216735 1.12682
-1 1536064737.844931 -0.699252 0.216004 1.12631
-1 1536064737.853354 -0.697399 0.215771 1.12615
-1 1536064737.869779 -0.693132 0.215063 1.12569
-1 1536064737.884580 -0.691588 0.214721 1.12548
-1 1536064737.894957 -0.688132 0.213904 1.12501
-1 1536064737.906345 -0.68679 0.213685 1.12486
-1 1536064737.913441 -0.684602 0.213563 1.12466
-1 1536064737.924292 -0.682975 0.213475 1.12455
-1 1536064737.934100 -0.681154 0.213387 1.12445
-1 1536064737.950779 -0.677128 0.213238 1.12424
-1 1536064737.959960 -0.675025 0.21312 1.12414
-1 1536064737.970099 -0.672889 0.21295 1.12405
-1 1536064737.982580 -0.670755 0.212732 1.12396
-1 1536064737.990885 -0.668643 0.212486 1.12387
-1 1536064738.016118 -0.662457 0.211664 1.12368
-1 1536064738.023317 -0.660489 0.211469 1.12364
-1 1536064738.041665 -0.656585 0.210955 1.1236
-1 1536064738.050204 -0.653634 0.21063 1.12359
-1 1536064738.063753 -0.651642 0.21043 1.12359
-1 1536064738.073913 -0.648616 0.210169 1.12356
-1 1536064738.086831 -0.645618 0.209886 1.12353
-1 1536064738.105886 -0.64074 0.209215 1.12342
-1 1536064738.114560 -0.637015 0.208565 1.12332
-1 1536064738.134138 -0.632439 0.207627 1.12316
-1 1536064738.140907 -0.630522 0.207221 1.12308
-1 1536064738.152576 -0.627515 0.20658 1.12295
-1 1536064738.167858 -0.624364 0.205953 1.12279
-1 1536064738.173354 -0.621066 0.205349 1.12258
-1 1536064738.184767 -0.618795 0.204944 1.12242
-1 1536064738.200920 -0.615336 0.204293 1.12215
-1 1536064738.208184 -0.6118 0.203635 1.12181
-1 1536064738.222100 -0.607085 0.202677 1.12129
-1 1536064738.228482 -0.604723 0.202179 1.121
-1 1536064738.240548 -0.602338 0.201681 1.12069
-1 1536064738.252154 -0.598677 0.200941 1.12021
-1 1536064738.261369 -0.596182 0.200464 1.11988
-1 1536064738.274889 -0.59365 0.199942 1.11953
-1 1536064738.287059 -0.591084 0.199394 1.11918
-1 1536064738.319338 -0.584589 0.197986 1.11835
-1 1536064738.325714 -0.583292 0.197697 1.1182
-1 1536064738.344625 -0.580735 0.197148 1.11796
-1 1536064738.367509 -0.575748 0.195987 1.11763
-1 1536064738.381464 -0.57325 0.195381 1.11757
-1 1536064738.391870 -0.566867 0.193627 1.11771
-1 1536064738.404836 -0.561749 0.192141 1.11819
-1 1536064738.422743 -0.555567 0.190307 1.11893
-1 1536064738.432479 -0.549011 0.18845 1.11983
-1 1536064738.439755 -0.546276 0.187726 1.12021
-1 1536064738.449925 -0.539324 0.185526 1.12117
-1 1536064738.461167 -0.535144 0.184036 1.12175
-1 1536064738.480644 -0.528217 0.181638 1.1227
-1 1536064738.492168 -0.524085 0.180324 1.12317
-1 1536064738.523734 -0.51618 0.177938 1.12393
-1 1536064738.532596 -0.511219 0.176537 1.12432
-1 1536064738.538262 -0.510039 0.176193 1.12441
-1 1536064738.551327 -0.508857 0.175842 1.12451
-1 1536064738.557772 -0.506495 0.175088 1.12472
-1 1536064738.570632 -0.504172 0.174318 1.12492
-1 1536064738.576806 -0.502977 0.173921 1.12503
-1 1536064738.585838 -0.50177 0.173508 1.12514
-1 1536064738.595520 -0.499389 0.172677 1.12538
-1 1536064738.604600 -0.497017 0.171844 1.12563
-1 1536064738.620223 -0.492237 0.170293 1.12611
-1 1536064738.634587 -0.487679 0.169081 1.12652
-1 1536064738.643379 -0.482494 0.167817 1.127
-1 1536064738.652240 -0.480533 0.167291 1.12715
-1 1536064738.659175 -0.475863 0.165832 1.12743
-1 1536064738.669097 -0.474044 0.165154 1.1275
-1 1536064738.679283 -0.471305 0.164007 1.12755
-1 1536064738.688339 -0.470394 0.163602 1.12757
-1 1536064738.693422 -0.467671 0.162394 1.12758
-1 1536064738.700677 -0.465773 0.161631 1.12753
-1 1536064738.712891 -0.462935 0.160486 1.12745
-1 1536064738.718907 -0.461992 0.160091 1.12742
-1 1536064738.729296 -0.460137 0.159304 1.12734
-1 1536064738.737210 -0.457433 0.158143 1.12724
-1 1536064738.742614 -0.455651 0.157385 1.12716
-1 1536064738.753979 -0.453846 0.156629 1.12708
-1 1536064738.762017 -0.451133 0.155533 1.12697
-1 1536064738.770009 -0.449305 0.154819 1.12691
-1 1536064738.782354 -0.445695 0.153487 1.12694
-1 1536064738.798549 -0.443793 0.152864 1.12695
-1 1536064738.816581 -0.437626 0.15066 1.12696
-1 1536064738.828897 -0.435919 0.149895 1.12693
-1 1536064738.834236 -0.434187 0.149027 1.12689
-1 1536064738.842069 -0.433315 0.148562 1.12686
-1 1536064738.866772 -0.431533 0.147608 1.12681
-1 1536064738.878265 -0.427796 0.145685 1.12666
-1 1536064738.900522 -0.425874 0.144769 1.12659
-1 1536064738.913578 -0.422873 0.143431 1.12648
-1 1536064738.948075 -0.414575 0.140177 1.12613
-1 1536064738.953425 -0.413569 0.139794 1.12608
-1 1536064738.963579 -0.411597 0.13906 1.12598
-1 1536064738.970081 -0.410629 0.138694 1.12593
-1 1536064738.978084 -0.408706 0.137995 1.12583
-1 1536064738.991135 -0.405849 0.136942 1.12568
-1 1536064739.002555 -0.403942 0.136246 1.12557
-1 1536064739.008933 -0.401113 0.13519 1.12541
-1 1536064739.068453 -0.38717 0.129282 1.12441
-1 1536064739.081450 -0.384876 0.128311 1.12425
-1 1536064739.087249 -0.384071 0.128006 1.12423
-1 1536064739.094244 -0.383226 0.127708 1.12424
-1 1536064739.100185 -0.382356 0.127433 1.12428
-1 1536064739.122602 -0.37972 0.1268 1.12459
-1 1536064739.131496 -0.377051 0.126304 1.1251
-1 1536064739.143181 -0.375306 0.126116 1.1255
-1 1536064739.154659 -0.373531 0.125922 1.12591
-1 1536064739.164946 -0.371691 0.125692 1.12631
-1 1536064739.242657 -0.367822 0.125115 1.12701
-1 1536064739.365705 -0.346907 0.123612 1.12839
-1 1536064739.401052 -0.342379 0.12785 1.12868
-1 1536064739.408993 -0.341488 0.127958 1.12869
-1 1536064739.426663 -0.339284 0.128545 1.12856
-1 1536064739.437765 -0.338285 0.128765 1.12845
-1 1536064739.443279 -0.336418 0.128705 1.1282
-1 1536064739.471345 -0.334873 0.128441 1.12801
-1 1536064739.486070 -0.326758 0.126309 1.12696
-1 1536064739.497991 -0.323725 0.125966 1.12652
-1 1536064739.509737 -0.321632 0.125979 1.12618
-1 1536064739.528765 -0.319626 0.126171 1.12581
-1 1536064739.552178 -0.316702 0.126382 1.12526
-1 1536064739.565830 -0.312701 0.126485 1.12462
-1 1536064739.575938 -0.31103 0.126461 1.12435
-1 1536064739.580185 -0.308391 0.126473 1.12391
-1 1536064739.591206 -0.306531 0.126557 1.12361
-1 1536064739.598811 -0.304625 0.126689 1.12331
-1 1536064739.610572 -0.301794 0.126947 1.12287
-1 1536064739.617734 -0.29757 0.127588 1.12217
-1 1536064739.634020 -0.293415 0.128292 1.12157
-1 1536064739.644787 -0.290949 0.128522 1.12124
-1 1536064739.657444 -0.288536 0.128633 1.12088
-1 1536064739.663385 -0.287008 0.128669 1.12063
-1 1536064739.677433 -0.286261 0.12869 1.1205
-1 1536064739.685166 -0.283335 0.128847 1.11999
-1 1536064739.700608 -0.281879 0.128949 1.11974
-1 1536064739.709344 -0.278911 0.129122 1.11921
-1 1536064739.734338 -0.274608 0.129479 1.11861
-1 1536064739.743986 -0.271923 0.129716 1.11828
-1 1536064739.753967 -0.269097 0.129928 1.11796
-1 1536064739.769178 -0.267134 0.130039 1.11774
-1 1536064739.788895 -0.264062 0.130135 1.11738
-1 1536064739.802113 -0.258069 0.129915 1.11671
-1 1536064739.811332 -0.255242 0.129829 1.11647
-1 1536064739.817869 -0.254292 0.129796 1.1164
-1 1536064739.824288 -0.252471 0.12973 1.11628
-1 1536064739.827982 -0.251582 0.129691 1.11621
-1 1536064739.847545 -0.248103 0.129469 1.11593
-1 1536064739.861140 -0.24565 0.129302 1.11568
-1 1536064739.866118 -0.244102 0.129234 1.11551
-1 1536064739.873844 -0.242602 0.129208 1.11533
-1 1536064739.881896 -0.241122 0.129196 1.11517
-1 1536064739.892615 -0.239643 0.129185 1.11502
-1 1536064739.899013 -0.23816 0.129181 1.11487
-1 1536064739.908675 -0.236653 0.129252 1.1147
-1 1536064739.921496 -0.234205 0.129334 1.11445
-1 1536064739.927361 -0.232612 0.129356 1.11429
-1 1536064739.941008 -0.231026 0.129386 1.11413
-1 1536064739.948117 -0.228591 0.129447 1.1139
-1 1536064739.958442 -0.226881 0.129472 1.11374
-1 1536064739.966022 -0.225085 0.129477 1.11358
-1 1536064739.973524 -0.223208 0.129466 1.11342
-1 1536064739.989493 -0.220329 0.129454 1.11319
-1 1536064739.994752 -0.218403 0.129461 1.11303
-1 1536064740.001763 -0.216482 0.129481 1.11288
-1 1536064740.014563 -0.215487 0.12959 1.11277
-1 1536064740.027968 -0.210589 0.129945 1.11236
-1 1536064740.037739 -0.208751 0.130097 1.11219
-1 1536064740.058401 -0.206952 0.130278 1.11201
-1 1536064740.074679 -0.20155 0.130855 1.11145
-1 1536064740.093630 -0.197791 0.131176 1.11118
-1 1536064740.105009 -0.195911 0.131312 1.1111
-1 1536064740.117865 -0.194074 0.131438 1.11105
-1 1536064740.121620 -0.193123 0.131566 1.111
-1 1536064740.130455 -0.192162 0.131674 1.11097
-1 1536064740.140326 -0.191078 0.131803 1.11121
-1 1536064740.153962 -0.188985 0.132102 1.11124
-1 1536064740.167037 -0.183947 0.132572 1.11132
-1 1536064740.175520 -0.182084 0.132709 1.11136
-1 1536064740.183001 -0.179245 0.132905 1.11144
-1 1536064740.198806 -0.174358 0.133217 1.11157
-1 1536064740.206999 -0.169264 0.133382 1.11167
-1 1536064740.219185 -0.165828 0.133407 1.11175
-1 1536064740.227818 -0.162357 0.133599 1.11184
-1 1536064740.238427 -0.159981 0.133816 1.11189
-1 1536064740.264739 -0.153828 0.134616 1.11199
-1 1536064740.287351 -0.144837 0.135938 1.11215
-1 1536064740.313158 -0.130995 0.136845 1.11237
-1 1536064740.322360 -0.1296 0.136932 1.11238
-1 1536064740.331855 -0.125436 0.137221 1.11242
-1 1536064740.360774 -0.121236 0.137563 1.11247
-1 1536064740.370646 -0.109929 0.13845 1.11268
-1 1536064740.382711 -0.105584 0.138665 1.11277
-1 1536064740.391131 -0.1026 0.138819 1.11283
-1 1536064740.401227 -0.0981782 0.13913 1.1129
-1 1536064740.408744 -0.0952427 0.139399 1.11297
-1 1536064740.413367 -0.0922875 0.139696 1.11309
-1 1536064740.426188 -0.0907957 0.13985 1.11316
-1 1536064740.433855 -0.0848182 0.140505 1.11352
-1 1536064740.449244 -0.0802958 0.141031 1.11382
-1 1536064740.453750 -0.0757663 0.14153 1.11411
-1 1536064740.457989 -0.0742583 0.141677 1.1142
-1 1536064740.467496 -0.0712211 0.141926 1.11438
-1 1536064740.474426 -0.0680768 0.142149 1.11453
-1 1536064740.481559 -0.0649166 0.142361 1.11468
-1 1536064740.487895 -0.0618056 0.142583 1.1148
-1 1536064740.495862 -0.0586625 0.142791 1.11491
-1 1536064740.505815 -0.0554708 0.142964 1.11501
-1 1536064740.511441 -0.052283 0.143109 1.11507
-1 1536064740.517244 -0.0490576 0.143176 1.11511
-1 1536064740.521227 -0.0474541 0.143201 1.11512
-1 1536064740.532767 -0.0427195 0.143255 1.11512
-1 1536064740.541226 -0.0395407 0.143218 1.11511
-1 1536064740.553552 -0.0364091 0.143136 1.11508
-1 1536064740.559738 -0.0317028 0.142991 1.11504
-1 1536064740.571826 -0.0270688 0.143047 1.11499
-1 1536064740.579449 -0.0240088 0.143117 1.11496
-1 1536064740.584554 -0.0225046 0.14317 1.11495
-1 1536064740.592368 -0.0195274 0.143303 1.11491
-1 1536064740.605373 -0.0137015 0.143665 1.11485
-1 1536064740.616158 -0.0108386 0.143888 1.11481
-1 1536064740.621370 -0.00802645 0.144151 1.11477
-1 1536064740.626537 -0.00665213 0.144303 1.11474
-1 1536064740.633125 -0.0039168 0.14463 1.11469
-1 1536064740.642005 -0.00120601 0.144995 1.11464
-1 1536064740.653724 0.00143926 0.145388 1.11459
-1 1536064740.660039 0.0053075 0.146242 1.11448
-1 1536064740.672628 0.00773032 0.146878 1.11441
-1 1536064740.678085 0.0112309 0.147815 1.11432
-1 1536064740.685268 0.0123524 0.148122 1.1143
-1 1536064740.696660 0.0157421 0.148928 1.11425
-1 1536064740.703629 0.0179829 0.14941 1.11421
-1 1536064740.714064 0.0190764 0.149656 1.11419
-1 1536064740.724088 0.0222415 0.150401 1.1141
-1 1536064740.732841 0.0253119 0.151161 1.11399
-1 1536064740.739494 0.0262601 0.151469 1.11396
-1 1536064740.747360 0.0279428 0.152281 1.11391
-1 1536064740.754508 0.0293404 0.153555 1.11392
-1 1536064740.766293 0.0307518 0.156157 1.11414
-1 1536064740.778251 0.031171 0.157082 1.11426
-1 1536064740.789342 0.0332589 0.160414 1.11487
-1 1536064740.804802 0.0345475 0.161778 1.1152
-1 1536064740.808679 0.0366033 0.16347 1.11565
-1 1536064740.812216 0.0373264 0.163919 1.11579
-1 1536064740.818934 0.0380592 0.164321 1.11593
-1 1536064740.826638 0.0394994 0.165019 1.11617
-1 1536064740.832352 0.0409641 0.165554 1.11638
-1 1536064740.838662 0.0416917 0.165774 1.11647
-1 1536064740.846586 0.0431055 0.166151 1.11663
-1 1536064740.866748 0.0445436 0.166442 1.11675
-1 1536064740.875329 0.0473882 0.166821 1.11689
-1 1536064740.883334 0.0495074 0.16689 1.11694
-1 1536064740.888947 0.0501948 0.16687 1.11696
-1 1536064740.898822 0.0515454 0.166793 1.117
-1 1536064740.910240 0.0535048 0.166596 1.11707
-1 1536064740.919121 0.0548081 0.166489 1.11713
-1 1536064740.933605 0.056744 0.166413 1.11725
-1 1536064740.944061 0.0586701 0.166477 1.11736
-1 1536064740.958875 0.0606007 0.166676 1.11746
-1 1536064740.973054 0.0624337 0.166866 1.11753
-1 1536064740.979722 0.064071 0.166886 1.11758
-1 1536064740.991066 0.0650976 0.166824 1.11759
-1 1536064740.997469 0.0660915 0.166747 1.11757
-1 1536064741.005284 0.0671111 0.166672 1.11754
-1 1536064741.014154 0.0681183 0.166613 1.11749
-1 1536064741.019363 0.0686157 0.166596 1.11746
-1 1536064741.028229 0.0696343 0.166544 1.11738
-1 1536064741.035995 0.0705915 0.1665 1.11727
-1 1536064741.042575 0.0715122 0.166425 1.11715
-1 1536064741.045772 0.0719629 0.166369 1.11709
-1 1536064741.052157 0.0724596 0.166344 1.11701
-1 1536064741.061663 0.0733571 0.166354 1.11685
-1 1536064741.065433 0.0741681 0.166274 1.11668
-1 1536064741.072670 0.0745236 0.166212 1.1166
-1 1536064741.081943 0.0751967 0.166032 1.11643
-1 1536064741.091584 0.0757493 0.165819 1.11627
-1 1536064741.097047 0.0762103 0.165566 1.11611
-1 1536064741.107399 0.0765924 0.165269 1.11594
-1 1536064741.114440 0.0768754 0.164941 1.11579
-1 1536064741.122773 0.0772606 0.164395 1.11557
-1 1536064741.131801 0.0773874 0.164218 1.1155
-1 1536064741.139299 0.0776096 0.163871 1.11535
-1 1536064741.163988 0.0777813 0.163529 1.11521
-1 1536064741.169575 0.078497 0.162824 1.11475
-1 1536064741.180591 0.0785214 0.162701 1.11468
-1 1536064741.189726 0.0784988 0.162351 1.11448
-1 1536064741.197874 0.0783832 0.162163 1.11435
-1 1536064741.200342 0.0783247 0.16208 1.11429
-1 1536064741.205746 0.0782719 0.162011 1.11424
-1 1536064741.212583 0.0782106 0.161953 1.11418
-1 1536064741.220111 0.0781069 0.161857 1.11406
-1 1536064741.225477 0.0780627 0.161771 1.11393
-1 1536064741.233012 0.0780381 0.161636 1.11381
-1 1536064741.245637 0.0779781 0.161254 1.11366
-1 1536064741.254075 0.0781965 0.160966 1.11356
-1 1536064741.273295 0.0786505 0.16001 1.11327
-1 1536064741.280499 0.0789871 0.159415 1.11307
-1 1536064741.285513 0.0791702 0.159087 1.11297
-1 1536064741.288307 0.0793507 0.158746 1.11287
-1 1536064741.293874 0.0795207 0.158402 1.11278
-1 1536064741.302799 0.0798056 0.157738 1.11261
-1 1536064741.310507 0.0800154 0.157168 1.11246
-1 1536064741.318229 0.080146 0.156674 1.11234
-1 1536064741.327985 0.0802516 0.156061 1.11238
-1 1536064741.333338 0.0803432 0.156006 1.11238
-1 1536064741.340558 0.0802868 0.156054 1.11239
-1 1536064741.347983 0.0799494 0.155993 1.11243
-1 1536064741.360650 0.0798226 0.156153 1.11257
-1 1536064741.370431 0.0794838 0.156067 1.11272
-1 1536064741.385201 0.0788074 0.155471 1.11301
-1 1536064741.393697 0.0779519 0.154478 1.11333
-1 1536064741.402963 0.0772558 0.153737 1.11353
-1 1536064741.409834 0.076483 0.152982 1.11374
-1 1536064741.421325 0.0751807 0.151884 1.11403
-1 1536064741.428266 0.0742182 0.15119 1.11422
-1 1536064741.438815 0.0731879 0.150518 1.1144
-1 1536064741.444504 0.07264 0.150187 1.11448
-1 1536064741.452024 0.0717194 0.149553 1.11464
-1 1536064741.460366 0.0708371 0.14901 1.1148
-1 1536064741.476479 0.0692201 0.148203 1.115
-1 1536064741.482935 0.0674459 0.147339 1.11518
-1 1536064741.498743 0.0656322 0.146384 1.11533
-1 1536064741.503017 0.0644278 0.145654 1.1154
-1 1536064741.512493 0.0632072 0.144822 1.11542
-1 1536064741.521966 0.0619333 0.143878 1.1154
-1 1536064741.528500 0.0605684 0.142822 1.11532
-1 1536064741.540884 0.059075 0.141643 1.11521
-1 1536064741.556890 0.0573671 0.140313 1.11507
-1 1536064741.561607 0.0536828 0.137185 1.11479
-1 1536064741.580145 0.0514442 0.135513 1.1147
-1 1536064741.593450 0.0468419 0.132395 1.11456
-1 1536064741.599850 0.0434733 0.130378 1.11449
-1 1536064741.614665 0.0412825 0.12917 1.11444
-1 1536064741.623608 0.0391196 0.128042 1.11439
-1 1536064741.629509 0.0359012 0.126482 1.11431
-1 1536064741.642377 0.0326613 0.124984 1.11419
-1 1536064741.647336 0.0315682 0.124476 1.11414
-1 1536064741.654259 0.0297895 0.123505 1.11402
-1 1536064741.669619 0.0269257 0.122016 1.1138
-1 1536064741.678595 0.0249187 0.120974 1.11363
-1 1536064741.686253 0.0228528 0.119887 1.11345
-1 1536064741.698870 0.0207373 0.118754 1.11327
-1 1536064741.708010 0.0163605 0.116401 1.11291
-1 1536064741.723234 0.0141062 0.115197 1.11273
-1 1536064741.734169 0.00950368 0.112778 1.11236
-1 1536064741.742733 0.00832758 0.112175 1.11226
-1 1536064741.750767 0.00495266 0.110412 1.11194
-1 1536064741.755423 0.00390837 0.109876 1.11183
-1 1536064741.766323 0.00170829 0.108805 1.1116
-1 1536064741.771456 -0.000649738 0.107757 1.11134
-1 1536064741.778708 -0.00315562 0.106726 1.11106
-1 1536064741.790383 -0.00581869 0.105702 1.11076
-1 1536064741.809699 -0.0131417 0.102994 1.10992
-1 1536064741.821843 -0.0163837 0.101787 1.10955
-1 1536064741.832734 -0.0214692 0.0997801 1.10895
-1 1536064741.839862 -0.0250754 0.0983676 1.10852
-1 1536064741.852742 -0.0304989 0.0961547 1.10785
-1 1536064741.859234 -0.0341511 0.0947162 1.10738
-1 1536064741.872125 -0.0380118 0.0932397 1.10688
-1 1536064741.880743 -0.0440914 0.0909595 1.10605
-1 1536064741.894866 -0.0505001 0.0886478 1.10513
-1 1536064741.900609 -0.0548689 0.0870887 1.10446
-1 1536064741.914535 -0.0617172 0.0847575 1.10335
-1 1536064741.918618 -0.0640393 0.0839629 1.10296
-1 1536064741.936144 -0.0712564 0.0815681 1.10168
-1 1536064741.943841 -0.0762218 0.0799585 1.10077
-1 1536064741.956298 -0.0837043 0.0776282 1.09931
-1 1536064741.968801 -0.0912405 0.0755327 1.09773
-1 1536064741.980597 -0.099339 0.0735134 1.09609
-1 1536064741.985602 -0.105007 0.0722393 1.09494
-1 1536064742.012142 -0.122565 0.0689704 1.09147
-1 1536064742.022346 -0.131604 0.0678463 1.08989
-1 1536064742.032748 -0.13463 0.0675455 1.08941
-1 1536064742.041994 -0.143728 0.0668068 1.08809
-1 1536064742.047383 -0.149927 0.0664059 1.0873
-1 1536064742.055794 -0.155846 0.0662324 1.0866
-1 1536064742.061794 -0.162524 0.0660521 1.08627
-1 1536064742.071169 -0.165461 0.0658667 1.08624
-1 1536064742.079534 -0.172575 0.0653274 1.08605
-1 1536064742.089975 -0.183527 0.0642214 1.08581
-1 1536064742.098444 -0.190984 0.0631803 1.08588
-1 1536064742.108004 -0.202226 0.061162 1.08633
-1 1536064742.120499 -0.209685 0.0596483 1.08695
-1 1536064742.126564 -0.217037 0.0581007 1.08785
-1 1536064742.137774 -0.224264 0.05659 1.089
-1 1536064742.146091 -0.231288 0.0551695 1.09036
-1 1536064742.160681 -0.241054 0.0533589 1.0926
-1 1536064742.169528 -0.253779 0.051643 1.09585
-1 1536064742.182885 -0.260208 0.050929 1.0975
-1 1536064742.193919 -0.269906 0.0498487 1.09995
-1 1536064742.202140 -0.276307 0.0490519 1.10153
-1 1536064742.213465 -0.285557 0.0476779 1.10374
-1 1536064742.221077 -0.291386 0.0466958 1.10511
-1 1536064742.240232 -0.29695 0.0456754 1.10637
-1 1536064742.249689 -0.307419 0.0435161 1.10847
-1 1536064742.252835 -0.312088 0.0424523 1.10921
-1 1536064742.267442 -0.319154 0.0410309 1.11002
-1 1536064742.273417 -0.323918 0.0402254 1.11041
-1 1536064742.281407 -0.326315 0.0398913 1.11057
-1 1536064742.289349 -0.331118 0.0393929 1.11087
-1 1536064742.297964 -0.335932 0.0391468 1.11112
-1 1536064742.311784 -0.340757 0.039141 1.11134
-1 1536064742.316456 -0.347998 0.0395264 1.11163
-1 1536064742.325444 -0.352851 0.0399928 1.11181
-1 1536064742.332725 -0.357748 0.0405576 1.112
-1 1536064742.344919 -0.36022 0.0408603 1.1121
-1 1536064742.354803 -0.369969 0.042239 1.11246
-1 1536064742.357523 -0.372426 0.0426213 1.11255
-1 1536064742.369850 -0.377519 0.043384 1.11271
-1 1536064742.375862 -0.382754 0.044174 1.11286
-1 1536064742.387203 -0.388101 0.0450074 1.11296
